

================================================================
== Vitis HLS Report for 'insert_point2_Pipeline_insert_point_label4'
================================================================
* Date:           Mon Oct 17 15:14:45 2022

* Version:        2022.1 (Build 3526262 on Mon Apr 18 15:47:01 MDT 2022)
* Project:        detector_solid
* Solution:       solution2 (Vitis Kernel Flow Target)
* Product family: zynq
* Target device:  xc7z020-clg484-1


================================================================
== Performance Estimates
================================================================
+ Timing: 
    * Summary: 
    +--------+----------+----------+------------+
    |  Clock |  Target  | Estimated| Uncertainty|
    +--------+----------+----------+------------+
    |ap_clk  |  18.00 ns|  5.558 ns|     4.86 ns|
    +--------+----------+----------+------------+

+ Latency: 
    * Summary: 
    +---------+---------+----------+----------+-----+-----+---------+
    |  Latency (cycles) |  Latency (absolute) |  Interval | Pipeline|
    |   min   |   max   |    min   |    max   | min | max |   Type  |
    +---------+---------+----------+----------+-----+-----+---------+
    |       10|       10|  0.180 us|  0.180 us|   10|   10|       no|
    +---------+---------+----------+----------+-----+-----+---------+

    + Detail: 
        * Instance: 
        N/A

        * Loop: 
        +-----------------------+---------+---------+----------+-----------+-----------+------+----------+
        |                       |  Latency (cycles) | Iteration|  Initiation Interval  | Trip |          |
        |       Loop Name       |   min   |   max   |  Latency |  achieved |   target  | Count| Pipelined|
        +-----------------------+---------+---------+----------+-----------+-----------+------+----------+
        |- insert_point_label4  |        8|        8|         1|          1|          1|     8|       yes|
        +-----------------------+---------+---------+----------+-----------+-----------+------+----------+

============================================================
+ Verbose Summary: Synthesis Manager
============================================================
InlineROM: 1
ExposeGlobal: 0
============================================================
+ Verbose Summary: CDFG Model
============================================================
IsTopModel: 0
ResetActiveHigh: 1
IsCombinational: 0
IsDatapathOnly: 0
HasWiredReturn: 1
HasMFsm: 2
HasVarLatency: 1
IsPipeline: 0
IsRtlPipelined: 0
IsInstanceOverlapped: 0
IsDontTouch: 0
HasImplIP: 0
IsGatedGlobalClock: 0

+ Individual pipeline summary: 
  * Pipeline-0: initiation interval (II) = 1, depth = 1


============================================================
+ Verbose Summary: Schedule
============================================================
* Number of FSM states : 1
* Pipeline : 1
  Pipeline-0 : II = 1, D = 1, States = { 1 }
* Dataflow Pipeline: 0

* FSM state transitions: 
1 --> 

* FSM state operations: 

State 1 <SV = 0> <Delay = 5.55>
ST_1 : Operation 4 [1/1] (0.00ns)   --->   "%i_2 = alloca i32 1"   --->   Operation 4 'alloca' 'i_2' <Predicate = true> <Delay = 0.00>
ST_1 : Operation 5 [1/1] (0.00ns)   --->   "%n_regions_load_cast_read = read i1 @_ssdm_op_Read.ap_auto.i1, i1 %n_regions_load_cast"   --->   Operation 5 'read' 'n_regions_load_cast_read' <Predicate = true> <Delay = 0.00>
ST_1 : Operation 6 [1/1] (0.00ns)   --->   "%p_read821 = read i32 @_ssdm_op_Read.ap_auto.float, i32 %p_read8"   --->   Operation 6 'read' 'p_read821' <Predicate = true> <Delay = 0.00>
ST_1 : Operation 7 [1/1] (0.00ns)   --->   "%p_read720 = read i32 @_ssdm_op_Read.ap_auto.float, i32 %p_read7"   --->   Operation 7 'read' 'p_read720' <Predicate = true> <Delay = 0.00>
ST_1 : Operation 8 [1/1] (0.00ns)   --->   "%p_read619 = read i32 @_ssdm_op_Read.ap_auto.float, i32 %p_read6"   --->   Operation 8 'read' 'p_read619' <Predicate = true> <Delay = 0.00>
ST_1 : Operation 9 [1/1] (0.00ns)   --->   "%p_read518 = read i32 @_ssdm_op_Read.ap_auto.float, i32 %p_read5"   --->   Operation 9 'read' 'p_read518' <Predicate = true> <Delay = 0.00>
ST_1 : Operation 10 [1/1] (0.00ns)   --->   "%p_read417 = read i32 @_ssdm_op_Read.ap_auto.float, i32 %p_read4"   --->   Operation 10 'read' 'p_read417' <Predicate = true> <Delay = 0.00>
ST_1 : Operation 11 [1/1] (0.00ns)   --->   "%p_read316 = read i32 @_ssdm_op_Read.ap_auto.float, i32 %p_read3"   --->   Operation 11 'read' 'p_read316' <Predicate = true> <Delay = 0.00>
ST_1 : Operation 12 [1/1] (0.00ns)   --->   "%p_read215 = read i32 @_ssdm_op_Read.ap_auto.float, i32 %p_read2"   --->   Operation 12 'read' 'p_read215' <Predicate = true> <Delay = 0.00>
ST_1 : Operation 13 [1/1] (0.00ns)   --->   "%p_read114 = read i32 @_ssdm_op_Read.ap_auto.float, i32 %p_read1"   --->   Operation 13 'read' 'p_read114' <Predicate = true> <Delay = 0.00>
ST_1 : Operation 14 [1/1] (0.00ns)   --->   "%tmp_164_read = read i12 @_ssdm_op_Read.ap_auto.i12, i12 %tmp_164"   --->   Operation 14 'read' 'tmp_164_read' <Predicate = true> <Delay = 0.00>
ST_1 : Operation 15 [1/1] (0.00ns)   --->   "%tmp_162_read = read i12 @_ssdm_op_Read.ap_auto.i12, i12 %tmp_162"   --->   Operation 15 'read' 'tmp_162_read' <Predicate = true> <Delay = 0.00>
ST_1 : Operation 16 [1/1] (0.00ns)   --->   "%tmp_160_read = read i12 @_ssdm_op_Read.ap_auto.i12, i12 %tmp_160"   --->   Operation 16 'read' 'tmp_160_read' <Predicate = true> <Delay = 0.00>
ST_1 : Operation 17 [1/1] (0.00ns)   --->   "%tmp_158_read = read i12 @_ssdm_op_Read.ap_auto.i12, i12 %tmp_158"   --->   Operation 17 'read' 'tmp_158_read' <Predicate = true> <Delay = 0.00>
ST_1 : Operation 18 [1/1] (0.00ns)   --->   "%tmp_156_read = read i12 @_ssdm_op_Read.ap_auto.i12, i12 %tmp_156"   --->   Operation 18 'read' 'tmp_156_read' <Predicate = true> <Delay = 0.00>
ST_1 : Operation 19 [1/1] (0.00ns)   --->   "%tmp_154_read = read i12 @_ssdm_op_Read.ap_auto.i12, i12 %tmp_154"   --->   Operation 19 'read' 'tmp_154_read' <Predicate = true> <Delay = 0.00>
ST_1 : Operation 20 [1/1] (1.58ns)   --->   "%store_ln0 = store i4 0, i4 %i_2"   --->   Operation 20 'store' 'store_ln0' <Predicate = true> <Delay = 1.58>
ST_1 : Operation 21 [1/1] (0.00ns)   --->   "%br_ln0 = br void %for.inc"   --->   Operation 21 'br' 'br_ln0' <Predicate = true> <Delay = 0.00>
ST_1 : Operation 22 [1/1] (0.00ns)   --->   "%i = load i4 %i_2" [detector_solid/abs_solid_detector.cpp:242]   --->   Operation 22 'load' 'i' <Predicate = true> <Delay = 0.00>
ST_1 : Operation 23 [1/1] (0.00ns)   --->   "%specpipeline_ln0 = specpipeline void @_ssdm_op_SpecPipeline, i32 4294967295, i32 0, i32 1, i32 0, void @p_str"   --->   Operation 23 'specpipeline' 'specpipeline_ln0' <Predicate = true> <Delay = 0.00>
ST_1 : Operation 24 [1/1] (1.30ns)   --->   "%icmp_ln242 = icmp_eq  i4 %i, i4 8" [detector_solid/abs_solid_detector.cpp:242]   --->   Operation 24 'icmp' 'icmp_ln242' <Predicate = true> <Delay = 1.30> <CoreInst = "Cmp">   --->   Core 9 'Cmp' <Latency = 0> <II = 1> <Delay = 1.30> <FuncUnit> <Opcode : 'icmp'> <InPorts = 2> <OutPorts = 1>
ST_1 : Operation 25 [1/1] (0.00ns)   --->   "%speclooptripcount_ln0 = speclooptripcount void @_ssdm_op_SpecLoopTripCount, i64 8, i64 8, i64 8"   --->   Operation 25 'speclooptripcount' 'speclooptripcount_ln0' <Predicate = true> <Delay = 0.00>
ST_1 : Operation 26 [1/1] (1.73ns)   --->   "%add_ln242 = add i4 %i, i4 1" [detector_solid/abs_solid_detector.cpp:242]   --->   Operation 26 'add' 'add_ln242' <Predicate = true> <Delay = 1.73> <CoreInst = "Adder">   --->   Core 1 'Adder' <Latency = 0> <II = 1> <Delay = 1.73> <FuncUnit> <Opcode : 'add' 'sub'> <InPorts = 2> <OutPorts = 1>
ST_1 : Operation 27 [1/1] (0.00ns)   --->   "%br_ln242 = br i1 %icmp_ln242, void %for.inc.split, void %for.end.exitStub" [detector_solid/abs_solid_detector.cpp:242]   --->   Operation 27 'br' 'br_ln242' <Predicate = true> <Delay = 0.00>
ST_1 : Operation 28 [1/1] (0.00ns)   --->   "%zext_ln243 = zext i4 %i" [detector_solid/abs_solid_detector.cpp:243]   --->   Operation 28 'zext' 'zext_ln243' <Predicate = (!icmp_ln242)> <Delay = 0.00>
ST_1 : Operation 29 [1/1] (1.54ns)   --->   "%add_ln243 = add i12 %tmp_154_read, i12 %zext_ln243" [detector_solid/abs_solid_detector.cpp:243]   --->   Operation 29 'add' 'add_ln243' <Predicate = (!icmp_ln242)> <Delay = 1.54> <CoreInst = "Adder">   --->   Core 1 'Adder' <Latency = 0> <II = 1> <Delay = 1.54> <FuncUnit> <Opcode : 'add' 'sub'> <InPorts = 2> <OutPorts = 1>
ST_1 : Operation 30 [1/1] (0.00ns)   --->   "%zext_ln243_1 = zext i12 %add_ln243" [detector_solid/abs_solid_detector.cpp:243]   --->   Operation 30 'zext' 'zext_ln243_1' <Predicate = (!icmp_ln242)> <Delay = 0.00>
ST_1 : Operation 31 [1/1] (0.00ns)   --->   "%regions_min_0_addr = getelementptr i32 %regions_min_0, i64 0, i64 %zext_ln243_1" [detector_solid/abs_solid_detector.cpp:243]   --->   Operation 31 'getelementptr' 'regions_min_0_addr' <Predicate = (!icmp_ln242)> <Delay = 0.00>
ST_1 : Operation 32 [1/1] (1.54ns)   --->   "%add_ln243_1 = add i12 %tmp_156_read, i12 %zext_ln243" [detector_solid/abs_solid_detector.cpp:243]   --->   Operation 32 'add' 'add_ln243_1' <Predicate = (!icmp_ln242)> <Delay = 1.54> <CoreInst = "Adder">   --->   Core 1 'Adder' <Latency = 0> <II = 1> <Delay = 1.54> <FuncUnit> <Opcode : 'add' 'sub'> <InPorts = 2> <OutPorts = 1>
ST_1 : Operation 33 [1/1] (0.00ns)   --->   "%zext_ln243_2 = zext i12 %add_ln243_1" [detector_solid/abs_solid_detector.cpp:243]   --->   Operation 33 'zext' 'zext_ln243_2' <Predicate = (!icmp_ln242)> <Delay = 0.00>
ST_1 : Operation 34 [1/1] (0.00ns)   --->   "%regions_min_1_addr = getelementptr i32 %regions_min_1, i64 0, i64 %zext_ln243_2" [detector_solid/abs_solid_detector.cpp:243]   --->   Operation 34 'getelementptr' 'regions_min_1_addr' <Predicate = (!icmp_ln242)> <Delay = 0.00>
ST_1 : Operation 35 [1/1] (1.54ns)   --->   "%add_ln243_2 = add i12 %tmp_158_read, i12 %zext_ln243" [detector_solid/abs_solid_detector.cpp:243]   --->   Operation 35 'add' 'add_ln243_2' <Predicate = (!icmp_ln242)> <Delay = 1.54> <CoreInst = "Adder">   --->   Core 1 'Adder' <Latency = 0> <II = 1> <Delay = 1.54> <FuncUnit> <Opcode : 'add' 'sub'> <InPorts = 2> <OutPorts = 1>
ST_1 : Operation 36 [1/1] (0.00ns)   --->   "%zext_ln243_3 = zext i12 %add_ln243_2" [detector_solid/abs_solid_detector.cpp:243]   --->   Operation 36 'zext' 'zext_ln243_3' <Predicate = (!icmp_ln242)> <Delay = 0.00>
ST_1 : Operation 37 [1/1] (0.00ns)   --->   "%regions_max_0_addr = getelementptr i32 %regions_max_0, i64 0, i64 %zext_ln243_3" [detector_solid/abs_solid_detector.cpp:243]   --->   Operation 37 'getelementptr' 'regions_max_0_addr' <Predicate = (!icmp_ln242)> <Delay = 0.00>
ST_1 : Operation 38 [1/1] (1.54ns)   --->   "%add_ln243_3 = add i12 %tmp_160_read, i12 %zext_ln243" [detector_solid/abs_solid_detector.cpp:243]   --->   Operation 38 'add' 'add_ln243_3' <Predicate = (!icmp_ln242)> <Delay = 1.54> <CoreInst = "Adder">   --->   Core 1 'Adder' <Latency = 0> <II = 1> <Delay = 1.54> <FuncUnit> <Opcode : 'add' 'sub'> <InPorts = 2> <OutPorts = 1>
ST_1 : Operation 39 [1/1] (0.00ns)   --->   "%zext_ln243_4 = zext i12 %add_ln243_3" [detector_solid/abs_solid_detector.cpp:243]   --->   Operation 39 'zext' 'zext_ln243_4' <Predicate = (!icmp_ln242)> <Delay = 0.00>
ST_1 : Operation 40 [1/1] (0.00ns)   --->   "%regions_max_1_addr = getelementptr i32 %regions_max_1, i64 0, i64 %zext_ln243_4" [detector_solid/abs_solid_detector.cpp:243]   --->   Operation 40 'getelementptr' 'regions_max_1_addr' <Predicate = (!icmp_ln242)> <Delay = 0.00>
ST_1 : Operation 41 [1/1] (1.54ns)   --->   "%add_ln243_4 = add i12 %tmp_162_read, i12 %zext_ln243" [detector_solid/abs_solid_detector.cpp:243]   --->   Operation 41 'add' 'add_ln243_4' <Predicate = (!icmp_ln242)> <Delay = 1.54> <CoreInst = "Adder">   --->   Core 1 'Adder' <Latency = 0> <II = 1> <Delay = 1.54> <FuncUnit> <Opcode : 'add' 'sub'> <InPorts = 2> <OutPorts = 1>
ST_1 : Operation 42 [1/1] (0.00ns)   --->   "%zext_ln243_5 = zext i12 %add_ln243_4" [detector_solid/abs_solid_detector.cpp:243]   --->   Operation 42 'zext' 'zext_ln243_5' <Predicate = (!icmp_ln242)> <Delay = 0.00>
ST_1 : Operation 43 [1/1] (0.00ns)   --->   "%regions_center_0_addr = getelementptr i32 %regions_center_0, i64 0, i64 %zext_ln243_5" [detector_solid/abs_solid_detector.cpp:243]   --->   Operation 43 'getelementptr' 'regions_center_0_addr' <Predicate = (!icmp_ln242)> <Delay = 0.00>
ST_1 : Operation 44 [1/1] (1.54ns)   --->   "%add_ln243_5 = add i12 %tmp_164_read, i12 %zext_ln243" [detector_solid/abs_solid_detector.cpp:243]   --->   Operation 44 'add' 'add_ln243_5' <Predicate = (!icmp_ln242)> <Delay = 1.54> <CoreInst = "Adder">   --->   Core 1 'Adder' <Latency = 0> <II = 1> <Delay = 1.54> <FuncUnit> <Opcode : 'add' 'sub'> <InPorts = 2> <OutPorts = 1>
ST_1 : Operation 45 [1/1] (0.00ns)   --->   "%zext_ln243_6 = zext i12 %add_ln243_5" [detector_solid/abs_solid_detector.cpp:243]   --->   Operation 45 'zext' 'zext_ln243_6' <Predicate = (!icmp_ln242)> <Delay = 0.00>
ST_1 : Operation 46 [1/1] (0.00ns)   --->   "%regions_center_1_addr = getelementptr i32 %regions_center_1, i64 0, i64 %zext_ln243_6" [detector_solid/abs_solid_detector.cpp:243]   --->   Operation 46 'getelementptr' 'regions_center_1_addr' <Predicate = (!icmp_ln242)> <Delay = 0.00>
ST_1 : Operation 47 [1/1] (0.00ns)   --->   "%specloopname_ln242 = specloopname void @_ssdm_op_SpecLoopName, void @empty_4" [detector_solid/abs_solid_detector.cpp:242]   --->   Operation 47 'specloopname' 'specloopname_ln242' <Predicate = (!icmp_ln242)> <Delay = 0.00>
ST_1 : Operation 48 [1/1] (2.30ns)   --->   "%tmp = mux i32 @_ssdm_op_Mux.ap_auto.8float.i4, i32 %p_read114, i32 %p_read215, i32 %p_read316, i32 %p_read417, i32 %p_read518, i32 %p_read619, i32 %p_read720, i32 %p_read821, i4 %i" [detector_solid/abs_solid_detector.cpp:243]   --->   Operation 48 'mux' 'tmp' <Predicate = (!icmp_ln242)> <Delay = 2.30> <CoreInst = "Multiplexer">   --->   Core 76 'Multiplexer' <Latency = 0> <II = 1> <Delay = 2.30> <FuncUnit> <Opcode : 'mux'> <InPorts = 2> <OutPorts = 1>
ST_1 : Operation 49 [1/1] (0.00ns)   --->   "%br_ln243 = br i1 %n_regions_load_cast_read, void %arrayidx12525.case.0, void %arrayidx12525.case.1" [detector_solid/abs_solid_detector.cpp:243]   --->   Operation 49 'br' 'br_ln243' <Predicate = (!icmp_ln242)> <Delay = 0.00>
ST_1 : Operation 50 [1/1] (3.25ns)   --->   "%store_ln243 = store i32 %tmp, i12 %regions_center_0_addr" [detector_solid/abs_solid_detector.cpp:243]   --->   Operation 50 'store' 'store_ln243' <Predicate = (!icmp_ln242 & !n_regions_load_cast_read)> <Delay = 3.25> <CoreInst = "RAM">   --->   Core 82 'RAM' <Latency = 1> <II = 1> <Delay = 3.25> <Storage> <Opcode : 'load' 'store'> <Ports = 2> <Width = 32> <Depth = 4096> <RAM>
ST_1 : Operation 51 [1/1] (3.25ns)   --->   "%store_ln243 = store i32 %tmp, i12 %regions_max_0_addr" [detector_solid/abs_solid_detector.cpp:243]   --->   Operation 51 'store' 'store_ln243' <Predicate = (!icmp_ln242 & !n_regions_load_cast_read)> <Delay = 3.25> <CoreInst = "RAM">   --->   Core 82 'RAM' <Latency = 1> <II = 1> <Delay = 3.25> <Storage> <Opcode : 'load' 'store'> <Ports = 2> <Width = 32> <Depth = 4096> <RAM>
ST_1 : Operation 52 [1/1] (3.25ns)   --->   "%store_ln243 = store i32 %tmp, i12 %regions_min_0_addr" [detector_solid/abs_solid_detector.cpp:243]   --->   Operation 52 'store' 'store_ln243' <Predicate = (!icmp_ln242 & !n_regions_load_cast_read)> <Delay = 3.25> <CoreInst = "RAM">   --->   Core 82 'RAM' <Latency = 1> <II = 1> <Delay = 3.25> <Storage> <Opcode : 'load' 'store'> <Ports = 2> <Width = 32> <Depth = 4096> <RAM>
ST_1 : Operation 53 [1/1] (0.00ns)   --->   "%br_ln243 = br void %arrayidx12525.exit" [detector_solid/abs_solid_detector.cpp:243]   --->   Operation 53 'br' 'br_ln243' <Predicate = (!icmp_ln242 & !n_regions_load_cast_read)> <Delay = 0.00>
ST_1 : Operation 54 [1/1] (3.25ns)   --->   "%store_ln243 = store i32 %tmp, i12 %regions_center_1_addr" [detector_solid/abs_solid_detector.cpp:243]   --->   Operation 54 'store' 'store_ln243' <Predicate = (!icmp_ln242 & n_regions_load_cast_read)> <Delay = 3.25> <CoreInst = "RAM">   --->   Core 82 'RAM' <Latency = 1> <II = 1> <Delay = 3.25> <Storage> <Opcode : 'load' 'store'> <Ports = 2> <Width = 32> <Depth = 4096> <RAM>
ST_1 : Operation 55 [1/1] (3.25ns)   --->   "%store_ln243 = store i32 %tmp, i12 %regions_max_1_addr" [detector_solid/abs_solid_detector.cpp:243]   --->   Operation 55 'store' 'store_ln243' <Predicate = (!icmp_ln242 & n_regions_load_cast_read)> <Delay = 3.25> <CoreInst = "RAM">   --->   Core 82 'RAM' <Latency = 1> <II = 1> <Delay = 3.25> <Storage> <Opcode : 'load' 'store'> <Ports = 2> <Width = 32> <Depth = 4096> <RAM>
ST_1 : Operation 56 [1/1] (3.25ns)   --->   "%store_ln243 = store i32 %tmp, i12 %regions_min_1_addr" [detector_solid/abs_solid_detector.cpp:243]   --->   Operation 56 'store' 'store_ln243' <Predicate = (!icmp_ln242 & n_regions_load_cast_read)> <Delay = 3.25> <CoreInst = "RAM">   --->   Core 82 'RAM' <Latency = 1> <II = 1> <Delay = 3.25> <Storage> <Opcode : 'load' 'store'> <Ports = 2> <Width = 32> <Depth = 4096> <RAM>
ST_1 : Operation 57 [1/1] (0.00ns)   --->   "%br_ln243 = br void %arrayidx12525.exit" [detector_solid/abs_solid_detector.cpp:243]   --->   Operation 57 'br' 'br_ln243' <Predicate = (!icmp_ln242 & n_regions_load_cast_read)> <Delay = 0.00>
ST_1 : Operation 58 [1/1] (1.58ns)   --->   "%store_ln242 = store i4 %add_ln242, i4 %i_2" [detector_solid/abs_solid_detector.cpp:242]   --->   Operation 58 'store' 'store_ln242' <Predicate = (!icmp_ln242)> <Delay = 1.58>
ST_1 : Operation 59 [1/1] (0.00ns)   --->   "%br_ln242 = br void %for.inc" [detector_solid/abs_solid_detector.cpp:242]   --->   Operation 59 'br' 'br_ln242' <Predicate = (!icmp_ln242)> <Delay = 0.00>
ST_1 : Operation 60 [1/1] (0.00ns)   --->   "%ret_ln0 = ret"   --->   Operation 60 'ret' 'ret_ln0' <Predicate = (icmp_ln242)> <Delay = 0.00>


============================================================
+ Verbose Summary: Timing violations
============================================================
Target clock period: 18ns, clock uncertainty: 4.86ns.

 <State 1>: 5.56ns
The critical path consists of the following:
	'alloca' operation ('i') [22]  (0 ns)
	'load' operation ('i', detector_solid/abs_solid_detector.cpp:242) on local variable 'i' [41]  (0 ns)
	'mux' operation ('tmp', detector_solid/abs_solid_detector.cpp:243) [68]  (2.3 ns)
	'store' operation ('store_ln243', detector_solid/abs_solid_detector.cpp:243) of variable 'tmp', detector_solid/abs_solid_detector.cpp:243 on array 'regions_center_0' [71]  (3.25 ns)


============================================================
+ Verbose Summary: Binding
============================================================
N/A
* FSMD analyzer results:
  - Output states:
 - Input state : 
  - Chain level:
	State 1


============================================================
+ Verbose Summary: Datapath Resource usage 
============================================================
N/A
