

================================================================
== Vitis HLS Report for 'insert_point2_Pipeline_insert_point_label6'
================================================================
* Date:           Mon Oct 17 15:14:47 2022

* Version:        2022.1 (Build 3526262 on Mon Apr 18 15:47:01 MDT 2022)
* Project:        detector_solid
* Solution:       solution2 (Vitis Kernel Flow Target)
* Product family: zynq
* Target device:  xc7z020-clg484-1


================================================================
== Performance Estimates
================================================================
+ Timing: 
    * Summary: 
    +--------+----------+-----------+------------+
    |  Clock |  Target  | Estimated | Uncertainty|
    +--------+----------+-----------+------------+
    |ap_clk  |  18.00 ns|  12.383 ns|     4.86 ns|
    +--------+----------+-----------+------------+

+ Latency: 
    * Summary: 
    +---------+---------+----------+----------+-----+-----+---------+
    |  Latency (cycles) |  Latency (absolute) |  Interval | Pipeline|
    |   min   |   max   |    min   |    max   | min | max |   Type  |
    +---------+---------+----------+----------+-----+-----+---------+
    |       26|       26|  0.468 us|  0.468 us|   26|   26|       no|
    +---------+---------+----------+----------+-----+-----+---------+

    + Detail: 
        * Instance: 
        N/A

        * Loop: 
        +-----------------------+---------+---------+----------+-----------+-----------+------+----------+
        |                       |  Latency (cycles) | Iteration|  Initiation Interval  | Trip |          |
        |       Loop Name       |   min   |   max   |  Latency |  achieved |   target  | Count| Pipelined|
        +-----------------------+---------+---------+----------+-----------+-----------+------+----------+
        |- insert_point_label6  |       24|       24|        11|          2|          1|     8|       yes|
        +-----------------------+---------+---------+----------+-----------+-----------+------+----------+

============================================================
+ Verbose Summary: Synthesis Manager
============================================================
InlineROM: 1
ExposeGlobal: 0
============================================================
+ Verbose Summary: CDFG Model
============================================================
IsTopModel: 0
ResetActiveHigh: 1
IsCombinational: 0
IsDatapathOnly: 0
HasWiredReturn: 1
HasMFsm: 2
HasVarLatency: 1
IsPipeline: 0
IsRtlPipelined: 0
IsInstanceOverlapped: 0
IsDontTouch: 0
HasImplIP: 0
IsGatedGlobalClock: 0

+ Individual pipeline summary: 
  * Pipeline-0: initiation interval (II) = 2, depth = 11


============================================================
+ Verbose Summary: Schedule
============================================================
* Number of FSM states : 11
* Pipeline : 1
  Pipeline-0 : II = 2, D = 11, States = { 1 2 3 4 5 6 7 8 9 10 11 }
* Dataflow Pipeline: 0

* FSM state transitions: 
1 --> 2 
2 --> 3 
3 --> 4 
4 --> 5 
5 --> 6 
6 --> 7 
7 --> 8 
8 --> 9 
9 --> 10 
10 --> 11 
11 --> 

* FSM state operations: 

State 1 <SV = 0> <Delay = 4.80>
ST_1 : Operation 14 [1/1] (0.00ns)   --->   "%i = alloca i32 1"   --->   Operation 14 'alloca' 'i' <Predicate = true> <Delay = 0.00>
ST_1 : Operation 15 [1/1] (0.00ns)   --->   "%tmp_213_read = read i12 @_ssdm_op_Read.ap_auto.i12, i12 %tmp_213"   --->   Operation 15 'read' 'tmp_213_read' <Predicate = true> <Delay = 0.00>
ST_1 : Operation 16 [1/1] (0.00ns)   --->   "%tmp_211_read = read i12 @_ssdm_op_Read.ap_auto.i12, i12 %tmp_211"   --->   Operation 16 'read' 'tmp_211_read' <Predicate = true> <Delay = 0.00>
ST_1 : Operation 17 [1/1] (0.00ns)   --->   "%tmp_209_read = read i12 @_ssdm_op_Read.ap_auto.i12, i12 %tmp_209"   --->   Operation 17 'read' 'tmp_209_read' <Predicate = true> <Delay = 0.00>
ST_1 : Operation 18 [1/1] (0.00ns)   --->   "%tmp_196_read = read i12 @_ssdm_op_Read.ap_auto.i12, i12 %tmp_196"   --->   Operation 18 'read' 'tmp_196_read' <Predicate = true> <Delay = 0.00>
ST_1 : Operation 19 [1/1] (0.00ns)   --->   "%tmp_207_read = read i12 @_ssdm_op_Read.ap_auto.i12, i12 %tmp_207"   --->   Operation 19 'read' 'tmp_207_read' <Predicate = true> <Delay = 0.00>
ST_1 : Operation 20 [1/1] (0.00ns)   --->   "%tmp_194_read = read i12 @_ssdm_op_Read.ap_auto.i12, i12 %tmp_194"   --->   Operation 20 'read' 'tmp_194_read' <Predicate = true> <Delay = 0.00>
ST_1 : Operation 21 [1/1] (0.00ns)   --->   "%tmp_205_read = read i12 @_ssdm_op_Read.ap_auto.i12, i12 %tmp_205"   --->   Operation 21 'read' 'tmp_205_read' <Predicate = true> <Delay = 0.00>
ST_1 : Operation 22 [1/1] (0.00ns)   --->   "%tmp_192_read = read i12 @_ssdm_op_Read.ap_auto.i12, i12 %tmp_192"   --->   Operation 22 'read' 'tmp_192_read' <Predicate = true> <Delay = 0.00>
ST_1 : Operation 23 [1/1] (0.00ns)   --->   "%tmp_203_read = read i12 @_ssdm_op_Read.ap_auto.i12, i12 %tmp_203"   --->   Operation 23 'read' 'tmp_203_read' <Predicate = true> <Delay = 0.00>
ST_1 : Operation 24 [1/1] (0.00ns)   --->   "%tmp_190_read = read i12 @_ssdm_op_Read.ap_auto.i12, i12 %tmp_190"   --->   Operation 24 'read' 'tmp_190_read' <Predicate = true> <Delay = 0.00>
ST_1 : Operation 25 [1/1] (0.00ns)   --->   "%trunc_ln251_7_read = read i1 @_ssdm_op_Read.ap_auto.i1, i1 %trunc_ln251_7"   --->   Operation 25 'read' 'trunc_ln251_7_read' <Predicate = true> <Delay = 0.00>
ST_1 : Operation 26 [1/1] (0.00ns)   --->   "%trunc_ln251_5_read = read i1 @_ssdm_op_Read.ap_auto.i1, i1 %trunc_ln251_5"   --->   Operation 26 'read' 'trunc_ln251_5_read' <Predicate = true> <Delay = 0.00>
ST_1 : Operation 27 [1/1] (1.58ns)   --->   "%store_ln0 = store i4 0, i4 %i"   --->   Operation 27 'store' 'store_ln0' <Predicate = true> <Delay = 1.58>
ST_1 : Operation 28 [1/1] (0.00ns)   --->   "%br_ln0 = br void %for.body127"   --->   Operation 28 'br' 'br_ln0' <Predicate = true> <Delay = 0.00>
ST_1 : Operation 29 [1/1] (0.00ns)   --->   "%i_3 = load i4 %i" [detector_solid/abs_solid_detector.cpp:348]   --->   Operation 29 'load' 'i_3' <Predicate = true> <Delay = 0.00>
ST_1 : Operation 30 [1/1] (0.00ns)   --->   "%specpipeline_ln0 = specpipeline void @_ssdm_op_SpecPipeline, i32 4294967295, i32 0, i32 1, i32 0, void @p_str"   --->   Operation 30 'specpipeline' 'specpipeline_ln0' <Predicate = true> <Delay = 0.00>
ST_1 : Operation 31 [1/1] (1.30ns)   --->   "%icmp_ln348 = icmp_eq  i4 %i_3, i4 8" [detector_solid/abs_solid_detector.cpp:348]   --->   Operation 31 'icmp' 'icmp_ln348' <Predicate = true> <Delay = 1.30> <CoreInst = "Cmp">   --->   Core 9 'Cmp' <Latency = 0> <II = 1> <Delay = 1.30> <FuncUnit> <Opcode : 'icmp'> <InPorts = 2> <OutPorts = 1>
ST_1 : Operation 32 [1/1] (0.00ns)   --->   "%speclooptripcount_ln0 = speclooptripcount void @_ssdm_op_SpecLoopTripCount, i64 8, i64 8, i64 8"   --->   Operation 32 'speclooptripcount' 'speclooptripcount_ln0' <Predicate = true> <Delay = 0.00>
ST_1 : Operation 33 [1/1] (1.73ns)   --->   "%add_ln348 = add i4 %i_3, i4 1" [detector_solid/abs_solid_detector.cpp:348]   --->   Operation 33 'add' 'add_ln348' <Predicate = true> <Delay = 1.73> <CoreInst = "Adder">   --->   Core 1 'Adder' <Latency = 0> <II = 1> <Delay = 1.73> <FuncUnit> <Opcode : 'add' 'sub'> <InPorts = 2> <OutPorts = 1>
ST_1 : Operation 34 [1/1] (0.00ns)   --->   "%br_ln348 = br i1 %icmp_ln348, void %for.body127.split, void %for.end193.exitStub" [detector_solid/abs_solid_detector.cpp:348]   --->   Operation 34 'br' 'br_ln348' <Predicate = true> <Delay = 0.00>
ST_1 : Operation 35 [1/1] (0.00ns)   --->   "%zext_ln349 = zext i4 %i_3" [detector_solid/abs_solid_detector.cpp:349]   --->   Operation 35 'zext' 'zext_ln349' <Predicate = (!icmp_ln348)> <Delay = 0.00>
ST_1 : Operation 36 [1/1] (1.54ns)   --->   "%add_ln349 = add i12 %tmp_190_read, i12 %zext_ln349" [detector_solid/abs_solid_detector.cpp:349]   --->   Operation 36 'add' 'add_ln349' <Predicate = (!icmp_ln348)> <Delay = 1.54> <CoreInst = "Adder">   --->   Core 1 'Adder' <Latency = 0> <II = 1> <Delay = 1.54> <FuncUnit> <Opcode : 'add' 'sub'> <InPorts = 2> <OutPorts = 1>
ST_1 : Operation 37 [1/1] (0.00ns)   --->   "%zext_ln349_1 = zext i12 %add_ln349" [detector_solid/abs_solid_detector.cpp:349]   --->   Operation 37 'zext' 'zext_ln349_1' <Predicate = (!icmp_ln348)> <Delay = 0.00>
ST_1 : Operation 38 [1/1] (0.00ns)   --->   "%regions_min_0_addr = getelementptr i32 %regions_min_0, i64 0, i64 %zext_ln349_1" [detector_solid/abs_solid_detector.cpp:349]   --->   Operation 38 'getelementptr' 'regions_min_0_addr' <Predicate = (!icmp_ln348)> <Delay = 0.00>
ST_1 : Operation 39 [1/1] (1.54ns)   --->   "%add_ln349_1 = add i12 %tmp_203_read, i12 %zext_ln349" [detector_solid/abs_solid_detector.cpp:349]   --->   Operation 39 'add' 'add_ln349_1' <Predicate = (!icmp_ln348)> <Delay = 1.54> <CoreInst = "Adder">   --->   Core 1 'Adder' <Latency = 0> <II = 1> <Delay = 1.54> <FuncUnit> <Opcode : 'add' 'sub'> <InPorts = 2> <OutPorts = 1>
ST_1 : Operation 40 [1/1] (0.00ns)   --->   "%zext_ln349_2 = zext i12 %add_ln349_1" [detector_solid/abs_solid_detector.cpp:349]   --->   Operation 40 'zext' 'zext_ln349_2' <Predicate = (!icmp_ln348)> <Delay = 0.00>
ST_1 : Operation 41 [1/1] (0.00ns)   --->   "%regions_min_0_addr_1 = getelementptr i32 %regions_min_0, i64 0, i64 %zext_ln349_2" [detector_solid/abs_solid_detector.cpp:349]   --->   Operation 41 'getelementptr' 'regions_min_0_addr_1' <Predicate = (!icmp_ln348)> <Delay = 0.00>
ST_1 : Operation 42 [1/1] (1.54ns)   --->   "%add_ln349_2 = add i12 %tmp_192_read, i12 %zext_ln349" [detector_solid/abs_solid_detector.cpp:349]   --->   Operation 42 'add' 'add_ln349_2' <Predicate = (!icmp_ln348)> <Delay = 1.54> <CoreInst = "Adder">   --->   Core 1 'Adder' <Latency = 0> <II = 1> <Delay = 1.54> <FuncUnit> <Opcode : 'add' 'sub'> <InPorts = 2> <OutPorts = 1>
ST_1 : Operation 43 [1/1] (0.00ns)   --->   "%zext_ln349_3 = zext i12 %add_ln349_2" [detector_solid/abs_solid_detector.cpp:349]   --->   Operation 43 'zext' 'zext_ln349_3' <Predicate = (!icmp_ln348)> <Delay = 0.00>
ST_1 : Operation 44 [1/1] (0.00ns)   --->   "%regions_min_1_addr = getelementptr i32 %regions_min_1, i64 0, i64 %zext_ln349_3" [detector_solid/abs_solid_detector.cpp:349]   --->   Operation 44 'getelementptr' 'regions_min_1_addr' <Predicate = (!icmp_ln348)> <Delay = 0.00>
ST_1 : Operation 45 [1/1] (1.54ns)   --->   "%add_ln349_3 = add i12 %tmp_205_read, i12 %zext_ln349" [detector_solid/abs_solid_detector.cpp:349]   --->   Operation 45 'add' 'add_ln349_3' <Predicate = (!icmp_ln348)> <Delay = 1.54> <CoreInst = "Adder">   --->   Core 1 'Adder' <Latency = 0> <II = 1> <Delay = 1.54> <FuncUnit> <Opcode : 'add' 'sub'> <InPorts = 2> <OutPorts = 1>
ST_1 : Operation 46 [1/1] (0.00ns)   --->   "%zext_ln349_4 = zext i12 %add_ln349_3" [detector_solid/abs_solid_detector.cpp:349]   --->   Operation 46 'zext' 'zext_ln349_4' <Predicate = (!icmp_ln348)> <Delay = 0.00>
ST_1 : Operation 47 [1/1] (0.00ns)   --->   "%regions_min_1_addr_1 = getelementptr i32 %regions_min_1, i64 0, i64 %zext_ln349_4" [detector_solid/abs_solid_detector.cpp:349]   --->   Operation 47 'getelementptr' 'regions_min_1_addr_1' <Predicate = (!icmp_ln348)> <Delay = 0.00>
ST_1 : Operation 48 [1/1] (1.54ns)   --->   "%add_ln352 = add i12 %tmp_194_read, i12 %zext_ln349" [detector_solid/abs_solid_detector.cpp:352]   --->   Operation 48 'add' 'add_ln352' <Predicate = (!icmp_ln348)> <Delay = 1.54> <CoreInst = "Adder">   --->   Core 1 'Adder' <Latency = 0> <II = 1> <Delay = 1.54> <FuncUnit> <Opcode : 'add' 'sub'> <InPorts = 2> <OutPorts = 1>
ST_1 : Operation 49 [1/1] (0.00ns)   --->   "%zext_ln352 = zext i12 %add_ln352" [detector_solid/abs_solid_detector.cpp:352]   --->   Operation 49 'zext' 'zext_ln352' <Predicate = (!icmp_ln348)> <Delay = 0.00>
ST_1 : Operation 50 [1/1] (0.00ns)   --->   "%regions_max_0_addr = getelementptr i32 %regions_max_0, i64 0, i64 %zext_ln352" [detector_solid/abs_solid_detector.cpp:352]   --->   Operation 50 'getelementptr' 'regions_max_0_addr' <Predicate = (!icmp_ln348)> <Delay = 0.00>
ST_1 : Operation 51 [1/1] (1.54ns)   --->   "%add_ln352_1 = add i12 %tmp_207_read, i12 %zext_ln349" [detector_solid/abs_solid_detector.cpp:352]   --->   Operation 51 'add' 'add_ln352_1' <Predicate = (!icmp_ln348)> <Delay = 1.54> <CoreInst = "Adder">   --->   Core 1 'Adder' <Latency = 0> <II = 1> <Delay = 1.54> <FuncUnit> <Opcode : 'add' 'sub'> <InPorts = 2> <OutPorts = 1>
ST_1 : Operation 52 [1/1] (0.00ns)   --->   "%zext_ln352_1 = zext i12 %add_ln352_1" [detector_solid/abs_solid_detector.cpp:352]   --->   Operation 52 'zext' 'zext_ln352_1' <Predicate = (!icmp_ln348)> <Delay = 0.00>
ST_1 : Operation 53 [1/1] (0.00ns)   --->   "%regions_max_0_addr_1 = getelementptr i32 %regions_max_0, i64 0, i64 %zext_ln352_1" [detector_solid/abs_solid_detector.cpp:352]   --->   Operation 53 'getelementptr' 'regions_max_0_addr_1' <Predicate = (!icmp_ln348)> <Delay = 0.00>
ST_1 : Operation 54 [1/1] (1.54ns)   --->   "%add_ln352_2 = add i12 %tmp_196_read, i12 %zext_ln349" [detector_solid/abs_solid_detector.cpp:352]   --->   Operation 54 'add' 'add_ln352_2' <Predicate = (!icmp_ln348)> <Delay = 1.54> <CoreInst = "Adder">   --->   Core 1 'Adder' <Latency = 0> <II = 1> <Delay = 1.54> <FuncUnit> <Opcode : 'add' 'sub'> <InPorts = 2> <OutPorts = 1>
ST_1 : Operation 55 [1/1] (0.00ns)   --->   "%zext_ln352_2 = zext i12 %add_ln352_2" [detector_solid/abs_solid_detector.cpp:352]   --->   Operation 55 'zext' 'zext_ln352_2' <Predicate = (!icmp_ln348)> <Delay = 0.00>
ST_1 : Operation 56 [1/1] (0.00ns)   --->   "%regions_max_1_addr = getelementptr i32 %regions_max_1, i64 0, i64 %zext_ln352_2" [detector_solid/abs_solid_detector.cpp:352]   --->   Operation 56 'getelementptr' 'regions_max_1_addr' <Predicate = (!icmp_ln348)> <Delay = 0.00>
ST_1 : Operation 57 [1/1] (1.54ns)   --->   "%add_ln352_3 = add i12 %tmp_209_read, i12 %zext_ln349" [detector_solid/abs_solid_detector.cpp:352]   --->   Operation 57 'add' 'add_ln352_3' <Predicate = (!icmp_ln348)> <Delay = 1.54> <CoreInst = "Adder">   --->   Core 1 'Adder' <Latency = 0> <II = 1> <Delay = 1.54> <FuncUnit> <Opcode : 'add' 'sub'> <InPorts = 2> <OutPorts = 1>
ST_1 : Operation 58 [1/1] (0.00ns)   --->   "%zext_ln352_3 = zext i12 %add_ln352_3" [detector_solid/abs_solid_detector.cpp:352]   --->   Operation 58 'zext' 'zext_ln352_3' <Predicate = (!icmp_ln348)> <Delay = 0.00>
ST_1 : Operation 59 [1/1] (0.00ns)   --->   "%regions_max_1_addr_1 = getelementptr i32 %regions_max_1, i64 0, i64 %zext_ln352_3" [detector_solid/abs_solid_detector.cpp:352]   --->   Operation 59 'getelementptr' 'regions_max_1_addr_1' <Predicate = (!icmp_ln348)> <Delay = 0.00>
ST_1 : Operation 60 [2/2] (3.25ns)   --->   "%regions_min_0_load = load i12 %regions_min_0_addr" [detector_solid/abs_solid_detector.cpp:349]   --->   Operation 60 'load' 'regions_min_0_load' <Predicate = (!icmp_ln348)> <Delay = 3.25> <CoreInst = "RAM">   --->   Core 82 'RAM' <Latency = 1> <II = 1> <Delay = 3.25> <Storage> <Opcode : 'load' 'store'> <Ports = 2> <Width = 32> <Depth = 4096> <RAM>
ST_1 : Operation 61 [2/2] (3.25ns)   --->   "%regions_min_1_load = load i12 %regions_min_1_addr" [detector_solid/abs_solid_detector.cpp:349]   --->   Operation 61 'load' 'regions_min_1_load' <Predicate = (!icmp_ln348)> <Delay = 3.25> <CoreInst = "RAM">   --->   Core 82 'RAM' <Latency = 1> <II = 1> <Delay = 3.25> <Storage> <Opcode : 'load' 'store'> <Ports = 2> <Width = 32> <Depth = 4096> <RAM>
ST_1 : Operation 62 [2/2] (3.25ns)   --->   "%regions_min_0_load_1 = load i12 %regions_min_0_addr_1" [detector_solid/abs_solid_detector.cpp:349]   --->   Operation 62 'load' 'regions_min_0_load_1' <Predicate = (!icmp_ln348)> <Delay = 3.25> <CoreInst = "RAM">   --->   Core 82 'RAM' <Latency = 1> <II = 1> <Delay = 3.25> <Storage> <Opcode : 'load' 'store'> <Ports = 2> <Width = 32> <Depth = 4096> <RAM>
ST_1 : Operation 63 [2/2] (3.25ns)   --->   "%regions_min_1_load_1 = load i12 %regions_min_1_addr_1" [detector_solid/abs_solid_detector.cpp:349]   --->   Operation 63 'load' 'regions_min_1_load_1' <Predicate = (!icmp_ln348)> <Delay = 3.25> <CoreInst = "RAM">   --->   Core 82 'RAM' <Latency = 1> <II = 1> <Delay = 3.25> <Storage> <Opcode : 'load' 'store'> <Ports = 2> <Width = 32> <Depth = 4096> <RAM>
ST_1 : Operation 64 [2/2] (3.25ns)   --->   "%regions_max_0_load = load i12 %regions_max_0_addr" [detector_solid/abs_solid_detector.cpp:352]   --->   Operation 64 'load' 'regions_max_0_load' <Predicate = (!icmp_ln348)> <Delay = 3.25> <CoreInst = "RAM">   --->   Core 82 'RAM' <Latency = 1> <II = 1> <Delay = 3.25> <Storage> <Opcode : 'load' 'store'> <Ports = 2> <Width = 32> <Depth = 4096> <RAM>
ST_1 : Operation 65 [2/2] (3.25ns)   --->   "%regions_max_1_load = load i12 %regions_max_1_addr" [detector_solid/abs_solid_detector.cpp:352]   --->   Operation 65 'load' 'regions_max_1_load' <Predicate = (!icmp_ln348)> <Delay = 3.25> <CoreInst = "RAM">   --->   Core 82 'RAM' <Latency = 1> <II = 1> <Delay = 3.25> <Storage> <Opcode : 'load' 'store'> <Ports = 2> <Width = 32> <Depth = 4096> <RAM>
ST_1 : Operation 66 [2/2] (3.25ns)   --->   "%regions_max_0_load_1 = load i12 %regions_max_0_addr_1" [detector_solid/abs_solid_detector.cpp:352]   --->   Operation 66 'load' 'regions_max_0_load_1' <Predicate = (!icmp_ln348)> <Delay = 3.25> <CoreInst = "RAM">   --->   Core 82 'RAM' <Latency = 1> <II = 1> <Delay = 3.25> <Storage> <Opcode : 'load' 'store'> <Ports = 2> <Width = 32> <Depth = 4096> <RAM>
ST_1 : Operation 67 [2/2] (3.25ns)   --->   "%regions_max_1_load_1 = load i12 %regions_max_1_addr_1" [detector_solid/abs_solid_detector.cpp:352]   --->   Operation 67 'load' 'regions_max_1_load_1' <Predicate = (!icmp_ln348)> <Delay = 3.25> <CoreInst = "RAM">   --->   Core 82 'RAM' <Latency = 1> <II = 1> <Delay = 3.25> <Storage> <Opcode : 'load' 'store'> <Ports = 2> <Width = 32> <Depth = 4096> <RAM>
ST_1 : Operation 68 [1/1] (1.58ns)   --->   "%store_ln348 = store i4 %add_ln348, i4 %i" [detector_solid/abs_solid_detector.cpp:348]   --->   Operation 68 'store' 'store_ln348' <Predicate = (!icmp_ln348)> <Delay = 1.58>
ST_1 : Operation 69 [1/1] (0.00ns)   --->   "%br_ln348 = br void %for.body127" [detector_solid/abs_solid_detector.cpp:348]   --->   Operation 69 'br' 'br_ln348' <Predicate = (!icmp_ln348)> <Delay = 0.00>

State 2 <SV = 1> <Delay = 10.2>
ST_2 : Operation 70 [1/2] (3.25ns)   --->   "%regions_min_0_load = load i12 %regions_min_0_addr" [detector_solid/abs_solid_detector.cpp:349]   --->   Operation 70 'load' 'regions_min_0_load' <Predicate = (!icmp_ln348)> <Delay = 3.25> <CoreInst = "RAM">   --->   Core 82 'RAM' <Latency = 1> <II = 1> <Delay = 3.25> <Storage> <Opcode : 'load' 'store'> <Ports = 2> <Width = 32> <Depth = 4096> <RAM>
ST_2 : Operation 71 [1/2] (3.25ns)   --->   "%regions_min_1_load = load i12 %regions_min_1_addr" [detector_solid/abs_solid_detector.cpp:349]   --->   Operation 71 'load' 'regions_min_1_load' <Predicate = (!icmp_ln348)> <Delay = 3.25> <CoreInst = "RAM">   --->   Core 82 'RAM' <Latency = 1> <II = 1> <Delay = 3.25> <Storage> <Opcode : 'load' 'store'> <Ports = 2> <Width = 32> <Depth = 4096> <RAM>
ST_2 : Operation 72 [1/1] (1.58ns)   --->   "%tmp_s = mux i32 @_ssdm_op_Mux.ap_auto.2float.i1, i32 %regions_min_0_load, i32 %regions_min_1_load, i1 %trunc_ln251_7_read" [detector_solid/abs_solid_detector.cpp:349]   --->   Operation 72 'mux' 'tmp_s' <Predicate = (!icmp_ln348)> <Delay = 1.58> <CoreInst = "Multiplexer">   --->   Core 76 'Multiplexer' <Latency = 0> <II = 1> <Delay = 1.58> <FuncUnit> <Opcode : 'mux'> <InPorts = 2> <OutPorts = 1>
ST_2 : Operation 73 [1/2] (3.25ns)   --->   "%regions_min_0_load_1 = load i12 %regions_min_0_addr_1" [detector_solid/abs_solid_detector.cpp:349]   --->   Operation 73 'load' 'regions_min_0_load_1' <Predicate = (!icmp_ln348)> <Delay = 3.25> <CoreInst = "RAM">   --->   Core 82 'RAM' <Latency = 1> <II = 1> <Delay = 3.25> <Storage> <Opcode : 'load' 'store'> <Ports = 2> <Width = 32> <Depth = 4096> <RAM>
ST_2 : Operation 74 [1/2] (3.25ns)   --->   "%regions_min_1_load_1 = load i12 %regions_min_1_addr_1" [detector_solid/abs_solid_detector.cpp:349]   --->   Operation 74 'load' 'regions_min_1_load_1' <Predicate = (!icmp_ln348)> <Delay = 3.25> <CoreInst = "RAM">   --->   Core 82 'RAM' <Latency = 1> <II = 1> <Delay = 3.25> <Storage> <Opcode : 'load' 'store'> <Ports = 2> <Width = 32> <Depth = 4096> <RAM>
ST_2 : Operation 75 [1/1] (1.58ns)   --->   "%tmp_61 = mux i32 @_ssdm_op_Mux.ap_auto.2float.i1, i32 %regions_min_0_load_1, i32 %regions_min_1_load_1, i1 %trunc_ln251_5_read" [detector_solid/abs_solid_detector.cpp:349]   --->   Operation 75 'mux' 'tmp_61' <Predicate = (!icmp_ln348)> <Delay = 1.58> <CoreInst = "Multiplexer">   --->   Core 76 'Multiplexer' <Latency = 0> <II = 1> <Delay = 1.58> <FuncUnit> <Opcode : 'mux'> <InPorts = 2> <OutPorts = 1>
ST_2 : Operation 76 [2/2] (5.43ns)   --->   "%tmp_64 = fcmp_olt  i32 %tmp_s, i32 %tmp_61" [detector_solid/abs_solid_detector.cpp:349]   --->   Operation 76 'fcmp' 'tmp_64' <Predicate = (!icmp_ln348)> <Delay = 5.43> <CoreInst = "FCompare">   --->   Core 19 'FCompare' <Latency = 1> <II = 1> <Delay = 5.43> <FuncUnit> <Opcode : 'fcmp'> <InPorts = 2> <OutPorts = 1>
ST_2 : Operation 77 [1/2] (3.25ns)   --->   "%regions_max_0_load = load i12 %regions_max_0_addr" [detector_solid/abs_solid_detector.cpp:352]   --->   Operation 77 'load' 'regions_max_0_load' <Predicate = (!icmp_ln348)> <Delay = 3.25> <CoreInst = "RAM">   --->   Core 82 'RAM' <Latency = 1> <II = 1> <Delay = 3.25> <Storage> <Opcode : 'load' 'store'> <Ports = 2> <Width = 32> <Depth = 4096> <RAM>
ST_2 : Operation 78 [1/2] (3.25ns)   --->   "%regions_max_1_load = load i12 %regions_max_1_addr" [detector_solid/abs_solid_detector.cpp:352]   --->   Operation 78 'load' 'regions_max_1_load' <Predicate = (!icmp_ln348)> <Delay = 3.25> <CoreInst = "RAM">   --->   Core 82 'RAM' <Latency = 1> <II = 1> <Delay = 3.25> <Storage> <Opcode : 'load' 'store'> <Ports = 2> <Width = 32> <Depth = 4096> <RAM>
ST_2 : Operation 79 [1/1] (1.58ns)   --->   "%tmp_65 = mux i32 @_ssdm_op_Mux.ap_auto.2float.i1, i32 %regions_max_0_load, i32 %regions_max_1_load, i1 %trunc_ln251_7_read" [detector_solid/abs_solid_detector.cpp:352]   --->   Operation 79 'mux' 'tmp_65' <Predicate = (!icmp_ln348)> <Delay = 1.58> <CoreInst = "Multiplexer">   --->   Core 76 'Multiplexer' <Latency = 0> <II = 1> <Delay = 1.58> <FuncUnit> <Opcode : 'mux'> <InPorts = 2> <OutPorts = 1>
ST_2 : Operation 80 [1/2] (3.25ns)   --->   "%regions_max_0_load_1 = load i12 %regions_max_0_addr_1" [detector_solid/abs_solid_detector.cpp:352]   --->   Operation 80 'load' 'regions_max_0_load_1' <Predicate = (!icmp_ln348)> <Delay = 3.25> <CoreInst = "RAM">   --->   Core 82 'RAM' <Latency = 1> <II = 1> <Delay = 3.25> <Storage> <Opcode : 'load' 'store'> <Ports = 2> <Width = 32> <Depth = 4096> <RAM>
ST_2 : Operation 81 [1/2] (3.25ns)   --->   "%regions_max_1_load_1 = load i12 %regions_max_1_addr_1" [detector_solid/abs_solid_detector.cpp:352]   --->   Operation 81 'load' 'regions_max_1_load_1' <Predicate = (!icmp_ln348)> <Delay = 3.25> <CoreInst = "RAM">   --->   Core 82 'RAM' <Latency = 1> <II = 1> <Delay = 3.25> <Storage> <Opcode : 'load' 'store'> <Ports = 2> <Width = 32> <Depth = 4096> <RAM>
ST_2 : Operation 82 [1/1] (1.58ns)   --->   "%tmp_66 = mux i32 @_ssdm_op_Mux.ap_auto.2float.i1, i32 %regions_max_0_load_1, i32 %regions_max_1_load_1, i1 %trunc_ln251_5_read" [detector_solid/abs_solid_detector.cpp:352]   --->   Operation 82 'mux' 'tmp_66' <Predicate = (!icmp_ln348)> <Delay = 1.58> <CoreInst = "Multiplexer">   --->   Core 76 'Multiplexer' <Latency = 0> <II = 1> <Delay = 1.58> <FuncUnit> <Opcode : 'mux'> <InPorts = 2> <OutPorts = 1>

State 3 <SV = 2> <Delay = 7.99>
ST_3 : Operation 83 [1/1] (0.00ns)   --->   "%bitcast_ln349 = bitcast i32 %tmp_s" [detector_solid/abs_solid_detector.cpp:349]   --->   Operation 83 'bitcast' 'bitcast_ln349' <Predicate = (!icmp_ln348)> <Delay = 0.00>
ST_3 : Operation 84 [1/1] (0.00ns)   --->   "%tmp_62 = partselect i8 @_ssdm_op_PartSelect.i8.i32.i32.i32, i32 %bitcast_ln349, i32 23, i32 30" [detector_solid/abs_solid_detector.cpp:349]   --->   Operation 84 'partselect' 'tmp_62' <Predicate = (!icmp_ln348)> <Delay = 0.00>
ST_3 : Operation 85 [1/1] (0.00ns)   --->   "%trunc_ln349 = trunc i32 %bitcast_ln349" [detector_solid/abs_solid_detector.cpp:349]   --->   Operation 85 'trunc' 'trunc_ln349' <Predicate = (!icmp_ln348)> <Delay = 0.00>
ST_3 : Operation 86 [1/1] (0.00ns)   --->   "%bitcast_ln349_1 = bitcast i32 %tmp_61" [detector_solid/abs_solid_detector.cpp:349]   --->   Operation 86 'bitcast' 'bitcast_ln349_1' <Predicate = (!icmp_ln348)> <Delay = 0.00>
ST_3 : Operation 87 [1/1] (0.00ns)   --->   "%tmp_63 = partselect i8 @_ssdm_op_PartSelect.i8.i32.i32.i32, i32 %bitcast_ln349_1, i32 23, i32 30" [detector_solid/abs_solid_detector.cpp:349]   --->   Operation 87 'partselect' 'tmp_63' <Predicate = (!icmp_ln348)> <Delay = 0.00>
ST_3 : Operation 88 [1/1] (0.00ns)   --->   "%trunc_ln349_1 = trunc i32 %bitcast_ln349_1" [detector_solid/abs_solid_detector.cpp:349]   --->   Operation 88 'trunc' 'trunc_ln349_1' <Predicate = (!icmp_ln348)> <Delay = 0.00>
ST_3 : Operation 89 [1/1] (1.55ns)   --->   "%icmp_ln349 = icmp_ne  i8 %tmp_62, i8 255" [detector_solid/abs_solid_detector.cpp:349]   --->   Operation 89 'icmp' 'icmp_ln349' <Predicate = (!icmp_ln348)> <Delay = 1.55> <CoreInst = "Cmp">   --->   Core 9 'Cmp' <Latency = 0> <II = 1> <Delay = 1.55> <FuncUnit> <Opcode : 'icmp'> <InPorts = 2> <OutPorts = 1>
ST_3 : Operation 90 [1/1] (2.44ns)   --->   "%icmp_ln349_1 = icmp_eq  i23 %trunc_ln349, i23 0" [detector_solid/abs_solid_detector.cpp:349]   --->   Operation 90 'icmp' 'icmp_ln349_1' <Predicate = (!icmp_ln348)> <Delay = 2.44> <CoreInst = "Cmp">   --->   Core 9 'Cmp' <Latency = 0> <II = 1> <Delay = 2.44> <FuncUnit> <Opcode : 'icmp'> <InPorts = 2> <OutPorts = 1>
ST_3 : Operation 91 [1/1] (0.00ns) (grouped into LUT with out node and_ln349_1)   --->   "%or_ln349 = or i1 %icmp_ln349_1, i1 %icmp_ln349" [detector_solid/abs_solid_detector.cpp:349]   --->   Operation 91 'or' 'or_ln349' <Predicate = (!icmp_ln348)> <Delay = 0.00> <CoreInst = "LogicGate">   --->   Core 74 'LogicGate' <Latency = 0> <II = 1> <Delay = 0.97> <FuncUnit> <Opcode : 'and' 'or' 'xor'> <InPorts = 2> <OutPorts = 1>
ST_3 : Operation 92 [1/1] (1.55ns)   --->   "%icmp_ln349_2 = icmp_ne  i8 %tmp_63, i8 255" [detector_solid/abs_solid_detector.cpp:349]   --->   Operation 92 'icmp' 'icmp_ln349_2' <Predicate = (!icmp_ln348)> <Delay = 1.55> <CoreInst = "Cmp">   --->   Core 9 'Cmp' <Latency = 0> <II = 1> <Delay = 1.55> <FuncUnit> <Opcode : 'icmp'> <InPorts = 2> <OutPorts = 1>
ST_3 : Operation 93 [1/1] (2.44ns)   --->   "%icmp_ln349_3 = icmp_eq  i23 %trunc_ln349_1, i23 0" [detector_solid/abs_solid_detector.cpp:349]   --->   Operation 93 'icmp' 'icmp_ln349_3' <Predicate = (!icmp_ln348)> <Delay = 2.44> <CoreInst = "Cmp">   --->   Core 9 'Cmp' <Latency = 0> <II = 1> <Delay = 2.44> <FuncUnit> <Opcode : 'icmp'> <InPorts = 2> <OutPorts = 1>
ST_3 : Operation 94 [1/1] (0.00ns) (grouped into LUT with out node and_ln349_1)   --->   "%or_ln349_1 = or i1 %icmp_ln349_3, i1 %icmp_ln349_2" [detector_solid/abs_solid_detector.cpp:349]   --->   Operation 94 'or' 'or_ln349_1' <Predicate = (!icmp_ln348)> <Delay = 0.00> <CoreInst = "LogicGate">   --->   Core 74 'LogicGate' <Latency = 0> <II = 1> <Delay = 0.97> <FuncUnit> <Opcode : 'and' 'or' 'xor'> <InPorts = 2> <OutPorts = 1>
ST_3 : Operation 95 [1/1] (0.00ns) (grouped into LUT with out node and_ln349_1)   --->   "%and_ln349 = and i1 %or_ln349, i1 %or_ln349_1" [detector_solid/abs_solid_detector.cpp:349]   --->   Operation 95 'and' 'and_ln349' <Predicate = (!icmp_ln348)> <Delay = 0.00> <CoreInst = "LogicGate">   --->   Core 74 'LogicGate' <Latency = 0> <II = 1> <Delay = 0.97> <FuncUnit> <Opcode : 'and' 'or' 'xor'> <InPorts = 2> <OutPorts = 1>
ST_3 : Operation 96 [1/2] (5.43ns)   --->   "%tmp_64 = fcmp_olt  i32 %tmp_s, i32 %tmp_61" [detector_solid/abs_solid_detector.cpp:349]   --->   Operation 96 'fcmp' 'tmp_64' <Predicate = (!icmp_ln348)> <Delay = 5.43> <CoreInst = "FCompare">   --->   Core 19 'FCompare' <Latency = 1> <II = 1> <Delay = 5.43> <FuncUnit> <Opcode : 'fcmp'> <InPorts = 2> <OutPorts = 1>
ST_3 : Operation 97 [1/1] (0.97ns) (out node of the LUT)   --->   "%and_ln349_1 = and i1 %and_ln349, i1 %tmp_64" [detector_solid/abs_solid_detector.cpp:349]   --->   Operation 97 'and' 'and_ln349_1' <Predicate = (!icmp_ln348)> <Delay = 0.97> <CoreInst = "LogicGate">   --->   Core 74 'LogicGate' <Latency = 0> <II = 1> <Delay = 0.97> <FuncUnit> <Opcode : 'and' 'or' 'xor'> <InPorts = 2> <OutPorts = 1>
ST_3 : Operation 98 [1/1] (1.58ns)   --->   "%br_ln349 = br i1 %and_ln349_1, void %if.end150, void %if.then139" [detector_solid/abs_solid_detector.cpp:349]   --->   Operation 98 'br' 'br_ln349' <Predicate = (!icmp_ln348)> <Delay = 1.58>
ST_3 : Operation 99 [1/1] (0.00ns)   --->   "%br_ln350 = br i1 %trunc_ln251_5_read, void %arrayidx13747.case.0, void %arrayidx13747.case.1" [detector_solid/abs_solid_detector.cpp:350]   --->   Operation 99 'br' 'br_ln350' <Predicate = (and_ln349_1)> <Delay = 0.00>
ST_3 : Operation 100 [1/1] (1.58ns)   --->   "%br_ln351 = br void %if.end150" [detector_solid/abs_solid_detector.cpp:351]   --->   Operation 100 'br' 'br_ln351' <Predicate = (!icmp_ln348 & and_ln349_1)> <Delay = 1.58>
ST_3 : Operation 101 [2/2] (5.43ns)   --->   "%tmp_69 = fcmp_ogt  i32 %tmp_65, i32 %tmp_66" [detector_solid/abs_solid_detector.cpp:352]   --->   Operation 101 'fcmp' 'tmp_69' <Predicate = (!icmp_ln348)> <Delay = 5.43> <CoreInst = "FCompare">   --->   Core 19 'FCompare' <Latency = 1> <II = 1> <Delay = 5.43> <FuncUnit> <Opcode : 'fcmp'> <InPorts = 2> <OutPorts = 1>

State 4 <SV = 3> <Delay = 9.66>
ST_4 : Operation 102 [1/1] (3.25ns)   --->   "%store_ln350 = store i32 %tmp_s, i12 %regions_min_0_addr_1" [detector_solid/abs_solid_detector.cpp:350]   --->   Operation 102 'store' 'store_ln350' <Predicate = (and_ln349_1 & !trunc_ln251_5_read)> <Delay = 3.25> <CoreInst = "RAM">   --->   Core 82 'RAM' <Latency = 1> <II = 1> <Delay = 3.25> <Storage> <Opcode : 'load' 'store'> <Ports = 2> <Width = 32> <Depth = 4096> <RAM>
ST_4 : Operation 103 [1/1] (0.00ns)   --->   "%br_ln350 = br void %arrayidx13747.exit" [detector_solid/abs_solid_detector.cpp:350]   --->   Operation 103 'br' 'br_ln350' <Predicate = (and_ln349_1 & !trunc_ln251_5_read)> <Delay = 0.00>
ST_4 : Operation 104 [1/1] (3.25ns)   --->   "%store_ln350 = store i32 %tmp_s, i12 %regions_min_1_addr_1" [detector_solid/abs_solid_detector.cpp:350]   --->   Operation 104 'store' 'store_ln350' <Predicate = (and_ln349_1 & trunc_ln251_5_read)> <Delay = 3.25> <CoreInst = "RAM">   --->   Core 82 'RAM' <Latency = 1> <II = 1> <Delay = 3.25> <Storage> <Opcode : 'load' 'store'> <Ports = 2> <Width = 32> <Depth = 4096> <RAM>
ST_4 : Operation 105 [1/1] (0.00ns)   --->   "%br_ln350 = br void %arrayidx13747.exit" [detector_solid/abs_solid_detector.cpp:350]   --->   Operation 105 'br' 'br_ln350' <Predicate = (and_ln349_1 & trunc_ln251_5_read)> <Delay = 0.00>
ST_4 : Operation 106 [1/1] (0.00ns)   --->   "%empty_212 = phi i32 %tmp_s, void %arrayidx13747.exit, i32 %tmp_61, void %for.body127.split" [detector_solid/abs_solid_detector.cpp:349]   --->   Operation 106 'phi' 'empty_212' <Predicate = (!icmp_ln348)> <Delay = 0.00>
ST_4 : Operation 107 [1/1] (0.00ns)   --->   "%bitcast_ln352 = bitcast i32 %tmp_65" [detector_solid/abs_solid_detector.cpp:352]   --->   Operation 107 'bitcast' 'bitcast_ln352' <Predicate = (!icmp_ln348)> <Delay = 0.00>
ST_4 : Operation 108 [1/1] (0.00ns)   --->   "%tmp_67 = partselect i8 @_ssdm_op_PartSelect.i8.i32.i32.i32, i32 %bitcast_ln352, i32 23, i32 30" [detector_solid/abs_solid_detector.cpp:352]   --->   Operation 108 'partselect' 'tmp_67' <Predicate = (!icmp_ln348)> <Delay = 0.00>
ST_4 : Operation 109 [1/1] (0.00ns)   --->   "%trunc_ln352 = trunc i32 %bitcast_ln352" [detector_solid/abs_solid_detector.cpp:352]   --->   Operation 109 'trunc' 'trunc_ln352' <Predicate = (!icmp_ln348)> <Delay = 0.00>
ST_4 : Operation 110 [1/1] (0.00ns)   --->   "%bitcast_ln352_1 = bitcast i32 %tmp_66" [detector_solid/abs_solid_detector.cpp:352]   --->   Operation 110 'bitcast' 'bitcast_ln352_1' <Predicate = (!icmp_ln348)> <Delay = 0.00>
ST_4 : Operation 111 [1/1] (0.00ns)   --->   "%tmp_68 = partselect i8 @_ssdm_op_PartSelect.i8.i32.i32.i32, i32 %bitcast_ln352_1, i32 23, i32 30" [detector_solid/abs_solid_detector.cpp:352]   --->   Operation 111 'partselect' 'tmp_68' <Predicate = (!icmp_ln348)> <Delay = 0.00>
ST_4 : Operation 112 [1/1] (0.00ns)   --->   "%trunc_ln352_1 = trunc i32 %bitcast_ln352_1" [detector_solid/abs_solid_detector.cpp:352]   --->   Operation 112 'trunc' 'trunc_ln352_1' <Predicate = (!icmp_ln348)> <Delay = 0.00>
ST_4 : Operation 113 [1/1] (1.55ns)   --->   "%icmp_ln352 = icmp_ne  i8 %tmp_67, i8 255" [detector_solid/abs_solid_detector.cpp:352]   --->   Operation 113 'icmp' 'icmp_ln352' <Predicate = (!icmp_ln348)> <Delay = 1.55> <CoreInst = "Cmp">   --->   Core 9 'Cmp' <Latency = 0> <II = 1> <Delay = 1.55> <FuncUnit> <Opcode : 'icmp'> <InPorts = 2> <OutPorts = 1>
ST_4 : Operation 114 [1/1] (2.44ns)   --->   "%icmp_ln352_1 = icmp_eq  i23 %trunc_ln352, i23 0" [detector_solid/abs_solid_detector.cpp:352]   --->   Operation 114 'icmp' 'icmp_ln352_1' <Predicate = (!icmp_ln348)> <Delay = 2.44> <CoreInst = "Cmp">   --->   Core 9 'Cmp' <Latency = 0> <II = 1> <Delay = 2.44> <FuncUnit> <Opcode : 'icmp'> <InPorts = 2> <OutPorts = 1>
ST_4 : Operation 115 [1/1] (0.00ns) (grouped into LUT with out node and_ln352_1)   --->   "%or_ln352 = or i1 %icmp_ln352_1, i1 %icmp_ln352" [detector_solid/abs_solid_detector.cpp:352]   --->   Operation 115 'or' 'or_ln352' <Predicate = (!icmp_ln348)> <Delay = 0.00> <CoreInst = "LogicGate">   --->   Core 74 'LogicGate' <Latency = 0> <II = 1> <Delay = 0.97> <FuncUnit> <Opcode : 'and' 'or' 'xor'> <InPorts = 2> <OutPorts = 1>
ST_4 : Operation 116 [1/1] (1.55ns)   --->   "%icmp_ln352_2 = icmp_ne  i8 %tmp_68, i8 255" [detector_solid/abs_solid_detector.cpp:352]   --->   Operation 116 'icmp' 'icmp_ln352_2' <Predicate = (!icmp_ln348)> <Delay = 1.55> <CoreInst = "Cmp">   --->   Core 9 'Cmp' <Latency = 0> <II = 1> <Delay = 1.55> <FuncUnit> <Opcode : 'icmp'> <InPorts = 2> <OutPorts = 1>
ST_4 : Operation 117 [1/1] (2.44ns)   --->   "%icmp_ln352_3 = icmp_eq  i23 %trunc_ln352_1, i23 0" [detector_solid/abs_solid_detector.cpp:352]   --->   Operation 117 'icmp' 'icmp_ln352_3' <Predicate = (!icmp_ln348)> <Delay = 2.44> <CoreInst = "Cmp">   --->   Core 9 'Cmp' <Latency = 0> <II = 1> <Delay = 2.44> <FuncUnit> <Opcode : 'icmp'> <InPorts = 2> <OutPorts = 1>
ST_4 : Operation 118 [1/1] (0.00ns) (grouped into LUT with out node and_ln352_1)   --->   "%or_ln352_1 = or i1 %icmp_ln352_3, i1 %icmp_ln352_2" [detector_solid/abs_solid_detector.cpp:352]   --->   Operation 118 'or' 'or_ln352_1' <Predicate = (!icmp_ln348)> <Delay = 0.00> <CoreInst = "LogicGate">   --->   Core 74 'LogicGate' <Latency = 0> <II = 1> <Delay = 0.97> <FuncUnit> <Opcode : 'and' 'or' 'xor'> <InPorts = 2> <OutPorts = 1>
ST_4 : Operation 119 [1/1] (0.00ns) (grouped into LUT with out node and_ln352_1)   --->   "%and_ln352 = and i1 %or_ln352, i1 %or_ln352_1" [detector_solid/abs_solid_detector.cpp:352]   --->   Operation 119 'and' 'and_ln352' <Predicate = (!icmp_ln348)> <Delay = 0.00> <CoreInst = "LogicGate">   --->   Core 74 'LogicGate' <Latency = 0> <II = 1> <Delay = 0.97> <FuncUnit> <Opcode : 'and' 'or' 'xor'> <InPorts = 2> <OutPorts = 1>
ST_4 : Operation 120 [1/2] (5.43ns)   --->   "%tmp_69 = fcmp_ogt  i32 %tmp_65, i32 %tmp_66" [detector_solid/abs_solid_detector.cpp:352]   --->   Operation 120 'fcmp' 'tmp_69' <Predicate = (!icmp_ln348)> <Delay = 5.43> <CoreInst = "FCompare">   --->   Core 19 'FCompare' <Latency = 1> <II = 1> <Delay = 5.43> <FuncUnit> <Opcode : 'fcmp'> <InPorts = 2> <OutPorts = 1>
ST_4 : Operation 121 [1/1] (0.97ns) (out node of the LUT)   --->   "%and_ln352_1 = and i1 %and_ln352, i1 %tmp_69" [detector_solid/abs_solid_detector.cpp:352]   --->   Operation 121 'and' 'and_ln352_1' <Predicate = (!icmp_ln348)> <Delay = 0.97> <CoreInst = "LogicGate">   --->   Core 74 'LogicGate' <Latency = 0> <II = 1> <Delay = 0.97> <FuncUnit> <Opcode : 'and' 'or' 'xor'> <InPorts = 2> <OutPorts = 1>
ST_4 : Operation 122 [1/1] (1.58ns)   --->   "%br_ln352 = br i1 %and_ln352_1, void %for.inc191, void %if.then162" [detector_solid/abs_solid_detector.cpp:352]   --->   Operation 122 'br' 'br_ln352' <Predicate = (!icmp_ln348)> <Delay = 1.58>
ST_4 : Operation 123 [1/1] (0.00ns)   --->   "%br_ln353 = br i1 %trunc_ln251_5_read, void %arrayidx16089.case.0, void %arrayidx16089.case.1" [detector_solid/abs_solid_detector.cpp:353]   --->   Operation 123 'br' 'br_ln353' <Predicate = (and_ln352_1)> <Delay = 0.00>
ST_4 : Operation 124 [1/1] (3.25ns)   --->   "%store_ln353 = store i32 %tmp_65, i12 %regions_max_0_addr_1" [detector_solid/abs_solid_detector.cpp:353]   --->   Operation 124 'store' 'store_ln353' <Predicate = (!trunc_ln251_5_read & and_ln352_1)> <Delay = 3.25> <CoreInst = "RAM">   --->   Core 82 'RAM' <Latency = 1> <II = 1> <Delay = 3.25> <Storage> <Opcode : 'load' 'store'> <Ports = 2> <Width = 32> <Depth = 4096> <RAM>
ST_4 : Operation 125 [1/1] (0.00ns)   --->   "%br_ln353 = br void %arrayidx16089.exit" [detector_solid/abs_solid_detector.cpp:353]   --->   Operation 125 'br' 'br_ln353' <Predicate = (!trunc_ln251_5_read & and_ln352_1)> <Delay = 0.00>
ST_4 : Operation 126 [1/1] (3.25ns)   --->   "%store_ln353 = store i32 %tmp_65, i12 %regions_max_1_addr_1" [detector_solid/abs_solid_detector.cpp:353]   --->   Operation 126 'store' 'store_ln353' <Predicate = (trunc_ln251_5_read & and_ln352_1)> <Delay = 3.25> <CoreInst = "RAM">   --->   Core 82 'RAM' <Latency = 1> <II = 1> <Delay = 3.25> <Storage> <Opcode : 'load' 'store'> <Ports = 2> <Width = 32> <Depth = 4096> <RAM>
ST_4 : Operation 127 [1/1] (0.00ns)   --->   "%br_ln353 = br void %arrayidx16089.exit" [detector_solid/abs_solid_detector.cpp:353]   --->   Operation 127 'br' 'br_ln353' <Predicate = (trunc_ln251_5_read & and_ln352_1)> <Delay = 0.00>
ST_4 : Operation 128 [1/1] (1.58ns)   --->   "%br_ln354 = br void %for.inc191" [detector_solid/abs_solid_detector.cpp:354]   --->   Operation 128 'br' 'br_ln354' <Predicate = (!icmp_ln348 & and_ln352_1)> <Delay = 1.58>
ST_4 : Operation 129 [1/1] (0.00ns)   --->   "%br_ln355 = br i1 %trunc_ln251_5_read, void %arrayidx1901410.case.0, void %arrayidx1901410.case.1" [detector_solid/abs_solid_detector.cpp:355]   --->   Operation 129 'br' 'br_ln355' <Predicate = true> <Delay = 0.00>

State 5 <SV = 4> <Delay = 10.5>
ST_5 : Operation 130 [1/1] (0.00ns)   --->   "%empty = phi i32 %tmp_65, void %arrayidx16089.exit, i32 %tmp_66, void %if.end150" [detector_solid/abs_solid_detector.cpp:352]   --->   Operation 130 'phi' 'empty' <Predicate = true> <Delay = 0.00>
ST_5 : Operation 131 [4/4] (10.5ns)   --->   "%add = fadd i32 %empty, i32 %empty_212" [detector_solid/abs_solid_detector.cpp:355]   --->   Operation 131 'fadd' 'add' <Predicate = true> <Delay = 10.5> <CoreInst = "FAddSub_fulldsp">   --->   Core 18 'FAddSub_fulldsp' <Latency = 3> <II = 1> <Delay = 10.5> <FuncUnit> <Opcode : 'fadd' 'fsub'> <InPorts = 2> <OutPorts = 1>

State 6 <SV = 5> <Delay = 10.5>
ST_6 : Operation 132 [3/4] (10.5ns)   --->   "%add = fadd i32 %empty, i32 %empty_212" [detector_solid/abs_solid_detector.cpp:355]   --->   Operation 132 'fadd' 'add' <Predicate = true> <Delay = 10.5> <CoreInst = "FAddSub_fulldsp">   --->   Core 18 'FAddSub_fulldsp' <Latency = 3> <II = 1> <Delay = 10.5> <FuncUnit> <Opcode : 'fadd' 'fsub'> <InPorts = 2> <OutPorts = 1>

State 7 <SV = 6> <Delay = 10.5>
ST_7 : Operation 133 [2/4] (10.5ns)   --->   "%add = fadd i32 %empty, i32 %empty_212" [detector_solid/abs_solid_detector.cpp:355]   --->   Operation 133 'fadd' 'add' <Predicate = true> <Delay = 10.5> <CoreInst = "FAddSub_fulldsp">   --->   Core 18 'FAddSub_fulldsp' <Latency = 3> <II = 1> <Delay = 10.5> <FuncUnit> <Opcode : 'fadd' 'fsub'> <InPorts = 2> <OutPorts = 1>

State 8 <SV = 7> <Delay = 10.5>
ST_8 : Operation 134 [1/4] (10.5ns)   --->   "%add = fadd i32 %empty, i32 %empty_212" [detector_solid/abs_solid_detector.cpp:355]   --->   Operation 134 'fadd' 'add' <Predicate = true> <Delay = 10.5> <CoreInst = "FAddSub_fulldsp">   --->   Core 18 'FAddSub_fulldsp' <Latency = 3> <II = 1> <Delay = 10.5> <FuncUnit> <Opcode : 'fadd' 'fsub'> <InPorts = 2> <OutPorts = 1>

State 9 <SV = 8> <Delay = 12.3>
ST_9 : Operation 135 [2/2] (12.3ns)   --->   "%conv = fmul i32 %add, i32 0.5" [detector_solid/abs_solid_detector.cpp:355]   --->   Operation 135 'fmul' 'conv' <Predicate = true> <Delay = 12.3> <CoreInst = "FMul_maxdsp">   --->   Core 30 'FMul_maxdsp' <Latency = 1> <II = 1> <Delay = 12.3> <FuncUnit> <Opcode : 'fmul'> <InPorts = 2> <OutPorts = 1>
ST_9 : Operation 148 [1/1] (0.00ns)   --->   "%ret_ln0 = ret"   --->   Operation 148 'ret' 'ret_ln0' <Predicate = (icmp_ln348)> <Delay = 0.00>

State 10 <SV = 9> <Delay = 12.3>
ST_10 : Operation 136 [1/2] (12.3ns)   --->   "%conv = fmul i32 %add, i32 0.5" [detector_solid/abs_solid_detector.cpp:355]   --->   Operation 136 'fmul' 'conv' <Predicate = true> <Delay = 12.3> <CoreInst = "FMul_maxdsp">   --->   Core 30 'FMul_maxdsp' <Latency = 1> <II = 1> <Delay = 12.3> <FuncUnit> <Opcode : 'fmul'> <InPorts = 2> <OutPorts = 1>

State 11 <SV = 10> <Delay = 4.80>
ST_11 : Operation 137 [1/1] (1.54ns)   --->   "%add_ln355 = add i12 %tmp_211_read, i12 %zext_ln349" [detector_solid/abs_solid_detector.cpp:355]   --->   Operation 137 'add' 'add_ln355' <Predicate = (!icmp_ln348)> <Delay = 1.54> <CoreInst = "Adder">   --->   Core 1 'Adder' <Latency = 0> <II = 1> <Delay = 1.54> <FuncUnit> <Opcode : 'add' 'sub'> <InPorts = 2> <OutPorts = 1>
ST_11 : Operation 138 [1/1] (0.00ns)   --->   "%zext_ln355 = zext i12 %add_ln355" [detector_solid/abs_solid_detector.cpp:355]   --->   Operation 138 'zext' 'zext_ln355' <Predicate = (!icmp_ln348)> <Delay = 0.00>
ST_11 : Operation 139 [1/1] (0.00ns)   --->   "%regions_center_0_addr = getelementptr i32 %regions_center_0, i64 0, i64 %zext_ln355" [detector_solid/abs_solid_detector.cpp:355]   --->   Operation 139 'getelementptr' 'regions_center_0_addr' <Predicate = (!icmp_ln348)> <Delay = 0.00>
ST_11 : Operation 140 [1/1] (1.54ns)   --->   "%add_ln355_1 = add i12 %tmp_213_read, i12 %zext_ln349" [detector_solid/abs_solid_detector.cpp:355]   --->   Operation 140 'add' 'add_ln355_1' <Predicate = (!icmp_ln348)> <Delay = 1.54> <CoreInst = "Adder">   --->   Core 1 'Adder' <Latency = 0> <II = 1> <Delay = 1.54> <FuncUnit> <Opcode : 'add' 'sub'> <InPorts = 2> <OutPorts = 1>
ST_11 : Operation 141 [1/1] (0.00ns)   --->   "%zext_ln355_1 = zext i12 %add_ln355_1" [detector_solid/abs_solid_detector.cpp:355]   --->   Operation 141 'zext' 'zext_ln355_1' <Predicate = (!icmp_ln348)> <Delay = 0.00>
ST_11 : Operation 142 [1/1] (0.00ns)   --->   "%regions_center_1_addr = getelementptr i32 %regions_center_1, i64 0, i64 %zext_ln355_1" [detector_solid/abs_solid_detector.cpp:355]   --->   Operation 142 'getelementptr' 'regions_center_1_addr' <Predicate = (!icmp_ln348)> <Delay = 0.00>
ST_11 : Operation 143 [1/1] (0.00ns)   --->   "%specloopname_ln348 = specloopname void @_ssdm_op_SpecLoopName, void @empty_2" [detector_solid/abs_solid_detector.cpp:348]   --->   Operation 143 'specloopname' 'specloopname_ln348' <Predicate = (!icmp_ln348)> <Delay = 0.00>
ST_11 : Operation 144 [1/1] (3.25ns)   --->   "%store_ln355 = store i32 %conv, i12 %regions_center_0_addr" [detector_solid/abs_solid_detector.cpp:355]   --->   Operation 144 'store' 'store_ln355' <Predicate = (!trunc_ln251_5_read)> <Delay = 3.25> <CoreInst = "RAM">   --->   Core 82 'RAM' <Latency = 1> <II = 1> <Delay = 3.25> <Storage> <Opcode : 'load' 'store'> <Ports = 2> <Width = 32> <Depth = 4096> <RAM>
ST_11 : Operation 145 [1/1] (0.00ns)   --->   "%br_ln355 = br void %arrayidx1901410.exit" [detector_solid/abs_solid_detector.cpp:355]   --->   Operation 145 'br' 'br_ln355' <Predicate = (!trunc_ln251_5_read)> <Delay = 0.00>
ST_11 : Operation 146 [1/1] (3.25ns)   --->   "%store_ln355 = store i32 %conv, i12 %regions_center_1_addr" [detector_solid/abs_solid_detector.cpp:355]   --->   Operation 146 'store' 'store_ln355' <Predicate = (trunc_ln251_5_read)> <Delay = 3.25> <CoreInst = "RAM">   --->   Core 82 'RAM' <Latency = 1> <II = 1> <Delay = 3.25> <Storage> <Opcode : 'load' 'store'> <Ports = 2> <Width = 32> <Depth = 4096> <RAM>
ST_11 : Operation 147 [1/1] (0.00ns)   --->   "%br_ln355 = br void %arrayidx1901410.exit" [detector_solid/abs_solid_detector.cpp:355]   --->   Operation 147 'br' 'br_ln355' <Predicate = (trunc_ln251_5_read)> <Delay = 0.00>


============================================================
+ Verbose Summary: Timing violations
============================================================
Target clock period: 18ns, clock uncertainty: 4.86ns.

 <State 1>: 4.8ns
The critical path consists of the following:
	'alloca' operation ('i') [19]  (0 ns)
	'load' operation ('i', detector_solid/abs_solid_detector.cpp:348) on local variable 'i' [35]  (0 ns)
	'add' operation ('add_ln352', detector_solid/abs_solid_detector.cpp:352) [55]  (1.55 ns)
	'getelementptr' operation ('regions_max_0_addr', detector_solid/abs_solid_detector.cpp:352) [57]  (0 ns)
	'load' operation ('regions_max_0_load', detector_solid/abs_solid_detector.cpp:352) on array 'regions_max_0' [108]  (3.25 ns)

 <State 2>: 10.3ns
The critical path consists of the following:
	'load' operation ('regions_min_0_load', detector_solid/abs_solid_detector.cpp:349) on array 'regions_min_0' [74]  (3.25 ns)
	'mux' operation ('tmp_s', detector_solid/abs_solid_detector.cpp:349) [76]  (1.59 ns)
	'fcmp' operation ('tmp_64', detector_solid/abs_solid_detector.cpp:349) [93]  (5.43 ns)

 <State 3>: 8ns
The critical path consists of the following:
	'fcmp' operation ('tmp_64', detector_solid/abs_solid_detector.cpp:349) [93]  (5.43 ns)
	'and' operation ('and_ln349_1', detector_solid/abs_solid_detector.cpp:349) [94]  (0.978 ns)
	multiplexor before 'phi' operation ('empty_212', detector_solid/abs_solid_detector.cpp:349) with incoming values : ('tmp_s', detector_solid/abs_solid_detector.cpp:349) ('tmp_61', detector_solid/abs_solid_detector.cpp:349) [107]  (1.59 ns)

 <State 4>: 9.66ns
The critical path consists of the following:
	'fcmp' operation ('tmp_69', detector_solid/abs_solid_detector.cpp:352) [127]  (5.43 ns)
	'and' operation ('and_ln352_1', detector_solid/abs_solid_detector.cpp:352) [128]  (0.978 ns)
	multiplexor before 'phi' operation ('empty', detector_solid/abs_solid_detector.cpp:352) with incoming values : ('tmp_65', detector_solid/abs_solid_detector.cpp:352) ('tmp_66', detector_solid/abs_solid_detector.cpp:352) [141]  (1.59 ns)
	blocking operation 1.67 ns on control path)

 <State 5>: 10.5ns
The critical path consists of the following:
	'phi' operation ('empty', detector_solid/abs_solid_detector.cpp:352) with incoming values : ('tmp_65', detector_solid/abs_solid_detector.cpp:352) ('tmp_66', detector_solid/abs_solid_detector.cpp:352) [141]  (0 ns)
	'fadd' operation ('add', detector_solid/abs_solid_detector.cpp:355) [142]  (10.5 ns)

 <State 6>: 10.5ns
The critical path consists of the following:
	'fadd' operation ('add', detector_solid/abs_solid_detector.cpp:355) [142]  (10.5 ns)

 <State 7>: 10.5ns
The critical path consists of the following:
	'fadd' operation ('add', detector_solid/abs_solid_detector.cpp:355) [142]  (10.5 ns)

 <State 8>: 10.5ns
The critical path consists of the following:
	'fadd' operation ('add', detector_solid/abs_solid_detector.cpp:355) [142]  (10.5 ns)

 <State 9>: 12.4ns
The critical path consists of the following:
	'fmul' operation ('conv', detector_solid/abs_solid_detector.cpp:355) [143]  (12.4 ns)

 <State 10>: 12.4ns
The critical path consists of the following:
	'fmul' operation ('conv', detector_solid/abs_solid_detector.cpp:355) [143]  (12.4 ns)

 <State 11>: 4.8ns
The critical path consists of the following:
	'add' operation ('add_ln355', detector_solid/abs_solid_detector.cpp:355) [67]  (1.55 ns)
	'getelementptr' operation ('regions_center_0_addr', detector_solid/abs_solid_detector.cpp:355) [69]  (0 ns)
	'store' operation ('store_ln355', detector_solid/abs_solid_detector.cpp:355) of variable 'conv', detector_solid/abs_solid_detector.cpp:355 on array 'regions_center_0' [146]  (3.25 ns)


============================================================
+ Verbose Summary: Binding
============================================================
N/A
* FSMD analyzer results:
  - Output states:
 - Input state : 
  - Chain level:
	State 1
	State 2
	State 3
	State 4
	State 5
	State 6
	State 7
	State 8
	State 9
	State 10
	State 11


============================================================
+ Verbose Summary: Datapath Resource usage 
============================================================
N/A
