

================================================================
== Vitis HLS Report for 'read_data'
================================================================
* Date:           Thu Oct 20 12:05:31 2022

* Version:        2022.1 (Build 3526262 on Mon Apr 18 15:48:16 MDT 2022)
* Project:        detector_solid
* Solution:       solution2 (Vitis Kernel Flow Target)
* Product family: zynq
* Target device:  xc7z020-clg484-1


================================================================
== Performance Estimates
================================================================
+ Timing: 
    * Summary: 
    +--------+----------+-----------+------------+
    |  Clock |  Target  | Estimated | Uncertainty|
    +--------+----------+-----------+------------+
    |ap_clk  |  18.00 ns|  13.140 ns|     4.86 ns|
    +--------+----------+-----------+------------+

+ Latency: 
    * Summary: 
    +---------+---------+----------+----------+-----+-----+---------+
    |  Latency (cycles) |  Latency (absolute) |  Interval | Pipeline|
    |   min   |   max   |    min   |    max   | min | max |   Type  |
    +---------+---------+----------+----------+-----+-----+---------+
    |        ?|        ?|         ?|         ?|    ?|    ?|       no|
    +---------+---------+----------+----------+-----+-----+---------+

    + Detail: 
        * Instance: 
        N/A

        * Loop: 
        +--------------------+---------+---------+----------+-----------+-----------+------+----------+
        |                    |  Latency (cycles) | Iteration|  Initiation Interval  | Trip |          |
        |      Loop Name     |   min   |   max   |  Latency |  achieved |   target  | Count| Pipelined|
        +--------------------+---------+---------+----------+-----------+-----------+------+----------+
        |- VITIS_LOOP_494_1  |        ?|        ?|         1|          -|          -|   inf|        no|
        +--------------------+---------+---------+----------+-----------+-----------+------+----------+

============================================================
+ Verbose Summary: Synthesis Manager
============================================================
InlineROM: 1
ExposeGlobal: 0
============================================================
+ Verbose Summary: CDFG Model
============================================================
IsTopModel: 0
ResetActiveHigh: 1
IsCombinational: 2
IsDatapathOnly: 0
HasWiredReturn: 0
HasMFsm: 0
HasVarLatency: 1
IsPipeline: 0
IsRtlPipelined: 0
IsInstanceOverlapped: 0
IsDontTouch: 0
HasImplIP: 0
IsGatedGlobalClock: 0


============================================================
+ Verbose Summary: Schedule
============================================================
* Number of FSM states : 72
* Pipeline : 0
* Dataflow Pipeline: 0

* FSM state transitions: 
1 --> 2 
2 --> 3 
3 --> 4 
4 --> 5 
5 --> 6 
6 --> 7 
7 --> 8 
8 --> 9 
9 --> 10 
10 --> 11 
11 --> 12 
12 --> 13 
13 --> 14 
14 --> 15 
15 --> 16 
16 --> 17 
17 --> 18 
18 --> 19 
19 --> 20 
20 --> 21 
21 --> 22 
22 --> 23 
23 --> 24 
24 --> 25 
25 --> 26 
26 --> 27 
27 --> 28 
28 --> 29 
29 --> 30 
30 --> 31 
31 --> 32 
32 --> 33 
33 --> 34 
34 --> 35 
35 --> 36 
36 --> 37 
37 --> 38 
38 --> 39 
39 --> 40 
40 --> 41 
41 --> 42 
42 --> 43 
43 --> 44 
44 --> 45 
45 --> 46 
46 --> 47 
47 --> 48 
48 --> 49 
49 --> 50 
50 --> 51 
51 --> 52 
52 --> 53 
53 --> 54 
54 --> 55 
55 --> 56 
56 --> 57 
57 --> 58 
58 --> 59 
59 --> 60 
60 --> 61 
61 --> 62 
62 --> 63 
63 --> 64 
64 --> 65 
65 --> 66 
66 --> 67 
67 --> 68 
68 --> 69 
69 --> 70 
70 --> 71 
71 --> 72 
72 --> 72 

* FSM state operations: 

State 1 <SV = 0> <Delay = 13.1>
ST_1 : Operation 73 [1/1] (0.00ns)   --->   "%inputAOV_read = read i64 @_ssdm_op_Read.ap_auto.i64, i64 %inputAOV"   --->   Operation 73 'read' 'inputAOV_read' <Predicate = true> <Delay = 0.00>
ST_1 : Operation 74 [1/1] (0.00ns)   --->   "%p_cast = partselect i58 @_ssdm_op_PartSelect.i58.i64.i32.i32, i64 %inputAOV_read, i32 6, i32 63"   --->   Operation 74 'partselect' 'p_cast' <Predicate = true> <Delay = 0.00>
ST_1 : Operation 75 [1/1] (0.00ns)   --->   "%p_cast_cast = sext i58 %p_cast"   --->   Operation 75 'sext' 'p_cast_cast' <Predicate = true> <Delay = 0.00>
ST_1 : Operation 76 [1/1] (0.00ns)   --->   "%gmem_addr = getelementptr i512 %gmem, i64 %p_cast_cast"   --->   Operation 76 'getelementptr' 'gmem_addr' <Predicate = true> <Delay = 0.00>
ST_1 : Operation 77 [70/70] (13.1ns)   --->   "%gmem_load_req = readreq i1 @_ssdm_op_ReadReq.m_axi.i512P1A, i512 %gmem_addr, i32 1"   --->   Operation 77 'readreq' 'gmem_load_req' <Predicate = true> <Delay = 13.1> <CoreInst = "m_axi">   --->   Core 113 'm_axi' <Latency = 0> <II = 1> <Delay = 1.00> <Adapter> <Opcode : 'read' 'write' 'readreq' 'writereq' 'writeresp'>

State 2 <SV = 1> <Delay = 13.1>
ST_2 : Operation 78 [69/70] (13.1ns)   --->   "%gmem_load_req = readreq i1 @_ssdm_op_ReadReq.m_axi.i512P1A, i512 %gmem_addr, i32 1"   --->   Operation 78 'readreq' 'gmem_load_req' <Predicate = true> <Delay = 13.1> <CoreInst = "m_axi">   --->   Core 113 'm_axi' <Latency = 0> <II = 1> <Delay = 1.00> <Adapter> <Opcode : 'read' 'write' 'readreq' 'writereq' 'writeresp'>

State 3 <SV = 2> <Delay = 13.1>
ST_3 : Operation 79 [68/70] (13.1ns)   --->   "%gmem_load_req = readreq i1 @_ssdm_op_ReadReq.m_axi.i512P1A, i512 %gmem_addr, i32 1"   --->   Operation 79 'readreq' 'gmem_load_req' <Predicate = true> <Delay = 13.1> <CoreInst = "m_axi">   --->   Core 113 'm_axi' <Latency = 0> <II = 1> <Delay = 1.00> <Adapter> <Opcode : 'read' 'write' 'readreq' 'writereq' 'writeresp'>

State 4 <SV = 3> <Delay = 13.1>
ST_4 : Operation 80 [67/70] (13.1ns)   --->   "%gmem_load_req = readreq i1 @_ssdm_op_ReadReq.m_axi.i512P1A, i512 %gmem_addr, i32 1"   --->   Operation 80 'readreq' 'gmem_load_req' <Predicate = true> <Delay = 13.1> <CoreInst = "m_axi">   --->   Core 113 'm_axi' <Latency = 0> <II = 1> <Delay = 1.00> <Adapter> <Opcode : 'read' 'write' 'readreq' 'writereq' 'writeresp'>

State 5 <SV = 4> <Delay = 13.1>
ST_5 : Operation 81 [66/70] (13.1ns)   --->   "%gmem_load_req = readreq i1 @_ssdm_op_ReadReq.m_axi.i512P1A, i512 %gmem_addr, i32 1"   --->   Operation 81 'readreq' 'gmem_load_req' <Predicate = true> <Delay = 13.1> <CoreInst = "m_axi">   --->   Core 113 'm_axi' <Latency = 0> <II = 1> <Delay = 1.00> <Adapter> <Opcode : 'read' 'write' 'readreq' 'writereq' 'writeresp'>

State 6 <SV = 5> <Delay = 13.1>
ST_6 : Operation 82 [65/70] (13.1ns)   --->   "%gmem_load_req = readreq i1 @_ssdm_op_ReadReq.m_axi.i512P1A, i512 %gmem_addr, i32 1"   --->   Operation 82 'readreq' 'gmem_load_req' <Predicate = true> <Delay = 13.1> <CoreInst = "m_axi">   --->   Core 113 'm_axi' <Latency = 0> <II = 1> <Delay = 1.00> <Adapter> <Opcode : 'read' 'write' 'readreq' 'writereq' 'writeresp'>

State 7 <SV = 6> <Delay = 13.1>
ST_7 : Operation 83 [64/70] (13.1ns)   --->   "%gmem_load_req = readreq i1 @_ssdm_op_ReadReq.m_axi.i512P1A, i512 %gmem_addr, i32 1"   --->   Operation 83 'readreq' 'gmem_load_req' <Predicate = true> <Delay = 13.1> <CoreInst = "m_axi">   --->   Core 113 'm_axi' <Latency = 0> <II = 1> <Delay = 1.00> <Adapter> <Opcode : 'read' 'write' 'readreq' 'writereq' 'writeresp'>

State 8 <SV = 7> <Delay = 13.1>
ST_8 : Operation 84 [63/70] (13.1ns)   --->   "%gmem_load_req = readreq i1 @_ssdm_op_ReadReq.m_axi.i512P1A, i512 %gmem_addr, i32 1"   --->   Operation 84 'readreq' 'gmem_load_req' <Predicate = true> <Delay = 13.1> <CoreInst = "m_axi">   --->   Core 113 'm_axi' <Latency = 0> <II = 1> <Delay = 1.00> <Adapter> <Opcode : 'read' 'write' 'readreq' 'writereq' 'writeresp'>

State 9 <SV = 8> <Delay = 13.1>
ST_9 : Operation 85 [62/70] (13.1ns)   --->   "%gmem_load_req = readreq i1 @_ssdm_op_ReadReq.m_axi.i512P1A, i512 %gmem_addr, i32 1"   --->   Operation 85 'readreq' 'gmem_load_req' <Predicate = true> <Delay = 13.1> <CoreInst = "m_axi">   --->   Core 113 'm_axi' <Latency = 0> <II = 1> <Delay = 1.00> <Adapter> <Opcode : 'read' 'write' 'readreq' 'writereq' 'writeresp'>

State 10 <SV = 9> <Delay = 13.1>
ST_10 : Operation 86 [61/70] (13.1ns)   --->   "%gmem_load_req = readreq i1 @_ssdm_op_ReadReq.m_axi.i512P1A, i512 %gmem_addr, i32 1"   --->   Operation 86 'readreq' 'gmem_load_req' <Predicate = true> <Delay = 13.1> <CoreInst = "m_axi">   --->   Core 113 'm_axi' <Latency = 0> <II = 1> <Delay = 1.00> <Adapter> <Opcode : 'read' 'write' 'readreq' 'writereq' 'writeresp'>

State 11 <SV = 10> <Delay = 13.1>
ST_11 : Operation 87 [60/70] (13.1ns)   --->   "%gmem_load_req = readreq i1 @_ssdm_op_ReadReq.m_axi.i512P1A, i512 %gmem_addr, i32 1"   --->   Operation 87 'readreq' 'gmem_load_req' <Predicate = true> <Delay = 13.1> <CoreInst = "m_axi">   --->   Core 113 'm_axi' <Latency = 0> <II = 1> <Delay = 1.00> <Adapter> <Opcode : 'read' 'write' 'readreq' 'writereq' 'writeresp'>

State 12 <SV = 11> <Delay = 13.1>
ST_12 : Operation 88 [59/70] (13.1ns)   --->   "%gmem_load_req = readreq i1 @_ssdm_op_ReadReq.m_axi.i512P1A, i512 %gmem_addr, i32 1"   --->   Operation 88 'readreq' 'gmem_load_req' <Predicate = true> <Delay = 13.1> <CoreInst = "m_axi">   --->   Core 113 'm_axi' <Latency = 0> <II = 1> <Delay = 1.00> <Adapter> <Opcode : 'read' 'write' 'readreq' 'writereq' 'writeresp'>

State 13 <SV = 12> <Delay = 13.1>
ST_13 : Operation 89 [58/70] (13.1ns)   --->   "%gmem_load_req = readreq i1 @_ssdm_op_ReadReq.m_axi.i512P1A, i512 %gmem_addr, i32 1"   --->   Operation 89 'readreq' 'gmem_load_req' <Predicate = true> <Delay = 13.1> <CoreInst = "m_axi">   --->   Core 113 'm_axi' <Latency = 0> <II = 1> <Delay = 1.00> <Adapter> <Opcode : 'read' 'write' 'readreq' 'writereq' 'writeresp'>

State 14 <SV = 13> <Delay = 13.1>
ST_14 : Operation 90 [57/70] (13.1ns)   --->   "%gmem_load_req = readreq i1 @_ssdm_op_ReadReq.m_axi.i512P1A, i512 %gmem_addr, i32 1"   --->   Operation 90 'readreq' 'gmem_load_req' <Predicate = true> <Delay = 13.1> <CoreInst = "m_axi">   --->   Core 113 'm_axi' <Latency = 0> <II = 1> <Delay = 1.00> <Adapter> <Opcode : 'read' 'write' 'readreq' 'writereq' 'writeresp'>

State 15 <SV = 14> <Delay = 13.1>
ST_15 : Operation 91 [56/70] (13.1ns)   --->   "%gmem_load_req = readreq i1 @_ssdm_op_ReadReq.m_axi.i512P1A, i512 %gmem_addr, i32 1"   --->   Operation 91 'readreq' 'gmem_load_req' <Predicate = true> <Delay = 13.1> <CoreInst = "m_axi">   --->   Core 113 'm_axi' <Latency = 0> <II = 1> <Delay = 1.00> <Adapter> <Opcode : 'read' 'write' 'readreq' 'writereq' 'writeresp'>

State 16 <SV = 15> <Delay = 13.1>
ST_16 : Operation 92 [55/70] (13.1ns)   --->   "%gmem_load_req = readreq i1 @_ssdm_op_ReadReq.m_axi.i512P1A, i512 %gmem_addr, i32 1"   --->   Operation 92 'readreq' 'gmem_load_req' <Predicate = true> <Delay = 13.1> <CoreInst = "m_axi">   --->   Core 113 'm_axi' <Latency = 0> <II = 1> <Delay = 1.00> <Adapter> <Opcode : 'read' 'write' 'readreq' 'writereq' 'writeresp'>

State 17 <SV = 16> <Delay = 13.1>
ST_17 : Operation 93 [54/70] (13.1ns)   --->   "%gmem_load_req = readreq i1 @_ssdm_op_ReadReq.m_axi.i512P1A, i512 %gmem_addr, i32 1"   --->   Operation 93 'readreq' 'gmem_load_req' <Predicate = true> <Delay = 13.1> <CoreInst = "m_axi">   --->   Core 113 'm_axi' <Latency = 0> <II = 1> <Delay = 1.00> <Adapter> <Opcode : 'read' 'write' 'readreq' 'writereq' 'writeresp'>

State 18 <SV = 17> <Delay = 13.1>
ST_18 : Operation 94 [53/70] (13.1ns)   --->   "%gmem_load_req = readreq i1 @_ssdm_op_ReadReq.m_axi.i512P1A, i512 %gmem_addr, i32 1"   --->   Operation 94 'readreq' 'gmem_load_req' <Predicate = true> <Delay = 13.1> <CoreInst = "m_axi">   --->   Core 113 'm_axi' <Latency = 0> <II = 1> <Delay = 1.00> <Adapter> <Opcode : 'read' 'write' 'readreq' 'writereq' 'writeresp'>

State 19 <SV = 18> <Delay = 13.1>
ST_19 : Operation 95 [52/70] (13.1ns)   --->   "%gmem_load_req = readreq i1 @_ssdm_op_ReadReq.m_axi.i512P1A, i512 %gmem_addr, i32 1"   --->   Operation 95 'readreq' 'gmem_load_req' <Predicate = true> <Delay = 13.1> <CoreInst = "m_axi">   --->   Core 113 'm_axi' <Latency = 0> <II = 1> <Delay = 1.00> <Adapter> <Opcode : 'read' 'write' 'readreq' 'writereq' 'writeresp'>

State 20 <SV = 19> <Delay = 13.1>
ST_20 : Operation 96 [51/70] (13.1ns)   --->   "%gmem_load_req = readreq i1 @_ssdm_op_ReadReq.m_axi.i512P1A, i512 %gmem_addr, i32 1"   --->   Operation 96 'readreq' 'gmem_load_req' <Predicate = true> <Delay = 13.1> <CoreInst = "m_axi">   --->   Core 113 'm_axi' <Latency = 0> <II = 1> <Delay = 1.00> <Adapter> <Opcode : 'read' 'write' 'readreq' 'writereq' 'writeresp'>

State 21 <SV = 20> <Delay = 13.1>
ST_21 : Operation 97 [50/70] (13.1ns)   --->   "%gmem_load_req = readreq i1 @_ssdm_op_ReadReq.m_axi.i512P1A, i512 %gmem_addr, i32 1"   --->   Operation 97 'readreq' 'gmem_load_req' <Predicate = true> <Delay = 13.1> <CoreInst = "m_axi">   --->   Core 113 'm_axi' <Latency = 0> <II = 1> <Delay = 1.00> <Adapter> <Opcode : 'read' 'write' 'readreq' 'writereq' 'writeresp'>

State 22 <SV = 21> <Delay = 13.1>
ST_22 : Operation 98 [49/70] (13.1ns)   --->   "%gmem_load_req = readreq i1 @_ssdm_op_ReadReq.m_axi.i512P1A, i512 %gmem_addr, i32 1"   --->   Operation 98 'readreq' 'gmem_load_req' <Predicate = true> <Delay = 13.1> <CoreInst = "m_axi">   --->   Core 113 'm_axi' <Latency = 0> <II = 1> <Delay = 1.00> <Adapter> <Opcode : 'read' 'write' 'readreq' 'writereq' 'writeresp'>

State 23 <SV = 22> <Delay = 13.1>
ST_23 : Operation 99 [48/70] (13.1ns)   --->   "%gmem_load_req = readreq i1 @_ssdm_op_ReadReq.m_axi.i512P1A, i512 %gmem_addr, i32 1"   --->   Operation 99 'readreq' 'gmem_load_req' <Predicate = true> <Delay = 13.1> <CoreInst = "m_axi">   --->   Core 113 'm_axi' <Latency = 0> <II = 1> <Delay = 1.00> <Adapter> <Opcode : 'read' 'write' 'readreq' 'writereq' 'writeresp'>

State 24 <SV = 23> <Delay = 13.1>
ST_24 : Operation 100 [47/70] (13.1ns)   --->   "%gmem_load_req = readreq i1 @_ssdm_op_ReadReq.m_axi.i512P1A, i512 %gmem_addr, i32 1"   --->   Operation 100 'readreq' 'gmem_load_req' <Predicate = true> <Delay = 13.1> <CoreInst = "m_axi">   --->   Core 113 'm_axi' <Latency = 0> <II = 1> <Delay = 1.00> <Adapter> <Opcode : 'read' 'write' 'readreq' 'writereq' 'writeresp'>

State 25 <SV = 24> <Delay = 13.1>
ST_25 : Operation 101 [46/70] (13.1ns)   --->   "%gmem_load_req = readreq i1 @_ssdm_op_ReadReq.m_axi.i512P1A, i512 %gmem_addr, i32 1"   --->   Operation 101 'readreq' 'gmem_load_req' <Predicate = true> <Delay = 13.1> <CoreInst = "m_axi">   --->   Core 113 'm_axi' <Latency = 0> <II = 1> <Delay = 1.00> <Adapter> <Opcode : 'read' 'write' 'readreq' 'writereq' 'writeresp'>

State 26 <SV = 25> <Delay = 13.1>
ST_26 : Operation 102 [45/70] (13.1ns)   --->   "%gmem_load_req = readreq i1 @_ssdm_op_ReadReq.m_axi.i512P1A, i512 %gmem_addr, i32 1"   --->   Operation 102 'readreq' 'gmem_load_req' <Predicate = true> <Delay = 13.1> <CoreInst = "m_axi">   --->   Core 113 'm_axi' <Latency = 0> <II = 1> <Delay = 1.00> <Adapter> <Opcode : 'read' 'write' 'readreq' 'writereq' 'writeresp'>

State 27 <SV = 26> <Delay = 13.1>
ST_27 : Operation 103 [44/70] (13.1ns)   --->   "%gmem_load_req = readreq i1 @_ssdm_op_ReadReq.m_axi.i512P1A, i512 %gmem_addr, i32 1"   --->   Operation 103 'readreq' 'gmem_load_req' <Predicate = true> <Delay = 13.1> <CoreInst = "m_axi">   --->   Core 113 'm_axi' <Latency = 0> <II = 1> <Delay = 1.00> <Adapter> <Opcode : 'read' 'write' 'readreq' 'writereq' 'writeresp'>

State 28 <SV = 27> <Delay = 13.1>
ST_28 : Operation 104 [43/70] (13.1ns)   --->   "%gmem_load_req = readreq i1 @_ssdm_op_ReadReq.m_axi.i512P1A, i512 %gmem_addr, i32 1"   --->   Operation 104 'readreq' 'gmem_load_req' <Predicate = true> <Delay = 13.1> <CoreInst = "m_axi">   --->   Core 113 'm_axi' <Latency = 0> <II = 1> <Delay = 1.00> <Adapter> <Opcode : 'read' 'write' 'readreq' 'writereq' 'writeresp'>

State 29 <SV = 28> <Delay = 13.1>
ST_29 : Operation 105 [42/70] (13.1ns)   --->   "%gmem_load_req = readreq i1 @_ssdm_op_ReadReq.m_axi.i512P1A, i512 %gmem_addr, i32 1"   --->   Operation 105 'readreq' 'gmem_load_req' <Predicate = true> <Delay = 13.1> <CoreInst = "m_axi">   --->   Core 113 'm_axi' <Latency = 0> <II = 1> <Delay = 1.00> <Adapter> <Opcode : 'read' 'write' 'readreq' 'writereq' 'writeresp'>

State 30 <SV = 29> <Delay = 13.1>
ST_30 : Operation 106 [41/70] (13.1ns)   --->   "%gmem_load_req = readreq i1 @_ssdm_op_ReadReq.m_axi.i512P1A, i512 %gmem_addr, i32 1"   --->   Operation 106 'readreq' 'gmem_load_req' <Predicate = true> <Delay = 13.1> <CoreInst = "m_axi">   --->   Core 113 'm_axi' <Latency = 0> <II = 1> <Delay = 1.00> <Adapter> <Opcode : 'read' 'write' 'readreq' 'writereq' 'writeresp'>

State 31 <SV = 30> <Delay = 13.1>
ST_31 : Operation 107 [40/70] (13.1ns)   --->   "%gmem_load_req = readreq i1 @_ssdm_op_ReadReq.m_axi.i512P1A, i512 %gmem_addr, i32 1"   --->   Operation 107 'readreq' 'gmem_load_req' <Predicate = true> <Delay = 13.1> <CoreInst = "m_axi">   --->   Core 113 'm_axi' <Latency = 0> <II = 1> <Delay = 1.00> <Adapter> <Opcode : 'read' 'write' 'readreq' 'writereq' 'writeresp'>

State 32 <SV = 31> <Delay = 13.1>
ST_32 : Operation 108 [39/70] (13.1ns)   --->   "%gmem_load_req = readreq i1 @_ssdm_op_ReadReq.m_axi.i512P1A, i512 %gmem_addr, i32 1"   --->   Operation 108 'readreq' 'gmem_load_req' <Predicate = true> <Delay = 13.1> <CoreInst = "m_axi">   --->   Core 113 'm_axi' <Latency = 0> <II = 1> <Delay = 1.00> <Adapter> <Opcode : 'read' 'write' 'readreq' 'writereq' 'writeresp'>

State 33 <SV = 32> <Delay = 13.1>
ST_33 : Operation 109 [38/70] (13.1ns)   --->   "%gmem_load_req = readreq i1 @_ssdm_op_ReadReq.m_axi.i512P1A, i512 %gmem_addr, i32 1"   --->   Operation 109 'readreq' 'gmem_load_req' <Predicate = true> <Delay = 13.1> <CoreInst = "m_axi">   --->   Core 113 'm_axi' <Latency = 0> <II = 1> <Delay = 1.00> <Adapter> <Opcode : 'read' 'write' 'readreq' 'writereq' 'writeresp'>

State 34 <SV = 33> <Delay = 13.1>
ST_34 : Operation 110 [37/70] (13.1ns)   --->   "%gmem_load_req = readreq i1 @_ssdm_op_ReadReq.m_axi.i512P1A, i512 %gmem_addr, i32 1"   --->   Operation 110 'readreq' 'gmem_load_req' <Predicate = true> <Delay = 13.1> <CoreInst = "m_axi">   --->   Core 113 'm_axi' <Latency = 0> <II = 1> <Delay = 1.00> <Adapter> <Opcode : 'read' 'write' 'readreq' 'writereq' 'writeresp'>

State 35 <SV = 34> <Delay = 13.1>
ST_35 : Operation 111 [36/70] (13.1ns)   --->   "%gmem_load_req = readreq i1 @_ssdm_op_ReadReq.m_axi.i512P1A, i512 %gmem_addr, i32 1"   --->   Operation 111 'readreq' 'gmem_load_req' <Predicate = true> <Delay = 13.1> <CoreInst = "m_axi">   --->   Core 113 'm_axi' <Latency = 0> <II = 1> <Delay = 1.00> <Adapter> <Opcode : 'read' 'write' 'readreq' 'writereq' 'writeresp'>

State 36 <SV = 35> <Delay = 13.1>
ST_36 : Operation 112 [35/70] (13.1ns)   --->   "%gmem_load_req = readreq i1 @_ssdm_op_ReadReq.m_axi.i512P1A, i512 %gmem_addr, i32 1"   --->   Operation 112 'readreq' 'gmem_load_req' <Predicate = true> <Delay = 13.1> <CoreInst = "m_axi">   --->   Core 113 'm_axi' <Latency = 0> <II = 1> <Delay = 1.00> <Adapter> <Opcode : 'read' 'write' 'readreq' 'writereq' 'writeresp'>

State 37 <SV = 36> <Delay = 13.1>
ST_37 : Operation 113 [34/70] (13.1ns)   --->   "%gmem_load_req = readreq i1 @_ssdm_op_ReadReq.m_axi.i512P1A, i512 %gmem_addr, i32 1"   --->   Operation 113 'readreq' 'gmem_load_req' <Predicate = true> <Delay = 13.1> <CoreInst = "m_axi">   --->   Core 113 'm_axi' <Latency = 0> <II = 1> <Delay = 1.00> <Adapter> <Opcode : 'read' 'write' 'readreq' 'writereq' 'writeresp'>

State 38 <SV = 37> <Delay = 13.1>
ST_38 : Operation 114 [33/70] (13.1ns)   --->   "%gmem_load_req = readreq i1 @_ssdm_op_ReadReq.m_axi.i512P1A, i512 %gmem_addr, i32 1"   --->   Operation 114 'readreq' 'gmem_load_req' <Predicate = true> <Delay = 13.1> <CoreInst = "m_axi">   --->   Core 113 'm_axi' <Latency = 0> <II = 1> <Delay = 1.00> <Adapter> <Opcode : 'read' 'write' 'readreq' 'writereq' 'writeresp'>

State 39 <SV = 38> <Delay = 13.1>
ST_39 : Operation 115 [32/70] (13.1ns)   --->   "%gmem_load_req = readreq i1 @_ssdm_op_ReadReq.m_axi.i512P1A, i512 %gmem_addr, i32 1"   --->   Operation 115 'readreq' 'gmem_load_req' <Predicate = true> <Delay = 13.1> <CoreInst = "m_axi">   --->   Core 113 'm_axi' <Latency = 0> <II = 1> <Delay = 1.00> <Adapter> <Opcode : 'read' 'write' 'readreq' 'writereq' 'writeresp'>

State 40 <SV = 39> <Delay = 13.1>
ST_40 : Operation 116 [31/70] (13.1ns)   --->   "%gmem_load_req = readreq i1 @_ssdm_op_ReadReq.m_axi.i512P1A, i512 %gmem_addr, i32 1"   --->   Operation 116 'readreq' 'gmem_load_req' <Predicate = true> <Delay = 13.1> <CoreInst = "m_axi">   --->   Core 113 'm_axi' <Latency = 0> <II = 1> <Delay = 1.00> <Adapter> <Opcode : 'read' 'write' 'readreq' 'writereq' 'writeresp'>

State 41 <SV = 40> <Delay = 13.1>
ST_41 : Operation 117 [30/70] (13.1ns)   --->   "%gmem_load_req = readreq i1 @_ssdm_op_ReadReq.m_axi.i512P1A, i512 %gmem_addr, i32 1"   --->   Operation 117 'readreq' 'gmem_load_req' <Predicate = true> <Delay = 13.1> <CoreInst = "m_axi">   --->   Core 113 'm_axi' <Latency = 0> <II = 1> <Delay = 1.00> <Adapter> <Opcode : 'read' 'write' 'readreq' 'writereq' 'writeresp'>

State 42 <SV = 41> <Delay = 13.1>
ST_42 : Operation 118 [29/70] (13.1ns)   --->   "%gmem_load_req = readreq i1 @_ssdm_op_ReadReq.m_axi.i512P1A, i512 %gmem_addr, i32 1"   --->   Operation 118 'readreq' 'gmem_load_req' <Predicate = true> <Delay = 13.1> <CoreInst = "m_axi">   --->   Core 113 'm_axi' <Latency = 0> <II = 1> <Delay = 1.00> <Adapter> <Opcode : 'read' 'write' 'readreq' 'writereq' 'writeresp'>

State 43 <SV = 42> <Delay = 13.1>
ST_43 : Operation 119 [28/70] (13.1ns)   --->   "%gmem_load_req = readreq i1 @_ssdm_op_ReadReq.m_axi.i512P1A, i512 %gmem_addr, i32 1"   --->   Operation 119 'readreq' 'gmem_load_req' <Predicate = true> <Delay = 13.1> <CoreInst = "m_axi">   --->   Core 113 'm_axi' <Latency = 0> <II = 1> <Delay = 1.00> <Adapter> <Opcode : 'read' 'write' 'readreq' 'writereq' 'writeresp'>

State 44 <SV = 43> <Delay = 13.1>
ST_44 : Operation 120 [27/70] (13.1ns)   --->   "%gmem_load_req = readreq i1 @_ssdm_op_ReadReq.m_axi.i512P1A, i512 %gmem_addr, i32 1"   --->   Operation 120 'readreq' 'gmem_load_req' <Predicate = true> <Delay = 13.1> <CoreInst = "m_axi">   --->   Core 113 'm_axi' <Latency = 0> <II = 1> <Delay = 1.00> <Adapter> <Opcode : 'read' 'write' 'readreq' 'writereq' 'writeresp'>

State 45 <SV = 44> <Delay = 13.1>
ST_45 : Operation 121 [26/70] (13.1ns)   --->   "%gmem_load_req = readreq i1 @_ssdm_op_ReadReq.m_axi.i512P1A, i512 %gmem_addr, i32 1"   --->   Operation 121 'readreq' 'gmem_load_req' <Predicate = true> <Delay = 13.1> <CoreInst = "m_axi">   --->   Core 113 'm_axi' <Latency = 0> <II = 1> <Delay = 1.00> <Adapter> <Opcode : 'read' 'write' 'readreq' 'writereq' 'writeresp'>

State 46 <SV = 45> <Delay = 13.1>
ST_46 : Operation 122 [25/70] (13.1ns)   --->   "%gmem_load_req = readreq i1 @_ssdm_op_ReadReq.m_axi.i512P1A, i512 %gmem_addr, i32 1"   --->   Operation 122 'readreq' 'gmem_load_req' <Predicate = true> <Delay = 13.1> <CoreInst = "m_axi">   --->   Core 113 'm_axi' <Latency = 0> <II = 1> <Delay = 1.00> <Adapter> <Opcode : 'read' 'write' 'readreq' 'writereq' 'writeresp'>

State 47 <SV = 46> <Delay = 13.1>
ST_47 : Operation 123 [24/70] (13.1ns)   --->   "%gmem_load_req = readreq i1 @_ssdm_op_ReadReq.m_axi.i512P1A, i512 %gmem_addr, i32 1"   --->   Operation 123 'readreq' 'gmem_load_req' <Predicate = true> <Delay = 13.1> <CoreInst = "m_axi">   --->   Core 113 'm_axi' <Latency = 0> <II = 1> <Delay = 1.00> <Adapter> <Opcode : 'read' 'write' 'readreq' 'writereq' 'writeresp'>

State 48 <SV = 47> <Delay = 13.1>
ST_48 : Operation 124 [23/70] (13.1ns)   --->   "%gmem_load_req = readreq i1 @_ssdm_op_ReadReq.m_axi.i512P1A, i512 %gmem_addr, i32 1"   --->   Operation 124 'readreq' 'gmem_load_req' <Predicate = true> <Delay = 13.1> <CoreInst = "m_axi">   --->   Core 113 'm_axi' <Latency = 0> <II = 1> <Delay = 1.00> <Adapter> <Opcode : 'read' 'write' 'readreq' 'writereq' 'writeresp'>

State 49 <SV = 48> <Delay = 13.1>
ST_49 : Operation 125 [22/70] (13.1ns)   --->   "%gmem_load_req = readreq i1 @_ssdm_op_ReadReq.m_axi.i512P1A, i512 %gmem_addr, i32 1"   --->   Operation 125 'readreq' 'gmem_load_req' <Predicate = true> <Delay = 13.1> <CoreInst = "m_axi">   --->   Core 113 'm_axi' <Latency = 0> <II = 1> <Delay = 1.00> <Adapter> <Opcode : 'read' 'write' 'readreq' 'writereq' 'writeresp'>

State 50 <SV = 49> <Delay = 13.1>
ST_50 : Operation 126 [21/70] (13.1ns)   --->   "%gmem_load_req = readreq i1 @_ssdm_op_ReadReq.m_axi.i512P1A, i512 %gmem_addr, i32 1"   --->   Operation 126 'readreq' 'gmem_load_req' <Predicate = true> <Delay = 13.1> <CoreInst = "m_axi">   --->   Core 113 'm_axi' <Latency = 0> <II = 1> <Delay = 1.00> <Adapter> <Opcode : 'read' 'write' 'readreq' 'writereq' 'writeresp'>

State 51 <SV = 50> <Delay = 13.1>
ST_51 : Operation 127 [20/70] (13.1ns)   --->   "%gmem_load_req = readreq i1 @_ssdm_op_ReadReq.m_axi.i512P1A, i512 %gmem_addr, i32 1"   --->   Operation 127 'readreq' 'gmem_load_req' <Predicate = true> <Delay = 13.1> <CoreInst = "m_axi">   --->   Core 113 'm_axi' <Latency = 0> <II = 1> <Delay = 1.00> <Adapter> <Opcode : 'read' 'write' 'readreq' 'writereq' 'writeresp'>

State 52 <SV = 51> <Delay = 13.1>
ST_52 : Operation 128 [19/70] (13.1ns)   --->   "%gmem_load_req = readreq i1 @_ssdm_op_ReadReq.m_axi.i512P1A, i512 %gmem_addr, i32 1"   --->   Operation 128 'readreq' 'gmem_load_req' <Predicate = true> <Delay = 13.1> <CoreInst = "m_axi">   --->   Core 113 'm_axi' <Latency = 0> <II = 1> <Delay = 1.00> <Adapter> <Opcode : 'read' 'write' 'readreq' 'writereq' 'writeresp'>

State 53 <SV = 52> <Delay = 13.1>
ST_53 : Operation 129 [18/70] (13.1ns)   --->   "%gmem_load_req = readreq i1 @_ssdm_op_ReadReq.m_axi.i512P1A, i512 %gmem_addr, i32 1"   --->   Operation 129 'readreq' 'gmem_load_req' <Predicate = true> <Delay = 13.1> <CoreInst = "m_axi">   --->   Core 113 'm_axi' <Latency = 0> <II = 1> <Delay = 1.00> <Adapter> <Opcode : 'read' 'write' 'readreq' 'writereq' 'writeresp'>

State 54 <SV = 53> <Delay = 13.1>
ST_54 : Operation 130 [17/70] (13.1ns)   --->   "%gmem_load_req = readreq i1 @_ssdm_op_ReadReq.m_axi.i512P1A, i512 %gmem_addr, i32 1"   --->   Operation 130 'readreq' 'gmem_load_req' <Predicate = true> <Delay = 13.1> <CoreInst = "m_axi">   --->   Core 113 'm_axi' <Latency = 0> <II = 1> <Delay = 1.00> <Adapter> <Opcode : 'read' 'write' 'readreq' 'writereq' 'writeresp'>

State 55 <SV = 54> <Delay = 13.1>
ST_55 : Operation 131 [16/70] (13.1ns)   --->   "%gmem_load_req = readreq i1 @_ssdm_op_ReadReq.m_axi.i512P1A, i512 %gmem_addr, i32 1"   --->   Operation 131 'readreq' 'gmem_load_req' <Predicate = true> <Delay = 13.1> <CoreInst = "m_axi">   --->   Core 113 'm_axi' <Latency = 0> <II = 1> <Delay = 1.00> <Adapter> <Opcode : 'read' 'write' 'readreq' 'writereq' 'writeresp'>

State 56 <SV = 55> <Delay = 13.1>
ST_56 : Operation 132 [15/70] (13.1ns)   --->   "%gmem_load_req = readreq i1 @_ssdm_op_ReadReq.m_axi.i512P1A, i512 %gmem_addr, i32 1"   --->   Operation 132 'readreq' 'gmem_load_req' <Predicate = true> <Delay = 13.1> <CoreInst = "m_axi">   --->   Core 113 'm_axi' <Latency = 0> <II = 1> <Delay = 1.00> <Adapter> <Opcode : 'read' 'write' 'readreq' 'writereq' 'writeresp'>

State 57 <SV = 56> <Delay = 13.1>
ST_57 : Operation 133 [14/70] (13.1ns)   --->   "%gmem_load_req = readreq i1 @_ssdm_op_ReadReq.m_axi.i512P1A, i512 %gmem_addr, i32 1"   --->   Operation 133 'readreq' 'gmem_load_req' <Predicate = true> <Delay = 13.1> <CoreInst = "m_axi">   --->   Core 113 'm_axi' <Latency = 0> <II = 1> <Delay = 1.00> <Adapter> <Opcode : 'read' 'write' 'readreq' 'writereq' 'writeresp'>

State 58 <SV = 57> <Delay = 13.1>
ST_58 : Operation 134 [13/70] (13.1ns)   --->   "%gmem_load_req = readreq i1 @_ssdm_op_ReadReq.m_axi.i512P1A, i512 %gmem_addr, i32 1"   --->   Operation 134 'readreq' 'gmem_load_req' <Predicate = true> <Delay = 13.1> <CoreInst = "m_axi">   --->   Core 113 'm_axi' <Latency = 0> <II = 1> <Delay = 1.00> <Adapter> <Opcode : 'read' 'write' 'readreq' 'writereq' 'writeresp'>

State 59 <SV = 58> <Delay = 13.1>
ST_59 : Operation 135 [12/70] (13.1ns)   --->   "%gmem_load_req = readreq i1 @_ssdm_op_ReadReq.m_axi.i512P1A, i512 %gmem_addr, i32 1"   --->   Operation 135 'readreq' 'gmem_load_req' <Predicate = true> <Delay = 13.1> <CoreInst = "m_axi">   --->   Core 113 'm_axi' <Latency = 0> <II = 1> <Delay = 1.00> <Adapter> <Opcode : 'read' 'write' 'readreq' 'writereq' 'writeresp'>

State 60 <SV = 59> <Delay = 13.1>
ST_60 : Operation 136 [11/70] (13.1ns)   --->   "%gmem_load_req = readreq i1 @_ssdm_op_ReadReq.m_axi.i512P1A, i512 %gmem_addr, i32 1"   --->   Operation 136 'readreq' 'gmem_load_req' <Predicate = true> <Delay = 13.1> <CoreInst = "m_axi">   --->   Core 113 'm_axi' <Latency = 0> <II = 1> <Delay = 1.00> <Adapter> <Opcode : 'read' 'write' 'readreq' 'writereq' 'writeresp'>

State 61 <SV = 60> <Delay = 13.1>
ST_61 : Operation 137 [10/70] (13.1ns)   --->   "%gmem_load_req = readreq i1 @_ssdm_op_ReadReq.m_axi.i512P1A, i512 %gmem_addr, i32 1"   --->   Operation 137 'readreq' 'gmem_load_req' <Predicate = true> <Delay = 13.1> <CoreInst = "m_axi">   --->   Core 113 'm_axi' <Latency = 0> <II = 1> <Delay = 1.00> <Adapter> <Opcode : 'read' 'write' 'readreq' 'writereq' 'writeresp'>

State 62 <SV = 61> <Delay = 13.1>
ST_62 : Operation 138 [9/70] (13.1ns)   --->   "%gmem_load_req = readreq i1 @_ssdm_op_ReadReq.m_axi.i512P1A, i512 %gmem_addr, i32 1"   --->   Operation 138 'readreq' 'gmem_load_req' <Predicate = true> <Delay = 13.1> <CoreInst = "m_axi">   --->   Core 113 'm_axi' <Latency = 0> <II = 1> <Delay = 1.00> <Adapter> <Opcode : 'read' 'write' 'readreq' 'writereq' 'writeresp'>

State 63 <SV = 62> <Delay = 13.1>
ST_63 : Operation 139 [8/70] (13.1ns)   --->   "%gmem_load_req = readreq i1 @_ssdm_op_ReadReq.m_axi.i512P1A, i512 %gmem_addr, i32 1"   --->   Operation 139 'readreq' 'gmem_load_req' <Predicate = true> <Delay = 13.1> <CoreInst = "m_axi">   --->   Core 113 'm_axi' <Latency = 0> <II = 1> <Delay = 1.00> <Adapter> <Opcode : 'read' 'write' 'readreq' 'writereq' 'writeresp'>

State 64 <SV = 63> <Delay = 13.1>
ST_64 : Operation 140 [7/70] (13.1ns)   --->   "%gmem_load_req = readreq i1 @_ssdm_op_ReadReq.m_axi.i512P1A, i512 %gmem_addr, i32 1"   --->   Operation 140 'readreq' 'gmem_load_req' <Predicate = true> <Delay = 13.1> <CoreInst = "m_axi">   --->   Core 113 'm_axi' <Latency = 0> <II = 1> <Delay = 1.00> <Adapter> <Opcode : 'read' 'write' 'readreq' 'writereq' 'writeresp'>

State 65 <SV = 64> <Delay = 13.1>
ST_65 : Operation 141 [6/70] (13.1ns)   --->   "%gmem_load_req = readreq i1 @_ssdm_op_ReadReq.m_axi.i512P1A, i512 %gmem_addr, i32 1"   --->   Operation 141 'readreq' 'gmem_load_req' <Predicate = true> <Delay = 13.1> <CoreInst = "m_axi">   --->   Core 113 'm_axi' <Latency = 0> <II = 1> <Delay = 1.00> <Adapter> <Opcode : 'read' 'write' 'readreq' 'writereq' 'writeresp'>

State 66 <SV = 65> <Delay = 13.1>
ST_66 : Operation 142 [5/70] (13.1ns)   --->   "%gmem_load_req = readreq i1 @_ssdm_op_ReadReq.m_axi.i512P1A, i512 %gmem_addr, i32 1"   --->   Operation 142 'readreq' 'gmem_load_req' <Predicate = true> <Delay = 13.1> <CoreInst = "m_axi">   --->   Core 113 'm_axi' <Latency = 0> <II = 1> <Delay = 1.00> <Adapter> <Opcode : 'read' 'write' 'readreq' 'writereq' 'writeresp'>

State 67 <SV = 66> <Delay = 13.1>
ST_67 : Operation 143 [4/70] (13.1ns)   --->   "%gmem_load_req = readreq i1 @_ssdm_op_ReadReq.m_axi.i512P1A, i512 %gmem_addr, i32 1"   --->   Operation 143 'readreq' 'gmem_load_req' <Predicate = true> <Delay = 13.1> <CoreInst = "m_axi">   --->   Core 113 'm_axi' <Latency = 0> <II = 1> <Delay = 1.00> <Adapter> <Opcode : 'read' 'write' 'readreq' 'writereq' 'writeresp'>

State 68 <SV = 67> <Delay = 13.1>
ST_68 : Operation 144 [3/70] (13.1ns)   --->   "%gmem_load_req = readreq i1 @_ssdm_op_ReadReq.m_axi.i512P1A, i512 %gmem_addr, i32 1"   --->   Operation 144 'readreq' 'gmem_load_req' <Predicate = true> <Delay = 13.1> <CoreInst = "m_axi">   --->   Core 113 'm_axi' <Latency = 0> <II = 1> <Delay = 1.00> <Adapter> <Opcode : 'read' 'write' 'readreq' 'writereq' 'writeresp'>

State 69 <SV = 68> <Delay = 13.1>
ST_69 : Operation 145 [2/70] (13.1ns)   --->   "%gmem_load_req = readreq i1 @_ssdm_op_ReadReq.m_axi.i512P1A, i512 %gmem_addr, i32 1"   --->   Operation 145 'readreq' 'gmem_load_req' <Predicate = true> <Delay = 13.1> <CoreInst = "m_axi">   --->   Core 113 'm_axi' <Latency = 0> <II = 1> <Delay = 1.00> <Adapter> <Opcode : 'read' 'write' 'readreq' 'writereq' 'writeresp'>

State 70 <SV = 69> <Delay = 13.1>
ST_70 : Operation 146 [1/70] (13.1ns)   --->   "%gmem_load_req = readreq i1 @_ssdm_op_ReadReq.m_axi.i512P1A, i512 %gmem_addr, i32 1"   --->   Operation 146 'readreq' 'gmem_load_req' <Predicate = true> <Delay = 13.1> <CoreInst = "m_axi">   --->   Core 113 'm_axi' <Latency = 0> <II = 1> <Delay = 1.00> <Adapter> <Opcode : 'read' 'write' 'readreq' 'writereq' 'writeresp'>

State 71 <SV = 70> <Delay = 13.1>
ST_71 : Operation 147 [1/1] (0.00ns)   --->   "%specstablecontent_ln0 = specstablecontent void @_ssdm_op_SpecStableContent, i512 %gmem, void "   --->   Operation 147 'specstablecontent' 'specstablecontent_ln0' <Predicate = true> <Delay = 0.00>
ST_71 : Operation 148 [1/1] (0.00ns)   --->   "%specinterface_ln0 = specinterface void @_ssdm_op_SpecInterface, i320 %copyDest, void @empty_3, i32 0, i32 0, void @empty_23, i32 0, i32 0, void @empty_23, void @empty_23, void @empty_23, i32 0, i32 0, i32 0, i32 0, void @empty_23, void @empty_23, i32 4294967295, i32 0"   --->   Operation 148 'specinterface' 'specinterface_ln0' <Predicate = true> <Delay = 0.00>
ST_71 : Operation 149 [1/1] (0.00ns)   --->   "%specinterface_ln0 = specinterface void @_ssdm_op_SpecInterface, i512 %gmem, void @empty_27, i32 0, i32 0, void @empty_23, i32 64, i32 0, void @empty_7, void @empty_14, void @empty_23, i32 16, i32 16, i32 16, i32 16, void @empty_23, void @empty_23, i32 4294967295, i32 0"   --->   Operation 149 'specinterface' 'specinterface_ln0' <Predicate = true> <Delay = 0.00>
ST_71 : Operation 150 [1/1] (0.00ns)   --->   "%startCopy_read = read i64 @_ssdm_op_Read.ap_auto.i64, i64 %startCopy"   --->   Operation 150 'read' 'startCopy_read' <Predicate = true> <Delay = 0.00>
ST_71 : Operation 151 [1/1] (2.77ns)   --->   "%tobool = icmp_eq  i64 %startCopy_read, i64 0"   --->   Operation 151 'icmp' 'tobool' <Predicate = true> <Delay = 2.77> <CoreInst = "Cmp">   --->   Core 9 'Cmp' <Latency = 0> <II = 1> <Delay = 2.77> <FuncUnit> <Opcode : 'icmp'> <InPorts = 2> <OutPorts = 1>
ST_71 : Operation 152 [1/1] (13.1ns)   --->   "%gmem_addr_read = read i512 @_ssdm_op_Read.m_axi.i512P1A, i512 %gmem_addr"   --->   Operation 152 'read' 'gmem_addr_read' <Predicate = true> <Delay = 13.1> <CoreInst = "m_axi">   --->   Core 113 'm_axi' <Latency = 0> <II = 1> <Delay = 1.00> <Adapter> <Opcode : 'read' 'write' 'readreq' 'writereq' 'writeresp'>
ST_71 : Operation 153 [1/1] (0.00ns)   --->   "%tmp_s = partselect i256 @_ssdm_op_PartSelect.i256.i512.i32.i32, i512 %gmem_addr_read, i32 96, i32 351" [C:/Xilinx/Vitis_HLS/2022.1/common/technology/autopilot/hls_stream_39.h:174]   --->   Operation 153 'partselect' 'tmp_s' <Predicate = true> <Delay = 0.00>
ST_71 : Operation 154 [1/1] (0.00ns)   --->   "%tmp_54 = partselect i40 @_ssdm_op_PartSelect.i40.i512.i32.i32, i512 %gmem_addr_read, i32 32, i32 71" [C:/Xilinx/Vitis_HLS/2022.1/common/technology/autopilot/hls_stream_39.h:174]   --->   Operation 154 'partselect' 'tmp_54' <Predicate = true> <Delay = 0.00>
ST_71 : Operation 155 [1/1] (0.00ns)   --->   "%trunc_ln174 = trunc i512 %gmem_addr_read" [C:/Xilinx/Vitis_HLS/2022.1/common/technology/autopilot/hls_stream_39.h:174]   --->   Operation 155 'trunc' 'trunc_ln174' <Predicate = true> <Delay = 0.00>
ST_71 : Operation 156 [1/1] (0.00ns)   --->   "%or_ln174_s = bitconcatenate i320 @_ssdm_op_BitConcatenate.i320.i256.i40.i24, i256 %tmp_s, i40 %tmp_54, i24 %trunc_ln174" [C:/Xilinx/Vitis_HLS/2022.1/common/technology/autopilot/hls_stream_39.h:174]   --->   Operation 156 'bitconcatenate' 'or_ln174_s' <Predicate = true> <Delay = 0.00>
ST_71 : Operation 157 [1/1] (0.00ns)   --->   "%br_ln494 = br void %while.body" [detector_solid/abs_solid_detector.cpp:494]   --->   Operation 157 'br' 'br_ln494' <Predicate = true> <Delay = 0.00>

State 72 <SV = 71> <Delay = 3.63>
ST_72 : Operation 158 [1/1] (0.00ns)   --->   "%specloopname_ln496 = specloopname void @_ssdm_op_SpecLoopName, void @empty_24" [detector_solid/abs_solid_detector.cpp:496]   --->   Operation 158 'specloopname' 'specloopname_ln496' <Predicate = true> <Delay = 0.00>
ST_72 : Operation 159 [1/1] (0.00ns)   --->   "%br_ln496 = br i1 %tobool, void %if.then, void %if.end" [detector_solid/abs_solid_detector.cpp:496]   --->   Operation 159 'br' 'br_ln496' <Predicate = true> <Delay = 0.00>
ST_72 : Operation 160 [1/1] (3.63ns)   --->   "%write_ln174 = write void @_ssdm_op_Write.ap_fifo.volatile.i320P0A, i320 %copyDest, i320 %or_ln174_s" [C:/Xilinx/Vitis_HLS/2022.1/common/technology/autopilot/hls_stream_39.h:174]   --->   Operation 160 'write' 'write_ln174' <Predicate = (!tobool)> <Delay = 3.63> <CoreInst = "FIFO_SRL">   --->   Core 81 'FIFO_SRL' <Latency = 0> <II = 1> <Delay = 3.63> <Storage> <Opcode : 'read' 'write' 'nbread' 'nbwrite'> <Ports = 0> <Width = 320> <Depth = 1> <FIFO>
ST_72 : Operation 161 [1/1] (0.00ns)   --->   "%br_ln502 = br void %if.end" [detector_solid/abs_solid_detector.cpp:502]   --->   Operation 161 'br' 'br_ln502' <Predicate = (!tobool)> <Delay = 0.00>
ST_72 : Operation 162 [1/1] (0.00ns)   --->   "%br_ln494 = br void %while.body" [detector_solid/abs_solid_detector.cpp:494]   --->   Operation 162 'br' 'br_ln494' <Predicate = true> <Delay = 0.00>


============================================================
+ Verbose Summary: Binding
============================================================
STG Binding: 
---------------- STG Properties BEGIN ----------------
- Is combinational: 0
- Is one-state seq: 0
- Is datapath-only: 0
- Is pipelined: 0
- Is top level: 0
Port [ Return ] is wired: 1; IO mode=ap_ctrl_hs:ce=0
Port [ copyDest]:  wired=1; compound=1; hidden=0; nouse=0; global=0; static=0; extern=0; dir=1; type=3; pingpong=0; private_global=0; IO mode=ap_fifo:ce=0
Port [ gmem]:  wired=1; compound=1; hidden=0; nouse=0; global=0; static=0; extern=0; dir=0; type=4; pingpong=0; private_global=0; IO mode=m_axi:ce=0
Port [ inputAOV]:  wired=1; compound=0; hidden=0; nouse=0; global=0; static=0; extern=0; dir=0; type=0; pingpong=0; private_global=0; IO mode=ap_none:ce=0
Port [ startCopy]:  wired=1; compound=0; hidden=0; nouse=0; global=0; static=0; extern=0; dir=0; type=0; pingpong=0; private_global=0; IO mode=ap_none:ce=0
---------------- STG Properties END ------------------

---------------- Datapath Model BEGIN ----------------

<LifeTime>
<method=bitvector/>
inputAOV_read         (read             ) [ 0000000000000000000000000000000000000000000000000000000000000000000000000]
p_cast                (partselect       ) [ 0000000000000000000000000000000000000000000000000000000000000000000000000]
p_cast_cast           (sext             ) [ 0000000000000000000000000000000000000000000000000000000000000000000000000]
gmem_addr             (getelementptr    ) [ 0011111111111111111111111111111111111111111111111111111111111111111111110]
gmem_load_req         (readreq          ) [ 0000000000000000000000000000000000000000000000000000000000000000000000000]
specstablecontent_ln0 (specstablecontent) [ 0000000000000000000000000000000000000000000000000000000000000000000000000]
specinterface_ln0     (specinterface    ) [ 0000000000000000000000000000000000000000000000000000000000000000000000000]
specinterface_ln0     (specinterface    ) [ 0000000000000000000000000000000000000000000000000000000000000000000000000]
startCopy_read        (read             ) [ 0000000000000000000000000000000000000000000000000000000000000000000000000]
tobool                (icmp             ) [ 0000000000000000000000000000000000000000000000000000000000000000000000001]
gmem_addr_read        (read             ) [ 0000000000000000000000000000000000000000000000000000000000000000000000000]
tmp_s                 (partselect       ) [ 0000000000000000000000000000000000000000000000000000000000000000000000000]
tmp_54                (partselect       ) [ 0000000000000000000000000000000000000000000000000000000000000000000000000]
trunc_ln174           (trunc            ) [ 0000000000000000000000000000000000000000000000000000000000000000000000000]
or_ln174_s            (bitconcatenate   ) [ 0000000000000000000000000000000000000000000000000000000000000000000000001]
br_ln494              (br               ) [ 0000000000000000000000000000000000000000000000000000000000000000000000000]
specloopname_ln496    (specloopname     ) [ 0000000000000000000000000000000000000000000000000000000000000000000000000]
br_ln496              (br               ) [ 0000000000000000000000000000000000000000000000000000000000000000000000000]
write_ln174           (write            ) [ 0000000000000000000000000000000000000000000000000000000000000000000000000]
br_ln502              (br               ) [ 0000000000000000000000000000000000000000000000000000000000000000000000000]
br_ln494              (br               ) [ 0000000000000000000000000000000000000000000000000000000000000000000000000]
</LifeTime>

<model>

<comp_list>
<comp id="0" class="1000" name="copyDest">
<pin_list>
<pin id="1" dir="1" index="0" bw="1" slack="0"/>
</pin_list>
<bind>
<StgValue><ssdm name="copyDest"/></StgValue>
</bind>
</comp>

<comp id="2" class="1000" name="gmem">
<pin_list>
<pin id="3" dir="1" index="0" bw="1" slack="0"/>
</pin_list>
<bind>
<StgValue><ssdm name="gmem"/></StgValue>
</bind>
</comp>

<comp id="4" class="1000" name="inputAOV">
<pin_list>
<pin id="5" dir="1" index="0" bw="1" slack="0"/>
</pin_list>
<bind>
<StgValue><ssdm name="inputAOV"/></StgValue>
</bind>
</comp>

<comp id="6" class="1000" name="startCopy">
<pin_list>
<pin id="7" dir="1" index="0" bw="1" slack="0"/>
</pin_list>
<bind>
<StgValue><ssdm name="startCopy"/></StgValue>
</bind>
</comp>

<comp id="8" class="1001" name="const_8">
<pin_list>
<pin id="9" dir="1" index="0" bw="1" slack="0"/>
</pin_list>
<bind>
<StgValue><ssdm name="_ssdm_op_Read.ap_auto.i64"/></StgValue>
</bind>
</comp>

<comp id="10" class="1001" name="const_10">
<pin_list>
<pin id="11" dir="1" index="0" bw="1" slack="0"/>
</pin_list>
<bind>
<StgValue><ssdm name="_ssdm_op_PartSelect.i58.i64.i32.i32"/></StgValue>
</bind>
</comp>

<comp id="12" class="1001" name="const_12">
<pin_list>
<pin id="13" dir="1" index="0" bw="1" slack="0"/>
</pin_list>
<bind>
<StgValue><ssdm name=""/></StgValue>
</bind>
</comp>

<comp id="14" class="1001" name="const_14">
<pin_list>
<pin id="15" dir="1" index="0" bw="1" slack="0"/>
</pin_list>
<bind>
<StgValue><ssdm name=""/></StgValue>
</bind>
</comp>

<comp id="16" class="1001" name="const_16">
<pin_list>
<pin id="17" dir="1" index="0" bw="1" slack="0"/>
</pin_list>
<bind>
<StgValue><ssdm name="_ssdm_op_ReadReq.m_axi.i512P1A"/></StgValue>
</bind>
</comp>

<comp id="18" class="1001" name="const_18">
<pin_list>
<pin id="19" dir="1" index="0" bw="1" slack="0"/>
</pin_list>
<bind>
<StgValue><ssdm name=""/></StgValue>
</bind>
</comp>

<comp id="20" class="1001" name="const_20">
<pin_list>
<pin id="21" dir="1" index="0" bw="1" slack="2147483647"/>
</pin_list>
<bind>
<StgValue><ssdm name="_ssdm_op_SpecStableContent"/></StgValue>
</bind>
</comp>

<comp id="22" class="1001" name="const_22">
<pin_list>
<pin id="23" dir="1" index="0" bw="1" slack="2147483647"/>
</pin_list>
<bind>
<StgValue><ssdm name=""/></StgValue>
</bind>
</comp>

<comp id="24" class="1001" name="const_24">
<pin_list>
<pin id="25" dir="1" index="0" bw="1" slack="2147483647"/>
</pin_list>
<bind>
<StgValue><ssdm name="_ssdm_op_SpecInterface"/></StgValue>
</bind>
</comp>

<comp id="26" class="1001" name="const_26">
<pin_list>
<pin id="27" dir="1" index="0" bw="1" slack="2147483647"/>
</pin_list>
<bind>
<StgValue><ssdm name="empty_3"/></StgValue>
</bind>
</comp>

<comp id="28" class="1001" name="const_28">
<pin_list>
<pin id="29" dir="1" index="0" bw="1" slack="2147483647"/>
</pin_list>
<bind>
<StgValue><ssdm name=""/></StgValue>
</bind>
</comp>

<comp id="30" class="1001" name="const_30">
<pin_list>
<pin id="31" dir="1" index="0" bw="1" slack="2147483647"/>
</pin_list>
<bind>
<StgValue><ssdm name="empty_23"/></StgValue>
</bind>
</comp>

<comp id="32" class="1001" name="const_32">
<pin_list>
<pin id="33" dir="1" index="0" bw="1" slack="2147483647"/>
</pin_list>
<bind>
<StgValue><ssdm name=""/></StgValue>
</bind>
</comp>

<comp id="34" class="1001" name="const_34">
<pin_list>
<pin id="35" dir="1" index="0" bw="1" slack="2147483647"/>
</pin_list>
<bind>
<StgValue><ssdm name="empty_27"/></StgValue>
</bind>
</comp>

<comp id="36" class="1001" name="const_36">
<pin_list>
<pin id="37" dir="1" index="0" bw="1" slack="2147483647"/>
</pin_list>
<bind>
<StgValue><ssdm name=""/></StgValue>
</bind>
</comp>

<comp id="38" class="1001" name="const_38">
<pin_list>
<pin id="39" dir="1" index="0" bw="1" slack="2147483647"/>
</pin_list>
<bind>
<StgValue><ssdm name="empty_7"/></StgValue>
</bind>
</comp>

<comp id="40" class="1001" name="const_40">
<pin_list>
<pin id="41" dir="1" index="0" bw="1" slack="2147483647"/>
</pin_list>
<bind>
<StgValue><ssdm name="empty_14"/></StgValue>
</bind>
</comp>

<comp id="42" class="1001" name="const_42">
<pin_list>
<pin id="43" dir="1" index="0" bw="1" slack="2147483647"/>
</pin_list>
<bind>
<StgValue><ssdm name=""/></StgValue>
</bind>
</comp>

<comp id="44" class="1001" name="const_44">
<pin_list>
<pin id="45" dir="1" index="0" bw="1" slack="0"/>
</pin_list>
<bind>
<StgValue><ssdm name=""/></StgValue>
</bind>
</comp>

<comp id="46" class="1001" name="const_46">
<pin_list>
<pin id="47" dir="1" index="0" bw="1" slack="0"/>
</pin_list>
<bind>
<StgValue><ssdm name="_ssdm_op_Read.m_axi.i512P1A"/></StgValue>
</bind>
</comp>

<comp id="48" class="1001" name="const_48">
<pin_list>
<pin id="49" dir="1" index="0" bw="1" slack="0"/>
</pin_list>
<bind>
<StgValue><ssdm name="_ssdm_op_PartSelect.i256.i512.i32.i32"/></StgValue>
</bind>
</comp>

<comp id="50" class="1001" name="const_50">
<pin_list>
<pin id="51" dir="1" index="0" bw="1" slack="0"/>
</pin_list>
<bind>
<StgValue><ssdm name=""/></StgValue>
</bind>
</comp>

<comp id="52" class="1001" name="const_52">
<pin_list>
<pin id="53" dir="1" index="0" bw="1" slack="0"/>
</pin_list>
<bind>
<StgValue><ssdm name=""/></StgValue>
</bind>
</comp>

<comp id="54" class="1001" name="const_54">
<pin_list>
<pin id="55" dir="1" index="0" bw="1" slack="0"/>
</pin_list>
<bind>
<StgValue><ssdm name="_ssdm_op_PartSelect.i40.i512.i32.i32"/></StgValue>
</bind>
</comp>

<comp id="56" class="1001" name="const_56">
<pin_list>
<pin id="57" dir="1" index="0" bw="1" slack="0"/>
</pin_list>
<bind>
<StgValue><ssdm name=""/></StgValue>
</bind>
</comp>

<comp id="58" class="1001" name="const_58">
<pin_list>
<pin id="59" dir="1" index="0" bw="1" slack="0"/>
</pin_list>
<bind>
<StgValue><ssdm name=""/></StgValue>
</bind>
</comp>

<comp id="60" class="1001" name="const_60">
<pin_list>
<pin id="61" dir="1" index="0" bw="1" slack="0"/>
</pin_list>
<bind>
<StgValue><ssdm name="_ssdm_op_BitConcatenate.i320.i256.i40.i24"/></StgValue>
</bind>
</comp>

<comp id="62" class="1001" name="const_62">
<pin_list>
<pin id="63" dir="1" index="0" bw="1" slack="2147483647"/>
</pin_list>
<bind>
<StgValue><ssdm name="_ssdm_op_SpecLoopName"/></StgValue>
</bind>
</comp>

<comp id="64" class="1001" name="const_64">
<pin_list>
<pin id="65" dir="1" index="0" bw="1" slack="2147483647"/>
</pin_list>
<bind>
<StgValue><ssdm name="empty_24"/></StgValue>
</bind>
</comp>

<comp id="66" class="1001" name="const_66">
<pin_list>
<pin id="67" dir="1" index="0" bw="1" slack="0"/>
</pin_list>
<bind>
<StgValue><ssdm name="_ssdm_op_Write.ap_fifo.volatile.i320P0A"/></StgValue>
</bind>
</comp>

<comp id="68" class="1004" name="inputAOV_read_read_fu_68">
<pin_list>
<pin id="69" dir="0" index="0" bw="64" slack="0"/>
<pin id="70" dir="0" index="1" bw="64" slack="0"/>
<pin id="71" dir="1" index="2" bw="64" slack="0"/>
</pin_list>
<bind>
<opcode="read(1150) " fcode="read"/>
<opset="inputAOV_read/1 "/>
</bind>
</comp>

<comp id="74" class="1004" name="grp_readreq_fu_74">
<pin_list>
<pin id="75" dir="0" index="0" bw="1" slack="0"/>
<pin id="76" dir="0" index="1" bw="512" slack="0"/>
<pin id="77" dir="0" index="2" bw="1" slack="0"/>
<pin id="78" dir="1" index="3" bw="1" slack="2147483647"/>
</pin_list>
<bind>
<opcode="readreq(1154) " fcode="readreq"/>
<opset="gmem_load_req/1 "/>
</bind>
</comp>

<comp id="81" class="1004" name="startCopy_read_read_fu_81">
<pin_list>
<pin id="82" dir="0" index="0" bw="64" slack="0"/>
<pin id="83" dir="0" index="1" bw="64" slack="0"/>
<pin id="84" dir="1" index="2" bw="64" slack="0"/>
</pin_list>
<bind>
<opcode="read(1150) " fcode="read"/>
<opset="startCopy_read/71 "/>
</bind>
</comp>

<comp id="87" class="1004" name="gmem_addr_read_read_fu_87">
<pin_list>
<pin id="88" dir="0" index="0" bw="512" slack="0"/>
<pin id="89" dir="0" index="1" bw="512" slack="70"/>
<pin id="90" dir="1" index="2" bw="512" slack="0"/>
</pin_list>
<bind>
<opcode="read(1150) " fcode="read"/>
<opset="gmem_addr_read/71 "/>
</bind>
</comp>

<comp id="92" class="1004" name="write_ln174_write_fu_92">
<pin_list>
<pin id="93" dir="0" index="0" bw="0" slack="0"/>
<pin id="94" dir="0" index="1" bw="320" slack="0"/>
<pin id="95" dir="0" index="2" bw="320" slack="1"/>
<pin id="96" dir="1" index="3" bw="0" slack="2147483647"/>
</pin_list>
<bind>
<opcode="write(1151) " fcode="write"/>
<opset="write_ln174/72 "/>
</bind>
</comp>

<comp id="99" class="1004" name="p_cast_fu_99">
<pin_list>
<pin id="100" dir="0" index="0" bw="58" slack="0"/>
<pin id="101" dir="0" index="1" bw="64" slack="0"/>
<pin id="102" dir="0" index="2" bw="4" slack="0"/>
<pin id="103" dir="0" index="3" bw="7" slack="0"/>
<pin id="104" dir="1" index="4" bw="58" slack="0"/>
</pin_list>
<bind>
<opcode="partselect(1002) " fcode="partselect"/>
<opset="p_cast/1 "/>
</bind>
</comp>

<comp id="109" class="1004" name="p_cast_cast_fu_109">
<pin_list>
<pin id="110" dir="0" index="0" bw="58" slack="0"/>
<pin id="111" dir="1" index="1" bw="64" slack="0"/>
</pin_list>
<bind>
<opcode="sext(35) " fcode="sext"/>
<opset="p_cast_cast/1 "/>
</bind>
</comp>

<comp id="113" class="1004" name="gmem_addr_fu_113">
<pin_list>
<pin id="114" dir="0" index="0" bw="512" slack="0"/>
<pin id="115" dir="0" index="1" bw="58" slack="0"/>
<pin id="116" dir="1" index="2" bw="512" slack="0"/>
</pin_list>
<bind>
<opcode="getelementptr(29) " fcode="getelementptr"/>
<opset="gmem_addr/1 "/>
</bind>
</comp>

<comp id="120" class="1004" name="tobool_fu_120">
<pin_list>
<pin id="121" dir="0" index="0" bw="64" slack="0"/>
<pin id="122" dir="0" index="1" bw="1" slack="0"/>
<pin id="123" dir="1" index="2" bw="1" slack="1"/>
</pin_list>
<bind>
<opcode="icmp(45) " fcode="icmp"/>
<opset="tobool/71 "/>
</bind>
</comp>

<comp id="126" class="1004" name="tmp_s_fu_126">
<pin_list>
<pin id="127" dir="0" index="0" bw="256" slack="0"/>
<pin id="128" dir="0" index="1" bw="512" slack="0"/>
<pin id="129" dir="0" index="2" bw="8" slack="0"/>
<pin id="130" dir="0" index="3" bw="10" slack="0"/>
<pin id="131" dir="1" index="4" bw="256" slack="0"/>
</pin_list>
<bind>
<opcode="partselect(1002) " fcode="partselect"/>
<opset="tmp_s/71 "/>
</bind>
</comp>

<comp id="136" class="1004" name="tmp_54_fu_136">
<pin_list>
<pin id="137" dir="0" index="0" bw="40" slack="0"/>
<pin id="138" dir="0" index="1" bw="512" slack="0"/>
<pin id="139" dir="0" index="2" bw="7" slack="0"/>
<pin id="140" dir="0" index="3" bw="8" slack="0"/>
<pin id="141" dir="1" index="4" bw="40" slack="0"/>
</pin_list>
<bind>
<opcode="partselect(1002) " fcode="partselect"/>
<opset="tmp_54/71 "/>
</bind>
</comp>

<comp id="146" class="1004" name="trunc_ln174_fu_146">
<pin_list>
<pin id="147" dir="0" index="0" bw="512" slack="0"/>
<pin id="148" dir="1" index="1" bw="24" slack="0"/>
</pin_list>
<bind>
<opcode="trunc(33) " fcode="trunc"/>
<opset="trunc_ln174/71 "/>
</bind>
</comp>

<comp id="150" class="1004" name="or_ln174_s_fu_150">
<pin_list>
<pin id="151" dir="0" index="0" bw="320" slack="0"/>
<pin id="152" dir="0" index="1" bw="256" slack="0"/>
<pin id="153" dir="0" index="2" bw="40" slack="0"/>
<pin id="154" dir="0" index="3" bw="24" slack="0"/>
<pin id="155" dir="1" index="4" bw="320" slack="1"/>
</pin_list>
<bind>
<opcode="bitconcatenate(1004) " fcode="bitconcatenate"/>
<opset="or_ln174_s/71 "/>
</bind>
</comp>

<comp id="160" class="1005" name="gmem_addr_reg_160">
<pin_list>
<pin id="161" dir="0" index="0" bw="512" slack="1"/>
<pin id="162" dir="1" index="1" bw="512" slack="1"/>
</pin_list>
<bind>
<opset="gmem_addr "/>
</bind>
</comp>

<comp id="166" class="1005" name="tobool_reg_166">
<pin_list>
<pin id="167" dir="0" index="0" bw="1" slack="1"/>
<pin id="168" dir="1" index="1" bw="1" slack="2147483647"/>
</pin_list>
<bind>
<opset="tobool "/>
</bind>
</comp>

<comp id="170" class="1005" name="or_ln174_s_reg_170">
<pin_list>
<pin id="171" dir="0" index="0" bw="320" slack="1"/>
<pin id="172" dir="1" index="1" bw="320" slack="1"/>
</pin_list>
<bind>
<opset="or_ln174_s "/>
</bind>
</comp>

</comp_list>

<net_list>
<net id="72"><net_src comp="8" pin="0"/><net_sink comp="68" pin=0"/></net>

<net id="73"><net_src comp="4" pin="0"/><net_sink comp="68" pin=1"/></net>

<net id="79"><net_src comp="16" pin="0"/><net_sink comp="74" pin=0"/></net>

<net id="80"><net_src comp="18" pin="0"/><net_sink comp="74" pin=2"/></net>

<net id="85"><net_src comp="8" pin="0"/><net_sink comp="81" pin=0"/></net>

<net id="86"><net_src comp="6" pin="0"/><net_sink comp="81" pin=1"/></net>

<net id="91"><net_src comp="46" pin="0"/><net_sink comp="87" pin=0"/></net>

<net id="97"><net_src comp="66" pin="0"/><net_sink comp="92" pin=0"/></net>

<net id="98"><net_src comp="0" pin="0"/><net_sink comp="92" pin=1"/></net>

<net id="105"><net_src comp="10" pin="0"/><net_sink comp="99" pin=0"/></net>

<net id="106"><net_src comp="68" pin="2"/><net_sink comp="99" pin=1"/></net>

<net id="107"><net_src comp="12" pin="0"/><net_sink comp="99" pin=2"/></net>

<net id="108"><net_src comp="14" pin="0"/><net_sink comp="99" pin=3"/></net>

<net id="112"><net_src comp="99" pin="4"/><net_sink comp="109" pin=0"/></net>

<net id="117"><net_src comp="2" pin="0"/><net_sink comp="113" pin=0"/></net>

<net id="118"><net_src comp="109" pin="1"/><net_sink comp="113" pin=1"/></net>

<net id="119"><net_src comp="113" pin="2"/><net_sink comp="74" pin=1"/></net>

<net id="124"><net_src comp="81" pin="2"/><net_sink comp="120" pin=0"/></net>

<net id="125"><net_src comp="44" pin="0"/><net_sink comp="120" pin=1"/></net>

<net id="132"><net_src comp="48" pin="0"/><net_sink comp="126" pin=0"/></net>

<net id="133"><net_src comp="87" pin="2"/><net_sink comp="126" pin=1"/></net>

<net id="134"><net_src comp="50" pin="0"/><net_sink comp="126" pin=2"/></net>

<net id="135"><net_src comp="52" pin="0"/><net_sink comp="126" pin=3"/></net>

<net id="142"><net_src comp="54" pin="0"/><net_sink comp="136" pin=0"/></net>

<net id="143"><net_src comp="87" pin="2"/><net_sink comp="136" pin=1"/></net>

<net id="144"><net_src comp="56" pin="0"/><net_sink comp="136" pin=2"/></net>

<net id="145"><net_src comp="58" pin="0"/><net_sink comp="136" pin=3"/></net>

<net id="149"><net_src comp="87" pin="2"/><net_sink comp="146" pin=0"/></net>

<net id="156"><net_src comp="60" pin="0"/><net_sink comp="150" pin=0"/></net>

<net id="157"><net_src comp="126" pin="4"/><net_sink comp="150" pin=1"/></net>

<net id="158"><net_src comp="136" pin="4"/><net_sink comp="150" pin=2"/></net>

<net id="159"><net_src comp="146" pin="1"/><net_sink comp="150" pin=3"/></net>

<net id="163"><net_src comp="113" pin="2"/><net_sink comp="160" pin=0"/></net>

<net id="164"><net_src comp="160" pin="1"/><net_sink comp="74" pin=1"/></net>

<net id="165"><net_src comp="160" pin="1"/><net_sink comp="87" pin=1"/></net>

<net id="169"><net_src comp="120" pin="2"/><net_sink comp="166" pin=0"/></net>

<net id="173"><net_src comp="150" pin="4"/><net_sink comp="170" pin=0"/></net>

<net id="174"><net_src comp="170" pin="1"/><net_sink comp="92" pin=2"/></net>

</net_list>

</model> 
---------------- Datapath Model END ------------------

* FSMD analyzer results:
  - Output states:
	Port: copyDest | {72 }
 - Input state : 
	Port: read_data : gmem | {1 2 3 4 5 6 7 8 9 10 11 12 13 14 15 16 17 18 19 20 21 22 23 24 25 26 27 28 29 30 31 32 33 34 35 36 37 38 39 40 41 42 43 44 45 46 47 48 49 50 51 52 53 54 55 56 57 58 59 60 61 62 63 64 65 66 67 68 69 70 71 }
	Port: read_data : inputAOV | {1 }
	Port: read_data : startCopy | {71 }
  - Chain level:
	State 1
		p_cast_cast : 1
		gmem_addr : 2
		gmem_load_req : 3
	State 2
	State 3
	State 4
	State 5
	State 6
	State 7
	State 8
	State 9
	State 10
	State 11
	State 12
	State 13
	State 14
	State 15
	State 16
	State 17
	State 18
	State 19
	State 20
	State 21
	State 22
	State 23
	State 24
	State 25
	State 26
	State 27
	State 28
	State 29
	State 30
	State 31
	State 32
	State 33
	State 34
	State 35
	State 36
	State 37
	State 38
	State 39
	State 40
	State 41
	State 42
	State 43
	State 44
	State 45
	State 46
	State 47
	State 48
	State 49
	State 50
	State 51
	State 52
	State 53
	State 54
	State 55
	State 56
	State 57
	State 58
	State 59
	State 60
	State 61
	State 62
	State 63
	State 64
	State 65
	State 66
	State 67
	State 68
	State 69
	State 70
	State 71
		or_ln174_s : 1
	State 72


============================================================
+ Verbose Summary: Datapath Resource usage 
============================================================

* Functional unit list:
|----------|---------------------------|---------|---------|
| Operation|      Functional Unit      |    FF   |   LUT   |
|----------|---------------------------|---------|---------|
|   icmp   |       tobool_fu_120       |    0    |    29   |
|----------|---------------------------|---------|---------|
|          |  inputAOV_read_read_fu_68 |    0    |    0    |
|   read   | startCopy_read_read_fu_81 |    0    |    0    |
|          | gmem_addr_read_read_fu_87 |    0    |    0    |
|----------|---------------------------|---------|---------|
|  readreq |     grp_readreq_fu_74     |    0    |    0    |
|----------|---------------------------|---------|---------|
|   write  |  write_ln174_write_fu_92  |    0    |    0    |
|----------|---------------------------|---------|---------|
|          |        p_cast_fu_99       |    0    |    0    |
|partselect|        tmp_s_fu_126       |    0    |    0    |
|          |       tmp_54_fu_136       |    0    |    0    |
|----------|---------------------------|---------|---------|
|   sext   |     p_cast_cast_fu_109    |    0    |    0    |
|----------|---------------------------|---------|---------|
|   trunc  |     trunc_ln174_fu_146    |    0    |    0    |
|----------|---------------------------|---------|---------|
|bitconcatenate|     or_ln174_s_fu_150     |    0    |    0    |
|----------|---------------------------|---------|---------|
|   Total  |                           |    0    |    29   |
|----------|---------------------------|---------|---------|

Memories:
N/A

* Register list:
+------------------+--------+
|                  |   FF   |
+------------------+--------+
| gmem_addr_reg_160|   512  |
|or_ln174_s_reg_170|   320  |
|  tobool_reg_166  |    1   |
+------------------+--------+
|       Total      |   833  |
+------------------+--------+

* Multiplexer (MUX) list: 
|-------------------|------|------|------|--------||---------||---------|
|        Comp       |  Pin | Size |  BW  | S x BW ||  Delay  ||   LUT   |
|-------------------|------|------|------|--------||---------||---------|
| grp_readreq_fu_74 |  p1  |   2  |  512 |  1024  ||    9    |
|-------------------|------|------|------|--------||---------||---------|
|       Total       |      |      |      |  1024  ||  1.588  ||    9    |
|-------------------|------|------|------|--------||---------||---------|



* Summary:
+-----------+--------+--------+--------+
|           |  Delay |   FF   |   LUT  |
+-----------+--------+--------+--------+
|  Function |    -   |    0   |   29   |
|   Memory  |    -   |    -   |    -   |
|Multiplexer|    1   |    -   |    9   |
|  Register |    -   |   833  |    -   |
+-----------+--------+--------+--------+
|   Total   |    1   |   833  |   38   |
+-----------+--------+--------+--------+
