

================================================================
== Vitis HLS Report for 'read_train'
================================================================
* Date:           Tue Sep 27 18:00:43 2022

* Version:        2022.1 (Build 3526262 on Mon Apr 18 15:47:01 MDT 2022)
* Project:        detector_solid
* Solution:       solution2 (Vitis Kernel Flow Target)
* Product family: zynq
* Target device:  xc7z020-clg484-1


================================================================
== Performance Estimates
================================================================
+ Timing: 
    * Summary: 
    +--------+----------+----------+------------+
    |  Clock |  Target  | Estimated| Uncertainty|
    +--------+----------+----------+------------+
    |ap_clk  |  20.00 ns|  4.644 ns|     5.40 ns|
    +--------+----------+----------+------------+

+ Latency: 
    * Summary: 
    +---------+---------+----------+----------+-----+-----+---------+
    |  Latency (cycles) |  Latency (absolute) |  Interval | Pipeline|
    |   min   |   max   |    min   |    max   | min | max |   Type  |
    +---------+---------+----------+----------+-----+-----+---------+
    |       20|       20|  0.400 us|  0.400 us|   20|   20|       no|
    +---------+---------+----------+----------+-----+-----+---------+

    + Detail: 
        * Instance: 
        N/A

        * Loop: 
        +----------+---------+---------+----------+-----------+-----------+------+----------+
        |          |  Latency (cycles) | Iteration|  Initiation Interval  | Trip |          |
        | Loop Name|   min   |   max   |  Latency |  achieved |   target  | Count| Pipelined|
        +----------+---------+---------+----------+-----------+-----------+------+----------+
        |- Loop 1  |       16|       16|         2|          -|          -|     8|        no|
        +----------+---------+---------+----------+-----------+-----------+------+----------+

============================================================
+ Verbose Summary: Synthesis Manager
============================================================
InlineROM: 1
ExposeGlobal: 0
============================================================
+ Verbose Summary: CDFG Model
============================================================
IsTopModel: 0
ResetActiveHigh: 1
IsCombinational: 2
IsDatapathOnly: 0
HasWiredReturn: 1
HasMFsm: 0
HasVarLatency: 1
IsPipeline: 0
IsRtlPipelined: 0
IsInstanceOverlapped: 0
IsDontTouch: 0
HasImplIP: 0
IsGatedGlobalClock: 0


============================================================
+ Verbose Summary: Schedule
============================================================
* Number of FSM states : 6
* Pipeline : 0
* Dataflow Pipeline: 0

* FSM state transitions: 
1 --> 2 
2 --> 3 
3 --> 4 
4 --> 5 
5 --> 6 
6 --> 5 

* FSM state operations: 

State 1 <SV = 0> <Delay = 4.64>
ST_1 : Operation 7 [1/1] (0.00ns)   --->   "%loop_index = alloca i32 1"   --->   Operation 7 'alloca' 'loop_index' <Predicate = true> <Delay = 0.00>
ST_1 : Operation 8 [1/1] (0.00ns)   --->   "%data_c21_0 = alloca i32 1"   --->   Operation 8 'alloca' 'data_c21_0' <Predicate = true> <Delay = 0.00>
ST_1 : Operation 9 [1/1] (0.00ns)   --->   "%data_1_c22_0 = alloca i32 1"   --->   Operation 9 'alloca' 'data_1_c22_0' <Predicate = true> <Delay = 0.00>
ST_1 : Operation 10 [1/1] (0.00ns)   --->   "%data_2_c23_0 = alloca i32 1"   --->   Operation 10 'alloca' 'data_2_c23_0' <Predicate = true> <Delay = 0.00>
ST_1 : Operation 11 [1/1] (0.00ns)   --->   "%data_3_c24_0 = alloca i32 1"   --->   Operation 11 'alloca' 'data_3_c24_0' <Predicate = true> <Delay = 0.00>
ST_1 : Operation 12 [1/1] (0.00ns)   --->   "%data_4_c25_0 = alloca i32 1"   --->   Operation 12 'alloca' 'data_4_c25_0' <Predicate = true> <Delay = 0.00>
ST_1 : Operation 13 [1/1] (0.00ns)   --->   "%data_5_c26_0 = alloca i32 1"   --->   Operation 13 'alloca' 'data_5_c26_0' <Predicate = true> <Delay = 0.00>
ST_1 : Operation 14 [1/1] (0.00ns)   --->   "%data_6_c27_0 = alloca i32 1"   --->   Operation 14 'alloca' 'data_6_c27_0' <Predicate = true> <Delay = 0.00>
ST_1 : Operation 15 [1/1] (0.00ns)   --->   "%data_7_c28_0 = alloca i32 1"   --->   Operation 15 'alloca' 'data_7_c28_0' <Predicate = true> <Delay = 0.00>
ST_1 : Operation 16 [1/1] (2.32ns)   --->   "%contr_AOV = alloca i64 1" [detector_solid/abs_solid_detector.cpp:465]   --->   Operation 16 'alloca' 'contr_AOV' <Predicate = true> <Delay = 2.32> <CoreInst = "RAM">   --->   Core 82 'RAM' <Latency = 1> <II = 1> <Delay = 2.32> <Storage> <Opcode : 'load' 'store'> <Ports = 2> <Width = 32> <Depth = 8> <RAM>
ST_1 : Operation 17 [1/1] (0.00ns)   --->   "%testStream_read = read i320 @_ssdm_op_Read.axis.volatile.i320P128A, i320 %testStream" [/home/francesco/tools/Xilinx/Vitis_HLS/2022.1/common/technology/autopilot/hls_stream_39.h:145]   --->   Operation 17 'read' 'testStream_read' <Predicate = true> <Delay = 0.00> <CoreInst = "axis">   --->   Core 115 'axis' <Latency = 0> <II = 1> <Delay = 1.00> <Adapter> <Opcode : >
ST_1 : Operation 18 [1/1] (0.00ns)   --->   "%tmp_checkId_V = trunc i320 %testStream_read" [/home/francesco/tools/Xilinx/Vitis_HLS/2022.1/common/technology/autopilot/hls_stream_39.h:145]   --->   Operation 18 'trunc' 'tmp_checkId_V' <Predicate = true> <Delay = 0.00>
ST_1 : Operation 19 [1/1] (0.00ns)   --->   "%tmp_taskId_V = partselect i8 @_ssdm_op_PartSelect.i8.i320.i32.i32, i320 %testStream_read, i32 8, i32 15" [/home/francesco/tools/Xilinx/Vitis_HLS/2022.1/common/technology/autopilot/hls_stream_39.h:145]   --->   Operation 19 'partselect' 'tmp_taskId_V' <Predicate = true> <Delay = 0.00>
ST_1 : Operation 20 [1/1] (0.00ns)   --->   "%tmp_uniId_V = partselect i16 @_ssdm_op_PartSelect.i16.i320.i32.i32, i320 %testStream_read, i32 16, i32 31" [/home/francesco/tools/Xilinx/Vitis_HLS/2022.1/common/technology/autopilot/hls_stream_39.h:145]   --->   Operation 20 'partselect' 'tmp_uniId_V' <Predicate = true> <Delay = 0.00>
ST_1 : Operation 21 [1/1] (0.00ns)   --->   "%tmp = partselect i32 @_ssdm_op_PartSelect.i32.i320.i32.i32, i320 %testStream_read, i32 64, i32 95" [/home/francesco/tools/Xilinx/Vitis_HLS/2022.1/common/technology/autopilot/hls_stream_39.h:145]   --->   Operation 21 'partselect' 'tmp' <Predicate = true> <Delay = 0.00>
ST_1 : Operation 22 [1/1] (0.00ns)   --->   "%bitcast_ln145 = bitcast i32 %tmp" [/home/francesco/tools/Xilinx/Vitis_HLS/2022.1/common/technology/autopilot/hls_stream_39.h:145]   --->   Operation 22 'bitcast' 'bitcast_ln145' <Predicate = true> <Delay = 0.00>
ST_1 : Operation 23 [1/1] (0.00ns)   --->   "%dout_AOV_addr = getelementptr i32 %contr_AOV, i64 0, i64 0" [/home/francesco/tools/Xilinx/Vitis_HLS/2022.1/common/technology/autopilot/hls_stream_39.h:145]   --->   Operation 23 'getelementptr' 'dout_AOV_addr' <Predicate = true> <Delay = 0.00>
ST_1 : Operation 24 [1/1] (2.32ns)   --->   "%store_ln145 = store i32 %bitcast_ln145, i3 %dout_AOV_addr" [/home/francesco/tools/Xilinx/Vitis_HLS/2022.1/common/technology/autopilot/hls_stream_39.h:145]   --->   Operation 24 'store' 'store_ln145' <Predicate = true> <Delay = 2.32> <CoreInst = "RAM">   --->   Core 82 'RAM' <Latency = 1> <II = 1> <Delay = 2.32> <Storage> <Opcode : 'load' 'store'> <Ports = 2> <Width = 32> <Depth = 8> <RAM>
ST_1 : Operation 25 [1/1] (0.00ns)   --->   "%tmp_s = partselect i32 @_ssdm_op_PartSelect.i32.i320.i32.i32, i320 %testStream_read, i32 96, i32 127" [/home/francesco/tools/Xilinx/Vitis_HLS/2022.1/common/technology/autopilot/hls_stream_39.h:145]   --->   Operation 25 'partselect' 'tmp_s' <Predicate = true> <Delay = 0.00>
ST_1 : Operation 26 [1/1] (0.00ns)   --->   "%bitcast_ln145_8 = bitcast i32 %tmp_s" [/home/francesco/tools/Xilinx/Vitis_HLS/2022.1/common/technology/autopilot/hls_stream_39.h:145]   --->   Operation 26 'bitcast' 'bitcast_ln145_8' <Predicate = true> <Delay = 0.00>
ST_1 : Operation 27 [1/1] (0.00ns)   --->   "%dout_AOV_addr_9 = getelementptr i32 %contr_AOV, i64 0, i64 1" [/home/francesco/tools/Xilinx/Vitis_HLS/2022.1/common/technology/autopilot/hls_stream_39.h:145]   --->   Operation 27 'getelementptr' 'dout_AOV_addr_9' <Predicate = true> <Delay = 0.00>
ST_1 : Operation 28 [1/1] (2.32ns)   --->   "%store_ln145 = store i32 %bitcast_ln145_8, i3 %dout_AOV_addr_9" [/home/francesco/tools/Xilinx/Vitis_HLS/2022.1/common/technology/autopilot/hls_stream_39.h:145]   --->   Operation 28 'store' 'store_ln145' <Predicate = true> <Delay = 2.32> <CoreInst = "RAM">   --->   Core 82 'RAM' <Latency = 1> <II = 1> <Delay = 2.32> <Storage> <Opcode : 'load' 'store'> <Ports = 2> <Width = 32> <Depth = 8> <RAM>
ST_1 : Operation 29 [1/1] (0.00ns)   --->   "%tmp_51 = partselect i32 @_ssdm_op_PartSelect.i32.i320.i32.i32, i320 %testStream_read, i32 128, i32 159" [/home/francesco/tools/Xilinx/Vitis_HLS/2022.1/common/technology/autopilot/hls_stream_39.h:145]   --->   Operation 29 'partselect' 'tmp_51' <Predicate = true> <Delay = 0.00>
ST_1 : Operation 30 [1/1] (0.00ns)   --->   "%tmp_52 = partselect i32 @_ssdm_op_PartSelect.i32.i320.i32.i32, i320 %testStream_read, i32 160, i32 191" [/home/francesco/tools/Xilinx/Vitis_HLS/2022.1/common/technology/autopilot/hls_stream_39.h:145]   --->   Operation 30 'partselect' 'tmp_52' <Predicate = true> <Delay = 0.00>
ST_1 : Operation 31 [1/1] (0.00ns)   --->   "%tmp_53 = partselect i32 @_ssdm_op_PartSelect.i32.i320.i32.i32, i320 %testStream_read, i32 192, i32 223" [/home/francesco/tools/Xilinx/Vitis_HLS/2022.1/common/technology/autopilot/hls_stream_39.h:145]   --->   Operation 31 'partselect' 'tmp_53' <Predicate = true> <Delay = 0.00>
ST_1 : Operation 32 [1/1] (0.00ns)   --->   "%tmp_54 = partselect i32 @_ssdm_op_PartSelect.i32.i320.i32.i32, i320 %testStream_read, i32 224, i32 255" [/home/francesco/tools/Xilinx/Vitis_HLS/2022.1/common/technology/autopilot/hls_stream_39.h:145]   --->   Operation 32 'partselect' 'tmp_54' <Predicate = true> <Delay = 0.00>
ST_1 : Operation 33 [1/1] (0.00ns)   --->   "%tmp_55 = partselect i32 @_ssdm_op_PartSelect.i32.i320.i32.i32, i320 %testStream_read, i32 256, i32 287" [/home/francesco/tools/Xilinx/Vitis_HLS/2022.1/common/technology/autopilot/hls_stream_39.h:145]   --->   Operation 33 'partselect' 'tmp_55' <Predicate = true> <Delay = 0.00>
ST_1 : Operation 34 [1/1] (0.00ns)   --->   "%tmp_56 = partselect i32 @_ssdm_op_PartSelect.i32.i320.i32.i32, i320 %testStream_read, i32 288, i32 319" [/home/francesco/tools/Xilinx/Vitis_HLS/2022.1/common/technology/autopilot/hls_stream_39.h:145]   --->   Operation 34 'partselect' 'tmp_56' <Predicate = true> <Delay = 0.00>
ST_1 : Operation 35 [1/1] (1.58ns)   --->   "%store_ln470 = store i4 0, i4 %loop_index" [detector_solid/abs_solid_detector.cpp:470]   --->   Operation 35 'store' 'store_ln470' <Predicate = true> <Delay = 1.58>

State 2 <SV = 1> <Delay = 2.32>
ST_2 : Operation 36 [1/1] (0.00ns)   --->   "%bitcast_ln145_9 = bitcast i32 %tmp_51" [/home/francesco/tools/Xilinx/Vitis_HLS/2022.1/common/technology/autopilot/hls_stream_39.h:145]   --->   Operation 36 'bitcast' 'bitcast_ln145_9' <Predicate = true> <Delay = 0.00>
ST_2 : Operation 37 [1/1] (0.00ns)   --->   "%dout_AOV_addr_10 = getelementptr i32 %contr_AOV, i64 0, i64 2" [/home/francesco/tools/Xilinx/Vitis_HLS/2022.1/common/technology/autopilot/hls_stream_39.h:145]   --->   Operation 37 'getelementptr' 'dout_AOV_addr_10' <Predicate = true> <Delay = 0.00>
ST_2 : Operation 38 [1/1] (2.32ns)   --->   "%store_ln145 = store i32 %bitcast_ln145_9, i3 %dout_AOV_addr_10" [/home/francesco/tools/Xilinx/Vitis_HLS/2022.1/common/technology/autopilot/hls_stream_39.h:145]   --->   Operation 38 'store' 'store_ln145' <Predicate = true> <Delay = 2.32> <CoreInst = "RAM">   --->   Core 82 'RAM' <Latency = 1> <II = 1> <Delay = 2.32> <Storage> <Opcode : 'load' 'store'> <Ports = 2> <Width = 32> <Depth = 8> <RAM>
ST_2 : Operation 39 [1/1] (0.00ns)   --->   "%bitcast_ln145_10 = bitcast i32 %tmp_52" [/home/francesco/tools/Xilinx/Vitis_HLS/2022.1/common/technology/autopilot/hls_stream_39.h:145]   --->   Operation 39 'bitcast' 'bitcast_ln145_10' <Predicate = true> <Delay = 0.00>
ST_2 : Operation 40 [1/1] (0.00ns)   --->   "%dout_AOV_addr_11 = getelementptr i32 %contr_AOV, i64 0, i64 3" [/home/francesco/tools/Xilinx/Vitis_HLS/2022.1/common/technology/autopilot/hls_stream_39.h:145]   --->   Operation 40 'getelementptr' 'dout_AOV_addr_11' <Predicate = true> <Delay = 0.00>
ST_2 : Operation 41 [1/1] (2.32ns)   --->   "%store_ln145 = store i32 %bitcast_ln145_10, i3 %dout_AOV_addr_11" [/home/francesco/tools/Xilinx/Vitis_HLS/2022.1/common/technology/autopilot/hls_stream_39.h:145]   --->   Operation 41 'store' 'store_ln145' <Predicate = true> <Delay = 2.32> <CoreInst = "RAM">   --->   Core 82 'RAM' <Latency = 1> <II = 1> <Delay = 2.32> <Storage> <Opcode : 'load' 'store'> <Ports = 2> <Width = 32> <Depth = 8> <RAM>

State 3 <SV = 2> <Delay = 2.32>
ST_3 : Operation 42 [1/1] (0.00ns)   --->   "%bitcast_ln145_11 = bitcast i32 %tmp_53" [/home/francesco/tools/Xilinx/Vitis_HLS/2022.1/common/technology/autopilot/hls_stream_39.h:145]   --->   Operation 42 'bitcast' 'bitcast_ln145_11' <Predicate = true> <Delay = 0.00>
ST_3 : Operation 43 [1/1] (0.00ns)   --->   "%dout_AOV_addr_12 = getelementptr i32 %contr_AOV, i64 0, i64 4" [/home/francesco/tools/Xilinx/Vitis_HLS/2022.1/common/technology/autopilot/hls_stream_39.h:145]   --->   Operation 43 'getelementptr' 'dout_AOV_addr_12' <Predicate = true> <Delay = 0.00>
ST_3 : Operation 44 [1/1] (2.32ns)   --->   "%store_ln145 = store i32 %bitcast_ln145_11, i3 %dout_AOV_addr_12" [/home/francesco/tools/Xilinx/Vitis_HLS/2022.1/common/technology/autopilot/hls_stream_39.h:145]   --->   Operation 44 'store' 'store_ln145' <Predicate = true> <Delay = 2.32> <CoreInst = "RAM">   --->   Core 82 'RAM' <Latency = 1> <II = 1> <Delay = 2.32> <Storage> <Opcode : 'load' 'store'> <Ports = 2> <Width = 32> <Depth = 8> <RAM>
ST_3 : Operation 45 [1/1] (0.00ns)   --->   "%bitcast_ln145_12 = bitcast i32 %tmp_54" [/home/francesco/tools/Xilinx/Vitis_HLS/2022.1/common/technology/autopilot/hls_stream_39.h:145]   --->   Operation 45 'bitcast' 'bitcast_ln145_12' <Predicate = true> <Delay = 0.00>
ST_3 : Operation 46 [1/1] (0.00ns)   --->   "%dout_AOV_addr_13 = getelementptr i32 %contr_AOV, i64 0, i64 5" [/home/francesco/tools/Xilinx/Vitis_HLS/2022.1/common/technology/autopilot/hls_stream_39.h:145]   --->   Operation 46 'getelementptr' 'dout_AOV_addr_13' <Predicate = true> <Delay = 0.00>
ST_3 : Operation 47 [1/1] (2.32ns)   --->   "%store_ln145 = store i32 %bitcast_ln145_12, i3 %dout_AOV_addr_13" [/home/francesco/tools/Xilinx/Vitis_HLS/2022.1/common/technology/autopilot/hls_stream_39.h:145]   --->   Operation 47 'store' 'store_ln145' <Predicate = true> <Delay = 2.32> <CoreInst = "RAM">   --->   Core 82 'RAM' <Latency = 1> <II = 1> <Delay = 2.32> <Storage> <Opcode : 'load' 'store'> <Ports = 2> <Width = 32> <Depth = 8> <RAM>

State 4 <SV = 3> <Delay = 2.32>
ST_4 : Operation 48 [1/1] (0.00ns)   --->   "%specinterface_ln0 = specinterface void @_ssdm_op_SpecInterface, i320 %testStream, void @empty_8, i32 0, i32 0, void @empty_1, i32 0, i32 0, void @empty_5, void @empty_5, void @empty_5, i32 0, i32 0, i32 0, i32 0, void @empty_5, void @empty_5, i32 4294967295, i32 0"   --->   Operation 48 'specinterface' 'specinterface_ln0' <Predicate = true> <Delay = 0.00>
ST_4 : Operation 49 [1/1] (0.00ns)   --->   "%bitcast_ln145_13 = bitcast i32 %tmp_55" [/home/francesco/tools/Xilinx/Vitis_HLS/2022.1/common/technology/autopilot/hls_stream_39.h:145]   --->   Operation 49 'bitcast' 'bitcast_ln145_13' <Predicate = true> <Delay = 0.00>
ST_4 : Operation 50 [1/1] (0.00ns)   --->   "%dout_AOV_addr_14 = getelementptr i32 %contr_AOV, i64 0, i64 6" [/home/francesco/tools/Xilinx/Vitis_HLS/2022.1/common/technology/autopilot/hls_stream_39.h:145]   --->   Operation 50 'getelementptr' 'dout_AOV_addr_14' <Predicate = true> <Delay = 0.00>
ST_4 : Operation 51 [1/1] (2.32ns)   --->   "%store_ln145 = store i32 %bitcast_ln145_13, i3 %dout_AOV_addr_14" [/home/francesco/tools/Xilinx/Vitis_HLS/2022.1/common/technology/autopilot/hls_stream_39.h:145]   --->   Operation 51 'store' 'store_ln145' <Predicate = true> <Delay = 2.32> <CoreInst = "RAM">   --->   Core 82 'RAM' <Latency = 1> <II = 1> <Delay = 2.32> <Storage> <Opcode : 'load' 'store'> <Ports = 2> <Width = 32> <Depth = 8> <RAM>
ST_4 : Operation 52 [1/1] (0.00ns)   --->   "%bitcast_ln145_14 = bitcast i32 %tmp_56" [/home/francesco/tools/Xilinx/Vitis_HLS/2022.1/common/technology/autopilot/hls_stream_39.h:145]   --->   Operation 52 'bitcast' 'bitcast_ln145_14' <Predicate = true> <Delay = 0.00>
ST_4 : Operation 53 [1/1] (0.00ns)   --->   "%dout_AOV_addr_15 = getelementptr i32 %contr_AOV, i64 0, i64 7" [/home/francesco/tools/Xilinx/Vitis_HLS/2022.1/common/technology/autopilot/hls_stream_39.h:145]   --->   Operation 53 'getelementptr' 'dout_AOV_addr_15' <Predicate = true> <Delay = 0.00>
ST_4 : Operation 54 [1/1] (2.32ns)   --->   "%store_ln145 = store i32 %bitcast_ln145_14, i3 %dout_AOV_addr_15" [/home/francesco/tools/Xilinx/Vitis_HLS/2022.1/common/technology/autopilot/hls_stream_39.h:145]   --->   Operation 54 'store' 'store_ln145' <Predicate = true> <Delay = 2.32> <CoreInst = "RAM">   --->   Core 82 'RAM' <Latency = 1> <II = 1> <Delay = 2.32> <Storage> <Opcode : 'load' 'store'> <Ports = 2> <Width = 32> <Depth = 8> <RAM>
ST_4 : Operation 55 [1/1] (0.00ns)   --->   "%br_ln470 = br void %load-store-loop" [detector_solid/abs_solid_detector.cpp:470]   --->   Operation 55 'br' 'br_ln470' <Predicate = true> <Delay = 0.00>

State 5 <SV = 4> <Delay = 2.32>
ST_5 : Operation 56 [1/1] (0.00ns)   --->   "%loop_index_load = load i4 %loop_index"   --->   Operation 56 'load' 'loop_index_load' <Predicate = true> <Delay = 0.00>
ST_5 : Operation 57 [1/1] (0.00ns)   --->   "%loop_index_cast1 = zext i4 %loop_index_load"   --->   Operation 57 'zext' 'loop_index_cast1' <Predicate = true> <Delay = 0.00>
ST_5 : Operation 58 [1/1] (1.30ns)   --->   "%exitcond2 = icmp_eq  i4 %loop_index_load, i4 8"   --->   Operation 58 'icmp' 'exitcond2' <Predicate = true> <Delay = 1.30> <CoreInst = "Cmp">   --->   Core 9 'Cmp' <Latency = 0> <II = 1> <Delay = 1.30> <FuncUnit> <Opcode : 'icmp'> <InPorts = 2> <OutPorts = 1>
ST_5 : Operation 59 [1/1] (0.00ns)   --->   "%speclooptripcount_ln0 = speclooptripcount void @_ssdm_op_SpecLoopTripCount, i64 8, i64 8, i64 8"   --->   Operation 59 'speclooptripcount' 'speclooptripcount_ln0' <Predicate = true> <Delay = 0.00>
ST_5 : Operation 60 [1/1] (1.73ns)   --->   "%empty = add i4 %loop_index_load, i4 1"   --->   Operation 60 'add' 'empty' <Predicate = true> <Delay = 1.73> <CoreInst = "Adder">   --->   Core 1 'Adder' <Latency = 0> <II = 1> <Delay = 1.73> <FuncUnit> <Opcode : 'add' 'sub'> <InPorts = 2> <OutPorts = 1>
ST_5 : Operation 61 [1/1] (0.00ns)   --->   "%br_ln0 = br i1 %exitcond2, void %load-store-loop.split, void %memcpy-split"   --->   Operation 61 'br' 'br_ln0' <Predicate = true> <Delay = 0.00>
ST_5 : Operation 62 [1/1] (0.00ns)   --->   "%dout_AOV_addr_16 = getelementptr i32 %contr_AOV, i64 0, i64 %loop_index_cast1"   --->   Operation 62 'getelementptr' 'dout_AOV_addr_16' <Predicate = (!exitcond2)> <Delay = 0.00>
ST_5 : Operation 63 [2/2] (2.32ns)   --->   "%dout_AOV_load = load i3 %dout_AOV_addr_16"   --->   Operation 63 'load' 'dout_AOV_load' <Predicate = (!exitcond2)> <Delay = 2.32> <CoreInst = "RAM">   --->   Core 82 'RAM' <Latency = 1> <II = 1> <Delay = 2.32> <Storage> <Opcode : 'load' 'store'> <Ports = 2> <Width = 32> <Depth = 8> <RAM>
ST_5 : Operation 64 [1/1] (0.00ns)   --->   "%empty_56 = trunc i4 %loop_index_load"   --->   Operation 64 'trunc' 'empty_56' <Predicate = (!exitcond2)> <Delay = 0.00>
ST_5 : Operation 65 [1/1] (0.00ns)   --->   "%data_c21_0_load = load i32 %data_c21_0" [detector_solid/abs_solid_detector.cpp:471]   --->   Operation 65 'load' 'data_c21_0_load' <Predicate = (exitcond2)> <Delay = 0.00>
ST_5 : Operation 66 [1/1] (0.00ns)   --->   "%data_1_c22_0_load = load i32 %data_1_c22_0" [detector_solid/abs_solid_detector.cpp:471]   --->   Operation 66 'load' 'data_1_c22_0_load' <Predicate = (exitcond2)> <Delay = 0.00>
ST_5 : Operation 67 [1/1] (0.00ns)   --->   "%data_2_c23_0_load = load i32 %data_2_c23_0" [detector_solid/abs_solid_detector.cpp:471]   --->   Operation 67 'load' 'data_2_c23_0_load' <Predicate = (exitcond2)> <Delay = 0.00>
ST_5 : Operation 68 [1/1] (0.00ns)   --->   "%data_3_c24_0_load = load i32 %data_3_c24_0" [detector_solid/abs_solid_detector.cpp:471]   --->   Operation 68 'load' 'data_3_c24_0_load' <Predicate = (exitcond2)> <Delay = 0.00>
ST_5 : Operation 69 [1/1] (0.00ns)   --->   "%data_4_c25_0_load = load i32 %data_4_c25_0" [detector_solid/abs_solid_detector.cpp:471]   --->   Operation 69 'load' 'data_4_c25_0_load' <Predicate = (exitcond2)> <Delay = 0.00>
ST_5 : Operation 70 [1/1] (0.00ns)   --->   "%data_5_c26_0_load = load i32 %data_5_c26_0" [detector_solid/abs_solid_detector.cpp:471]   --->   Operation 70 'load' 'data_5_c26_0_load' <Predicate = (exitcond2)> <Delay = 0.00>
ST_5 : Operation 71 [1/1] (0.00ns)   --->   "%data_6_c27_0_load = load i32 %data_6_c27_0" [detector_solid/abs_solid_detector.cpp:471]   --->   Operation 71 'load' 'data_6_c27_0_load' <Predicate = (exitcond2)> <Delay = 0.00>
ST_5 : Operation 72 [1/1] (0.00ns)   --->   "%data_7_c28_0_load = load i32 %data_7_c28_0" [detector_solid/abs_solid_detector.cpp:471]   --->   Operation 72 'load' 'data_7_c28_0_load' <Predicate = (exitcond2)> <Delay = 0.00>
ST_5 : Operation 73 [1/1] (0.00ns)   --->   "%mrv = insertvalue i288 <undef>, i8 %tmp_taskId_V" [detector_solid/abs_solid_detector.cpp:471]   --->   Operation 73 'insertvalue' 'mrv' <Predicate = (exitcond2)> <Delay = 0.00>
ST_5 : Operation 74 [1/1] (0.00ns)   --->   "%mrv_1 = insertvalue i288 %mrv, i8 %tmp_checkId_V" [detector_solid/abs_solid_detector.cpp:471]   --->   Operation 74 'insertvalue' 'mrv_1' <Predicate = (exitcond2)> <Delay = 0.00>
ST_5 : Operation 75 [1/1] (0.00ns)   --->   "%mrv_2 = insertvalue i288 %mrv_1, i16 %tmp_uniId_V" [detector_solid/abs_solid_detector.cpp:471]   --->   Operation 75 'insertvalue' 'mrv_2' <Predicate = (exitcond2)> <Delay = 0.00>
ST_5 : Operation 76 [1/1] (0.00ns)   --->   "%mrv_3 = insertvalue i288 %mrv_2, i32 %data_c21_0_load" [detector_solid/abs_solid_detector.cpp:471]   --->   Operation 76 'insertvalue' 'mrv_3' <Predicate = (exitcond2)> <Delay = 0.00>
ST_5 : Operation 77 [1/1] (0.00ns)   --->   "%mrv_4 = insertvalue i288 %mrv_3, i32 %data_1_c22_0_load" [detector_solid/abs_solid_detector.cpp:471]   --->   Operation 77 'insertvalue' 'mrv_4' <Predicate = (exitcond2)> <Delay = 0.00>
ST_5 : Operation 78 [1/1] (0.00ns)   --->   "%mrv_5 = insertvalue i288 %mrv_4, i32 %data_2_c23_0_load" [detector_solid/abs_solid_detector.cpp:471]   --->   Operation 78 'insertvalue' 'mrv_5' <Predicate = (exitcond2)> <Delay = 0.00>
ST_5 : Operation 79 [1/1] (0.00ns)   --->   "%mrv_6 = insertvalue i288 %mrv_5, i32 %data_3_c24_0_load" [detector_solid/abs_solid_detector.cpp:471]   --->   Operation 79 'insertvalue' 'mrv_6' <Predicate = (exitcond2)> <Delay = 0.00>
ST_5 : Operation 80 [1/1] (0.00ns)   --->   "%mrv_7 = insertvalue i288 %mrv_6, i32 %data_4_c25_0_load" [detector_solid/abs_solid_detector.cpp:471]   --->   Operation 80 'insertvalue' 'mrv_7' <Predicate = (exitcond2)> <Delay = 0.00>
ST_5 : Operation 81 [1/1] (0.00ns)   --->   "%mrv_8 = insertvalue i288 %mrv_7, i32 %data_5_c26_0_load" [detector_solid/abs_solid_detector.cpp:471]   --->   Operation 81 'insertvalue' 'mrv_8' <Predicate = (exitcond2)> <Delay = 0.00>
ST_5 : Operation 82 [1/1] (0.00ns)   --->   "%mrv_9 = insertvalue i288 %mrv_8, i32 %data_6_c27_0_load" [detector_solid/abs_solid_detector.cpp:471]   --->   Operation 82 'insertvalue' 'mrv_9' <Predicate = (exitcond2)> <Delay = 0.00>
ST_5 : Operation 83 [1/1] (0.00ns)   --->   "%mrv_s = insertvalue i288 %mrv_9, i32 %data_7_c28_0_load" [detector_solid/abs_solid_detector.cpp:471]   --->   Operation 83 'insertvalue' 'mrv_s' <Predicate = (exitcond2)> <Delay = 0.00>
ST_5 : Operation 84 [1/1] (0.00ns)   --->   "%ret_ln471 = ret i288 %mrv_s" [detector_solid/abs_solid_detector.cpp:471]   --->   Operation 84 'ret' 'ret_ln471' <Predicate = (exitcond2)> <Delay = 0.00>

State 6 <SV = 5> <Delay = 2.32>
ST_6 : Operation 85 [1/2] (2.32ns)   --->   "%dout_AOV_load = load i3 %dout_AOV_addr_16"   --->   Operation 85 'load' 'dout_AOV_load' <Predicate = true> <Delay = 2.32> <CoreInst = "RAM">   --->   Core 82 'RAM' <Latency = 1> <II = 1> <Delay = 2.32> <Storage> <Opcode : 'load' 'store'> <Ports = 2> <Width = 32> <Depth = 8> <RAM>
ST_6 : Operation 86 [1/1] (0.95ns)   --->   "%switch_ln0 = switch i3 %empty_56, void %.case.7, i3 0, void %load-store-loop.split..exit_crit_edge, i3 1, void %.case.1, i3 2, void %.case.2, i3 3, void %.case.3, i3 4, void %.case.4, i3 5, void %.case.5, i3 6, void %.case.6"   --->   Operation 86 'switch' 'switch_ln0' <Predicate = true> <Delay = 0.95>
ST_6 : Operation 87 [1/1] (0.00ns)   --->   "%store_ln0 = store i32 %dout_AOV_load, i32 %data_6_c27_0"   --->   Operation 87 'store' 'store_ln0' <Predicate = (empty_56 == 6)> <Delay = 0.00>
ST_6 : Operation 88 [1/1] (0.00ns)   --->   "%br_ln0 = br void %.exit"   --->   Operation 88 'br' 'br_ln0' <Predicate = (empty_56 == 6)> <Delay = 0.00>
ST_6 : Operation 89 [1/1] (0.00ns)   --->   "%store_ln0 = store i32 %dout_AOV_load, i32 %data_5_c26_0"   --->   Operation 89 'store' 'store_ln0' <Predicate = (empty_56 == 5)> <Delay = 0.00>
ST_6 : Operation 90 [1/1] (0.00ns)   --->   "%br_ln0 = br void %.exit"   --->   Operation 90 'br' 'br_ln0' <Predicate = (empty_56 == 5)> <Delay = 0.00>
ST_6 : Operation 91 [1/1] (0.00ns)   --->   "%store_ln0 = store i32 %dout_AOV_load, i32 %data_4_c25_0"   --->   Operation 91 'store' 'store_ln0' <Predicate = (empty_56 == 4)> <Delay = 0.00>
ST_6 : Operation 92 [1/1] (0.00ns)   --->   "%br_ln0 = br void %.exit"   --->   Operation 92 'br' 'br_ln0' <Predicate = (empty_56 == 4)> <Delay = 0.00>
ST_6 : Operation 93 [1/1] (0.00ns)   --->   "%store_ln0 = store i32 %dout_AOV_load, i32 %data_3_c24_0"   --->   Operation 93 'store' 'store_ln0' <Predicate = (empty_56 == 3)> <Delay = 0.00>
ST_6 : Operation 94 [1/1] (0.00ns)   --->   "%br_ln0 = br void %.exit"   --->   Operation 94 'br' 'br_ln0' <Predicate = (empty_56 == 3)> <Delay = 0.00>
ST_6 : Operation 95 [1/1] (0.00ns)   --->   "%store_ln0 = store i32 %dout_AOV_load, i32 %data_2_c23_0"   --->   Operation 95 'store' 'store_ln0' <Predicate = (empty_56 == 2)> <Delay = 0.00>
ST_6 : Operation 96 [1/1] (0.00ns)   --->   "%br_ln0 = br void %.exit"   --->   Operation 96 'br' 'br_ln0' <Predicate = (empty_56 == 2)> <Delay = 0.00>
ST_6 : Operation 97 [1/1] (0.00ns)   --->   "%store_ln0 = store i32 %dout_AOV_load, i32 %data_1_c22_0"   --->   Operation 97 'store' 'store_ln0' <Predicate = (empty_56 == 1)> <Delay = 0.00>
ST_6 : Operation 98 [1/1] (0.00ns)   --->   "%br_ln0 = br void %.exit"   --->   Operation 98 'br' 'br_ln0' <Predicate = (empty_56 == 1)> <Delay = 0.00>
ST_6 : Operation 99 [1/1] (0.00ns)   --->   "%store_ln0 = store i32 %dout_AOV_load, i32 %data_c21_0"   --->   Operation 99 'store' 'store_ln0' <Predicate = (empty_56 == 0)> <Delay = 0.00>
ST_6 : Operation 100 [1/1] (0.00ns)   --->   "%br_ln0 = br void %.exit"   --->   Operation 100 'br' 'br_ln0' <Predicate = (empty_56 == 0)> <Delay = 0.00>
ST_6 : Operation 101 [1/1] (0.00ns)   --->   "%store_ln0 = store i32 %dout_AOV_load, i32 %data_7_c28_0"   --->   Operation 101 'store' 'store_ln0' <Predicate = (empty_56 == 7)> <Delay = 0.00>
ST_6 : Operation 102 [1/1] (0.00ns)   --->   "%br_ln0 = br void %.exit"   --->   Operation 102 'br' 'br_ln0' <Predicate = (empty_56 == 7)> <Delay = 0.00>
ST_6 : Operation 103 [1/1] (1.58ns)   --->   "%store_ln0 = store i4 %empty, i4 %loop_index"   --->   Operation 103 'store' 'store_ln0' <Predicate = true> <Delay = 1.58>
ST_6 : Operation 104 [1/1] (0.00ns)   --->   "%br_ln0 = br void %load-store-loop"   --->   Operation 104 'br' 'br_ln0' <Predicate = true> <Delay = 0.00>


============================================================
+ Verbose Summary: Binding
============================================================
STG Binding: 
---------------- STG Properties BEGIN ----------------
- Is combinational: 0
- Is one-state seq: 0
- Is datapath-only: 0
- Is pipelined: 0
- Is top level: 0
Port [ Return ] is wired: 1; IO mode=ap_ctrl_hs:ce=0
Port [ testStream]:  wired=1; compound=1; hidden=0; nouse=0; global=0; static=0; extern=0; dir=0; type=0; pingpong=0; private_global=0; IO mode=axis:ce=0
---------------- STG Properties END ------------------

---------------- Datapath Model BEGIN ----------------

<LifeTime>
<method=bitvector/>
loop_index            (alloca           ) [ 0111111]
data_c21_0            (alloca           ) [ 0011111]
data_1_c22_0          (alloca           ) [ 0011111]
data_2_c23_0          (alloca           ) [ 0011111]
data_3_c24_0          (alloca           ) [ 0011111]
data_4_c25_0          (alloca           ) [ 0011111]
data_5_c26_0          (alloca           ) [ 0011111]
data_6_c27_0          (alloca           ) [ 0011111]
data_7_c28_0          (alloca           ) [ 0011111]
contr_AOV             (alloca           ) [ 0011111]
testStream_read       (read             ) [ 0000000]
tmp_checkId_V         (trunc            ) [ 0011111]
tmp_taskId_V          (partselect       ) [ 0011111]
tmp_uniId_V           (partselect       ) [ 0011111]
tmp                   (partselect       ) [ 0000000]
bitcast_ln145         (bitcast          ) [ 0000000]
dout_AOV_addr         (getelementptr    ) [ 0000000]
store_ln145           (store            ) [ 0000000]
tmp_s                 (partselect       ) [ 0000000]
bitcast_ln145_8       (bitcast          ) [ 0000000]
dout_AOV_addr_9       (getelementptr    ) [ 0000000]
store_ln145           (store            ) [ 0000000]
tmp_51                (partselect       ) [ 0010000]
tmp_52                (partselect       ) [ 0010000]
tmp_53                (partselect       ) [ 0011000]
tmp_54                (partselect       ) [ 0011000]
tmp_55                (partselect       ) [ 0011100]
tmp_56                (partselect       ) [ 0011100]
store_ln470           (store            ) [ 0000000]
bitcast_ln145_9       (bitcast          ) [ 0000000]
dout_AOV_addr_10      (getelementptr    ) [ 0000000]
store_ln145           (store            ) [ 0000000]
bitcast_ln145_10      (bitcast          ) [ 0000000]
dout_AOV_addr_11      (getelementptr    ) [ 0000000]
store_ln145           (store            ) [ 0000000]
bitcast_ln145_11      (bitcast          ) [ 0000000]
dout_AOV_addr_12      (getelementptr    ) [ 0000000]
store_ln145           (store            ) [ 0000000]
bitcast_ln145_12      (bitcast          ) [ 0000000]
dout_AOV_addr_13      (getelementptr    ) [ 0000000]
store_ln145           (store            ) [ 0000000]
specinterface_ln0     (specinterface    ) [ 0000000]
bitcast_ln145_13      (bitcast          ) [ 0000000]
dout_AOV_addr_14      (getelementptr    ) [ 0000000]
store_ln145           (store            ) [ 0000000]
bitcast_ln145_14      (bitcast          ) [ 0000000]
dout_AOV_addr_15      (getelementptr    ) [ 0000000]
store_ln145           (store            ) [ 0000000]
br_ln470              (br               ) [ 0000000]
loop_index_load       (load             ) [ 0000000]
loop_index_cast1      (zext             ) [ 0000000]
exitcond2             (icmp             ) [ 0000011]
speclooptripcount_ln0 (speclooptripcount) [ 0000000]
empty                 (add              ) [ 0000001]
br_ln0                (br               ) [ 0000000]
dout_AOV_addr_16      (getelementptr    ) [ 0000001]
empty_56              (trunc            ) [ 0000001]
data_c21_0_load       (load             ) [ 0000000]
data_1_c22_0_load     (load             ) [ 0000000]
data_2_c23_0_load     (load             ) [ 0000000]
data_3_c24_0_load     (load             ) [ 0000000]
data_4_c25_0_load     (load             ) [ 0000000]
data_5_c26_0_load     (load             ) [ 0000000]
data_6_c27_0_load     (load             ) [ 0000000]
data_7_c28_0_load     (load             ) [ 0000000]
mrv                   (insertvalue      ) [ 0000000]
mrv_1                 (insertvalue      ) [ 0000000]
mrv_2                 (insertvalue      ) [ 0000000]
mrv_3                 (insertvalue      ) [ 0000000]
mrv_4                 (insertvalue      ) [ 0000000]
mrv_5                 (insertvalue      ) [ 0000000]
mrv_6                 (insertvalue      ) [ 0000000]
mrv_7                 (insertvalue      ) [ 0000000]
mrv_8                 (insertvalue      ) [ 0000000]
mrv_9                 (insertvalue      ) [ 0000000]
mrv_s                 (insertvalue      ) [ 0000000]
ret_ln471             (ret              ) [ 0000000]
dout_AOV_load         (load             ) [ 0000000]
switch_ln0            (switch           ) [ 0000000]
store_ln0             (store            ) [ 0000000]
br_ln0                (br               ) [ 0000000]
store_ln0             (store            ) [ 0000000]
br_ln0                (br               ) [ 0000000]
store_ln0             (store            ) [ 0000000]
br_ln0                (br               ) [ 0000000]
store_ln0             (store            ) [ 0000000]
br_ln0                (br               ) [ 0000000]
store_ln0             (store            ) [ 0000000]
br_ln0                (br               ) [ 0000000]
store_ln0             (store            ) [ 0000000]
br_ln0                (br               ) [ 0000000]
store_ln0             (store            ) [ 0000000]
br_ln0                (br               ) [ 0000000]
store_ln0             (store            ) [ 0000000]
br_ln0                (br               ) [ 0000000]
store_ln0             (store            ) [ 0000000]
br_ln0                (br               ) [ 0000000]
</LifeTime>

<model>

<comp_list>
<comp id="0" class="1000" name="testStream">
<pin_list>
<pin id="1" dir="1" index="0" bw="1" slack="0"/>
</pin_list>
<bind>
<StgValue><ssdm name="testStream"/></StgValue>
</bind>
</comp>

<comp id="2" class="1001" name="const_2">
<pin_list>
<pin id="3" dir="1" index="0" bw="1" slack="0"/>
</pin_list>
<bind>
<StgValue><ssdm name=""/></StgValue>
</bind>
</comp>

<comp id="4" class="1001" name="const_4">
<pin_list>
<pin id="5" dir="1" index="0" bw="1" slack="0"/>
</pin_list>
<bind>
<StgValue><ssdm name=""/></StgValue>
</bind>
</comp>

<comp id="6" class="1001" name="const_6">
<pin_list>
<pin id="7" dir="1" index="0" bw="1" slack="0"/>
</pin_list>
<bind>
<StgValue><ssdm name="_ssdm_op_Read.axis.volatile.i320P128A"/></StgValue>
</bind>
</comp>

<comp id="8" class="1001" name="const_8">
<pin_list>
<pin id="9" dir="1" index="0" bw="1" slack="0"/>
</pin_list>
<bind>
<StgValue><ssdm name="_ssdm_op_PartSelect.i8.i320.i32.i32"/></StgValue>
</bind>
</comp>

<comp id="10" class="1001" name="const_10">
<pin_list>
<pin id="11" dir="1" index="0" bw="1" slack="0"/>
</pin_list>
<bind>
<StgValue><ssdm name=""/></StgValue>
</bind>
</comp>

<comp id="12" class="1001" name="const_12">
<pin_list>
<pin id="13" dir="1" index="0" bw="1" slack="0"/>
</pin_list>
<bind>
<StgValue><ssdm name=""/></StgValue>
</bind>
</comp>

<comp id="14" class="1001" name="const_14">
<pin_list>
<pin id="15" dir="1" index="0" bw="1" slack="0"/>
</pin_list>
<bind>
<StgValue><ssdm name="_ssdm_op_PartSelect.i16.i320.i32.i32"/></StgValue>
</bind>
</comp>

<comp id="16" class="1001" name="const_16">
<pin_list>
<pin id="17" dir="1" index="0" bw="1" slack="0"/>
</pin_list>
<bind>
<StgValue><ssdm name=""/></StgValue>
</bind>
</comp>

<comp id="18" class="1001" name="const_18">
<pin_list>
<pin id="19" dir="1" index="0" bw="1" slack="0"/>
</pin_list>
<bind>
<StgValue><ssdm name=""/></StgValue>
</bind>
</comp>

<comp id="20" class="1001" name="const_20">
<pin_list>
<pin id="21" dir="1" index="0" bw="1" slack="0"/>
</pin_list>
<bind>
<StgValue><ssdm name="_ssdm_op_PartSelect.i32.i320.i32.i32"/></StgValue>
</bind>
</comp>

<comp id="22" class="1001" name="const_22">
<pin_list>
<pin id="23" dir="1" index="0" bw="1" slack="0"/>
</pin_list>
<bind>
<StgValue><ssdm name=""/></StgValue>
</bind>
</comp>

<comp id="24" class="1001" name="const_24">
<pin_list>
<pin id="25" dir="1" index="0" bw="1" slack="0"/>
</pin_list>
<bind>
<StgValue><ssdm name=""/></StgValue>
</bind>
</comp>

<comp id="26" class="1001" name="const_26">
<pin_list>
<pin id="27" dir="1" index="0" bw="1" slack="0"/>
</pin_list>
<bind>
<StgValue><ssdm name=""/></StgValue>
</bind>
</comp>

<comp id="28" class="1001" name="const_28">
<pin_list>
<pin id="29" dir="1" index="0" bw="1" slack="0"/>
</pin_list>
<bind>
<StgValue><ssdm name=""/></StgValue>
</bind>
</comp>

<comp id="30" class="1001" name="const_30">
<pin_list>
<pin id="31" dir="1" index="0" bw="1" slack="0"/>
</pin_list>
<bind>
<StgValue><ssdm name=""/></StgValue>
</bind>
</comp>

<comp id="32" class="1001" name="const_32">
<pin_list>
<pin id="33" dir="1" index="0" bw="1" slack="0"/>
</pin_list>
<bind>
<StgValue><ssdm name=""/></StgValue>
</bind>
</comp>

<comp id="34" class="1001" name="const_34">
<pin_list>
<pin id="35" dir="1" index="0" bw="1" slack="0"/>
</pin_list>
<bind>
<StgValue><ssdm name=""/></StgValue>
</bind>
</comp>

<comp id="36" class="1001" name="const_36">
<pin_list>
<pin id="37" dir="1" index="0" bw="1" slack="0"/>
</pin_list>
<bind>
<StgValue><ssdm name=""/></StgValue>
</bind>
</comp>

<comp id="38" class="1001" name="const_38">
<pin_list>
<pin id="39" dir="1" index="0" bw="1" slack="0"/>
</pin_list>
<bind>
<StgValue><ssdm name=""/></StgValue>
</bind>
</comp>

<comp id="40" class="1001" name="const_40">
<pin_list>
<pin id="41" dir="1" index="0" bw="1" slack="0"/>
</pin_list>
<bind>
<StgValue><ssdm name=""/></StgValue>
</bind>
</comp>

<comp id="42" class="1001" name="const_42">
<pin_list>
<pin id="43" dir="1" index="0" bw="1" slack="0"/>
</pin_list>
<bind>
<StgValue><ssdm name=""/></StgValue>
</bind>
</comp>

<comp id="44" class="1001" name="const_44">
<pin_list>
<pin id="45" dir="1" index="0" bw="1" slack="0"/>
</pin_list>
<bind>
<StgValue><ssdm name=""/></StgValue>
</bind>
</comp>

<comp id="46" class="1001" name="const_46">
<pin_list>
<pin id="47" dir="1" index="0" bw="1" slack="0"/>
</pin_list>
<bind>
<StgValue><ssdm name=""/></StgValue>
</bind>
</comp>

<comp id="48" class="1001" name="const_48">
<pin_list>
<pin id="49" dir="1" index="0" bw="1" slack="0"/>
</pin_list>
<bind>
<StgValue><ssdm name=""/></StgValue>
</bind>
</comp>

<comp id="50" class="1001" name="const_50">
<pin_list>
<pin id="51" dir="1" index="0" bw="1" slack="0"/>
</pin_list>
<bind>
<StgValue><ssdm name=""/></StgValue>
</bind>
</comp>

<comp id="52" class="1001" name="const_52">
<pin_list>
<pin id="53" dir="1" index="0" bw="1" slack="0"/>
</pin_list>
<bind>
<StgValue><ssdm name=""/></StgValue>
</bind>
</comp>

<comp id="54" class="1001" name="const_54">
<pin_list>
<pin id="55" dir="1" index="0" bw="1" slack="0"/>
</pin_list>
<bind>
<StgValue><ssdm name=""/></StgValue>
</bind>
</comp>

<comp id="56" class="1001" name="const_56">
<pin_list>
<pin id="57" dir="1" index="0" bw="1" slack="0"/>
</pin_list>
<bind>
<StgValue><ssdm name=""/></StgValue>
</bind>
</comp>

<comp id="58" class="1001" name="const_58">
<pin_list>
<pin id="59" dir="1" index="0" bw="1" slack="0"/>
</pin_list>
<bind>
<StgValue><ssdm name=""/></StgValue>
</bind>
</comp>

<comp id="60" class="1001" name="const_60">
<pin_list>
<pin id="61" dir="1" index="0" bw="1" slack="0"/>
</pin_list>
<bind>
<StgValue><ssdm name=""/></StgValue>
</bind>
</comp>

<comp id="62" class="1001" name="const_62">
<pin_list>
<pin id="63" dir="1" index="0" bw="1" slack="0"/>
</pin_list>
<bind>
<StgValue><ssdm name=""/></StgValue>
</bind>
</comp>

<comp id="64" class="1001" name="const_64">
<pin_list>
<pin id="65" dir="1" index="0" bw="1" slack="0"/>
</pin_list>
<bind>
<StgValue><ssdm name=""/></StgValue>
</bind>
</comp>

<comp id="66" class="1001" name="const_66">
<pin_list>
<pin id="67" dir="1" index="0" bw="1" slack="2147483647"/>
</pin_list>
<bind>
<StgValue><ssdm name="_ssdm_op_SpecInterface"/></StgValue>
</bind>
</comp>

<comp id="68" class="1001" name="const_68">
<pin_list>
<pin id="69" dir="1" index="0" bw="1" slack="2147483647"/>
</pin_list>
<bind>
<StgValue><ssdm name="empty_8"/></StgValue>
</bind>
</comp>

<comp id="70" class="1001" name="const_70">
<pin_list>
<pin id="71" dir="1" index="0" bw="1" slack="2147483647"/>
</pin_list>
<bind>
<StgValue><ssdm name=""/></StgValue>
</bind>
</comp>

<comp id="72" class="1001" name="const_72">
<pin_list>
<pin id="73" dir="1" index="0" bw="1" slack="2147483647"/>
</pin_list>
<bind>
<StgValue><ssdm name="empty_1"/></StgValue>
</bind>
</comp>

<comp id="74" class="1001" name="const_74">
<pin_list>
<pin id="75" dir="1" index="0" bw="1" slack="2147483647"/>
</pin_list>
<bind>
<StgValue><ssdm name="empty_5"/></StgValue>
</bind>
</comp>

<comp id="76" class="1001" name="const_76">
<pin_list>
<pin id="77" dir="1" index="0" bw="1" slack="2147483647"/>
</pin_list>
<bind>
<StgValue><ssdm name=""/></StgValue>
</bind>
</comp>

<comp id="78" class="1001" name="const_78">
<pin_list>
<pin id="79" dir="1" index="0" bw="1" slack="0"/>
</pin_list>
<bind>
<StgValue><ssdm name=""/></StgValue>
</bind>
</comp>

<comp id="80" class="1001" name="const_80">
<pin_list>
<pin id="81" dir="1" index="0" bw="1" slack="0"/>
</pin_list>
<bind>
<StgValue><ssdm name=""/></StgValue>
</bind>
</comp>

<comp id="82" class="1001" name="const_82">
<pin_list>
<pin id="83" dir="1" index="0" bw="1" slack="0"/>
</pin_list>
<bind>
<StgValue><ssdm name=""/></StgValue>
</bind>
</comp>

<comp id="84" class="1001" name="const_84">
<pin_list>
<pin id="85" dir="1" index="0" bw="1" slack="2147483647"/>
</pin_list>
<bind>
<StgValue><ssdm name="_ssdm_op_SpecLoopTripCount"/></StgValue>
</bind>
</comp>

<comp id="86" class="1001" name="const_86">
<pin_list>
<pin id="87" dir="1" index="0" bw="1" slack="2147483647"/>
</pin_list>
<bind>
<StgValue><ssdm name=""/></StgValue>
</bind>
</comp>

<comp id="88" class="1001" name="const_88">
<pin_list>
<pin id="89" dir="1" index="0" bw="1" slack="0"/>
</pin_list>
<bind>
<StgValue><ssdm name=""/></StgValue>
</bind>
</comp>

<comp id="90" class="1001" name="const_90">
<pin_list>
<pin id="91" dir="1" index="0" bw="1" slack="0"/>
</pin_list>
<bind>
<StgValue><ssdm name=""/></StgValue>
</bind>
</comp>

<comp id="92" class="1001" name="const_92">
<pin_list>
<pin id="93" dir="1" index="0" bw="1" slack="2147483647"/>
</pin_list>
<bind>
<StgValue><ssdm name=""/></StgValue>
</bind>
</comp>

<comp id="94" class="1001" name="const_94">
<pin_list>
<pin id="95" dir="1" index="0" bw="1" slack="2147483647"/>
</pin_list>
<bind>
<StgValue><ssdm name=""/></StgValue>
</bind>
</comp>

<comp id="96" class="1001" name="const_96">
<pin_list>
<pin id="97" dir="1" index="0" bw="1" slack="2147483647"/>
</pin_list>
<bind>
<StgValue><ssdm name=""/></StgValue>
</bind>
</comp>

<comp id="98" class="1001" name="const_98">
<pin_list>
<pin id="99" dir="1" index="0" bw="1" slack="2147483647"/>
</pin_list>
<bind>
<StgValue><ssdm name=""/></StgValue>
</bind>
</comp>

<comp id="100" class="1001" name="const_100">
<pin_list>
<pin id="101" dir="1" index="0" bw="1" slack="2147483647"/>
</pin_list>
<bind>
<StgValue><ssdm name=""/></StgValue>
</bind>
</comp>

<comp id="102" class="1001" name="const_102">
<pin_list>
<pin id="103" dir="1" index="0" bw="1" slack="2147483647"/>
</pin_list>
<bind>
<StgValue><ssdm name=""/></StgValue>
</bind>
</comp>

<comp id="104" class="1001" name="const_104">
<pin_list>
<pin id="105" dir="1" index="0" bw="1" slack="2147483647"/>
</pin_list>
<bind>
<StgValue><ssdm name=""/></StgValue>
</bind>
</comp>

<comp id="106" class="1004" name="loop_index_fu_106">
<pin_list>
<pin id="107" dir="0" index="0" bw="1" slack="0"/>
<pin id="108" dir="1" index="1" bw="4" slack="0"/>
</pin_list>
<bind>
<opcode="alloca(26) " fcode="alloca"/>
<opset="loop_index/1 "/>
</bind>
</comp>

<comp id="110" class="1004" name="data_c21_0_fu_110">
<pin_list>
<pin id="111" dir="0" index="0" bw="1" slack="0"/>
<pin id="112" dir="1" index="1" bw="32" slack="4"/>
</pin_list>
<bind>
<opcode="alloca(26) " fcode="alloca"/>
<opset="data_c21_0/1 "/>
</bind>
</comp>

<comp id="114" class="1004" name="data_1_c22_0_fu_114">
<pin_list>
<pin id="115" dir="0" index="0" bw="1" slack="0"/>
<pin id="116" dir="1" index="1" bw="32" slack="4"/>
</pin_list>
<bind>
<opcode="alloca(26) " fcode="alloca"/>
<opset="data_1_c22_0/1 "/>
</bind>
</comp>

<comp id="118" class="1004" name="data_2_c23_0_fu_118">
<pin_list>
<pin id="119" dir="0" index="0" bw="1" slack="0"/>
<pin id="120" dir="1" index="1" bw="32" slack="4"/>
</pin_list>
<bind>
<opcode="alloca(26) " fcode="alloca"/>
<opset="data_2_c23_0/1 "/>
</bind>
</comp>

<comp id="122" class="1004" name="data_3_c24_0_fu_122">
<pin_list>
<pin id="123" dir="0" index="0" bw="1" slack="0"/>
<pin id="124" dir="1" index="1" bw="32" slack="4"/>
</pin_list>
<bind>
<opcode="alloca(26) " fcode="alloca"/>
<opset="data_3_c24_0/1 "/>
</bind>
</comp>

<comp id="126" class="1004" name="data_4_c25_0_fu_126">
<pin_list>
<pin id="127" dir="0" index="0" bw="1" slack="0"/>
<pin id="128" dir="1" index="1" bw="32" slack="4"/>
</pin_list>
<bind>
<opcode="alloca(26) " fcode="alloca"/>
<opset="data_4_c25_0/1 "/>
</bind>
</comp>

<comp id="130" class="1004" name="data_5_c26_0_fu_130">
<pin_list>
<pin id="131" dir="0" index="0" bw="1" slack="0"/>
<pin id="132" dir="1" index="1" bw="32" slack="4"/>
</pin_list>
<bind>
<opcode="alloca(26) " fcode="alloca"/>
<opset="data_5_c26_0/1 "/>
</bind>
</comp>

<comp id="134" class="1004" name="data_6_c27_0_fu_134">
<pin_list>
<pin id="135" dir="0" index="0" bw="1" slack="0"/>
<pin id="136" dir="1" index="1" bw="32" slack="4"/>
</pin_list>
<bind>
<opcode="alloca(26) " fcode="alloca"/>
<opset="data_6_c27_0/1 "/>
</bind>
</comp>

<comp id="138" class="1004" name="data_7_c28_0_fu_138">
<pin_list>
<pin id="139" dir="0" index="0" bw="1" slack="0"/>
<pin id="140" dir="1" index="1" bw="32" slack="4"/>
</pin_list>
<bind>
<opcode="alloca(26) " fcode="alloca"/>
<opset="data_7_c28_0/1 "/>
</bind>
</comp>

<comp id="142" class="1004" name="contr_AOV_alloca_fu_142">
<pin_list>
<pin id="143" dir="0" index="0" bw="1" slack="0"/>
<pin id="144" dir="1" index="1" bw="32" slack="0"/>
</pin_list>
<bind>
<opcode="alloca(26) " fcode="alloca"/>
<opset="contr_AOV/1 "/>
</bind>
</comp>

<comp id="146" class="1004" name="testStream_read_read_fu_146">
<pin_list>
<pin id="147" dir="0" index="0" bw="320" slack="0"/>
<pin id="148" dir="0" index="1" bw="320" slack="0"/>
<pin id="149" dir="1" index="2" bw="320" slack="0"/>
</pin_list>
<bind>
<opcode="read(1150) " fcode="read"/>
<opset="testStream_read/1 "/>
</bind>
</comp>

<comp id="152" class="1004" name="dout_AOV_addr_gep_fu_152">
<pin_list>
<pin id="153" dir="0" index="0" bw="32" slack="0"/>
<pin id="154" dir="0" index="1" bw="1" slack="0"/>
<pin id="155" dir="0" index="2" bw="1" slack="0"/>
<pin id="156" dir="1" index="3" bw="3" slack="0"/>
</pin_list>
<bind>
<opcode="getelementptr(29) " fcode="getelementptr"/>
<opset="dout_AOV_addr/1 "/>
</bind>
</comp>

<comp id="160" class="1004" name="grp_access_fu_160">
<pin_list>
<pin id="161" dir="0" index="0" bw="3" slack="0"/>
<pin id="162" dir="0" index="1" bw="32" slack="0"/>
<pin id="163" dir="0" index="2" bw="0" slack="0"/>
<pin id="165" dir="0" index="4" bw="3" slack="0"/>
<pin id="166" dir="0" index="5" bw="32" slack="2147483647"/>
<pin id="167" dir="0" index="6" bw="0" slack="2147483647"/>
<pin id="164" dir="1" index="3" bw="32" slack="0"/>
<pin id="168" dir="1" index="7" bw="32" slack="2147483647"/>
</pin_list>
<bind>
<opcode="load(27) store(28) " fcode="load"/>
<opset="store_ln145/1 store_ln145/1 store_ln145/2 store_ln145/2 store_ln145/3 store_ln145/3 store_ln145/4 store_ln145/4 dout_AOV_load/5 "/>
</bind>
</comp>

<comp id="170" class="1004" name="dout_AOV_addr_9_gep_fu_170">
<pin_list>
<pin id="171" dir="0" index="0" bw="32" slack="0"/>
<pin id="172" dir="0" index="1" bw="1" slack="0"/>
<pin id="173" dir="0" index="2" bw="1" slack="0"/>
<pin id="174" dir="1" index="3" bw="3" slack="0"/>
</pin_list>
<bind>
<opcode="getelementptr(29) " fcode="getelementptr"/>
<opset="dout_AOV_addr_9/1 "/>
</bind>
</comp>

<comp id="179" class="1004" name="dout_AOV_addr_10_gep_fu_179">
<pin_list>
<pin id="180" dir="0" index="0" bw="32" slack="2147483647"/>
<pin id="181" dir="0" index="1" bw="1" slack="0"/>
<pin id="182" dir="0" index="2" bw="3" slack="0"/>
<pin id="183" dir="1" index="3" bw="3" slack="0"/>
</pin_list>
<bind>
<opcode="getelementptr(29) " fcode="getelementptr"/>
<opset="dout_AOV_addr_10/2 "/>
</bind>
</comp>

<comp id="187" class="1004" name="dout_AOV_addr_11_gep_fu_187">
<pin_list>
<pin id="188" dir="0" index="0" bw="32" slack="2147483647"/>
<pin id="189" dir="0" index="1" bw="1" slack="0"/>
<pin id="190" dir="0" index="2" bw="3" slack="0"/>
<pin id="191" dir="1" index="3" bw="3" slack="0"/>
</pin_list>
<bind>
<opcode="getelementptr(29) " fcode="getelementptr"/>
<opset="dout_AOV_addr_11/2 "/>
</bind>
</comp>

<comp id="195" class="1004" name="dout_AOV_addr_12_gep_fu_195">
<pin_list>
<pin id="196" dir="0" index="0" bw="32" slack="2147483647"/>
<pin id="197" dir="0" index="1" bw="1" slack="0"/>
<pin id="198" dir="0" index="2" bw="4" slack="0"/>
<pin id="199" dir="1" index="3" bw="3" slack="0"/>
</pin_list>
<bind>
<opcode="getelementptr(29) " fcode="getelementptr"/>
<opset="dout_AOV_addr_12/3 "/>
</bind>
</comp>

<comp id="203" class="1004" name="dout_AOV_addr_13_gep_fu_203">
<pin_list>
<pin id="204" dir="0" index="0" bw="32" slack="2147483647"/>
<pin id="205" dir="0" index="1" bw="1" slack="0"/>
<pin id="206" dir="0" index="2" bw="4" slack="0"/>
<pin id="207" dir="1" index="3" bw="3" slack="0"/>
</pin_list>
<bind>
<opcode="getelementptr(29) " fcode="getelementptr"/>
<opset="dout_AOV_addr_13/3 "/>
</bind>
</comp>

<comp id="211" class="1004" name="dout_AOV_addr_14_gep_fu_211">
<pin_list>
<pin id="212" dir="0" index="0" bw="32" slack="2147483647"/>
<pin id="213" dir="0" index="1" bw="1" slack="0"/>
<pin id="214" dir="0" index="2" bw="4" slack="0"/>
<pin id="215" dir="1" index="3" bw="3" slack="0"/>
</pin_list>
<bind>
<opcode="getelementptr(29) " fcode="getelementptr"/>
<opset="dout_AOV_addr_14/4 "/>
</bind>
</comp>

<comp id="219" class="1004" name="dout_AOV_addr_15_gep_fu_219">
<pin_list>
<pin id="220" dir="0" index="0" bw="32" slack="2147483647"/>
<pin id="221" dir="0" index="1" bw="1" slack="0"/>
<pin id="222" dir="0" index="2" bw="4" slack="0"/>
<pin id="223" dir="1" index="3" bw="3" slack="0"/>
</pin_list>
<bind>
<opcode="getelementptr(29) " fcode="getelementptr"/>
<opset="dout_AOV_addr_15/4 "/>
</bind>
</comp>

<comp id="227" class="1004" name="dout_AOV_addr_16_gep_fu_227">
<pin_list>
<pin id="228" dir="0" index="0" bw="32" slack="2147483647"/>
<pin id="229" dir="0" index="1" bw="1" slack="0"/>
<pin id="230" dir="0" index="2" bw="4" slack="0"/>
<pin id="231" dir="1" index="3" bw="3" slack="0"/>
</pin_list>
<bind>
<opcode="getelementptr(29) " fcode="getelementptr"/>
<opset="dout_AOV_addr_16/5 "/>
</bind>
</comp>

<comp id="234" class="1004" name="tmp_checkId_V_fu_234">
<pin_list>
<pin id="235" dir="0" index="0" bw="320" slack="0"/>
<pin id="236" dir="1" index="1" bw="8" slack="4"/>
</pin_list>
<bind>
<opcode="trunc(33) " fcode="trunc"/>
<opset="tmp_checkId_V/1 "/>
</bind>
</comp>

<comp id="238" class="1004" name="tmp_taskId_V_fu_238">
<pin_list>
<pin id="239" dir="0" index="0" bw="8" slack="0"/>
<pin id="240" dir="0" index="1" bw="320" slack="0"/>
<pin id="241" dir="0" index="2" bw="5" slack="0"/>
<pin id="242" dir="0" index="3" bw="5" slack="0"/>
<pin id="243" dir="1" index="4" bw="8" slack="4"/>
</pin_list>
<bind>
<opcode="partselect(1002) " fcode="partselect"/>
<opset="tmp_taskId_V/1 "/>
</bind>
</comp>

<comp id="248" class="1004" name="tmp_uniId_V_fu_248">
<pin_list>
<pin id="249" dir="0" index="0" bw="16" slack="0"/>
<pin id="250" dir="0" index="1" bw="320" slack="0"/>
<pin id="251" dir="0" index="2" bw="6" slack="0"/>
<pin id="252" dir="0" index="3" bw="6" slack="0"/>
<pin id="253" dir="1" index="4" bw="16" slack="4"/>
</pin_list>
<bind>
<opcode="partselect(1002) " fcode="partselect"/>
<opset="tmp_uniId_V/1 "/>
</bind>
</comp>

<comp id="258" class="1004" name="tmp_fu_258">
<pin_list>
<pin id="259" dir="0" index="0" bw="32" slack="0"/>
<pin id="260" dir="0" index="1" bw="320" slack="0"/>
<pin id="261" dir="0" index="2" bw="8" slack="0"/>
<pin id="262" dir="0" index="3" bw="8" slack="0"/>
<pin id="263" dir="1" index="4" bw="32" slack="0"/>
</pin_list>
<bind>
<opcode="partselect(1002) " fcode="partselect"/>
<opset="tmp/1 "/>
</bind>
</comp>

<comp id="268" class="1004" name="bitcast_ln145_fu_268">
<pin_list>
<pin id="269" dir="0" index="0" bw="32" slack="0"/>
<pin id="270" dir="1" index="1" bw="32" slack="0"/>
</pin_list>
<bind>
<opcode="bitcast(44) " fcode="bitcast"/>
<opset="bitcast_ln145/1 "/>
</bind>
</comp>

<comp id="273" class="1004" name="tmp_s_fu_273">
<pin_list>
<pin id="274" dir="0" index="0" bw="32" slack="0"/>
<pin id="275" dir="0" index="1" bw="320" slack="0"/>
<pin id="276" dir="0" index="2" bw="8" slack="0"/>
<pin id="277" dir="0" index="3" bw="8" slack="0"/>
<pin id="278" dir="1" index="4" bw="32" slack="0"/>
</pin_list>
<bind>
<opcode="partselect(1002) " fcode="partselect"/>
<opset="tmp_s/1 "/>
</bind>
</comp>

<comp id="283" class="1004" name="bitcast_ln145_8_fu_283">
<pin_list>
<pin id="284" dir="0" index="0" bw="32" slack="0"/>
<pin id="285" dir="1" index="1" bw="32" slack="0"/>
</pin_list>
<bind>
<opcode="bitcast(44) " fcode="bitcast"/>
<opset="bitcast_ln145_8/1 "/>
</bind>
</comp>

<comp id="288" class="1004" name="tmp_51_fu_288">
<pin_list>
<pin id="289" dir="0" index="0" bw="32" slack="0"/>
<pin id="290" dir="0" index="1" bw="320" slack="0"/>
<pin id="291" dir="0" index="2" bw="9" slack="0"/>
<pin id="292" dir="0" index="3" bw="9" slack="0"/>
<pin id="293" dir="1" index="4" bw="32" slack="1"/>
</pin_list>
<bind>
<opcode="partselect(1002) " fcode="partselect"/>
<opset="tmp_51/1 "/>
</bind>
</comp>

<comp id="298" class="1004" name="tmp_52_fu_298">
<pin_list>
<pin id="299" dir="0" index="0" bw="32" slack="0"/>
<pin id="300" dir="0" index="1" bw="320" slack="0"/>
<pin id="301" dir="0" index="2" bw="9" slack="0"/>
<pin id="302" dir="0" index="3" bw="9" slack="0"/>
<pin id="303" dir="1" index="4" bw="32" slack="1"/>
</pin_list>
<bind>
<opcode="partselect(1002) " fcode="partselect"/>
<opset="tmp_52/1 "/>
</bind>
</comp>

<comp id="308" class="1004" name="tmp_53_fu_308">
<pin_list>
<pin id="309" dir="0" index="0" bw="32" slack="0"/>
<pin id="310" dir="0" index="1" bw="320" slack="0"/>
<pin id="311" dir="0" index="2" bw="9" slack="0"/>
<pin id="312" dir="0" index="3" bw="9" slack="0"/>
<pin id="313" dir="1" index="4" bw="32" slack="2"/>
</pin_list>
<bind>
<opcode="partselect(1002) " fcode="partselect"/>
<opset="tmp_53/1 "/>
</bind>
</comp>

<comp id="318" class="1004" name="tmp_54_fu_318">
<pin_list>
<pin id="319" dir="0" index="0" bw="32" slack="0"/>
<pin id="320" dir="0" index="1" bw="320" slack="0"/>
<pin id="321" dir="0" index="2" bw="9" slack="0"/>
<pin id="322" dir="0" index="3" bw="9" slack="0"/>
<pin id="323" dir="1" index="4" bw="32" slack="2"/>
</pin_list>
<bind>
<opcode="partselect(1002) " fcode="partselect"/>
<opset="tmp_54/1 "/>
</bind>
</comp>

<comp id="328" class="1004" name="tmp_55_fu_328">
<pin_list>
<pin id="329" dir="0" index="0" bw="32" slack="0"/>
<pin id="330" dir="0" index="1" bw="320" slack="0"/>
<pin id="331" dir="0" index="2" bw="10" slack="0"/>
<pin id="332" dir="0" index="3" bw="10" slack="0"/>
<pin id="333" dir="1" index="4" bw="32" slack="3"/>
</pin_list>
<bind>
<opcode="partselect(1002) " fcode="partselect"/>
<opset="tmp_55/1 "/>
</bind>
</comp>

<comp id="338" class="1004" name="tmp_56_fu_338">
<pin_list>
<pin id="339" dir="0" index="0" bw="32" slack="0"/>
<pin id="340" dir="0" index="1" bw="320" slack="0"/>
<pin id="341" dir="0" index="2" bw="10" slack="0"/>
<pin id="342" dir="0" index="3" bw="10" slack="0"/>
<pin id="343" dir="1" index="4" bw="32" slack="3"/>
</pin_list>
<bind>
<opcode="partselect(1002) " fcode="partselect"/>
<opset="tmp_56/1 "/>
</bind>
</comp>

<comp id="348" class="1004" name="store_ln470_store_fu_348">
<pin_list>
<pin id="349" dir="0" index="0" bw="1" slack="0"/>
<pin id="350" dir="0" index="1" bw="4" slack="0"/>
<pin id="351" dir="1" index="2" bw="0" slack="2147483647"/>
</pin_list>
<bind>
<opcode="store(28) " fcode="store"/>
<opset="store_ln470/1 "/>
</bind>
</comp>

<comp id="353" class="1004" name="bitcast_ln145_9_fu_353">
<pin_list>
<pin id="354" dir="0" index="0" bw="32" slack="1"/>
<pin id="355" dir="1" index="1" bw="32" slack="0"/>
</pin_list>
<bind>
<opcode="bitcast(44) " fcode="bitcast"/>
<opset="bitcast_ln145_9/2 "/>
</bind>
</comp>

<comp id="357" class="1004" name="bitcast_ln145_10_fu_357">
<pin_list>
<pin id="358" dir="0" index="0" bw="32" slack="1"/>
<pin id="359" dir="1" index="1" bw="32" slack="0"/>
</pin_list>
<bind>
<opcode="bitcast(44) " fcode="bitcast"/>
<opset="bitcast_ln145_10/2 "/>
</bind>
</comp>

<comp id="361" class="1004" name="bitcast_ln145_11_fu_361">
<pin_list>
<pin id="362" dir="0" index="0" bw="32" slack="2"/>
<pin id="363" dir="1" index="1" bw="32" slack="0"/>
</pin_list>
<bind>
<opcode="bitcast(44) " fcode="bitcast"/>
<opset="bitcast_ln145_11/3 "/>
</bind>
</comp>

<comp id="365" class="1004" name="bitcast_ln145_12_fu_365">
<pin_list>
<pin id="366" dir="0" index="0" bw="32" slack="2"/>
<pin id="367" dir="1" index="1" bw="32" slack="0"/>
</pin_list>
<bind>
<opcode="bitcast(44) " fcode="bitcast"/>
<opset="bitcast_ln145_12/3 "/>
</bind>
</comp>

<comp id="369" class="1004" name="bitcast_ln145_13_fu_369">
<pin_list>
<pin id="370" dir="0" index="0" bw="32" slack="3"/>
<pin id="371" dir="1" index="1" bw="32" slack="0"/>
</pin_list>
<bind>
<opcode="bitcast(44) " fcode="bitcast"/>
<opset="bitcast_ln145_13/4 "/>
</bind>
</comp>

<comp id="373" class="1004" name="bitcast_ln145_14_fu_373">
<pin_list>
<pin id="374" dir="0" index="0" bw="32" slack="3"/>
<pin id="375" dir="1" index="1" bw="32" slack="0"/>
</pin_list>
<bind>
<opcode="bitcast(44) " fcode="bitcast"/>
<opset="bitcast_ln145_14/4 "/>
</bind>
</comp>

<comp id="377" class="1004" name="loop_index_load_load_fu_377">
<pin_list>
<pin id="378" dir="0" index="0" bw="4" slack="4"/>
<pin id="379" dir="1" index="1" bw="4" slack="0"/>
</pin_list>
<bind>
<opcode="load(27) " fcode="load"/>
<opset="loop_index_load/5 "/>
</bind>
</comp>

<comp id="380" class="1004" name="loop_index_cast1_fu_380">
<pin_list>
<pin id="381" dir="0" index="0" bw="4" slack="0"/>
<pin id="382" dir="1" index="1" bw="64" slack="0"/>
</pin_list>
<bind>
<opcode="zext(34) " fcode="zext"/>
<opset="loop_index_cast1/5 "/>
</bind>
</comp>

<comp id="385" class="1004" name="exitcond2_fu_385">
<pin_list>
<pin id="386" dir="0" index="0" bw="4" slack="0"/>
<pin id="387" dir="0" index="1" bw="4" slack="0"/>
<pin id="388" dir="1" index="2" bw="1" slack="2147483647"/>
</pin_list>
<bind>
<opcode="icmp(45) " fcode="icmp"/>
<opset="exitcond2/5 "/>
</bind>
</comp>

<comp id="391" class="1004" name="empty_fu_391">
<pin_list>
<pin id="392" dir="0" index="0" bw="4" slack="0"/>
<pin id="393" dir="0" index="1" bw="1" slack="0"/>
<pin id="394" dir="1" index="2" bw="4" slack="1"/>
</pin_list>
<bind>
<opcode="add(8) " fcode="add"/>
<opset="empty/5 "/>
</bind>
</comp>

<comp id="397" class="1004" name="empty_56_fu_397">
<pin_list>
<pin id="398" dir="0" index="0" bw="4" slack="0"/>
<pin id="399" dir="1" index="1" bw="3" slack="1"/>
</pin_list>
<bind>
<opcode="trunc(33) " fcode="trunc"/>
<opset="empty_56/5 "/>
</bind>
</comp>

<comp id="401" class="1004" name="data_c21_0_load_load_fu_401">
<pin_list>
<pin id="402" dir="0" index="0" bw="32" slack="4"/>
<pin id="403" dir="1" index="1" bw="32" slack="0"/>
</pin_list>
<bind>
<opcode="load(27) " fcode="load"/>
<opset="data_c21_0_load/5 "/>
</bind>
</comp>

<comp id="404" class="1004" name="data_1_c22_0_load_load_fu_404">
<pin_list>
<pin id="405" dir="0" index="0" bw="32" slack="4"/>
<pin id="406" dir="1" index="1" bw="32" slack="0"/>
</pin_list>
<bind>
<opcode="load(27) " fcode="load"/>
<opset="data_1_c22_0_load/5 "/>
</bind>
</comp>

<comp id="407" class="1004" name="data_2_c23_0_load_load_fu_407">
<pin_list>
<pin id="408" dir="0" index="0" bw="32" slack="4"/>
<pin id="409" dir="1" index="1" bw="32" slack="0"/>
</pin_list>
<bind>
<opcode="load(27) " fcode="load"/>
<opset="data_2_c23_0_load/5 "/>
</bind>
</comp>

<comp id="410" class="1004" name="data_3_c24_0_load_load_fu_410">
<pin_list>
<pin id="411" dir="0" index="0" bw="32" slack="4"/>
<pin id="412" dir="1" index="1" bw="32" slack="0"/>
</pin_list>
<bind>
<opcode="load(27) " fcode="load"/>
<opset="data_3_c24_0_load/5 "/>
</bind>
</comp>

<comp id="413" class="1004" name="data_4_c25_0_load_load_fu_413">
<pin_list>
<pin id="414" dir="0" index="0" bw="32" slack="4"/>
<pin id="415" dir="1" index="1" bw="32" slack="0"/>
</pin_list>
<bind>
<opcode="load(27) " fcode="load"/>
<opset="data_4_c25_0_load/5 "/>
</bind>
</comp>

<comp id="416" class="1004" name="data_5_c26_0_load_load_fu_416">
<pin_list>
<pin id="417" dir="0" index="0" bw="32" slack="4"/>
<pin id="418" dir="1" index="1" bw="32" slack="0"/>
</pin_list>
<bind>
<opcode="load(27) " fcode="load"/>
<opset="data_5_c26_0_load/5 "/>
</bind>
</comp>

<comp id="419" class="1004" name="data_6_c27_0_load_load_fu_419">
<pin_list>
<pin id="420" dir="0" index="0" bw="32" slack="4"/>
<pin id="421" dir="1" index="1" bw="32" slack="0"/>
</pin_list>
<bind>
<opcode="load(27) " fcode="load"/>
<opset="data_6_c27_0_load/5 "/>
</bind>
</comp>

<comp id="422" class="1004" name="data_7_c28_0_load_load_fu_422">
<pin_list>
<pin id="423" dir="0" index="0" bw="32" slack="4"/>
<pin id="424" dir="1" index="1" bw="32" slack="0"/>
</pin_list>
<bind>
<opcode="load(27) " fcode="load"/>
<opset="data_7_c28_0_load/5 "/>
</bind>
</comp>

<comp id="425" class="1004" name="mrv_fu_425">
<pin_list>
<pin id="426" dir="0" index="0" bw="288" slack="0"/>
<pin id="427" dir="0" index="1" bw="8" slack="4"/>
<pin id="428" dir="1" index="2" bw="288" slack="0"/>
</pin_list>
<bind>
<opcode="insertvalue(57) " fcode="insertvalue"/>
<opset="mrv/5 "/>
</bind>
</comp>

<comp id="430" class="1004" name="mrv_1_fu_430">
<pin_list>
<pin id="431" dir="0" index="0" bw="288" slack="0"/>
<pin id="432" dir="0" index="1" bw="8" slack="4"/>
<pin id="433" dir="1" index="2" bw="288" slack="0"/>
</pin_list>
<bind>
<opcode="insertvalue(57) " fcode="insertvalue"/>
<opset="mrv_1/5 "/>
</bind>
</comp>

<comp id="435" class="1004" name="mrv_2_fu_435">
<pin_list>
<pin id="436" dir="0" index="0" bw="288" slack="0"/>
<pin id="437" dir="0" index="1" bw="16" slack="4"/>
<pin id="438" dir="1" index="2" bw="288" slack="0"/>
</pin_list>
<bind>
<opcode="insertvalue(57) " fcode="insertvalue"/>
<opset="mrv_2/5 "/>
</bind>
</comp>

<comp id="440" class="1004" name="mrv_3_fu_440">
<pin_list>
<pin id="441" dir="0" index="0" bw="288" slack="0"/>
<pin id="442" dir="0" index="1" bw="32" slack="0"/>
<pin id="443" dir="1" index="2" bw="288" slack="0"/>
</pin_list>
<bind>
<opcode="insertvalue(57) " fcode="insertvalue"/>
<opset="mrv_3/5 "/>
</bind>
</comp>

<comp id="446" class="1004" name="mrv_4_fu_446">
<pin_list>
<pin id="447" dir="0" index="0" bw="288" slack="0"/>
<pin id="448" dir="0" index="1" bw="32" slack="0"/>
<pin id="449" dir="1" index="2" bw="288" slack="0"/>
</pin_list>
<bind>
<opcode="insertvalue(57) " fcode="insertvalue"/>
<opset="mrv_4/5 "/>
</bind>
</comp>

<comp id="452" class="1004" name="mrv_5_fu_452">
<pin_list>
<pin id="453" dir="0" index="0" bw="288" slack="0"/>
<pin id="454" dir="0" index="1" bw="32" slack="0"/>
<pin id="455" dir="1" index="2" bw="288" slack="0"/>
</pin_list>
<bind>
<opcode="insertvalue(57) " fcode="insertvalue"/>
<opset="mrv_5/5 "/>
</bind>
</comp>

<comp id="458" class="1004" name="mrv_6_fu_458">
<pin_list>
<pin id="459" dir="0" index="0" bw="288" slack="0"/>
<pin id="460" dir="0" index="1" bw="32" slack="0"/>
<pin id="461" dir="1" index="2" bw="288" slack="0"/>
</pin_list>
<bind>
<opcode="insertvalue(57) " fcode="insertvalue"/>
<opset="mrv_6/5 "/>
</bind>
</comp>

<comp id="464" class="1004" name="mrv_7_fu_464">
<pin_list>
<pin id="465" dir="0" index="0" bw="288" slack="0"/>
<pin id="466" dir="0" index="1" bw="32" slack="0"/>
<pin id="467" dir="1" index="2" bw="288" slack="0"/>
</pin_list>
<bind>
<opcode="insertvalue(57) " fcode="insertvalue"/>
<opset="mrv_7/5 "/>
</bind>
</comp>

<comp id="470" class="1004" name="mrv_8_fu_470">
<pin_list>
<pin id="471" dir="0" index="0" bw="288" slack="0"/>
<pin id="472" dir="0" index="1" bw="32" slack="0"/>
<pin id="473" dir="1" index="2" bw="288" slack="0"/>
</pin_list>
<bind>
<opcode="insertvalue(57) " fcode="insertvalue"/>
<opset="mrv_8/5 "/>
</bind>
</comp>

<comp id="476" class="1004" name="mrv_9_fu_476">
<pin_list>
<pin id="477" dir="0" index="0" bw="288" slack="0"/>
<pin id="478" dir="0" index="1" bw="32" slack="0"/>
<pin id="479" dir="1" index="2" bw="288" slack="0"/>
</pin_list>
<bind>
<opcode="insertvalue(57) " fcode="insertvalue"/>
<opset="mrv_9/5 "/>
</bind>
</comp>

<comp id="482" class="1004" name="mrv_s_fu_482">
<pin_list>
<pin id="483" dir="0" index="0" bw="288" slack="0"/>
<pin id="484" dir="0" index="1" bw="32" slack="0"/>
<pin id="485" dir="1" index="2" bw="288" slack="2147483647"/>
</pin_list>
<bind>
<opcode="insertvalue(57) " fcode="insertvalue"/>
<opset="mrv_s/5 "/>
</bind>
</comp>

<comp id="488" class="1004" name="store_ln0_store_fu_488">
<pin_list>
<pin id="489" dir="0" index="0" bw="32" slack="0"/>
<pin id="490" dir="0" index="1" bw="32" slack="5"/>
<pin id="491" dir="1" index="2" bw="0" slack="2147483647"/>
</pin_list>
<bind>
<opcode="store(28) " fcode="store"/>
<opset="store_ln0/6 "/>
</bind>
</comp>

<comp id="493" class="1004" name="store_ln0_store_fu_493">
<pin_list>
<pin id="494" dir="0" index="0" bw="32" slack="0"/>
<pin id="495" dir="0" index="1" bw="32" slack="5"/>
<pin id="496" dir="1" index="2" bw="0" slack="2147483647"/>
</pin_list>
<bind>
<opcode="store(28) " fcode="store"/>
<opset="store_ln0/6 "/>
</bind>
</comp>

<comp id="498" class="1004" name="store_ln0_store_fu_498">
<pin_list>
<pin id="499" dir="0" index="0" bw="32" slack="0"/>
<pin id="500" dir="0" index="1" bw="32" slack="5"/>
<pin id="501" dir="1" index="2" bw="0" slack="2147483647"/>
</pin_list>
<bind>
<opcode="store(28) " fcode="store"/>
<opset="store_ln0/6 "/>
</bind>
</comp>

<comp id="503" class="1004" name="store_ln0_store_fu_503">
<pin_list>
<pin id="504" dir="0" index="0" bw="32" slack="0"/>
<pin id="505" dir="0" index="1" bw="32" slack="5"/>
<pin id="506" dir="1" index="2" bw="0" slack="2147483647"/>
</pin_list>
<bind>
<opcode="store(28) " fcode="store"/>
<opset="store_ln0/6 "/>
</bind>
</comp>

<comp id="508" class="1004" name="store_ln0_store_fu_508">
<pin_list>
<pin id="509" dir="0" index="0" bw="32" slack="0"/>
<pin id="510" dir="0" index="1" bw="32" slack="5"/>
<pin id="511" dir="1" index="2" bw="0" slack="2147483647"/>
</pin_list>
<bind>
<opcode="store(28) " fcode="store"/>
<opset="store_ln0/6 "/>
</bind>
</comp>

<comp id="513" class="1004" name="store_ln0_store_fu_513">
<pin_list>
<pin id="514" dir="0" index="0" bw="32" slack="0"/>
<pin id="515" dir="0" index="1" bw="32" slack="5"/>
<pin id="516" dir="1" index="2" bw="0" slack="2147483647"/>
</pin_list>
<bind>
<opcode="store(28) " fcode="store"/>
<opset="store_ln0/6 "/>
</bind>
</comp>

<comp id="518" class="1004" name="store_ln0_store_fu_518">
<pin_list>
<pin id="519" dir="0" index="0" bw="32" slack="0"/>
<pin id="520" dir="0" index="1" bw="32" slack="5"/>
<pin id="521" dir="1" index="2" bw="0" slack="2147483647"/>
</pin_list>
<bind>
<opcode="store(28) " fcode="store"/>
<opset="store_ln0/6 "/>
</bind>
</comp>

<comp id="523" class="1004" name="store_ln0_store_fu_523">
<pin_list>
<pin id="524" dir="0" index="0" bw="32" slack="0"/>
<pin id="525" dir="0" index="1" bw="32" slack="5"/>
<pin id="526" dir="1" index="2" bw="0" slack="2147483647"/>
</pin_list>
<bind>
<opcode="store(28) " fcode="store"/>
<opset="store_ln0/6 "/>
</bind>
</comp>

<comp id="528" class="1004" name="store_ln0_store_fu_528">
<pin_list>
<pin id="529" dir="0" index="0" bw="4" slack="1"/>
<pin id="530" dir="0" index="1" bw="4" slack="5"/>
<pin id="531" dir="1" index="2" bw="0" slack="2147483647"/>
</pin_list>
<bind>
<opcode="store(28) " fcode="store"/>
<opset="store_ln0/6 "/>
</bind>
</comp>

<comp id="532" class="1005" name="loop_index_reg_532">
<pin_list>
<pin id="533" dir="0" index="0" bw="4" slack="0"/>
<pin id="534" dir="1" index="1" bw="4" slack="0"/>
</pin_list>
<bind>
<opset="loop_index "/>
</bind>
</comp>

<comp id="539" class="1005" name="data_c21_0_reg_539">
<pin_list>
<pin id="540" dir="0" index="0" bw="32" slack="4"/>
<pin id="541" dir="1" index="1" bw="32" slack="4"/>
</pin_list>
<bind>
<opset="data_c21_0 "/>
</bind>
</comp>

<comp id="545" class="1005" name="data_1_c22_0_reg_545">
<pin_list>
<pin id="546" dir="0" index="0" bw="32" slack="4"/>
<pin id="547" dir="1" index="1" bw="32" slack="4"/>
</pin_list>
<bind>
<opset="data_1_c22_0 "/>
</bind>
</comp>

<comp id="551" class="1005" name="data_2_c23_0_reg_551">
<pin_list>
<pin id="552" dir="0" index="0" bw="32" slack="4"/>
<pin id="553" dir="1" index="1" bw="32" slack="4"/>
</pin_list>
<bind>
<opset="data_2_c23_0 "/>
</bind>
</comp>

<comp id="557" class="1005" name="data_3_c24_0_reg_557">
<pin_list>
<pin id="558" dir="0" index="0" bw="32" slack="4"/>
<pin id="559" dir="1" index="1" bw="32" slack="4"/>
</pin_list>
<bind>
<opset="data_3_c24_0 "/>
</bind>
</comp>

<comp id="563" class="1005" name="data_4_c25_0_reg_563">
<pin_list>
<pin id="564" dir="0" index="0" bw="32" slack="4"/>
<pin id="565" dir="1" index="1" bw="32" slack="4"/>
</pin_list>
<bind>
<opset="data_4_c25_0 "/>
</bind>
</comp>

<comp id="569" class="1005" name="data_5_c26_0_reg_569">
<pin_list>
<pin id="570" dir="0" index="0" bw="32" slack="4"/>
<pin id="571" dir="1" index="1" bw="32" slack="4"/>
</pin_list>
<bind>
<opset="data_5_c26_0 "/>
</bind>
</comp>

<comp id="575" class="1005" name="data_6_c27_0_reg_575">
<pin_list>
<pin id="576" dir="0" index="0" bw="32" slack="4"/>
<pin id="577" dir="1" index="1" bw="32" slack="4"/>
</pin_list>
<bind>
<opset="data_6_c27_0 "/>
</bind>
</comp>

<comp id="581" class="1005" name="data_7_c28_0_reg_581">
<pin_list>
<pin id="582" dir="0" index="0" bw="32" slack="4"/>
<pin id="583" dir="1" index="1" bw="32" slack="4"/>
</pin_list>
<bind>
<opset="data_7_c28_0 "/>
</bind>
</comp>

<comp id="587" class="1005" name="tmp_checkId_V_reg_587">
<pin_list>
<pin id="588" dir="0" index="0" bw="8" slack="4"/>
<pin id="589" dir="1" index="1" bw="8" slack="4"/>
</pin_list>
<bind>
<opset="tmp_checkId_V "/>
</bind>
</comp>

<comp id="592" class="1005" name="tmp_taskId_V_reg_592">
<pin_list>
<pin id="593" dir="0" index="0" bw="8" slack="4"/>
<pin id="594" dir="1" index="1" bw="8" slack="4"/>
</pin_list>
<bind>
<opset="tmp_taskId_V "/>
</bind>
</comp>

<comp id="597" class="1005" name="tmp_uniId_V_reg_597">
<pin_list>
<pin id="598" dir="0" index="0" bw="16" slack="4"/>
<pin id="599" dir="1" index="1" bw="16" slack="4"/>
</pin_list>
<bind>
<opset="tmp_uniId_V "/>
</bind>
</comp>

<comp id="602" class="1005" name="tmp_51_reg_602">
<pin_list>
<pin id="603" dir="0" index="0" bw="32" slack="1"/>
<pin id="604" dir="1" index="1" bw="32" slack="1"/>
</pin_list>
<bind>
<opset="tmp_51 "/>
</bind>
</comp>

<comp id="607" class="1005" name="tmp_52_reg_607">
<pin_list>
<pin id="608" dir="0" index="0" bw="32" slack="1"/>
<pin id="609" dir="1" index="1" bw="32" slack="1"/>
</pin_list>
<bind>
<opset="tmp_52 "/>
</bind>
</comp>

<comp id="612" class="1005" name="tmp_53_reg_612">
<pin_list>
<pin id="613" dir="0" index="0" bw="32" slack="2"/>
<pin id="614" dir="1" index="1" bw="32" slack="2"/>
</pin_list>
<bind>
<opset="tmp_53 "/>
</bind>
</comp>

<comp id="617" class="1005" name="tmp_54_reg_617">
<pin_list>
<pin id="618" dir="0" index="0" bw="32" slack="2"/>
<pin id="619" dir="1" index="1" bw="32" slack="2"/>
</pin_list>
<bind>
<opset="tmp_54 "/>
</bind>
</comp>

<comp id="622" class="1005" name="tmp_55_reg_622">
<pin_list>
<pin id="623" dir="0" index="0" bw="32" slack="3"/>
<pin id="624" dir="1" index="1" bw="32" slack="3"/>
</pin_list>
<bind>
<opset="tmp_55 "/>
</bind>
</comp>

<comp id="627" class="1005" name="tmp_56_reg_627">
<pin_list>
<pin id="628" dir="0" index="0" bw="32" slack="3"/>
<pin id="629" dir="1" index="1" bw="32" slack="3"/>
</pin_list>
<bind>
<opset="tmp_56 "/>
</bind>
</comp>

<comp id="635" class="1005" name="empty_reg_635">
<pin_list>
<pin id="636" dir="0" index="0" bw="4" slack="1"/>
<pin id="637" dir="1" index="1" bw="4" slack="1"/>
</pin_list>
<bind>
<opset="empty "/>
</bind>
</comp>

<comp id="640" class="1005" name="dout_AOV_addr_16_reg_640">
<pin_list>
<pin id="641" dir="0" index="0" bw="3" slack="1"/>
<pin id="642" dir="1" index="1" bw="3" slack="1"/>
</pin_list>
<bind>
<opset="dout_AOV_addr_16 "/>
</bind>
</comp>

<comp id="645" class="1005" name="empty_56_reg_645">
<pin_list>
<pin id="646" dir="0" index="0" bw="3" slack="1"/>
<pin id="647" dir="1" index="1" bw="3" slack="2147483647"/>
</pin_list>
<bind>
<opset="empty_56 "/>
</bind>
</comp>

</comp_list>

<net_list>
<net id="109"><net_src comp="2" pin="0"/><net_sink comp="106" pin=0"/></net>

<net id="113"><net_src comp="2" pin="0"/><net_sink comp="110" pin=0"/></net>

<net id="117"><net_src comp="2" pin="0"/><net_sink comp="114" pin=0"/></net>

<net id="121"><net_src comp="2" pin="0"/><net_sink comp="118" pin=0"/></net>

<net id="125"><net_src comp="2" pin="0"/><net_sink comp="122" pin=0"/></net>

<net id="129"><net_src comp="2" pin="0"/><net_sink comp="126" pin=0"/></net>

<net id="133"><net_src comp="2" pin="0"/><net_sink comp="130" pin=0"/></net>

<net id="137"><net_src comp="2" pin="0"/><net_sink comp="134" pin=0"/></net>

<net id="141"><net_src comp="2" pin="0"/><net_sink comp="138" pin=0"/></net>

<net id="145"><net_src comp="4" pin="0"/><net_sink comp="142" pin=0"/></net>

<net id="150"><net_src comp="6" pin="0"/><net_sink comp="146" pin=0"/></net>

<net id="151"><net_src comp="0" pin="0"/><net_sink comp="146" pin=1"/></net>

<net id="157"><net_src comp="142" pin="1"/><net_sink comp="152" pin=0"/></net>

<net id="158"><net_src comp="26" pin="0"/><net_sink comp="152" pin=1"/></net>

<net id="159"><net_src comp="26" pin="0"/><net_sink comp="152" pin=2"/></net>

<net id="169"><net_src comp="152" pin="3"/><net_sink comp="160" pin=2"/></net>

<net id="175"><net_src comp="142" pin="1"/><net_sink comp="170" pin=0"/></net>

<net id="176"><net_src comp="26" pin="0"/><net_sink comp="170" pin=1"/></net>

<net id="177"><net_src comp="4" pin="0"/><net_sink comp="170" pin=2"/></net>

<net id="178"><net_src comp="170" pin="3"/><net_sink comp="160" pin=0"/></net>

<net id="184"><net_src comp="26" pin="0"/><net_sink comp="179" pin=1"/></net>

<net id="185"><net_src comp="58" pin="0"/><net_sink comp="179" pin=2"/></net>

<net id="186"><net_src comp="179" pin="3"/><net_sink comp="160" pin=2"/></net>

<net id="192"><net_src comp="26" pin="0"/><net_sink comp="187" pin=1"/></net>

<net id="193"><net_src comp="60" pin="0"/><net_sink comp="187" pin=2"/></net>

<net id="194"><net_src comp="187" pin="3"/><net_sink comp="160" pin=0"/></net>

<net id="200"><net_src comp="26" pin="0"/><net_sink comp="195" pin=1"/></net>

<net id="201"><net_src comp="62" pin="0"/><net_sink comp="195" pin=2"/></net>

<net id="202"><net_src comp="195" pin="3"/><net_sink comp="160" pin=2"/></net>

<net id="208"><net_src comp="26" pin="0"/><net_sink comp="203" pin=1"/></net>

<net id="209"><net_src comp="64" pin="0"/><net_sink comp="203" pin=2"/></net>

<net id="210"><net_src comp="203" pin="3"/><net_sink comp="160" pin=0"/></net>

<net id="216"><net_src comp="26" pin="0"/><net_sink comp="211" pin=1"/></net>

<net id="217"><net_src comp="78" pin="0"/><net_sink comp="211" pin=2"/></net>

<net id="218"><net_src comp="211" pin="3"/><net_sink comp="160" pin=2"/></net>

<net id="224"><net_src comp="26" pin="0"/><net_sink comp="219" pin=1"/></net>

<net id="225"><net_src comp="80" pin="0"/><net_sink comp="219" pin=2"/></net>

<net id="226"><net_src comp="219" pin="3"/><net_sink comp="160" pin=0"/></net>

<net id="232"><net_src comp="26" pin="0"/><net_sink comp="227" pin=1"/></net>

<net id="233"><net_src comp="227" pin="3"/><net_sink comp="160" pin=0"/></net>

<net id="237"><net_src comp="146" pin="2"/><net_sink comp="234" pin=0"/></net>

<net id="244"><net_src comp="8" pin="0"/><net_sink comp="238" pin=0"/></net>

<net id="245"><net_src comp="146" pin="2"/><net_sink comp="238" pin=1"/></net>

<net id="246"><net_src comp="10" pin="0"/><net_sink comp="238" pin=2"/></net>

<net id="247"><net_src comp="12" pin="0"/><net_sink comp="238" pin=3"/></net>

<net id="254"><net_src comp="14" pin="0"/><net_sink comp="248" pin=0"/></net>

<net id="255"><net_src comp="146" pin="2"/><net_sink comp="248" pin=1"/></net>

<net id="256"><net_src comp="16" pin="0"/><net_sink comp="248" pin=2"/></net>

<net id="257"><net_src comp="18" pin="0"/><net_sink comp="248" pin=3"/></net>

<net id="264"><net_src comp="20" pin="0"/><net_sink comp="258" pin=0"/></net>

<net id="265"><net_src comp="146" pin="2"/><net_sink comp="258" pin=1"/></net>

<net id="266"><net_src comp="22" pin="0"/><net_sink comp="258" pin=2"/></net>

<net id="267"><net_src comp="24" pin="0"/><net_sink comp="258" pin=3"/></net>

<net id="271"><net_src comp="258" pin="4"/><net_sink comp="268" pin=0"/></net>

<net id="272"><net_src comp="268" pin="1"/><net_sink comp="160" pin=4"/></net>

<net id="279"><net_src comp="20" pin="0"/><net_sink comp="273" pin=0"/></net>

<net id="280"><net_src comp="146" pin="2"/><net_sink comp="273" pin=1"/></net>

<net id="281"><net_src comp="28" pin="0"/><net_sink comp="273" pin=2"/></net>

<net id="282"><net_src comp="30" pin="0"/><net_sink comp="273" pin=3"/></net>

<net id="286"><net_src comp="273" pin="4"/><net_sink comp="283" pin=0"/></net>

<net id="287"><net_src comp="283" pin="1"/><net_sink comp="160" pin=1"/></net>

<net id="294"><net_src comp="20" pin="0"/><net_sink comp="288" pin=0"/></net>

<net id="295"><net_src comp="146" pin="2"/><net_sink comp="288" pin=1"/></net>

<net id="296"><net_src comp="32" pin="0"/><net_sink comp="288" pin=2"/></net>

<net id="297"><net_src comp="34" pin="0"/><net_sink comp="288" pin=3"/></net>

<net id="304"><net_src comp="20" pin="0"/><net_sink comp="298" pin=0"/></net>

<net id="305"><net_src comp="146" pin="2"/><net_sink comp="298" pin=1"/></net>

<net id="306"><net_src comp="36" pin="0"/><net_sink comp="298" pin=2"/></net>

<net id="307"><net_src comp="38" pin="0"/><net_sink comp="298" pin=3"/></net>

<net id="314"><net_src comp="20" pin="0"/><net_sink comp="308" pin=0"/></net>

<net id="315"><net_src comp="146" pin="2"/><net_sink comp="308" pin=1"/></net>

<net id="316"><net_src comp="40" pin="0"/><net_sink comp="308" pin=2"/></net>

<net id="317"><net_src comp="42" pin="0"/><net_sink comp="308" pin=3"/></net>

<net id="324"><net_src comp="20" pin="0"/><net_sink comp="318" pin=0"/></net>

<net id="325"><net_src comp="146" pin="2"/><net_sink comp="318" pin=1"/></net>

<net id="326"><net_src comp="44" pin="0"/><net_sink comp="318" pin=2"/></net>

<net id="327"><net_src comp="46" pin="0"/><net_sink comp="318" pin=3"/></net>

<net id="334"><net_src comp="20" pin="0"/><net_sink comp="328" pin=0"/></net>

<net id="335"><net_src comp="146" pin="2"/><net_sink comp="328" pin=1"/></net>

<net id="336"><net_src comp="48" pin="0"/><net_sink comp="328" pin=2"/></net>

<net id="337"><net_src comp="50" pin="0"/><net_sink comp="328" pin=3"/></net>

<net id="344"><net_src comp="20" pin="0"/><net_sink comp="338" pin=0"/></net>

<net id="345"><net_src comp="146" pin="2"/><net_sink comp="338" pin=1"/></net>

<net id="346"><net_src comp="52" pin="0"/><net_sink comp="338" pin=2"/></net>

<net id="347"><net_src comp="54" pin="0"/><net_sink comp="338" pin=3"/></net>

<net id="352"><net_src comp="56" pin="0"/><net_sink comp="348" pin=0"/></net>

<net id="356"><net_src comp="353" pin="1"/><net_sink comp="160" pin=4"/></net>

<net id="360"><net_src comp="357" pin="1"/><net_sink comp="160" pin=1"/></net>

<net id="364"><net_src comp="361" pin="1"/><net_sink comp="160" pin=4"/></net>

<net id="368"><net_src comp="365" pin="1"/><net_sink comp="160" pin=1"/></net>

<net id="372"><net_src comp="369" pin="1"/><net_sink comp="160" pin=4"/></net>

<net id="376"><net_src comp="373" pin="1"/><net_sink comp="160" pin=1"/></net>

<net id="383"><net_src comp="377" pin="1"/><net_sink comp="380" pin=0"/></net>

<net id="384"><net_src comp="380" pin="1"/><net_sink comp="227" pin=2"/></net>

<net id="389"><net_src comp="377" pin="1"/><net_sink comp="385" pin=0"/></net>

<net id="390"><net_src comp="82" pin="0"/><net_sink comp="385" pin=1"/></net>

<net id="395"><net_src comp="377" pin="1"/><net_sink comp="391" pin=0"/></net>

<net id="396"><net_src comp="88" pin="0"/><net_sink comp="391" pin=1"/></net>

<net id="400"><net_src comp="377" pin="1"/><net_sink comp="397" pin=0"/></net>

<net id="429"><net_src comp="90" pin="0"/><net_sink comp="425" pin=0"/></net>

<net id="434"><net_src comp="425" pin="2"/><net_sink comp="430" pin=0"/></net>

<net id="439"><net_src comp="430" pin="2"/><net_sink comp="435" pin=0"/></net>

<net id="444"><net_src comp="435" pin="2"/><net_sink comp="440" pin=0"/></net>

<net id="445"><net_src comp="401" pin="1"/><net_sink comp="440" pin=1"/></net>

<net id="450"><net_src comp="440" pin="2"/><net_sink comp="446" pin=0"/></net>

<net id="451"><net_src comp="404" pin="1"/><net_sink comp="446" pin=1"/></net>

<net id="456"><net_src comp="446" pin="2"/><net_sink comp="452" pin=0"/></net>

<net id="457"><net_src comp="407" pin="1"/><net_sink comp="452" pin=1"/></net>

<net id="462"><net_src comp="452" pin="2"/><net_sink comp="458" pin=0"/></net>

<net id="463"><net_src comp="410" pin="1"/><net_sink comp="458" pin=1"/></net>

<net id="468"><net_src comp="458" pin="2"/><net_sink comp="464" pin=0"/></net>

<net id="469"><net_src comp="413" pin="1"/><net_sink comp="464" pin=1"/></net>

<net id="474"><net_src comp="464" pin="2"/><net_sink comp="470" pin=0"/></net>

<net id="475"><net_src comp="416" pin="1"/><net_sink comp="470" pin=1"/></net>

<net id="480"><net_src comp="470" pin="2"/><net_sink comp="476" pin=0"/></net>

<net id="481"><net_src comp="419" pin="1"/><net_sink comp="476" pin=1"/></net>

<net id="486"><net_src comp="476" pin="2"/><net_sink comp="482" pin=0"/></net>

<net id="487"><net_src comp="422" pin="1"/><net_sink comp="482" pin=1"/></net>

<net id="492"><net_src comp="160" pin="3"/><net_sink comp="488" pin=0"/></net>

<net id="497"><net_src comp="160" pin="3"/><net_sink comp="493" pin=0"/></net>

<net id="502"><net_src comp="160" pin="3"/><net_sink comp="498" pin=0"/></net>

<net id="507"><net_src comp="160" pin="3"/><net_sink comp="503" pin=0"/></net>

<net id="512"><net_src comp="160" pin="3"/><net_sink comp="508" pin=0"/></net>

<net id="517"><net_src comp="160" pin="3"/><net_sink comp="513" pin=0"/></net>

<net id="522"><net_src comp="160" pin="3"/><net_sink comp="518" pin=0"/></net>

<net id="527"><net_src comp="160" pin="3"/><net_sink comp="523" pin=0"/></net>

<net id="535"><net_src comp="106" pin="1"/><net_sink comp="532" pin=0"/></net>

<net id="536"><net_src comp="532" pin="1"/><net_sink comp="348" pin=1"/></net>

<net id="537"><net_src comp="532" pin="1"/><net_sink comp="377" pin=0"/></net>

<net id="538"><net_src comp="532" pin="1"/><net_sink comp="528" pin=1"/></net>

<net id="542"><net_src comp="110" pin="1"/><net_sink comp="539" pin=0"/></net>

<net id="543"><net_src comp="539" pin="1"/><net_sink comp="401" pin=0"/></net>

<net id="544"><net_src comp="539" pin="1"/><net_sink comp="518" pin=1"/></net>

<net id="548"><net_src comp="114" pin="1"/><net_sink comp="545" pin=0"/></net>

<net id="549"><net_src comp="545" pin="1"/><net_sink comp="404" pin=0"/></net>

<net id="550"><net_src comp="545" pin="1"/><net_sink comp="513" pin=1"/></net>

<net id="554"><net_src comp="118" pin="1"/><net_sink comp="551" pin=0"/></net>

<net id="555"><net_src comp="551" pin="1"/><net_sink comp="407" pin=0"/></net>

<net id="556"><net_src comp="551" pin="1"/><net_sink comp="508" pin=1"/></net>

<net id="560"><net_src comp="122" pin="1"/><net_sink comp="557" pin=0"/></net>

<net id="561"><net_src comp="557" pin="1"/><net_sink comp="410" pin=0"/></net>

<net id="562"><net_src comp="557" pin="1"/><net_sink comp="503" pin=1"/></net>

<net id="566"><net_src comp="126" pin="1"/><net_sink comp="563" pin=0"/></net>

<net id="567"><net_src comp="563" pin="1"/><net_sink comp="413" pin=0"/></net>

<net id="568"><net_src comp="563" pin="1"/><net_sink comp="498" pin=1"/></net>

<net id="572"><net_src comp="130" pin="1"/><net_sink comp="569" pin=0"/></net>

<net id="573"><net_src comp="569" pin="1"/><net_sink comp="416" pin=0"/></net>

<net id="574"><net_src comp="569" pin="1"/><net_sink comp="493" pin=1"/></net>

<net id="578"><net_src comp="134" pin="1"/><net_sink comp="575" pin=0"/></net>

<net id="579"><net_src comp="575" pin="1"/><net_sink comp="419" pin=0"/></net>

<net id="580"><net_src comp="575" pin="1"/><net_sink comp="488" pin=1"/></net>

<net id="584"><net_src comp="138" pin="1"/><net_sink comp="581" pin=0"/></net>

<net id="585"><net_src comp="581" pin="1"/><net_sink comp="422" pin=0"/></net>

<net id="586"><net_src comp="581" pin="1"/><net_sink comp="523" pin=1"/></net>

<net id="590"><net_src comp="234" pin="1"/><net_sink comp="587" pin=0"/></net>

<net id="591"><net_src comp="587" pin="1"/><net_sink comp="430" pin=1"/></net>

<net id="595"><net_src comp="238" pin="4"/><net_sink comp="592" pin=0"/></net>

<net id="596"><net_src comp="592" pin="1"/><net_sink comp="425" pin=1"/></net>

<net id="600"><net_src comp="248" pin="4"/><net_sink comp="597" pin=0"/></net>

<net id="601"><net_src comp="597" pin="1"/><net_sink comp="435" pin=1"/></net>

<net id="605"><net_src comp="288" pin="4"/><net_sink comp="602" pin=0"/></net>

<net id="606"><net_src comp="602" pin="1"/><net_sink comp="353" pin=0"/></net>

<net id="610"><net_src comp="298" pin="4"/><net_sink comp="607" pin=0"/></net>

<net id="611"><net_src comp="607" pin="1"/><net_sink comp="357" pin=0"/></net>

<net id="615"><net_src comp="308" pin="4"/><net_sink comp="612" pin=0"/></net>

<net id="616"><net_src comp="612" pin="1"/><net_sink comp="361" pin=0"/></net>

<net id="620"><net_src comp="318" pin="4"/><net_sink comp="617" pin=0"/></net>

<net id="621"><net_src comp="617" pin="1"/><net_sink comp="365" pin=0"/></net>

<net id="625"><net_src comp="328" pin="4"/><net_sink comp="622" pin=0"/></net>

<net id="626"><net_src comp="622" pin="1"/><net_sink comp="369" pin=0"/></net>

<net id="630"><net_src comp="338" pin="4"/><net_sink comp="627" pin=0"/></net>

<net id="631"><net_src comp="627" pin="1"/><net_sink comp="373" pin=0"/></net>

<net id="638"><net_src comp="391" pin="2"/><net_sink comp="635" pin=0"/></net>

<net id="639"><net_src comp="635" pin="1"/><net_sink comp="528" pin=0"/></net>

<net id="643"><net_src comp="227" pin="3"/><net_sink comp="640" pin=0"/></net>

<net id="644"><net_src comp="640" pin="1"/><net_sink comp="160" pin=0"/></net>

<net id="648"><net_src comp="397" pin="1"/><net_sink comp="645" pin=0"/></net>

</net_list>

</model> 
---------------- Datapath Model END ------------------

* FSMD analyzer results:
  - Output states:
 - Input state : 
	Port: read_train : testStream | {1 }
  - Chain level:
	State 1
		bitcast_ln145 : 1
		dout_AOV_addr : 1
		store_ln145 : 2
		bitcast_ln145_8 : 1
		dout_AOV_addr_9 : 1
		store_ln145 : 2
		store_ln470 : 1
	State 2
		store_ln145 : 1
		store_ln145 : 1
	State 3
		store_ln145 : 1
		store_ln145 : 1
	State 4
		store_ln145 : 1
		store_ln145 : 1
	State 5
		loop_index_cast1 : 1
		exitcond2 : 1
		empty : 1
		br_ln0 : 2
		dout_AOV_addr_16 : 2
		dout_AOV_load : 3
		empty_56 : 1
		mrv_1 : 1
		mrv_2 : 2
		mrv_3 : 3
		mrv_4 : 4
		mrv_5 : 5
		mrv_6 : 6
		mrv_7 : 7
		mrv_8 : 8
		mrv_9 : 9
		mrv_s : 10
		ret_ln471 : 11
	State 6
		store_ln0 : 1
		store_ln0 : 1
		store_ln0 : 1
		store_ln0 : 1
		store_ln0 : 1
		store_ln0 : 1
		store_ln0 : 1
		store_ln0 : 1


============================================================
+ Verbose Summary: Datapath Resource usage 
============================================================

* Functional unit list:
|----------|-----------------------------|---------|---------|
| Operation|       Functional Unit       |    FF   |   LUT   |
|----------|-----------------------------|---------|---------|
|    add   |         empty_fu_391        |    0    |    13   |
|----------|-----------------------------|---------|---------|
|   icmp   |       exitcond2_fu_385      |    0    |    9    |
|----------|-----------------------------|---------|---------|
|   read   | testStream_read_read_fu_146 |    0    |    0    |
|----------|-----------------------------|---------|---------|
|   trunc  |     tmp_checkId_V_fu_234    |    0    |    0    |
|          |       empty_56_fu_397       |    0    |    0    |
|----------|-----------------------------|---------|---------|
|          |     tmp_taskId_V_fu_238     |    0    |    0    |
|          |      tmp_uniId_V_fu_248     |    0    |    0    |
|          |          tmp_fu_258         |    0    |    0    |
|          |         tmp_s_fu_273        |    0    |    0    |
|partselect|        tmp_51_fu_288        |    0    |    0    |
|          |        tmp_52_fu_298        |    0    |    0    |
|          |        tmp_53_fu_308        |    0    |    0    |
|          |        tmp_54_fu_318        |    0    |    0    |
|          |        tmp_55_fu_328        |    0    |    0    |
|          |        tmp_56_fu_338        |    0    |    0    |
|----------|-----------------------------|---------|---------|
|   zext   |   loop_index_cast1_fu_380   |    0    |    0    |
|----------|-----------------------------|---------|---------|
|          |          mrv_fu_425         |    0    |    0    |
|          |         mrv_1_fu_430        |    0    |    0    |
|          |         mrv_2_fu_435        |    0    |    0    |
|          |         mrv_3_fu_440        |    0    |    0    |
|          |         mrv_4_fu_446        |    0    |    0    |
|insertvalue|         mrv_5_fu_452        |    0    |    0    |
|          |         mrv_6_fu_458        |    0    |    0    |
|          |         mrv_7_fu_464        |    0    |    0    |
|          |         mrv_8_fu_470        |    0    |    0    |
|          |         mrv_9_fu_476        |    0    |    0    |
|          |         mrv_s_fu_482        |    0    |    0    |
|----------|-----------------------------|---------|---------|
|   Total  |                             |    0    |    22   |
|----------|-----------------------------|---------|---------|

Memories:
+---------+--------+--------+--------+--------+
|         |  BRAM  |   FF   |   LUT  |  URAM  |
+---------+--------+--------+--------+--------+
|contr_AOV|    0   |   64   |    4   |    0   |
+---------+--------+--------+--------+--------+
|  Total  |    0   |   64   |    4   |    0   |
+---------+--------+--------+--------+--------+

* Register list:
+------------------------+--------+
|                        |   FF   |
+------------------------+--------+
|  data_1_c22_0_reg_545  |   32   |
|  data_2_c23_0_reg_551  |   32   |
|  data_3_c24_0_reg_557  |   32   |
|  data_4_c25_0_reg_563  |   32   |
|  data_5_c26_0_reg_569  |   32   |
|  data_6_c27_0_reg_575  |   32   |
|  data_7_c28_0_reg_581  |   32   |
|   data_c21_0_reg_539   |   32   |
|dout_AOV_addr_16_reg_640|    3   |
|    empty_56_reg_645    |    3   |
|      empty_reg_635     |    4   |
|   loop_index_reg_532   |    4   |
|     tmp_51_reg_602     |   32   |
|     tmp_52_reg_607     |   32   |
|     tmp_53_reg_612     |   32   |
|     tmp_54_reg_617     |   32   |
|     tmp_55_reg_622     |   32   |
|     tmp_56_reg_627     |   32   |
|  tmp_checkId_V_reg_587 |    8   |
|  tmp_taskId_V_reg_592  |    8   |
|   tmp_uniId_V_reg_597  |   16   |
+------------------------+--------+
|          Total         |   494  |
+------------------------+--------+

* Multiplexer (MUX) list: 
|-------------------|------|------|------|--------||---------||---------|
|        Comp       |  Pin | Size |  BW  | S x BW ||  Delay  ||   LUT   |
|-------------------|------|------|------|--------||---------||---------|
| grp_access_fu_160 |  p0  |   6  |   3  |   18   ||    31   |
| grp_access_fu_160 |  p1  |   4  |  32  |   128  ||    20   |
| grp_access_fu_160 |  p2  |   4  |   0  |    0   ||    20   |
| grp_access_fu_160 |  p4  |   4  |   3  |   12   ||    20   |
|-------------------|------|------|------|--------||---------||---------|
|       Total       |      |      |      |   158  ||  7.545  ||    91   |
|-------------------|------|------|------|--------||---------||---------|



* Summary:
+-----------+--------+--------+--------+--------+--------+
|           |  BRAM  |  Delay |   FF   |   LUT  |  URAM  |
+-----------+--------+--------+--------+--------+--------+
|  Function |    -   |    -   |    0   |   22   |    -   |
|   Memory  |    0   |    -   |   64   |    4   |    0   |
|Multiplexer|    -   |    7   |    -   |   91   |    -   |
|  Register |    -   |    -   |   494  |    -   |    -   |
+-----------+--------+--------+--------+--------+--------+
|   Total   |    0   |    7   |   558  |   117  |    0   |
+-----------+--------+--------+--------+--------+--------+
