

================================================================
== Vitis HLS Report for 'read_train_1'
================================================================
* Date:           Tue Sep 27 18:00:47 2022

* Version:        2022.1 (Build 3526262 on Mon Apr 18 15:47:01 MDT 2022)
* Project:        detector_solid
* Solution:       solution2 (Vitis Kernel Flow Target)
* Product family: zynq
* Target device:  xc7z020-clg484-1


================================================================
== Performance Estimates
================================================================
+ Timing: 
    * Summary: 
    +--------+----------+----------+------------+
    |  Clock |  Target  | Estimated| Uncertainty|
    +--------+----------+----------+------------+
    |ap_clk  |  20.00 ns|  2.322 ns|     5.40 ns|
    +--------+----------+----------+------------+

+ Latency: 
    * Summary: 
    +---------+---------+----------+----------+-----+-----+---------+
    |  Latency (cycles) |  Latency (absolute) |  Interval | Pipeline|
    |   min   |   max   |    min   |    max   | min | max |   Type  |
    +---------+---------+----------+----------+-----+-----+---------+
    |       20|       20|  0.400 us|  0.400 us|   20|   20|       no|
    +---------+---------+----------+----------+-----+-----+---------+

    + Detail: 
        * Instance: 
        N/A

        * Loop: 
        +----------+---------+---------+----------+-----------+-----------+------+----------+
        |          |  Latency (cycles) | Iteration|  Initiation Interval  | Trip |          |
        | Loop Name|   min   |   max   |  Latency |  achieved |   target  | Count| Pipelined|
        +----------+---------+---------+----------+-----------+-----------+------+----------+
        |- Loop 1  |       16|       16|         2|          -|          -|     8|        no|
        +----------+---------+---------+----------+-----------+-----------+------+----------+

============================================================
+ Verbose Summary: Synthesis Manager
============================================================
InlineROM: 1
ExposeGlobal: 0
============================================================
+ Verbose Summary: CDFG Model
============================================================
IsTopModel: 0
ResetActiveHigh: 1
IsCombinational: 2
IsDatapathOnly: 0
HasWiredReturn: 1
HasMFsm: 0
HasVarLatency: 1
IsPipeline: 0
IsRtlPipelined: 0
IsInstanceOverlapped: 0
IsDontTouch: 0
HasImplIP: 0
IsGatedGlobalClock: 0


============================================================
+ Verbose Summary: Schedule
============================================================
* Number of FSM states : 6
* Pipeline : 0
* Dataflow Pipeline: 0

* FSM state transitions: 
1 --> 2 
2 --> 3 
3 --> 4 
4 --> 5 
5 --> 6 
6 --> 5 

* FSM state operations: 

State 1 <SV = 0> <Delay = 2.32>
ST_1 : Operation 7 [1/1] (0.00ns)   --->   "%loop_index = alloca i32 1"   --->   Operation 7 'alloca' 'loop_index' <Predicate = true> <Delay = 0.00>
ST_1 : Operation 8 [1/1] (0.00ns)   --->   "%data_0_out_0 = alloca i32 1"   --->   Operation 8 'alloca' 'data_0_out_0' <Predicate = true> <Delay = 0.00>
ST_1 : Operation 9 [1/1] (0.00ns)   --->   "%data_1_out_0 = alloca i32 1"   --->   Operation 9 'alloca' 'data_1_out_0' <Predicate = true> <Delay = 0.00>
ST_1 : Operation 10 [1/1] (0.00ns)   --->   "%data_2_out_0 = alloca i32 1"   --->   Operation 10 'alloca' 'data_2_out_0' <Predicate = true> <Delay = 0.00>
ST_1 : Operation 11 [1/1] (0.00ns)   --->   "%data_3_out_0 = alloca i32 1"   --->   Operation 11 'alloca' 'data_3_out_0' <Predicate = true> <Delay = 0.00>
ST_1 : Operation 12 [1/1] (0.00ns)   --->   "%data_4_out_0 = alloca i32 1"   --->   Operation 12 'alloca' 'data_4_out_0' <Predicate = true> <Delay = 0.00>
ST_1 : Operation 13 [1/1] (0.00ns)   --->   "%data_5_out_0 = alloca i32 1"   --->   Operation 13 'alloca' 'data_5_out_0' <Predicate = true> <Delay = 0.00>
ST_1 : Operation 14 [1/1] (0.00ns)   --->   "%data_6_out_0 = alloca i32 1"   --->   Operation 14 'alloca' 'data_6_out_0' <Predicate = true> <Delay = 0.00>
ST_1 : Operation 15 [1/1] (0.00ns)   --->   "%data_7_out_0 = alloca i32 1"   --->   Operation 15 'alloca' 'data_7_out_0' <Predicate = true> <Delay = 0.00>
ST_1 : Operation 16 [1/1] (0.00ns)   --->   "%contr_AOV = alloca i64 1" [detector_solid/abs_solid_detector.cpp:465]   --->   Operation 16 'alloca' 'contr_AOV' <Predicate = true> <Delay = 0.00> <CoreInst = "RAM">   --->   Core 82 'RAM' <Latency = 1> <II = 1> <Delay = 2.32> <Storage> <Opcode : 'load' 'store'> <Ports = 2> <Width = 32> <Depth = 8> <RAM>
ST_1 : Operation 17 [1/1] (0.00ns)   --->   "%trainStream_read = read i320 @_ssdm_op_Read.axis.volatile.i320P128A, i320 %trainStream" [/home/francesco/tools/Xilinx/Vitis_HLS/2022.1/common/technology/autopilot/hls_stream_39.h:145]   --->   Operation 17 'read' 'trainStream_read' <Predicate = true> <Delay = 0.00> <CoreInst = "axis">   --->   Core 115 'axis' <Latency = 0> <II = 1> <Delay = 1.00> <Adapter> <Opcode : >
ST_1 : Operation 18 [1/1] (0.00ns)   --->   "%tmp_checkId_V = trunc i320 %trainStream_read" [/home/francesco/tools/Xilinx/Vitis_HLS/2022.1/common/technology/autopilot/hls_stream_39.h:145]   --->   Operation 18 'trunc' 'tmp_checkId_V' <Predicate = true> <Delay = 0.00>
ST_1 : Operation 19 [1/1] (0.00ns)   --->   "%tmp = partselect i32 @_ssdm_op_PartSelect.i32.i320.i32.i32, i320 %trainStream_read, i32 64, i32 95" [/home/francesco/tools/Xilinx/Vitis_HLS/2022.1/common/technology/autopilot/hls_stream_39.h:145]   --->   Operation 19 'partselect' 'tmp' <Predicate = true> <Delay = 0.00>
ST_1 : Operation 20 [1/1] (0.00ns)   --->   "%bitcast_ln145 = bitcast i32 %tmp" [/home/francesco/tools/Xilinx/Vitis_HLS/2022.1/common/technology/autopilot/hls_stream_39.h:145]   --->   Operation 20 'bitcast' 'bitcast_ln145' <Predicate = true> <Delay = 0.00>
ST_1 : Operation 21 [1/1] (0.00ns)   --->   "%dout_AOV_addr = getelementptr i32 %contr_AOV, i64 0, i64 0" [/home/francesco/tools/Xilinx/Vitis_HLS/2022.1/common/technology/autopilot/hls_stream_39.h:145]   --->   Operation 21 'getelementptr' 'dout_AOV_addr' <Predicate = true> <Delay = 0.00>
ST_1 : Operation 22 [1/1] (2.32ns)   --->   "%store_ln145 = store i32 %bitcast_ln145, i3 %dout_AOV_addr" [/home/francesco/tools/Xilinx/Vitis_HLS/2022.1/common/technology/autopilot/hls_stream_39.h:145]   --->   Operation 22 'store' 'store_ln145' <Predicate = true> <Delay = 2.32> <CoreInst = "RAM">   --->   Core 82 'RAM' <Latency = 1> <II = 1> <Delay = 2.32> <Storage> <Opcode : 'load' 'store'> <Ports = 2> <Width = 32> <Depth = 8> <RAM>
ST_1 : Operation 23 [1/1] (0.00ns)   --->   "%tmp_s = partselect i32 @_ssdm_op_PartSelect.i32.i320.i32.i32, i320 %trainStream_read, i32 96, i32 127" [/home/francesco/tools/Xilinx/Vitis_HLS/2022.1/common/technology/autopilot/hls_stream_39.h:145]   --->   Operation 23 'partselect' 'tmp_s' <Predicate = true> <Delay = 0.00>
ST_1 : Operation 24 [1/1] (0.00ns)   --->   "%bitcast_ln145_1 = bitcast i32 %tmp_s" [/home/francesco/tools/Xilinx/Vitis_HLS/2022.1/common/technology/autopilot/hls_stream_39.h:145]   --->   Operation 24 'bitcast' 'bitcast_ln145_1' <Predicate = true> <Delay = 0.00>
ST_1 : Operation 25 [1/1] (0.00ns)   --->   "%dout_AOV_addr_1 = getelementptr i32 %contr_AOV, i64 0, i64 1" [/home/francesco/tools/Xilinx/Vitis_HLS/2022.1/common/technology/autopilot/hls_stream_39.h:145]   --->   Operation 25 'getelementptr' 'dout_AOV_addr_1' <Predicate = true> <Delay = 0.00>
ST_1 : Operation 26 [1/1] (2.32ns)   --->   "%store_ln145 = store i32 %bitcast_ln145_1, i3 %dout_AOV_addr_1" [/home/francesco/tools/Xilinx/Vitis_HLS/2022.1/common/technology/autopilot/hls_stream_39.h:145]   --->   Operation 26 'store' 'store_ln145' <Predicate = true> <Delay = 2.32> <CoreInst = "RAM">   --->   Core 82 'RAM' <Latency = 1> <II = 1> <Delay = 2.32> <Storage> <Opcode : 'load' 'store'> <Ports = 2> <Width = 32> <Depth = 8> <RAM>
ST_1 : Operation 27 [1/1] (0.00ns)   --->   "%tmp_45 = partselect i32 @_ssdm_op_PartSelect.i32.i320.i32.i32, i320 %trainStream_read, i32 128, i32 159" [/home/francesco/tools/Xilinx/Vitis_HLS/2022.1/common/technology/autopilot/hls_stream_39.h:145]   --->   Operation 27 'partselect' 'tmp_45' <Predicate = true> <Delay = 0.00>
ST_1 : Operation 28 [1/1] (0.00ns)   --->   "%tmp_46 = partselect i32 @_ssdm_op_PartSelect.i32.i320.i32.i32, i320 %trainStream_read, i32 160, i32 191" [/home/francesco/tools/Xilinx/Vitis_HLS/2022.1/common/technology/autopilot/hls_stream_39.h:145]   --->   Operation 28 'partselect' 'tmp_46' <Predicate = true> <Delay = 0.00>
ST_1 : Operation 29 [1/1] (0.00ns)   --->   "%tmp_47 = partselect i32 @_ssdm_op_PartSelect.i32.i320.i32.i32, i320 %trainStream_read, i32 192, i32 223" [/home/francesco/tools/Xilinx/Vitis_HLS/2022.1/common/technology/autopilot/hls_stream_39.h:145]   --->   Operation 29 'partselect' 'tmp_47' <Predicate = true> <Delay = 0.00>
ST_1 : Operation 30 [1/1] (0.00ns)   --->   "%tmp_48 = partselect i32 @_ssdm_op_PartSelect.i32.i320.i32.i32, i320 %trainStream_read, i32 224, i32 255" [/home/francesco/tools/Xilinx/Vitis_HLS/2022.1/common/technology/autopilot/hls_stream_39.h:145]   --->   Operation 30 'partselect' 'tmp_48' <Predicate = true> <Delay = 0.00>
ST_1 : Operation 31 [1/1] (0.00ns)   --->   "%tmp_49 = partselect i32 @_ssdm_op_PartSelect.i32.i320.i32.i32, i320 %trainStream_read, i32 256, i32 287" [/home/francesco/tools/Xilinx/Vitis_HLS/2022.1/common/technology/autopilot/hls_stream_39.h:145]   --->   Operation 31 'partselect' 'tmp_49' <Predicate = true> <Delay = 0.00>
ST_1 : Operation 32 [1/1] (0.00ns)   --->   "%tmp_50 = partselect i32 @_ssdm_op_PartSelect.i32.i320.i32.i32, i320 %trainStream_read, i32 288, i32 319" [/home/francesco/tools/Xilinx/Vitis_HLS/2022.1/common/technology/autopilot/hls_stream_39.h:145]   --->   Operation 32 'partselect' 'tmp_50' <Predicate = true> <Delay = 0.00>
ST_1 : Operation 33 [1/1] (1.58ns)   --->   "%store_ln470 = store i4 0, i4 %loop_index" [detector_solid/abs_solid_detector.cpp:470]   --->   Operation 33 'store' 'store_ln470' <Predicate = true> <Delay = 1.58>

State 2 <SV = 1> <Delay = 2.32>
ST_2 : Operation 34 [1/1] (0.00ns)   --->   "%bitcast_ln145_2 = bitcast i32 %tmp_45" [/home/francesco/tools/Xilinx/Vitis_HLS/2022.1/common/technology/autopilot/hls_stream_39.h:145]   --->   Operation 34 'bitcast' 'bitcast_ln145_2' <Predicate = true> <Delay = 0.00>
ST_2 : Operation 35 [1/1] (0.00ns)   --->   "%dout_AOV_addr_2 = getelementptr i32 %contr_AOV, i64 0, i64 2" [/home/francesco/tools/Xilinx/Vitis_HLS/2022.1/common/technology/autopilot/hls_stream_39.h:145]   --->   Operation 35 'getelementptr' 'dout_AOV_addr_2' <Predicate = true> <Delay = 0.00>
ST_2 : Operation 36 [1/1] (2.32ns)   --->   "%store_ln145 = store i32 %bitcast_ln145_2, i3 %dout_AOV_addr_2" [/home/francesco/tools/Xilinx/Vitis_HLS/2022.1/common/technology/autopilot/hls_stream_39.h:145]   --->   Operation 36 'store' 'store_ln145' <Predicate = true> <Delay = 2.32> <CoreInst = "RAM">   --->   Core 82 'RAM' <Latency = 1> <II = 1> <Delay = 2.32> <Storage> <Opcode : 'load' 'store'> <Ports = 2> <Width = 32> <Depth = 8> <RAM>
ST_2 : Operation 37 [1/1] (0.00ns)   --->   "%bitcast_ln145_3 = bitcast i32 %tmp_46" [/home/francesco/tools/Xilinx/Vitis_HLS/2022.1/common/technology/autopilot/hls_stream_39.h:145]   --->   Operation 37 'bitcast' 'bitcast_ln145_3' <Predicate = true> <Delay = 0.00>
ST_2 : Operation 38 [1/1] (0.00ns)   --->   "%dout_AOV_addr_3 = getelementptr i32 %contr_AOV, i64 0, i64 3" [/home/francesco/tools/Xilinx/Vitis_HLS/2022.1/common/technology/autopilot/hls_stream_39.h:145]   --->   Operation 38 'getelementptr' 'dout_AOV_addr_3' <Predicate = true> <Delay = 0.00>
ST_2 : Operation 39 [1/1] (2.32ns)   --->   "%store_ln145 = store i32 %bitcast_ln145_3, i3 %dout_AOV_addr_3" [/home/francesco/tools/Xilinx/Vitis_HLS/2022.1/common/technology/autopilot/hls_stream_39.h:145]   --->   Operation 39 'store' 'store_ln145' <Predicate = true> <Delay = 2.32> <CoreInst = "RAM">   --->   Core 82 'RAM' <Latency = 1> <II = 1> <Delay = 2.32> <Storage> <Opcode : 'load' 'store'> <Ports = 2> <Width = 32> <Depth = 8> <RAM>

State 3 <SV = 2> <Delay = 2.32>
ST_3 : Operation 40 [1/1] (0.00ns)   --->   "%bitcast_ln145_4 = bitcast i32 %tmp_47" [/home/francesco/tools/Xilinx/Vitis_HLS/2022.1/common/technology/autopilot/hls_stream_39.h:145]   --->   Operation 40 'bitcast' 'bitcast_ln145_4' <Predicate = true> <Delay = 0.00>
ST_3 : Operation 41 [1/1] (0.00ns)   --->   "%dout_AOV_addr_4 = getelementptr i32 %contr_AOV, i64 0, i64 4" [/home/francesco/tools/Xilinx/Vitis_HLS/2022.1/common/technology/autopilot/hls_stream_39.h:145]   --->   Operation 41 'getelementptr' 'dout_AOV_addr_4' <Predicate = true> <Delay = 0.00>
ST_3 : Operation 42 [1/1] (2.32ns)   --->   "%store_ln145 = store i32 %bitcast_ln145_4, i3 %dout_AOV_addr_4" [/home/francesco/tools/Xilinx/Vitis_HLS/2022.1/common/technology/autopilot/hls_stream_39.h:145]   --->   Operation 42 'store' 'store_ln145' <Predicate = true> <Delay = 2.32> <CoreInst = "RAM">   --->   Core 82 'RAM' <Latency = 1> <II = 1> <Delay = 2.32> <Storage> <Opcode : 'load' 'store'> <Ports = 2> <Width = 32> <Depth = 8> <RAM>
ST_3 : Operation 43 [1/1] (0.00ns)   --->   "%bitcast_ln145_5 = bitcast i32 %tmp_48" [/home/francesco/tools/Xilinx/Vitis_HLS/2022.1/common/technology/autopilot/hls_stream_39.h:145]   --->   Operation 43 'bitcast' 'bitcast_ln145_5' <Predicate = true> <Delay = 0.00>
ST_3 : Operation 44 [1/1] (0.00ns)   --->   "%dout_AOV_addr_5 = getelementptr i32 %contr_AOV, i64 0, i64 5" [/home/francesco/tools/Xilinx/Vitis_HLS/2022.1/common/technology/autopilot/hls_stream_39.h:145]   --->   Operation 44 'getelementptr' 'dout_AOV_addr_5' <Predicate = true> <Delay = 0.00>
ST_3 : Operation 45 [1/1] (2.32ns)   --->   "%store_ln145 = store i32 %bitcast_ln145_5, i3 %dout_AOV_addr_5" [/home/francesco/tools/Xilinx/Vitis_HLS/2022.1/common/technology/autopilot/hls_stream_39.h:145]   --->   Operation 45 'store' 'store_ln145' <Predicate = true> <Delay = 2.32> <CoreInst = "RAM">   --->   Core 82 'RAM' <Latency = 1> <II = 1> <Delay = 2.32> <Storage> <Opcode : 'load' 'store'> <Ports = 2> <Width = 32> <Depth = 8> <RAM>

State 4 <SV = 3> <Delay = 2.32>
ST_4 : Operation 46 [1/1] (0.00ns)   --->   "%specinterface_ln0 = specinterface void @_ssdm_op_SpecInterface, i320 %trainStream, void @empty_8, i32 0, i32 0, void @empty_1, i32 0, i32 0, void @empty_5, void @empty_5, void @empty_5, i32 0, i32 0, i32 0, i32 0, void @empty_5, void @empty_5, i32 4294967295, i32 0"   --->   Operation 46 'specinterface' 'specinterface_ln0' <Predicate = true> <Delay = 0.00>
ST_4 : Operation 47 [1/1] (0.00ns)   --->   "%bitcast_ln145_6 = bitcast i32 %tmp_49" [/home/francesco/tools/Xilinx/Vitis_HLS/2022.1/common/technology/autopilot/hls_stream_39.h:145]   --->   Operation 47 'bitcast' 'bitcast_ln145_6' <Predicate = true> <Delay = 0.00>
ST_4 : Operation 48 [1/1] (0.00ns)   --->   "%dout_AOV_addr_6 = getelementptr i32 %contr_AOV, i64 0, i64 6" [/home/francesco/tools/Xilinx/Vitis_HLS/2022.1/common/technology/autopilot/hls_stream_39.h:145]   --->   Operation 48 'getelementptr' 'dout_AOV_addr_6' <Predicate = true> <Delay = 0.00>
ST_4 : Operation 49 [1/1] (2.32ns)   --->   "%store_ln145 = store i32 %bitcast_ln145_6, i3 %dout_AOV_addr_6" [/home/francesco/tools/Xilinx/Vitis_HLS/2022.1/common/technology/autopilot/hls_stream_39.h:145]   --->   Operation 49 'store' 'store_ln145' <Predicate = true> <Delay = 2.32> <CoreInst = "RAM">   --->   Core 82 'RAM' <Latency = 1> <II = 1> <Delay = 2.32> <Storage> <Opcode : 'load' 'store'> <Ports = 2> <Width = 32> <Depth = 8> <RAM>
ST_4 : Operation 50 [1/1] (0.00ns)   --->   "%bitcast_ln145_7 = bitcast i32 %tmp_50" [/home/francesco/tools/Xilinx/Vitis_HLS/2022.1/common/technology/autopilot/hls_stream_39.h:145]   --->   Operation 50 'bitcast' 'bitcast_ln145_7' <Predicate = true> <Delay = 0.00>
ST_4 : Operation 51 [1/1] (0.00ns)   --->   "%dout_AOV_addr_7 = getelementptr i32 %contr_AOV, i64 0, i64 7" [/home/francesco/tools/Xilinx/Vitis_HLS/2022.1/common/technology/autopilot/hls_stream_39.h:145]   --->   Operation 51 'getelementptr' 'dout_AOV_addr_7' <Predicate = true> <Delay = 0.00>
ST_4 : Operation 52 [1/1] (2.32ns)   --->   "%store_ln145 = store i32 %bitcast_ln145_7, i3 %dout_AOV_addr_7" [/home/francesco/tools/Xilinx/Vitis_HLS/2022.1/common/technology/autopilot/hls_stream_39.h:145]   --->   Operation 52 'store' 'store_ln145' <Predicate = true> <Delay = 2.32> <CoreInst = "RAM">   --->   Core 82 'RAM' <Latency = 1> <II = 1> <Delay = 2.32> <Storage> <Opcode : 'load' 'store'> <Ports = 2> <Width = 32> <Depth = 8> <RAM>
ST_4 : Operation 53 [1/1] (0.00ns)   --->   "%br_ln470 = br void %load-store-loop" [detector_solid/abs_solid_detector.cpp:470]   --->   Operation 53 'br' 'br_ln470' <Predicate = true> <Delay = 0.00>

State 5 <SV = 4> <Delay = 2.32>
ST_5 : Operation 54 [1/1] (0.00ns)   --->   "%loop_index_load = load i4 %loop_index"   --->   Operation 54 'load' 'loop_index_load' <Predicate = true> <Delay = 0.00>
ST_5 : Operation 55 [1/1] (0.00ns)   --->   "%loop_index_cast1 = zext i4 %loop_index_load"   --->   Operation 55 'zext' 'loop_index_cast1' <Predicate = true> <Delay = 0.00>
ST_5 : Operation 56 [1/1] (1.30ns)   --->   "%exitcond1 = icmp_eq  i4 %loop_index_load, i4 8"   --->   Operation 56 'icmp' 'exitcond1' <Predicate = true> <Delay = 1.30> <CoreInst = "Cmp">   --->   Core 9 'Cmp' <Latency = 0> <II = 1> <Delay = 1.30> <FuncUnit> <Opcode : 'icmp'> <InPorts = 2> <OutPorts = 1>
ST_5 : Operation 57 [1/1] (0.00ns)   --->   "%speclooptripcount_ln0 = speclooptripcount void @_ssdm_op_SpecLoopTripCount, i64 8, i64 8, i64 8"   --->   Operation 57 'speclooptripcount' 'speclooptripcount_ln0' <Predicate = true> <Delay = 0.00>
ST_5 : Operation 58 [1/1] (1.73ns)   --->   "%empty = add i4 %loop_index_load, i4 1"   --->   Operation 58 'add' 'empty' <Predicate = true> <Delay = 1.73> <CoreInst = "Adder">   --->   Core 1 'Adder' <Latency = 0> <II = 1> <Delay = 1.73> <FuncUnit> <Opcode : 'add' 'sub'> <InPorts = 2> <OutPorts = 1>
ST_5 : Operation 59 [1/1] (0.00ns)   --->   "%br_ln0 = br i1 %exitcond1, void %load-store-loop.split, void %memcpy-split"   --->   Operation 59 'br' 'br_ln0' <Predicate = true> <Delay = 0.00>
ST_5 : Operation 60 [1/1] (0.00ns)   --->   "%dout_AOV_addr_8 = getelementptr i32 %contr_AOV, i64 0, i64 %loop_index_cast1"   --->   Operation 60 'getelementptr' 'dout_AOV_addr_8' <Predicate = (!exitcond1)> <Delay = 0.00>
ST_5 : Operation 61 [2/2] (2.32ns)   --->   "%dout_AOV_load = load i3 %dout_AOV_addr_8"   --->   Operation 61 'load' 'dout_AOV_load' <Predicate = (!exitcond1)> <Delay = 2.32> <CoreInst = "RAM">   --->   Core 82 'RAM' <Latency = 1> <II = 1> <Delay = 2.32> <Storage> <Opcode : 'load' 'store'> <Ports = 2> <Width = 32> <Depth = 8> <RAM>
ST_5 : Operation 62 [1/1] (0.00ns)   --->   "%empty_55 = trunc i4 %loop_index_load"   --->   Operation 62 'trunc' 'empty_55' <Predicate = (!exitcond1)> <Delay = 0.00>
ST_5 : Operation 63 [1/1] (0.00ns)   --->   "%data_0_out_0_load = load i32 %data_0_out_0" [detector_solid/abs_solid_detector.cpp:471]   --->   Operation 63 'load' 'data_0_out_0_load' <Predicate = (exitcond1)> <Delay = 0.00>
ST_5 : Operation 64 [1/1] (0.00ns)   --->   "%data_1_out_0_load = load i32 %data_1_out_0" [detector_solid/abs_solid_detector.cpp:471]   --->   Operation 64 'load' 'data_1_out_0_load' <Predicate = (exitcond1)> <Delay = 0.00>
ST_5 : Operation 65 [1/1] (0.00ns)   --->   "%data_2_out_0_load = load i32 %data_2_out_0" [detector_solid/abs_solid_detector.cpp:471]   --->   Operation 65 'load' 'data_2_out_0_load' <Predicate = (exitcond1)> <Delay = 0.00>
ST_5 : Operation 66 [1/1] (0.00ns)   --->   "%data_3_out_0_load = load i32 %data_3_out_0" [detector_solid/abs_solid_detector.cpp:471]   --->   Operation 66 'load' 'data_3_out_0_load' <Predicate = (exitcond1)> <Delay = 0.00>
ST_5 : Operation 67 [1/1] (0.00ns)   --->   "%data_4_out_0_load = load i32 %data_4_out_0" [detector_solid/abs_solid_detector.cpp:471]   --->   Operation 67 'load' 'data_4_out_0_load' <Predicate = (exitcond1)> <Delay = 0.00>
ST_5 : Operation 68 [1/1] (0.00ns)   --->   "%data_5_out_0_load = load i32 %data_5_out_0" [detector_solid/abs_solid_detector.cpp:471]   --->   Operation 68 'load' 'data_5_out_0_load' <Predicate = (exitcond1)> <Delay = 0.00>
ST_5 : Operation 69 [1/1] (0.00ns)   --->   "%data_6_out_0_load = load i32 %data_6_out_0" [detector_solid/abs_solid_detector.cpp:471]   --->   Operation 69 'load' 'data_6_out_0_load' <Predicate = (exitcond1)> <Delay = 0.00>
ST_5 : Operation 70 [1/1] (0.00ns)   --->   "%data_7_out_0_load = load i32 %data_7_out_0" [detector_solid/abs_solid_detector.cpp:471]   --->   Operation 70 'load' 'data_7_out_0_load' <Predicate = (exitcond1)> <Delay = 0.00>
ST_5 : Operation 71 [1/1] (0.00ns)   --->   "%mrv = insertvalue i262 <undef>, i6 %tmp_checkId_V" [detector_solid/abs_solid_detector.cpp:471]   --->   Operation 71 'insertvalue' 'mrv' <Predicate = (exitcond1)> <Delay = 0.00>
ST_5 : Operation 72 [1/1] (0.00ns)   --->   "%mrv_1 = insertvalue i262 %mrv, i32 %data_0_out_0_load" [detector_solid/abs_solid_detector.cpp:471]   --->   Operation 72 'insertvalue' 'mrv_1' <Predicate = (exitcond1)> <Delay = 0.00>
ST_5 : Operation 73 [1/1] (0.00ns)   --->   "%mrv_2 = insertvalue i262 %mrv_1, i32 %data_1_out_0_load" [detector_solid/abs_solid_detector.cpp:471]   --->   Operation 73 'insertvalue' 'mrv_2' <Predicate = (exitcond1)> <Delay = 0.00>
ST_5 : Operation 74 [1/1] (0.00ns)   --->   "%mrv_3 = insertvalue i262 %mrv_2, i32 %data_2_out_0_load" [detector_solid/abs_solid_detector.cpp:471]   --->   Operation 74 'insertvalue' 'mrv_3' <Predicate = (exitcond1)> <Delay = 0.00>
ST_5 : Operation 75 [1/1] (0.00ns)   --->   "%mrv_4 = insertvalue i262 %mrv_3, i32 %data_3_out_0_load" [detector_solid/abs_solid_detector.cpp:471]   --->   Operation 75 'insertvalue' 'mrv_4' <Predicate = (exitcond1)> <Delay = 0.00>
ST_5 : Operation 76 [1/1] (0.00ns)   --->   "%mrv_5 = insertvalue i262 %mrv_4, i32 %data_4_out_0_load" [detector_solid/abs_solid_detector.cpp:471]   --->   Operation 76 'insertvalue' 'mrv_5' <Predicate = (exitcond1)> <Delay = 0.00>
ST_5 : Operation 77 [1/1] (0.00ns)   --->   "%mrv_6 = insertvalue i262 %mrv_5, i32 %data_5_out_0_load" [detector_solid/abs_solid_detector.cpp:471]   --->   Operation 77 'insertvalue' 'mrv_6' <Predicate = (exitcond1)> <Delay = 0.00>
ST_5 : Operation 78 [1/1] (0.00ns)   --->   "%mrv_7 = insertvalue i262 %mrv_6, i32 %data_6_out_0_load" [detector_solid/abs_solid_detector.cpp:471]   --->   Operation 78 'insertvalue' 'mrv_7' <Predicate = (exitcond1)> <Delay = 0.00>
ST_5 : Operation 79 [1/1] (0.00ns)   --->   "%mrv_8 = insertvalue i262 %mrv_7, i32 %data_7_out_0_load" [detector_solid/abs_solid_detector.cpp:471]   --->   Operation 79 'insertvalue' 'mrv_8' <Predicate = (exitcond1)> <Delay = 0.00>
ST_5 : Operation 80 [1/1] (0.00ns)   --->   "%ret_ln471 = ret i262 %mrv_8" [detector_solid/abs_solid_detector.cpp:471]   --->   Operation 80 'ret' 'ret_ln471' <Predicate = (exitcond1)> <Delay = 0.00>

State 6 <SV = 5> <Delay = 2.32>
ST_6 : Operation 81 [1/2] (2.32ns)   --->   "%dout_AOV_load = load i3 %dout_AOV_addr_8"   --->   Operation 81 'load' 'dout_AOV_load' <Predicate = true> <Delay = 2.32> <CoreInst = "RAM">   --->   Core 82 'RAM' <Latency = 1> <II = 1> <Delay = 2.32> <Storage> <Opcode : 'load' 'store'> <Ports = 2> <Width = 32> <Depth = 8> <RAM>
ST_6 : Operation 82 [1/1] (0.95ns)   --->   "%switch_ln0 = switch i3 %empty_55, void %.case.7, i3 0, void %load-store-loop.split..exit_crit_edge, i3 1, void %.case.1, i3 2, void %.case.2, i3 3, void %.case.3, i3 4, void %.case.4, i3 5, void %.case.5, i3 6, void %.case.6"   --->   Operation 82 'switch' 'switch_ln0' <Predicate = true> <Delay = 0.95>
ST_6 : Operation 83 [1/1] (0.00ns)   --->   "%store_ln0 = store i32 %dout_AOV_load, i32 %data_6_out_0"   --->   Operation 83 'store' 'store_ln0' <Predicate = (empty_55 == 6)> <Delay = 0.00>
ST_6 : Operation 84 [1/1] (0.00ns)   --->   "%br_ln0 = br void %.exit"   --->   Operation 84 'br' 'br_ln0' <Predicate = (empty_55 == 6)> <Delay = 0.00>
ST_6 : Operation 85 [1/1] (0.00ns)   --->   "%store_ln0 = store i32 %dout_AOV_load, i32 %data_5_out_0"   --->   Operation 85 'store' 'store_ln0' <Predicate = (empty_55 == 5)> <Delay = 0.00>
ST_6 : Operation 86 [1/1] (0.00ns)   --->   "%br_ln0 = br void %.exit"   --->   Operation 86 'br' 'br_ln0' <Predicate = (empty_55 == 5)> <Delay = 0.00>
ST_6 : Operation 87 [1/1] (0.00ns)   --->   "%store_ln0 = store i32 %dout_AOV_load, i32 %data_4_out_0"   --->   Operation 87 'store' 'store_ln0' <Predicate = (empty_55 == 4)> <Delay = 0.00>
ST_6 : Operation 88 [1/1] (0.00ns)   --->   "%br_ln0 = br void %.exit"   --->   Operation 88 'br' 'br_ln0' <Predicate = (empty_55 == 4)> <Delay = 0.00>
ST_6 : Operation 89 [1/1] (0.00ns)   --->   "%store_ln0 = store i32 %dout_AOV_load, i32 %data_3_out_0"   --->   Operation 89 'store' 'store_ln0' <Predicate = (empty_55 == 3)> <Delay = 0.00>
ST_6 : Operation 90 [1/1] (0.00ns)   --->   "%br_ln0 = br void %.exit"   --->   Operation 90 'br' 'br_ln0' <Predicate = (empty_55 == 3)> <Delay = 0.00>
ST_6 : Operation 91 [1/1] (0.00ns)   --->   "%store_ln0 = store i32 %dout_AOV_load, i32 %data_2_out_0"   --->   Operation 91 'store' 'store_ln0' <Predicate = (empty_55 == 2)> <Delay = 0.00>
ST_6 : Operation 92 [1/1] (0.00ns)   --->   "%br_ln0 = br void %.exit"   --->   Operation 92 'br' 'br_ln0' <Predicate = (empty_55 == 2)> <Delay = 0.00>
ST_6 : Operation 93 [1/1] (0.00ns)   --->   "%store_ln0 = store i32 %dout_AOV_load, i32 %data_1_out_0"   --->   Operation 93 'store' 'store_ln0' <Predicate = (empty_55 == 1)> <Delay = 0.00>
ST_6 : Operation 94 [1/1] (0.00ns)   --->   "%br_ln0 = br void %.exit"   --->   Operation 94 'br' 'br_ln0' <Predicate = (empty_55 == 1)> <Delay = 0.00>
ST_6 : Operation 95 [1/1] (0.00ns)   --->   "%store_ln0 = store i32 %dout_AOV_load, i32 %data_0_out_0"   --->   Operation 95 'store' 'store_ln0' <Predicate = (empty_55 == 0)> <Delay = 0.00>
ST_6 : Operation 96 [1/1] (0.00ns)   --->   "%br_ln0 = br void %.exit"   --->   Operation 96 'br' 'br_ln0' <Predicate = (empty_55 == 0)> <Delay = 0.00>
ST_6 : Operation 97 [1/1] (0.00ns)   --->   "%store_ln0 = store i32 %dout_AOV_load, i32 %data_7_out_0"   --->   Operation 97 'store' 'store_ln0' <Predicate = (empty_55 == 7)> <Delay = 0.00>
ST_6 : Operation 98 [1/1] (0.00ns)   --->   "%br_ln0 = br void %.exit"   --->   Operation 98 'br' 'br_ln0' <Predicate = (empty_55 == 7)> <Delay = 0.00>
ST_6 : Operation 99 [1/1] (1.58ns)   --->   "%store_ln0 = store i4 %empty, i4 %loop_index"   --->   Operation 99 'store' 'store_ln0' <Predicate = true> <Delay = 1.58>
ST_6 : Operation 100 [1/1] (0.00ns)   --->   "%br_ln0 = br void %load-store-loop"   --->   Operation 100 'br' 'br_ln0' <Predicate = true> <Delay = 0.00>


============================================================
+ Verbose Summary: Timing violations
============================================================
Target clock period: 20ns, clock uncertainty: 5.4ns.

 <State 1>: 2.32ns
The critical path consists of the following:
	'alloca' operation ('contr.AOV', detector_solid/abs_solid_detector.cpp:465) [12]  (0 ns)
	'getelementptr' operation ('dout_AOV_addr', /home/francesco/tools/Xilinx/Vitis_HLS/2022.1/common/technology/autopilot/hls_stream_39.h:145) [17]  (0 ns)
	'store' operation ('store_ln145', /home/francesco/tools/Xilinx/Vitis_HLS/2022.1/common/technology/autopilot/hls_stream_39.h:145) of variable 'bitcast_ln145', /home/francesco/tools/Xilinx/Vitis_HLS/2022.1/common/technology/autopilot/hls_stream_39.h:145 on array 'contr.AOV', detector_solid/abs_solid_detector.cpp:465 [18]  (2.32 ns)

 <State 2>: 2.32ns
The critical path consists of the following:
	'store' operation ('store_ln145', /home/francesco/tools/Xilinx/Vitis_HLS/2022.1/common/technology/autopilot/hls_stream_39.h:145) of variable 'bitcast_ln145_2', /home/francesco/tools/Xilinx/Vitis_HLS/2022.1/common/technology/autopilot/hls_stream_39.h:145 on array 'contr.AOV', detector_solid/abs_solid_detector.cpp:465 [26]  (2.32 ns)

 <State 3>: 2.32ns
The critical path consists of the following:
	'store' operation ('store_ln145', /home/francesco/tools/Xilinx/Vitis_HLS/2022.1/common/technology/autopilot/hls_stream_39.h:145) of variable 'bitcast_ln145_4', /home/francesco/tools/Xilinx/Vitis_HLS/2022.1/common/technology/autopilot/hls_stream_39.h:145 on array 'contr.AOV', detector_solid/abs_solid_detector.cpp:465 [34]  (2.32 ns)

 <State 4>: 2.32ns
The critical path consists of the following:
	'store' operation ('store_ln145', /home/francesco/tools/Xilinx/Vitis_HLS/2022.1/common/technology/autopilot/hls_stream_39.h:145) of variable 'bitcast_ln145_6', /home/francesco/tools/Xilinx/Vitis_HLS/2022.1/common/technology/autopilot/hls_stream_39.h:145 on array 'contr.AOV', detector_solid/abs_solid_detector.cpp:465 [42]  (2.32 ns)

 <State 5>: 2.32ns
The critical path consists of the following:
	'load' operation ('loop_index_load') on local variable 'loop_index' [50]  (0 ns)
	'getelementptr' operation ('dout_AOV_addr_8') [57]  (0 ns)
	'load' operation ('dout_AOV_load') on array 'contr.AOV', detector_solid/abs_solid_detector.cpp:465 [58]  (2.32 ns)

 <State 6>: 2.32ns
The critical path consists of the following:
	'load' operation ('dout_AOV_load') on array 'contr.AOV', detector_solid/abs_solid_detector.cpp:465 [58]  (2.32 ns)
	'store' operation ('store_ln0') of variable 'dout_AOV_load' on local variable 'data_2_out_0' [74]  (0 ns)


============================================================
+ Verbose Summary: Binding
============================================================
N/A
* FSMD analyzer results:
  - Output states:
 - Input state : 
  - Chain level:
	State 1
	State 2
	State 3
	State 4
	State 5
	State 6


============================================================
+ Verbose Summary: Datapath Resource usage 
============================================================
N/A
