

================================================================
== Vitis HLS Report for 'read_train_1'
================================================================
* Date:           Tue Sep 27 18:00:47 2022

* Version:        2022.1 (Build 3526262 on Mon Apr 18 15:47:01 MDT 2022)
* Project:        detector_solid
* Solution:       solution2 (Vitis Kernel Flow Target)
* Product family: zynq
* Target device:  xc7z020-clg484-1


================================================================
== Performance Estimates
================================================================
+ Timing: 
    * Summary: 
    +--------+----------+----------+------------+
    |  Clock |  Target  | Estimated| Uncertainty|
    +--------+----------+----------+------------+
    |ap_clk  |  20.00 ns|  4.644 ns|     5.40 ns|
    +--------+----------+----------+------------+

+ Latency: 
    * Summary: 
    +---------+---------+----------+----------+-----+-----+---------+
    |  Latency (cycles) |  Latency (absolute) |  Interval | Pipeline|
    |   min   |   max   |    min   |    max   | min | max |   Type  |
    +---------+---------+----------+----------+-----+-----+---------+
    |       20|       20|  0.400 us|  0.400 us|   20|   20|       no|
    +---------+---------+----------+----------+-----+-----+---------+

    + Detail: 
        * Instance: 
        N/A

        * Loop: 
        +----------+---------+---------+----------+-----------+-----------+------+----------+
        |          |  Latency (cycles) | Iteration|  Initiation Interval  | Trip |          |
        | Loop Name|   min   |   max   |  Latency |  achieved |   target  | Count| Pipelined|
        +----------+---------+---------+----------+-----------+-----------+------+----------+
        |- Loop 1  |       16|       16|         2|          -|          -|     8|        no|
        +----------+---------+---------+----------+-----------+-----------+------+----------+

============================================================
+ Verbose Summary: Synthesis Manager
============================================================
InlineROM: 1
ExposeGlobal: 0
============================================================
+ Verbose Summary: CDFG Model
============================================================
IsTopModel: 0
ResetActiveHigh: 1
IsCombinational: 2
IsDatapathOnly: 0
HasWiredReturn: 1
HasMFsm: 0
HasVarLatency: 1
IsPipeline: 0
IsRtlPipelined: 0
IsInstanceOverlapped: 0
IsDontTouch: 0
HasImplIP: 0
IsGatedGlobalClock: 0


============================================================
+ Verbose Summary: Schedule
============================================================
* Number of FSM states : 6
* Pipeline : 0
* Dataflow Pipeline: 0

* FSM state transitions: 
1 --> 2 
2 --> 3 
3 --> 4 
4 --> 5 
5 --> 6 
6 --> 5 

* FSM state operations: 

State 1 <SV = 0> <Delay = 4.64>
ST_1 : Operation 7 [1/1] (0.00ns)   --->   "%loop_index = alloca i32 1"   --->   Operation 7 'alloca' 'loop_index' <Predicate = true> <Delay = 0.00>
ST_1 : Operation 8 [1/1] (0.00ns)   --->   "%data_0_out_0 = alloca i32 1"   --->   Operation 8 'alloca' 'data_0_out_0' <Predicate = true> <Delay = 0.00>
ST_1 : Operation 9 [1/1] (0.00ns)   --->   "%data_1_out_0 = alloca i32 1"   --->   Operation 9 'alloca' 'data_1_out_0' <Predicate = true> <Delay = 0.00>
ST_1 : Operation 10 [1/1] (0.00ns)   --->   "%data_2_out_0 = alloca i32 1"   --->   Operation 10 'alloca' 'data_2_out_0' <Predicate = true> <Delay = 0.00>
ST_1 : Operation 11 [1/1] (0.00ns)   --->   "%data_3_out_0 = alloca i32 1"   --->   Operation 11 'alloca' 'data_3_out_0' <Predicate = true> <Delay = 0.00>
ST_1 : Operation 12 [1/1] (0.00ns)   --->   "%data_4_out_0 = alloca i32 1"   --->   Operation 12 'alloca' 'data_4_out_0' <Predicate = true> <Delay = 0.00>
ST_1 : Operation 13 [1/1] (0.00ns)   --->   "%data_5_out_0 = alloca i32 1"   --->   Operation 13 'alloca' 'data_5_out_0' <Predicate = true> <Delay = 0.00>
ST_1 : Operation 14 [1/1] (0.00ns)   --->   "%data_6_out_0 = alloca i32 1"   --->   Operation 14 'alloca' 'data_6_out_0' <Predicate = true> <Delay = 0.00>
ST_1 : Operation 15 [1/1] (0.00ns)   --->   "%data_7_out_0 = alloca i32 1"   --->   Operation 15 'alloca' 'data_7_out_0' <Predicate = true> <Delay = 0.00>
ST_1 : Operation 16 [1/1] (2.32ns)   --->   "%contr_AOV = alloca i64 1" [detector_solid/abs_solid_detector.cpp:465]   --->   Operation 16 'alloca' 'contr_AOV' <Predicate = true> <Delay = 2.32> <CoreInst = "RAM">   --->   Core 82 'RAM' <Latency = 1> <II = 1> <Delay = 2.32> <Storage> <Opcode : 'load' 'store'> <Ports = 2> <Width = 32> <Depth = 8> <RAM>
ST_1 : Operation 17 [1/1] (0.00ns)   --->   "%trainStream_read = read i320 @_ssdm_op_Read.axis.volatile.i320P128A, i320 %trainStream" [/home/francesco/tools/Xilinx/Vitis_HLS/2022.1/common/technology/autopilot/hls_stream_39.h:145]   --->   Operation 17 'read' 'trainStream_read' <Predicate = true> <Delay = 0.00> <CoreInst = "axis">   --->   Core 115 'axis' <Latency = 0> <II = 1> <Delay = 1.00> <Adapter> <Opcode : >
ST_1 : Operation 18 [1/1] (0.00ns)   --->   "%tmp_checkId_V = trunc i320 %trainStream_read" [/home/francesco/tools/Xilinx/Vitis_HLS/2022.1/common/technology/autopilot/hls_stream_39.h:145]   --->   Operation 18 'trunc' 'tmp_checkId_V' <Predicate = true> <Delay = 0.00>
ST_1 : Operation 19 [1/1] (0.00ns)   --->   "%tmp = partselect i32 @_ssdm_op_PartSelect.i32.i320.i32.i32, i320 %trainStream_read, i32 64, i32 95" [/home/francesco/tools/Xilinx/Vitis_HLS/2022.1/common/technology/autopilot/hls_stream_39.h:145]   --->   Operation 19 'partselect' 'tmp' <Predicate = true> <Delay = 0.00>
ST_1 : Operation 20 [1/1] (0.00ns)   --->   "%bitcast_ln145 = bitcast i32 %tmp" [/home/francesco/tools/Xilinx/Vitis_HLS/2022.1/common/technology/autopilot/hls_stream_39.h:145]   --->   Operation 20 'bitcast' 'bitcast_ln145' <Predicate = true> <Delay = 0.00>
ST_1 : Operation 21 [1/1] (0.00ns)   --->   "%dout_AOV_addr = getelementptr i32 %contr_AOV, i64 0, i64 0" [/home/francesco/tools/Xilinx/Vitis_HLS/2022.1/common/technology/autopilot/hls_stream_39.h:145]   --->   Operation 21 'getelementptr' 'dout_AOV_addr' <Predicate = true> <Delay = 0.00>
ST_1 : Operation 22 [1/1] (2.32ns)   --->   "%store_ln145 = store i32 %bitcast_ln145, i3 %dout_AOV_addr" [/home/francesco/tools/Xilinx/Vitis_HLS/2022.1/common/technology/autopilot/hls_stream_39.h:145]   --->   Operation 22 'store' 'store_ln145' <Predicate = true> <Delay = 2.32> <CoreInst = "RAM">   --->   Core 82 'RAM' <Latency = 1> <II = 1> <Delay = 2.32> <Storage> <Opcode : 'load' 'store'> <Ports = 2> <Width = 32> <Depth = 8> <RAM>
ST_1 : Operation 23 [1/1] (0.00ns)   --->   "%tmp_s = partselect i32 @_ssdm_op_PartSelect.i32.i320.i32.i32, i320 %trainStream_read, i32 96, i32 127" [/home/francesco/tools/Xilinx/Vitis_HLS/2022.1/common/technology/autopilot/hls_stream_39.h:145]   --->   Operation 23 'partselect' 'tmp_s' <Predicate = true> <Delay = 0.00>
ST_1 : Operation 24 [1/1] (0.00ns)   --->   "%bitcast_ln145_1 = bitcast i32 %tmp_s" [/home/francesco/tools/Xilinx/Vitis_HLS/2022.1/common/technology/autopilot/hls_stream_39.h:145]   --->   Operation 24 'bitcast' 'bitcast_ln145_1' <Predicate = true> <Delay = 0.00>
ST_1 : Operation 25 [1/1] (0.00ns)   --->   "%dout_AOV_addr_1 = getelementptr i32 %contr_AOV, i64 0, i64 1" [/home/francesco/tools/Xilinx/Vitis_HLS/2022.1/common/technology/autopilot/hls_stream_39.h:145]   --->   Operation 25 'getelementptr' 'dout_AOV_addr_1' <Predicate = true> <Delay = 0.00>
ST_1 : Operation 26 [1/1] (2.32ns)   --->   "%store_ln145 = store i32 %bitcast_ln145_1, i3 %dout_AOV_addr_1" [/home/francesco/tools/Xilinx/Vitis_HLS/2022.1/common/technology/autopilot/hls_stream_39.h:145]   --->   Operation 26 'store' 'store_ln145' <Predicate = true> <Delay = 2.32> <CoreInst = "RAM">   --->   Core 82 'RAM' <Latency = 1> <II = 1> <Delay = 2.32> <Storage> <Opcode : 'load' 'store'> <Ports = 2> <Width = 32> <Depth = 8> <RAM>
ST_1 : Operation 27 [1/1] (0.00ns)   --->   "%tmp_45 = partselect i32 @_ssdm_op_PartSelect.i32.i320.i32.i32, i320 %trainStream_read, i32 128, i32 159" [/home/francesco/tools/Xilinx/Vitis_HLS/2022.1/common/technology/autopilot/hls_stream_39.h:145]   --->   Operation 27 'partselect' 'tmp_45' <Predicate = true> <Delay = 0.00>
ST_1 : Operation 28 [1/1] (0.00ns)   --->   "%tmp_46 = partselect i32 @_ssdm_op_PartSelect.i32.i320.i32.i32, i320 %trainStream_read, i32 160, i32 191" [/home/francesco/tools/Xilinx/Vitis_HLS/2022.1/common/technology/autopilot/hls_stream_39.h:145]   --->   Operation 28 'partselect' 'tmp_46' <Predicate = true> <Delay = 0.00>
ST_1 : Operation 29 [1/1] (0.00ns)   --->   "%tmp_47 = partselect i32 @_ssdm_op_PartSelect.i32.i320.i32.i32, i320 %trainStream_read, i32 192, i32 223" [/home/francesco/tools/Xilinx/Vitis_HLS/2022.1/common/technology/autopilot/hls_stream_39.h:145]   --->   Operation 29 'partselect' 'tmp_47' <Predicate = true> <Delay = 0.00>
ST_1 : Operation 30 [1/1] (0.00ns)   --->   "%tmp_48 = partselect i32 @_ssdm_op_PartSelect.i32.i320.i32.i32, i320 %trainStream_read, i32 224, i32 255" [/home/francesco/tools/Xilinx/Vitis_HLS/2022.1/common/technology/autopilot/hls_stream_39.h:145]   --->   Operation 30 'partselect' 'tmp_48' <Predicate = true> <Delay = 0.00>
ST_1 : Operation 31 [1/1] (0.00ns)   --->   "%tmp_49 = partselect i32 @_ssdm_op_PartSelect.i32.i320.i32.i32, i320 %trainStream_read, i32 256, i32 287" [/home/francesco/tools/Xilinx/Vitis_HLS/2022.1/common/technology/autopilot/hls_stream_39.h:145]   --->   Operation 31 'partselect' 'tmp_49' <Predicate = true> <Delay = 0.00>
ST_1 : Operation 32 [1/1] (0.00ns)   --->   "%tmp_50 = partselect i32 @_ssdm_op_PartSelect.i32.i320.i32.i32, i320 %trainStream_read, i32 288, i32 319" [/home/francesco/tools/Xilinx/Vitis_HLS/2022.1/common/technology/autopilot/hls_stream_39.h:145]   --->   Operation 32 'partselect' 'tmp_50' <Predicate = true> <Delay = 0.00>
ST_1 : Operation 33 [1/1] (1.58ns)   --->   "%store_ln470 = store i4 0, i4 %loop_index" [detector_solid/abs_solid_detector.cpp:470]   --->   Operation 33 'store' 'store_ln470' <Predicate = true> <Delay = 1.58>

State 2 <SV = 1> <Delay = 2.32>
ST_2 : Operation 34 [1/1] (0.00ns)   --->   "%bitcast_ln145_2 = bitcast i32 %tmp_45" [/home/francesco/tools/Xilinx/Vitis_HLS/2022.1/common/technology/autopilot/hls_stream_39.h:145]   --->   Operation 34 'bitcast' 'bitcast_ln145_2' <Predicate = true> <Delay = 0.00>
ST_2 : Operation 35 [1/1] (0.00ns)   --->   "%dout_AOV_addr_2 = getelementptr i32 %contr_AOV, i64 0, i64 2" [/home/francesco/tools/Xilinx/Vitis_HLS/2022.1/common/technology/autopilot/hls_stream_39.h:145]   --->   Operation 35 'getelementptr' 'dout_AOV_addr_2' <Predicate = true> <Delay = 0.00>
ST_2 : Operation 36 [1/1] (2.32ns)   --->   "%store_ln145 = store i32 %bitcast_ln145_2, i3 %dout_AOV_addr_2" [/home/francesco/tools/Xilinx/Vitis_HLS/2022.1/common/technology/autopilot/hls_stream_39.h:145]   --->   Operation 36 'store' 'store_ln145' <Predicate = true> <Delay = 2.32> <CoreInst = "RAM">   --->   Core 82 'RAM' <Latency = 1> <II = 1> <Delay = 2.32> <Storage> <Opcode : 'load' 'store'> <Ports = 2> <Width = 32> <Depth = 8> <RAM>
ST_2 : Operation 37 [1/1] (0.00ns)   --->   "%bitcast_ln145_3 = bitcast i32 %tmp_46" [/home/francesco/tools/Xilinx/Vitis_HLS/2022.1/common/technology/autopilot/hls_stream_39.h:145]   --->   Operation 37 'bitcast' 'bitcast_ln145_3' <Predicate = true> <Delay = 0.00>
ST_2 : Operation 38 [1/1] (0.00ns)   --->   "%dout_AOV_addr_3 = getelementptr i32 %contr_AOV, i64 0, i64 3" [/home/francesco/tools/Xilinx/Vitis_HLS/2022.1/common/technology/autopilot/hls_stream_39.h:145]   --->   Operation 38 'getelementptr' 'dout_AOV_addr_3' <Predicate = true> <Delay = 0.00>
ST_2 : Operation 39 [1/1] (2.32ns)   --->   "%store_ln145 = store i32 %bitcast_ln145_3, i3 %dout_AOV_addr_3" [/home/francesco/tools/Xilinx/Vitis_HLS/2022.1/common/technology/autopilot/hls_stream_39.h:145]   --->   Operation 39 'store' 'store_ln145' <Predicate = true> <Delay = 2.32> <CoreInst = "RAM">   --->   Core 82 'RAM' <Latency = 1> <II = 1> <Delay = 2.32> <Storage> <Opcode : 'load' 'store'> <Ports = 2> <Width = 32> <Depth = 8> <RAM>

State 3 <SV = 2> <Delay = 2.32>
ST_3 : Operation 40 [1/1] (0.00ns)   --->   "%bitcast_ln145_4 = bitcast i32 %tmp_47" [/home/francesco/tools/Xilinx/Vitis_HLS/2022.1/common/technology/autopilot/hls_stream_39.h:145]   --->   Operation 40 'bitcast' 'bitcast_ln145_4' <Predicate = true> <Delay = 0.00>
ST_3 : Operation 41 [1/1] (0.00ns)   --->   "%dout_AOV_addr_4 = getelementptr i32 %contr_AOV, i64 0, i64 4" [/home/francesco/tools/Xilinx/Vitis_HLS/2022.1/common/technology/autopilot/hls_stream_39.h:145]   --->   Operation 41 'getelementptr' 'dout_AOV_addr_4' <Predicate = true> <Delay = 0.00>
ST_3 : Operation 42 [1/1] (2.32ns)   --->   "%store_ln145 = store i32 %bitcast_ln145_4, i3 %dout_AOV_addr_4" [/home/francesco/tools/Xilinx/Vitis_HLS/2022.1/common/technology/autopilot/hls_stream_39.h:145]   --->   Operation 42 'store' 'store_ln145' <Predicate = true> <Delay = 2.32> <CoreInst = "RAM">   --->   Core 82 'RAM' <Latency = 1> <II = 1> <Delay = 2.32> <Storage> <Opcode : 'load' 'store'> <Ports = 2> <Width = 32> <Depth = 8> <RAM>
ST_3 : Operation 43 [1/1] (0.00ns)   --->   "%bitcast_ln145_5 = bitcast i32 %tmp_48" [/home/francesco/tools/Xilinx/Vitis_HLS/2022.1/common/technology/autopilot/hls_stream_39.h:145]   --->   Operation 43 'bitcast' 'bitcast_ln145_5' <Predicate = true> <Delay = 0.00>
ST_3 : Operation 44 [1/1] (0.00ns)   --->   "%dout_AOV_addr_5 = getelementptr i32 %contr_AOV, i64 0, i64 5" [/home/francesco/tools/Xilinx/Vitis_HLS/2022.1/common/technology/autopilot/hls_stream_39.h:145]   --->   Operation 44 'getelementptr' 'dout_AOV_addr_5' <Predicate = true> <Delay = 0.00>
ST_3 : Operation 45 [1/1] (2.32ns)   --->   "%store_ln145 = store i32 %bitcast_ln145_5, i3 %dout_AOV_addr_5" [/home/francesco/tools/Xilinx/Vitis_HLS/2022.1/common/technology/autopilot/hls_stream_39.h:145]   --->   Operation 45 'store' 'store_ln145' <Predicate = true> <Delay = 2.32> <CoreInst = "RAM">   --->   Core 82 'RAM' <Latency = 1> <II = 1> <Delay = 2.32> <Storage> <Opcode : 'load' 'store'> <Ports = 2> <Width = 32> <Depth = 8> <RAM>

State 4 <SV = 3> <Delay = 2.32>
ST_4 : Operation 46 [1/1] (0.00ns)   --->   "%specinterface_ln0 = specinterface void @_ssdm_op_SpecInterface, i320 %trainStream, void @empty_8, i32 0, i32 0, void @empty_1, i32 0, i32 0, void @empty_5, void @empty_5, void @empty_5, i32 0, i32 0, i32 0, i32 0, void @empty_5, void @empty_5, i32 4294967295, i32 0"   --->   Operation 46 'specinterface' 'specinterface_ln0' <Predicate = true> <Delay = 0.00>
ST_4 : Operation 47 [1/1] (0.00ns)   --->   "%bitcast_ln145_6 = bitcast i32 %tmp_49" [/home/francesco/tools/Xilinx/Vitis_HLS/2022.1/common/technology/autopilot/hls_stream_39.h:145]   --->   Operation 47 'bitcast' 'bitcast_ln145_6' <Predicate = true> <Delay = 0.00>
ST_4 : Operation 48 [1/1] (0.00ns)   --->   "%dout_AOV_addr_6 = getelementptr i32 %contr_AOV, i64 0, i64 6" [/home/francesco/tools/Xilinx/Vitis_HLS/2022.1/common/technology/autopilot/hls_stream_39.h:145]   --->   Operation 48 'getelementptr' 'dout_AOV_addr_6' <Predicate = true> <Delay = 0.00>
ST_4 : Operation 49 [1/1] (2.32ns)   --->   "%store_ln145 = store i32 %bitcast_ln145_6, i3 %dout_AOV_addr_6" [/home/francesco/tools/Xilinx/Vitis_HLS/2022.1/common/technology/autopilot/hls_stream_39.h:145]   --->   Operation 49 'store' 'store_ln145' <Predicate = true> <Delay = 2.32> <CoreInst = "RAM">   --->   Core 82 'RAM' <Latency = 1> <II = 1> <Delay = 2.32> <Storage> <Opcode : 'load' 'store'> <Ports = 2> <Width = 32> <Depth = 8> <RAM>
ST_4 : Operation 50 [1/1] (0.00ns)   --->   "%bitcast_ln145_7 = bitcast i32 %tmp_50" [/home/francesco/tools/Xilinx/Vitis_HLS/2022.1/common/technology/autopilot/hls_stream_39.h:145]   --->   Operation 50 'bitcast' 'bitcast_ln145_7' <Predicate = true> <Delay = 0.00>
ST_4 : Operation 51 [1/1] (0.00ns)   --->   "%dout_AOV_addr_7 = getelementptr i32 %contr_AOV, i64 0, i64 7" [/home/francesco/tools/Xilinx/Vitis_HLS/2022.1/common/technology/autopilot/hls_stream_39.h:145]   --->   Operation 51 'getelementptr' 'dout_AOV_addr_7' <Predicate = true> <Delay = 0.00>
ST_4 : Operation 52 [1/1] (2.32ns)   --->   "%store_ln145 = store i32 %bitcast_ln145_7, i3 %dout_AOV_addr_7" [/home/francesco/tools/Xilinx/Vitis_HLS/2022.1/common/technology/autopilot/hls_stream_39.h:145]   --->   Operation 52 'store' 'store_ln145' <Predicate = true> <Delay = 2.32> <CoreInst = "RAM">   --->   Core 82 'RAM' <Latency = 1> <II = 1> <Delay = 2.32> <Storage> <Opcode : 'load' 'store'> <Ports = 2> <Width = 32> <Depth = 8> <RAM>
ST_4 : Operation 53 [1/1] (0.00ns)   --->   "%br_ln470 = br void %load-store-loop" [detector_solid/abs_solid_detector.cpp:470]   --->   Operation 53 'br' 'br_ln470' <Predicate = true> <Delay = 0.00>

State 5 <SV = 4> <Delay = 2.32>
ST_5 : Operation 54 [1/1] (0.00ns)   --->   "%loop_index_load = load i4 %loop_index"   --->   Operation 54 'load' 'loop_index_load' <Predicate = true> <Delay = 0.00>
ST_5 : Operation 55 [1/1] (0.00ns)   --->   "%loop_index_cast1 = zext i4 %loop_index_load"   --->   Operation 55 'zext' 'loop_index_cast1' <Predicate = true> <Delay = 0.00>
ST_5 : Operation 56 [1/1] (1.30ns)   --->   "%exitcond1 = icmp_eq  i4 %loop_index_load, i4 8"   --->   Operation 56 'icmp' 'exitcond1' <Predicate = true> <Delay = 1.30> <CoreInst = "Cmp">   --->   Core 9 'Cmp' <Latency = 0> <II = 1> <Delay = 1.30> <FuncUnit> <Opcode : 'icmp'> <InPorts = 2> <OutPorts = 1>
ST_5 : Operation 57 [1/1] (0.00ns)   --->   "%speclooptripcount_ln0 = speclooptripcount void @_ssdm_op_SpecLoopTripCount, i64 8, i64 8, i64 8"   --->   Operation 57 'speclooptripcount' 'speclooptripcount_ln0' <Predicate = true> <Delay = 0.00>
ST_5 : Operation 58 [1/1] (1.73ns)   --->   "%empty = add i4 %loop_index_load, i4 1"   --->   Operation 58 'add' 'empty' <Predicate = true> <Delay = 1.73> <CoreInst = "Adder">   --->   Core 1 'Adder' <Latency = 0> <II = 1> <Delay = 1.73> <FuncUnit> <Opcode : 'add' 'sub'> <InPorts = 2> <OutPorts = 1>
ST_5 : Operation 59 [1/1] (0.00ns)   --->   "%br_ln0 = br i1 %exitcond1, void %load-store-loop.split, void %memcpy-split"   --->   Operation 59 'br' 'br_ln0' <Predicate = true> <Delay = 0.00>
ST_5 : Operation 60 [1/1] (0.00ns)   --->   "%dout_AOV_addr_8 = getelementptr i32 %contr_AOV, i64 0, i64 %loop_index_cast1"   --->   Operation 60 'getelementptr' 'dout_AOV_addr_8' <Predicate = (!exitcond1)> <Delay = 0.00>
ST_5 : Operation 61 [2/2] (2.32ns)   --->   "%dout_AOV_load = load i3 %dout_AOV_addr_8"   --->   Operation 61 'load' 'dout_AOV_load' <Predicate = (!exitcond1)> <Delay = 2.32> <CoreInst = "RAM">   --->   Core 82 'RAM' <Latency = 1> <II = 1> <Delay = 2.32> <Storage> <Opcode : 'load' 'store'> <Ports = 2> <Width = 32> <Depth = 8> <RAM>
ST_5 : Operation 62 [1/1] (0.00ns)   --->   "%empty_55 = trunc i4 %loop_index_load"   --->   Operation 62 'trunc' 'empty_55' <Predicate = (!exitcond1)> <Delay = 0.00>
ST_5 : Operation 63 [1/1] (0.00ns)   --->   "%data_0_out_0_load = load i32 %data_0_out_0" [detector_solid/abs_solid_detector.cpp:471]   --->   Operation 63 'load' 'data_0_out_0_load' <Predicate = (exitcond1)> <Delay = 0.00>
ST_5 : Operation 64 [1/1] (0.00ns)   --->   "%data_1_out_0_load = load i32 %data_1_out_0" [detector_solid/abs_solid_detector.cpp:471]   --->   Operation 64 'load' 'data_1_out_0_load' <Predicate = (exitcond1)> <Delay = 0.00>
ST_5 : Operation 65 [1/1] (0.00ns)   --->   "%data_2_out_0_load = load i32 %data_2_out_0" [detector_solid/abs_solid_detector.cpp:471]   --->   Operation 65 'load' 'data_2_out_0_load' <Predicate = (exitcond1)> <Delay = 0.00>
ST_5 : Operation 66 [1/1] (0.00ns)   --->   "%data_3_out_0_load = load i32 %data_3_out_0" [detector_solid/abs_solid_detector.cpp:471]   --->   Operation 66 'load' 'data_3_out_0_load' <Predicate = (exitcond1)> <Delay = 0.00>
ST_5 : Operation 67 [1/1] (0.00ns)   --->   "%data_4_out_0_load = load i32 %data_4_out_0" [detector_solid/abs_solid_detector.cpp:471]   --->   Operation 67 'load' 'data_4_out_0_load' <Predicate = (exitcond1)> <Delay = 0.00>
ST_5 : Operation 68 [1/1] (0.00ns)   --->   "%data_5_out_0_load = load i32 %data_5_out_0" [detector_solid/abs_solid_detector.cpp:471]   --->   Operation 68 'load' 'data_5_out_0_load' <Predicate = (exitcond1)> <Delay = 0.00>
ST_5 : Operation 69 [1/1] (0.00ns)   --->   "%data_6_out_0_load = load i32 %data_6_out_0" [detector_solid/abs_solid_detector.cpp:471]   --->   Operation 69 'load' 'data_6_out_0_load' <Predicate = (exitcond1)> <Delay = 0.00>
ST_5 : Operation 70 [1/1] (0.00ns)   --->   "%data_7_out_0_load = load i32 %data_7_out_0" [detector_solid/abs_solid_detector.cpp:471]   --->   Operation 70 'load' 'data_7_out_0_load' <Predicate = (exitcond1)> <Delay = 0.00>
ST_5 : Operation 71 [1/1] (0.00ns)   --->   "%mrv = insertvalue i262 <undef>, i6 %tmp_checkId_V" [detector_solid/abs_solid_detector.cpp:471]   --->   Operation 71 'insertvalue' 'mrv' <Predicate = (exitcond1)> <Delay = 0.00>
ST_5 : Operation 72 [1/1] (0.00ns)   --->   "%mrv_1 = insertvalue i262 %mrv, i32 %data_0_out_0_load" [detector_solid/abs_solid_detector.cpp:471]   --->   Operation 72 'insertvalue' 'mrv_1' <Predicate = (exitcond1)> <Delay = 0.00>
ST_5 : Operation 73 [1/1] (0.00ns)   --->   "%mrv_2 = insertvalue i262 %mrv_1, i32 %data_1_out_0_load" [detector_solid/abs_solid_detector.cpp:471]   --->   Operation 73 'insertvalue' 'mrv_2' <Predicate = (exitcond1)> <Delay = 0.00>
ST_5 : Operation 74 [1/1] (0.00ns)   --->   "%mrv_3 = insertvalue i262 %mrv_2, i32 %data_2_out_0_load" [detector_solid/abs_solid_detector.cpp:471]   --->   Operation 74 'insertvalue' 'mrv_3' <Predicate = (exitcond1)> <Delay = 0.00>
ST_5 : Operation 75 [1/1] (0.00ns)   --->   "%mrv_4 = insertvalue i262 %mrv_3, i32 %data_3_out_0_load" [detector_solid/abs_solid_detector.cpp:471]   --->   Operation 75 'insertvalue' 'mrv_4' <Predicate = (exitcond1)> <Delay = 0.00>
ST_5 : Operation 76 [1/1] (0.00ns)   --->   "%mrv_5 = insertvalue i262 %mrv_4, i32 %data_4_out_0_load" [detector_solid/abs_solid_detector.cpp:471]   --->   Operation 76 'insertvalue' 'mrv_5' <Predicate = (exitcond1)> <Delay = 0.00>
ST_5 : Operation 77 [1/1] (0.00ns)   --->   "%mrv_6 = insertvalue i262 %mrv_5, i32 %data_5_out_0_load" [detector_solid/abs_solid_detector.cpp:471]   --->   Operation 77 'insertvalue' 'mrv_6' <Predicate = (exitcond1)> <Delay = 0.00>
ST_5 : Operation 78 [1/1] (0.00ns)   --->   "%mrv_7 = insertvalue i262 %mrv_6, i32 %data_6_out_0_load" [detector_solid/abs_solid_detector.cpp:471]   --->   Operation 78 'insertvalue' 'mrv_7' <Predicate = (exitcond1)> <Delay = 0.00>
ST_5 : Operation 79 [1/1] (0.00ns)   --->   "%mrv_8 = insertvalue i262 %mrv_7, i32 %data_7_out_0_load" [detector_solid/abs_solid_detector.cpp:471]   --->   Operation 79 'insertvalue' 'mrv_8' <Predicate = (exitcond1)> <Delay = 0.00>
ST_5 : Operation 80 [1/1] (0.00ns)   --->   "%ret_ln471 = ret i262 %mrv_8" [detector_solid/abs_solid_detector.cpp:471]   --->   Operation 80 'ret' 'ret_ln471' <Predicate = (exitcond1)> <Delay = 0.00>

State 6 <SV = 5> <Delay = 2.32>
ST_6 : Operation 81 [1/2] (2.32ns)   --->   "%dout_AOV_load = load i3 %dout_AOV_addr_8"   --->   Operation 81 'load' 'dout_AOV_load' <Predicate = true> <Delay = 2.32> <CoreInst = "RAM">   --->   Core 82 'RAM' <Latency = 1> <II = 1> <Delay = 2.32> <Storage> <Opcode : 'load' 'store'> <Ports = 2> <Width = 32> <Depth = 8> <RAM>
ST_6 : Operation 82 [1/1] (0.95ns)   --->   "%switch_ln0 = switch i3 %empty_55, void %.case.7, i3 0, void %load-store-loop.split..exit_crit_edge, i3 1, void %.case.1, i3 2, void %.case.2, i3 3, void %.case.3, i3 4, void %.case.4, i3 5, void %.case.5, i3 6, void %.case.6"   --->   Operation 82 'switch' 'switch_ln0' <Predicate = true> <Delay = 0.95>
ST_6 : Operation 83 [1/1] (0.00ns)   --->   "%store_ln0 = store i32 %dout_AOV_load, i32 %data_6_out_0"   --->   Operation 83 'store' 'store_ln0' <Predicate = (empty_55 == 6)> <Delay = 0.00>
ST_6 : Operation 84 [1/1] (0.00ns)   --->   "%br_ln0 = br void %.exit"   --->   Operation 84 'br' 'br_ln0' <Predicate = (empty_55 == 6)> <Delay = 0.00>
ST_6 : Operation 85 [1/1] (0.00ns)   --->   "%store_ln0 = store i32 %dout_AOV_load, i32 %data_5_out_0"   --->   Operation 85 'store' 'store_ln0' <Predicate = (empty_55 == 5)> <Delay = 0.00>
ST_6 : Operation 86 [1/1] (0.00ns)   --->   "%br_ln0 = br void %.exit"   --->   Operation 86 'br' 'br_ln0' <Predicate = (empty_55 == 5)> <Delay = 0.00>
ST_6 : Operation 87 [1/1] (0.00ns)   --->   "%store_ln0 = store i32 %dout_AOV_load, i32 %data_4_out_0"   --->   Operation 87 'store' 'store_ln0' <Predicate = (empty_55 == 4)> <Delay = 0.00>
ST_6 : Operation 88 [1/1] (0.00ns)   --->   "%br_ln0 = br void %.exit"   --->   Operation 88 'br' 'br_ln0' <Predicate = (empty_55 == 4)> <Delay = 0.00>
ST_6 : Operation 89 [1/1] (0.00ns)   --->   "%store_ln0 = store i32 %dout_AOV_load, i32 %data_3_out_0"   --->   Operation 89 'store' 'store_ln0' <Predicate = (empty_55 == 3)> <Delay = 0.00>
ST_6 : Operation 90 [1/1] (0.00ns)   --->   "%br_ln0 = br void %.exit"   --->   Operation 90 'br' 'br_ln0' <Predicate = (empty_55 == 3)> <Delay = 0.00>
ST_6 : Operation 91 [1/1] (0.00ns)   --->   "%store_ln0 = store i32 %dout_AOV_load, i32 %data_2_out_0"   --->   Operation 91 'store' 'store_ln0' <Predicate = (empty_55 == 2)> <Delay = 0.00>
ST_6 : Operation 92 [1/1] (0.00ns)   --->   "%br_ln0 = br void %.exit"   --->   Operation 92 'br' 'br_ln0' <Predicate = (empty_55 == 2)> <Delay = 0.00>
ST_6 : Operation 93 [1/1] (0.00ns)   --->   "%store_ln0 = store i32 %dout_AOV_load, i32 %data_1_out_0"   --->   Operation 93 'store' 'store_ln0' <Predicate = (empty_55 == 1)> <Delay = 0.00>
ST_6 : Operation 94 [1/1] (0.00ns)   --->   "%br_ln0 = br void %.exit"   --->   Operation 94 'br' 'br_ln0' <Predicate = (empty_55 == 1)> <Delay = 0.00>
ST_6 : Operation 95 [1/1] (0.00ns)   --->   "%store_ln0 = store i32 %dout_AOV_load, i32 %data_0_out_0"   --->   Operation 95 'store' 'store_ln0' <Predicate = (empty_55 == 0)> <Delay = 0.00>
ST_6 : Operation 96 [1/1] (0.00ns)   --->   "%br_ln0 = br void %.exit"   --->   Operation 96 'br' 'br_ln0' <Predicate = (empty_55 == 0)> <Delay = 0.00>
ST_6 : Operation 97 [1/1] (0.00ns)   --->   "%store_ln0 = store i32 %dout_AOV_load, i32 %data_7_out_0"   --->   Operation 97 'store' 'store_ln0' <Predicate = (empty_55 == 7)> <Delay = 0.00>
ST_6 : Operation 98 [1/1] (0.00ns)   --->   "%br_ln0 = br void %.exit"   --->   Operation 98 'br' 'br_ln0' <Predicate = (empty_55 == 7)> <Delay = 0.00>
ST_6 : Operation 99 [1/1] (1.58ns)   --->   "%store_ln0 = store i4 %empty, i4 %loop_index"   --->   Operation 99 'store' 'store_ln0' <Predicate = true> <Delay = 1.58>
ST_6 : Operation 100 [1/1] (0.00ns)   --->   "%br_ln0 = br void %load-store-loop"   --->   Operation 100 'br' 'br_ln0' <Predicate = true> <Delay = 0.00>


============================================================
+ Verbose Summary: Binding
============================================================
STG Binding: 
---------------- STG Properties BEGIN ----------------
- Is combinational: 0
- Is one-state seq: 0
- Is datapath-only: 0
- Is pipelined: 0
- Is top level: 0
Port [ Return ] is wired: 1; IO mode=ap_ctrl_hs:ce=0
Port [ trainStream]:  wired=1; compound=1; hidden=0; nouse=0; global=0; static=0; extern=0; dir=0; type=0; pingpong=0; private_global=0; IO mode=axis:ce=0
---------------- STG Properties END ------------------

---------------- Datapath Model BEGIN ----------------

<LifeTime>
<method=bitvector/>
loop_index            (alloca           ) [ 0111111]
data_0_out_0          (alloca           ) [ 0011111]
data_1_out_0          (alloca           ) [ 0011111]
data_2_out_0          (alloca           ) [ 0011111]
data_3_out_0          (alloca           ) [ 0011111]
data_4_out_0          (alloca           ) [ 0011111]
data_5_out_0          (alloca           ) [ 0011111]
data_6_out_0          (alloca           ) [ 0011111]
data_7_out_0          (alloca           ) [ 0011111]
contr_AOV             (alloca           ) [ 0011111]
trainStream_read      (read             ) [ 0000000]
tmp_checkId_V         (trunc            ) [ 0011111]
tmp                   (partselect       ) [ 0000000]
bitcast_ln145         (bitcast          ) [ 0000000]
dout_AOV_addr         (getelementptr    ) [ 0000000]
store_ln145           (store            ) [ 0000000]
tmp_s                 (partselect       ) [ 0000000]
bitcast_ln145_1       (bitcast          ) [ 0000000]
dout_AOV_addr_1       (getelementptr    ) [ 0000000]
store_ln145           (store            ) [ 0000000]
tmp_45                (partselect       ) [ 0010000]
tmp_46                (partselect       ) [ 0010000]
tmp_47                (partselect       ) [ 0011000]
tmp_48                (partselect       ) [ 0011000]
tmp_49                (partselect       ) [ 0011100]
tmp_50                (partselect       ) [ 0011100]
store_ln470           (store            ) [ 0000000]
bitcast_ln145_2       (bitcast          ) [ 0000000]
dout_AOV_addr_2       (getelementptr    ) [ 0000000]
store_ln145           (store            ) [ 0000000]
bitcast_ln145_3       (bitcast          ) [ 0000000]
dout_AOV_addr_3       (getelementptr    ) [ 0000000]
store_ln145           (store            ) [ 0000000]
bitcast_ln145_4       (bitcast          ) [ 0000000]
dout_AOV_addr_4       (getelementptr    ) [ 0000000]
store_ln145           (store            ) [ 0000000]
bitcast_ln145_5       (bitcast          ) [ 0000000]
dout_AOV_addr_5       (getelementptr    ) [ 0000000]
store_ln145           (store            ) [ 0000000]
specinterface_ln0     (specinterface    ) [ 0000000]
bitcast_ln145_6       (bitcast          ) [ 0000000]
dout_AOV_addr_6       (getelementptr    ) [ 0000000]
store_ln145           (store            ) [ 0000000]
bitcast_ln145_7       (bitcast          ) [ 0000000]
dout_AOV_addr_7       (getelementptr    ) [ 0000000]
store_ln145           (store            ) [ 0000000]
br_ln470              (br               ) [ 0000000]
loop_index_load       (load             ) [ 0000000]
loop_index_cast1      (zext             ) [ 0000000]
exitcond1             (icmp             ) [ 0000011]
speclooptripcount_ln0 (speclooptripcount) [ 0000000]
empty                 (add              ) [ 0000001]
br_ln0                (br               ) [ 0000000]
dout_AOV_addr_8       (getelementptr    ) [ 0000001]
empty_55              (trunc            ) [ 0000001]
data_0_out_0_load     (load             ) [ 0000000]
data_1_out_0_load     (load             ) [ 0000000]
data_2_out_0_load     (load             ) [ 0000000]
data_3_out_0_load     (load             ) [ 0000000]
data_4_out_0_load     (load             ) [ 0000000]
data_5_out_0_load     (load             ) [ 0000000]
data_6_out_0_load     (load             ) [ 0000000]
data_7_out_0_load     (load             ) [ 0000000]
mrv                   (insertvalue      ) [ 0000000]
mrv_1                 (insertvalue      ) [ 0000000]
mrv_2                 (insertvalue      ) [ 0000000]
mrv_3                 (insertvalue      ) [ 0000000]
mrv_4                 (insertvalue      ) [ 0000000]
mrv_5                 (insertvalue      ) [ 0000000]
mrv_6                 (insertvalue      ) [ 0000000]
mrv_7                 (insertvalue      ) [ 0000000]
mrv_8                 (insertvalue      ) [ 0000000]
ret_ln471             (ret              ) [ 0000000]
dout_AOV_load         (load             ) [ 0000000]
switch_ln0            (switch           ) [ 0000000]
store_ln0             (store            ) [ 0000000]
br_ln0                (br               ) [ 0000000]
store_ln0             (store            ) [ 0000000]
br_ln0                (br               ) [ 0000000]
store_ln0             (store            ) [ 0000000]
br_ln0                (br               ) [ 0000000]
store_ln0             (store            ) [ 0000000]
br_ln0                (br               ) [ 0000000]
store_ln0             (store            ) [ 0000000]
br_ln0                (br               ) [ 0000000]
store_ln0             (store            ) [ 0000000]
br_ln0                (br               ) [ 0000000]
store_ln0             (store            ) [ 0000000]
br_ln0                (br               ) [ 0000000]
store_ln0             (store            ) [ 0000000]
br_ln0                (br               ) [ 0000000]
store_ln0             (store            ) [ 0000000]
br_ln0                (br               ) [ 0000000]
</LifeTime>

<model>

<comp_list>
<comp id="0" class="1000" name="trainStream">
<pin_list>
<pin id="1" dir="1" index="0" bw="1" slack="0"/>
</pin_list>
<bind>
<StgValue><ssdm name="trainStream"/></StgValue>
</bind>
</comp>

<comp id="2" class="1001" name="const_2">
<pin_list>
<pin id="3" dir="1" index="0" bw="1" slack="0"/>
</pin_list>
<bind>
<StgValue><ssdm name=""/></StgValue>
</bind>
</comp>

<comp id="4" class="1001" name="const_4">
<pin_list>
<pin id="5" dir="1" index="0" bw="1" slack="0"/>
</pin_list>
<bind>
<StgValue><ssdm name=""/></StgValue>
</bind>
</comp>

<comp id="6" class="1001" name="const_6">
<pin_list>
<pin id="7" dir="1" index="0" bw="1" slack="0"/>
</pin_list>
<bind>
<StgValue><ssdm name="_ssdm_op_Read.axis.volatile.i320P128A"/></StgValue>
</bind>
</comp>

<comp id="8" class="1001" name="const_8">
<pin_list>
<pin id="9" dir="1" index="0" bw="1" slack="0"/>
</pin_list>
<bind>
<StgValue><ssdm name="_ssdm_op_PartSelect.i32.i320.i32.i32"/></StgValue>
</bind>
</comp>

<comp id="10" class="1001" name="const_10">
<pin_list>
<pin id="11" dir="1" index="0" bw="1" slack="0"/>
</pin_list>
<bind>
<StgValue><ssdm name=""/></StgValue>
</bind>
</comp>

<comp id="12" class="1001" name="const_12">
<pin_list>
<pin id="13" dir="1" index="0" bw="1" slack="0"/>
</pin_list>
<bind>
<StgValue><ssdm name=""/></StgValue>
</bind>
</comp>

<comp id="14" class="1001" name="const_14">
<pin_list>
<pin id="15" dir="1" index="0" bw="1" slack="0"/>
</pin_list>
<bind>
<StgValue><ssdm name=""/></StgValue>
</bind>
</comp>

<comp id="16" class="1001" name="const_16">
<pin_list>
<pin id="17" dir="1" index="0" bw="1" slack="0"/>
</pin_list>
<bind>
<StgValue><ssdm name=""/></StgValue>
</bind>
</comp>

<comp id="18" class="1001" name="const_18">
<pin_list>
<pin id="19" dir="1" index="0" bw="1" slack="0"/>
</pin_list>
<bind>
<StgValue><ssdm name=""/></StgValue>
</bind>
</comp>

<comp id="20" class="1001" name="const_20">
<pin_list>
<pin id="21" dir="1" index="0" bw="1" slack="0"/>
</pin_list>
<bind>
<StgValue><ssdm name=""/></StgValue>
</bind>
</comp>

<comp id="22" class="1001" name="const_22">
<pin_list>
<pin id="23" dir="1" index="0" bw="1" slack="0"/>
</pin_list>
<bind>
<StgValue><ssdm name=""/></StgValue>
</bind>
</comp>

<comp id="24" class="1001" name="const_24">
<pin_list>
<pin id="25" dir="1" index="0" bw="1" slack="0"/>
</pin_list>
<bind>
<StgValue><ssdm name=""/></StgValue>
</bind>
</comp>

<comp id="26" class="1001" name="const_26">
<pin_list>
<pin id="27" dir="1" index="0" bw="1" slack="0"/>
</pin_list>
<bind>
<StgValue><ssdm name=""/></StgValue>
</bind>
</comp>

<comp id="28" class="1001" name="const_28">
<pin_list>
<pin id="29" dir="1" index="0" bw="1" slack="0"/>
</pin_list>
<bind>
<StgValue><ssdm name=""/></StgValue>
</bind>
</comp>

<comp id="30" class="1001" name="const_30">
<pin_list>
<pin id="31" dir="1" index="0" bw="1" slack="0"/>
</pin_list>
<bind>
<StgValue><ssdm name=""/></StgValue>
</bind>
</comp>

<comp id="32" class="1001" name="const_32">
<pin_list>
<pin id="33" dir="1" index="0" bw="1" slack="0"/>
</pin_list>
<bind>
<StgValue><ssdm name=""/></StgValue>
</bind>
</comp>

<comp id="34" class="1001" name="const_34">
<pin_list>
<pin id="35" dir="1" index="0" bw="1" slack="0"/>
</pin_list>
<bind>
<StgValue><ssdm name=""/></StgValue>
</bind>
</comp>

<comp id="36" class="1001" name="const_36">
<pin_list>
<pin id="37" dir="1" index="0" bw="1" slack="0"/>
</pin_list>
<bind>
<StgValue><ssdm name=""/></StgValue>
</bind>
</comp>

<comp id="38" class="1001" name="const_38">
<pin_list>
<pin id="39" dir="1" index="0" bw="1" slack="0"/>
</pin_list>
<bind>
<StgValue><ssdm name=""/></StgValue>
</bind>
</comp>

<comp id="40" class="1001" name="const_40">
<pin_list>
<pin id="41" dir="1" index="0" bw="1" slack="0"/>
</pin_list>
<bind>
<StgValue><ssdm name=""/></StgValue>
</bind>
</comp>

<comp id="42" class="1001" name="const_42">
<pin_list>
<pin id="43" dir="1" index="0" bw="1" slack="0"/>
</pin_list>
<bind>
<StgValue><ssdm name=""/></StgValue>
</bind>
</comp>

<comp id="44" class="1001" name="const_44">
<pin_list>
<pin id="45" dir="1" index="0" bw="1" slack="0"/>
</pin_list>
<bind>
<StgValue><ssdm name=""/></StgValue>
</bind>
</comp>

<comp id="46" class="1001" name="const_46">
<pin_list>
<pin id="47" dir="1" index="0" bw="1" slack="0"/>
</pin_list>
<bind>
<StgValue><ssdm name=""/></StgValue>
</bind>
</comp>

<comp id="48" class="1001" name="const_48">
<pin_list>
<pin id="49" dir="1" index="0" bw="1" slack="0"/>
</pin_list>
<bind>
<StgValue><ssdm name=""/></StgValue>
</bind>
</comp>

<comp id="50" class="1001" name="const_50">
<pin_list>
<pin id="51" dir="1" index="0" bw="1" slack="0"/>
</pin_list>
<bind>
<StgValue><ssdm name=""/></StgValue>
</bind>
</comp>

<comp id="52" class="1001" name="const_52">
<pin_list>
<pin id="53" dir="1" index="0" bw="1" slack="0"/>
</pin_list>
<bind>
<StgValue><ssdm name=""/></StgValue>
</bind>
</comp>

<comp id="54" class="1001" name="const_54">
<pin_list>
<pin id="55" dir="1" index="0" bw="1" slack="2147483647"/>
</pin_list>
<bind>
<StgValue><ssdm name="_ssdm_op_SpecInterface"/></StgValue>
</bind>
</comp>

<comp id="56" class="1001" name="const_56">
<pin_list>
<pin id="57" dir="1" index="0" bw="1" slack="2147483647"/>
</pin_list>
<bind>
<StgValue><ssdm name="empty_8"/></StgValue>
</bind>
</comp>

<comp id="58" class="1001" name="const_58">
<pin_list>
<pin id="59" dir="1" index="0" bw="1" slack="2147483647"/>
</pin_list>
<bind>
<StgValue><ssdm name=""/></StgValue>
</bind>
</comp>

<comp id="60" class="1001" name="const_60">
<pin_list>
<pin id="61" dir="1" index="0" bw="1" slack="2147483647"/>
</pin_list>
<bind>
<StgValue><ssdm name="empty_1"/></StgValue>
</bind>
</comp>

<comp id="62" class="1001" name="const_62">
<pin_list>
<pin id="63" dir="1" index="0" bw="1" slack="2147483647"/>
</pin_list>
<bind>
<StgValue><ssdm name="empty_5"/></StgValue>
</bind>
</comp>

<comp id="64" class="1001" name="const_64">
<pin_list>
<pin id="65" dir="1" index="0" bw="1" slack="2147483647"/>
</pin_list>
<bind>
<StgValue><ssdm name=""/></StgValue>
</bind>
</comp>

<comp id="66" class="1001" name="const_66">
<pin_list>
<pin id="67" dir="1" index="0" bw="1" slack="0"/>
</pin_list>
<bind>
<StgValue><ssdm name=""/></StgValue>
</bind>
</comp>

<comp id="68" class="1001" name="const_68">
<pin_list>
<pin id="69" dir="1" index="0" bw="1" slack="0"/>
</pin_list>
<bind>
<StgValue><ssdm name=""/></StgValue>
</bind>
</comp>

<comp id="70" class="1001" name="const_70">
<pin_list>
<pin id="71" dir="1" index="0" bw="1" slack="0"/>
</pin_list>
<bind>
<StgValue><ssdm name=""/></StgValue>
</bind>
</comp>

<comp id="72" class="1001" name="const_72">
<pin_list>
<pin id="73" dir="1" index="0" bw="1" slack="2147483647"/>
</pin_list>
<bind>
<StgValue><ssdm name="_ssdm_op_SpecLoopTripCount"/></StgValue>
</bind>
</comp>

<comp id="74" class="1001" name="const_74">
<pin_list>
<pin id="75" dir="1" index="0" bw="1" slack="2147483647"/>
</pin_list>
<bind>
<StgValue><ssdm name=""/></StgValue>
</bind>
</comp>

<comp id="76" class="1001" name="const_76">
<pin_list>
<pin id="77" dir="1" index="0" bw="1" slack="0"/>
</pin_list>
<bind>
<StgValue><ssdm name=""/></StgValue>
</bind>
</comp>

<comp id="78" class="1001" name="const_78">
<pin_list>
<pin id="79" dir="1" index="0" bw="1" slack="0"/>
</pin_list>
<bind>
<StgValue><ssdm name=""/></StgValue>
</bind>
</comp>

<comp id="80" class="1001" name="const_80">
<pin_list>
<pin id="81" dir="1" index="0" bw="1" slack="2147483647"/>
</pin_list>
<bind>
<StgValue><ssdm name=""/></StgValue>
</bind>
</comp>

<comp id="82" class="1001" name="const_82">
<pin_list>
<pin id="83" dir="1" index="0" bw="1" slack="2147483647"/>
</pin_list>
<bind>
<StgValue><ssdm name=""/></StgValue>
</bind>
</comp>

<comp id="84" class="1001" name="const_84">
<pin_list>
<pin id="85" dir="1" index="0" bw="1" slack="2147483647"/>
</pin_list>
<bind>
<StgValue><ssdm name=""/></StgValue>
</bind>
</comp>

<comp id="86" class="1001" name="const_86">
<pin_list>
<pin id="87" dir="1" index="0" bw="1" slack="2147483647"/>
</pin_list>
<bind>
<StgValue><ssdm name=""/></StgValue>
</bind>
</comp>

<comp id="88" class="1001" name="const_88">
<pin_list>
<pin id="89" dir="1" index="0" bw="1" slack="2147483647"/>
</pin_list>
<bind>
<StgValue><ssdm name=""/></StgValue>
</bind>
</comp>

<comp id="90" class="1001" name="const_90">
<pin_list>
<pin id="91" dir="1" index="0" bw="1" slack="2147483647"/>
</pin_list>
<bind>
<StgValue><ssdm name=""/></StgValue>
</bind>
</comp>

<comp id="92" class="1001" name="const_92">
<pin_list>
<pin id="93" dir="1" index="0" bw="1" slack="2147483647"/>
</pin_list>
<bind>
<StgValue><ssdm name=""/></StgValue>
</bind>
</comp>

<comp id="94" class="1004" name="loop_index_fu_94">
<pin_list>
<pin id="95" dir="0" index="0" bw="1" slack="0"/>
<pin id="96" dir="1" index="1" bw="4" slack="0"/>
</pin_list>
<bind>
<opcode="alloca(26) " fcode="alloca"/>
<opset="loop_index/1 "/>
</bind>
</comp>

<comp id="98" class="1004" name="data_0_out_0_fu_98">
<pin_list>
<pin id="99" dir="0" index="0" bw="1" slack="0"/>
<pin id="100" dir="1" index="1" bw="32" slack="4"/>
</pin_list>
<bind>
<opcode="alloca(26) " fcode="alloca"/>
<opset="data_0_out_0/1 "/>
</bind>
</comp>

<comp id="102" class="1004" name="data_1_out_0_fu_102">
<pin_list>
<pin id="103" dir="0" index="0" bw="1" slack="0"/>
<pin id="104" dir="1" index="1" bw="32" slack="4"/>
</pin_list>
<bind>
<opcode="alloca(26) " fcode="alloca"/>
<opset="data_1_out_0/1 "/>
</bind>
</comp>

<comp id="106" class="1004" name="data_2_out_0_fu_106">
<pin_list>
<pin id="107" dir="0" index="0" bw="1" slack="0"/>
<pin id="108" dir="1" index="1" bw="32" slack="4"/>
</pin_list>
<bind>
<opcode="alloca(26) " fcode="alloca"/>
<opset="data_2_out_0/1 "/>
</bind>
</comp>

<comp id="110" class="1004" name="data_3_out_0_fu_110">
<pin_list>
<pin id="111" dir="0" index="0" bw="1" slack="0"/>
<pin id="112" dir="1" index="1" bw="32" slack="4"/>
</pin_list>
<bind>
<opcode="alloca(26) " fcode="alloca"/>
<opset="data_3_out_0/1 "/>
</bind>
</comp>

<comp id="114" class="1004" name="data_4_out_0_fu_114">
<pin_list>
<pin id="115" dir="0" index="0" bw="1" slack="0"/>
<pin id="116" dir="1" index="1" bw="32" slack="4"/>
</pin_list>
<bind>
<opcode="alloca(26) " fcode="alloca"/>
<opset="data_4_out_0/1 "/>
</bind>
</comp>

<comp id="118" class="1004" name="data_5_out_0_fu_118">
<pin_list>
<pin id="119" dir="0" index="0" bw="1" slack="0"/>
<pin id="120" dir="1" index="1" bw="32" slack="4"/>
</pin_list>
<bind>
<opcode="alloca(26) " fcode="alloca"/>
<opset="data_5_out_0/1 "/>
</bind>
</comp>

<comp id="122" class="1004" name="data_6_out_0_fu_122">
<pin_list>
<pin id="123" dir="0" index="0" bw="1" slack="0"/>
<pin id="124" dir="1" index="1" bw="32" slack="4"/>
</pin_list>
<bind>
<opcode="alloca(26) " fcode="alloca"/>
<opset="data_6_out_0/1 "/>
</bind>
</comp>

<comp id="126" class="1004" name="data_7_out_0_fu_126">
<pin_list>
<pin id="127" dir="0" index="0" bw="1" slack="0"/>
<pin id="128" dir="1" index="1" bw="32" slack="4"/>
</pin_list>
<bind>
<opcode="alloca(26) " fcode="alloca"/>
<opset="data_7_out_0/1 "/>
</bind>
</comp>

<comp id="130" class="1004" name="contr_AOV_alloca_fu_130">
<pin_list>
<pin id="131" dir="0" index="0" bw="1" slack="0"/>
<pin id="132" dir="1" index="1" bw="32" slack="0"/>
</pin_list>
<bind>
<opcode="alloca(26) " fcode="alloca"/>
<opset="contr_AOV/1 "/>
</bind>
</comp>

<comp id="134" class="1004" name="trainStream_read_read_fu_134">
<pin_list>
<pin id="135" dir="0" index="0" bw="320" slack="0"/>
<pin id="136" dir="0" index="1" bw="320" slack="0"/>
<pin id="137" dir="1" index="2" bw="320" slack="0"/>
</pin_list>
<bind>
<opcode="read(1150) " fcode="read"/>
<opset="trainStream_read/1 "/>
</bind>
</comp>

<comp id="140" class="1004" name="dout_AOV_addr_gep_fu_140">
<pin_list>
<pin id="141" dir="0" index="0" bw="32" slack="0"/>
<pin id="142" dir="0" index="1" bw="1" slack="0"/>
<pin id="143" dir="0" index="2" bw="1" slack="0"/>
<pin id="144" dir="1" index="3" bw="3" slack="0"/>
</pin_list>
<bind>
<opcode="getelementptr(29) " fcode="getelementptr"/>
<opset="dout_AOV_addr/1 "/>
</bind>
</comp>

<comp id="148" class="1004" name="grp_access_fu_148">
<pin_list>
<pin id="149" dir="0" index="0" bw="3" slack="0"/>
<pin id="150" dir="0" index="1" bw="32" slack="0"/>
<pin id="151" dir="0" index="2" bw="0" slack="0"/>
<pin id="153" dir="0" index="4" bw="3" slack="0"/>
<pin id="154" dir="0" index="5" bw="32" slack="2147483647"/>
<pin id="155" dir="0" index="6" bw="0" slack="2147483647"/>
<pin id="152" dir="1" index="3" bw="32" slack="0"/>
<pin id="156" dir="1" index="7" bw="32" slack="2147483647"/>
</pin_list>
<bind>
<opcode="load(27) store(28) " fcode="load"/>
<opset="store_ln145/1 store_ln145/1 store_ln145/2 store_ln145/2 store_ln145/3 store_ln145/3 store_ln145/4 store_ln145/4 dout_AOV_load/5 "/>
</bind>
</comp>

<comp id="158" class="1004" name="dout_AOV_addr_1_gep_fu_158">
<pin_list>
<pin id="159" dir="0" index="0" bw="32" slack="0"/>
<pin id="160" dir="0" index="1" bw="1" slack="0"/>
<pin id="161" dir="0" index="2" bw="1" slack="0"/>
<pin id="162" dir="1" index="3" bw="3" slack="0"/>
</pin_list>
<bind>
<opcode="getelementptr(29) " fcode="getelementptr"/>
<opset="dout_AOV_addr_1/1 "/>
</bind>
</comp>

<comp id="167" class="1004" name="dout_AOV_addr_2_gep_fu_167">
<pin_list>
<pin id="168" dir="0" index="0" bw="32" slack="2147483647"/>
<pin id="169" dir="0" index="1" bw="1" slack="0"/>
<pin id="170" dir="0" index="2" bw="3" slack="0"/>
<pin id="171" dir="1" index="3" bw="3" slack="0"/>
</pin_list>
<bind>
<opcode="getelementptr(29) " fcode="getelementptr"/>
<opset="dout_AOV_addr_2/2 "/>
</bind>
</comp>

<comp id="175" class="1004" name="dout_AOV_addr_3_gep_fu_175">
<pin_list>
<pin id="176" dir="0" index="0" bw="32" slack="2147483647"/>
<pin id="177" dir="0" index="1" bw="1" slack="0"/>
<pin id="178" dir="0" index="2" bw="3" slack="0"/>
<pin id="179" dir="1" index="3" bw="3" slack="0"/>
</pin_list>
<bind>
<opcode="getelementptr(29) " fcode="getelementptr"/>
<opset="dout_AOV_addr_3/2 "/>
</bind>
</comp>

<comp id="183" class="1004" name="dout_AOV_addr_4_gep_fu_183">
<pin_list>
<pin id="184" dir="0" index="0" bw="32" slack="2147483647"/>
<pin id="185" dir="0" index="1" bw="1" slack="0"/>
<pin id="186" dir="0" index="2" bw="4" slack="0"/>
<pin id="187" dir="1" index="3" bw="3" slack="0"/>
</pin_list>
<bind>
<opcode="getelementptr(29) " fcode="getelementptr"/>
<opset="dout_AOV_addr_4/3 "/>
</bind>
</comp>

<comp id="191" class="1004" name="dout_AOV_addr_5_gep_fu_191">
<pin_list>
<pin id="192" dir="0" index="0" bw="32" slack="2147483647"/>
<pin id="193" dir="0" index="1" bw="1" slack="0"/>
<pin id="194" dir="0" index="2" bw="4" slack="0"/>
<pin id="195" dir="1" index="3" bw="3" slack="0"/>
</pin_list>
<bind>
<opcode="getelementptr(29) " fcode="getelementptr"/>
<opset="dout_AOV_addr_5/3 "/>
</bind>
</comp>

<comp id="199" class="1004" name="dout_AOV_addr_6_gep_fu_199">
<pin_list>
<pin id="200" dir="0" index="0" bw="32" slack="2147483647"/>
<pin id="201" dir="0" index="1" bw="1" slack="0"/>
<pin id="202" dir="0" index="2" bw="4" slack="0"/>
<pin id="203" dir="1" index="3" bw="3" slack="0"/>
</pin_list>
<bind>
<opcode="getelementptr(29) " fcode="getelementptr"/>
<opset="dout_AOV_addr_6/4 "/>
</bind>
</comp>

<comp id="207" class="1004" name="dout_AOV_addr_7_gep_fu_207">
<pin_list>
<pin id="208" dir="0" index="0" bw="32" slack="2147483647"/>
<pin id="209" dir="0" index="1" bw="1" slack="0"/>
<pin id="210" dir="0" index="2" bw="4" slack="0"/>
<pin id="211" dir="1" index="3" bw="3" slack="0"/>
</pin_list>
<bind>
<opcode="getelementptr(29) " fcode="getelementptr"/>
<opset="dout_AOV_addr_7/4 "/>
</bind>
</comp>

<comp id="215" class="1004" name="dout_AOV_addr_8_gep_fu_215">
<pin_list>
<pin id="216" dir="0" index="0" bw="32" slack="2147483647"/>
<pin id="217" dir="0" index="1" bw="1" slack="0"/>
<pin id="218" dir="0" index="2" bw="4" slack="0"/>
<pin id="219" dir="1" index="3" bw="3" slack="0"/>
</pin_list>
<bind>
<opcode="getelementptr(29) " fcode="getelementptr"/>
<opset="dout_AOV_addr_8/5 "/>
</bind>
</comp>

<comp id="222" class="1004" name="tmp_checkId_V_fu_222">
<pin_list>
<pin id="223" dir="0" index="0" bw="320" slack="0"/>
<pin id="224" dir="1" index="1" bw="6" slack="4"/>
</pin_list>
<bind>
<opcode="trunc(33) " fcode="trunc"/>
<opset="tmp_checkId_V/1 "/>
</bind>
</comp>

<comp id="226" class="1004" name="tmp_fu_226">
<pin_list>
<pin id="227" dir="0" index="0" bw="32" slack="0"/>
<pin id="228" dir="0" index="1" bw="320" slack="0"/>
<pin id="229" dir="0" index="2" bw="8" slack="0"/>
<pin id="230" dir="0" index="3" bw="8" slack="0"/>
<pin id="231" dir="1" index="4" bw="32" slack="0"/>
</pin_list>
<bind>
<opcode="partselect(1002) " fcode="partselect"/>
<opset="tmp/1 "/>
</bind>
</comp>

<comp id="236" class="1004" name="bitcast_ln145_fu_236">
<pin_list>
<pin id="237" dir="0" index="0" bw="32" slack="0"/>
<pin id="238" dir="1" index="1" bw="32" slack="0"/>
</pin_list>
<bind>
<opcode="bitcast(44) " fcode="bitcast"/>
<opset="bitcast_ln145/1 "/>
</bind>
</comp>

<comp id="241" class="1004" name="tmp_s_fu_241">
<pin_list>
<pin id="242" dir="0" index="0" bw="32" slack="0"/>
<pin id="243" dir="0" index="1" bw="320" slack="0"/>
<pin id="244" dir="0" index="2" bw="8" slack="0"/>
<pin id="245" dir="0" index="3" bw="8" slack="0"/>
<pin id="246" dir="1" index="4" bw="32" slack="0"/>
</pin_list>
<bind>
<opcode="partselect(1002) " fcode="partselect"/>
<opset="tmp_s/1 "/>
</bind>
</comp>

<comp id="251" class="1004" name="bitcast_ln145_1_fu_251">
<pin_list>
<pin id="252" dir="0" index="0" bw="32" slack="0"/>
<pin id="253" dir="1" index="1" bw="32" slack="0"/>
</pin_list>
<bind>
<opcode="bitcast(44) " fcode="bitcast"/>
<opset="bitcast_ln145_1/1 "/>
</bind>
</comp>

<comp id="256" class="1004" name="tmp_45_fu_256">
<pin_list>
<pin id="257" dir="0" index="0" bw="32" slack="0"/>
<pin id="258" dir="0" index="1" bw="320" slack="0"/>
<pin id="259" dir="0" index="2" bw="9" slack="0"/>
<pin id="260" dir="0" index="3" bw="9" slack="0"/>
<pin id="261" dir="1" index="4" bw="32" slack="1"/>
</pin_list>
<bind>
<opcode="partselect(1002) " fcode="partselect"/>
<opset="tmp_45/1 "/>
</bind>
</comp>

<comp id="266" class="1004" name="tmp_46_fu_266">
<pin_list>
<pin id="267" dir="0" index="0" bw="32" slack="0"/>
<pin id="268" dir="0" index="1" bw="320" slack="0"/>
<pin id="269" dir="0" index="2" bw="9" slack="0"/>
<pin id="270" dir="0" index="3" bw="9" slack="0"/>
<pin id="271" dir="1" index="4" bw="32" slack="1"/>
</pin_list>
<bind>
<opcode="partselect(1002) " fcode="partselect"/>
<opset="tmp_46/1 "/>
</bind>
</comp>

<comp id="276" class="1004" name="tmp_47_fu_276">
<pin_list>
<pin id="277" dir="0" index="0" bw="32" slack="0"/>
<pin id="278" dir="0" index="1" bw="320" slack="0"/>
<pin id="279" dir="0" index="2" bw="9" slack="0"/>
<pin id="280" dir="0" index="3" bw="9" slack="0"/>
<pin id="281" dir="1" index="4" bw="32" slack="2"/>
</pin_list>
<bind>
<opcode="partselect(1002) " fcode="partselect"/>
<opset="tmp_47/1 "/>
</bind>
</comp>

<comp id="286" class="1004" name="tmp_48_fu_286">
<pin_list>
<pin id="287" dir="0" index="0" bw="32" slack="0"/>
<pin id="288" dir="0" index="1" bw="320" slack="0"/>
<pin id="289" dir="0" index="2" bw="9" slack="0"/>
<pin id="290" dir="0" index="3" bw="9" slack="0"/>
<pin id="291" dir="1" index="4" bw="32" slack="2"/>
</pin_list>
<bind>
<opcode="partselect(1002) " fcode="partselect"/>
<opset="tmp_48/1 "/>
</bind>
</comp>

<comp id="296" class="1004" name="tmp_49_fu_296">
<pin_list>
<pin id="297" dir="0" index="0" bw="32" slack="0"/>
<pin id="298" dir="0" index="1" bw="320" slack="0"/>
<pin id="299" dir="0" index="2" bw="10" slack="0"/>
<pin id="300" dir="0" index="3" bw="10" slack="0"/>
<pin id="301" dir="1" index="4" bw="32" slack="3"/>
</pin_list>
<bind>
<opcode="partselect(1002) " fcode="partselect"/>
<opset="tmp_49/1 "/>
</bind>
</comp>

<comp id="306" class="1004" name="tmp_50_fu_306">
<pin_list>
<pin id="307" dir="0" index="0" bw="32" slack="0"/>
<pin id="308" dir="0" index="1" bw="320" slack="0"/>
<pin id="309" dir="0" index="2" bw="10" slack="0"/>
<pin id="310" dir="0" index="3" bw="10" slack="0"/>
<pin id="311" dir="1" index="4" bw="32" slack="3"/>
</pin_list>
<bind>
<opcode="partselect(1002) " fcode="partselect"/>
<opset="tmp_50/1 "/>
</bind>
</comp>

<comp id="316" class="1004" name="store_ln470_store_fu_316">
<pin_list>
<pin id="317" dir="0" index="0" bw="1" slack="0"/>
<pin id="318" dir="0" index="1" bw="4" slack="0"/>
<pin id="319" dir="1" index="2" bw="0" slack="2147483647"/>
</pin_list>
<bind>
<opcode="store(28) " fcode="store"/>
<opset="store_ln470/1 "/>
</bind>
</comp>

<comp id="321" class="1004" name="bitcast_ln145_2_fu_321">
<pin_list>
<pin id="322" dir="0" index="0" bw="32" slack="1"/>
<pin id="323" dir="1" index="1" bw="32" slack="0"/>
</pin_list>
<bind>
<opcode="bitcast(44) " fcode="bitcast"/>
<opset="bitcast_ln145_2/2 "/>
</bind>
</comp>

<comp id="325" class="1004" name="bitcast_ln145_3_fu_325">
<pin_list>
<pin id="326" dir="0" index="0" bw="32" slack="1"/>
<pin id="327" dir="1" index="1" bw="32" slack="0"/>
</pin_list>
<bind>
<opcode="bitcast(44) " fcode="bitcast"/>
<opset="bitcast_ln145_3/2 "/>
</bind>
</comp>

<comp id="329" class="1004" name="bitcast_ln145_4_fu_329">
<pin_list>
<pin id="330" dir="0" index="0" bw="32" slack="2"/>
<pin id="331" dir="1" index="1" bw="32" slack="0"/>
</pin_list>
<bind>
<opcode="bitcast(44) " fcode="bitcast"/>
<opset="bitcast_ln145_4/3 "/>
</bind>
</comp>

<comp id="333" class="1004" name="bitcast_ln145_5_fu_333">
<pin_list>
<pin id="334" dir="0" index="0" bw="32" slack="2"/>
<pin id="335" dir="1" index="1" bw="32" slack="0"/>
</pin_list>
<bind>
<opcode="bitcast(44) " fcode="bitcast"/>
<opset="bitcast_ln145_5/3 "/>
</bind>
</comp>

<comp id="337" class="1004" name="bitcast_ln145_6_fu_337">
<pin_list>
<pin id="338" dir="0" index="0" bw="32" slack="3"/>
<pin id="339" dir="1" index="1" bw="32" slack="0"/>
</pin_list>
<bind>
<opcode="bitcast(44) " fcode="bitcast"/>
<opset="bitcast_ln145_6/4 "/>
</bind>
</comp>

<comp id="341" class="1004" name="bitcast_ln145_7_fu_341">
<pin_list>
<pin id="342" dir="0" index="0" bw="32" slack="3"/>
<pin id="343" dir="1" index="1" bw="32" slack="0"/>
</pin_list>
<bind>
<opcode="bitcast(44) " fcode="bitcast"/>
<opset="bitcast_ln145_7/4 "/>
</bind>
</comp>

<comp id="345" class="1004" name="loop_index_load_load_fu_345">
<pin_list>
<pin id="346" dir="0" index="0" bw="4" slack="4"/>
<pin id="347" dir="1" index="1" bw="4" slack="0"/>
</pin_list>
<bind>
<opcode="load(27) " fcode="load"/>
<opset="loop_index_load/5 "/>
</bind>
</comp>

<comp id="348" class="1004" name="loop_index_cast1_fu_348">
<pin_list>
<pin id="349" dir="0" index="0" bw="4" slack="0"/>
<pin id="350" dir="1" index="1" bw="64" slack="0"/>
</pin_list>
<bind>
<opcode="zext(34) " fcode="zext"/>
<opset="loop_index_cast1/5 "/>
</bind>
</comp>

<comp id="353" class="1004" name="exitcond1_fu_353">
<pin_list>
<pin id="354" dir="0" index="0" bw="4" slack="0"/>
<pin id="355" dir="0" index="1" bw="4" slack="0"/>
<pin id="356" dir="1" index="2" bw="1" slack="2147483647"/>
</pin_list>
<bind>
<opcode="icmp(45) " fcode="icmp"/>
<opset="exitcond1/5 "/>
</bind>
</comp>

<comp id="359" class="1004" name="empty_fu_359">
<pin_list>
<pin id="360" dir="0" index="0" bw="4" slack="0"/>
<pin id="361" dir="0" index="1" bw="1" slack="0"/>
<pin id="362" dir="1" index="2" bw="4" slack="1"/>
</pin_list>
<bind>
<opcode="add(8) " fcode="add"/>
<opset="empty/5 "/>
</bind>
</comp>

<comp id="365" class="1004" name="empty_55_fu_365">
<pin_list>
<pin id="366" dir="0" index="0" bw="4" slack="0"/>
<pin id="367" dir="1" index="1" bw="3" slack="1"/>
</pin_list>
<bind>
<opcode="trunc(33) " fcode="trunc"/>
<opset="empty_55/5 "/>
</bind>
</comp>

<comp id="369" class="1004" name="data_0_out_0_load_load_fu_369">
<pin_list>
<pin id="370" dir="0" index="0" bw="32" slack="4"/>
<pin id="371" dir="1" index="1" bw="32" slack="0"/>
</pin_list>
<bind>
<opcode="load(27) " fcode="load"/>
<opset="data_0_out_0_load/5 "/>
</bind>
</comp>

<comp id="372" class="1004" name="data_1_out_0_load_load_fu_372">
<pin_list>
<pin id="373" dir="0" index="0" bw="32" slack="4"/>
<pin id="374" dir="1" index="1" bw="32" slack="0"/>
</pin_list>
<bind>
<opcode="load(27) " fcode="load"/>
<opset="data_1_out_0_load/5 "/>
</bind>
</comp>

<comp id="375" class="1004" name="data_2_out_0_load_load_fu_375">
<pin_list>
<pin id="376" dir="0" index="0" bw="32" slack="4"/>
<pin id="377" dir="1" index="1" bw="32" slack="0"/>
</pin_list>
<bind>
<opcode="load(27) " fcode="load"/>
<opset="data_2_out_0_load/5 "/>
</bind>
</comp>

<comp id="378" class="1004" name="data_3_out_0_load_load_fu_378">
<pin_list>
<pin id="379" dir="0" index="0" bw="32" slack="4"/>
<pin id="380" dir="1" index="1" bw="32" slack="0"/>
</pin_list>
<bind>
<opcode="load(27) " fcode="load"/>
<opset="data_3_out_0_load/5 "/>
</bind>
</comp>

<comp id="381" class="1004" name="data_4_out_0_load_load_fu_381">
<pin_list>
<pin id="382" dir="0" index="0" bw="32" slack="4"/>
<pin id="383" dir="1" index="1" bw="32" slack="0"/>
</pin_list>
<bind>
<opcode="load(27) " fcode="load"/>
<opset="data_4_out_0_load/5 "/>
</bind>
</comp>

<comp id="384" class="1004" name="data_5_out_0_load_load_fu_384">
<pin_list>
<pin id="385" dir="0" index="0" bw="32" slack="4"/>
<pin id="386" dir="1" index="1" bw="32" slack="0"/>
</pin_list>
<bind>
<opcode="load(27) " fcode="load"/>
<opset="data_5_out_0_load/5 "/>
</bind>
</comp>

<comp id="387" class="1004" name="data_6_out_0_load_load_fu_387">
<pin_list>
<pin id="388" dir="0" index="0" bw="32" slack="4"/>
<pin id="389" dir="1" index="1" bw="32" slack="0"/>
</pin_list>
<bind>
<opcode="load(27) " fcode="load"/>
<opset="data_6_out_0_load/5 "/>
</bind>
</comp>

<comp id="390" class="1004" name="data_7_out_0_load_load_fu_390">
<pin_list>
<pin id="391" dir="0" index="0" bw="32" slack="4"/>
<pin id="392" dir="1" index="1" bw="32" slack="0"/>
</pin_list>
<bind>
<opcode="load(27) " fcode="load"/>
<opset="data_7_out_0_load/5 "/>
</bind>
</comp>

<comp id="393" class="1004" name="mrv_fu_393">
<pin_list>
<pin id="394" dir="0" index="0" bw="262" slack="0"/>
<pin id="395" dir="0" index="1" bw="6" slack="4"/>
<pin id="396" dir="1" index="2" bw="262" slack="0"/>
</pin_list>
<bind>
<opcode="insertvalue(57) " fcode="insertvalue"/>
<opset="mrv/5 "/>
</bind>
</comp>

<comp id="398" class="1004" name="mrv_1_fu_398">
<pin_list>
<pin id="399" dir="0" index="0" bw="262" slack="0"/>
<pin id="400" dir="0" index="1" bw="32" slack="0"/>
<pin id="401" dir="1" index="2" bw="262" slack="0"/>
</pin_list>
<bind>
<opcode="insertvalue(57) " fcode="insertvalue"/>
<opset="mrv_1/5 "/>
</bind>
</comp>

<comp id="404" class="1004" name="mrv_2_fu_404">
<pin_list>
<pin id="405" dir="0" index="0" bw="262" slack="0"/>
<pin id="406" dir="0" index="1" bw="32" slack="0"/>
<pin id="407" dir="1" index="2" bw="262" slack="0"/>
</pin_list>
<bind>
<opcode="insertvalue(57) " fcode="insertvalue"/>
<opset="mrv_2/5 "/>
</bind>
</comp>

<comp id="410" class="1004" name="mrv_3_fu_410">
<pin_list>
<pin id="411" dir="0" index="0" bw="262" slack="0"/>
<pin id="412" dir="0" index="1" bw="32" slack="0"/>
<pin id="413" dir="1" index="2" bw="262" slack="0"/>
</pin_list>
<bind>
<opcode="insertvalue(57) " fcode="insertvalue"/>
<opset="mrv_3/5 "/>
</bind>
</comp>

<comp id="416" class="1004" name="mrv_4_fu_416">
<pin_list>
<pin id="417" dir="0" index="0" bw="262" slack="0"/>
<pin id="418" dir="0" index="1" bw="32" slack="0"/>
<pin id="419" dir="1" index="2" bw="262" slack="0"/>
</pin_list>
<bind>
<opcode="insertvalue(57) " fcode="insertvalue"/>
<opset="mrv_4/5 "/>
</bind>
</comp>

<comp id="422" class="1004" name="mrv_5_fu_422">
<pin_list>
<pin id="423" dir="0" index="0" bw="262" slack="0"/>
<pin id="424" dir="0" index="1" bw="32" slack="0"/>
<pin id="425" dir="1" index="2" bw="262" slack="0"/>
</pin_list>
<bind>
<opcode="insertvalue(57) " fcode="insertvalue"/>
<opset="mrv_5/5 "/>
</bind>
</comp>

<comp id="428" class="1004" name="mrv_6_fu_428">
<pin_list>
<pin id="429" dir="0" index="0" bw="262" slack="0"/>
<pin id="430" dir="0" index="1" bw="32" slack="0"/>
<pin id="431" dir="1" index="2" bw="262" slack="0"/>
</pin_list>
<bind>
<opcode="insertvalue(57) " fcode="insertvalue"/>
<opset="mrv_6/5 "/>
</bind>
</comp>

<comp id="434" class="1004" name="mrv_7_fu_434">
<pin_list>
<pin id="435" dir="0" index="0" bw="262" slack="0"/>
<pin id="436" dir="0" index="1" bw="32" slack="0"/>
<pin id="437" dir="1" index="2" bw="262" slack="0"/>
</pin_list>
<bind>
<opcode="insertvalue(57) " fcode="insertvalue"/>
<opset="mrv_7/5 "/>
</bind>
</comp>

<comp id="440" class="1004" name="mrv_8_fu_440">
<pin_list>
<pin id="441" dir="0" index="0" bw="262" slack="0"/>
<pin id="442" dir="0" index="1" bw="32" slack="0"/>
<pin id="443" dir="1" index="2" bw="262" slack="2147483647"/>
</pin_list>
<bind>
<opcode="insertvalue(57) " fcode="insertvalue"/>
<opset="mrv_8/5 "/>
</bind>
</comp>

<comp id="446" class="1004" name="store_ln0_store_fu_446">
<pin_list>
<pin id="447" dir="0" index="0" bw="32" slack="0"/>
<pin id="448" dir="0" index="1" bw="32" slack="5"/>
<pin id="449" dir="1" index="2" bw="0" slack="2147483647"/>
</pin_list>
<bind>
<opcode="store(28) " fcode="store"/>
<opset="store_ln0/6 "/>
</bind>
</comp>

<comp id="451" class="1004" name="store_ln0_store_fu_451">
<pin_list>
<pin id="452" dir="0" index="0" bw="32" slack="0"/>
<pin id="453" dir="0" index="1" bw="32" slack="5"/>
<pin id="454" dir="1" index="2" bw="0" slack="2147483647"/>
</pin_list>
<bind>
<opcode="store(28) " fcode="store"/>
<opset="store_ln0/6 "/>
</bind>
</comp>

<comp id="456" class="1004" name="store_ln0_store_fu_456">
<pin_list>
<pin id="457" dir="0" index="0" bw="32" slack="0"/>
<pin id="458" dir="0" index="1" bw="32" slack="5"/>
<pin id="459" dir="1" index="2" bw="0" slack="2147483647"/>
</pin_list>
<bind>
<opcode="store(28) " fcode="store"/>
<opset="store_ln0/6 "/>
</bind>
</comp>

<comp id="461" class="1004" name="store_ln0_store_fu_461">
<pin_list>
<pin id="462" dir="0" index="0" bw="32" slack="0"/>
<pin id="463" dir="0" index="1" bw="32" slack="5"/>
<pin id="464" dir="1" index="2" bw="0" slack="2147483647"/>
</pin_list>
<bind>
<opcode="store(28) " fcode="store"/>
<opset="store_ln0/6 "/>
</bind>
</comp>

<comp id="466" class="1004" name="store_ln0_store_fu_466">
<pin_list>
<pin id="467" dir="0" index="0" bw="32" slack="0"/>
<pin id="468" dir="0" index="1" bw="32" slack="5"/>
<pin id="469" dir="1" index="2" bw="0" slack="2147483647"/>
</pin_list>
<bind>
<opcode="store(28) " fcode="store"/>
<opset="store_ln0/6 "/>
</bind>
</comp>

<comp id="471" class="1004" name="store_ln0_store_fu_471">
<pin_list>
<pin id="472" dir="0" index="0" bw="32" slack="0"/>
<pin id="473" dir="0" index="1" bw="32" slack="5"/>
<pin id="474" dir="1" index="2" bw="0" slack="2147483647"/>
</pin_list>
<bind>
<opcode="store(28) " fcode="store"/>
<opset="store_ln0/6 "/>
</bind>
</comp>

<comp id="476" class="1004" name="store_ln0_store_fu_476">
<pin_list>
<pin id="477" dir="0" index="0" bw="32" slack="0"/>
<pin id="478" dir="0" index="1" bw="32" slack="5"/>
<pin id="479" dir="1" index="2" bw="0" slack="2147483647"/>
</pin_list>
<bind>
<opcode="store(28) " fcode="store"/>
<opset="store_ln0/6 "/>
</bind>
</comp>

<comp id="481" class="1004" name="store_ln0_store_fu_481">
<pin_list>
<pin id="482" dir="0" index="0" bw="32" slack="0"/>
<pin id="483" dir="0" index="1" bw="32" slack="5"/>
<pin id="484" dir="1" index="2" bw="0" slack="2147483647"/>
</pin_list>
<bind>
<opcode="store(28) " fcode="store"/>
<opset="store_ln0/6 "/>
</bind>
</comp>

<comp id="486" class="1004" name="store_ln0_store_fu_486">
<pin_list>
<pin id="487" dir="0" index="0" bw="4" slack="1"/>
<pin id="488" dir="0" index="1" bw="4" slack="5"/>
<pin id="489" dir="1" index="2" bw="0" slack="2147483647"/>
</pin_list>
<bind>
<opcode="store(28) " fcode="store"/>
<opset="store_ln0/6 "/>
</bind>
</comp>

<comp id="490" class="1005" name="loop_index_reg_490">
<pin_list>
<pin id="491" dir="0" index="0" bw="4" slack="0"/>
<pin id="492" dir="1" index="1" bw="4" slack="0"/>
</pin_list>
<bind>
<opset="loop_index "/>
</bind>
</comp>

<comp id="497" class="1005" name="data_0_out_0_reg_497">
<pin_list>
<pin id="498" dir="0" index="0" bw="32" slack="4"/>
<pin id="499" dir="1" index="1" bw="32" slack="4"/>
</pin_list>
<bind>
<opset="data_0_out_0 "/>
</bind>
</comp>

<comp id="503" class="1005" name="data_1_out_0_reg_503">
<pin_list>
<pin id="504" dir="0" index="0" bw="32" slack="4"/>
<pin id="505" dir="1" index="1" bw="32" slack="4"/>
</pin_list>
<bind>
<opset="data_1_out_0 "/>
</bind>
</comp>

<comp id="509" class="1005" name="data_2_out_0_reg_509">
<pin_list>
<pin id="510" dir="0" index="0" bw="32" slack="4"/>
<pin id="511" dir="1" index="1" bw="32" slack="4"/>
</pin_list>
<bind>
<opset="data_2_out_0 "/>
</bind>
</comp>

<comp id="515" class="1005" name="data_3_out_0_reg_515">
<pin_list>
<pin id="516" dir="0" index="0" bw="32" slack="4"/>
<pin id="517" dir="1" index="1" bw="32" slack="4"/>
</pin_list>
<bind>
<opset="data_3_out_0 "/>
</bind>
</comp>

<comp id="521" class="1005" name="data_4_out_0_reg_521">
<pin_list>
<pin id="522" dir="0" index="0" bw="32" slack="4"/>
<pin id="523" dir="1" index="1" bw="32" slack="4"/>
</pin_list>
<bind>
<opset="data_4_out_0 "/>
</bind>
</comp>

<comp id="527" class="1005" name="data_5_out_0_reg_527">
<pin_list>
<pin id="528" dir="0" index="0" bw="32" slack="4"/>
<pin id="529" dir="1" index="1" bw="32" slack="4"/>
</pin_list>
<bind>
<opset="data_5_out_0 "/>
</bind>
</comp>

<comp id="533" class="1005" name="data_6_out_0_reg_533">
<pin_list>
<pin id="534" dir="0" index="0" bw="32" slack="4"/>
<pin id="535" dir="1" index="1" bw="32" slack="4"/>
</pin_list>
<bind>
<opset="data_6_out_0 "/>
</bind>
</comp>

<comp id="539" class="1005" name="data_7_out_0_reg_539">
<pin_list>
<pin id="540" dir="0" index="0" bw="32" slack="4"/>
<pin id="541" dir="1" index="1" bw="32" slack="4"/>
</pin_list>
<bind>
<opset="data_7_out_0 "/>
</bind>
</comp>

<comp id="545" class="1005" name="tmp_checkId_V_reg_545">
<pin_list>
<pin id="546" dir="0" index="0" bw="6" slack="4"/>
<pin id="547" dir="1" index="1" bw="6" slack="4"/>
</pin_list>
<bind>
<opset="tmp_checkId_V "/>
</bind>
</comp>

<comp id="550" class="1005" name="tmp_45_reg_550">
<pin_list>
<pin id="551" dir="0" index="0" bw="32" slack="1"/>
<pin id="552" dir="1" index="1" bw="32" slack="1"/>
</pin_list>
<bind>
<opset="tmp_45 "/>
</bind>
</comp>

<comp id="555" class="1005" name="tmp_46_reg_555">
<pin_list>
<pin id="556" dir="0" index="0" bw="32" slack="1"/>
<pin id="557" dir="1" index="1" bw="32" slack="1"/>
</pin_list>
<bind>
<opset="tmp_46 "/>
</bind>
</comp>

<comp id="560" class="1005" name="tmp_47_reg_560">
<pin_list>
<pin id="561" dir="0" index="0" bw="32" slack="2"/>
<pin id="562" dir="1" index="1" bw="32" slack="2"/>
</pin_list>
<bind>
<opset="tmp_47 "/>
</bind>
</comp>

<comp id="565" class="1005" name="tmp_48_reg_565">
<pin_list>
<pin id="566" dir="0" index="0" bw="32" slack="2"/>
<pin id="567" dir="1" index="1" bw="32" slack="2"/>
</pin_list>
<bind>
<opset="tmp_48 "/>
</bind>
</comp>

<comp id="570" class="1005" name="tmp_49_reg_570">
<pin_list>
<pin id="571" dir="0" index="0" bw="32" slack="3"/>
<pin id="572" dir="1" index="1" bw="32" slack="3"/>
</pin_list>
<bind>
<opset="tmp_49 "/>
</bind>
</comp>

<comp id="575" class="1005" name="tmp_50_reg_575">
<pin_list>
<pin id="576" dir="0" index="0" bw="32" slack="3"/>
<pin id="577" dir="1" index="1" bw="32" slack="3"/>
</pin_list>
<bind>
<opset="tmp_50 "/>
</bind>
</comp>

<comp id="583" class="1005" name="empty_reg_583">
<pin_list>
<pin id="584" dir="0" index="0" bw="4" slack="1"/>
<pin id="585" dir="1" index="1" bw="4" slack="1"/>
</pin_list>
<bind>
<opset="empty "/>
</bind>
</comp>

<comp id="588" class="1005" name="dout_AOV_addr_8_reg_588">
<pin_list>
<pin id="589" dir="0" index="0" bw="3" slack="1"/>
<pin id="590" dir="1" index="1" bw="3" slack="1"/>
</pin_list>
<bind>
<opset="dout_AOV_addr_8 "/>
</bind>
</comp>

<comp id="593" class="1005" name="empty_55_reg_593">
<pin_list>
<pin id="594" dir="0" index="0" bw="3" slack="1"/>
<pin id="595" dir="1" index="1" bw="3" slack="2147483647"/>
</pin_list>
<bind>
<opset="empty_55 "/>
</bind>
</comp>

</comp_list>

<net_list>
<net id="97"><net_src comp="2" pin="0"/><net_sink comp="94" pin=0"/></net>

<net id="101"><net_src comp="2" pin="0"/><net_sink comp="98" pin=0"/></net>

<net id="105"><net_src comp="2" pin="0"/><net_sink comp="102" pin=0"/></net>

<net id="109"><net_src comp="2" pin="0"/><net_sink comp="106" pin=0"/></net>

<net id="113"><net_src comp="2" pin="0"/><net_sink comp="110" pin=0"/></net>

<net id="117"><net_src comp="2" pin="0"/><net_sink comp="114" pin=0"/></net>

<net id="121"><net_src comp="2" pin="0"/><net_sink comp="118" pin=0"/></net>

<net id="125"><net_src comp="2" pin="0"/><net_sink comp="122" pin=0"/></net>

<net id="129"><net_src comp="2" pin="0"/><net_sink comp="126" pin=0"/></net>

<net id="133"><net_src comp="4" pin="0"/><net_sink comp="130" pin=0"/></net>

<net id="138"><net_src comp="6" pin="0"/><net_sink comp="134" pin=0"/></net>

<net id="139"><net_src comp="0" pin="0"/><net_sink comp="134" pin=1"/></net>

<net id="145"><net_src comp="130" pin="1"/><net_sink comp="140" pin=0"/></net>

<net id="146"><net_src comp="14" pin="0"/><net_sink comp="140" pin=1"/></net>

<net id="147"><net_src comp="14" pin="0"/><net_sink comp="140" pin=2"/></net>

<net id="157"><net_src comp="140" pin="3"/><net_sink comp="148" pin=2"/></net>

<net id="163"><net_src comp="130" pin="1"/><net_sink comp="158" pin=0"/></net>

<net id="164"><net_src comp="14" pin="0"/><net_sink comp="158" pin=1"/></net>

<net id="165"><net_src comp="4" pin="0"/><net_sink comp="158" pin=2"/></net>

<net id="166"><net_src comp="158" pin="3"/><net_sink comp="148" pin=0"/></net>

<net id="172"><net_src comp="14" pin="0"/><net_sink comp="167" pin=1"/></net>

<net id="173"><net_src comp="46" pin="0"/><net_sink comp="167" pin=2"/></net>

<net id="174"><net_src comp="167" pin="3"/><net_sink comp="148" pin=2"/></net>

<net id="180"><net_src comp="14" pin="0"/><net_sink comp="175" pin=1"/></net>

<net id="181"><net_src comp="48" pin="0"/><net_sink comp="175" pin=2"/></net>

<net id="182"><net_src comp="175" pin="3"/><net_sink comp="148" pin=0"/></net>

<net id="188"><net_src comp="14" pin="0"/><net_sink comp="183" pin=1"/></net>

<net id="189"><net_src comp="50" pin="0"/><net_sink comp="183" pin=2"/></net>

<net id="190"><net_src comp="183" pin="3"/><net_sink comp="148" pin=2"/></net>

<net id="196"><net_src comp="14" pin="0"/><net_sink comp="191" pin=1"/></net>

<net id="197"><net_src comp="52" pin="0"/><net_sink comp="191" pin=2"/></net>

<net id="198"><net_src comp="191" pin="3"/><net_sink comp="148" pin=0"/></net>

<net id="204"><net_src comp="14" pin="0"/><net_sink comp="199" pin=1"/></net>

<net id="205"><net_src comp="66" pin="0"/><net_sink comp="199" pin=2"/></net>

<net id="206"><net_src comp="199" pin="3"/><net_sink comp="148" pin=2"/></net>

<net id="212"><net_src comp="14" pin="0"/><net_sink comp="207" pin=1"/></net>

<net id="213"><net_src comp="68" pin="0"/><net_sink comp="207" pin=2"/></net>

<net id="214"><net_src comp="207" pin="3"/><net_sink comp="148" pin=0"/></net>

<net id="220"><net_src comp="14" pin="0"/><net_sink comp="215" pin=1"/></net>

<net id="221"><net_src comp="215" pin="3"/><net_sink comp="148" pin=0"/></net>

<net id="225"><net_src comp="134" pin="2"/><net_sink comp="222" pin=0"/></net>

<net id="232"><net_src comp="8" pin="0"/><net_sink comp="226" pin=0"/></net>

<net id="233"><net_src comp="134" pin="2"/><net_sink comp="226" pin=1"/></net>

<net id="234"><net_src comp="10" pin="0"/><net_sink comp="226" pin=2"/></net>

<net id="235"><net_src comp="12" pin="0"/><net_sink comp="226" pin=3"/></net>

<net id="239"><net_src comp="226" pin="4"/><net_sink comp="236" pin=0"/></net>

<net id="240"><net_src comp="236" pin="1"/><net_sink comp="148" pin=4"/></net>

<net id="247"><net_src comp="8" pin="0"/><net_sink comp="241" pin=0"/></net>

<net id="248"><net_src comp="134" pin="2"/><net_sink comp="241" pin=1"/></net>

<net id="249"><net_src comp="16" pin="0"/><net_sink comp="241" pin=2"/></net>

<net id="250"><net_src comp="18" pin="0"/><net_sink comp="241" pin=3"/></net>

<net id="254"><net_src comp="241" pin="4"/><net_sink comp="251" pin=0"/></net>

<net id="255"><net_src comp="251" pin="1"/><net_sink comp="148" pin=1"/></net>

<net id="262"><net_src comp="8" pin="0"/><net_sink comp="256" pin=0"/></net>

<net id="263"><net_src comp="134" pin="2"/><net_sink comp="256" pin=1"/></net>

<net id="264"><net_src comp="20" pin="0"/><net_sink comp="256" pin=2"/></net>

<net id="265"><net_src comp="22" pin="0"/><net_sink comp="256" pin=3"/></net>

<net id="272"><net_src comp="8" pin="0"/><net_sink comp="266" pin=0"/></net>

<net id="273"><net_src comp="134" pin="2"/><net_sink comp="266" pin=1"/></net>

<net id="274"><net_src comp="24" pin="0"/><net_sink comp="266" pin=2"/></net>

<net id="275"><net_src comp="26" pin="0"/><net_sink comp="266" pin=3"/></net>

<net id="282"><net_src comp="8" pin="0"/><net_sink comp="276" pin=0"/></net>

<net id="283"><net_src comp="134" pin="2"/><net_sink comp="276" pin=1"/></net>

<net id="284"><net_src comp="28" pin="0"/><net_sink comp="276" pin=2"/></net>

<net id="285"><net_src comp="30" pin="0"/><net_sink comp="276" pin=3"/></net>

<net id="292"><net_src comp="8" pin="0"/><net_sink comp="286" pin=0"/></net>

<net id="293"><net_src comp="134" pin="2"/><net_sink comp="286" pin=1"/></net>

<net id="294"><net_src comp="32" pin="0"/><net_sink comp="286" pin=2"/></net>

<net id="295"><net_src comp="34" pin="0"/><net_sink comp="286" pin=3"/></net>

<net id="302"><net_src comp="8" pin="0"/><net_sink comp="296" pin=0"/></net>

<net id="303"><net_src comp="134" pin="2"/><net_sink comp="296" pin=1"/></net>

<net id="304"><net_src comp="36" pin="0"/><net_sink comp="296" pin=2"/></net>

<net id="305"><net_src comp="38" pin="0"/><net_sink comp="296" pin=3"/></net>

<net id="312"><net_src comp="8" pin="0"/><net_sink comp="306" pin=0"/></net>

<net id="313"><net_src comp="134" pin="2"/><net_sink comp="306" pin=1"/></net>

<net id="314"><net_src comp="40" pin="0"/><net_sink comp="306" pin=2"/></net>

<net id="315"><net_src comp="42" pin="0"/><net_sink comp="306" pin=3"/></net>

<net id="320"><net_src comp="44" pin="0"/><net_sink comp="316" pin=0"/></net>

<net id="324"><net_src comp="321" pin="1"/><net_sink comp="148" pin=4"/></net>

<net id="328"><net_src comp="325" pin="1"/><net_sink comp="148" pin=1"/></net>

<net id="332"><net_src comp="329" pin="1"/><net_sink comp="148" pin=4"/></net>

<net id="336"><net_src comp="333" pin="1"/><net_sink comp="148" pin=1"/></net>

<net id="340"><net_src comp="337" pin="1"/><net_sink comp="148" pin=4"/></net>

<net id="344"><net_src comp="341" pin="1"/><net_sink comp="148" pin=1"/></net>

<net id="351"><net_src comp="345" pin="1"/><net_sink comp="348" pin=0"/></net>

<net id="352"><net_src comp="348" pin="1"/><net_sink comp="215" pin=2"/></net>

<net id="357"><net_src comp="345" pin="1"/><net_sink comp="353" pin=0"/></net>

<net id="358"><net_src comp="70" pin="0"/><net_sink comp="353" pin=1"/></net>

<net id="363"><net_src comp="345" pin="1"/><net_sink comp="359" pin=0"/></net>

<net id="364"><net_src comp="76" pin="0"/><net_sink comp="359" pin=1"/></net>

<net id="368"><net_src comp="345" pin="1"/><net_sink comp="365" pin=0"/></net>

<net id="397"><net_src comp="78" pin="0"/><net_sink comp="393" pin=0"/></net>

<net id="402"><net_src comp="393" pin="2"/><net_sink comp="398" pin=0"/></net>

<net id="403"><net_src comp="369" pin="1"/><net_sink comp="398" pin=1"/></net>

<net id="408"><net_src comp="398" pin="2"/><net_sink comp="404" pin=0"/></net>

<net id="409"><net_src comp="372" pin="1"/><net_sink comp="404" pin=1"/></net>

<net id="414"><net_src comp="404" pin="2"/><net_sink comp="410" pin=0"/></net>

<net id="415"><net_src comp="375" pin="1"/><net_sink comp="410" pin=1"/></net>

<net id="420"><net_src comp="410" pin="2"/><net_sink comp="416" pin=0"/></net>

<net id="421"><net_src comp="378" pin="1"/><net_sink comp="416" pin=1"/></net>

<net id="426"><net_src comp="416" pin="2"/><net_sink comp="422" pin=0"/></net>

<net id="427"><net_src comp="381" pin="1"/><net_sink comp="422" pin=1"/></net>

<net id="432"><net_src comp="422" pin="2"/><net_sink comp="428" pin=0"/></net>

<net id="433"><net_src comp="384" pin="1"/><net_sink comp="428" pin=1"/></net>

<net id="438"><net_src comp="428" pin="2"/><net_sink comp="434" pin=0"/></net>

<net id="439"><net_src comp="387" pin="1"/><net_sink comp="434" pin=1"/></net>

<net id="444"><net_src comp="434" pin="2"/><net_sink comp="440" pin=0"/></net>

<net id="445"><net_src comp="390" pin="1"/><net_sink comp="440" pin=1"/></net>

<net id="450"><net_src comp="148" pin="3"/><net_sink comp="446" pin=0"/></net>

<net id="455"><net_src comp="148" pin="3"/><net_sink comp="451" pin=0"/></net>

<net id="460"><net_src comp="148" pin="3"/><net_sink comp="456" pin=0"/></net>

<net id="465"><net_src comp="148" pin="3"/><net_sink comp="461" pin=0"/></net>

<net id="470"><net_src comp="148" pin="3"/><net_sink comp="466" pin=0"/></net>

<net id="475"><net_src comp="148" pin="3"/><net_sink comp="471" pin=0"/></net>

<net id="480"><net_src comp="148" pin="3"/><net_sink comp="476" pin=0"/></net>

<net id="485"><net_src comp="148" pin="3"/><net_sink comp="481" pin=0"/></net>

<net id="493"><net_src comp="94" pin="1"/><net_sink comp="490" pin=0"/></net>

<net id="494"><net_src comp="490" pin="1"/><net_sink comp="316" pin=1"/></net>

<net id="495"><net_src comp="490" pin="1"/><net_sink comp="345" pin=0"/></net>

<net id="496"><net_src comp="490" pin="1"/><net_sink comp="486" pin=1"/></net>

<net id="500"><net_src comp="98" pin="1"/><net_sink comp="497" pin=0"/></net>

<net id="501"><net_src comp="497" pin="1"/><net_sink comp="369" pin=0"/></net>

<net id="502"><net_src comp="497" pin="1"/><net_sink comp="476" pin=1"/></net>

<net id="506"><net_src comp="102" pin="1"/><net_sink comp="503" pin=0"/></net>

<net id="507"><net_src comp="503" pin="1"/><net_sink comp="372" pin=0"/></net>

<net id="508"><net_src comp="503" pin="1"/><net_sink comp="471" pin=1"/></net>

<net id="512"><net_src comp="106" pin="1"/><net_sink comp="509" pin=0"/></net>

<net id="513"><net_src comp="509" pin="1"/><net_sink comp="375" pin=0"/></net>

<net id="514"><net_src comp="509" pin="1"/><net_sink comp="466" pin=1"/></net>

<net id="518"><net_src comp="110" pin="1"/><net_sink comp="515" pin=0"/></net>

<net id="519"><net_src comp="515" pin="1"/><net_sink comp="378" pin=0"/></net>

<net id="520"><net_src comp="515" pin="1"/><net_sink comp="461" pin=1"/></net>

<net id="524"><net_src comp="114" pin="1"/><net_sink comp="521" pin=0"/></net>

<net id="525"><net_src comp="521" pin="1"/><net_sink comp="381" pin=0"/></net>

<net id="526"><net_src comp="521" pin="1"/><net_sink comp="456" pin=1"/></net>

<net id="530"><net_src comp="118" pin="1"/><net_sink comp="527" pin=0"/></net>

<net id="531"><net_src comp="527" pin="1"/><net_sink comp="384" pin=0"/></net>

<net id="532"><net_src comp="527" pin="1"/><net_sink comp="451" pin=1"/></net>

<net id="536"><net_src comp="122" pin="1"/><net_sink comp="533" pin=0"/></net>

<net id="537"><net_src comp="533" pin="1"/><net_sink comp="387" pin=0"/></net>

<net id="538"><net_src comp="533" pin="1"/><net_sink comp="446" pin=1"/></net>

<net id="542"><net_src comp="126" pin="1"/><net_sink comp="539" pin=0"/></net>

<net id="543"><net_src comp="539" pin="1"/><net_sink comp="390" pin=0"/></net>

<net id="544"><net_src comp="539" pin="1"/><net_sink comp="481" pin=1"/></net>

<net id="548"><net_src comp="222" pin="1"/><net_sink comp="545" pin=0"/></net>

<net id="549"><net_src comp="545" pin="1"/><net_sink comp="393" pin=1"/></net>

<net id="553"><net_src comp="256" pin="4"/><net_sink comp="550" pin=0"/></net>

<net id="554"><net_src comp="550" pin="1"/><net_sink comp="321" pin=0"/></net>

<net id="558"><net_src comp="266" pin="4"/><net_sink comp="555" pin=0"/></net>

<net id="559"><net_src comp="555" pin="1"/><net_sink comp="325" pin=0"/></net>

<net id="563"><net_src comp="276" pin="4"/><net_sink comp="560" pin=0"/></net>

<net id="564"><net_src comp="560" pin="1"/><net_sink comp="329" pin=0"/></net>

<net id="568"><net_src comp="286" pin="4"/><net_sink comp="565" pin=0"/></net>

<net id="569"><net_src comp="565" pin="1"/><net_sink comp="333" pin=0"/></net>

<net id="573"><net_src comp="296" pin="4"/><net_sink comp="570" pin=0"/></net>

<net id="574"><net_src comp="570" pin="1"/><net_sink comp="337" pin=0"/></net>

<net id="578"><net_src comp="306" pin="4"/><net_sink comp="575" pin=0"/></net>

<net id="579"><net_src comp="575" pin="1"/><net_sink comp="341" pin=0"/></net>

<net id="586"><net_src comp="359" pin="2"/><net_sink comp="583" pin=0"/></net>

<net id="587"><net_src comp="583" pin="1"/><net_sink comp="486" pin=0"/></net>

<net id="591"><net_src comp="215" pin="3"/><net_sink comp="588" pin=0"/></net>

<net id="592"><net_src comp="588" pin="1"/><net_sink comp="148" pin=0"/></net>

<net id="596"><net_src comp="365" pin="1"/><net_sink comp="593" pin=0"/></net>

</net_list>

</model> 
---------------- Datapath Model END ------------------

* FSMD analyzer results:
  - Output states:
 - Input state : 
	Port: read_train.1 : trainStream | {1 }
  - Chain level:
	State 1
		bitcast_ln145 : 1
		dout_AOV_addr : 1
		store_ln145 : 2
		bitcast_ln145_1 : 1
		dout_AOV_addr_1 : 1
		store_ln145 : 2
		store_ln470 : 1
	State 2
		store_ln145 : 1
		store_ln145 : 1
	State 3
		store_ln145 : 1
		store_ln145 : 1
	State 4
		store_ln145 : 1
		store_ln145 : 1
	State 5
		loop_index_cast1 : 1
		exitcond1 : 1
		empty : 1
		br_ln0 : 2
		dout_AOV_addr_8 : 2
		dout_AOV_load : 3
		empty_55 : 1
		mrv_1 : 1
		mrv_2 : 2
		mrv_3 : 3
		mrv_4 : 4
		mrv_5 : 5
		mrv_6 : 6
		mrv_7 : 7
		mrv_8 : 8
		ret_ln471 : 9
	State 6
		store_ln0 : 1
		store_ln0 : 1
		store_ln0 : 1
		store_ln0 : 1
		store_ln0 : 1
		store_ln0 : 1
		store_ln0 : 1
		store_ln0 : 1


============================================================
+ Verbose Summary: Datapath Resource usage 
============================================================

* Functional unit list:
|----------|------------------------------|---------|---------|
| Operation|        Functional Unit       |    FF   |   LUT   |
|----------|------------------------------|---------|---------|
|    add   |         empty_fu_359         |    0    |    13   |
|----------|------------------------------|---------|---------|
|   icmp   |       exitcond1_fu_353       |    0    |    9    |
|----------|------------------------------|---------|---------|
|   read   | trainStream_read_read_fu_134 |    0    |    0    |
|----------|------------------------------|---------|---------|
|   trunc  |     tmp_checkId_V_fu_222     |    0    |    0    |
|          |        empty_55_fu_365       |    0    |    0    |
|----------|------------------------------|---------|---------|
|          |          tmp_fu_226          |    0    |    0    |
|          |         tmp_s_fu_241         |    0    |    0    |
|          |         tmp_45_fu_256        |    0    |    0    |
|partselect|         tmp_46_fu_266        |    0    |    0    |
|          |         tmp_47_fu_276        |    0    |    0    |
|          |         tmp_48_fu_286        |    0    |    0    |
|          |         tmp_49_fu_296        |    0    |    0    |
|          |         tmp_50_fu_306        |    0    |    0    |
|----------|------------------------------|---------|---------|
|   zext   |    loop_index_cast1_fu_348   |    0    |    0    |
|----------|------------------------------|---------|---------|
|          |          mrv_fu_393          |    0    |    0    |
|          |         mrv_1_fu_398         |    0    |    0    |
|          |         mrv_2_fu_404         |    0    |    0    |
|          |         mrv_3_fu_410         |    0    |    0    |
|insertvalue|         mrv_4_fu_416         |    0    |    0    |
|          |         mrv_5_fu_422         |    0    |    0    |
|          |         mrv_6_fu_428         |    0    |    0    |
|          |         mrv_7_fu_434         |    0    |    0    |
|          |         mrv_8_fu_440         |    0    |    0    |
|----------|------------------------------|---------|---------|
|   Total  |                              |    0    |    22   |
|----------|------------------------------|---------|---------|

Memories:
+---------+--------+--------+--------+--------+
|         |  BRAM  |   FF   |   LUT  |  URAM  |
+---------+--------+--------+--------+--------+
|contr_AOV|    0   |   64   |    4   |    0   |
+---------+--------+--------+--------+--------+
|  Total  |    0   |   64   |    4   |    0   |
+---------+--------+--------+--------+--------+

* Register list:
+-----------------------+--------+
|                       |   FF   |
+-----------------------+--------+
|  data_0_out_0_reg_497 |   32   |
|  data_1_out_0_reg_503 |   32   |
|  data_2_out_0_reg_509 |   32   |
|  data_3_out_0_reg_515 |   32   |
|  data_4_out_0_reg_521 |   32   |
|  data_5_out_0_reg_527 |   32   |
|  data_6_out_0_reg_533 |   32   |
|  data_7_out_0_reg_539 |   32   |
|dout_AOV_addr_8_reg_588|    3   |
|    empty_55_reg_593   |    3   |
|     empty_reg_583     |    4   |
|   loop_index_reg_490  |    4   |
|     tmp_45_reg_550    |   32   |
|     tmp_46_reg_555    |   32   |
|     tmp_47_reg_560    |   32   |
|     tmp_48_reg_565    |   32   |
|     tmp_49_reg_570    |   32   |
|     tmp_50_reg_575    |   32   |
| tmp_checkId_V_reg_545 |    6   |
+-----------------------+--------+
|         Total         |   468  |
+-----------------------+--------+

* Multiplexer (MUX) list: 
|-------------------|------|------|------|--------||---------||---------|
|        Comp       |  Pin | Size |  BW  | S x BW ||  Delay  ||   LUT   |
|-------------------|------|------|------|--------||---------||---------|
| grp_access_fu_148 |  p0  |   6  |   3  |   18   ||    31   |
| grp_access_fu_148 |  p1  |   4  |  32  |   128  ||    20   |
| grp_access_fu_148 |  p2  |   4  |   0  |    0   ||    20   |
| grp_access_fu_148 |  p4  |   4  |   3  |   12   ||    20   |
|-------------------|------|------|------|--------||---------||---------|
|       Total       |      |      |      |   158  ||  7.545  ||    91   |
|-------------------|------|------|------|--------||---------||---------|



* Summary:
+-----------+--------+--------+--------+--------+--------+
|           |  BRAM  |  Delay |   FF   |   LUT  |  URAM  |
+-----------+--------+--------+--------+--------+--------+
|  Function |    -   |    -   |    0   |   22   |    -   |
|   Memory  |    0   |    -   |   64   |    4   |    0   |
|Multiplexer|    -   |    7   |    -   |   91   |    -   |
|  Register |    -   |    -   |   468  |    -   |    -   |
+-----------+--------+--------+--------+--------+--------+
|   Total   |    0   |    7   |   532  |   117  |    0   |
+-----------+--------+--------+--------+--------+--------+
