

================================================================
== Vitis HLS Report for 'read_data'
================================================================
* Date:           Thu Oct 20 20:20:56 2022

* Version:        2022.1 (Build 3526262 on Mon Apr 18 15:48:16 MDT 2022)
* Project:        detector_solid
* Solution:       solution2 (Vitis Kernel Flow Target)
* Product family: zynq
* Target device:  xc7z020-clg484-1


================================================================
== Performance Estimates
================================================================
+ Timing: 
    * Summary: 
    +--------+----------+-----------+------------+
    |  Clock |  Target  | Estimated | Uncertainty|
    +--------+----------+-----------+------------+
    |ap_clk  |  18.00 ns|  13.140 ns|     4.86 ns|
    +--------+----------+-----------+------------+

+ Latency: 
    * Summary: 
    +---------+---------+-----------+----------+-----+-----+---------+
    |  Latency (cycles) |  Latency (absolute)  |  Interval | Pipeline|
    |   min   |   max   |    min    |    max   | min | max |   Type  |
    +---------+---------+-----------+----------+-----+-----+---------+
    |        2|       72|  36.000 ns|  1.296 us|    2|   72|       no|
    +---------+---------+-----------+----------+-----+-----+---------+

    + Detail: 
        * Instance: 
        N/A

        * Loop: 
        N/A



================================================================
== Utilization Estimates
================================================================
* Summary: 
+-----------------+---------+-----+--------+-------+-----+
|       Name      | BRAM_18K| DSP |   FF   |  LUT  | URAM|
+-----------------+---------+-----+--------+-------+-----+
|DSP              |        -|    -|       -|      -|    -|
|Expression       |        -|    -|       0|     17|    -|
|FIFO             |        -|    -|       -|      -|    -|
|Instance         |        -|    -|       -|      -|    -|
|Memory           |        -|    -|       -|      -|    -|
|Multiplexer      |        -|    -|       -|    421|    -|
|Register         |        -|    -|     403|      -|    -|
+-----------------+---------+-----+--------+-------+-----+
|Total            |        0|    0|     403|    438|    0|
+-----------------+---------+-----+--------+-------+-----+
|Available        |      280|  220|  106400|  53200|    0|
+-----------------+---------+-----+--------+-------+-----+
|Utilization (%)  |        0|    0|      ~0|     ~0|    0|
+-----------------+---------+-----+--------+-------+-----+

+ Detail: 
    * Instance: 
    N/A

    * DSP: 
    N/A

    * Memory: 
    N/A

    * FIFO: 
    N/A

    * Expression: 
    +----------------------+----------+----+---+----+------------+------------+
    |     Variable Name    | Operation| DSP| FF| LUT| Bitwidth P0| Bitwidth P1|
    +----------------------+----------+----+---+----+------------+------------+
    |ap_block_state2_io    |       and|   0|  0|   2|           1|           1|
    |ap_block_state73      |       and|   0|  0|   2|           1|           1|
    |icmp_ln526_fu_114_p2  |      icmp|   0|  0|  11|           8|           1|
    |ap_block_state1       |        or|   0|  0|   2|           1|           1|
    +----------------------+----------+----+---+----+------------+------------+
    |Total                 |          |   0|  0|  17|          11|           4|
    +----------------------+----------+----+---+----+------------+------------+

    * Multiplexer: 
    +--------------------+-----+-----------+-----+-----------+
    |        Name        | LUT | Input Size| Bits| Total Bits|
    +--------------------+-----+-----------+-----+-----------+
    |ap_NS_fsm           |  353|         74|    1|         74|
    |ap_done             |    9|          2|    1|          2|
    |copying             |   14|          3|    8|         24|
    |copying_preg        |    9|          2|    8|         16|
    |gmem_blk_n_AR       |    9|          2|    1|          2|
    |gmem_blk_n_R        |    9|          2|    1|          2|
    |sourceStream_blk_n  |    9|          2|    1|          2|
    |startCopy_blk_n     |    9|          2|    1|          2|
    +--------------------+-----+-----------+-----+-----------+
    |Total               |  421|         89|   22|        124|
    +--------------------+-----+-----------+-----+-----------+

    * Register: 
    +---------------------+-----+----+-----+-----------+
    |         Name        |  FF | LUT| Bits| Const Bits|
    +---------------------+-----+----+-----+-----------+
    |ap_CS_fsm            |   73|   0|   73|          0|
    |ap_done_reg          |    1|   0|    1|          0|
    |copying_preg         |    8|   0|    8|          0|
    |icmp_ln526_reg_173   |    1|   0|    1|          0|
    |tmp_47_reg_188       |   40|   0|   40|          0|
    |tmp_s_reg_183        |  256|   0|  256|          0|
    |trunc_ln174_reg_193  |   24|   0|   24|          0|
    +---------------------+-----+----+-----+-----------+
    |Total                |  403|   0|  403|          0|
    +---------------------+-----+----+-----+-----------+



================================================================
== Interface
================================================================
* Summary: 
+-----------------------------+-----+-----+--------------+--------------+--------------+
|          RTL Ports          | Dir | Bits|   Protocol   | Source Object|    C Type    |
+-----------------------------+-----+-----+--------------+--------------+--------------+
|ap_clk                       |   in|    1|  ap_ctrl_none|     read_data|  return value|
|ap_rst                       |   in|    1|  ap_ctrl_none|     read_data|  return value|
|ap_start                     |   in|    1|  ap_ctrl_none|     read_data|  return value|
|ap_done                      |  out|    1|  ap_ctrl_none|     read_data|  return value|
|ap_continue                  |   in|    1|  ap_ctrl_none|     read_data|  return value|
|ap_idle                      |  out|    1|  ap_ctrl_none|     read_data|  return value|
|ap_ready                     |  out|    1|  ap_ctrl_none|     read_data|  return value|
|sourceStream_din             |  out|  320|       ap_fifo|  sourceStream|       pointer|
|sourceStream_num_data_valid  |   in|    2|       ap_fifo|  sourceStream|       pointer|
|sourceStream_fifo_cap        |   in|    2|       ap_fifo|  sourceStream|       pointer|
|sourceStream_full_n          |   in|    1|       ap_fifo|  sourceStream|       pointer|
|sourceStream_write           |  out|    1|       ap_fifo|  sourceStream|       pointer|
|m_axi_gmem_AWVALID           |  out|    1|         m_axi|          gmem|       pointer|
|m_axi_gmem_AWREADY           |   in|    1|         m_axi|          gmem|       pointer|
|m_axi_gmem_AWADDR            |  out|   64|         m_axi|          gmem|       pointer|
|m_axi_gmem_AWID              |  out|    1|         m_axi|          gmem|       pointer|
|m_axi_gmem_AWLEN             |  out|   32|         m_axi|          gmem|       pointer|
|m_axi_gmem_AWSIZE            |  out|    3|         m_axi|          gmem|       pointer|
|m_axi_gmem_AWBURST           |  out|    2|         m_axi|          gmem|       pointer|
|m_axi_gmem_AWLOCK            |  out|    2|         m_axi|          gmem|       pointer|
|m_axi_gmem_AWCACHE           |  out|    4|         m_axi|          gmem|       pointer|
|m_axi_gmem_AWPROT            |  out|    3|         m_axi|          gmem|       pointer|
|m_axi_gmem_AWQOS             |  out|    4|         m_axi|          gmem|       pointer|
|m_axi_gmem_AWREGION          |  out|    4|         m_axi|          gmem|       pointer|
|m_axi_gmem_AWUSER            |  out|    1|         m_axi|          gmem|       pointer|
|m_axi_gmem_WVALID            |  out|    1|         m_axi|          gmem|       pointer|
|m_axi_gmem_WREADY            |   in|    1|         m_axi|          gmem|       pointer|
|m_axi_gmem_WDATA             |  out|  512|         m_axi|          gmem|       pointer|
|m_axi_gmem_WSTRB             |  out|   64|         m_axi|          gmem|       pointer|
|m_axi_gmem_WLAST             |  out|    1|         m_axi|          gmem|       pointer|
|m_axi_gmem_WID               |  out|    1|         m_axi|          gmem|       pointer|
|m_axi_gmem_WUSER             |  out|    1|         m_axi|          gmem|       pointer|
|m_axi_gmem_ARVALID           |  out|    1|         m_axi|          gmem|       pointer|
|m_axi_gmem_ARREADY           |   in|    1|         m_axi|          gmem|       pointer|
|m_axi_gmem_ARADDR            |  out|   64|         m_axi|          gmem|       pointer|
|m_axi_gmem_ARID              |  out|    1|         m_axi|          gmem|       pointer|
|m_axi_gmem_ARLEN             |  out|   32|         m_axi|          gmem|       pointer|
|m_axi_gmem_ARSIZE            |  out|    3|         m_axi|          gmem|       pointer|
|m_axi_gmem_ARBURST           |  out|    2|         m_axi|          gmem|       pointer|
|m_axi_gmem_ARLOCK            |  out|    2|         m_axi|          gmem|       pointer|
|m_axi_gmem_ARCACHE           |  out|    4|         m_axi|          gmem|       pointer|
|m_axi_gmem_ARPROT            |  out|    3|         m_axi|          gmem|       pointer|
|m_axi_gmem_ARQOS             |  out|    4|         m_axi|          gmem|       pointer|
|m_axi_gmem_ARREGION          |  out|    4|         m_axi|          gmem|       pointer|
|m_axi_gmem_ARUSER            |  out|    1|         m_axi|          gmem|       pointer|
|m_axi_gmem_RVALID            |   in|    1|         m_axi|          gmem|       pointer|
|m_axi_gmem_RREADY            |  out|    1|         m_axi|          gmem|       pointer|
|m_axi_gmem_RDATA             |   in|  512|         m_axi|          gmem|       pointer|
|m_axi_gmem_RLAST             |   in|    1|         m_axi|          gmem|       pointer|
|m_axi_gmem_RID               |   in|    1|         m_axi|          gmem|       pointer|
|m_axi_gmem_RFIFONUM          |   in|    9|         m_axi|          gmem|       pointer|
|m_axi_gmem_RUSER             |   in|    1|         m_axi|          gmem|       pointer|
|m_axi_gmem_RRESP             |   in|    2|         m_axi|          gmem|       pointer|
|m_axi_gmem_BVALID            |   in|    1|         m_axi|          gmem|       pointer|
|m_axi_gmem_BREADY            |  out|    1|         m_axi|          gmem|       pointer|
|m_axi_gmem_BRESP             |   in|    2|         m_axi|          gmem|       pointer|
|m_axi_gmem_BID               |   in|    1|         m_axi|          gmem|       pointer|
|m_axi_gmem_BUSER             |   in|    1|         m_axi|          gmem|       pointer|
|inputAOV                     |   in|   64|       ap_none|      inputAOV|        scalar|
|startCopy                    |   in|    8|         ap_hs|     startCopy|       pointer|
|startCopy_ap_vld             |   in|    1|         ap_hs|     startCopy|       pointer|
|startCopy_ap_ack             |  out|    1|         ap_hs|     startCopy|       pointer|
|copying                      |  out|    8|        ap_vld|       copying|       pointer|
|copying_ap_vld               |  out|    1|        ap_vld|       copying|       pointer|
+-----------------------------+-----+-----+--------------+--------------+--------------+

============================================================
+ Verbose Summary: Synthesis Manager
============================================================
InlineROM: 1
ExposeGlobal: 0
============================================================
+ Verbose Summary: CDFG Model
============================================================
IsTopModel: 0
ResetActiveHigh: 1
IsCombinational: 2
IsDatapathOnly: 0
HasWiredReturn: 1
HasMFsm: 0
HasVarLatency: 1
IsPipeline: 0
IsRtlPipelined: 0
IsInstanceOverlapped: 0
IsDontTouch: 0
HasImplIP: 0
IsGatedGlobalClock: 0


============================================================
+ Verbose Summary: Schedule
============================================================
* Number of FSM states : 73
* Pipeline : 0
* Dataflow Pipeline: 0

* FSM state transitions: 
1 --> 2 
2 --> 3 73 
3 --> 4 
4 --> 5 
5 --> 6 
6 --> 7 
7 --> 8 
8 --> 9 
9 --> 10 
10 --> 11 
11 --> 12 
12 --> 13 
13 --> 14 
14 --> 15 
15 --> 16 
16 --> 17 
17 --> 18 
18 --> 19 
19 --> 20 
20 --> 21 
21 --> 22 
22 --> 23 
23 --> 24 
24 --> 25 
25 --> 26 
26 --> 27 
27 --> 28 
28 --> 29 
29 --> 30 
30 --> 31 
31 --> 32 
32 --> 33 
33 --> 34 
34 --> 35 
35 --> 36 
36 --> 37 
37 --> 38 
38 --> 39 
39 --> 40 
40 --> 41 
41 --> 42 
42 --> 43 
43 --> 44 
44 --> 45 
45 --> 46 
46 --> 47 
47 --> 48 
48 --> 49 
49 --> 50 
50 --> 51 
51 --> 52 
52 --> 53 
53 --> 54 
54 --> 55 
55 --> 56 
56 --> 57 
57 --> 58 
58 --> 59 
59 --> 60 
60 --> 61 
61 --> 62 
62 --> 63 
63 --> 64 
64 --> 65 
65 --> 66 
66 --> 67 
67 --> 68 
68 --> 69 
69 --> 70 
70 --> 71 
71 --> 72 
72 --> 73 
73 --> 

* FSM state operations: 

State 1 <SV = 0> <Delay = 1.55>
ST_1 : Operation 74 [1/1] (0.00ns)   --->   "%startCopy_read = read i8 @_ssdm_op_Read.ap_auto.volatile.i8P0A, i8 %startCopy" [detector_solid/abs_solid_detector.cpp:526]   --->   Operation 74 'read' 'startCopy_read' <Predicate = true> <Delay = 0.00>
ST_1 : Operation 75 [1/1] (1.55ns)   --->   "%icmp_ln526 = icmp_eq  i8 %startCopy_read, i8 0" [detector_solid/abs_solid_detector.cpp:526]   --->   Operation 75 'icmp' 'icmp_ln526' <Predicate = true> <Delay = 1.55> <CoreInst = "Cmp">   --->   Core 9 'Cmp' <Latency = 0> <II = 1> <Delay = 1.55> <FuncUnit> <Opcode : 'icmp'> <InPorts = 2> <OutPorts = 1>

State 2 <SV = 1> <Delay = 13.1>
ST_2 : Operation 76 [1/1] (0.00ns)   --->   "%specstablecontent_ln0 = specstablecontent void @_ssdm_op_SpecStableContent, i512 %gmem, void "   --->   Operation 76 'specstablecontent' 'specstablecontent_ln0' <Predicate = true> <Delay = 0.00>
ST_2 : Operation 77 [1/1] (0.00ns)   --->   "%specinterface_ln0 = specinterface void @_ssdm_op_SpecInterface, i320 %sourceStream, void @empty_9, i32 0, i32 0, void @empty_29, i32 0, i32 0, void @empty_29, void @empty_29, void @empty_29, i32 0, i32 0, i32 0, i32 0, void @empty_29, void @empty_29, i32 4294967295, i32 0"   --->   Operation 77 'specinterface' 'specinterface_ln0' <Predicate = true> <Delay = 0.00>
ST_2 : Operation 78 [1/1] (0.00ns)   --->   "%specinterface_ln0 = specinterface void @_ssdm_op_SpecInterface, i512 %gmem, void @empty_28, i32 0, i32 0, void @empty_29, i32 64, i32 0, void @empty_30, void @empty_31, void @empty_29, i32 16, i32 16, i32 16, i32 16, void @empty_29, void @empty_29, i32 4294967295, i32 0"   --->   Operation 78 'specinterface' 'specinterface_ln0' <Predicate = true> <Delay = 0.00>
ST_2 : Operation 79 [1/1] (0.00ns)   --->   "%specinterface_ln525 = specinterface void @_ssdm_op_SpecInterface, i32 0, void @empty_24, i32 0, i32 0, void @empty_29, i32 0, i32 0, void @empty_29, void @empty_29, void @empty_29, i32 0, i32 0, i32 0, i32 0, void @empty_29, void @empty_29, i32 4294967295, i32 0" [detector_solid/abs_solid_detector.cpp:525]   --->   Operation 79 'specinterface' 'specinterface_ln525' <Predicate = true> <Delay = 0.00>
ST_2 : Operation 80 [1/1] (0.00ns)   --->   "%inputAOV_read = read i64 @_ssdm_op_Read.ap_auto.i64, i64 %inputAOV" [detector_solid/abs_solid_detector.cpp:519]   --->   Operation 80 'read' 'inputAOV_read' <Predicate = true> <Delay = 0.00>
ST_2 : Operation 81 [1/1] (0.00ns)   --->   "%br_ln526 = br i1 %icmp_ln526, void %if.then, void %if.end" [detector_solid/abs_solid_detector.cpp:526]   --->   Operation 81 'br' 'br_ln526' <Predicate = true> <Delay = 0.00>
ST_2 : Operation 82 [1/1] (0.00ns)   --->   "%p_cast = partselect i58 @_ssdm_op_PartSelect.i58.i64.i32.i32, i64 %inputAOV_read, i32 6, i32 63" [detector_solid/abs_solid_detector.cpp:519]   --->   Operation 82 'partselect' 'p_cast' <Predicate = (!icmp_ln526)> <Delay = 0.00>
ST_2 : Operation 83 [1/1] (0.00ns)   --->   "%p_cast_cast = sext i58 %p_cast" [detector_solid/abs_solid_detector.cpp:519]   --->   Operation 83 'sext' 'p_cast_cast' <Predicate = (!icmp_ln526)> <Delay = 0.00>
ST_2 : Operation 84 [1/1] (0.00ns)   --->   "%gmem_addr = getelementptr i512 %gmem, i64 %p_cast_cast" [detector_solid/abs_solid_detector.cpp:519]   --->   Operation 84 'getelementptr' 'gmem_addr' <Predicate = (!icmp_ln526)> <Delay = 0.00>
ST_2 : Operation 85 [70/70] (13.1ns)   --->   "%gmem_load_req = readreq i1 @_ssdm_op_ReadReq.m_axi.i512P1A, i64 %gmem_addr, i32 1" [detector_solid/abs_solid_detector.cpp:519]   --->   Operation 85 'readreq' 'gmem_load_req' <Predicate = (!icmp_ln526)> <Delay = 13.1> <CoreInst = "m_axi">   --->   Core 113 'm_axi' <Latency = 0> <II = 1> <Delay = 1.00> <Adapter> <Opcode : 'read' 'write' 'readreq' 'writereq' 'writeresp'>

State 3 <SV = 2> <Delay = 13.1>
ST_3 : Operation 86 [69/70] (13.1ns)   --->   "%gmem_load_req = readreq i1 @_ssdm_op_ReadReq.m_axi.i512P1A, i64 %gmem_addr, i32 1" [detector_solid/abs_solid_detector.cpp:519]   --->   Operation 86 'readreq' 'gmem_load_req' <Predicate = true> <Delay = 13.1> <CoreInst = "m_axi">   --->   Core 113 'm_axi' <Latency = 0> <II = 1> <Delay = 1.00> <Adapter> <Opcode : 'read' 'write' 'readreq' 'writereq' 'writeresp'>

State 4 <SV = 3> <Delay = 13.1>
ST_4 : Operation 87 [68/70] (13.1ns)   --->   "%gmem_load_req = readreq i1 @_ssdm_op_ReadReq.m_axi.i512P1A, i64 %gmem_addr, i32 1" [detector_solid/abs_solid_detector.cpp:519]   --->   Operation 87 'readreq' 'gmem_load_req' <Predicate = true> <Delay = 13.1> <CoreInst = "m_axi">   --->   Core 113 'm_axi' <Latency = 0> <II = 1> <Delay = 1.00> <Adapter> <Opcode : 'read' 'write' 'readreq' 'writereq' 'writeresp'>

State 5 <SV = 4> <Delay = 13.1>
ST_5 : Operation 88 [67/70] (13.1ns)   --->   "%gmem_load_req = readreq i1 @_ssdm_op_ReadReq.m_axi.i512P1A, i64 %gmem_addr, i32 1" [detector_solid/abs_solid_detector.cpp:519]   --->   Operation 88 'readreq' 'gmem_load_req' <Predicate = true> <Delay = 13.1> <CoreInst = "m_axi">   --->   Core 113 'm_axi' <Latency = 0> <II = 1> <Delay = 1.00> <Adapter> <Opcode : 'read' 'write' 'readreq' 'writereq' 'writeresp'>

State 6 <SV = 5> <Delay = 13.1>
ST_6 : Operation 89 [66/70] (13.1ns)   --->   "%gmem_load_req = readreq i1 @_ssdm_op_ReadReq.m_axi.i512P1A, i64 %gmem_addr, i32 1" [detector_solid/abs_solid_detector.cpp:519]   --->   Operation 89 'readreq' 'gmem_load_req' <Predicate = true> <Delay = 13.1> <CoreInst = "m_axi">   --->   Core 113 'm_axi' <Latency = 0> <II = 1> <Delay = 1.00> <Adapter> <Opcode : 'read' 'write' 'readreq' 'writereq' 'writeresp'>

State 7 <SV = 6> <Delay = 13.1>
ST_7 : Operation 90 [65/70] (13.1ns)   --->   "%gmem_load_req = readreq i1 @_ssdm_op_ReadReq.m_axi.i512P1A, i64 %gmem_addr, i32 1" [detector_solid/abs_solid_detector.cpp:519]   --->   Operation 90 'readreq' 'gmem_load_req' <Predicate = true> <Delay = 13.1> <CoreInst = "m_axi">   --->   Core 113 'm_axi' <Latency = 0> <II = 1> <Delay = 1.00> <Adapter> <Opcode : 'read' 'write' 'readreq' 'writereq' 'writeresp'>

State 8 <SV = 7> <Delay = 13.1>
ST_8 : Operation 91 [64/70] (13.1ns)   --->   "%gmem_load_req = readreq i1 @_ssdm_op_ReadReq.m_axi.i512P1A, i64 %gmem_addr, i32 1" [detector_solid/abs_solid_detector.cpp:519]   --->   Operation 91 'readreq' 'gmem_load_req' <Predicate = true> <Delay = 13.1> <CoreInst = "m_axi">   --->   Core 113 'm_axi' <Latency = 0> <II = 1> <Delay = 1.00> <Adapter> <Opcode : 'read' 'write' 'readreq' 'writereq' 'writeresp'>

State 9 <SV = 8> <Delay = 13.1>
ST_9 : Operation 92 [63/70] (13.1ns)   --->   "%gmem_load_req = readreq i1 @_ssdm_op_ReadReq.m_axi.i512P1A, i64 %gmem_addr, i32 1" [detector_solid/abs_solid_detector.cpp:519]   --->   Operation 92 'readreq' 'gmem_load_req' <Predicate = true> <Delay = 13.1> <CoreInst = "m_axi">   --->   Core 113 'm_axi' <Latency = 0> <II = 1> <Delay = 1.00> <Adapter> <Opcode : 'read' 'write' 'readreq' 'writereq' 'writeresp'>

State 10 <SV = 9> <Delay = 13.1>
ST_10 : Operation 93 [62/70] (13.1ns)   --->   "%gmem_load_req = readreq i1 @_ssdm_op_ReadReq.m_axi.i512P1A, i64 %gmem_addr, i32 1" [detector_solid/abs_solid_detector.cpp:519]   --->   Operation 93 'readreq' 'gmem_load_req' <Predicate = true> <Delay = 13.1> <CoreInst = "m_axi">   --->   Core 113 'm_axi' <Latency = 0> <II = 1> <Delay = 1.00> <Adapter> <Opcode : 'read' 'write' 'readreq' 'writereq' 'writeresp'>

State 11 <SV = 10> <Delay = 13.1>
ST_11 : Operation 94 [61/70] (13.1ns)   --->   "%gmem_load_req = readreq i1 @_ssdm_op_ReadReq.m_axi.i512P1A, i64 %gmem_addr, i32 1" [detector_solid/abs_solid_detector.cpp:519]   --->   Operation 94 'readreq' 'gmem_load_req' <Predicate = true> <Delay = 13.1> <CoreInst = "m_axi">   --->   Core 113 'm_axi' <Latency = 0> <II = 1> <Delay = 1.00> <Adapter> <Opcode : 'read' 'write' 'readreq' 'writereq' 'writeresp'>

State 12 <SV = 11> <Delay = 13.1>
ST_12 : Operation 95 [60/70] (13.1ns)   --->   "%gmem_load_req = readreq i1 @_ssdm_op_ReadReq.m_axi.i512P1A, i64 %gmem_addr, i32 1" [detector_solid/abs_solid_detector.cpp:519]   --->   Operation 95 'readreq' 'gmem_load_req' <Predicate = true> <Delay = 13.1> <CoreInst = "m_axi">   --->   Core 113 'm_axi' <Latency = 0> <II = 1> <Delay = 1.00> <Adapter> <Opcode : 'read' 'write' 'readreq' 'writereq' 'writeresp'>

State 13 <SV = 12> <Delay = 13.1>
ST_13 : Operation 96 [59/70] (13.1ns)   --->   "%gmem_load_req = readreq i1 @_ssdm_op_ReadReq.m_axi.i512P1A, i64 %gmem_addr, i32 1" [detector_solid/abs_solid_detector.cpp:519]   --->   Operation 96 'readreq' 'gmem_load_req' <Predicate = true> <Delay = 13.1> <CoreInst = "m_axi">   --->   Core 113 'm_axi' <Latency = 0> <II = 1> <Delay = 1.00> <Adapter> <Opcode : 'read' 'write' 'readreq' 'writereq' 'writeresp'>

State 14 <SV = 13> <Delay = 13.1>
ST_14 : Operation 97 [58/70] (13.1ns)   --->   "%gmem_load_req = readreq i1 @_ssdm_op_ReadReq.m_axi.i512P1A, i64 %gmem_addr, i32 1" [detector_solid/abs_solid_detector.cpp:519]   --->   Operation 97 'readreq' 'gmem_load_req' <Predicate = true> <Delay = 13.1> <CoreInst = "m_axi">   --->   Core 113 'm_axi' <Latency = 0> <II = 1> <Delay = 1.00> <Adapter> <Opcode : 'read' 'write' 'readreq' 'writereq' 'writeresp'>

State 15 <SV = 14> <Delay = 13.1>
ST_15 : Operation 98 [57/70] (13.1ns)   --->   "%gmem_load_req = readreq i1 @_ssdm_op_ReadReq.m_axi.i512P1A, i64 %gmem_addr, i32 1" [detector_solid/abs_solid_detector.cpp:519]   --->   Operation 98 'readreq' 'gmem_load_req' <Predicate = true> <Delay = 13.1> <CoreInst = "m_axi">   --->   Core 113 'm_axi' <Latency = 0> <II = 1> <Delay = 1.00> <Adapter> <Opcode : 'read' 'write' 'readreq' 'writereq' 'writeresp'>

State 16 <SV = 15> <Delay = 13.1>
ST_16 : Operation 99 [56/70] (13.1ns)   --->   "%gmem_load_req = readreq i1 @_ssdm_op_ReadReq.m_axi.i512P1A, i64 %gmem_addr, i32 1" [detector_solid/abs_solid_detector.cpp:519]   --->   Operation 99 'readreq' 'gmem_load_req' <Predicate = true> <Delay = 13.1> <CoreInst = "m_axi">   --->   Core 113 'm_axi' <Latency = 0> <II = 1> <Delay = 1.00> <Adapter> <Opcode : 'read' 'write' 'readreq' 'writereq' 'writeresp'>

State 17 <SV = 16> <Delay = 13.1>
ST_17 : Operation 100 [55/70] (13.1ns)   --->   "%gmem_load_req = readreq i1 @_ssdm_op_ReadReq.m_axi.i512P1A, i64 %gmem_addr, i32 1" [detector_solid/abs_solid_detector.cpp:519]   --->   Operation 100 'readreq' 'gmem_load_req' <Predicate = true> <Delay = 13.1> <CoreInst = "m_axi">   --->   Core 113 'm_axi' <Latency = 0> <II = 1> <Delay = 1.00> <Adapter> <Opcode : 'read' 'write' 'readreq' 'writereq' 'writeresp'>

State 18 <SV = 17> <Delay = 13.1>
ST_18 : Operation 101 [54/70] (13.1ns)   --->   "%gmem_load_req = readreq i1 @_ssdm_op_ReadReq.m_axi.i512P1A, i64 %gmem_addr, i32 1" [detector_solid/abs_solid_detector.cpp:519]   --->   Operation 101 'readreq' 'gmem_load_req' <Predicate = true> <Delay = 13.1> <CoreInst = "m_axi">   --->   Core 113 'm_axi' <Latency = 0> <II = 1> <Delay = 1.00> <Adapter> <Opcode : 'read' 'write' 'readreq' 'writereq' 'writeresp'>

State 19 <SV = 18> <Delay = 13.1>
ST_19 : Operation 102 [53/70] (13.1ns)   --->   "%gmem_load_req = readreq i1 @_ssdm_op_ReadReq.m_axi.i512P1A, i64 %gmem_addr, i32 1" [detector_solid/abs_solid_detector.cpp:519]   --->   Operation 102 'readreq' 'gmem_load_req' <Predicate = true> <Delay = 13.1> <CoreInst = "m_axi">   --->   Core 113 'm_axi' <Latency = 0> <II = 1> <Delay = 1.00> <Adapter> <Opcode : 'read' 'write' 'readreq' 'writereq' 'writeresp'>

State 20 <SV = 19> <Delay = 13.1>
ST_20 : Operation 103 [52/70] (13.1ns)   --->   "%gmem_load_req = readreq i1 @_ssdm_op_ReadReq.m_axi.i512P1A, i64 %gmem_addr, i32 1" [detector_solid/abs_solid_detector.cpp:519]   --->   Operation 103 'readreq' 'gmem_load_req' <Predicate = true> <Delay = 13.1> <CoreInst = "m_axi">   --->   Core 113 'm_axi' <Latency = 0> <II = 1> <Delay = 1.00> <Adapter> <Opcode : 'read' 'write' 'readreq' 'writereq' 'writeresp'>

State 21 <SV = 20> <Delay = 13.1>
ST_21 : Operation 104 [51/70] (13.1ns)   --->   "%gmem_load_req = readreq i1 @_ssdm_op_ReadReq.m_axi.i512P1A, i64 %gmem_addr, i32 1" [detector_solid/abs_solid_detector.cpp:519]   --->   Operation 104 'readreq' 'gmem_load_req' <Predicate = true> <Delay = 13.1> <CoreInst = "m_axi">   --->   Core 113 'm_axi' <Latency = 0> <II = 1> <Delay = 1.00> <Adapter> <Opcode : 'read' 'write' 'readreq' 'writereq' 'writeresp'>

State 22 <SV = 21> <Delay = 13.1>
ST_22 : Operation 105 [50/70] (13.1ns)   --->   "%gmem_load_req = readreq i1 @_ssdm_op_ReadReq.m_axi.i512P1A, i64 %gmem_addr, i32 1" [detector_solid/abs_solid_detector.cpp:519]   --->   Operation 105 'readreq' 'gmem_load_req' <Predicate = true> <Delay = 13.1> <CoreInst = "m_axi">   --->   Core 113 'm_axi' <Latency = 0> <II = 1> <Delay = 1.00> <Adapter> <Opcode : 'read' 'write' 'readreq' 'writereq' 'writeresp'>

State 23 <SV = 22> <Delay = 13.1>
ST_23 : Operation 106 [49/70] (13.1ns)   --->   "%gmem_load_req = readreq i1 @_ssdm_op_ReadReq.m_axi.i512P1A, i64 %gmem_addr, i32 1" [detector_solid/abs_solid_detector.cpp:519]   --->   Operation 106 'readreq' 'gmem_load_req' <Predicate = true> <Delay = 13.1> <CoreInst = "m_axi">   --->   Core 113 'm_axi' <Latency = 0> <II = 1> <Delay = 1.00> <Adapter> <Opcode : 'read' 'write' 'readreq' 'writereq' 'writeresp'>

State 24 <SV = 23> <Delay = 13.1>
ST_24 : Operation 107 [48/70] (13.1ns)   --->   "%gmem_load_req = readreq i1 @_ssdm_op_ReadReq.m_axi.i512P1A, i64 %gmem_addr, i32 1" [detector_solid/abs_solid_detector.cpp:519]   --->   Operation 107 'readreq' 'gmem_load_req' <Predicate = true> <Delay = 13.1> <CoreInst = "m_axi">   --->   Core 113 'm_axi' <Latency = 0> <II = 1> <Delay = 1.00> <Adapter> <Opcode : 'read' 'write' 'readreq' 'writereq' 'writeresp'>

State 25 <SV = 24> <Delay = 13.1>
ST_25 : Operation 108 [47/70] (13.1ns)   --->   "%gmem_load_req = readreq i1 @_ssdm_op_ReadReq.m_axi.i512P1A, i64 %gmem_addr, i32 1" [detector_solid/abs_solid_detector.cpp:519]   --->   Operation 108 'readreq' 'gmem_load_req' <Predicate = true> <Delay = 13.1> <CoreInst = "m_axi">   --->   Core 113 'm_axi' <Latency = 0> <II = 1> <Delay = 1.00> <Adapter> <Opcode : 'read' 'write' 'readreq' 'writereq' 'writeresp'>

State 26 <SV = 25> <Delay = 13.1>
ST_26 : Operation 109 [46/70] (13.1ns)   --->   "%gmem_load_req = readreq i1 @_ssdm_op_ReadReq.m_axi.i512P1A, i64 %gmem_addr, i32 1" [detector_solid/abs_solid_detector.cpp:519]   --->   Operation 109 'readreq' 'gmem_load_req' <Predicate = true> <Delay = 13.1> <CoreInst = "m_axi">   --->   Core 113 'm_axi' <Latency = 0> <II = 1> <Delay = 1.00> <Adapter> <Opcode : 'read' 'write' 'readreq' 'writereq' 'writeresp'>

State 27 <SV = 26> <Delay = 13.1>
ST_27 : Operation 110 [45/70] (13.1ns)   --->   "%gmem_load_req = readreq i1 @_ssdm_op_ReadReq.m_axi.i512P1A, i64 %gmem_addr, i32 1" [detector_solid/abs_solid_detector.cpp:519]   --->   Operation 110 'readreq' 'gmem_load_req' <Predicate = true> <Delay = 13.1> <CoreInst = "m_axi">   --->   Core 113 'm_axi' <Latency = 0> <II = 1> <Delay = 1.00> <Adapter> <Opcode : 'read' 'write' 'readreq' 'writereq' 'writeresp'>

State 28 <SV = 27> <Delay = 13.1>
ST_28 : Operation 111 [44/70] (13.1ns)   --->   "%gmem_load_req = readreq i1 @_ssdm_op_ReadReq.m_axi.i512P1A, i64 %gmem_addr, i32 1" [detector_solid/abs_solid_detector.cpp:519]   --->   Operation 111 'readreq' 'gmem_load_req' <Predicate = true> <Delay = 13.1> <CoreInst = "m_axi">   --->   Core 113 'm_axi' <Latency = 0> <II = 1> <Delay = 1.00> <Adapter> <Opcode : 'read' 'write' 'readreq' 'writereq' 'writeresp'>

State 29 <SV = 28> <Delay = 13.1>
ST_29 : Operation 112 [43/70] (13.1ns)   --->   "%gmem_load_req = readreq i1 @_ssdm_op_ReadReq.m_axi.i512P1A, i64 %gmem_addr, i32 1" [detector_solid/abs_solid_detector.cpp:519]   --->   Operation 112 'readreq' 'gmem_load_req' <Predicate = true> <Delay = 13.1> <CoreInst = "m_axi">   --->   Core 113 'm_axi' <Latency = 0> <II = 1> <Delay = 1.00> <Adapter> <Opcode : 'read' 'write' 'readreq' 'writereq' 'writeresp'>

State 30 <SV = 29> <Delay = 13.1>
ST_30 : Operation 113 [42/70] (13.1ns)   --->   "%gmem_load_req = readreq i1 @_ssdm_op_ReadReq.m_axi.i512P1A, i64 %gmem_addr, i32 1" [detector_solid/abs_solid_detector.cpp:519]   --->   Operation 113 'readreq' 'gmem_load_req' <Predicate = true> <Delay = 13.1> <CoreInst = "m_axi">   --->   Core 113 'm_axi' <Latency = 0> <II = 1> <Delay = 1.00> <Adapter> <Opcode : 'read' 'write' 'readreq' 'writereq' 'writeresp'>

State 31 <SV = 30> <Delay = 13.1>
ST_31 : Operation 114 [41/70] (13.1ns)   --->   "%gmem_load_req = readreq i1 @_ssdm_op_ReadReq.m_axi.i512P1A, i64 %gmem_addr, i32 1" [detector_solid/abs_solid_detector.cpp:519]   --->   Operation 114 'readreq' 'gmem_load_req' <Predicate = true> <Delay = 13.1> <CoreInst = "m_axi">   --->   Core 113 'm_axi' <Latency = 0> <II = 1> <Delay = 1.00> <Adapter> <Opcode : 'read' 'write' 'readreq' 'writereq' 'writeresp'>

State 32 <SV = 31> <Delay = 13.1>
ST_32 : Operation 115 [40/70] (13.1ns)   --->   "%gmem_load_req = readreq i1 @_ssdm_op_ReadReq.m_axi.i512P1A, i64 %gmem_addr, i32 1" [detector_solid/abs_solid_detector.cpp:519]   --->   Operation 115 'readreq' 'gmem_load_req' <Predicate = true> <Delay = 13.1> <CoreInst = "m_axi">   --->   Core 113 'm_axi' <Latency = 0> <II = 1> <Delay = 1.00> <Adapter> <Opcode : 'read' 'write' 'readreq' 'writereq' 'writeresp'>

State 33 <SV = 32> <Delay = 13.1>
ST_33 : Operation 116 [39/70] (13.1ns)   --->   "%gmem_load_req = readreq i1 @_ssdm_op_ReadReq.m_axi.i512P1A, i64 %gmem_addr, i32 1" [detector_solid/abs_solid_detector.cpp:519]   --->   Operation 116 'readreq' 'gmem_load_req' <Predicate = true> <Delay = 13.1> <CoreInst = "m_axi">   --->   Core 113 'm_axi' <Latency = 0> <II = 1> <Delay = 1.00> <Adapter> <Opcode : 'read' 'write' 'readreq' 'writereq' 'writeresp'>

State 34 <SV = 33> <Delay = 13.1>
ST_34 : Operation 117 [38/70] (13.1ns)   --->   "%gmem_load_req = readreq i1 @_ssdm_op_ReadReq.m_axi.i512P1A, i64 %gmem_addr, i32 1" [detector_solid/abs_solid_detector.cpp:519]   --->   Operation 117 'readreq' 'gmem_load_req' <Predicate = true> <Delay = 13.1> <CoreInst = "m_axi">   --->   Core 113 'm_axi' <Latency = 0> <II = 1> <Delay = 1.00> <Adapter> <Opcode : 'read' 'write' 'readreq' 'writereq' 'writeresp'>

State 35 <SV = 34> <Delay = 13.1>
ST_35 : Operation 118 [37/70] (13.1ns)   --->   "%gmem_load_req = readreq i1 @_ssdm_op_ReadReq.m_axi.i512P1A, i64 %gmem_addr, i32 1" [detector_solid/abs_solid_detector.cpp:519]   --->   Operation 118 'readreq' 'gmem_load_req' <Predicate = true> <Delay = 13.1> <CoreInst = "m_axi">   --->   Core 113 'm_axi' <Latency = 0> <II = 1> <Delay = 1.00> <Adapter> <Opcode : 'read' 'write' 'readreq' 'writereq' 'writeresp'>

State 36 <SV = 35> <Delay = 13.1>
ST_36 : Operation 119 [36/70] (13.1ns)   --->   "%gmem_load_req = readreq i1 @_ssdm_op_ReadReq.m_axi.i512P1A, i64 %gmem_addr, i32 1" [detector_solid/abs_solid_detector.cpp:519]   --->   Operation 119 'readreq' 'gmem_load_req' <Predicate = true> <Delay = 13.1> <CoreInst = "m_axi">   --->   Core 113 'm_axi' <Latency = 0> <II = 1> <Delay = 1.00> <Adapter> <Opcode : 'read' 'write' 'readreq' 'writereq' 'writeresp'>

State 37 <SV = 36> <Delay = 13.1>
ST_37 : Operation 120 [35/70] (13.1ns)   --->   "%gmem_load_req = readreq i1 @_ssdm_op_ReadReq.m_axi.i512P1A, i64 %gmem_addr, i32 1" [detector_solid/abs_solid_detector.cpp:519]   --->   Operation 120 'readreq' 'gmem_load_req' <Predicate = true> <Delay = 13.1> <CoreInst = "m_axi">   --->   Core 113 'm_axi' <Latency = 0> <II = 1> <Delay = 1.00> <Adapter> <Opcode : 'read' 'write' 'readreq' 'writereq' 'writeresp'>

State 38 <SV = 37> <Delay = 13.1>
ST_38 : Operation 121 [34/70] (13.1ns)   --->   "%gmem_load_req = readreq i1 @_ssdm_op_ReadReq.m_axi.i512P1A, i64 %gmem_addr, i32 1" [detector_solid/abs_solid_detector.cpp:519]   --->   Operation 121 'readreq' 'gmem_load_req' <Predicate = true> <Delay = 13.1> <CoreInst = "m_axi">   --->   Core 113 'm_axi' <Latency = 0> <II = 1> <Delay = 1.00> <Adapter> <Opcode : 'read' 'write' 'readreq' 'writereq' 'writeresp'>

State 39 <SV = 38> <Delay = 13.1>
ST_39 : Operation 122 [33/70] (13.1ns)   --->   "%gmem_load_req = readreq i1 @_ssdm_op_ReadReq.m_axi.i512P1A, i64 %gmem_addr, i32 1" [detector_solid/abs_solid_detector.cpp:519]   --->   Operation 122 'readreq' 'gmem_load_req' <Predicate = true> <Delay = 13.1> <CoreInst = "m_axi">   --->   Core 113 'm_axi' <Latency = 0> <II = 1> <Delay = 1.00> <Adapter> <Opcode : 'read' 'write' 'readreq' 'writereq' 'writeresp'>

State 40 <SV = 39> <Delay = 13.1>
ST_40 : Operation 123 [32/70] (13.1ns)   --->   "%gmem_load_req = readreq i1 @_ssdm_op_ReadReq.m_axi.i512P1A, i64 %gmem_addr, i32 1" [detector_solid/abs_solid_detector.cpp:519]   --->   Operation 123 'readreq' 'gmem_load_req' <Predicate = true> <Delay = 13.1> <CoreInst = "m_axi">   --->   Core 113 'm_axi' <Latency = 0> <II = 1> <Delay = 1.00> <Adapter> <Opcode : 'read' 'write' 'readreq' 'writereq' 'writeresp'>

State 41 <SV = 40> <Delay = 13.1>
ST_41 : Operation 124 [31/70] (13.1ns)   --->   "%gmem_load_req = readreq i1 @_ssdm_op_ReadReq.m_axi.i512P1A, i64 %gmem_addr, i32 1" [detector_solid/abs_solid_detector.cpp:519]   --->   Operation 124 'readreq' 'gmem_load_req' <Predicate = true> <Delay = 13.1> <CoreInst = "m_axi">   --->   Core 113 'm_axi' <Latency = 0> <II = 1> <Delay = 1.00> <Adapter> <Opcode : 'read' 'write' 'readreq' 'writereq' 'writeresp'>

State 42 <SV = 41> <Delay = 13.1>
ST_42 : Operation 125 [30/70] (13.1ns)   --->   "%gmem_load_req = readreq i1 @_ssdm_op_ReadReq.m_axi.i512P1A, i64 %gmem_addr, i32 1" [detector_solid/abs_solid_detector.cpp:519]   --->   Operation 125 'readreq' 'gmem_load_req' <Predicate = true> <Delay = 13.1> <CoreInst = "m_axi">   --->   Core 113 'm_axi' <Latency = 0> <II = 1> <Delay = 1.00> <Adapter> <Opcode : 'read' 'write' 'readreq' 'writereq' 'writeresp'>

State 43 <SV = 42> <Delay = 13.1>
ST_43 : Operation 126 [29/70] (13.1ns)   --->   "%gmem_load_req = readreq i1 @_ssdm_op_ReadReq.m_axi.i512P1A, i64 %gmem_addr, i32 1" [detector_solid/abs_solid_detector.cpp:519]   --->   Operation 126 'readreq' 'gmem_load_req' <Predicate = true> <Delay = 13.1> <CoreInst = "m_axi">   --->   Core 113 'm_axi' <Latency = 0> <II = 1> <Delay = 1.00> <Adapter> <Opcode : 'read' 'write' 'readreq' 'writereq' 'writeresp'>

State 44 <SV = 43> <Delay = 13.1>
ST_44 : Operation 127 [28/70] (13.1ns)   --->   "%gmem_load_req = readreq i1 @_ssdm_op_ReadReq.m_axi.i512P1A, i64 %gmem_addr, i32 1" [detector_solid/abs_solid_detector.cpp:519]   --->   Operation 127 'readreq' 'gmem_load_req' <Predicate = true> <Delay = 13.1> <CoreInst = "m_axi">   --->   Core 113 'm_axi' <Latency = 0> <II = 1> <Delay = 1.00> <Adapter> <Opcode : 'read' 'write' 'readreq' 'writereq' 'writeresp'>

State 45 <SV = 44> <Delay = 13.1>
ST_45 : Operation 128 [27/70] (13.1ns)   --->   "%gmem_load_req = readreq i1 @_ssdm_op_ReadReq.m_axi.i512P1A, i64 %gmem_addr, i32 1" [detector_solid/abs_solid_detector.cpp:519]   --->   Operation 128 'readreq' 'gmem_load_req' <Predicate = true> <Delay = 13.1> <CoreInst = "m_axi">   --->   Core 113 'm_axi' <Latency = 0> <II = 1> <Delay = 1.00> <Adapter> <Opcode : 'read' 'write' 'readreq' 'writereq' 'writeresp'>

State 46 <SV = 45> <Delay = 13.1>
ST_46 : Operation 129 [26/70] (13.1ns)   --->   "%gmem_load_req = readreq i1 @_ssdm_op_ReadReq.m_axi.i512P1A, i64 %gmem_addr, i32 1" [detector_solid/abs_solid_detector.cpp:519]   --->   Operation 129 'readreq' 'gmem_load_req' <Predicate = true> <Delay = 13.1> <CoreInst = "m_axi">   --->   Core 113 'm_axi' <Latency = 0> <II = 1> <Delay = 1.00> <Adapter> <Opcode : 'read' 'write' 'readreq' 'writereq' 'writeresp'>

State 47 <SV = 46> <Delay = 13.1>
ST_47 : Operation 130 [25/70] (13.1ns)   --->   "%gmem_load_req = readreq i1 @_ssdm_op_ReadReq.m_axi.i512P1A, i64 %gmem_addr, i32 1" [detector_solid/abs_solid_detector.cpp:519]   --->   Operation 130 'readreq' 'gmem_load_req' <Predicate = true> <Delay = 13.1> <CoreInst = "m_axi">   --->   Core 113 'm_axi' <Latency = 0> <II = 1> <Delay = 1.00> <Adapter> <Opcode : 'read' 'write' 'readreq' 'writereq' 'writeresp'>

State 48 <SV = 47> <Delay = 13.1>
ST_48 : Operation 131 [24/70] (13.1ns)   --->   "%gmem_load_req = readreq i1 @_ssdm_op_ReadReq.m_axi.i512P1A, i64 %gmem_addr, i32 1" [detector_solid/abs_solid_detector.cpp:519]   --->   Operation 131 'readreq' 'gmem_load_req' <Predicate = true> <Delay = 13.1> <CoreInst = "m_axi">   --->   Core 113 'm_axi' <Latency = 0> <II = 1> <Delay = 1.00> <Adapter> <Opcode : 'read' 'write' 'readreq' 'writereq' 'writeresp'>

State 49 <SV = 48> <Delay = 13.1>
ST_49 : Operation 132 [23/70] (13.1ns)   --->   "%gmem_load_req = readreq i1 @_ssdm_op_ReadReq.m_axi.i512P1A, i64 %gmem_addr, i32 1" [detector_solid/abs_solid_detector.cpp:519]   --->   Operation 132 'readreq' 'gmem_load_req' <Predicate = true> <Delay = 13.1> <CoreInst = "m_axi">   --->   Core 113 'm_axi' <Latency = 0> <II = 1> <Delay = 1.00> <Adapter> <Opcode : 'read' 'write' 'readreq' 'writereq' 'writeresp'>

State 50 <SV = 49> <Delay = 13.1>
ST_50 : Operation 133 [22/70] (13.1ns)   --->   "%gmem_load_req = readreq i1 @_ssdm_op_ReadReq.m_axi.i512P1A, i64 %gmem_addr, i32 1" [detector_solid/abs_solid_detector.cpp:519]   --->   Operation 133 'readreq' 'gmem_load_req' <Predicate = true> <Delay = 13.1> <CoreInst = "m_axi">   --->   Core 113 'm_axi' <Latency = 0> <II = 1> <Delay = 1.00> <Adapter> <Opcode : 'read' 'write' 'readreq' 'writereq' 'writeresp'>

State 51 <SV = 50> <Delay = 13.1>
ST_51 : Operation 134 [21/70] (13.1ns)   --->   "%gmem_load_req = readreq i1 @_ssdm_op_ReadReq.m_axi.i512P1A, i64 %gmem_addr, i32 1" [detector_solid/abs_solid_detector.cpp:519]   --->   Operation 134 'readreq' 'gmem_load_req' <Predicate = true> <Delay = 13.1> <CoreInst = "m_axi">   --->   Core 113 'm_axi' <Latency = 0> <II = 1> <Delay = 1.00> <Adapter> <Opcode : 'read' 'write' 'readreq' 'writereq' 'writeresp'>

State 52 <SV = 51> <Delay = 13.1>
ST_52 : Operation 135 [20/70] (13.1ns)   --->   "%gmem_load_req = readreq i1 @_ssdm_op_ReadReq.m_axi.i512P1A, i64 %gmem_addr, i32 1" [detector_solid/abs_solid_detector.cpp:519]   --->   Operation 135 'readreq' 'gmem_load_req' <Predicate = true> <Delay = 13.1> <CoreInst = "m_axi">   --->   Core 113 'm_axi' <Latency = 0> <II = 1> <Delay = 1.00> <Adapter> <Opcode : 'read' 'write' 'readreq' 'writereq' 'writeresp'>

State 53 <SV = 52> <Delay = 13.1>
ST_53 : Operation 136 [19/70] (13.1ns)   --->   "%gmem_load_req = readreq i1 @_ssdm_op_ReadReq.m_axi.i512P1A, i64 %gmem_addr, i32 1" [detector_solid/abs_solid_detector.cpp:519]   --->   Operation 136 'readreq' 'gmem_load_req' <Predicate = true> <Delay = 13.1> <CoreInst = "m_axi">   --->   Core 113 'm_axi' <Latency = 0> <II = 1> <Delay = 1.00> <Adapter> <Opcode : 'read' 'write' 'readreq' 'writereq' 'writeresp'>

State 54 <SV = 53> <Delay = 13.1>
ST_54 : Operation 137 [18/70] (13.1ns)   --->   "%gmem_load_req = readreq i1 @_ssdm_op_ReadReq.m_axi.i512P1A, i64 %gmem_addr, i32 1" [detector_solid/abs_solid_detector.cpp:519]   --->   Operation 137 'readreq' 'gmem_load_req' <Predicate = true> <Delay = 13.1> <CoreInst = "m_axi">   --->   Core 113 'm_axi' <Latency = 0> <II = 1> <Delay = 1.00> <Adapter> <Opcode : 'read' 'write' 'readreq' 'writereq' 'writeresp'>

State 55 <SV = 54> <Delay = 13.1>
ST_55 : Operation 138 [17/70] (13.1ns)   --->   "%gmem_load_req = readreq i1 @_ssdm_op_ReadReq.m_axi.i512P1A, i64 %gmem_addr, i32 1" [detector_solid/abs_solid_detector.cpp:519]   --->   Operation 138 'readreq' 'gmem_load_req' <Predicate = true> <Delay = 13.1> <CoreInst = "m_axi">   --->   Core 113 'm_axi' <Latency = 0> <II = 1> <Delay = 1.00> <Adapter> <Opcode : 'read' 'write' 'readreq' 'writereq' 'writeresp'>

State 56 <SV = 55> <Delay = 13.1>
ST_56 : Operation 139 [16/70] (13.1ns)   --->   "%gmem_load_req = readreq i1 @_ssdm_op_ReadReq.m_axi.i512P1A, i64 %gmem_addr, i32 1" [detector_solid/abs_solid_detector.cpp:519]   --->   Operation 139 'readreq' 'gmem_load_req' <Predicate = true> <Delay = 13.1> <CoreInst = "m_axi">   --->   Core 113 'm_axi' <Latency = 0> <II = 1> <Delay = 1.00> <Adapter> <Opcode : 'read' 'write' 'readreq' 'writereq' 'writeresp'>

State 57 <SV = 56> <Delay = 13.1>
ST_57 : Operation 140 [15/70] (13.1ns)   --->   "%gmem_load_req = readreq i1 @_ssdm_op_ReadReq.m_axi.i512P1A, i64 %gmem_addr, i32 1" [detector_solid/abs_solid_detector.cpp:519]   --->   Operation 140 'readreq' 'gmem_load_req' <Predicate = true> <Delay = 13.1> <CoreInst = "m_axi">   --->   Core 113 'm_axi' <Latency = 0> <II = 1> <Delay = 1.00> <Adapter> <Opcode : 'read' 'write' 'readreq' 'writereq' 'writeresp'>

State 58 <SV = 57> <Delay = 13.1>
ST_58 : Operation 141 [14/70] (13.1ns)   --->   "%gmem_load_req = readreq i1 @_ssdm_op_ReadReq.m_axi.i512P1A, i64 %gmem_addr, i32 1" [detector_solid/abs_solid_detector.cpp:519]   --->   Operation 141 'readreq' 'gmem_load_req' <Predicate = true> <Delay = 13.1> <CoreInst = "m_axi">   --->   Core 113 'm_axi' <Latency = 0> <II = 1> <Delay = 1.00> <Adapter> <Opcode : 'read' 'write' 'readreq' 'writereq' 'writeresp'>

State 59 <SV = 58> <Delay = 13.1>
ST_59 : Operation 142 [13/70] (13.1ns)   --->   "%gmem_load_req = readreq i1 @_ssdm_op_ReadReq.m_axi.i512P1A, i64 %gmem_addr, i32 1" [detector_solid/abs_solid_detector.cpp:519]   --->   Operation 142 'readreq' 'gmem_load_req' <Predicate = true> <Delay = 13.1> <CoreInst = "m_axi">   --->   Core 113 'm_axi' <Latency = 0> <II = 1> <Delay = 1.00> <Adapter> <Opcode : 'read' 'write' 'readreq' 'writereq' 'writeresp'>

State 60 <SV = 59> <Delay = 13.1>
ST_60 : Operation 143 [12/70] (13.1ns)   --->   "%gmem_load_req = readreq i1 @_ssdm_op_ReadReq.m_axi.i512P1A, i64 %gmem_addr, i32 1" [detector_solid/abs_solid_detector.cpp:519]   --->   Operation 143 'readreq' 'gmem_load_req' <Predicate = true> <Delay = 13.1> <CoreInst = "m_axi">   --->   Core 113 'm_axi' <Latency = 0> <II = 1> <Delay = 1.00> <Adapter> <Opcode : 'read' 'write' 'readreq' 'writereq' 'writeresp'>

State 61 <SV = 60> <Delay = 13.1>
ST_61 : Operation 144 [11/70] (13.1ns)   --->   "%gmem_load_req = readreq i1 @_ssdm_op_ReadReq.m_axi.i512P1A, i64 %gmem_addr, i32 1" [detector_solid/abs_solid_detector.cpp:519]   --->   Operation 144 'readreq' 'gmem_load_req' <Predicate = true> <Delay = 13.1> <CoreInst = "m_axi">   --->   Core 113 'm_axi' <Latency = 0> <II = 1> <Delay = 1.00> <Adapter> <Opcode : 'read' 'write' 'readreq' 'writereq' 'writeresp'>

State 62 <SV = 61> <Delay = 13.1>
ST_62 : Operation 145 [10/70] (13.1ns)   --->   "%gmem_load_req = readreq i1 @_ssdm_op_ReadReq.m_axi.i512P1A, i64 %gmem_addr, i32 1" [detector_solid/abs_solid_detector.cpp:519]   --->   Operation 145 'readreq' 'gmem_load_req' <Predicate = true> <Delay = 13.1> <CoreInst = "m_axi">   --->   Core 113 'm_axi' <Latency = 0> <II = 1> <Delay = 1.00> <Adapter> <Opcode : 'read' 'write' 'readreq' 'writereq' 'writeresp'>

State 63 <SV = 62> <Delay = 13.1>
ST_63 : Operation 146 [9/70] (13.1ns)   --->   "%gmem_load_req = readreq i1 @_ssdm_op_ReadReq.m_axi.i512P1A, i64 %gmem_addr, i32 1" [detector_solid/abs_solid_detector.cpp:519]   --->   Operation 146 'readreq' 'gmem_load_req' <Predicate = true> <Delay = 13.1> <CoreInst = "m_axi">   --->   Core 113 'm_axi' <Latency = 0> <II = 1> <Delay = 1.00> <Adapter> <Opcode : 'read' 'write' 'readreq' 'writereq' 'writeresp'>

State 64 <SV = 63> <Delay = 13.1>
ST_64 : Operation 147 [8/70] (13.1ns)   --->   "%gmem_load_req = readreq i1 @_ssdm_op_ReadReq.m_axi.i512P1A, i64 %gmem_addr, i32 1" [detector_solid/abs_solid_detector.cpp:519]   --->   Operation 147 'readreq' 'gmem_load_req' <Predicate = true> <Delay = 13.1> <CoreInst = "m_axi">   --->   Core 113 'm_axi' <Latency = 0> <II = 1> <Delay = 1.00> <Adapter> <Opcode : 'read' 'write' 'readreq' 'writereq' 'writeresp'>

State 65 <SV = 64> <Delay = 13.1>
ST_65 : Operation 148 [7/70] (13.1ns)   --->   "%gmem_load_req = readreq i1 @_ssdm_op_ReadReq.m_axi.i512P1A, i64 %gmem_addr, i32 1" [detector_solid/abs_solid_detector.cpp:519]   --->   Operation 148 'readreq' 'gmem_load_req' <Predicate = true> <Delay = 13.1> <CoreInst = "m_axi">   --->   Core 113 'm_axi' <Latency = 0> <II = 1> <Delay = 1.00> <Adapter> <Opcode : 'read' 'write' 'readreq' 'writereq' 'writeresp'>

State 66 <SV = 65> <Delay = 13.1>
ST_66 : Operation 149 [6/70] (13.1ns)   --->   "%gmem_load_req = readreq i1 @_ssdm_op_ReadReq.m_axi.i512P1A, i64 %gmem_addr, i32 1" [detector_solid/abs_solid_detector.cpp:519]   --->   Operation 149 'readreq' 'gmem_load_req' <Predicate = true> <Delay = 13.1> <CoreInst = "m_axi">   --->   Core 113 'm_axi' <Latency = 0> <II = 1> <Delay = 1.00> <Adapter> <Opcode : 'read' 'write' 'readreq' 'writereq' 'writeresp'>

State 67 <SV = 66> <Delay = 13.1>
ST_67 : Operation 150 [5/70] (13.1ns)   --->   "%gmem_load_req = readreq i1 @_ssdm_op_ReadReq.m_axi.i512P1A, i64 %gmem_addr, i32 1" [detector_solid/abs_solid_detector.cpp:519]   --->   Operation 150 'readreq' 'gmem_load_req' <Predicate = true> <Delay = 13.1> <CoreInst = "m_axi">   --->   Core 113 'm_axi' <Latency = 0> <II = 1> <Delay = 1.00> <Adapter> <Opcode : 'read' 'write' 'readreq' 'writereq' 'writeresp'>

State 68 <SV = 67> <Delay = 13.1>
ST_68 : Operation 151 [4/70] (13.1ns)   --->   "%gmem_load_req = readreq i1 @_ssdm_op_ReadReq.m_axi.i512P1A, i64 %gmem_addr, i32 1" [detector_solid/abs_solid_detector.cpp:519]   --->   Operation 151 'readreq' 'gmem_load_req' <Predicate = true> <Delay = 13.1> <CoreInst = "m_axi">   --->   Core 113 'm_axi' <Latency = 0> <II = 1> <Delay = 1.00> <Adapter> <Opcode : 'read' 'write' 'readreq' 'writereq' 'writeresp'>

State 69 <SV = 68> <Delay = 13.1>
ST_69 : Operation 152 [3/70] (13.1ns)   --->   "%gmem_load_req = readreq i1 @_ssdm_op_ReadReq.m_axi.i512P1A, i64 %gmem_addr, i32 1" [detector_solid/abs_solid_detector.cpp:519]   --->   Operation 152 'readreq' 'gmem_load_req' <Predicate = true> <Delay = 13.1> <CoreInst = "m_axi">   --->   Core 113 'm_axi' <Latency = 0> <II = 1> <Delay = 1.00> <Adapter> <Opcode : 'read' 'write' 'readreq' 'writereq' 'writeresp'>

State 70 <SV = 69> <Delay = 13.1>
ST_70 : Operation 153 [2/70] (13.1ns)   --->   "%gmem_load_req = readreq i1 @_ssdm_op_ReadReq.m_axi.i512P1A, i64 %gmem_addr, i32 1" [detector_solid/abs_solid_detector.cpp:519]   --->   Operation 153 'readreq' 'gmem_load_req' <Predicate = true> <Delay = 13.1> <CoreInst = "m_axi">   --->   Core 113 'm_axi' <Latency = 0> <II = 1> <Delay = 1.00> <Adapter> <Opcode : 'read' 'write' 'readreq' 'writereq' 'writeresp'>

State 71 <SV = 70> <Delay = 13.1>
ST_71 : Operation 154 [1/70] (13.1ns)   --->   "%gmem_load_req = readreq i1 @_ssdm_op_ReadReq.m_axi.i512P1A, i64 %gmem_addr, i32 1" [detector_solid/abs_solid_detector.cpp:519]   --->   Operation 154 'readreq' 'gmem_load_req' <Predicate = true> <Delay = 13.1> <CoreInst = "m_axi">   --->   Core 113 'm_axi' <Latency = 0> <II = 1> <Delay = 1.00> <Adapter> <Opcode : 'read' 'write' 'readreq' 'writereq' 'writeresp'>

State 72 <SV = 71> <Delay = 13.1>
ST_72 : Operation 155 [1/1] (0.00ns)   --->   "%write_ln514 = write void @_ssdm_op_Write.ap_auto.volatile.i8P0A, i8 %copying, i8 255" [detector_solid/abs_solid_detector.cpp:514]   --->   Operation 155 'write' 'write_ln514' <Predicate = true> <Delay = 0.00>
ST_72 : Operation 156 [1/1] (13.1ns)   --->   "%gmem_addr_read = read i512 @_ssdm_op_Read.m_axi.i512P1A, i64 %gmem_addr" [detector_solid/abs_solid_detector.cpp:519]   --->   Operation 156 'read' 'gmem_addr_read' <Predicate = true> <Delay = 13.1> <CoreInst = "m_axi">   --->   Core 113 'm_axi' <Latency = 0> <II = 1> <Delay = 1.00> <Adapter> <Opcode : 'read' 'write' 'readreq' 'writereq' 'writeresp'>
ST_72 : Operation 157 [1/1] (0.00ns)   --->   "%tmp_s = partselect i256 @_ssdm_op_PartSelect.i256.i512.i32.i32, i512 %gmem_addr_read, i32 96, i32 351" [C:/Xilinx/Vitis_HLS/2022.1/common/technology/autopilot/hls_stream_39.h:174]   --->   Operation 157 'partselect' 'tmp_s' <Predicate = true> <Delay = 0.00>
ST_72 : Operation 158 [1/1] (0.00ns)   --->   "%tmp_47 = partselect i40 @_ssdm_op_PartSelect.i40.i512.i32.i32, i512 %gmem_addr_read, i32 32, i32 71" [C:/Xilinx/Vitis_HLS/2022.1/common/technology/autopilot/hls_stream_39.h:174]   --->   Operation 158 'partselect' 'tmp_47' <Predicate = true> <Delay = 0.00>
ST_72 : Operation 159 [1/1] (0.00ns)   --->   "%trunc_ln174 = trunc i512 %gmem_addr_read" [C:/Xilinx/Vitis_HLS/2022.1/common/technology/autopilot/hls_stream_39.h:174]   --->   Operation 159 'trunc' 'trunc_ln174' <Predicate = true> <Delay = 0.00>

State 73 <SV = 72> <Delay = 3.63>
ST_73 : Operation 160 [1/1] (0.00ns)   --->   "%write_ln516 = write void @_ssdm_op_Write.ap_auto.volatile.i8P0A, i8 %copying, i8 0" [detector_solid/abs_solid_detector.cpp:516]   --->   Operation 160 'write' 'write_ln516' <Predicate = (!icmp_ln526)> <Delay = 0.00>
ST_73 : Operation 161 [1/1] (0.00ns)   --->   "%p_0 = bitconcatenate i320 @_ssdm_op_BitConcatenate.i320.i256.i40.i24, i256 %tmp_s, i40 %tmp_47, i24 %trunc_ln174" [C:/Xilinx/Vitis_HLS/2022.1/common/technology/autopilot/hls_stream_39.h:174]   --->   Operation 161 'bitconcatenate' 'p_0' <Predicate = (!icmp_ln526)> <Delay = 0.00>
ST_73 : Operation 162 [1/1] (3.63ns)   --->   "%write_ln174 = write void @_ssdm_op_Write.ap_fifo.volatile.i320P0A, i320 %sourceStream, i320 %p_0" [C:/Xilinx/Vitis_HLS/2022.1/common/technology/autopilot/hls_stream_39.h:174]   --->   Operation 162 'write' 'write_ln174' <Predicate = (!icmp_ln526)> <Delay = 3.63> <CoreInst = "FIFO_SRL">   --->   Core 81 'FIFO_SRL' <Latency = 0> <II = 1> <Delay = 3.63> <Storage> <Opcode : 'read' 'write' 'nbread' 'nbwrite'> <Ports = 0> <Width = 320> <Depth = 1> <FIFO>
ST_73 : Operation 163 [1/1] (0.00ns)   --->   "%br_ln533 = br void %if.end" [detector_solid/abs_solid_detector.cpp:533]   --->   Operation 163 'br' 'br_ln533' <Predicate = (!icmp_ln526)> <Delay = 0.00>
ST_73 : Operation 164 [1/1] (0.00ns)   --->   "%ret_ln534 = ret" [detector_solid/abs_solid_detector.cpp:534]   --->   Operation 164 'ret' 'ret_ln534' <Predicate = true> <Delay = 0.00>


============================================================
+ Verbose Summary: Binding
============================================================
STG Binding: 
---------------- STG Properties BEGIN ----------------
- Is combinational: 0
- Is one-state seq: 0
- Is datapath-only: 0
- Is pipelined: 0
- Is top level: 0
Port [ Return ] is wired: 1; IO mode=ap_ctrl_none:ce=0
Port [ sourceStream]:  wired=1; compound=1; hidden=0; nouse=0; global=0; static=0; extern=0; dir=1; type=3; pingpong=0; private_global=0; IO mode=ap_fifo:ce=0
Port [ gmem]:  wired=1; compound=1; hidden=0; nouse=0; global=0; static=0; extern=0; dir=0; type=4; pingpong=0; private_global=0; IO mode=m_axi:ce=0
Port [ inputAOV]:  wired=1; compound=0; hidden=0; nouse=0; global=0; static=0; extern=0; dir=0; type=0; pingpong=0; private_global=0; IO mode=ap_none:ce=0
Port [ startCopy]:  wired=1; compound=0; hidden=0; nouse=0; global=0; static=0; extern=0; dir=0; type=0; pingpong=0; private_global=0; IO mode=ap_hs:ce=0
Port [ copying]:  wired=1; compound=0; hidden=0; nouse=0; global=0; static=0; extern=0; dir=1; type=0; pingpong=0; private_global=0; IO mode=ap_vld:ce=0
---------------- STG Properties END ------------------

---------------- Datapath Model BEGIN ----------------

<LifeTime>
<method=bitvector/>
startCopy_read        (read             ) [ 00000000000000000000000000000000000000000000000000000000000000000000000000]
icmp_ln526            (icmp             ) [ 00111111111111111111111111111111111111111111111111111111111111111111111111]
specstablecontent_ln0 (specstablecontent) [ 00000000000000000000000000000000000000000000000000000000000000000000000000]
specinterface_ln0     (specinterface    ) [ 00000000000000000000000000000000000000000000000000000000000000000000000000]
specinterface_ln0     (specinterface    ) [ 00000000000000000000000000000000000000000000000000000000000000000000000000]
specinterface_ln525   (specinterface    ) [ 00000000000000000000000000000000000000000000000000000000000000000000000000]
inputAOV_read         (read             ) [ 00000000000000000000000000000000000000000000000000000000000000000000000000]
br_ln526              (br               ) [ 00000000000000000000000000000000000000000000000000000000000000000000000000]
p_cast                (partselect       ) [ 00000000000000000000000000000000000000000000000000000000000000000000000000]
p_cast_cast           (sext             ) [ 00000000000000000000000000000000000000000000000000000000000000000000000000]
gmem_addr             (getelementptr    ) [ 00011111111111111111111111111111111111111111111111111111111111111111111110]
gmem_load_req         (readreq          ) [ 00000000000000000000000000000000000000000000000000000000000000000000000000]
write_ln514           (write            ) [ 00000000000000000000000000000000000000000000000000000000000000000000000000]
gmem_addr_read        (read             ) [ 00000000000000000000000000000000000000000000000000000000000000000000000000]
tmp_s                 (partselect       ) [ 00000000000000000000000000000000000000000000000000000000000000000000000001]
tmp_47                (partselect       ) [ 00000000000000000000000000000000000000000000000000000000000000000000000001]
trunc_ln174           (trunc            ) [ 00000000000000000000000000000000000000000000000000000000000000000000000001]
write_ln516           (write            ) [ 00000000000000000000000000000000000000000000000000000000000000000000000000]
p_0                   (bitconcatenate   ) [ 00000000000000000000000000000000000000000000000000000000000000000000000000]
write_ln174           (write            ) [ 00000000000000000000000000000000000000000000000000000000000000000000000000]
br_ln533              (br               ) [ 00000000000000000000000000000000000000000000000000000000000000000000000000]
ret_ln534             (ret              ) [ 00000000000000000000000000000000000000000000000000000000000000000000000000]
</LifeTime>

<model>

<comp_list>
<comp id="0" class="1000" name="sourceStream">
<pin_list>
<pin id="1" dir="1" index="0" bw="1" slack="0"/>
</pin_list>
<bind>
<StgValue><ssdm name="sourceStream"/></StgValue>
</bind>
</comp>

<comp id="2" class="1000" name="gmem">
<pin_list>
<pin id="3" dir="1" index="0" bw="1" slack="0"/>
</pin_list>
<bind>
<StgValue><ssdm name="gmem"/></StgValue>
</bind>
</comp>

<comp id="4" class="1000" name="inputAOV">
<pin_list>
<pin id="5" dir="1" index="0" bw="1" slack="0"/>
</pin_list>
<bind>
<StgValue><ssdm name="inputAOV"/></StgValue>
</bind>
</comp>

<comp id="6" class="1000" name="startCopy">
<pin_list>
<pin id="7" dir="1" index="0" bw="1" slack="0"/>
</pin_list>
<bind>
<StgValue><ssdm name="startCopy"/></StgValue>
</bind>
</comp>

<comp id="8" class="1000" name="copying">
<pin_list>
<pin id="9" dir="1" index="0" bw="1" slack="0"/>
</pin_list>
<bind>
<StgValue><ssdm name="copying"/></StgValue>
</bind>
</comp>

<comp id="10" class="1001" name="const_10">
<pin_list>
<pin id="11" dir="1" index="0" bw="1" slack="0"/>
</pin_list>
<bind>
<StgValue><ssdm name="_ssdm_op_Read.ap_auto.volatile.i8P0A"/></StgValue>
</bind>
</comp>

<comp id="12" class="1001" name="const_12">
<pin_list>
<pin id="13" dir="1" index="0" bw="1" slack="0"/>
</pin_list>
<bind>
<StgValue><ssdm name=""/></StgValue>
</bind>
</comp>

<comp id="14" class="1001" name="const_14">
<pin_list>
<pin id="15" dir="1" index="0" bw="1" slack="2147483647"/>
</pin_list>
<bind>
<StgValue><ssdm name="_ssdm_op_SpecStableContent"/></StgValue>
</bind>
</comp>

<comp id="16" class="1001" name="const_16">
<pin_list>
<pin id="17" dir="1" index="0" bw="1" slack="2147483647"/>
</pin_list>
<bind>
<StgValue><ssdm name=""/></StgValue>
</bind>
</comp>

<comp id="18" class="1001" name="const_18">
<pin_list>
<pin id="19" dir="1" index="0" bw="1" slack="2147483647"/>
</pin_list>
<bind>
<StgValue><ssdm name="_ssdm_op_SpecInterface"/></StgValue>
</bind>
</comp>

<comp id="20" class="1001" name="const_20">
<pin_list>
<pin id="21" dir="1" index="0" bw="1" slack="2147483647"/>
</pin_list>
<bind>
<StgValue><ssdm name="empty_9"/></StgValue>
</bind>
</comp>

<comp id="22" class="1001" name="const_22">
<pin_list>
<pin id="23" dir="1" index="0" bw="1" slack="2147483647"/>
</pin_list>
<bind>
<StgValue><ssdm name=""/></StgValue>
</bind>
</comp>

<comp id="24" class="1001" name="const_24">
<pin_list>
<pin id="25" dir="1" index="0" bw="1" slack="2147483647"/>
</pin_list>
<bind>
<StgValue><ssdm name="empty_29"/></StgValue>
</bind>
</comp>

<comp id="26" class="1001" name="const_26">
<pin_list>
<pin id="27" dir="1" index="0" bw="1" slack="2147483647"/>
</pin_list>
<bind>
<StgValue><ssdm name=""/></StgValue>
</bind>
</comp>

<comp id="28" class="1001" name="const_28">
<pin_list>
<pin id="29" dir="1" index="0" bw="1" slack="2147483647"/>
</pin_list>
<bind>
<StgValue><ssdm name="empty_28"/></StgValue>
</bind>
</comp>

<comp id="30" class="1001" name="const_30">
<pin_list>
<pin id="31" dir="1" index="0" bw="1" slack="2147483647"/>
</pin_list>
<bind>
<StgValue><ssdm name=""/></StgValue>
</bind>
</comp>

<comp id="32" class="1001" name="const_32">
<pin_list>
<pin id="33" dir="1" index="0" bw="1" slack="2147483647"/>
</pin_list>
<bind>
<StgValue><ssdm name="empty_30"/></StgValue>
</bind>
</comp>

<comp id="34" class="1001" name="const_34">
<pin_list>
<pin id="35" dir="1" index="0" bw="1" slack="2147483647"/>
</pin_list>
<bind>
<StgValue><ssdm name="empty_31"/></StgValue>
</bind>
</comp>

<comp id="36" class="1001" name="const_36">
<pin_list>
<pin id="37" dir="1" index="0" bw="1" slack="2147483647"/>
</pin_list>
<bind>
<StgValue><ssdm name=""/></StgValue>
</bind>
</comp>

<comp id="38" class="1001" name="const_38">
<pin_list>
<pin id="39" dir="1" index="0" bw="1" slack="2147483647"/>
</pin_list>
<bind>
<StgValue><ssdm name="empty_24"/></StgValue>
</bind>
</comp>

<comp id="40" class="1001" name="const_40">
<pin_list>
<pin id="41" dir="1" index="0" bw="1" slack="0"/>
</pin_list>
<bind>
<StgValue><ssdm name="_ssdm_op_Read.ap_auto.i64"/></StgValue>
</bind>
</comp>

<comp id="42" class="1001" name="const_42">
<pin_list>
<pin id="43" dir="1" index="0" bw="1" slack="0"/>
</pin_list>
<bind>
<StgValue><ssdm name="_ssdm_op_PartSelect.i58.i64.i32.i32"/></StgValue>
</bind>
</comp>

<comp id="44" class="1001" name="const_44">
<pin_list>
<pin id="45" dir="1" index="0" bw="1" slack="0"/>
</pin_list>
<bind>
<StgValue><ssdm name=""/></StgValue>
</bind>
</comp>

<comp id="46" class="1001" name="const_46">
<pin_list>
<pin id="47" dir="1" index="0" bw="1" slack="0"/>
</pin_list>
<bind>
<StgValue><ssdm name=""/></StgValue>
</bind>
</comp>

<comp id="48" class="1001" name="const_48">
<pin_list>
<pin id="49" dir="1" index="0" bw="1" slack="0"/>
</pin_list>
<bind>
<StgValue><ssdm name="_ssdm_op_ReadReq.m_axi.i512P1A"/></StgValue>
</bind>
</comp>

<comp id="50" class="1001" name="const_50">
<pin_list>
<pin id="51" dir="1" index="0" bw="1" slack="0"/>
</pin_list>
<bind>
<StgValue><ssdm name=""/></StgValue>
</bind>
</comp>

<comp id="52" class="1001" name="const_52">
<pin_list>
<pin id="53" dir="1" index="0" bw="1" slack="0"/>
</pin_list>
<bind>
<StgValue><ssdm name="_ssdm_op_Write.ap_auto.volatile.i8P0A"/></StgValue>
</bind>
</comp>

<comp id="54" class="1001" name="const_54">
<pin_list>
<pin id="55" dir="1" index="0" bw="1" slack="0"/>
</pin_list>
<bind>
<StgValue><ssdm name=""/></StgValue>
</bind>
</comp>

<comp id="56" class="1001" name="const_56">
<pin_list>
<pin id="57" dir="1" index="0" bw="1" slack="0"/>
</pin_list>
<bind>
<StgValue><ssdm name="_ssdm_op_Read.m_axi.i512P1A"/></StgValue>
</bind>
</comp>

<comp id="58" class="1001" name="const_58">
<pin_list>
<pin id="59" dir="1" index="0" bw="1" slack="0"/>
</pin_list>
<bind>
<StgValue><ssdm name="_ssdm_op_PartSelect.i256.i512.i32.i32"/></StgValue>
</bind>
</comp>

<comp id="60" class="1001" name="const_60">
<pin_list>
<pin id="61" dir="1" index="0" bw="1" slack="0"/>
</pin_list>
<bind>
<StgValue><ssdm name=""/></StgValue>
</bind>
</comp>

<comp id="62" class="1001" name="const_62">
<pin_list>
<pin id="63" dir="1" index="0" bw="1" slack="0"/>
</pin_list>
<bind>
<StgValue><ssdm name=""/></StgValue>
</bind>
</comp>

<comp id="64" class="1001" name="const_64">
<pin_list>
<pin id="65" dir="1" index="0" bw="1" slack="0"/>
</pin_list>
<bind>
<StgValue><ssdm name="_ssdm_op_PartSelect.i40.i512.i32.i32"/></StgValue>
</bind>
</comp>

<comp id="66" class="1001" name="const_66">
<pin_list>
<pin id="67" dir="1" index="0" bw="1" slack="0"/>
</pin_list>
<bind>
<StgValue><ssdm name=""/></StgValue>
</bind>
</comp>

<comp id="68" class="1001" name="const_68">
<pin_list>
<pin id="69" dir="1" index="0" bw="1" slack="0"/>
</pin_list>
<bind>
<StgValue><ssdm name=""/></StgValue>
</bind>
</comp>

<comp id="70" class="1001" name="const_70">
<pin_list>
<pin id="71" dir="1" index="0" bw="1" slack="0"/>
</pin_list>
<bind>
<StgValue><ssdm name="_ssdm_op_BitConcatenate.i320.i256.i40.i24"/></StgValue>
</bind>
</comp>

<comp id="72" class="1001" name="const_72">
<pin_list>
<pin id="73" dir="1" index="0" bw="1" slack="0"/>
</pin_list>
<bind>
<StgValue><ssdm name="_ssdm_op_Write.ap_fifo.volatile.i320P0A"/></StgValue>
</bind>
</comp>

<comp id="74" class="1004" name="startCopy_read_read_fu_74">
<pin_list>
<pin id="75" dir="0" index="0" bw="8" slack="0"/>
<pin id="76" dir="0" index="1" bw="8" slack="0"/>
<pin id="77" dir="1" index="2" bw="8" slack="0"/>
</pin_list>
<bind>
<opcode="read(1150) " fcode="read"/>
<opset="startCopy_read/1 "/>
</bind>
</comp>

<comp id="80" class="1004" name="inputAOV_read_read_fu_80">
<pin_list>
<pin id="81" dir="0" index="0" bw="64" slack="0"/>
<pin id="82" dir="0" index="1" bw="64" slack="0"/>
<pin id="83" dir="1" index="2" bw="64" slack="0"/>
</pin_list>
<bind>
<opcode="read(1150) " fcode="read"/>
<opset="inputAOV_read/2 "/>
</bind>
</comp>

<comp id="86" class="1004" name="grp_readreq_fu_86">
<pin_list>
<pin id="87" dir="0" index="0" bw="1" slack="0"/>
<pin id="88" dir="0" index="1" bw="512" slack="0"/>
<pin id="89" dir="0" index="2" bw="1" slack="0"/>
<pin id="90" dir="1" index="3" bw="1" slack="2147483647"/>
</pin_list>
<bind>
<opcode="readreq(1154) " fcode="readreq"/>
<opset="gmem_load_req/2 "/>
</bind>
</comp>

<comp id="93" class="1004" name="grp_write_fu_93">
<pin_list>
<pin id="94" dir="0" index="0" bw="0" slack="0"/>
<pin id="95" dir="0" index="1" bw="8" slack="0"/>
<pin id="96" dir="0" index="2" bw="1" slack="0"/>
<pin id="97" dir="1" index="3" bw="0" slack="2147483647"/>
</pin_list>
<bind>
<opcode="write(1151) " fcode="write"/>
<opset="write_ln514/72 write_ln516/73 "/>
</bind>
</comp>

<comp id="101" class="1004" name="gmem_addr_read_read_fu_101">
<pin_list>
<pin id="102" dir="0" index="0" bw="512" slack="0"/>
<pin id="103" dir="0" index="1" bw="512" slack="70"/>
<pin id="104" dir="1" index="2" bw="512" slack="0"/>
</pin_list>
<bind>
<opcode="read(1150) " fcode="read"/>
<opset="gmem_addr_read/72 "/>
</bind>
</comp>

<comp id="107" class="1004" name="write_ln174_write_fu_107">
<pin_list>
<pin id="108" dir="0" index="0" bw="0" slack="0"/>
<pin id="109" dir="0" index="1" bw="320" slack="0"/>
<pin id="110" dir="0" index="2" bw="320" slack="0"/>
<pin id="111" dir="1" index="3" bw="0" slack="2147483647"/>
</pin_list>
<bind>
<opcode="write(1151) " fcode="write"/>
<opset="write_ln174/73 "/>
</bind>
</comp>

<comp id="114" class="1004" name="icmp_ln526_fu_114">
<pin_list>
<pin id="115" dir="0" index="0" bw="8" slack="0"/>
<pin id="116" dir="0" index="1" bw="8" slack="0"/>
<pin id="117" dir="1" index="2" bw="1" slack="1"/>
</pin_list>
<bind>
<opcode="icmp(45) " fcode="icmp"/>
<opset="icmp_ln526/1 "/>
</bind>
</comp>

<comp id="120" class="1004" name="p_cast_fu_120">
<pin_list>
<pin id="121" dir="0" index="0" bw="58" slack="0"/>
<pin id="122" dir="0" index="1" bw="64" slack="0"/>
<pin id="123" dir="0" index="2" bw="4" slack="0"/>
<pin id="124" dir="0" index="3" bw="7" slack="0"/>
<pin id="125" dir="1" index="4" bw="58" slack="0"/>
</pin_list>
<bind>
<opcode="partselect(1002) " fcode="partselect"/>
<opset="p_cast/2 "/>
</bind>
</comp>

<comp id="130" class="1004" name="p_cast_cast_fu_130">
<pin_list>
<pin id="131" dir="0" index="0" bw="58" slack="0"/>
<pin id="132" dir="1" index="1" bw="64" slack="0"/>
</pin_list>
<bind>
<opcode="sext(35) " fcode="sext"/>
<opset="p_cast_cast/2 "/>
</bind>
</comp>

<comp id="134" class="1004" name="gmem_addr_fu_134">
<pin_list>
<pin id="135" dir="0" index="0" bw="64" slack="0"/>
<pin id="136" dir="0" index="1" bw="64" slack="0"/>
<pin id="137" dir="1" index="2" bw="64" slack="0"/>
</pin_list>
<bind>
<opcode="getelementptr(29) " fcode="getelementptr"/>
<opset="gmem_addr/2 "/>
</bind>
</comp>

<comp id="141" class="1004" name="tmp_s_fu_141">
<pin_list>
<pin id="142" dir="0" index="0" bw="256" slack="0"/>
<pin id="143" dir="0" index="1" bw="512" slack="0"/>
<pin id="144" dir="0" index="2" bw="8" slack="0"/>
<pin id="145" dir="0" index="3" bw="10" slack="0"/>
<pin id="146" dir="1" index="4" bw="256" slack="1"/>
</pin_list>
<bind>
<opcode="partselect(1002) " fcode="partselect"/>
<opset="tmp_s/72 "/>
</bind>
</comp>

<comp id="151" class="1004" name="tmp_47_fu_151">
<pin_list>
<pin id="152" dir="0" index="0" bw="40" slack="0"/>
<pin id="153" dir="0" index="1" bw="512" slack="0"/>
<pin id="154" dir="0" index="2" bw="7" slack="0"/>
<pin id="155" dir="0" index="3" bw="8" slack="0"/>
<pin id="156" dir="1" index="4" bw="40" slack="1"/>
</pin_list>
<bind>
<opcode="partselect(1002) " fcode="partselect"/>
<opset="tmp_47/72 "/>
</bind>
</comp>

<comp id="161" class="1004" name="trunc_ln174_fu_161">
<pin_list>
<pin id="162" dir="0" index="0" bw="512" slack="0"/>
<pin id="163" dir="1" index="1" bw="24" slack="1"/>
</pin_list>
<bind>
<opcode="trunc(33) " fcode="trunc"/>
<opset="trunc_ln174/72 "/>
</bind>
</comp>

<comp id="165" class="1004" name="p_0_fu_165">
<pin_list>
<pin id="166" dir="0" index="0" bw="320" slack="0"/>
<pin id="167" dir="0" index="1" bw="256" slack="1"/>
<pin id="168" dir="0" index="2" bw="40" slack="1"/>
<pin id="169" dir="0" index="3" bw="24" slack="1"/>
<pin id="170" dir="1" index="4" bw="320" slack="0"/>
</pin_list>
<bind>
<opcode="bitconcatenate(1004) " fcode="bitconcatenate"/>
<opset="p_0/73 "/>
</bind>
</comp>

<comp id="173" class="1005" name="icmp_ln526_reg_173">
<pin_list>
<pin id="174" dir="0" index="0" bw="1" slack="1"/>
<pin id="175" dir="1" index="1" bw="1" slack="2147483647"/>
</pin_list>
<bind>
<opset="icmp_ln526 "/>
</bind>
</comp>

<comp id="177" class="1005" name="gmem_addr_reg_177">
<pin_list>
<pin id="178" dir="0" index="0" bw="512" slack="1"/>
<pin id="179" dir="1" index="1" bw="512" slack="1"/>
</pin_list>
<bind>
<opset="gmem_addr "/>
</bind>
</comp>

<comp id="183" class="1005" name="tmp_s_reg_183">
<pin_list>
<pin id="184" dir="0" index="0" bw="256" slack="1"/>
<pin id="185" dir="1" index="1" bw="256" slack="1"/>
</pin_list>
<bind>
<opset="tmp_s "/>
</bind>
</comp>

<comp id="188" class="1005" name="tmp_47_reg_188">
<pin_list>
<pin id="189" dir="0" index="0" bw="40" slack="1"/>
<pin id="190" dir="1" index="1" bw="40" slack="1"/>
</pin_list>
<bind>
<opset="tmp_47 "/>
</bind>
</comp>

<comp id="193" class="1005" name="trunc_ln174_reg_193">
<pin_list>
<pin id="194" dir="0" index="0" bw="24" slack="1"/>
<pin id="195" dir="1" index="1" bw="24" slack="1"/>
</pin_list>
<bind>
<opset="trunc_ln174 "/>
</bind>
</comp>

</comp_list>

<net_list>
<net id="78"><net_src comp="10" pin="0"/><net_sink comp="74" pin=0"/></net>

<net id="79"><net_src comp="6" pin="0"/><net_sink comp="74" pin=1"/></net>

<net id="84"><net_src comp="40" pin="0"/><net_sink comp="80" pin=0"/></net>

<net id="85"><net_src comp="4" pin="0"/><net_sink comp="80" pin=1"/></net>

<net id="91"><net_src comp="48" pin="0"/><net_sink comp="86" pin=0"/></net>

<net id="92"><net_src comp="50" pin="0"/><net_sink comp="86" pin=2"/></net>

<net id="98"><net_src comp="52" pin="0"/><net_sink comp="93" pin=0"/></net>

<net id="99"><net_src comp="8" pin="0"/><net_sink comp="93" pin=1"/></net>

<net id="100"><net_src comp="54" pin="0"/><net_sink comp="93" pin=2"/></net>

<net id="105"><net_src comp="56" pin="0"/><net_sink comp="101" pin=0"/></net>

<net id="106"><net_src comp="12" pin="0"/><net_sink comp="93" pin=2"/></net>

<net id="112"><net_src comp="72" pin="0"/><net_sink comp="107" pin=0"/></net>

<net id="113"><net_src comp="0" pin="0"/><net_sink comp="107" pin=1"/></net>

<net id="118"><net_src comp="74" pin="2"/><net_sink comp="114" pin=0"/></net>

<net id="119"><net_src comp="12" pin="0"/><net_sink comp="114" pin=1"/></net>

<net id="126"><net_src comp="42" pin="0"/><net_sink comp="120" pin=0"/></net>

<net id="127"><net_src comp="80" pin="2"/><net_sink comp="120" pin=1"/></net>

<net id="128"><net_src comp="44" pin="0"/><net_sink comp="120" pin=2"/></net>

<net id="129"><net_src comp="46" pin="0"/><net_sink comp="120" pin=3"/></net>

<net id="133"><net_src comp="120" pin="4"/><net_sink comp="130" pin=0"/></net>

<net id="138"><net_src comp="2" pin="0"/><net_sink comp="134" pin=0"/></net>

<net id="139"><net_src comp="130" pin="1"/><net_sink comp="134" pin=1"/></net>

<net id="140"><net_src comp="134" pin="2"/><net_sink comp="86" pin=1"/></net>

<net id="147"><net_src comp="58" pin="0"/><net_sink comp="141" pin=0"/></net>

<net id="148"><net_src comp="101" pin="2"/><net_sink comp="141" pin=1"/></net>

<net id="149"><net_src comp="60" pin="0"/><net_sink comp="141" pin=2"/></net>

<net id="150"><net_src comp="62" pin="0"/><net_sink comp="141" pin=3"/></net>

<net id="157"><net_src comp="64" pin="0"/><net_sink comp="151" pin=0"/></net>

<net id="158"><net_src comp="101" pin="2"/><net_sink comp="151" pin=1"/></net>

<net id="159"><net_src comp="66" pin="0"/><net_sink comp="151" pin=2"/></net>

<net id="160"><net_src comp="68" pin="0"/><net_sink comp="151" pin=3"/></net>

<net id="164"><net_src comp="101" pin="2"/><net_sink comp="161" pin=0"/></net>

<net id="171"><net_src comp="70" pin="0"/><net_sink comp="165" pin=0"/></net>

<net id="172"><net_src comp="165" pin="4"/><net_sink comp="107" pin=2"/></net>

<net id="176"><net_src comp="114" pin="2"/><net_sink comp="173" pin=0"/></net>

<net id="180"><net_src comp="134" pin="2"/><net_sink comp="177" pin=0"/></net>

<net id="181"><net_src comp="177" pin="1"/><net_sink comp="86" pin=1"/></net>

<net id="182"><net_src comp="177" pin="1"/><net_sink comp="101" pin=1"/></net>

<net id="186"><net_src comp="141" pin="4"/><net_sink comp="183" pin=0"/></net>

<net id="187"><net_src comp="183" pin="1"/><net_sink comp="165" pin=1"/></net>

<net id="191"><net_src comp="151" pin="4"/><net_sink comp="188" pin=0"/></net>

<net id="192"><net_src comp="188" pin="1"/><net_sink comp="165" pin=2"/></net>

<net id="196"><net_src comp="161" pin="1"/><net_sink comp="193" pin=0"/></net>

<net id="197"><net_src comp="193" pin="1"/><net_sink comp="165" pin=3"/></net>

</net_list>

</model> 
---------------- Datapath Model END ------------------

* FSMD analyzer results:
  - Output states:
	Port: sourceStream | {73 }
	Port: gmem | {}
	Port: startCopy | {}
	Port: copying | {72 73 }
 - Input state : 
	Port: read_data : gmem | {2 3 4 5 6 7 8 9 10 11 12 13 14 15 16 17 18 19 20 21 22 23 24 25 26 27 28 29 30 31 32 33 34 35 36 37 38 39 40 41 42 43 44 45 46 47 48 49 50 51 52 53 54 55 56 57 58 59 60 61 62 63 64 65 66 67 68 69 70 71 72 }
	Port: read_data : inputAOV | {2 }
	Port: read_data : startCopy | {1 }
	Port: read_data : copying | {}
  - Chain level:
	State 1
	State 2
		p_cast_cast : 1
		gmem_addr : 2
		gmem_load_req : 3
	State 3
	State 4
	State 5
	State 6
	State 7
	State 8
	State 9
	State 10
	State 11
	State 12
	State 13
	State 14
	State 15
	State 16
	State 17
	State 18
	State 19
	State 20
	State 21
	State 22
	State 23
	State 24
	State 25
	State 26
	State 27
	State 28
	State 29
	State 30
	State 31
	State 32
	State 33
	State 34
	State 35
	State 36
	State 37
	State 38
	State 39
	State 40
	State 41
	State 42
	State 43
	State 44
	State 45
	State 46
	State 47
	State 48
	State 49
	State 50
	State 51
	State 52
	State 53
	State 54
	State 55
	State 56
	State 57
	State 58
	State 59
	State 60
	State 61
	State 62
	State 63
	State 64
	State 65
	State 66
	State 67
	State 68
	State 69
	State 70
	State 71
	State 72
	State 73
		write_ln174 : 1


============================================================
+ Verbose Summary: Datapath Resource usage 
============================================================

* Functional unit list:
|----------|----------------------------|---------|---------|
| Operation|       Functional Unit      |    FF   |   LUT   |
|----------|----------------------------|---------|---------|
|   icmp   |      icmp_ln526_fu_114     |    0    |    11   |
|----------|----------------------------|---------|---------|
|          |  startCopy_read_read_fu_74 |    0    |    0    |
|   read   |  inputAOV_read_read_fu_80  |    0    |    0    |
|          | gmem_addr_read_read_fu_101 |    0    |    0    |
|----------|----------------------------|---------|---------|
|  readreq |      grp_readreq_fu_86     |    0    |    0    |
|----------|----------------------------|---------|---------|
|   write  |       grp_write_fu_93      |    0    |    0    |
|          |  write_ln174_write_fu_107  |    0    |    0    |
|----------|----------------------------|---------|---------|
|          |        p_cast_fu_120       |    0    |    0    |
|partselect|        tmp_s_fu_141        |    0    |    0    |
|          |        tmp_47_fu_151       |    0    |    0    |
|----------|----------------------------|---------|---------|
|   sext   |     p_cast_cast_fu_130     |    0    |    0    |
|----------|----------------------------|---------|---------|
|   trunc  |     trunc_ln174_fu_161     |    0    |    0    |
|----------|----------------------------|---------|---------|
|bitconcatenate|         p_0_fu_165         |    0    |    0    |
|----------|----------------------------|---------|---------|
|   Total  |                            |    0    |    11   |
|----------|----------------------------|---------|---------|

Memories:
N/A

* Register list:
+-------------------+--------+
|                   |   FF   |
+-------------------+--------+
| gmem_addr_reg_177 |   512  |
| icmp_ln526_reg_173|    1   |
|   tmp_47_reg_188  |   40   |
|   tmp_s_reg_183   |   256  |
|trunc_ln174_reg_193|   24   |
+-------------------+--------+
|       Total       |   833  |
+-------------------+--------+

* Multiplexer (MUX) list: 
|-------------------|------|------|------|--------||---------||---------|
|        Comp       |  Pin | Size |  BW  | S x BW ||  Delay  ||   LUT   |
|-------------------|------|------|------|--------||---------||---------|
| grp_readreq_fu_86 |  p1  |   2  |  512 |  1024  ||    9    |
|  grp_write_fu_93  |  p2  |   2  |   1  |    2   |
|-------------------|------|------|------|--------||---------||---------|
|       Total       |      |      |      |  1026  ||  3.176  ||    9    |
|-------------------|------|------|------|--------||---------||---------|



* Summary:
+-----------+--------+--------+--------+
|           |  Delay |   FF   |   LUT  |
+-----------+--------+--------+--------+
|  Function |    -   |    0   |   11   |
|   Memory  |    -   |    -   |    -   |
|Multiplexer|    3   |    -   |    9   |
|  Register |    -   |   833  |    -   |
+-----------+--------+--------+--------+
|   Total   |    3   |   833  |   20   |
+-----------+--------+--------+--------+
