

================================================================
== Vitis HLS Report for 'run'
================================================================
* Date:           Tue Sep 27 19:09:58 2022

* Version:        2022.1 (Build 3526262 on Mon Apr 18 15:47:01 MDT 2022)
* Project:        detector_solid
* Solution:       solution2 (Vitis Kernel Flow Target)
* Product family: zynq
* Target device:  xc7z020-clg484-1


================================================================
== Performance Estimates
================================================================
+ Timing: 
    * Summary: 
    +--------+----------+-----------+------------+
    |  Clock |  Target  | Estimated | Uncertainty|
    +--------+----------+-----------+------------+
    |ap_clk  |  20.00 ns|  14.194 ns|     5.40 ns|
    +--------+----------+-----------+------------+

+ Latency: 
    * Summary: 
    +---------+---------+----------+----------+-----+-----+---------+
    |  Latency (cycles) |  Latency (absolute) |  Interval | Pipeline|
    |   min   |   max   |    min   |    max   | min | max |   Type  |
    +---------+---------+----------+----------+-----+-----+---------+
    |        ?|        ?|         ?|         ?|    ?|    ?|       no|
    +---------+---------+----------+----------+-----+-----+---------+

    + Detail: 
        * Instance: 
        +-----------------------------------------------------------+------------------------------------------------+---------+---------+----------+----------+-------+-------+----------+
        |                                                           |                                                |  Latency (cycles) |  Latency (absolute) |    Interval   | Pipeline |
        |                          Instance                         |                     Module                     |   min   |   max   |    min   |    max   |  min  |  max  |   Type   |
        +-----------------------------------------------------------+------------------------------------------------+---------+---------+----------+----------+-------+-------+----------+
        |grp_run_Pipeline_VITIS_LOOP_686_1_VITIS_LOOP_688_2_fu_170  |run_Pipeline_VITIS_LOOP_686_1_VITIS_LOOP_688_2  |    24580|    24580|  0.492 ms|  0.492 ms|  24580|  24580|        no|
        |grp_run_Pipeline_VITIS_LOOP_694_3_fu_272                   |run_Pipeline_VITIS_LOOP_694_3                   |       66|       66|  1.320 us|  1.320 us|     66|     66|        no|
        |grp_runTestAfterInit_fu_280                                |runTestAfterInit                                |       33|      114|  0.660 us|  2.280 us|     21|     92|  dataflow|
        |grp_runTrainAfterInit_fu_390                               |runTrainAfterInit                               |       25|      267|  0.500 us|  5.340 us|     21|    247|  dataflow|
        +-----------------------------------------------------------+------------------------------------------------+---------+---------+----------+----------+-------+-------+----------+

        * Loop: 
        +--------------------+---------+---------+----------+-----------+-----------+------+----------+
        |                    |  Latency (cycles) | Iteration|  Initiation Interval  | Trip |          |
        |      Loop Name     |   min   |   max   |  Latency |  achieved |   target  | Count| Pipelined|
        +--------------------+---------+---------+----------+-----------+-----------+------+----------+
        |- VITIS_LOOP_625_1  |        ?|        ?|  35 ~ 269|          -|          -|   inf|        no|
        +--------------------+---------+---------+----------+-----------+-----------+------+----------+

============================================================
+ Verbose Summary: Synthesis Manager
============================================================
InlineROM: 1
ExposeGlobal: 0
============================================================
+ Verbose Summary: CDFG Model
============================================================
IsTopModel: 1
ResetActiveHigh: 1
IsCombinational: 0
IsDatapathOnly: 0
HasWiredReturn: 0
HasMFsm: 0
HasVarLatency: 1
IsPipeline: 0
IsRtlPipelined: 0
IsInstanceOverlapped: 0
IsDontTouch: 0
HasImplIP: 0
IsGatedGlobalClock: 0


============================================================
+ Verbose Summary: Schedule
============================================================
* Number of FSM states : 4
* Pipeline : 0
* Dataflow Pipeline: 0

* FSM state transitions: 
1 --> 2 
2 --> 3 
3 --> 4 
4 --> 3 

* FSM state operations: 

State 1 <SV = 0> <Delay = 0.00>
ST_1 : Operation 5 [2/2] (0.00ns)   --->   "%call_ln0 = call void @run_Pipeline_VITIS_LOOP_686_1_VITIS_LOOP_688_2, i32 %trainedRegions, i32 %regions, i32 %regions_16, i32 %regions_32, i32 %regions_1, i32 %regions_17, i32 %regions_33, i32 %regions_2, i32 %regions_18, i32 %regions_34, i32 %regions_3, i32 %regions_19, i32 %regions_35, i32 %regions_4, i32 %regions_20, i32 %regions_36, i32 %regions_5, i32 %regions_21, i32 %regions_37, i32 %regions_6, i32 %regions_22, i32 %regions_38, i32 %regions_7, i32 %regions_23, i32 %regions_39, i32 %regions_8, i32 %regions_24, i32 %regions_40, i32 %regions_9, i32 %regions_25, i32 %regions_41, i32 %regions_10, i32 %regions_26, i32 %regions_42, i32 %regions_11, i32 %regions_27, i32 %regions_43, i32 %regions_12, i32 %regions_28, i32 %regions_44, i32 %regions_13, i32 %regions_29, i32 %regions_45, i32 %regions_14, i32 %regions_30, i32 %regions_46, i32 %regions_15, i32 %regions_31, i32 %regions_47"   --->   Operation 5 'call' 'call_ln0' <Predicate = true> <Delay = 0.00> <CoreType = "Generic">   --->   Core 0 '' <Latency = 0> <II = 1> <Delay = 1.00> <Generic> <Opcode : >
ST_1 : Operation 6 [2/2] (0.00ns)   --->   "%call_ln0 = call void @run_Pipeline_VITIS_LOOP_694_3, i8 %n_regions_in, i8 %n_regions_V"   --->   Operation 6 'call' 'call_ln0' <Predicate = true> <Delay = 0.00> <CoreType = "Generic">   --->   Core 0 '' <Latency = 0> <II = 1> <Delay = 1.00> <Generic> <Opcode : >

State 2 <SV = 1> <Delay = 0.00>
ST_2 : Operation 7 [1/1] (0.00ns)   --->   "%spectopmodule_ln642 = spectopmodule void @_ssdm_op_SpecTopModule, void @empty_3" [detector_solid/abs_solid_detector.cpp:642]   --->   Operation 7 'spectopmodule' 'spectopmodule_ln642' <Predicate = true> <Delay = 0.00>
ST_2 : Operation 8 [1/1] (0.00ns)   --->   "%specinterface_ln642 = specinterface void @_ssdm_op_SpecInterface, i32 0, void @empty_15, i32 0, i32 0, void @empty_5, i32 0, i32 0, void @empty_5, void @empty_5, void @empty_5, i32 0, i32 0, i32 0, i32 0, void @empty_5, void @empty_5, i32 4294967295, i32 0" [detector_solid/abs_solid_detector.cpp:642]   --->   Operation 8 'specinterface' 'specinterface_ln642' <Predicate = true> <Delay = 0.00>
ST_2 : Operation 9 [1/1] (0.00ns)   --->   "%specinterface_ln0 = specinterface void @_ssdm_op_SpecInterface, i1 %errorInTask, void @empty_4, i32 0, i32 0, void @empty_5, i32 0, i32 0, void @empty_6, void @empty_7, void @empty_5, i32 0, i32 0, i32 0, i32 0, void @empty_5, void @empty_5, i32 4294967295, i32 0"   --->   Operation 9 'specinterface' 'specinterface_ln0' <Predicate = true> <Delay = 0.00>
ST_2 : Operation 10 [1/1] (0.00ns)   --->   "%specinterface_ln0 = specinterface void @_ssdm_op_SpecInterface, i1 %errorInTask, void @empty, i32 0, i32 0, void @empty_5, i32 1, i32 0, void @empty_5, void @empty_5, void @empty_5, i32 0, i32 0, i32 0, i32 0, void @empty_5, void @empty_5, i32 4294967295, i32 0"   --->   Operation 10 'specinterface' 'specinterface_ln0' <Predicate = true> <Delay = 0.00>
ST_2 : Operation 11 [1/1] (0.00ns)   --->   "%specmemcore_ln0 = specmemcore void @_ssdm_op_SpecMemCore, i1 %errorInTask, i64 666, i64 207, i64 1"   --->   Operation 11 'specmemcore' 'specmemcore_ln0' <Predicate = true> <Delay = 0.00>
ST_2 : Operation 12 [1/1] (0.00ns)   --->   "%specbitsmap_ln0 = specbitsmap void @_ssdm_op_SpecBitsMap, i1 %errorInTask"   --->   Operation 12 'specbitsmap' 'specbitsmap_ln0' <Predicate = true> <Delay = 0.00>
ST_2 : Operation 13 [1/1] (0.00ns)   --->   "%specinterface_ln0 = specinterface void @_ssdm_op_SpecInterface, i288 %outcomeInRam, void @empty_4, i32 0, i32 0, void @empty_5, i32 0, i32 0, void @empty_6, void @empty_0, void @empty_5, i32 0, i32 0, i32 0, i32 0, void @empty_5, void @empty_5, i32 4294967295, i32 0"   --->   Operation 13 'specinterface' 'specinterface_ln0' <Predicate = true> <Delay = 0.00>
ST_2 : Operation 14 [1/1] (0.00ns)   --->   "%specinterface_ln0 = specinterface void @_ssdm_op_SpecInterface, i288 %outcomeInRam, void @empty, i32 0, i32 0, void @empty_5, i32 1, i32 0, void @empty_5, void @empty_5, void @empty_5, i32 0, i32 0, i32 0, i32 0, void @empty_5, void @empty_5, i32 4294967295, i32 0"   --->   Operation 14 'specinterface' 'specinterface_ln0' <Predicate = true> <Delay = 0.00>
ST_2 : Operation 15 [1/1] (0.00ns)   --->   "%specmemcore_ln0 = specmemcore void @_ssdm_op_SpecMemCore, i288 %outcomeInRam, i64 666, i64 207, i64 1"   --->   Operation 15 'specmemcore' 'specmemcore_ln0' <Predicate = true> <Delay = 0.00>
ST_2 : Operation 16 [1/1] (0.00ns)   --->   "%specbitsmap_ln0 = specbitsmap void @_ssdm_op_SpecBitsMap, i288 %outcomeInRam"   --->   Operation 16 'specbitsmap' 'specbitsmap_ln0' <Predicate = true> <Delay = 0.00>
ST_2 : Operation 17 [1/1] (0.00ns)   --->   "%specinterface_ln0 = specinterface void @_ssdm_op_SpecInterface, i288 %testStream, void @empty_8, i32 1, i32 1, void @empty_1, i32 0, i32 0, void @empty_5, void @empty_5, void @empty_5, i32 0, i32 0, i32 0, i32 0, void @empty_5, void @empty_5, i32 4294967295, i32 0"   --->   Operation 17 'specinterface' 'specinterface_ln0' <Predicate = true> <Delay = 0.00>
ST_2 : Operation 18 [1/1] (0.00ns)   --->   "%specbitsmap_ln0 = specbitsmap void @_ssdm_op_SpecBitsMap, i288 %testStream"   --->   Operation 18 'specbitsmap' 'specbitsmap_ln0' <Predicate = true> <Delay = 0.00>
ST_2 : Operation 19 [1/1] (0.00ns)   --->   "%specinterface_ln0 = specinterface void @_ssdm_op_SpecInterface, i288 %trainStream, void @empty_8, i32 1, i32 1, void @empty_1, i32 0, i32 0, void @empty_5, void @empty_5, void @empty_5, i32 0, i32 0, i32 0, i32 0, void @empty_5, void @empty_5, i32 4294967295, i32 0"   --->   Operation 19 'specinterface' 'specinterface_ln0' <Predicate = true> <Delay = 0.00>
ST_2 : Operation 20 [1/1] (0.00ns)   --->   "%specbitsmap_ln0 = specbitsmap void @_ssdm_op_SpecBitsMap, i288 %trainStream"   --->   Operation 20 'specbitsmap' 'specbitsmap_ln0' <Predicate = true> <Delay = 0.00>
ST_2 : Operation 21 [1/1] (0.00ns)   --->   "%specinterface_ln0 = specinterface void @_ssdm_op_SpecInterface, i32 %trainedRegions, void @empty_4, i32 0, i32 0, void @empty_5, i32 0, i32 0, void @empty_6, void @empty_14, void @empty_5, i32 0, i32 0, i32 0, i32 0, void @empty_5, void @empty_5, i32 4294967295, i32 0"   --->   Operation 21 'specinterface' 'specinterface_ln0' <Predicate = true> <Delay = 0.00>
ST_2 : Operation 22 [1/1] (0.00ns)   --->   "%specinterface_ln0 = specinterface void @_ssdm_op_SpecInterface, i32 %trainedRegions, void @empty, i32 0, i32 0, void @empty_5, i32 1, i32 0, void @empty_5, void @empty_5, void @empty_5, i32 0, i32 0, i32 0, i32 0, void @empty_5, void @empty_5, i32 4294967295, i32 0"   --->   Operation 22 'specinterface' 'specinterface_ln0' <Predicate = true> <Delay = 0.00>
ST_2 : Operation 23 [1/1] (0.00ns)   --->   "%specmemcore_ln0 = specmemcore void @_ssdm_op_SpecMemCore, i32 %trainedRegions, i64 666, i64 207, i64 1"   --->   Operation 23 'specmemcore' 'specmemcore_ln0' <Predicate = true> <Delay = 0.00>
ST_2 : Operation 24 [1/1] (0.00ns)   --->   "%specbitsmap_ln0 = specbitsmap void @_ssdm_op_SpecBitsMap, i32 %trainedRegions"   --->   Operation 24 'specbitsmap' 'specbitsmap_ln0' <Predicate = true> <Delay = 0.00>
ST_2 : Operation 25 [1/1] (0.00ns)   --->   "%specinterface_ln0 = specinterface void @_ssdm_op_SpecInterface, i8 %n_regions_in, void @empty_4, i32 0, i32 0, void @empty_5, i32 0, i32 0, void @empty_6, void @empty_2, void @empty_5, i32 0, i32 0, i32 0, i32 0, void @empty_5, void @empty_5, i32 4294967295, i32 0"   --->   Operation 25 'specinterface' 'specinterface_ln0' <Predicate = true> <Delay = 0.00>
ST_2 : Operation 26 [1/1] (0.00ns)   --->   "%specinterface_ln0 = specinterface void @_ssdm_op_SpecInterface, i8 %n_regions_in, void @empty, i32 0, i32 0, void @empty_5, i32 1, i32 0, void @empty_5, void @empty_5, void @empty_5, i32 0, i32 0, i32 0, i32 0, void @empty_5, void @empty_5, i32 4294967295, i32 0"   --->   Operation 26 'specinterface' 'specinterface_ln0' <Predicate = true> <Delay = 0.00>
ST_2 : Operation 27 [1/1] (0.00ns)   --->   "%specmemcore_ln0 = specmemcore void @_ssdm_op_SpecMemCore, i8 %n_regions_in, i64 666, i64 207, i64 1"   --->   Operation 27 'specmemcore' 'specmemcore_ln0' <Predicate = true> <Delay = 0.00>
ST_2 : Operation 28 [1/1] (0.00ns)   --->   "%specbitsmap_ln0 = specbitsmap void @_ssdm_op_SpecBitsMap, i8 %n_regions_in"   --->   Operation 28 'specbitsmap' 'specbitsmap_ln0' <Predicate = true> <Delay = 0.00>
ST_2 : Operation 29 [1/1] (0.00ns)   --->   "%specinterface_ln0 = specinterface void @_ssdm_op_SpecInterface, i8 %toScheduler, void @empty_8, i32 1, i32 1, void @empty_1, i32 0, i32 0, void @empty_5, void @empty_5, void @empty_5, i32 0, i32 0, i32 0, i32 0, void @empty_5, void @empty_5, i32 4294967295, i32 0"   --->   Operation 29 'specinterface' 'specinterface_ln0' <Predicate = true> <Delay = 0.00>
ST_2 : Operation 30 [1/1] (0.00ns)   --->   "%specbitsmap_ln0 = specbitsmap void @_ssdm_op_SpecBitsMap, i8 %toScheduler"   --->   Operation 30 'specbitsmap' 'specbitsmap_ln0' <Predicate = true> <Delay = 0.00>
ST_2 : Operation 31 [1/1] (0.00ns)   --->   "%specinterface_ln0 = specinterface void @_ssdm_op_SpecInterface, i32 0, void @empty_4, i32 0, i32 0, void @empty_5, i32 0, i32 0, void @empty_6, void @empty_5, void @empty_5, i32 0, i32 0, i32 0, i32 0, void @empty_5, void @empty_5, i32 4294967295, i32 0"   --->   Operation 31 'specinterface' 'specinterface_ln0' <Predicate = true> <Delay = 0.00>
ST_2 : Operation 32 [1/1] (0.00ns)   --->   "%specbramwithbyteenable_ln0 = specbramwithbyteenable void @_ssdm_op_SpecBRAMWithByteEnable, i288 %outcomeInRam"   --->   Operation 32 'specbramwithbyteenable' 'specbramwithbyteenable_ln0' <Predicate = true> <Delay = 0.00>
ST_2 : Operation 33 [1/2] (0.00ns)   --->   "%call_ln0 = call void @run_Pipeline_VITIS_LOOP_686_1_VITIS_LOOP_688_2, i32 %trainedRegions, i32 %regions, i32 %regions_16, i32 %regions_32, i32 %regions_1, i32 %regions_17, i32 %regions_33, i32 %regions_2, i32 %regions_18, i32 %regions_34, i32 %regions_3, i32 %regions_19, i32 %regions_35, i32 %regions_4, i32 %regions_20, i32 %regions_36, i32 %regions_5, i32 %regions_21, i32 %regions_37, i32 %regions_6, i32 %regions_22, i32 %regions_38, i32 %regions_7, i32 %regions_23, i32 %regions_39, i32 %regions_8, i32 %regions_24, i32 %regions_40, i32 %regions_9, i32 %regions_25, i32 %regions_41, i32 %regions_10, i32 %regions_26, i32 %regions_42, i32 %regions_11, i32 %regions_27, i32 %regions_43, i32 %regions_12, i32 %regions_28, i32 %regions_44, i32 %regions_13, i32 %regions_29, i32 %regions_45, i32 %regions_14, i32 %regions_30, i32 %regions_46, i32 %regions_15, i32 %regions_31, i32 %regions_47"   --->   Operation 33 'call' 'call_ln0' <Predicate = true> <Delay = 0.00> <CoreType = "Generic">   --->   Core 0 '' <Latency = 0> <II = 1> <Delay = 1.00> <Generic> <Opcode : >
ST_2 : Operation 34 [1/2] (0.00ns)   --->   "%call_ln0 = call void @run_Pipeline_VITIS_LOOP_694_3, i8 %n_regions_in, i8 %n_regions_V"   --->   Operation 34 'call' 'call_ln0' <Predicate = true> <Delay = 0.00> <CoreType = "Generic">   --->   Core 0 '' <Latency = 0> <II = 1> <Delay = 1.00> <Generic> <Opcode : >
ST_2 : Operation 35 [1/1] (0.00ns)   --->   "%br_ln626 = br void %while.body.i" [detector_solid/abs_solid_detector.cpp:626]   --->   Operation 35 'br' 'br_ln626' <Predicate = true> <Delay = 0.00>

State 3 <SV = 2> <Delay = 0.00>
ST_3 : Operation 36 [2/2] (0.00ns)   --->   "%call_ln630 = call void @runTestAfterInit, i288 %testStream, i288 %outcomeInRam, i8 %toScheduler, i1 %errorInTask, i8 %n_regions_V, i32 %regions, i32 %regions_1, i32 %regions_2, i32 %regions_3, i32 %regions_4, i32 %regions_5, i32 %regions_6, i32 %regions_7, i32 %regions_8, i32 %regions_9, i32 %regions_10, i32 %regions_11, i32 %regions_12, i32 %regions_13, i32 %regions_14, i32 %regions_15, i32 %regions_16, i32 %regions_17, i32 %regions_18, i32 %regions_19, i32 %regions_20, i32 %regions_21, i32 %regions_22, i32 %regions_23, i32 %regions_24, i32 %regions_25, i32 %regions_26, i32 %regions_27, i32 %regions_28, i32 %regions_29, i32 %regions_30, i32 %regions_31, i32 %regions_32, i32 %regions_33, i32 %regions_34, i32 %regions_35, i32 %regions_36, i32 %regions_37, i32 %regions_38, i32 %regions_39, i32 %regions_40, i32 %regions_41, i32 %regions_42, i32 %regions_43, i32 %regions_44, i32 %regions_45, i32 %regions_46, i32 %regions_47" [detector_solid/abs_solid_detector.cpp:630]   --->   Operation 36 'call' 'call_ln630' <Predicate = true> <Delay = 0.00> <CoreType = "Generic">   --->   Core 0 '' <Latency = 0> <II = 1> <Delay = 1.00> <Generic> <Opcode : >
ST_3 : Operation 37 [2/2] (0.00ns)   --->   "%call_ln631 = call void @runTrainAfterInit, i288 %trainStream, i32 %regions, i32 %regions_1, i32 %regions_2, i32 %regions_3, i32 %regions_4, i32 %regions_5, i32 %regions_6, i32 %regions_7, i32 %regions_8, i32 %regions_9, i32 %regions_10, i32 %regions_11, i32 %regions_12, i32 %regions_13, i32 %regions_14, i32 %regions_15, i32 %regions_16, i32 %regions_17, i32 %regions_18, i32 %regions_19, i32 %regions_20, i32 %regions_21, i32 %regions_22, i32 %regions_23, i32 %regions_24, i32 %regions_25, i32 %regions_26, i32 %regions_27, i32 %regions_28, i32 %regions_29, i32 %regions_30, i32 %regions_31, i32 %regions_32, i32 %regions_33, i32 %regions_34, i32 %regions_35, i32 %regions_36, i32 %regions_37, i32 %regions_38, i32 %regions_39, i32 %regions_40, i32 %regions_41, i32 %regions_42, i32 %regions_43, i32 %regions_44, i32 %regions_45, i32 %regions_46, i32 %regions_47, i8 %n_regions_V" [detector_solid/abs_solid_detector.cpp:631]   --->   Operation 37 'call' 'call_ln631' <Predicate = true> <Delay = 0.00> <CoreType = "Generic">   --->   Core 0 '' <Latency = 0> <II = 1> <Delay = 1.00> <Generic> <Opcode : >

State 4 <SV = 3> <Delay = 0.00>
ST_4 : Operation 38 [1/1] (0.00ns)   --->   "%specloopname_ln626 = specloopname void @_ssdm_op_SpecLoopName, void @empty_16" [detector_solid/abs_solid_detector.cpp:626]   --->   Operation 38 'specloopname' 'specloopname_ln626' <Predicate = true> <Delay = 0.00>
ST_4 : Operation 39 [1/2] (0.00ns)   --->   "%call_ln630 = call void @runTestAfterInit, i288 %testStream, i288 %outcomeInRam, i8 %toScheduler, i1 %errorInTask, i8 %n_regions_V, i32 %regions, i32 %regions_1, i32 %regions_2, i32 %regions_3, i32 %regions_4, i32 %regions_5, i32 %regions_6, i32 %regions_7, i32 %regions_8, i32 %regions_9, i32 %regions_10, i32 %regions_11, i32 %regions_12, i32 %regions_13, i32 %regions_14, i32 %regions_15, i32 %regions_16, i32 %regions_17, i32 %regions_18, i32 %regions_19, i32 %regions_20, i32 %regions_21, i32 %regions_22, i32 %regions_23, i32 %regions_24, i32 %regions_25, i32 %regions_26, i32 %regions_27, i32 %regions_28, i32 %regions_29, i32 %regions_30, i32 %regions_31, i32 %regions_32, i32 %regions_33, i32 %regions_34, i32 %regions_35, i32 %regions_36, i32 %regions_37, i32 %regions_38, i32 %regions_39, i32 %regions_40, i32 %regions_41, i32 %regions_42, i32 %regions_43, i32 %regions_44, i32 %regions_45, i32 %regions_46, i32 %regions_47" [detector_solid/abs_solid_detector.cpp:630]   --->   Operation 39 'call' 'call_ln630' <Predicate = true> <Delay = 0.00> <CoreType = "Generic">   --->   Core 0 '' <Latency = 0> <II = 1> <Delay = 1.00> <Generic> <Opcode : >
ST_4 : Operation 40 [1/2] (0.00ns)   --->   "%call_ln631 = call void @runTrainAfterInit, i288 %trainStream, i32 %regions, i32 %regions_1, i32 %regions_2, i32 %regions_3, i32 %regions_4, i32 %regions_5, i32 %regions_6, i32 %regions_7, i32 %regions_8, i32 %regions_9, i32 %regions_10, i32 %regions_11, i32 %regions_12, i32 %regions_13, i32 %regions_14, i32 %regions_15, i32 %regions_16, i32 %regions_17, i32 %regions_18, i32 %regions_19, i32 %regions_20, i32 %regions_21, i32 %regions_22, i32 %regions_23, i32 %regions_24, i32 %regions_25, i32 %regions_26, i32 %regions_27, i32 %regions_28, i32 %regions_29, i32 %regions_30, i32 %regions_31, i32 %regions_32, i32 %regions_33, i32 %regions_34, i32 %regions_35, i32 %regions_36, i32 %regions_37, i32 %regions_38, i32 %regions_39, i32 %regions_40, i32 %regions_41, i32 %regions_42, i32 %regions_43, i32 %regions_44, i32 %regions_45, i32 %regions_46, i32 %regions_47, i8 %n_regions_V" [detector_solid/abs_solid_detector.cpp:631]   --->   Operation 40 'call' 'call_ln631' <Predicate = true> <Delay = 0.00> <CoreType = "Generic">   --->   Core 0 '' <Latency = 0> <II = 1> <Delay = 1.00> <Generic> <Opcode : >
ST_4 : Operation 41 [1/1] (0.00ns)   --->   "%br_ln625 = br void %while.body.i" [detector_solid/abs_solid_detector.cpp:625]   --->   Operation 41 'br' 'br_ln625' <Predicate = true> <Delay = 0.00>


============================================================
+ Verbose Summary: Binding
============================================================
STG Binding: 
---------------- STG Properties BEGIN ----------------
- Is combinational: 0
- Is one-state seq: 0
- Is datapath-only: 0
- Is pipelined: 0
- Is top level: 1
Port [ Return ] is wired: 1; IO mode=ap_ctrl_chain:ce=0
Port [ errorInTask]:  wired=1; compound=1; hidden=0; nouse=0; global=0; static=0; extern=0; dir=1; type=1; pingpong=0; private_global=0; MemPort=[0]; IO mode=ap_memory:ce=0
Port [ outcomeInRam]:  wired=1; compound=1; hidden=0; nouse=0; global=0; static=0; extern=0; dir=1; type=1; pingpong=0; private_global=0; MemPort=[0]; IO mode=ap_memory:ce=0
Port [ testStream]:  wired=1; compound=1; hidden=0; nouse=0; global=0; static=0; extern=0; dir=0; type=0; pingpong=0; private_global=0; IO mode=axis:ce=0
Port [ trainStream]:  wired=1; compound=1; hidden=0; nouse=0; global=0; static=0; extern=0; dir=0; type=0; pingpong=0; private_global=0; IO mode=axis:ce=0
Port [ trainedRegions]:  wired=1; compound=1; hidden=0; nouse=0; global=0; static=0; extern=0; dir=0; type=1; pingpong=0; private_global=0; MemPort=[1]; IO mode=ap_memory:ce=0
Port [ n_regions_in]:  wired=1; compound=1; hidden=0; nouse=0; global=0; static=0; extern=0; dir=0; type=1; pingpong=0; private_global=0; MemPort=[1]; IO mode=ap_memory:ce=0
Port [ toScheduler]:  wired=1; compound=1; hidden=0; nouse=0; global=0; static=0; extern=0; dir=1; type=0; pingpong=0; private_global=0; IO mode=axis:ce=0
Port [ regions]:  wired=0; compound=1; hidden=1; nouse=0; global=1; static=1; extern=0; dir=2; type=1; pingpong=0; private_global=1; MemPort=[22]; IO mode=ap_memory:ce=0
Port [ regions_16]:  wired=0; compound=1; hidden=1; nouse=0; global=1; static=1; extern=0; dir=2; type=1; pingpong=0; private_global=1; MemPort=[22]; IO mode=ap_memory:ce=0
Port [ regions_32]:  wired=0; compound=1; hidden=1; nouse=0; global=1; static=1; extern=0; dir=2; type=1; pingpong=0; private_global=1; MemPort=[22]; IO mode=ap_memory:ce=0
Port [ regions_1]:  wired=0; compound=1; hidden=1; nouse=0; global=1; static=1; extern=0; dir=2; type=1; pingpong=0; private_global=1; MemPort=[22]; IO mode=ap_memory:ce=0
Port [ regions_17]:  wired=0; compound=1; hidden=1; nouse=0; global=1; static=1; extern=0; dir=2; type=1; pingpong=0; private_global=1; MemPort=[22]; IO mode=ap_memory:ce=0
Port [ regions_33]:  wired=0; compound=1; hidden=1; nouse=0; global=1; static=1; extern=0; dir=2; type=1; pingpong=0; private_global=1; MemPort=[22]; IO mode=ap_memory:ce=0
Port [ regions_2]:  wired=0; compound=1; hidden=1; nouse=0; global=1; static=1; extern=0; dir=2; type=1; pingpong=0; private_global=1; MemPort=[22]; IO mode=ap_memory:ce=0
Port [ regions_18]:  wired=0; compound=1; hidden=1; nouse=0; global=1; static=1; extern=0; dir=2; type=1; pingpong=0; private_global=1; MemPort=[22]; IO mode=ap_memory:ce=0
Port [ regions_34]:  wired=0; compound=1; hidden=1; nouse=0; global=1; static=1; extern=0; dir=2; type=1; pingpong=0; private_global=1; MemPort=[22]; IO mode=ap_memory:ce=0
Port [ regions_3]:  wired=0; compound=1; hidden=1; nouse=0; global=1; static=1; extern=0; dir=2; type=1; pingpong=0; private_global=1; MemPort=[22]; IO mode=ap_memory:ce=0
Port [ regions_19]:  wired=0; compound=1; hidden=1; nouse=0; global=1; static=1; extern=0; dir=2; type=1; pingpong=0; private_global=1; MemPort=[22]; IO mode=ap_memory:ce=0
Port [ regions_35]:  wired=0; compound=1; hidden=1; nouse=0; global=1; static=1; extern=0; dir=2; type=1; pingpong=0; private_global=1; MemPort=[22]; IO mode=ap_memory:ce=0
Port [ regions_4]:  wired=0; compound=1; hidden=1; nouse=0; global=1; static=1; extern=0; dir=2; type=1; pingpong=0; private_global=1; MemPort=[22]; IO mode=ap_memory:ce=0
Port [ regions_20]:  wired=0; compound=1; hidden=1; nouse=0; global=1; static=1; extern=0; dir=2; type=1; pingpong=0; private_global=1; MemPort=[22]; IO mode=ap_memory:ce=0
Port [ regions_36]:  wired=0; compound=1; hidden=1; nouse=0; global=1; static=1; extern=0; dir=2; type=1; pingpong=0; private_global=1; MemPort=[22]; IO mode=ap_memory:ce=0
Port [ regions_5]:  wired=0; compound=1; hidden=1; nouse=0; global=1; static=1; extern=0; dir=2; type=1; pingpong=0; private_global=1; MemPort=[22]; IO mode=ap_memory:ce=0
Port [ regions_21]:  wired=0; compound=1; hidden=1; nouse=0; global=1; static=1; extern=0; dir=2; type=1; pingpong=0; private_global=1; MemPort=[22]; IO mode=ap_memory:ce=0
Port [ regions_37]:  wired=0; compound=1; hidden=1; nouse=0; global=1; static=1; extern=0; dir=2; type=1; pingpong=0; private_global=1; MemPort=[22]; IO mode=ap_memory:ce=0
Port [ regions_6]:  wired=0; compound=1; hidden=1; nouse=0; global=1; static=1; extern=0; dir=2; type=1; pingpong=0; private_global=1; MemPort=[22]; IO mode=ap_memory:ce=0
Port [ regions_22]:  wired=0; compound=1; hidden=1; nouse=0; global=1; static=1; extern=0; dir=2; type=1; pingpong=0; private_global=1; MemPort=[22]; IO mode=ap_memory:ce=0
Port [ regions_38]:  wired=0; compound=1; hidden=1; nouse=0; global=1; static=1; extern=0; dir=2; type=1; pingpong=0; private_global=1; MemPort=[22]; IO mode=ap_memory:ce=0
Port [ regions_7]:  wired=0; compound=1; hidden=1; nouse=0; global=1; static=1; extern=0; dir=2; type=1; pingpong=0; private_global=1; MemPort=[22]; IO mode=ap_memory:ce=0
Port [ regions_23]:  wired=0; compound=1; hidden=1; nouse=0; global=1; static=1; extern=0; dir=2; type=1; pingpong=0; private_global=1; MemPort=[22]; IO mode=ap_memory:ce=0
Port [ regions_39]:  wired=0; compound=1; hidden=1; nouse=0; global=1; static=1; extern=0; dir=2; type=1; pingpong=0; private_global=1; MemPort=[22]; IO mode=ap_memory:ce=0
Port [ regions_8]:  wired=0; compound=1; hidden=1; nouse=0; global=1; static=1; extern=0; dir=2; type=1; pingpong=0; private_global=1; MemPort=[22]; IO mode=ap_memory:ce=0
Port [ regions_24]:  wired=0; compound=1; hidden=1; nouse=0; global=1; static=1; extern=0; dir=2; type=1; pingpong=0; private_global=1; MemPort=[22]; IO mode=ap_memory:ce=0
Port [ regions_40]:  wired=0; compound=1; hidden=1; nouse=0; global=1; static=1; extern=0; dir=2; type=1; pingpong=0; private_global=1; MemPort=[22]; IO mode=ap_memory:ce=0
Port [ regions_9]:  wired=0; compound=1; hidden=1; nouse=0; global=1; static=1; extern=0; dir=2; type=1; pingpong=0; private_global=1; MemPort=[22]; IO mode=ap_memory:ce=0
Port [ regions_25]:  wired=0; compound=1; hidden=1; nouse=0; global=1; static=1; extern=0; dir=2; type=1; pingpong=0; private_global=1; MemPort=[22]; IO mode=ap_memory:ce=0
Port [ regions_41]:  wired=0; compound=1; hidden=1; nouse=0; global=1; static=1; extern=0; dir=2; type=1; pingpong=0; private_global=1; MemPort=[22]; IO mode=ap_memory:ce=0
Port [ regions_10]:  wired=0; compound=1; hidden=1; nouse=0; global=1; static=1; extern=0; dir=2; type=1; pingpong=0; private_global=1; MemPort=[22]; IO mode=ap_memory:ce=0
Port [ regions_26]:  wired=0; compound=1; hidden=1; nouse=0; global=1; static=1; extern=0; dir=2; type=1; pingpong=0; private_global=1; MemPort=[22]; IO mode=ap_memory:ce=0
Port [ regions_42]:  wired=0; compound=1; hidden=1; nouse=0; global=1; static=1; extern=0; dir=2; type=1; pingpong=0; private_global=1; MemPort=[22]; IO mode=ap_memory:ce=0
Port [ regions_11]:  wired=0; compound=1; hidden=1; nouse=0; global=1; static=1; extern=0; dir=2; type=1; pingpong=0; private_global=1; MemPort=[22]; IO mode=ap_memory:ce=0
Port [ regions_27]:  wired=0; compound=1; hidden=1; nouse=0; global=1; static=1; extern=0; dir=2; type=1; pingpong=0; private_global=1; MemPort=[22]; IO mode=ap_memory:ce=0
Port [ regions_43]:  wired=0; compound=1; hidden=1; nouse=0; global=1; static=1; extern=0; dir=2; type=1; pingpong=0; private_global=1; MemPort=[22]; IO mode=ap_memory:ce=0
Port [ regions_12]:  wired=0; compound=1; hidden=1; nouse=0; global=1; static=1; extern=0; dir=2; type=1; pingpong=0; private_global=1; MemPort=[22]; IO mode=ap_memory:ce=0
Port [ regions_28]:  wired=0; compound=1; hidden=1; nouse=0; global=1; static=1; extern=0; dir=2; type=1; pingpong=0; private_global=1; MemPort=[22]; IO mode=ap_memory:ce=0
Port [ regions_44]:  wired=0; compound=1; hidden=1; nouse=0; global=1; static=1; extern=0; dir=2; type=1; pingpong=0; private_global=1; MemPort=[22]; IO mode=ap_memory:ce=0
Port [ regions_13]:  wired=0; compound=1; hidden=1; nouse=0; global=1; static=1; extern=0; dir=2; type=1; pingpong=0; private_global=1; MemPort=[22]; IO mode=ap_memory:ce=0
Port [ regions_29]:  wired=0; compound=1; hidden=1; nouse=0; global=1; static=1; extern=0; dir=2; type=1; pingpong=0; private_global=1; MemPort=[22]; IO mode=ap_memory:ce=0
Port [ regions_45]:  wired=0; compound=1; hidden=1; nouse=0; global=1; static=1; extern=0; dir=2; type=1; pingpong=0; private_global=1; MemPort=[22]; IO mode=ap_memory:ce=0
Port [ regions_14]:  wired=0; compound=1; hidden=1; nouse=0; global=1; static=1; extern=0; dir=2; type=1; pingpong=0; private_global=1; MemPort=[22]; IO mode=ap_memory:ce=0
Port [ regions_30]:  wired=0; compound=1; hidden=1; nouse=0; global=1; static=1; extern=0; dir=2; type=1; pingpong=0; private_global=1; MemPort=[22]; IO mode=ap_memory:ce=0
Port [ regions_46]:  wired=0; compound=1; hidden=1; nouse=0; global=1; static=1; extern=0; dir=2; type=1; pingpong=0; private_global=1; MemPort=[22]; IO mode=ap_memory:ce=0
Port [ regions_15]:  wired=0; compound=1; hidden=1; nouse=0; global=1; static=1; extern=0; dir=2; type=1; pingpong=0; private_global=1; MemPort=[21]; IO mode=ap_memory:ce=0
Port [ regions_31]:  wired=0; compound=1; hidden=1; nouse=0; global=1; static=1; extern=0; dir=2; type=1; pingpong=0; private_global=1; MemPort=[21]; IO mode=ap_memory:ce=0
Port [ regions_47]:  wired=0; compound=1; hidden=1; nouse=0; global=1; static=1; extern=0; dir=2; type=1; pingpong=0; private_global=1; MemPort=[21]; IO mode=ap_memory:ce=0
Port [ n_regions_V]:  wired=0; compound=1; hidden=1; nouse=0; global=1; static=1; extern=0; dir=2; type=1; pingpong=0; private_global=1; MemPort=[23]; IO mode=ap_memory:ce=0
---------------- STG Properties END ------------------

---------------- Datapath Model BEGIN ----------------

<LifeTime>
<method=bitvector/>
spectopmodule_ln642        (spectopmodule         ) [ 00000]
specinterface_ln642        (specinterface         ) [ 00000]
specinterface_ln0          (specinterface         ) [ 00000]
specinterface_ln0          (specinterface         ) [ 00000]
specmemcore_ln0            (specmemcore           ) [ 00000]
specbitsmap_ln0            (specbitsmap           ) [ 00000]
specinterface_ln0          (specinterface         ) [ 00000]
specinterface_ln0          (specinterface         ) [ 00000]
specmemcore_ln0            (specmemcore           ) [ 00000]
specbitsmap_ln0            (specbitsmap           ) [ 00000]
specinterface_ln0          (specinterface         ) [ 00000]
specbitsmap_ln0            (specbitsmap           ) [ 00000]
specinterface_ln0          (specinterface         ) [ 00000]
specbitsmap_ln0            (specbitsmap           ) [ 00000]
specinterface_ln0          (specinterface         ) [ 00000]
specinterface_ln0          (specinterface         ) [ 00000]
specmemcore_ln0            (specmemcore           ) [ 00000]
specbitsmap_ln0            (specbitsmap           ) [ 00000]
specinterface_ln0          (specinterface         ) [ 00000]
specinterface_ln0          (specinterface         ) [ 00000]
specmemcore_ln0            (specmemcore           ) [ 00000]
specbitsmap_ln0            (specbitsmap           ) [ 00000]
specinterface_ln0          (specinterface         ) [ 00000]
specbitsmap_ln0            (specbitsmap           ) [ 00000]
specinterface_ln0          (specinterface         ) [ 00000]
specbramwithbyteenable_ln0 (specbramwithbyteenable) [ 00000]
call_ln0                   (call                  ) [ 00000]
call_ln0                   (call                  ) [ 00000]
br_ln626                   (br                    ) [ 00000]
specloopname_ln626         (specloopname          ) [ 00000]
call_ln630                 (call                  ) [ 00000]
call_ln631                 (call                  ) [ 00000]
br_ln625                   (br                    ) [ 00000]
</LifeTime>

<model>

<comp_list>
<comp id="0" class="1000" name="errorInTask">
<pin_list>
<pin id="1" dir="1" index="0" bw="1" slack="0"/>
</pin_list>
<bind>
<StgValue><ssdm name="errorInTask"/><MemPortTyVec>0 </MemPortTyVec>
</StgValue>
</bind>
</comp>

<comp id="2" class="1000" name="outcomeInRam">
<pin_list>
<pin id="3" dir="1" index="0" bw="1" slack="0"/>
</pin_list>
<bind>
<StgValue><ssdm name="outcomeInRam"/><MemPortTyVec>0 </MemPortTyVec>
</StgValue>
</bind>
</comp>

<comp id="4" class="1000" name="testStream">
<pin_list>
<pin id="5" dir="1" index="0" bw="1" slack="0"/>
</pin_list>
<bind>
<StgValue><ssdm name="testStream"/></StgValue>
</bind>
</comp>

<comp id="6" class="1000" name="trainStream">
<pin_list>
<pin id="7" dir="1" index="0" bw="1" slack="0"/>
</pin_list>
<bind>
<StgValue><ssdm name="trainStream"/></StgValue>
</bind>
</comp>

<comp id="8" class="1000" name="trainedRegions">
<pin_list>
<pin id="9" dir="1" index="0" bw="1" slack="0"/>
</pin_list>
<bind>
<StgValue><ssdm name="trainedRegions"/><MemPortTyVec>1 </MemPortTyVec>
</StgValue>
</bind>
</comp>

<comp id="10" class="1000" name="n_regions_in">
<pin_list>
<pin id="11" dir="1" index="0" bw="1" slack="0"/>
</pin_list>
<bind>
<StgValue><ssdm name="n_regions_in"/><MemPortTyVec>1 </MemPortTyVec>
</StgValue>
</bind>
</comp>

<comp id="12" class="1000" name="toScheduler">
<pin_list>
<pin id="13" dir="1" index="0" bw="1" slack="0"/>
</pin_list>
<bind>
<StgValue><ssdm name="toScheduler"/></StgValue>
</bind>
</comp>

<comp id="14" class="1000" name="regions">
<pin_list>
<pin id="15" dir="1" index="0" bw="1" slack="0"/>
</pin_list>
<bind>
<StgValue><ssdm name="regions"/><MemPortTyVec>2 2 </MemPortTyVec>
</StgValue>
</bind>
</comp>

<comp id="16" class="1000" name="regions_16">
<pin_list>
<pin id="17" dir="1" index="0" bw="1" slack="0"/>
</pin_list>
<bind>
<StgValue><ssdm name="regions_16"/><MemPortTyVec>2 2 </MemPortTyVec>
</StgValue>
</bind>
</comp>

<comp id="18" class="1000" name="regions_32">
<pin_list>
<pin id="19" dir="1" index="0" bw="1" slack="0"/>
</pin_list>
<bind>
<StgValue><ssdm name="regions_32"/><MemPortTyVec>2 2 </MemPortTyVec>
</StgValue>
</bind>
</comp>

<comp id="20" class="1000" name="regions_1">
<pin_list>
<pin id="21" dir="1" index="0" bw="1" slack="0"/>
</pin_list>
<bind>
<StgValue><ssdm name="regions_1"/><MemPortTyVec>2 2 </MemPortTyVec>
</StgValue>
</bind>
</comp>

<comp id="22" class="1000" name="regions_17">
<pin_list>
<pin id="23" dir="1" index="0" bw="1" slack="0"/>
</pin_list>
<bind>
<StgValue><ssdm name="regions_17"/><MemPortTyVec>2 2 </MemPortTyVec>
</StgValue>
</bind>
</comp>

<comp id="24" class="1000" name="regions_33">
<pin_list>
<pin id="25" dir="1" index="0" bw="1" slack="0"/>
</pin_list>
<bind>
<StgValue><ssdm name="regions_33"/><MemPortTyVec>2 2 </MemPortTyVec>
</StgValue>
</bind>
</comp>

<comp id="26" class="1000" name="regions_2">
<pin_list>
<pin id="27" dir="1" index="0" bw="1" slack="0"/>
</pin_list>
<bind>
<StgValue><ssdm name="regions_2"/><MemPortTyVec>2 2 </MemPortTyVec>
</StgValue>
</bind>
</comp>

<comp id="28" class="1000" name="regions_18">
<pin_list>
<pin id="29" dir="1" index="0" bw="1" slack="0"/>
</pin_list>
<bind>
<StgValue><ssdm name="regions_18"/><MemPortTyVec>2 2 </MemPortTyVec>
</StgValue>
</bind>
</comp>

<comp id="30" class="1000" name="regions_34">
<pin_list>
<pin id="31" dir="1" index="0" bw="1" slack="0"/>
</pin_list>
<bind>
<StgValue><ssdm name="regions_34"/><MemPortTyVec>2 2 </MemPortTyVec>
</StgValue>
</bind>
</comp>

<comp id="32" class="1000" name="regions_3">
<pin_list>
<pin id="33" dir="1" index="0" bw="1" slack="0"/>
</pin_list>
<bind>
<StgValue><ssdm name="regions_3"/><MemPortTyVec>2 2 </MemPortTyVec>
</StgValue>
</bind>
</comp>

<comp id="34" class="1000" name="regions_19">
<pin_list>
<pin id="35" dir="1" index="0" bw="1" slack="0"/>
</pin_list>
<bind>
<StgValue><ssdm name="regions_19"/><MemPortTyVec>2 2 </MemPortTyVec>
</StgValue>
</bind>
</comp>

<comp id="36" class="1000" name="regions_35">
<pin_list>
<pin id="37" dir="1" index="0" bw="1" slack="0"/>
</pin_list>
<bind>
<StgValue><ssdm name="regions_35"/><MemPortTyVec>2 2 </MemPortTyVec>
</StgValue>
</bind>
</comp>

<comp id="38" class="1000" name="regions_4">
<pin_list>
<pin id="39" dir="1" index="0" bw="1" slack="0"/>
</pin_list>
<bind>
<StgValue><ssdm name="regions_4"/><MemPortTyVec>2 2 </MemPortTyVec>
</StgValue>
</bind>
</comp>

<comp id="40" class="1000" name="regions_20">
<pin_list>
<pin id="41" dir="1" index="0" bw="1" slack="0"/>
</pin_list>
<bind>
<StgValue><ssdm name="regions_20"/><MemPortTyVec>2 2 </MemPortTyVec>
</StgValue>
</bind>
</comp>

<comp id="42" class="1000" name="regions_36">
<pin_list>
<pin id="43" dir="1" index="0" bw="1" slack="0"/>
</pin_list>
<bind>
<StgValue><ssdm name="regions_36"/><MemPortTyVec>2 2 </MemPortTyVec>
</StgValue>
</bind>
</comp>

<comp id="44" class="1000" name="regions_5">
<pin_list>
<pin id="45" dir="1" index="0" bw="1" slack="0"/>
</pin_list>
<bind>
<StgValue><ssdm name="regions_5"/><MemPortTyVec>2 2 </MemPortTyVec>
</StgValue>
</bind>
</comp>

<comp id="46" class="1000" name="regions_21">
<pin_list>
<pin id="47" dir="1" index="0" bw="1" slack="0"/>
</pin_list>
<bind>
<StgValue><ssdm name="regions_21"/><MemPortTyVec>2 2 </MemPortTyVec>
</StgValue>
</bind>
</comp>

<comp id="48" class="1000" name="regions_37">
<pin_list>
<pin id="49" dir="1" index="0" bw="1" slack="0"/>
</pin_list>
<bind>
<StgValue><ssdm name="regions_37"/><MemPortTyVec>2 2 </MemPortTyVec>
</StgValue>
</bind>
</comp>

<comp id="50" class="1000" name="regions_6">
<pin_list>
<pin id="51" dir="1" index="0" bw="1" slack="0"/>
</pin_list>
<bind>
<StgValue><ssdm name="regions_6"/><MemPortTyVec>2 2 </MemPortTyVec>
</StgValue>
</bind>
</comp>

<comp id="52" class="1000" name="regions_22">
<pin_list>
<pin id="53" dir="1" index="0" bw="1" slack="0"/>
</pin_list>
<bind>
<StgValue><ssdm name="regions_22"/><MemPortTyVec>2 2 </MemPortTyVec>
</StgValue>
</bind>
</comp>

<comp id="54" class="1000" name="regions_38">
<pin_list>
<pin id="55" dir="1" index="0" bw="1" slack="0"/>
</pin_list>
<bind>
<StgValue><ssdm name="regions_38"/><MemPortTyVec>2 2 </MemPortTyVec>
</StgValue>
</bind>
</comp>

<comp id="56" class="1000" name="regions_7">
<pin_list>
<pin id="57" dir="1" index="0" bw="1" slack="0"/>
</pin_list>
<bind>
<StgValue><ssdm name="regions_7"/><MemPortTyVec>2 2 </MemPortTyVec>
</StgValue>
</bind>
</comp>

<comp id="58" class="1000" name="regions_23">
<pin_list>
<pin id="59" dir="1" index="0" bw="1" slack="0"/>
</pin_list>
<bind>
<StgValue><ssdm name="regions_23"/><MemPortTyVec>2 2 </MemPortTyVec>
</StgValue>
</bind>
</comp>

<comp id="60" class="1000" name="regions_39">
<pin_list>
<pin id="61" dir="1" index="0" bw="1" slack="0"/>
</pin_list>
<bind>
<StgValue><ssdm name="regions_39"/><MemPortTyVec>2 2 </MemPortTyVec>
</StgValue>
</bind>
</comp>

<comp id="62" class="1000" name="regions_8">
<pin_list>
<pin id="63" dir="1" index="0" bw="1" slack="0"/>
</pin_list>
<bind>
<StgValue><ssdm name="regions_8"/><MemPortTyVec>2 2 </MemPortTyVec>
</StgValue>
</bind>
</comp>

<comp id="64" class="1000" name="regions_24">
<pin_list>
<pin id="65" dir="1" index="0" bw="1" slack="0"/>
</pin_list>
<bind>
<StgValue><ssdm name="regions_24"/><MemPortTyVec>2 2 </MemPortTyVec>
</StgValue>
</bind>
</comp>

<comp id="66" class="1000" name="regions_40">
<pin_list>
<pin id="67" dir="1" index="0" bw="1" slack="0"/>
</pin_list>
<bind>
<StgValue><ssdm name="regions_40"/><MemPortTyVec>2 2 </MemPortTyVec>
</StgValue>
</bind>
</comp>

<comp id="68" class="1000" name="regions_9">
<pin_list>
<pin id="69" dir="1" index="0" bw="1" slack="0"/>
</pin_list>
<bind>
<StgValue><ssdm name="regions_9"/><MemPortTyVec>2 2 </MemPortTyVec>
</StgValue>
</bind>
</comp>

<comp id="70" class="1000" name="regions_25">
<pin_list>
<pin id="71" dir="1" index="0" bw="1" slack="0"/>
</pin_list>
<bind>
<StgValue><ssdm name="regions_25"/><MemPortTyVec>2 2 </MemPortTyVec>
</StgValue>
</bind>
</comp>

<comp id="72" class="1000" name="regions_41">
<pin_list>
<pin id="73" dir="1" index="0" bw="1" slack="0"/>
</pin_list>
<bind>
<StgValue><ssdm name="regions_41"/><MemPortTyVec>2 2 </MemPortTyVec>
</StgValue>
</bind>
</comp>

<comp id="74" class="1000" name="regions_10">
<pin_list>
<pin id="75" dir="1" index="0" bw="1" slack="0"/>
</pin_list>
<bind>
<StgValue><ssdm name="regions_10"/><MemPortTyVec>2 2 </MemPortTyVec>
</StgValue>
</bind>
</comp>

<comp id="76" class="1000" name="regions_26">
<pin_list>
<pin id="77" dir="1" index="0" bw="1" slack="0"/>
</pin_list>
<bind>
<StgValue><ssdm name="regions_26"/><MemPortTyVec>2 2 </MemPortTyVec>
</StgValue>
</bind>
</comp>

<comp id="78" class="1000" name="regions_42">
<pin_list>
<pin id="79" dir="1" index="0" bw="1" slack="0"/>
</pin_list>
<bind>
<StgValue><ssdm name="regions_42"/><MemPortTyVec>2 2 </MemPortTyVec>
</StgValue>
</bind>
</comp>

<comp id="80" class="1000" name="regions_11">
<pin_list>
<pin id="81" dir="1" index="0" bw="1" slack="0"/>
</pin_list>
<bind>
<StgValue><ssdm name="regions_11"/><MemPortTyVec>2 2 </MemPortTyVec>
</StgValue>
</bind>
</comp>

<comp id="82" class="1000" name="regions_27">
<pin_list>
<pin id="83" dir="1" index="0" bw="1" slack="0"/>
</pin_list>
<bind>
<StgValue><ssdm name="regions_27"/><MemPortTyVec>2 2 </MemPortTyVec>
</StgValue>
</bind>
</comp>

<comp id="84" class="1000" name="regions_43">
<pin_list>
<pin id="85" dir="1" index="0" bw="1" slack="0"/>
</pin_list>
<bind>
<StgValue><ssdm name="regions_43"/><MemPortTyVec>2 2 </MemPortTyVec>
</StgValue>
</bind>
</comp>

<comp id="86" class="1000" name="regions_12">
<pin_list>
<pin id="87" dir="1" index="0" bw="1" slack="0"/>
</pin_list>
<bind>
<StgValue><ssdm name="regions_12"/><MemPortTyVec>2 2 </MemPortTyVec>
</StgValue>
</bind>
</comp>

<comp id="88" class="1000" name="regions_28">
<pin_list>
<pin id="89" dir="1" index="0" bw="1" slack="0"/>
</pin_list>
<bind>
<StgValue><ssdm name="regions_28"/><MemPortTyVec>2 2 </MemPortTyVec>
</StgValue>
</bind>
</comp>

<comp id="90" class="1000" name="regions_44">
<pin_list>
<pin id="91" dir="1" index="0" bw="1" slack="0"/>
</pin_list>
<bind>
<StgValue><ssdm name="regions_44"/><MemPortTyVec>2 2 </MemPortTyVec>
</StgValue>
</bind>
</comp>

<comp id="92" class="1000" name="regions_13">
<pin_list>
<pin id="93" dir="1" index="0" bw="1" slack="0"/>
</pin_list>
<bind>
<StgValue><ssdm name="regions_13"/><MemPortTyVec>2 2 </MemPortTyVec>
</StgValue>
</bind>
</comp>

<comp id="94" class="1000" name="regions_29">
<pin_list>
<pin id="95" dir="1" index="0" bw="1" slack="0"/>
</pin_list>
<bind>
<StgValue><ssdm name="regions_29"/><MemPortTyVec>2 2 </MemPortTyVec>
</StgValue>
</bind>
</comp>

<comp id="96" class="1000" name="regions_45">
<pin_list>
<pin id="97" dir="1" index="0" bw="1" slack="0"/>
</pin_list>
<bind>
<StgValue><ssdm name="regions_45"/><MemPortTyVec>2 2 </MemPortTyVec>
</StgValue>
</bind>
</comp>

<comp id="98" class="1000" name="regions_14">
<pin_list>
<pin id="99" dir="1" index="0" bw="1" slack="0"/>
</pin_list>
<bind>
<StgValue><ssdm name="regions_14"/><MemPortTyVec>2 2 </MemPortTyVec>
</StgValue>
</bind>
</comp>

<comp id="100" class="1000" name="regions_30">
<pin_list>
<pin id="101" dir="1" index="0" bw="1" slack="0"/>
</pin_list>
<bind>
<StgValue><ssdm name="regions_30"/><MemPortTyVec>2 2 </MemPortTyVec>
</StgValue>
</bind>
</comp>

<comp id="102" class="1000" name="regions_46">
<pin_list>
<pin id="103" dir="1" index="0" bw="1" slack="0"/>
</pin_list>
<bind>
<StgValue><ssdm name="regions_46"/><MemPortTyVec>2 2 </MemPortTyVec>
</StgValue>
</bind>
</comp>

<comp id="104" class="1000" name="regions_15">
<pin_list>
<pin id="105" dir="1" index="0" bw="1" slack="0"/>
</pin_list>
<bind>
<StgValue><ssdm name="regions_15"/><MemPortTyVec>2 1 </MemPortTyVec>
</StgValue>
</bind>
</comp>

<comp id="106" class="1000" name="regions_31">
<pin_list>
<pin id="107" dir="1" index="0" bw="1" slack="0"/>
</pin_list>
<bind>
<StgValue><ssdm name="regions_31"/><MemPortTyVec>2 1 </MemPortTyVec>
</StgValue>
</bind>
</comp>

<comp id="108" class="1000" name="regions_47">
<pin_list>
<pin id="109" dir="1" index="0" bw="1" slack="0"/>
</pin_list>
<bind>
<StgValue><ssdm name="regions_47"/><MemPortTyVec>2 1 </MemPortTyVec>
</StgValue>
</bind>
</comp>

<comp id="110" class="1000" name="n_regions_V">
<pin_list>
<pin id="111" dir="1" index="0" bw="1" slack="0"/>
</pin_list>
<bind>
<StgValue><ssdm name="n_regions_V"/><MemPortTyVec>2 3 </MemPortTyVec>
</StgValue>
</bind>
</comp>

<comp id="112" class="1001" name="const_112">
<pin_list>
<pin id="113" dir="1" index="0" bw="1" slack="0"/>
</pin_list>
<bind>
<StgValue><ssdm name="run_Pipeline_VITIS_LOOP_686_1_VITIS_LOOP_688_2"/></StgValue>
</bind>
</comp>

<comp id="114" class="1001" name="const_114">
<pin_list>
<pin id="115" dir="1" index="0" bw="1" slack="0"/>
</pin_list>
<bind>
<StgValue><ssdm name="run_Pipeline_VITIS_LOOP_694_3"/></StgValue>
</bind>
</comp>

<comp id="116" class="1001" name="const_116">
<pin_list>
<pin id="117" dir="1" index="0" bw="1" slack="2147483647"/>
</pin_list>
<bind>
<StgValue><ssdm name="_ssdm_op_SpecTopModule"/></StgValue>
</bind>
</comp>

<comp id="118" class="1001" name="const_118">
<pin_list>
<pin id="119" dir="1" index="0" bw="1" slack="2147483647"/>
</pin_list>
<bind>
<StgValue><ssdm name="empty_3"/></StgValue>
</bind>
</comp>

<comp id="120" class="1001" name="const_120">
<pin_list>
<pin id="121" dir="1" index="0" bw="1" slack="2147483647"/>
</pin_list>
<bind>
<StgValue><ssdm name="_ssdm_op_SpecInterface"/></StgValue>
</bind>
</comp>

<comp id="122" class="1001" name="const_122">
<pin_list>
<pin id="123" dir="1" index="0" bw="1" slack="2147483647"/>
</pin_list>
<bind>
<StgValue><ssdm name=""/></StgValue>
</bind>
</comp>

<comp id="124" class="1001" name="const_124">
<pin_list>
<pin id="125" dir="1" index="0" bw="1" slack="2147483647"/>
</pin_list>
<bind>
<StgValue><ssdm name="empty_15"/></StgValue>
</bind>
</comp>

<comp id="126" class="1001" name="const_126">
<pin_list>
<pin id="127" dir="1" index="0" bw="1" slack="2147483647"/>
</pin_list>
<bind>
<StgValue><ssdm name="empty_5"/></StgValue>
</bind>
</comp>

<comp id="128" class="1001" name="const_128">
<pin_list>
<pin id="129" dir="1" index="0" bw="1" slack="2147483647"/>
</pin_list>
<bind>
<StgValue><ssdm name=""/></StgValue>
</bind>
</comp>

<comp id="130" class="1001" name="const_130">
<pin_list>
<pin id="131" dir="1" index="0" bw="1" slack="2147483647"/>
</pin_list>
<bind>
<StgValue><ssdm name="empty_4"/></StgValue>
</bind>
</comp>

<comp id="132" class="1001" name="const_132">
<pin_list>
<pin id="133" dir="1" index="0" bw="1" slack="2147483647"/>
</pin_list>
<bind>
<StgValue><ssdm name="empty_6"/></StgValue>
</bind>
</comp>

<comp id="134" class="1001" name="const_134">
<pin_list>
<pin id="135" dir="1" index="0" bw="1" slack="2147483647"/>
</pin_list>
<bind>
<StgValue><ssdm name="empty_7"/></StgValue>
</bind>
</comp>

<comp id="136" class="1001" name="const_136">
<pin_list>
<pin id="137" dir="1" index="0" bw="1" slack="2147483647"/>
</pin_list>
<bind>
<StgValue><ssdm name="empty"/></StgValue>
</bind>
</comp>

<comp id="138" class="1001" name="const_138">
<pin_list>
<pin id="139" dir="1" index="0" bw="1" slack="2147483647"/>
</pin_list>
<bind>
<StgValue><ssdm name=""/></StgValue>
</bind>
</comp>

<comp id="140" class="1001" name="const_140">
<pin_list>
<pin id="141" dir="1" index="0" bw="1" slack="2147483647"/>
</pin_list>
<bind>
<StgValue><ssdm name="_ssdm_op_SpecMemCore"/></StgValue>
</bind>
</comp>

<comp id="142" class="1001" name="const_142">
<pin_list>
<pin id="143" dir="1" index="0" bw="1" slack="2147483647"/>
</pin_list>
<bind>
<StgValue><ssdm name=""/></StgValue>
</bind>
</comp>

<comp id="144" class="1001" name="const_144">
<pin_list>
<pin id="145" dir="1" index="0" bw="1" slack="2147483647"/>
</pin_list>
<bind>
<StgValue><ssdm name=""/></StgValue>
</bind>
</comp>

<comp id="146" class="1001" name="const_146">
<pin_list>
<pin id="147" dir="1" index="0" bw="1" slack="2147483647"/>
</pin_list>
<bind>
<StgValue><ssdm name=""/></StgValue>
</bind>
</comp>

<comp id="148" class="1001" name="const_148">
<pin_list>
<pin id="149" dir="1" index="0" bw="1" slack="2147483647"/>
</pin_list>
<bind>
<StgValue><ssdm name="_ssdm_op_SpecBitsMap"/></StgValue>
</bind>
</comp>

<comp id="150" class="1001" name="const_150">
<pin_list>
<pin id="151" dir="1" index="0" bw="1" slack="2147483647"/>
</pin_list>
<bind>
<StgValue><ssdm name="empty_0"/></StgValue>
</bind>
</comp>

<comp id="152" class="1001" name="const_152">
<pin_list>
<pin id="153" dir="1" index="0" bw="1" slack="2147483647"/>
</pin_list>
<bind>
<StgValue><ssdm name="empty_8"/></StgValue>
</bind>
</comp>

<comp id="154" class="1001" name="const_154">
<pin_list>
<pin id="155" dir="1" index="0" bw="1" slack="2147483647"/>
</pin_list>
<bind>
<StgValue><ssdm name="empty_1"/></StgValue>
</bind>
</comp>

<comp id="156" class="1001" name="const_156">
<pin_list>
<pin id="157" dir="1" index="0" bw="1" slack="2147483647"/>
</pin_list>
<bind>
<StgValue><ssdm name="empty_14"/></StgValue>
</bind>
</comp>

<comp id="158" class="1001" name="const_158">
<pin_list>
<pin id="159" dir="1" index="0" bw="1" slack="2147483647"/>
</pin_list>
<bind>
<StgValue><ssdm name="empty_2"/></StgValue>
</bind>
</comp>

<comp id="160" class="1001" name="const_160">
<pin_list>
<pin id="161" dir="1" index="0" bw="1" slack="2147483647"/>
</pin_list>
<bind>
<StgValue><ssdm name="_ssdm_op_SpecBRAMWithByteEnable"/></StgValue>
</bind>
</comp>

<comp id="162" class="1001" name="const_162">
<pin_list>
<pin id="163" dir="1" index="0" bw="1" slack="0"/>
</pin_list>
<bind>
<StgValue><ssdm name="runTestAfterInit"/></StgValue>
</bind>
</comp>

<comp id="164" class="1001" name="const_164">
<pin_list>
<pin id="165" dir="1" index="0" bw="1" slack="0"/>
</pin_list>
<bind>
<StgValue><ssdm name="runTrainAfterInit"/></StgValue>
</bind>
</comp>

<comp id="166" class="1001" name="const_166">
<pin_list>
<pin id="167" dir="1" index="0" bw="1" slack="2147483647"/>
</pin_list>
<bind>
<StgValue><ssdm name="_ssdm_op_SpecLoopName"/></StgValue>
</bind>
</comp>

<comp id="168" class="1001" name="const_168">
<pin_list>
<pin id="169" dir="1" index="0" bw="1" slack="2147483647"/>
</pin_list>
<bind>
<StgValue><ssdm name="empty_16"/></StgValue>
</bind>
</comp>

<comp id="170" class="1004" name="grp_run_Pipeline_VITIS_LOOP_686_1_VITIS_LOOP_688_2_fu_170">
<pin_list>
<pin id="171" dir="0" index="0" bw="0" slack="0"/>
<pin id="172" dir="0" index="1" bw="32" slack="0"/>
<pin id="173" dir="0" index="2" bw="32" slack="0"/>
<pin id="174" dir="0" index="3" bw="32" slack="0"/>
<pin id="175" dir="0" index="4" bw="32" slack="0"/>
<pin id="176" dir="0" index="5" bw="32" slack="0"/>
<pin id="177" dir="0" index="6" bw="32" slack="0"/>
<pin id="178" dir="0" index="7" bw="32" slack="0"/>
<pin id="179" dir="0" index="8" bw="32" slack="0"/>
<pin id="180" dir="0" index="9" bw="32" slack="0"/>
<pin id="181" dir="0" index="10" bw="32" slack="0"/>
<pin id="182" dir="0" index="11" bw="32" slack="0"/>
<pin id="183" dir="0" index="12" bw="32" slack="0"/>
<pin id="184" dir="0" index="13" bw="32" slack="0"/>
<pin id="185" dir="0" index="14" bw="32" slack="0"/>
<pin id="186" dir="0" index="15" bw="32" slack="0"/>
<pin id="187" dir="0" index="16" bw="32" slack="0"/>
<pin id="188" dir="0" index="17" bw="32" slack="0"/>
<pin id="189" dir="0" index="18" bw="32" slack="0"/>
<pin id="190" dir="0" index="19" bw="32" slack="0"/>
<pin id="191" dir="0" index="20" bw="32" slack="0"/>
<pin id="192" dir="0" index="21" bw="32" slack="0"/>
<pin id="193" dir="0" index="22" bw="32" slack="0"/>
<pin id="194" dir="0" index="23" bw="32" slack="0"/>
<pin id="195" dir="0" index="24" bw="32" slack="0"/>
<pin id="196" dir="0" index="25" bw="32" slack="0"/>
<pin id="197" dir="0" index="26" bw="32" slack="0"/>
<pin id="198" dir="0" index="27" bw="32" slack="0"/>
<pin id="199" dir="0" index="28" bw="32" slack="0"/>
<pin id="200" dir="0" index="29" bw="32" slack="0"/>
<pin id="201" dir="0" index="30" bw="32" slack="0"/>
<pin id="202" dir="0" index="31" bw="32" slack="0"/>
<pin id="203" dir="0" index="32" bw="32" slack="0"/>
<pin id="204" dir="0" index="33" bw="32" slack="0"/>
<pin id="205" dir="0" index="34" bw="32" slack="0"/>
<pin id="206" dir="0" index="35" bw="32" slack="0"/>
<pin id="207" dir="0" index="36" bw="32" slack="0"/>
<pin id="208" dir="0" index="37" bw="32" slack="0"/>
<pin id="209" dir="0" index="38" bw="32" slack="0"/>
<pin id="210" dir="0" index="39" bw="32" slack="0"/>
<pin id="211" dir="0" index="40" bw="32" slack="0"/>
<pin id="212" dir="0" index="41" bw="32" slack="0"/>
<pin id="213" dir="0" index="42" bw="32" slack="0"/>
<pin id="214" dir="0" index="43" bw="32" slack="0"/>
<pin id="215" dir="0" index="44" bw="32" slack="0"/>
<pin id="216" dir="0" index="45" bw="32" slack="0"/>
<pin id="217" dir="0" index="46" bw="32" slack="0"/>
<pin id="218" dir="0" index="47" bw="32" slack="0"/>
<pin id="219" dir="0" index="48" bw="32" slack="0"/>
<pin id="220" dir="0" index="49" bw="32" slack="0"/>
<pin id="221" dir="1" index="50" bw="0" slack="2147483647"/>
</pin_list>
<bind>
<opcode="call(48) " fcode="call"/>
<opset="call_ln0/1 "/>
</bind>
</comp>

<comp id="272" class="1004" name="grp_run_Pipeline_VITIS_LOOP_694_3_fu_272">
<pin_list>
<pin id="273" dir="0" index="0" bw="0" slack="0"/>
<pin id="274" dir="0" index="1" bw="8" slack="0"/>
<pin id="275" dir="0" index="2" bw="8" slack="0"/>
<pin id="276" dir="1" index="3" bw="0" slack="2147483647"/>
</pin_list>
<bind>
<opcode="call(48) " fcode="call"/>
<opset="call_ln0/1 "/>
</bind>
</comp>

<comp id="280" class="1004" name="grp_runTestAfterInit_fu_280">
<pin_list>
<pin id="281" dir="0" index="0" bw="0" slack="0"/>
<pin id="282" dir="0" index="1" bw="288" slack="0"/>
<pin id="283" dir="0" index="2" bw="288" slack="0"/>
<pin id="284" dir="0" index="3" bw="8" slack="0"/>
<pin id="285" dir="0" index="4" bw="1" slack="0"/>
<pin id="286" dir="0" index="5" bw="8" slack="0"/>
<pin id="287" dir="0" index="6" bw="32" slack="0"/>
<pin id="288" dir="0" index="7" bw="32" slack="0"/>
<pin id="289" dir="0" index="8" bw="32" slack="0"/>
<pin id="290" dir="0" index="9" bw="32" slack="0"/>
<pin id="291" dir="0" index="10" bw="32" slack="0"/>
<pin id="292" dir="0" index="11" bw="32" slack="0"/>
<pin id="293" dir="0" index="12" bw="32" slack="0"/>
<pin id="294" dir="0" index="13" bw="32" slack="0"/>
<pin id="295" dir="0" index="14" bw="32" slack="0"/>
<pin id="296" dir="0" index="15" bw="32" slack="0"/>
<pin id="297" dir="0" index="16" bw="32" slack="0"/>
<pin id="298" dir="0" index="17" bw="32" slack="0"/>
<pin id="299" dir="0" index="18" bw="32" slack="0"/>
<pin id="300" dir="0" index="19" bw="32" slack="0"/>
<pin id="301" dir="0" index="20" bw="32" slack="0"/>
<pin id="302" dir="0" index="21" bw="32" slack="0"/>
<pin id="303" dir="0" index="22" bw="32" slack="0"/>
<pin id="304" dir="0" index="23" bw="32" slack="0"/>
<pin id="305" dir="0" index="24" bw="32" slack="0"/>
<pin id="306" dir="0" index="25" bw="32" slack="0"/>
<pin id="307" dir="0" index="26" bw="32" slack="0"/>
<pin id="308" dir="0" index="27" bw="32" slack="0"/>
<pin id="309" dir="0" index="28" bw="32" slack="0"/>
<pin id="310" dir="0" index="29" bw="32" slack="0"/>
<pin id="311" dir="0" index="30" bw="32" slack="0"/>
<pin id="312" dir="0" index="31" bw="32" slack="0"/>
<pin id="313" dir="0" index="32" bw="32" slack="0"/>
<pin id="314" dir="0" index="33" bw="32" slack="0"/>
<pin id="315" dir="0" index="34" bw="32" slack="0"/>
<pin id="316" dir="0" index="35" bw="32" slack="0"/>
<pin id="317" dir="0" index="36" bw="32" slack="0"/>
<pin id="318" dir="0" index="37" bw="32" slack="0"/>
<pin id="319" dir="0" index="38" bw="32" slack="0"/>
<pin id="320" dir="0" index="39" bw="32" slack="0"/>
<pin id="321" dir="0" index="40" bw="32" slack="0"/>
<pin id="322" dir="0" index="41" bw="32" slack="0"/>
<pin id="323" dir="0" index="42" bw="32" slack="0"/>
<pin id="324" dir="0" index="43" bw="32" slack="0"/>
<pin id="325" dir="0" index="44" bw="32" slack="0"/>
<pin id="326" dir="0" index="45" bw="32" slack="0"/>
<pin id="327" dir="0" index="46" bw="32" slack="0"/>
<pin id="328" dir="0" index="47" bw="32" slack="0"/>
<pin id="329" dir="0" index="48" bw="32" slack="0"/>
<pin id="330" dir="0" index="49" bw="32" slack="0"/>
<pin id="331" dir="0" index="50" bw="32" slack="0"/>
<pin id="332" dir="0" index="51" bw="32" slack="0"/>
<pin id="333" dir="0" index="52" bw="32" slack="0"/>
<pin id="334" dir="0" index="53" bw="32" slack="0"/>
<pin id="335" dir="1" index="54" bw="0" slack="2147483647"/>
</pin_list>
<bind>
<opcode="call(48) " fcode="call"/>
<opset="call_ln630/3 "/>
</bind>
</comp>

<comp id="390" class="1004" name="grp_runTrainAfterInit_fu_390">
<pin_list>
<pin id="391" dir="0" index="0" bw="0" slack="0"/>
<pin id="392" dir="0" index="1" bw="288" slack="0"/>
<pin id="393" dir="0" index="2" bw="32" slack="0"/>
<pin id="394" dir="0" index="3" bw="32" slack="0"/>
<pin id="395" dir="0" index="4" bw="32" slack="0"/>
<pin id="396" dir="0" index="5" bw="32" slack="0"/>
<pin id="397" dir="0" index="6" bw="32" slack="0"/>
<pin id="398" dir="0" index="7" bw="32" slack="0"/>
<pin id="399" dir="0" index="8" bw="32" slack="0"/>
<pin id="400" dir="0" index="9" bw="32" slack="0"/>
<pin id="401" dir="0" index="10" bw="32" slack="0"/>
<pin id="402" dir="0" index="11" bw="32" slack="0"/>
<pin id="403" dir="0" index="12" bw="32" slack="0"/>
<pin id="404" dir="0" index="13" bw="32" slack="0"/>
<pin id="405" dir="0" index="14" bw="32" slack="0"/>
<pin id="406" dir="0" index="15" bw="32" slack="0"/>
<pin id="407" dir="0" index="16" bw="32" slack="0"/>
<pin id="408" dir="0" index="17" bw="32" slack="0"/>
<pin id="409" dir="0" index="18" bw="32" slack="0"/>
<pin id="410" dir="0" index="19" bw="32" slack="0"/>
<pin id="411" dir="0" index="20" bw="32" slack="0"/>
<pin id="412" dir="0" index="21" bw="32" slack="0"/>
<pin id="413" dir="0" index="22" bw="32" slack="0"/>
<pin id="414" dir="0" index="23" bw="32" slack="0"/>
<pin id="415" dir="0" index="24" bw="32" slack="0"/>
<pin id="416" dir="0" index="25" bw="32" slack="0"/>
<pin id="417" dir="0" index="26" bw="32" slack="0"/>
<pin id="418" dir="0" index="27" bw="32" slack="0"/>
<pin id="419" dir="0" index="28" bw="32" slack="0"/>
<pin id="420" dir="0" index="29" bw="32" slack="0"/>
<pin id="421" dir="0" index="30" bw="32" slack="0"/>
<pin id="422" dir="0" index="31" bw="32" slack="0"/>
<pin id="423" dir="0" index="32" bw="32" slack="0"/>
<pin id="424" dir="0" index="33" bw="32" slack="0"/>
<pin id="425" dir="0" index="34" bw="32" slack="0"/>
<pin id="426" dir="0" index="35" bw="32" slack="0"/>
<pin id="427" dir="0" index="36" bw="32" slack="0"/>
<pin id="428" dir="0" index="37" bw="32" slack="0"/>
<pin id="429" dir="0" index="38" bw="32" slack="0"/>
<pin id="430" dir="0" index="39" bw="32" slack="0"/>
<pin id="431" dir="0" index="40" bw="32" slack="0"/>
<pin id="432" dir="0" index="41" bw="32" slack="0"/>
<pin id="433" dir="0" index="42" bw="32" slack="0"/>
<pin id="434" dir="0" index="43" bw="32" slack="0"/>
<pin id="435" dir="0" index="44" bw="32" slack="0"/>
<pin id="436" dir="0" index="45" bw="32" slack="0"/>
<pin id="437" dir="0" index="46" bw="32" slack="0"/>
<pin id="438" dir="0" index="47" bw="32" slack="0"/>
<pin id="439" dir="0" index="48" bw="32" slack="0"/>
<pin id="440" dir="0" index="49" bw="32" slack="0"/>
<pin id="441" dir="0" index="50" bw="8" slack="0"/>
<pin id="442" dir="1" index="51" bw="0" slack="2147483647"/>
</pin_list>
<bind>
<opcode="call(48) " fcode="call"/>
<opset="call_ln631/3 "/>
</bind>
</comp>

</comp_list>

<net_list>
<net id="222"><net_src comp="112" pin="0"/><net_sink comp="170" pin=0"/></net>

<net id="223"><net_src comp="8" pin="0"/><net_sink comp="170" pin=1"/></net>

<net id="224"><net_src comp="14" pin="0"/><net_sink comp="170" pin=2"/></net>

<net id="225"><net_src comp="16" pin="0"/><net_sink comp="170" pin=3"/></net>

<net id="226"><net_src comp="18" pin="0"/><net_sink comp="170" pin=4"/></net>

<net id="227"><net_src comp="20" pin="0"/><net_sink comp="170" pin=5"/></net>

<net id="228"><net_src comp="22" pin="0"/><net_sink comp="170" pin=6"/></net>

<net id="229"><net_src comp="24" pin="0"/><net_sink comp="170" pin=7"/></net>

<net id="230"><net_src comp="26" pin="0"/><net_sink comp="170" pin=8"/></net>

<net id="231"><net_src comp="28" pin="0"/><net_sink comp="170" pin=9"/></net>

<net id="232"><net_src comp="30" pin="0"/><net_sink comp="170" pin=10"/></net>

<net id="233"><net_src comp="32" pin="0"/><net_sink comp="170" pin=11"/></net>

<net id="234"><net_src comp="34" pin="0"/><net_sink comp="170" pin=12"/></net>

<net id="235"><net_src comp="36" pin="0"/><net_sink comp="170" pin=13"/></net>

<net id="236"><net_src comp="38" pin="0"/><net_sink comp="170" pin=14"/></net>

<net id="237"><net_src comp="40" pin="0"/><net_sink comp="170" pin=15"/></net>

<net id="238"><net_src comp="42" pin="0"/><net_sink comp="170" pin=16"/></net>

<net id="239"><net_src comp="44" pin="0"/><net_sink comp="170" pin=17"/></net>

<net id="240"><net_src comp="46" pin="0"/><net_sink comp="170" pin=18"/></net>

<net id="241"><net_src comp="48" pin="0"/><net_sink comp="170" pin=19"/></net>

<net id="242"><net_src comp="50" pin="0"/><net_sink comp="170" pin=20"/></net>

<net id="243"><net_src comp="52" pin="0"/><net_sink comp="170" pin=21"/></net>

<net id="244"><net_src comp="54" pin="0"/><net_sink comp="170" pin=22"/></net>

<net id="245"><net_src comp="56" pin="0"/><net_sink comp="170" pin=23"/></net>

<net id="246"><net_src comp="58" pin="0"/><net_sink comp="170" pin=24"/></net>

<net id="247"><net_src comp="60" pin="0"/><net_sink comp="170" pin=25"/></net>

<net id="248"><net_src comp="62" pin="0"/><net_sink comp="170" pin=26"/></net>

<net id="249"><net_src comp="64" pin="0"/><net_sink comp="170" pin=27"/></net>

<net id="250"><net_src comp="66" pin="0"/><net_sink comp="170" pin=28"/></net>

<net id="251"><net_src comp="68" pin="0"/><net_sink comp="170" pin=29"/></net>

<net id="252"><net_src comp="70" pin="0"/><net_sink comp="170" pin=30"/></net>

<net id="253"><net_src comp="72" pin="0"/><net_sink comp="170" pin=31"/></net>

<net id="254"><net_src comp="74" pin="0"/><net_sink comp="170" pin=32"/></net>

<net id="255"><net_src comp="76" pin="0"/><net_sink comp="170" pin=33"/></net>

<net id="256"><net_src comp="78" pin="0"/><net_sink comp="170" pin=34"/></net>

<net id="257"><net_src comp="80" pin="0"/><net_sink comp="170" pin=35"/></net>

<net id="258"><net_src comp="82" pin="0"/><net_sink comp="170" pin=36"/></net>

<net id="259"><net_src comp="84" pin="0"/><net_sink comp="170" pin=37"/></net>

<net id="260"><net_src comp="86" pin="0"/><net_sink comp="170" pin=38"/></net>

<net id="261"><net_src comp="88" pin="0"/><net_sink comp="170" pin=39"/></net>

<net id="262"><net_src comp="90" pin="0"/><net_sink comp="170" pin=40"/></net>

<net id="263"><net_src comp="92" pin="0"/><net_sink comp="170" pin=41"/></net>

<net id="264"><net_src comp="94" pin="0"/><net_sink comp="170" pin=42"/></net>

<net id="265"><net_src comp="96" pin="0"/><net_sink comp="170" pin=43"/></net>

<net id="266"><net_src comp="98" pin="0"/><net_sink comp="170" pin=44"/></net>

<net id="267"><net_src comp="100" pin="0"/><net_sink comp="170" pin=45"/></net>

<net id="268"><net_src comp="102" pin="0"/><net_sink comp="170" pin=46"/></net>

<net id="269"><net_src comp="104" pin="0"/><net_sink comp="170" pin=47"/></net>

<net id="270"><net_src comp="106" pin="0"/><net_sink comp="170" pin=48"/></net>

<net id="271"><net_src comp="108" pin="0"/><net_sink comp="170" pin=49"/></net>

<net id="277"><net_src comp="114" pin="0"/><net_sink comp="272" pin=0"/></net>

<net id="278"><net_src comp="10" pin="0"/><net_sink comp="272" pin=1"/></net>

<net id="279"><net_src comp="110" pin="0"/><net_sink comp="272" pin=2"/></net>

<net id="336"><net_src comp="162" pin="0"/><net_sink comp="280" pin=0"/></net>

<net id="337"><net_src comp="4" pin="0"/><net_sink comp="280" pin=1"/></net>

<net id="338"><net_src comp="2" pin="0"/><net_sink comp="280" pin=2"/></net>

<net id="339"><net_src comp="12" pin="0"/><net_sink comp="280" pin=3"/></net>

<net id="340"><net_src comp="0" pin="0"/><net_sink comp="280" pin=4"/></net>

<net id="341"><net_src comp="110" pin="0"/><net_sink comp="280" pin=5"/></net>

<net id="342"><net_src comp="14" pin="0"/><net_sink comp="280" pin=6"/></net>

<net id="343"><net_src comp="20" pin="0"/><net_sink comp="280" pin=7"/></net>

<net id="344"><net_src comp="26" pin="0"/><net_sink comp="280" pin=8"/></net>

<net id="345"><net_src comp="32" pin="0"/><net_sink comp="280" pin=9"/></net>

<net id="346"><net_src comp="38" pin="0"/><net_sink comp="280" pin=10"/></net>

<net id="347"><net_src comp="44" pin="0"/><net_sink comp="280" pin=11"/></net>

<net id="348"><net_src comp="50" pin="0"/><net_sink comp="280" pin=12"/></net>

<net id="349"><net_src comp="56" pin="0"/><net_sink comp="280" pin=13"/></net>

<net id="350"><net_src comp="62" pin="0"/><net_sink comp="280" pin=14"/></net>

<net id="351"><net_src comp="68" pin="0"/><net_sink comp="280" pin=15"/></net>

<net id="352"><net_src comp="74" pin="0"/><net_sink comp="280" pin=16"/></net>

<net id="353"><net_src comp="80" pin="0"/><net_sink comp="280" pin=17"/></net>

<net id="354"><net_src comp="86" pin="0"/><net_sink comp="280" pin=18"/></net>

<net id="355"><net_src comp="92" pin="0"/><net_sink comp="280" pin=19"/></net>

<net id="356"><net_src comp="98" pin="0"/><net_sink comp="280" pin=20"/></net>

<net id="357"><net_src comp="104" pin="0"/><net_sink comp="280" pin=21"/></net>

<net id="358"><net_src comp="16" pin="0"/><net_sink comp="280" pin=22"/></net>

<net id="359"><net_src comp="22" pin="0"/><net_sink comp="280" pin=23"/></net>

<net id="360"><net_src comp="28" pin="0"/><net_sink comp="280" pin=24"/></net>

<net id="361"><net_src comp="34" pin="0"/><net_sink comp="280" pin=25"/></net>

<net id="362"><net_src comp="40" pin="0"/><net_sink comp="280" pin=26"/></net>

<net id="363"><net_src comp="46" pin="0"/><net_sink comp="280" pin=27"/></net>

<net id="364"><net_src comp="52" pin="0"/><net_sink comp="280" pin=28"/></net>

<net id="365"><net_src comp="58" pin="0"/><net_sink comp="280" pin=29"/></net>

<net id="366"><net_src comp="64" pin="0"/><net_sink comp="280" pin=30"/></net>

<net id="367"><net_src comp="70" pin="0"/><net_sink comp="280" pin=31"/></net>

<net id="368"><net_src comp="76" pin="0"/><net_sink comp="280" pin=32"/></net>

<net id="369"><net_src comp="82" pin="0"/><net_sink comp="280" pin=33"/></net>

<net id="370"><net_src comp="88" pin="0"/><net_sink comp="280" pin=34"/></net>

<net id="371"><net_src comp="94" pin="0"/><net_sink comp="280" pin=35"/></net>

<net id="372"><net_src comp="100" pin="0"/><net_sink comp="280" pin=36"/></net>

<net id="373"><net_src comp="106" pin="0"/><net_sink comp="280" pin=37"/></net>

<net id="374"><net_src comp="18" pin="0"/><net_sink comp="280" pin=38"/></net>

<net id="375"><net_src comp="24" pin="0"/><net_sink comp="280" pin=39"/></net>

<net id="376"><net_src comp="30" pin="0"/><net_sink comp="280" pin=40"/></net>

<net id="377"><net_src comp="36" pin="0"/><net_sink comp="280" pin=41"/></net>

<net id="378"><net_src comp="42" pin="0"/><net_sink comp="280" pin=42"/></net>

<net id="379"><net_src comp="48" pin="0"/><net_sink comp="280" pin=43"/></net>

<net id="380"><net_src comp="54" pin="0"/><net_sink comp="280" pin=44"/></net>

<net id="381"><net_src comp="60" pin="0"/><net_sink comp="280" pin=45"/></net>

<net id="382"><net_src comp="66" pin="0"/><net_sink comp="280" pin=46"/></net>

<net id="383"><net_src comp="72" pin="0"/><net_sink comp="280" pin=47"/></net>

<net id="384"><net_src comp="78" pin="0"/><net_sink comp="280" pin=48"/></net>

<net id="385"><net_src comp="84" pin="0"/><net_sink comp="280" pin=49"/></net>

<net id="386"><net_src comp="90" pin="0"/><net_sink comp="280" pin=50"/></net>

<net id="387"><net_src comp="96" pin="0"/><net_sink comp="280" pin=51"/></net>

<net id="388"><net_src comp="102" pin="0"/><net_sink comp="280" pin=52"/></net>

<net id="389"><net_src comp="108" pin="0"/><net_sink comp="280" pin=53"/></net>

<net id="443"><net_src comp="164" pin="0"/><net_sink comp="390" pin=0"/></net>

<net id="444"><net_src comp="6" pin="0"/><net_sink comp="390" pin=1"/></net>

<net id="445"><net_src comp="14" pin="0"/><net_sink comp="390" pin=2"/></net>

<net id="446"><net_src comp="20" pin="0"/><net_sink comp="390" pin=3"/></net>

<net id="447"><net_src comp="26" pin="0"/><net_sink comp="390" pin=4"/></net>

<net id="448"><net_src comp="32" pin="0"/><net_sink comp="390" pin=5"/></net>

<net id="449"><net_src comp="38" pin="0"/><net_sink comp="390" pin=6"/></net>

<net id="450"><net_src comp="44" pin="0"/><net_sink comp="390" pin=7"/></net>

<net id="451"><net_src comp="50" pin="0"/><net_sink comp="390" pin=8"/></net>

<net id="452"><net_src comp="56" pin="0"/><net_sink comp="390" pin=9"/></net>

<net id="453"><net_src comp="62" pin="0"/><net_sink comp="390" pin=10"/></net>

<net id="454"><net_src comp="68" pin="0"/><net_sink comp="390" pin=11"/></net>

<net id="455"><net_src comp="74" pin="0"/><net_sink comp="390" pin=12"/></net>

<net id="456"><net_src comp="80" pin="0"/><net_sink comp="390" pin=13"/></net>

<net id="457"><net_src comp="86" pin="0"/><net_sink comp="390" pin=14"/></net>

<net id="458"><net_src comp="92" pin="0"/><net_sink comp="390" pin=15"/></net>

<net id="459"><net_src comp="98" pin="0"/><net_sink comp="390" pin=16"/></net>

<net id="460"><net_src comp="104" pin="0"/><net_sink comp="390" pin=17"/></net>

<net id="461"><net_src comp="16" pin="0"/><net_sink comp="390" pin=18"/></net>

<net id="462"><net_src comp="22" pin="0"/><net_sink comp="390" pin=19"/></net>

<net id="463"><net_src comp="28" pin="0"/><net_sink comp="390" pin=20"/></net>

<net id="464"><net_src comp="34" pin="0"/><net_sink comp="390" pin=21"/></net>

<net id="465"><net_src comp="40" pin="0"/><net_sink comp="390" pin=22"/></net>

<net id="466"><net_src comp="46" pin="0"/><net_sink comp="390" pin=23"/></net>

<net id="467"><net_src comp="52" pin="0"/><net_sink comp="390" pin=24"/></net>

<net id="468"><net_src comp="58" pin="0"/><net_sink comp="390" pin=25"/></net>

<net id="469"><net_src comp="64" pin="0"/><net_sink comp="390" pin=26"/></net>

<net id="470"><net_src comp="70" pin="0"/><net_sink comp="390" pin=27"/></net>

<net id="471"><net_src comp="76" pin="0"/><net_sink comp="390" pin=28"/></net>

<net id="472"><net_src comp="82" pin="0"/><net_sink comp="390" pin=29"/></net>

<net id="473"><net_src comp="88" pin="0"/><net_sink comp="390" pin=30"/></net>

<net id="474"><net_src comp="94" pin="0"/><net_sink comp="390" pin=31"/></net>

<net id="475"><net_src comp="100" pin="0"/><net_sink comp="390" pin=32"/></net>

<net id="476"><net_src comp="106" pin="0"/><net_sink comp="390" pin=33"/></net>

<net id="477"><net_src comp="18" pin="0"/><net_sink comp="390" pin=34"/></net>

<net id="478"><net_src comp="24" pin="0"/><net_sink comp="390" pin=35"/></net>

<net id="479"><net_src comp="30" pin="0"/><net_sink comp="390" pin=36"/></net>

<net id="480"><net_src comp="36" pin="0"/><net_sink comp="390" pin=37"/></net>

<net id="481"><net_src comp="42" pin="0"/><net_sink comp="390" pin=38"/></net>

<net id="482"><net_src comp="48" pin="0"/><net_sink comp="390" pin=39"/></net>

<net id="483"><net_src comp="54" pin="0"/><net_sink comp="390" pin=40"/></net>

<net id="484"><net_src comp="60" pin="0"/><net_sink comp="390" pin=41"/></net>

<net id="485"><net_src comp="66" pin="0"/><net_sink comp="390" pin=42"/></net>

<net id="486"><net_src comp="72" pin="0"/><net_sink comp="390" pin=43"/></net>

<net id="487"><net_src comp="78" pin="0"/><net_sink comp="390" pin=44"/></net>

<net id="488"><net_src comp="84" pin="0"/><net_sink comp="390" pin=45"/></net>

<net id="489"><net_src comp="90" pin="0"/><net_sink comp="390" pin=46"/></net>

<net id="490"><net_src comp="96" pin="0"/><net_sink comp="390" pin=47"/></net>

<net id="491"><net_src comp="102" pin="0"/><net_sink comp="390" pin=48"/></net>

<net id="492"><net_src comp="108" pin="0"/><net_sink comp="390" pin=49"/></net>

<net id="493"><net_src comp="110" pin="0"/><net_sink comp="390" pin=50"/></net>

</net_list>

</model> 
---------------- Datapath Model END ------------------

* FSMD analyzer results:
  - Output states:
	Port: errorInTask | {3 4 }
	Port: outcomeInRam | {3 4 }
	Port: toScheduler | {3 4 }
	Port: regions | {1 2 3 4 }
	Port: regions_16 | {1 2 3 4 }
	Port: regions_32 | {1 2 3 4 }
	Port: regions_1 | {1 2 3 4 }
	Port: regions_17 | {1 2 3 4 }
	Port: regions_33 | {1 2 3 4 }
	Port: regions_2 | {1 2 3 4 }
	Port: regions_18 | {1 2 3 4 }
	Port: regions_34 | {1 2 3 4 }
	Port: regions_3 | {1 2 3 4 }
	Port: regions_19 | {1 2 3 4 }
	Port: regions_35 | {1 2 3 4 }
	Port: regions_4 | {1 2 3 4 }
	Port: regions_20 | {1 2 3 4 }
	Port: regions_36 | {1 2 3 4 }
	Port: regions_5 | {1 2 3 4 }
	Port: regions_21 | {1 2 3 4 }
	Port: regions_37 | {1 2 3 4 }
	Port: regions_6 | {1 2 3 4 }
	Port: regions_22 | {1 2 3 4 }
	Port: regions_38 | {1 2 3 4 }
	Port: regions_7 | {1 2 3 4 }
	Port: regions_23 | {1 2 3 4 }
	Port: regions_39 | {1 2 3 4 }
	Port: regions_8 | {1 2 3 4 }
	Port: regions_24 | {1 2 3 4 }
	Port: regions_40 | {1 2 3 4 }
	Port: regions_9 | {1 2 3 4 }
	Port: regions_25 | {1 2 3 4 }
	Port: regions_41 | {1 2 3 4 }
	Port: regions_10 | {1 2 3 4 }
	Port: regions_26 | {1 2 3 4 }
	Port: regions_42 | {1 2 3 4 }
	Port: regions_11 | {1 2 3 4 }
	Port: regions_27 | {1 2 3 4 }
	Port: regions_43 | {1 2 3 4 }
	Port: regions_12 | {1 2 3 4 }
	Port: regions_28 | {1 2 3 4 }
	Port: regions_44 | {1 2 3 4 }
	Port: regions_13 | {1 2 3 4 }
	Port: regions_29 | {1 2 3 4 }
	Port: regions_45 | {1 2 3 4 }
	Port: regions_14 | {1 2 3 4 }
	Port: regions_30 | {1 2 3 4 }
	Port: regions_46 | {1 2 3 4 }
	Port: regions_15 | {1 2 3 4 }
	Port: regions_31 | {1 2 3 4 }
	Port: regions_47 | {1 2 3 4 }
	Port: n_regions_V | {1 2 3 4 }
 - Input state : 
	Port: run : testStream | {3 4 }
	Port: run : trainStream | {3 4 }
	Port: run : trainedRegions | {1 2 }
	Port: run : n_regions_in | {1 2 }
	Port: run : regions | {3 4 }
	Port: run : regions_16 | {3 4 }
	Port: run : regions_32 | {3 4 }
	Port: run : regions_1 | {3 4 }
	Port: run : regions_17 | {3 4 }
	Port: run : regions_33 | {3 4 }
	Port: run : regions_2 | {3 4 }
	Port: run : regions_18 | {3 4 }
	Port: run : regions_34 | {3 4 }
	Port: run : regions_3 | {3 4 }
	Port: run : regions_19 | {3 4 }
	Port: run : regions_35 | {3 4 }
	Port: run : regions_4 | {3 4 }
	Port: run : regions_20 | {3 4 }
	Port: run : regions_36 | {3 4 }
	Port: run : regions_5 | {3 4 }
	Port: run : regions_21 | {3 4 }
	Port: run : regions_37 | {3 4 }
	Port: run : regions_6 | {3 4 }
	Port: run : regions_22 | {3 4 }
	Port: run : regions_38 | {3 4 }
	Port: run : regions_7 | {3 4 }
	Port: run : regions_23 | {3 4 }
	Port: run : regions_39 | {3 4 }
	Port: run : regions_8 | {3 4 }
	Port: run : regions_24 | {3 4 }
	Port: run : regions_40 | {3 4 }
	Port: run : regions_9 | {3 4 }
	Port: run : regions_25 | {3 4 }
	Port: run : regions_41 | {3 4 }
	Port: run : regions_10 | {3 4 }
	Port: run : regions_26 | {3 4 }
	Port: run : regions_42 | {3 4 }
	Port: run : regions_11 | {3 4 }
	Port: run : regions_27 | {3 4 }
	Port: run : regions_43 | {3 4 }
	Port: run : regions_12 | {3 4 }
	Port: run : regions_28 | {3 4 }
	Port: run : regions_44 | {3 4 }
	Port: run : regions_13 | {3 4 }
	Port: run : regions_29 | {3 4 }
	Port: run : regions_45 | {3 4 }
	Port: run : regions_14 | {3 4 }
	Port: run : regions_30 | {3 4 }
	Port: run : regions_46 | {3 4 }
	Port: run : regions_15 | {3 4 }
	Port: run : regions_31 | {3 4 }
	Port: run : regions_47 | {3 4 }
	Port: run : n_regions_V | {3 4 }
  - Chain level:
	State 1
	State 2
	State 3
	State 4


============================================================
+ Verbose Summary: Datapath Resource usage 
============================================================

* Functional unit list:
|----------|-----------------------------------------------------------|---------|---------|---------|---------|---------|---------|
| Operation|                      Functional Unit                      |   BRAM  |   DSP   |  Delay  |    FF   |   LUT   |   URAM  |
|----------|-----------------------------------------------------------|---------|---------|---------|---------|---------|---------|
|          | grp_run_Pipeline_VITIS_LOOP_686_1_VITIS_LOOP_688_2_fu_170 |    0    |   213   | 224.347 |   1566  |   6717  |    0    |
|   call   |          grp_run_Pipeline_VITIS_LOOP_694_3_fu_272         |    0    |    0    |  1.588  |    77   |    33   |    0    |
|          |                grp_runTestAfterInit_fu_280                |    0    |    56   | 433.766 |  37649  |  15244  |    0    |
|          |                grp_runTrainAfterInit_fu_390               |    0    |   130   | 710.372 |  45313  |  33789  |    0    |
|----------|-----------------------------------------------------------|---------|---------|---------|---------|---------|---------|
|   Total  |                                                           |    0    |   399   | 1370.07 |  84605  |  55783  |    0    |
|----------|-----------------------------------------------------------|---------|---------|---------|---------|---------|---------|

Memories:
+-----------+--------+--------+--------+--------+
|           |  BRAM  |   FF   |   LUT  |  URAM  |
+-----------+--------+--------+--------+--------+
|n_regions_V|    0   |    8   |    8   |    0   |
|  regions  |    2   |    0   |    0   |    0   |
| regions_1 |    2   |    0   |    0   |    0   |
| regions_10|    2   |    0   |    0   |    0   |
| regions_11|    2   |    0   |    0   |    0   |
| regions_12|    2   |    0   |    0   |    0   |
| regions_13|    2   |    0   |    0   |    0   |
| regions_14|    2   |    0   |    0   |    0   |
| regions_15|    2   |    0   |    0   |    0   |
| regions_16|    2   |    0   |    0   |    0   |
| regions_17|    2   |    0   |    0   |    0   |
| regions_18|    2   |    0   |    0   |    0   |
| regions_19|    2   |    0   |    0   |    0   |
| regions_2 |    2   |    0   |    0   |    0   |
| regions_20|    2   |    0   |    0   |    0   |
| regions_21|    2   |    0   |    0   |    0   |
| regions_22|    2   |    0   |    0   |    0   |
| regions_23|    2   |    0   |    0   |    0   |
| regions_24|    2   |    0   |    0   |    0   |
| regions_25|    2   |    0   |    0   |    0   |
| regions_26|    2   |    0   |    0   |    0   |
| regions_27|    2   |    0   |    0   |    0   |
| regions_28|    2   |    0   |    0   |    0   |
| regions_29|    2   |    0   |    0   |    0   |
| regions_3 |    2   |    0   |    0   |    0   |
| regions_30|    2   |    0   |    0   |    0   |
| regions_31|    2   |    0   |    0   |    0   |
| regions_32|    2   |    0   |    0   |    0   |
| regions_33|    2   |    0   |    0   |    0   |
| regions_34|    2   |    0   |    0   |    0   |
| regions_35|    2   |    0   |    0   |    0   |
| regions_36|    2   |    0   |    0   |    0   |
| regions_37|    2   |    0   |    0   |    0   |
| regions_38|    2   |    0   |    0   |    0   |
| regions_39|    2   |    0   |    0   |    0   |
| regions_4 |    2   |    0   |    0   |    0   |
| regions_40|    2   |    0   |    0   |    0   |
| regions_41|    2   |    0   |    0   |    0   |
| regions_42|    2   |    0   |    0   |    0   |
| regions_43|    2   |    0   |    0   |    0   |
| regions_44|    2   |    0   |    0   |    0   |
| regions_45|    2   |    0   |    0   |    0   |
| regions_46|    2   |    0   |    0   |    0   |
| regions_47|    2   |    0   |    0   |    0   |
| regions_5 |    2   |    0   |    0   |    0   |
| regions_6 |    2   |    0   |    0   |    0   |
| regions_7 |    2   |    0   |    0   |    0   |
| regions_8 |    2   |    0   |    0   |    0   |
| regions_9 |    2   |    0   |    0   |    0   |
+-----------+--------+--------+--------+--------+
|   Total   |   96   |    8   |    8   |    0   |
+-----------+--------+--------+--------+--------+

* Register list:
N/A

* Multiplexer (MUX) list: 
|--------|------|------|------|--------|
|  Comp  |  Pin | Size |  BW  | S x BW |
|--------|------|------|------|--------|
|  Total |      |      |      |    0   |
|--------|------|------|------|--------|



* Summary:
+-----------+--------+--------+--------+--------+--------+--------+
|           |  BRAM  |   DSP  |  Delay |   FF   |   LUT  |  URAM  |
+-----------+--------+--------+--------+--------+--------+--------+
|  Function |    0   |   399  |  1370  |  84605 |  55783 |    0   |
|   Memory  |   96   |    -   |    -   |    8   |    8   |    0   |
|Multiplexer|    -   |    -   |    -   |    -   |    -   |    -   |
|  Register |    -   |    -   |    -   |    -   |    -   |    -   |
+-----------+--------+--------+--------+--------+--------+--------+
|   Total   |   96   |   399  |  1370  |  84613 |  55791 |    0   |
+-----------+--------+--------+--------+--------+--------+--------+
