

================================================================
== Vitis HLS Report for 'trainPipelineBody'
================================================================
* Date:           Wed Oct 19 19:20:40 2022

* Version:        2021.2 (Build 3367213 on Tue Oct 19 02:48:09 MDT 2021)
* Project:        detector_solid
* Solution:       solution2 (Vitis Kernel Flow Target)
* Product family: zynq
* Target device:  xc7z020-clg484-1


================================================================
== Performance Estimates
================================================================
+ Timing: 
    * Summary: 
    +--------+----------+-----------+------------+
    |  Clock |  Target  | Estimated | Uncertainty|
    +--------+----------+-----------+------------+
    |ap_clk  |  18.00 ns|  13.694 ns|     4.86 ns|
    +--------+----------+-----------+------------+

+ Latency: 
    * Summary: 
    +---------+---------+-----------+-----------+-----+------+----------+
    |  Latency (cycles) |   Latency (absolute)  |  Interval  | Pipeline |
    |   min   |   max   |    min    |    max    | min |  max |   Type   |
    +---------+---------+-----------+-----------+-----+------+----------+
    |        2|     1278|  36.000 ns|  23.004 us|    3|  1279|  dataflow|
    +---------+---------+-----------+-----------+-----+------+----------+

    + Detail: 
        * Instance: 
        +--------------------------------------------------+---------------------------------------+---------+---------+-----------+-----------+-----+------+---------+
        |                                                  |                                       |  Latency (cycles) |   Latency (absolute)  |  Interval  | Pipeline|
        |                     Instance                     |                 Module                |   min   |   max   |    min    |    max    | min |  max |   Type  |
        +--------------------------------------------------+---------------------------------------+---------+---------+-----------+-----------+-----+------+---------+
        |grp_read_data_1_fu_292                            |read_data_1                            |        2|       93|  36.000 ns|   1.674 us|    2|    93|       no|
        |grp_trainPipelineBody_Block_split174_proc_fu_330  |trainPipelineBody_Block_split174_proc  |        2|     1278|  36.000 ns|  23.004 us|    2|  1278|       no|
        +--------------------------------------------------+---------------------------------------+---------+---------+-----------+-----------+-----+------+---------+

        * Loop: 
        N/A

============================================================
+ Verbose Summary: Synthesis Manager
============================================================
InlineROM: 1
ExposeGlobal: 0
============================================================
+ Verbose Summary: CDFG Model
============================================================
IsTopModel: 0
ResetActiveHigh: 1
IsCombinational: 2
IsDatapathOnly: 0
HasWiredReturn: 1
HasMFsm: 0
HasVarLatency: 1
IsPipeline: 0
IsRtlPipelined: 0
IsInstanceOverlapped: 0
IsDontTouch: 0
HasImplIP: 0
IsGatedGlobalClock: 0


============================================================
+ Verbose Summary: Schedule
============================================================
* Number of FSM states : 2
* Pipeline : 0
* Dataflow Pipeline: 1
  DF-Pipeline-0: Size = 2, States = { 1 2 }

* FSM state transitions: 
1 --> 2 
2 --> 

* FSM state operations: 

State 1 <SV = 0> <Delay = 13.1>
ST_1 : Operation 3 [1/1] (0.00ns)   --->   "%inputAOV_read = read i64 @_ssdm_op_Read.ap_auto.i64, i64 %inputAOV" [detector_solid/abs_solid_detector.cpp:680]   --->   Operation 3 'read' 'inputAOV_read' <Predicate = true> <Delay = 0.00>
ST_1 : Operation 4 [1/1] (0.00ns)   --->   "%p_read_18 = read i32 @_ssdm_op_Read.ap_auto.float, i32 %p_read9" [detector_solid/abs_solid_detector.cpp:680]   --->   Operation 4 'read' 'p_read_18' <Predicate = true> <Delay = 0.00>
ST_1 : Operation 5 [1/1] (0.00ns)   --->   "%p_read818 = read i32 @_ssdm_op_Read.ap_auto.float, i32 %p_read8" [detector_solid/abs_solid_detector.cpp:680]   --->   Operation 5 'read' 'p_read818' <Predicate = true> <Delay = 0.00>
ST_1 : Operation 6 [1/1] (0.00ns)   --->   "%p_read717 = read i32 @_ssdm_op_Read.ap_auto.float, i32 %p_read7" [detector_solid/abs_solid_detector.cpp:680]   --->   Operation 6 'read' 'p_read717' <Predicate = true> <Delay = 0.00>
ST_1 : Operation 7 [1/1] (0.00ns)   --->   "%p_read616 = read i32 @_ssdm_op_Read.ap_auto.float, i32 %p_read6" [detector_solid/abs_solid_detector.cpp:680]   --->   Operation 7 'read' 'p_read616' <Predicate = true> <Delay = 0.00>
ST_1 : Operation 8 [1/1] (0.00ns)   --->   "%p_read515 = read i32 @_ssdm_op_Read.ap_auto.float, i32 %p_read5" [detector_solid/abs_solid_detector.cpp:680]   --->   Operation 8 'read' 'p_read515' <Predicate = true> <Delay = 0.00>
ST_1 : Operation 9 [1/1] (0.00ns)   --->   "%p_read414 = read i32 @_ssdm_op_Read.ap_auto.float, i32 %p_read4" [detector_solid/abs_solid_detector.cpp:680]   --->   Operation 9 'read' 'p_read414' <Predicate = true> <Delay = 0.00>
ST_1 : Operation 10 [1/1] (0.00ns)   --->   "%p_read313 = read i32 @_ssdm_op_Read.ap_auto.float, i32 %p_read3" [detector_solid/abs_solid_detector.cpp:680]   --->   Operation 10 'read' 'p_read313' <Predicate = true> <Delay = 0.00>
ST_1 : Operation 11 [1/1] (0.00ns)   --->   "%p_read212 = read i32 @_ssdm_op_Read.ap_auto.float, i32 %p_read2" [detector_solid/abs_solid_detector.cpp:680]   --->   Operation 11 'read' 'p_read212' <Predicate = true> <Delay = 0.00>
ST_1 : Operation 12 [1/1] (0.00ns)   --->   "%p_read111 = read i6 @_ssdm_op_Read.ap_auto.i6, i6 %p_read1" [detector_solid/abs_solid_detector.cpp:680]   --->   Operation 12 'read' 'p_read111' <Predicate = true> <Delay = 0.00>
ST_1 : Operation 13 [1/1] (0.00ns)   --->   "%p_read_19 = read i1 @_ssdm_op_Read.ap_auto.i1, i1 %p_read" [detector_solid/abs_solid_detector.cpp:680]   --->   Operation 13 'read' 'p_read_19' <Predicate = true> <Delay = 0.00>
ST_1 : Operation 14 [2/2] (13.1ns)   --->   "%call_ln680 = call void @read_data.1, i1 %bubblePong, i8 %data_in_vld_in, i8 %data_in_vld_out, i6 %checkIdPong, i8 %taskIdPong, i8 %executionIdPong, i16 %uniIdPong, i32 %AOVPong_0, i32 %AOVPong_1, i32 %AOVPong_2, i32 %AOVPong_3, i32 %AOVPong_4, i32 %AOVPong_5, i32 %AOVPong_6, i32 %AOVPong_7, i512 %gmem, i64 %inputAOV_read" [detector_solid/abs_solid_detector.cpp:680]   --->   Operation 14 'call' 'call_ln680' <Predicate = true> <Delay = 13.1> <CoreType = "Generic">   --->   Core 0 '' <Latency = 0> <II = 1> <Delay = 1.00> <Generic> <Opcode : >
ST_1 : Operation 15 [2/2] (4.84ns)   --->   "%call_ln680 = call void @trainPipelineBody_Block_.split174_proc, i6 %p_read111, i1 %p_read_19, i32 %p_read212, i32 %p_read313, i32 %p_read414, i32 %p_read515, i32 %p_read616, i32 %p_read717, i32 %p_read818, i32 %p_read_18, i8 %p_ZL9n_regions_63, i32 %regions, i32 %regions_1, i32 %regions_2, i32 %regions_3, i32 %regions_4, i32 %regions_5, i8 %p_ZL9n_regions_0, i8 %p_ZL9n_regions_1, i8 %p_ZL9n_regions_2, i8 %p_ZL9n_regions_3, i8 %p_ZL9n_regions_4, i8 %p_ZL9n_regions_5, i8 %p_ZL9n_regions_6, i8 %p_ZL9n_regions_7, i8 %p_ZL9n_regions_8, i8 %p_ZL9n_regions_9, i8 %p_ZL9n_regions_10, i8 %p_ZL9n_regions_11, i8 %p_ZL9n_regions_12, i8 %p_ZL9n_regions_13, i8 %p_ZL9n_regions_14, i8 %p_ZL9n_regions_15, i8 %p_ZL9n_regions_16, i8 %p_ZL9n_regions_17, i8 %p_ZL9n_regions_18, i8 %p_ZL9n_regions_19, i8 %p_ZL9n_regions_20, i8 %p_ZL9n_regions_21, i8 %p_ZL9n_regions_22, i8 %p_ZL9n_regions_23, i8 %p_ZL9n_regions_24, i8 %p_ZL9n_regions_25, i8 %p_ZL9n_regions_26, i8 %p_ZL9n_regions_27, i8 %p_ZL9n_regions_28, i8 %p_ZL9n_regions_29, i8 %p_ZL9n_regions_30, i8 %p_ZL9n_regions_31, i8 %p_ZL9n_regions_32, i8 %p_ZL9n_regions_33, i8 %p_ZL9n_regions_34, i8 %p_ZL9n_regions_35, i8 %p_ZL9n_regions_36, i8 %p_ZL9n_regions_37, i8 %p_ZL9n_regions_38, i8 %p_ZL9n_regions_39, i8 %p_ZL9n_regions_40, i8 %p_ZL9n_regions_41, i8 %p_ZL9n_regions_42, i8 %p_ZL9n_regions_43, i8 %p_ZL9n_regions_44, i8 %p_ZL9n_regions_45, i8 %p_ZL9n_regions_46, i8 %p_ZL9n_regions_47, i8 %p_ZL9n_regions_48, i8 %p_ZL9n_regions_49, i8 %p_ZL9n_regions_50, i8 %p_ZL9n_regions_51, i8 %p_ZL9n_regions_52, i8 %p_ZL9n_regions_53, i8 %p_ZL9n_regions_54, i8 %p_ZL9n_regions_55, i8 %p_ZL9n_regions_56, i8 %p_ZL9n_regions_57, i8 %p_ZL9n_regions_58, i8 %p_ZL9n_regions_59, i8 %p_ZL9n_regions_60, i8 %p_ZL9n_regions_61, i8 %p_ZL9n_regions_62" [detector_solid/abs_solid_detector.cpp:680]   --->   Operation 15 'call' 'call_ln680' <Predicate = true> <Delay = 4.84> <CoreType = "Generic">   --->   Core 0 '' <Latency = 0> <II = 1> <Delay = 1.00> <Generic> <Opcode : >

State 2 <SV = 1> <Delay = 2.32>
ST_2 : Operation 16 [1/1] (0.00ns)   --->   "%specdataflowpipeline_ln680 = specdataflowpipeline void @_ssdm_op_SpecDataflowPipeline, i32 4294967295, i32 0, void @empty_18" [detector_solid/abs_solid_detector.cpp:680]   --->   Operation 16 'specdataflowpipeline' 'specdataflowpipeline_ln680' <Predicate = true> <Delay = 0.00>
ST_2 : Operation 17 [1/1] (0.00ns)   --->   "%specinterface_ln0 = specinterface void @_ssdm_op_SpecInterface, i512 %gmem, void @empty_16, i32 0, i32 0, void @empty_18, i32 64, i32 0, void @empty_19, void @empty_7, void @empty_18, i32 16, i32 16, i32 16, i32 16, void @empty_18, void @empty_18"   --->   Operation 17 'specinterface' 'specinterface_ln0' <Predicate = true> <Delay = 0.00>
ST_2 : Operation 18 [1/2] (2.32ns)   --->   "%call_ln680 = call void @read_data.1, i1 %bubblePong, i8 %data_in_vld_in, i8 %data_in_vld_out, i6 %checkIdPong, i8 %taskIdPong, i8 %executionIdPong, i16 %uniIdPong, i32 %AOVPong_0, i32 %AOVPong_1, i32 %AOVPong_2, i32 %AOVPong_3, i32 %AOVPong_4, i32 %AOVPong_5, i32 %AOVPong_6, i32 %AOVPong_7, i512 %gmem, i64 %inputAOV_read" [detector_solid/abs_solid_detector.cpp:680]   --->   Operation 18 'call' 'call_ln680' <Predicate = true> <Delay = 2.32> <CoreType = "Generic">   --->   Core 0 '' <Latency = 0> <II = 1> <Delay = 1.00> <Generic> <Opcode : >
ST_2 : Operation 19 [1/2] (0.00ns)   --->   "%call_ln680 = call void @trainPipelineBody_Block_.split174_proc, i6 %p_read111, i1 %p_read_19, i32 %p_read212, i32 %p_read313, i32 %p_read414, i32 %p_read515, i32 %p_read616, i32 %p_read717, i32 %p_read818, i32 %p_read_18, i8 %p_ZL9n_regions_63, i32 %regions, i32 %regions_1, i32 %regions_2, i32 %regions_3, i32 %regions_4, i32 %regions_5, i8 %p_ZL9n_regions_0, i8 %p_ZL9n_regions_1, i8 %p_ZL9n_regions_2, i8 %p_ZL9n_regions_3, i8 %p_ZL9n_regions_4, i8 %p_ZL9n_regions_5, i8 %p_ZL9n_regions_6, i8 %p_ZL9n_regions_7, i8 %p_ZL9n_regions_8, i8 %p_ZL9n_regions_9, i8 %p_ZL9n_regions_10, i8 %p_ZL9n_regions_11, i8 %p_ZL9n_regions_12, i8 %p_ZL9n_regions_13, i8 %p_ZL9n_regions_14, i8 %p_ZL9n_regions_15, i8 %p_ZL9n_regions_16, i8 %p_ZL9n_regions_17, i8 %p_ZL9n_regions_18, i8 %p_ZL9n_regions_19, i8 %p_ZL9n_regions_20, i8 %p_ZL9n_regions_21, i8 %p_ZL9n_regions_22, i8 %p_ZL9n_regions_23, i8 %p_ZL9n_regions_24, i8 %p_ZL9n_regions_25, i8 %p_ZL9n_regions_26, i8 %p_ZL9n_regions_27, i8 %p_ZL9n_regions_28, i8 %p_ZL9n_regions_29, i8 %p_ZL9n_regions_30, i8 %p_ZL9n_regions_31, i8 %p_ZL9n_regions_32, i8 %p_ZL9n_regions_33, i8 %p_ZL9n_regions_34, i8 %p_ZL9n_regions_35, i8 %p_ZL9n_regions_36, i8 %p_ZL9n_regions_37, i8 %p_ZL9n_regions_38, i8 %p_ZL9n_regions_39, i8 %p_ZL9n_regions_40, i8 %p_ZL9n_regions_41, i8 %p_ZL9n_regions_42, i8 %p_ZL9n_regions_43, i8 %p_ZL9n_regions_44, i8 %p_ZL9n_regions_45, i8 %p_ZL9n_regions_46, i8 %p_ZL9n_regions_47, i8 %p_ZL9n_regions_48, i8 %p_ZL9n_regions_49, i8 %p_ZL9n_regions_50, i8 %p_ZL9n_regions_51, i8 %p_ZL9n_regions_52, i8 %p_ZL9n_regions_53, i8 %p_ZL9n_regions_54, i8 %p_ZL9n_regions_55, i8 %p_ZL9n_regions_56, i8 %p_ZL9n_regions_57, i8 %p_ZL9n_regions_58, i8 %p_ZL9n_regions_59, i8 %p_ZL9n_regions_60, i8 %p_ZL9n_regions_61, i8 %p_ZL9n_regions_62" [detector_solid/abs_solid_detector.cpp:680]   --->   Operation 19 'call' 'call_ln680' <Predicate = true> <Delay = 0.00> <CoreType = "Generic">   --->   Core 0 '' <Latency = 0> <II = 1> <Delay = 1.00> <Generic> <Opcode : >
ST_2 : Operation 20 [1/1] (0.00ns)   --->   "%ret_ln682 = ret" [detector_solid/abs_solid_detector.cpp:682]   --->   Operation 20 'ret' 'ret_ln682' <Predicate = true> <Delay = 0.00>


============================================================
+ Verbose Summary: Binding
============================================================
STG Binding: 
---------------- STG Properties BEGIN ----------------
- Is combinational: 0
- Is one-state seq: 0
- Is datapath-only: 0
- Is pipelined: 0
- Is top level: 0
Port [ Return ] is wired: 1; IO mode=ap_ctrl_hs:ce=0
Port [ bubblePong]:  wired=1; compound=0; hidden=0; nouse=0; global=0; static=0; extern=0; dir=1; type=0; pingpong=0; private_global=0; IO mode=ap_vld:ce=0
Port [ p_read]:  wired=1; compound=0; hidden=0; nouse=0; global=0; static=0; extern=0; dir=0; type=0; pingpong=0; private_global=0; IO mode=ap_none:ce=0
Port [ p_read1]:  wired=1; compound=0; hidden=0; nouse=0; global=0; static=0; extern=0; dir=0; type=0; pingpong=0; private_global=0; IO mode=ap_none:ce=0
Port [ p_read2]:  wired=1; compound=0; hidden=0; nouse=0; global=0; static=0; extern=0; dir=0; type=0; pingpong=0; private_global=0; IO mode=ap_none:ce=0
Port [ p_read3]:  wired=1; compound=0; hidden=0; nouse=0; global=0; static=0; extern=0; dir=0; type=0; pingpong=0; private_global=0; IO mode=ap_none:ce=0
Port [ p_read4]:  wired=1; compound=0; hidden=0; nouse=0; global=0; static=0; extern=0; dir=0; type=0; pingpong=0; private_global=0; IO mode=ap_none:ce=0
Port [ p_read5]:  wired=1; compound=0; hidden=0; nouse=0; global=0; static=0; extern=0; dir=0; type=0; pingpong=0; private_global=0; IO mode=ap_none:ce=0
Port [ p_read6]:  wired=1; compound=0; hidden=0; nouse=0; global=0; static=0; extern=0; dir=0; type=0; pingpong=0; private_global=0; IO mode=ap_none:ce=0
Port [ p_read7]:  wired=1; compound=0; hidden=0; nouse=0; global=0; static=0; extern=0; dir=0; type=0; pingpong=0; private_global=0; IO mode=ap_none:ce=0
Port [ p_read8]:  wired=1; compound=0; hidden=0; nouse=0; global=0; static=0; extern=0; dir=0; type=0; pingpong=0; private_global=0; IO mode=ap_none:ce=0
Port [ p_read9]:  wired=1; compound=0; hidden=0; nouse=0; global=0; static=0; extern=0; dir=0; type=0; pingpong=0; private_global=0; IO mode=ap_none:ce=0
Port [ checkIdPong]:  wired=1; compound=0; hidden=0; nouse=0; global=0; static=0; extern=0; dir=1; type=0; pingpong=0; private_global=0; IO mode=ap_vld:ce=0
Port [ taskIdPong]:  wired=1; compound=0; hidden=0; nouse=0; global=0; static=0; extern=0; dir=1; type=0; pingpong=0; private_global=0; IO mode=ap_vld:ce=0
Port [ executionIdPong]:  wired=1; compound=0; hidden=0; nouse=0; global=0; static=0; extern=0; dir=1; type=0; pingpong=0; private_global=0; IO mode=ap_vld:ce=0
Port [ uniIdPong]:  wired=1; compound=0; hidden=0; nouse=0; global=0; static=0; extern=0; dir=1; type=0; pingpong=0; private_global=0; IO mode=ap_vld:ce=0
Port [ AOVPong_0]:  wired=1; compound=0; hidden=0; nouse=0; global=0; static=0; extern=0; dir=1; type=0; pingpong=0; private_global=0; IO mode=ap_vld:ce=0
Port [ AOVPong_1]:  wired=1; compound=0; hidden=0; nouse=0; global=0; static=0; extern=0; dir=1; type=0; pingpong=0; private_global=0; IO mode=ap_vld:ce=0
Port [ AOVPong_2]:  wired=1; compound=0; hidden=0; nouse=0; global=0; static=0; extern=0; dir=1; type=0; pingpong=0; private_global=0; IO mode=ap_vld:ce=0
Port [ AOVPong_3]:  wired=1; compound=0; hidden=0; nouse=0; global=0; static=0; extern=0; dir=1; type=0; pingpong=0; private_global=0; IO mode=ap_vld:ce=0
Port [ AOVPong_4]:  wired=1; compound=0; hidden=0; nouse=0; global=0; static=0; extern=0; dir=1; type=0; pingpong=0; private_global=0; IO mode=ap_vld:ce=0
Port [ AOVPong_5]:  wired=1; compound=0; hidden=0; nouse=0; global=0; static=0; extern=0; dir=1; type=0; pingpong=0; private_global=0; IO mode=ap_vld:ce=0
Port [ AOVPong_6]:  wired=1; compound=0; hidden=0; nouse=0; global=0; static=0; extern=0; dir=1; type=0; pingpong=0; private_global=0; IO mode=ap_vld:ce=0
Port [ AOVPong_7]:  wired=1; compound=0; hidden=0; nouse=0; global=0; static=0; extern=0; dir=1; type=0; pingpong=0; private_global=0; IO mode=ap_vld:ce=0
Port [ gmem]:  wired=1; compound=1; hidden=0; nouse=0; global=0; static=0; extern=0; dir=0; type=4; pingpong=0; private_global=0; IO mode=m_axi:ce=0
Port [ inputAOV]:  wired=1; compound=0; hidden=0; nouse=0; global=0; static=0; extern=0; dir=0; type=0; pingpong=0; private_global=0; IO mode=ap_none:ce=0
Port [ data_in_vld_in]:  wired=1; compound=0; hidden=0; nouse=0; global=0; static=0; extern=0; dir=0; type=0; pingpong=0; private_global=0; IO mode=ap_none:ce=0
Port [ data_in_vld_out]:  wired=1; compound=0; hidden=0; nouse=0; global=0; static=0; extern=0; dir=1; type=0; pingpong=0; private_global=0; IO mode=ap_vld:ce=0
Port [ p_ZL9n_regions_63]:  wired=1; compound=0; hidden=0; nouse=0; global=1; static=1; extern=0; dir=2; type=0; pingpong=0; private_global=0; IO mode=ap_ovld:ce=0
Port [ regions]:  wired=1; compound=1; hidden=0; nouse=0; global=1; static=1; extern=0; dir=2; type=1; pingpong=0; private_global=0; MemPort=[22]; IO mode=ap_memory:ce=0
Port [ regions_1]:  wired=1; compound=1; hidden=0; nouse=0; global=1; static=1; extern=0; dir=2; type=1; pingpong=0; private_global=0; MemPort=[22]; IO mode=ap_memory:ce=0
Port [ regions_2]:  wired=1; compound=1; hidden=0; nouse=0; global=1; static=1; extern=0; dir=2; type=1; pingpong=0; private_global=0; MemPort=[22]; IO mode=ap_memory:ce=0
Port [ regions_3]:  wired=1; compound=1; hidden=0; nouse=0; global=1; static=1; extern=0; dir=2; type=1; pingpong=0; private_global=0; MemPort=[22]; IO mode=ap_memory:ce=0
Port [ regions_4]:  wired=1; compound=1; hidden=0; nouse=0; global=1; static=1; extern=0; dir=2; type=1; pingpong=0; private_global=0; MemPort=[22]; IO mode=ap_memory:ce=0
Port [ regions_5]:  wired=1; compound=1; hidden=0; nouse=0; global=1; static=1; extern=0; dir=2; type=1; pingpong=0; private_global=0; MemPort=[22]; IO mode=ap_memory:ce=0
Port [ p_ZL9n_regions_0]:  wired=1; compound=0; hidden=0; nouse=0; global=1; static=1; extern=0; dir=2; type=0; pingpong=0; private_global=0; IO mode=ap_ovld:ce=0
Port [ p_ZL9n_regions_1]:  wired=1; compound=0; hidden=0; nouse=0; global=1; static=1; extern=0; dir=2; type=0; pingpong=0; private_global=0; IO mode=ap_ovld:ce=0
Port [ p_ZL9n_regions_2]:  wired=1; compound=0; hidden=0; nouse=0; global=1; static=1; extern=0; dir=2; type=0; pingpong=0; private_global=0; IO mode=ap_ovld:ce=0
Port [ p_ZL9n_regions_3]:  wired=1; compound=0; hidden=0; nouse=0; global=1; static=1; extern=0; dir=2; type=0; pingpong=0; private_global=0; IO mode=ap_ovld:ce=0
Port [ p_ZL9n_regions_4]:  wired=1; compound=0; hidden=0; nouse=0; global=1; static=1; extern=0; dir=2; type=0; pingpong=0; private_global=0; IO mode=ap_ovld:ce=0
Port [ p_ZL9n_regions_5]:  wired=1; compound=0; hidden=0; nouse=0; global=1; static=1; extern=0; dir=2; type=0; pingpong=0; private_global=0; IO mode=ap_ovld:ce=0
Port [ p_ZL9n_regions_6]:  wired=1; compound=0; hidden=0; nouse=0; global=1; static=1; extern=0; dir=2; type=0; pingpong=0; private_global=0; IO mode=ap_ovld:ce=0
Port [ p_ZL9n_regions_7]:  wired=1; compound=0; hidden=0; nouse=0; global=1; static=1; extern=0; dir=2; type=0; pingpong=0; private_global=0; IO mode=ap_ovld:ce=0
Port [ p_ZL9n_regions_8]:  wired=1; compound=0; hidden=0; nouse=0; global=1; static=1; extern=0; dir=2; type=0; pingpong=0; private_global=0; IO mode=ap_ovld:ce=0
Port [ p_ZL9n_regions_9]:  wired=1; compound=0; hidden=0; nouse=0; global=1; static=1; extern=0; dir=2; type=0; pingpong=0; private_global=0; IO mode=ap_ovld:ce=0
Port [ p_ZL9n_regions_10]:  wired=1; compound=0; hidden=0; nouse=0; global=1; static=1; extern=0; dir=2; type=0; pingpong=0; private_global=0; IO mode=ap_ovld:ce=0
Port [ p_ZL9n_regions_11]:  wired=1; compound=0; hidden=0; nouse=0; global=1; static=1; extern=0; dir=2; type=0; pingpong=0; private_global=0; IO mode=ap_ovld:ce=0
Port [ p_ZL9n_regions_12]:  wired=1; compound=0; hidden=0; nouse=0; global=1; static=1; extern=0; dir=2; type=0; pingpong=0; private_global=0; IO mode=ap_ovld:ce=0
Port [ p_ZL9n_regions_13]:  wired=1; compound=0; hidden=0; nouse=0; global=1; static=1; extern=0; dir=2; type=0; pingpong=0; private_global=0; IO mode=ap_ovld:ce=0
Port [ p_ZL9n_regions_14]:  wired=1; compound=0; hidden=0; nouse=0; global=1; static=1; extern=0; dir=2; type=0; pingpong=0; private_global=0; IO mode=ap_ovld:ce=0
Port [ p_ZL9n_regions_15]:  wired=1; compound=0; hidden=0; nouse=0; global=1; static=1; extern=0; dir=2; type=0; pingpong=0; private_global=0; IO mode=ap_ovld:ce=0
Port [ p_ZL9n_regions_16]:  wired=1; compound=0; hidden=0; nouse=0; global=1; static=1; extern=0; dir=2; type=0; pingpong=0; private_global=0; IO mode=ap_ovld:ce=0
Port [ p_ZL9n_regions_17]:  wired=1; compound=0; hidden=0; nouse=0; global=1; static=1; extern=0; dir=2; type=0; pingpong=0; private_global=0; IO mode=ap_ovld:ce=0
Port [ p_ZL9n_regions_18]:  wired=1; compound=0; hidden=0; nouse=0; global=1; static=1; extern=0; dir=2; type=0; pingpong=0; private_global=0; IO mode=ap_ovld:ce=0
Port [ p_ZL9n_regions_19]:  wired=1; compound=0; hidden=0; nouse=0; global=1; static=1; extern=0; dir=2; type=0; pingpong=0; private_global=0; IO mode=ap_ovld:ce=0
Port [ p_ZL9n_regions_20]:  wired=1; compound=0; hidden=0; nouse=0; global=1; static=1; extern=0; dir=2; type=0; pingpong=0; private_global=0; IO mode=ap_ovld:ce=0
Port [ p_ZL9n_regions_21]:  wired=1; compound=0; hidden=0; nouse=0; global=1; static=1; extern=0; dir=2; type=0; pingpong=0; private_global=0; IO mode=ap_ovld:ce=0
Port [ p_ZL9n_regions_22]:  wired=1; compound=0; hidden=0; nouse=0; global=1; static=1; extern=0; dir=2; type=0; pingpong=0; private_global=0; IO mode=ap_ovld:ce=0
Port [ p_ZL9n_regions_23]:  wired=1; compound=0; hidden=0; nouse=0; global=1; static=1; extern=0; dir=2; type=0; pingpong=0; private_global=0; IO mode=ap_ovld:ce=0
Port [ p_ZL9n_regions_24]:  wired=1; compound=0; hidden=0; nouse=0; global=1; static=1; extern=0; dir=2; type=0; pingpong=0; private_global=0; IO mode=ap_ovld:ce=0
Port [ p_ZL9n_regions_25]:  wired=1; compound=0; hidden=0; nouse=0; global=1; static=1; extern=0; dir=2; type=0; pingpong=0; private_global=0; IO mode=ap_ovld:ce=0
Port [ p_ZL9n_regions_26]:  wired=1; compound=0; hidden=0; nouse=0; global=1; static=1; extern=0; dir=2; type=0; pingpong=0; private_global=0; IO mode=ap_ovld:ce=0
Port [ p_ZL9n_regions_27]:  wired=1; compound=0; hidden=0; nouse=0; global=1; static=1; extern=0; dir=2; type=0; pingpong=0; private_global=0; IO mode=ap_ovld:ce=0
Port [ p_ZL9n_regions_28]:  wired=1; compound=0; hidden=0; nouse=0; global=1; static=1; extern=0; dir=2; type=0; pingpong=0; private_global=0; IO mode=ap_ovld:ce=0
Port [ p_ZL9n_regions_29]:  wired=1; compound=0; hidden=0; nouse=0; global=1; static=1; extern=0; dir=2; type=0; pingpong=0; private_global=0; IO mode=ap_ovld:ce=0
Port [ p_ZL9n_regions_30]:  wired=1; compound=0; hidden=0; nouse=0; global=1; static=1; extern=0; dir=2; type=0; pingpong=0; private_global=0; IO mode=ap_ovld:ce=0
Port [ p_ZL9n_regions_31]:  wired=1; compound=0; hidden=0; nouse=0; global=1; static=1; extern=0; dir=2; type=0; pingpong=0; private_global=0; IO mode=ap_ovld:ce=0
Port [ p_ZL9n_regions_32]:  wired=1; compound=0; hidden=0; nouse=0; global=1; static=1; extern=0; dir=2; type=0; pingpong=0; private_global=0; IO mode=ap_ovld:ce=0
Port [ p_ZL9n_regions_33]:  wired=1; compound=0; hidden=0; nouse=0; global=1; static=1; extern=0; dir=2; type=0; pingpong=0; private_global=0; IO mode=ap_ovld:ce=0
Port [ p_ZL9n_regions_34]:  wired=1; compound=0; hidden=0; nouse=0; global=1; static=1; extern=0; dir=2; type=0; pingpong=0; private_global=0; IO mode=ap_ovld:ce=0
Port [ p_ZL9n_regions_35]:  wired=1; compound=0; hidden=0; nouse=0; global=1; static=1; extern=0; dir=2; type=0; pingpong=0; private_global=0; IO mode=ap_ovld:ce=0
Port [ p_ZL9n_regions_36]:  wired=1; compound=0; hidden=0; nouse=0; global=1; static=1; extern=0; dir=2; type=0; pingpong=0; private_global=0; IO mode=ap_ovld:ce=0
Port [ p_ZL9n_regions_37]:  wired=1; compound=0; hidden=0; nouse=0; global=1; static=1; extern=0; dir=2; type=0; pingpong=0; private_global=0; IO mode=ap_ovld:ce=0
Port [ p_ZL9n_regions_38]:  wired=1; compound=0; hidden=0; nouse=0; global=1; static=1; extern=0; dir=2; type=0; pingpong=0; private_global=0; IO mode=ap_ovld:ce=0
Port [ p_ZL9n_regions_39]:  wired=1; compound=0; hidden=0; nouse=0; global=1; static=1; extern=0; dir=2; type=0; pingpong=0; private_global=0; IO mode=ap_ovld:ce=0
Port [ p_ZL9n_regions_40]:  wired=1; compound=0; hidden=0; nouse=0; global=1; static=1; extern=0; dir=2; type=0; pingpong=0; private_global=0; IO mode=ap_ovld:ce=0
Port [ p_ZL9n_regions_41]:  wired=1; compound=0; hidden=0; nouse=0; global=1; static=1; extern=0; dir=2; type=0; pingpong=0; private_global=0; IO mode=ap_ovld:ce=0
Port [ p_ZL9n_regions_42]:  wired=1; compound=0; hidden=0; nouse=0; global=1; static=1; extern=0; dir=2; type=0; pingpong=0; private_global=0; IO mode=ap_ovld:ce=0
Port [ p_ZL9n_regions_43]:  wired=1; compound=0; hidden=0; nouse=0; global=1; static=1; extern=0; dir=2; type=0; pingpong=0; private_global=0; IO mode=ap_ovld:ce=0
Port [ p_ZL9n_regions_44]:  wired=1; compound=0; hidden=0; nouse=0; global=1; static=1; extern=0; dir=2; type=0; pingpong=0; private_global=0; IO mode=ap_ovld:ce=0
Port [ p_ZL9n_regions_45]:  wired=1; compound=0; hidden=0; nouse=0; global=1; static=1; extern=0; dir=2; type=0; pingpong=0; private_global=0; IO mode=ap_ovld:ce=0
Port [ p_ZL9n_regions_46]:  wired=1; compound=0; hidden=0; nouse=0; global=1; static=1; extern=0; dir=2; type=0; pingpong=0; private_global=0; IO mode=ap_ovld:ce=0
Port [ p_ZL9n_regions_47]:  wired=1; compound=0; hidden=0; nouse=0; global=1; static=1; extern=0; dir=2; type=0; pingpong=0; private_global=0; IO mode=ap_ovld:ce=0
Port [ p_ZL9n_regions_48]:  wired=1; compound=0; hidden=0; nouse=0; global=1; static=1; extern=0; dir=2; type=0; pingpong=0; private_global=0; IO mode=ap_ovld:ce=0
Port [ p_ZL9n_regions_49]:  wired=1; compound=0; hidden=0; nouse=0; global=1; static=1; extern=0; dir=2; type=0; pingpong=0; private_global=0; IO mode=ap_ovld:ce=0
Port [ p_ZL9n_regions_50]:  wired=1; compound=0; hidden=0; nouse=0; global=1; static=1; extern=0; dir=2; type=0; pingpong=0; private_global=0; IO mode=ap_ovld:ce=0
Port [ p_ZL9n_regions_51]:  wired=1; compound=0; hidden=0; nouse=0; global=1; static=1; extern=0; dir=2; type=0; pingpong=0; private_global=0; IO mode=ap_ovld:ce=0
Port [ p_ZL9n_regions_52]:  wired=1; compound=0; hidden=0; nouse=0; global=1; static=1; extern=0; dir=2; type=0; pingpong=0; private_global=0; IO mode=ap_ovld:ce=0
Port [ p_ZL9n_regions_53]:  wired=1; compound=0; hidden=0; nouse=0; global=1; static=1; extern=0; dir=2; type=0; pingpong=0; private_global=0; IO mode=ap_ovld:ce=0
Port [ p_ZL9n_regions_54]:  wired=1; compound=0; hidden=0; nouse=0; global=1; static=1; extern=0; dir=2; type=0; pingpong=0; private_global=0; IO mode=ap_ovld:ce=0
Port [ p_ZL9n_regions_55]:  wired=1; compound=0; hidden=0; nouse=0; global=1; static=1; extern=0; dir=2; type=0; pingpong=0; private_global=0; IO mode=ap_ovld:ce=0
Port [ p_ZL9n_regions_56]:  wired=1; compound=0; hidden=0; nouse=0; global=1; static=1; extern=0; dir=2; type=0; pingpong=0; private_global=0; IO mode=ap_ovld:ce=0
Port [ p_ZL9n_regions_57]:  wired=1; compound=0; hidden=0; nouse=0; global=1; static=1; extern=0; dir=2; type=0; pingpong=0; private_global=0; IO mode=ap_ovld:ce=0
Port [ p_ZL9n_regions_58]:  wired=1; compound=0; hidden=0; nouse=0; global=1; static=1; extern=0; dir=2; type=0; pingpong=0; private_global=0; IO mode=ap_ovld:ce=0
Port [ p_ZL9n_regions_59]:  wired=1; compound=0; hidden=0; nouse=0; global=1; static=1; extern=0; dir=2; type=0; pingpong=0; private_global=0; IO mode=ap_ovld:ce=0
Port [ p_ZL9n_regions_60]:  wired=1; compound=0; hidden=0; nouse=0; global=1; static=1; extern=0; dir=2; type=0; pingpong=0; private_global=0; IO mode=ap_ovld:ce=0
Port [ p_ZL9n_regions_61]:  wired=1; compound=0; hidden=0; nouse=0; global=1; static=1; extern=0; dir=2; type=0; pingpong=0; private_global=0; IO mode=ap_ovld:ce=0
Port [ p_ZL9n_regions_62]:  wired=1; compound=0; hidden=0; nouse=0; global=1; static=1; extern=0; dir=2; type=0; pingpong=0; private_global=0; IO mode=ap_ovld:ce=0
---------------- STG Properties END ------------------

---------------- Datapath Model BEGIN ----------------

<LifeTime>
<method=bitvector/>
inputAOV_read              (read                ) [ 001]
p_read_18                  (read                ) [ 001]
p_read818                  (read                ) [ 001]
p_read717                  (read                ) [ 001]
p_read616                  (read                ) [ 001]
p_read515                  (read                ) [ 001]
p_read414                  (read                ) [ 001]
p_read313                  (read                ) [ 001]
p_read212                  (read                ) [ 001]
p_read111                  (read                ) [ 001]
p_read_19                  (read                ) [ 001]
specdataflowpipeline_ln680 (specdataflowpipeline) [ 000]
specinterface_ln0          (specinterface       ) [ 000]
call_ln680                 (call                ) [ 000]
call_ln680                 (call                ) [ 000]
ret_ln682                  (ret                 ) [ 000]
</LifeTime>

<model>

<comp_list>
<comp id="0" class="1000" name="bubblePong">
<pin_list>
<pin id="1" dir="1" index="0" bw="1" slack="0"/>
</pin_list>
<bind>
<StgValue><ssdm name="bubblePong"/></StgValue>
</bind>
</comp>

<comp id="2" class="1000" name="p_read">
<pin_list>
<pin id="3" dir="1" index="0" bw="1" slack="0"/>
</pin_list>
<bind>
<StgValue><ssdm name="p_read"/></StgValue>
</bind>
</comp>

<comp id="4" class="1000" name="p_read1">
<pin_list>
<pin id="5" dir="1" index="0" bw="1" slack="0"/>
</pin_list>
<bind>
<StgValue><ssdm name="p_read1"/></StgValue>
</bind>
</comp>

<comp id="6" class="1000" name="p_read2">
<pin_list>
<pin id="7" dir="1" index="0" bw="1" slack="0"/>
</pin_list>
<bind>
<StgValue><ssdm name="p_read2"/></StgValue>
</bind>
</comp>

<comp id="8" class="1000" name="p_read3">
<pin_list>
<pin id="9" dir="1" index="0" bw="1" slack="0"/>
</pin_list>
<bind>
<StgValue><ssdm name="p_read3"/></StgValue>
</bind>
</comp>

<comp id="10" class="1000" name="p_read4">
<pin_list>
<pin id="11" dir="1" index="0" bw="1" slack="0"/>
</pin_list>
<bind>
<StgValue><ssdm name="p_read4"/></StgValue>
</bind>
</comp>

<comp id="12" class="1000" name="p_read5">
<pin_list>
<pin id="13" dir="1" index="0" bw="1" slack="0"/>
</pin_list>
<bind>
<StgValue><ssdm name="p_read5"/></StgValue>
</bind>
</comp>

<comp id="14" class="1000" name="p_read6">
<pin_list>
<pin id="15" dir="1" index="0" bw="1" slack="0"/>
</pin_list>
<bind>
<StgValue><ssdm name="p_read6"/></StgValue>
</bind>
</comp>

<comp id="16" class="1000" name="p_read7">
<pin_list>
<pin id="17" dir="1" index="0" bw="1" slack="0"/>
</pin_list>
<bind>
<StgValue><ssdm name="p_read7"/></StgValue>
</bind>
</comp>

<comp id="18" class="1000" name="p_read8">
<pin_list>
<pin id="19" dir="1" index="0" bw="1" slack="0"/>
</pin_list>
<bind>
<StgValue><ssdm name="p_read8"/></StgValue>
</bind>
</comp>

<comp id="20" class="1000" name="p_read9">
<pin_list>
<pin id="21" dir="1" index="0" bw="1" slack="0"/>
</pin_list>
<bind>
<StgValue><ssdm name="p_read9"/></StgValue>
</bind>
</comp>

<comp id="22" class="1000" name="checkIdPong">
<pin_list>
<pin id="23" dir="1" index="0" bw="1" slack="0"/>
</pin_list>
<bind>
<StgValue><ssdm name="checkIdPong"/></StgValue>
</bind>
</comp>

<comp id="24" class="1000" name="taskIdPong">
<pin_list>
<pin id="25" dir="1" index="0" bw="1" slack="0"/>
</pin_list>
<bind>
<StgValue><ssdm name="taskIdPong"/></StgValue>
</bind>
</comp>

<comp id="26" class="1000" name="executionIdPong">
<pin_list>
<pin id="27" dir="1" index="0" bw="1" slack="0"/>
</pin_list>
<bind>
<StgValue><ssdm name="executionIdPong"/></StgValue>
</bind>
</comp>

<comp id="28" class="1000" name="uniIdPong">
<pin_list>
<pin id="29" dir="1" index="0" bw="1" slack="0"/>
</pin_list>
<bind>
<StgValue><ssdm name="uniIdPong"/></StgValue>
</bind>
</comp>

<comp id="30" class="1000" name="AOVPong_0">
<pin_list>
<pin id="31" dir="1" index="0" bw="1" slack="0"/>
</pin_list>
<bind>
<StgValue><ssdm name="AOVPong_0"/></StgValue>
</bind>
</comp>

<comp id="32" class="1000" name="AOVPong_1">
<pin_list>
<pin id="33" dir="1" index="0" bw="1" slack="0"/>
</pin_list>
<bind>
<StgValue><ssdm name="AOVPong_1"/></StgValue>
</bind>
</comp>

<comp id="34" class="1000" name="AOVPong_2">
<pin_list>
<pin id="35" dir="1" index="0" bw="1" slack="0"/>
</pin_list>
<bind>
<StgValue><ssdm name="AOVPong_2"/></StgValue>
</bind>
</comp>

<comp id="36" class="1000" name="AOVPong_3">
<pin_list>
<pin id="37" dir="1" index="0" bw="1" slack="0"/>
</pin_list>
<bind>
<StgValue><ssdm name="AOVPong_3"/></StgValue>
</bind>
</comp>

<comp id="38" class="1000" name="AOVPong_4">
<pin_list>
<pin id="39" dir="1" index="0" bw="1" slack="0"/>
</pin_list>
<bind>
<StgValue><ssdm name="AOVPong_4"/></StgValue>
</bind>
</comp>

<comp id="40" class="1000" name="AOVPong_5">
<pin_list>
<pin id="41" dir="1" index="0" bw="1" slack="0"/>
</pin_list>
<bind>
<StgValue><ssdm name="AOVPong_5"/></StgValue>
</bind>
</comp>

<comp id="42" class="1000" name="AOVPong_6">
<pin_list>
<pin id="43" dir="1" index="0" bw="1" slack="0"/>
</pin_list>
<bind>
<StgValue><ssdm name="AOVPong_6"/></StgValue>
</bind>
</comp>

<comp id="44" class="1000" name="AOVPong_7">
<pin_list>
<pin id="45" dir="1" index="0" bw="1" slack="0"/>
</pin_list>
<bind>
<StgValue><ssdm name="AOVPong_7"/></StgValue>
</bind>
</comp>

<comp id="46" class="1000" name="gmem">
<pin_list>
<pin id="47" dir="1" index="0" bw="1" slack="0"/>
</pin_list>
<bind>
<StgValue><ssdm name="gmem"/></StgValue>
</bind>
</comp>

<comp id="48" class="1000" name="inputAOV">
<pin_list>
<pin id="49" dir="1" index="0" bw="1" slack="0"/>
</pin_list>
<bind>
<StgValue><ssdm name="inputAOV"/></StgValue>
</bind>
</comp>

<comp id="50" class="1000" name="data_in_vld_in">
<pin_list>
<pin id="51" dir="1" index="0" bw="1" slack="0"/>
</pin_list>
<bind>
<StgValue><ssdm name="data_in_vld_in"/></StgValue>
</bind>
</comp>

<comp id="52" class="1000" name="data_in_vld_out">
<pin_list>
<pin id="53" dir="1" index="0" bw="1" slack="0"/>
</pin_list>
<bind>
<StgValue><ssdm name="data_in_vld_out"/></StgValue>
</bind>
</comp>

<comp id="54" class="1000" name="p_ZL9n_regions_63">
<pin_list>
<pin id="55" dir="1" index="0" bw="1" slack="0"/>
</pin_list>
<bind>
<StgValue><ssdm name="p_ZL9n_regions_63"/></StgValue>
</bind>
</comp>

<comp id="56" class="1000" name="regions">
<pin_list>
<pin id="57" dir="1" index="0" bw="1" slack="0"/>
</pin_list>
<bind>
<StgValue><ssdm name="regions"/><MemPortTyVec>2 2 </MemPortTyVec>
</StgValue>
</bind>
</comp>

<comp id="58" class="1000" name="regions_1">
<pin_list>
<pin id="59" dir="1" index="0" bw="1" slack="0"/>
</pin_list>
<bind>
<StgValue><ssdm name="regions_1"/><MemPortTyVec>2 2 </MemPortTyVec>
</StgValue>
</bind>
</comp>

<comp id="60" class="1000" name="regions_2">
<pin_list>
<pin id="61" dir="1" index="0" bw="1" slack="0"/>
</pin_list>
<bind>
<StgValue><ssdm name="regions_2"/><MemPortTyVec>2 2 </MemPortTyVec>
</StgValue>
</bind>
</comp>

<comp id="62" class="1000" name="regions_3">
<pin_list>
<pin id="63" dir="1" index="0" bw="1" slack="0"/>
</pin_list>
<bind>
<StgValue><ssdm name="regions_3"/><MemPortTyVec>2 2 </MemPortTyVec>
</StgValue>
</bind>
</comp>

<comp id="64" class="1000" name="regions_4">
<pin_list>
<pin id="65" dir="1" index="0" bw="1" slack="0"/>
</pin_list>
<bind>
<StgValue><ssdm name="regions_4"/><MemPortTyVec>2 2 </MemPortTyVec>
</StgValue>
</bind>
</comp>

<comp id="66" class="1000" name="regions_5">
<pin_list>
<pin id="67" dir="1" index="0" bw="1" slack="0"/>
</pin_list>
<bind>
<StgValue><ssdm name="regions_5"/><MemPortTyVec>2 2 </MemPortTyVec>
</StgValue>
</bind>
</comp>

<comp id="68" class="1000" name="p_ZL9n_regions_0">
<pin_list>
<pin id="69" dir="1" index="0" bw="1" slack="0"/>
</pin_list>
<bind>
<StgValue><ssdm name="p_ZL9n_regions_0"/></StgValue>
</bind>
</comp>

<comp id="70" class="1000" name="p_ZL9n_regions_1">
<pin_list>
<pin id="71" dir="1" index="0" bw="1" slack="0"/>
</pin_list>
<bind>
<StgValue><ssdm name="p_ZL9n_regions_1"/></StgValue>
</bind>
</comp>

<comp id="72" class="1000" name="p_ZL9n_regions_2">
<pin_list>
<pin id="73" dir="1" index="0" bw="1" slack="0"/>
</pin_list>
<bind>
<StgValue><ssdm name="p_ZL9n_regions_2"/></StgValue>
</bind>
</comp>

<comp id="74" class="1000" name="p_ZL9n_regions_3">
<pin_list>
<pin id="75" dir="1" index="0" bw="1" slack="0"/>
</pin_list>
<bind>
<StgValue><ssdm name="p_ZL9n_regions_3"/></StgValue>
</bind>
</comp>

<comp id="76" class="1000" name="p_ZL9n_regions_4">
<pin_list>
<pin id="77" dir="1" index="0" bw="1" slack="0"/>
</pin_list>
<bind>
<StgValue><ssdm name="p_ZL9n_regions_4"/></StgValue>
</bind>
</comp>

<comp id="78" class="1000" name="p_ZL9n_regions_5">
<pin_list>
<pin id="79" dir="1" index="0" bw="1" slack="0"/>
</pin_list>
<bind>
<StgValue><ssdm name="p_ZL9n_regions_5"/></StgValue>
</bind>
</comp>

<comp id="80" class="1000" name="p_ZL9n_regions_6">
<pin_list>
<pin id="81" dir="1" index="0" bw="1" slack="0"/>
</pin_list>
<bind>
<StgValue><ssdm name="p_ZL9n_regions_6"/></StgValue>
</bind>
</comp>

<comp id="82" class="1000" name="p_ZL9n_regions_7">
<pin_list>
<pin id="83" dir="1" index="0" bw="1" slack="0"/>
</pin_list>
<bind>
<StgValue><ssdm name="p_ZL9n_regions_7"/></StgValue>
</bind>
</comp>

<comp id="84" class="1000" name="p_ZL9n_regions_8">
<pin_list>
<pin id="85" dir="1" index="0" bw="1" slack="0"/>
</pin_list>
<bind>
<StgValue><ssdm name="p_ZL9n_regions_8"/></StgValue>
</bind>
</comp>

<comp id="86" class="1000" name="p_ZL9n_regions_9">
<pin_list>
<pin id="87" dir="1" index="0" bw="1" slack="0"/>
</pin_list>
<bind>
<StgValue><ssdm name="p_ZL9n_regions_9"/></StgValue>
</bind>
</comp>

<comp id="88" class="1000" name="p_ZL9n_regions_10">
<pin_list>
<pin id="89" dir="1" index="0" bw="1" slack="0"/>
</pin_list>
<bind>
<StgValue><ssdm name="p_ZL9n_regions_10"/></StgValue>
</bind>
</comp>

<comp id="90" class="1000" name="p_ZL9n_regions_11">
<pin_list>
<pin id="91" dir="1" index="0" bw="1" slack="0"/>
</pin_list>
<bind>
<StgValue><ssdm name="p_ZL9n_regions_11"/></StgValue>
</bind>
</comp>

<comp id="92" class="1000" name="p_ZL9n_regions_12">
<pin_list>
<pin id="93" dir="1" index="0" bw="1" slack="0"/>
</pin_list>
<bind>
<StgValue><ssdm name="p_ZL9n_regions_12"/></StgValue>
</bind>
</comp>

<comp id="94" class="1000" name="p_ZL9n_regions_13">
<pin_list>
<pin id="95" dir="1" index="0" bw="1" slack="0"/>
</pin_list>
<bind>
<StgValue><ssdm name="p_ZL9n_regions_13"/></StgValue>
</bind>
</comp>

<comp id="96" class="1000" name="p_ZL9n_regions_14">
<pin_list>
<pin id="97" dir="1" index="0" bw="1" slack="0"/>
</pin_list>
<bind>
<StgValue><ssdm name="p_ZL9n_regions_14"/></StgValue>
</bind>
</comp>

<comp id="98" class="1000" name="p_ZL9n_regions_15">
<pin_list>
<pin id="99" dir="1" index="0" bw="1" slack="0"/>
</pin_list>
<bind>
<StgValue><ssdm name="p_ZL9n_regions_15"/></StgValue>
</bind>
</comp>

<comp id="100" class="1000" name="p_ZL9n_regions_16">
<pin_list>
<pin id="101" dir="1" index="0" bw="1" slack="0"/>
</pin_list>
<bind>
<StgValue><ssdm name="p_ZL9n_regions_16"/></StgValue>
</bind>
</comp>

<comp id="102" class="1000" name="p_ZL9n_regions_17">
<pin_list>
<pin id="103" dir="1" index="0" bw="1" slack="0"/>
</pin_list>
<bind>
<StgValue><ssdm name="p_ZL9n_regions_17"/></StgValue>
</bind>
</comp>

<comp id="104" class="1000" name="p_ZL9n_regions_18">
<pin_list>
<pin id="105" dir="1" index="0" bw="1" slack="0"/>
</pin_list>
<bind>
<StgValue><ssdm name="p_ZL9n_regions_18"/></StgValue>
</bind>
</comp>

<comp id="106" class="1000" name="p_ZL9n_regions_19">
<pin_list>
<pin id="107" dir="1" index="0" bw="1" slack="0"/>
</pin_list>
<bind>
<StgValue><ssdm name="p_ZL9n_regions_19"/></StgValue>
</bind>
</comp>

<comp id="108" class="1000" name="p_ZL9n_regions_20">
<pin_list>
<pin id="109" dir="1" index="0" bw="1" slack="0"/>
</pin_list>
<bind>
<StgValue><ssdm name="p_ZL9n_regions_20"/></StgValue>
</bind>
</comp>

<comp id="110" class="1000" name="p_ZL9n_regions_21">
<pin_list>
<pin id="111" dir="1" index="0" bw="1" slack="0"/>
</pin_list>
<bind>
<StgValue><ssdm name="p_ZL9n_regions_21"/></StgValue>
</bind>
</comp>

<comp id="112" class="1000" name="p_ZL9n_regions_22">
<pin_list>
<pin id="113" dir="1" index="0" bw="1" slack="0"/>
</pin_list>
<bind>
<StgValue><ssdm name="p_ZL9n_regions_22"/></StgValue>
</bind>
</comp>

<comp id="114" class="1000" name="p_ZL9n_regions_23">
<pin_list>
<pin id="115" dir="1" index="0" bw="1" slack="0"/>
</pin_list>
<bind>
<StgValue><ssdm name="p_ZL9n_regions_23"/></StgValue>
</bind>
</comp>

<comp id="116" class="1000" name="p_ZL9n_regions_24">
<pin_list>
<pin id="117" dir="1" index="0" bw="1" slack="0"/>
</pin_list>
<bind>
<StgValue><ssdm name="p_ZL9n_regions_24"/></StgValue>
</bind>
</comp>

<comp id="118" class="1000" name="p_ZL9n_regions_25">
<pin_list>
<pin id="119" dir="1" index="0" bw="1" slack="0"/>
</pin_list>
<bind>
<StgValue><ssdm name="p_ZL9n_regions_25"/></StgValue>
</bind>
</comp>

<comp id="120" class="1000" name="p_ZL9n_regions_26">
<pin_list>
<pin id="121" dir="1" index="0" bw="1" slack="0"/>
</pin_list>
<bind>
<StgValue><ssdm name="p_ZL9n_regions_26"/></StgValue>
</bind>
</comp>

<comp id="122" class="1000" name="p_ZL9n_regions_27">
<pin_list>
<pin id="123" dir="1" index="0" bw="1" slack="0"/>
</pin_list>
<bind>
<StgValue><ssdm name="p_ZL9n_regions_27"/></StgValue>
</bind>
</comp>

<comp id="124" class="1000" name="p_ZL9n_regions_28">
<pin_list>
<pin id="125" dir="1" index="0" bw="1" slack="0"/>
</pin_list>
<bind>
<StgValue><ssdm name="p_ZL9n_regions_28"/></StgValue>
</bind>
</comp>

<comp id="126" class="1000" name="p_ZL9n_regions_29">
<pin_list>
<pin id="127" dir="1" index="0" bw="1" slack="0"/>
</pin_list>
<bind>
<StgValue><ssdm name="p_ZL9n_regions_29"/></StgValue>
</bind>
</comp>

<comp id="128" class="1000" name="p_ZL9n_regions_30">
<pin_list>
<pin id="129" dir="1" index="0" bw="1" slack="0"/>
</pin_list>
<bind>
<StgValue><ssdm name="p_ZL9n_regions_30"/></StgValue>
</bind>
</comp>

<comp id="130" class="1000" name="p_ZL9n_regions_31">
<pin_list>
<pin id="131" dir="1" index="0" bw="1" slack="0"/>
</pin_list>
<bind>
<StgValue><ssdm name="p_ZL9n_regions_31"/></StgValue>
</bind>
</comp>

<comp id="132" class="1000" name="p_ZL9n_regions_32">
<pin_list>
<pin id="133" dir="1" index="0" bw="1" slack="0"/>
</pin_list>
<bind>
<StgValue><ssdm name="p_ZL9n_regions_32"/></StgValue>
</bind>
</comp>

<comp id="134" class="1000" name="p_ZL9n_regions_33">
<pin_list>
<pin id="135" dir="1" index="0" bw="1" slack="0"/>
</pin_list>
<bind>
<StgValue><ssdm name="p_ZL9n_regions_33"/></StgValue>
</bind>
</comp>

<comp id="136" class="1000" name="p_ZL9n_regions_34">
<pin_list>
<pin id="137" dir="1" index="0" bw="1" slack="0"/>
</pin_list>
<bind>
<StgValue><ssdm name="p_ZL9n_regions_34"/></StgValue>
</bind>
</comp>

<comp id="138" class="1000" name="p_ZL9n_regions_35">
<pin_list>
<pin id="139" dir="1" index="0" bw="1" slack="0"/>
</pin_list>
<bind>
<StgValue><ssdm name="p_ZL9n_regions_35"/></StgValue>
</bind>
</comp>

<comp id="140" class="1000" name="p_ZL9n_regions_36">
<pin_list>
<pin id="141" dir="1" index="0" bw="1" slack="0"/>
</pin_list>
<bind>
<StgValue><ssdm name="p_ZL9n_regions_36"/></StgValue>
</bind>
</comp>

<comp id="142" class="1000" name="p_ZL9n_regions_37">
<pin_list>
<pin id="143" dir="1" index="0" bw="1" slack="0"/>
</pin_list>
<bind>
<StgValue><ssdm name="p_ZL9n_regions_37"/></StgValue>
</bind>
</comp>

<comp id="144" class="1000" name="p_ZL9n_regions_38">
<pin_list>
<pin id="145" dir="1" index="0" bw="1" slack="0"/>
</pin_list>
<bind>
<StgValue><ssdm name="p_ZL9n_regions_38"/></StgValue>
</bind>
</comp>

<comp id="146" class="1000" name="p_ZL9n_regions_39">
<pin_list>
<pin id="147" dir="1" index="0" bw="1" slack="0"/>
</pin_list>
<bind>
<StgValue><ssdm name="p_ZL9n_regions_39"/></StgValue>
</bind>
</comp>

<comp id="148" class="1000" name="p_ZL9n_regions_40">
<pin_list>
<pin id="149" dir="1" index="0" bw="1" slack="0"/>
</pin_list>
<bind>
<StgValue><ssdm name="p_ZL9n_regions_40"/></StgValue>
</bind>
</comp>

<comp id="150" class="1000" name="p_ZL9n_regions_41">
<pin_list>
<pin id="151" dir="1" index="0" bw="1" slack="0"/>
</pin_list>
<bind>
<StgValue><ssdm name="p_ZL9n_regions_41"/></StgValue>
</bind>
</comp>

<comp id="152" class="1000" name="p_ZL9n_regions_42">
<pin_list>
<pin id="153" dir="1" index="0" bw="1" slack="0"/>
</pin_list>
<bind>
<StgValue><ssdm name="p_ZL9n_regions_42"/></StgValue>
</bind>
</comp>

<comp id="154" class="1000" name="p_ZL9n_regions_43">
<pin_list>
<pin id="155" dir="1" index="0" bw="1" slack="0"/>
</pin_list>
<bind>
<StgValue><ssdm name="p_ZL9n_regions_43"/></StgValue>
</bind>
</comp>

<comp id="156" class="1000" name="p_ZL9n_regions_44">
<pin_list>
<pin id="157" dir="1" index="0" bw="1" slack="0"/>
</pin_list>
<bind>
<StgValue><ssdm name="p_ZL9n_regions_44"/></StgValue>
</bind>
</comp>

<comp id="158" class="1000" name="p_ZL9n_regions_45">
<pin_list>
<pin id="159" dir="1" index="0" bw="1" slack="0"/>
</pin_list>
<bind>
<StgValue><ssdm name="p_ZL9n_regions_45"/></StgValue>
</bind>
</comp>

<comp id="160" class="1000" name="p_ZL9n_regions_46">
<pin_list>
<pin id="161" dir="1" index="0" bw="1" slack="0"/>
</pin_list>
<bind>
<StgValue><ssdm name="p_ZL9n_regions_46"/></StgValue>
</bind>
</comp>

<comp id="162" class="1000" name="p_ZL9n_regions_47">
<pin_list>
<pin id="163" dir="1" index="0" bw="1" slack="0"/>
</pin_list>
<bind>
<StgValue><ssdm name="p_ZL9n_regions_47"/></StgValue>
</bind>
</comp>

<comp id="164" class="1000" name="p_ZL9n_regions_48">
<pin_list>
<pin id="165" dir="1" index="0" bw="1" slack="0"/>
</pin_list>
<bind>
<StgValue><ssdm name="p_ZL9n_regions_48"/></StgValue>
</bind>
</comp>

<comp id="166" class="1000" name="p_ZL9n_regions_49">
<pin_list>
<pin id="167" dir="1" index="0" bw="1" slack="0"/>
</pin_list>
<bind>
<StgValue><ssdm name="p_ZL9n_regions_49"/></StgValue>
</bind>
</comp>

<comp id="168" class="1000" name="p_ZL9n_regions_50">
<pin_list>
<pin id="169" dir="1" index="0" bw="1" slack="0"/>
</pin_list>
<bind>
<StgValue><ssdm name="p_ZL9n_regions_50"/></StgValue>
</bind>
</comp>

<comp id="170" class="1000" name="p_ZL9n_regions_51">
<pin_list>
<pin id="171" dir="1" index="0" bw="1" slack="0"/>
</pin_list>
<bind>
<StgValue><ssdm name="p_ZL9n_regions_51"/></StgValue>
</bind>
</comp>

<comp id="172" class="1000" name="p_ZL9n_regions_52">
<pin_list>
<pin id="173" dir="1" index="0" bw="1" slack="0"/>
</pin_list>
<bind>
<StgValue><ssdm name="p_ZL9n_regions_52"/></StgValue>
</bind>
</comp>

<comp id="174" class="1000" name="p_ZL9n_regions_53">
<pin_list>
<pin id="175" dir="1" index="0" bw="1" slack="0"/>
</pin_list>
<bind>
<StgValue><ssdm name="p_ZL9n_regions_53"/></StgValue>
</bind>
</comp>

<comp id="176" class="1000" name="p_ZL9n_regions_54">
<pin_list>
<pin id="177" dir="1" index="0" bw="1" slack="0"/>
</pin_list>
<bind>
<StgValue><ssdm name="p_ZL9n_regions_54"/></StgValue>
</bind>
</comp>

<comp id="178" class="1000" name="p_ZL9n_regions_55">
<pin_list>
<pin id="179" dir="1" index="0" bw="1" slack="0"/>
</pin_list>
<bind>
<StgValue><ssdm name="p_ZL9n_regions_55"/></StgValue>
</bind>
</comp>

<comp id="180" class="1000" name="p_ZL9n_regions_56">
<pin_list>
<pin id="181" dir="1" index="0" bw="1" slack="0"/>
</pin_list>
<bind>
<StgValue><ssdm name="p_ZL9n_regions_56"/></StgValue>
</bind>
</comp>

<comp id="182" class="1000" name="p_ZL9n_regions_57">
<pin_list>
<pin id="183" dir="1" index="0" bw="1" slack="0"/>
</pin_list>
<bind>
<StgValue><ssdm name="p_ZL9n_regions_57"/></StgValue>
</bind>
</comp>

<comp id="184" class="1000" name="p_ZL9n_regions_58">
<pin_list>
<pin id="185" dir="1" index="0" bw="1" slack="0"/>
</pin_list>
<bind>
<StgValue><ssdm name="p_ZL9n_regions_58"/></StgValue>
</bind>
</comp>

<comp id="186" class="1000" name="p_ZL9n_regions_59">
<pin_list>
<pin id="187" dir="1" index="0" bw="1" slack="0"/>
</pin_list>
<bind>
<StgValue><ssdm name="p_ZL9n_regions_59"/></StgValue>
</bind>
</comp>

<comp id="188" class="1000" name="p_ZL9n_regions_60">
<pin_list>
<pin id="189" dir="1" index="0" bw="1" slack="0"/>
</pin_list>
<bind>
<StgValue><ssdm name="p_ZL9n_regions_60"/></StgValue>
</bind>
</comp>

<comp id="190" class="1000" name="p_ZL9n_regions_61">
<pin_list>
<pin id="191" dir="1" index="0" bw="1" slack="0"/>
</pin_list>
<bind>
<StgValue><ssdm name="p_ZL9n_regions_61"/></StgValue>
</bind>
</comp>

<comp id="192" class="1000" name="p_ZL9n_regions_62">
<pin_list>
<pin id="193" dir="1" index="0" bw="1" slack="0"/>
</pin_list>
<bind>
<StgValue><ssdm name="p_ZL9n_regions_62"/></StgValue>
</bind>
</comp>

<comp id="194" class="1001" name="const_194">
<pin_list>
<pin id="195" dir="1" index="0" bw="1" slack="0"/>
</pin_list>
<bind>
<StgValue><ssdm name="_ssdm_op_Read.ap_auto.i64"/></StgValue>
</bind>
</comp>

<comp id="196" class="1001" name="const_196">
<pin_list>
<pin id="197" dir="1" index="0" bw="1" slack="0"/>
</pin_list>
<bind>
<StgValue><ssdm name="_ssdm_op_Read.ap_auto.float"/></StgValue>
</bind>
</comp>

<comp id="198" class="1001" name="const_198">
<pin_list>
<pin id="199" dir="1" index="0" bw="1" slack="0"/>
</pin_list>
<bind>
<StgValue><ssdm name="_ssdm_op_Read.ap_auto.i6"/></StgValue>
</bind>
</comp>

<comp id="200" class="1001" name="const_200">
<pin_list>
<pin id="201" dir="1" index="0" bw="1" slack="0"/>
</pin_list>
<bind>
<StgValue><ssdm name="_ssdm_op_Read.ap_auto.i1"/></StgValue>
</bind>
</comp>

<comp id="202" class="1001" name="const_202">
<pin_list>
<pin id="203" dir="1" index="0" bw="1" slack="0"/>
</pin_list>
<bind>
<StgValue><ssdm name="read_data.1"/></StgValue>
</bind>
</comp>

<comp id="204" class="1001" name="const_204">
<pin_list>
<pin id="205" dir="1" index="0" bw="1" slack="0"/>
</pin_list>
<bind>
<StgValue><ssdm name="trainPipelineBody_Block_.split174_proc"/></StgValue>
</bind>
</comp>

<comp id="206" class="1001" name="const_206">
<pin_list>
<pin id="207" dir="1" index="0" bw="1" slack="2147483647"/>
</pin_list>
<bind>
<StgValue><ssdm name="_ssdm_op_SpecDataflowPipeline"/></StgValue>
</bind>
</comp>

<comp id="208" class="1001" name="const_208">
<pin_list>
<pin id="209" dir="1" index="0" bw="1" slack="2147483647"/>
</pin_list>
<bind>
<StgValue><ssdm name=""/></StgValue>
</bind>
</comp>

<comp id="210" class="1001" name="const_210">
<pin_list>
<pin id="211" dir="1" index="0" bw="1" slack="2147483647"/>
</pin_list>
<bind>
<StgValue><ssdm name=""/></StgValue>
</bind>
</comp>

<comp id="212" class="1001" name="const_212">
<pin_list>
<pin id="213" dir="1" index="0" bw="1" slack="2147483647"/>
</pin_list>
<bind>
<StgValue><ssdm name="empty_18"/></StgValue>
</bind>
</comp>

<comp id="214" class="1001" name="const_214">
<pin_list>
<pin id="215" dir="1" index="0" bw="1" slack="2147483647"/>
</pin_list>
<bind>
<StgValue><ssdm name="_ssdm_op_SpecInterface"/></StgValue>
</bind>
</comp>

<comp id="216" class="1001" name="const_216">
<pin_list>
<pin id="217" dir="1" index="0" bw="1" slack="2147483647"/>
</pin_list>
<bind>
<StgValue><ssdm name="empty_16"/></StgValue>
</bind>
</comp>

<comp id="218" class="1001" name="const_218">
<pin_list>
<pin id="219" dir="1" index="0" bw="1" slack="2147483647"/>
</pin_list>
<bind>
<StgValue><ssdm name=""/></StgValue>
</bind>
</comp>

<comp id="220" class="1001" name="const_220">
<pin_list>
<pin id="221" dir="1" index="0" bw="1" slack="2147483647"/>
</pin_list>
<bind>
<StgValue><ssdm name="empty_19"/></StgValue>
</bind>
</comp>

<comp id="222" class="1001" name="const_222">
<pin_list>
<pin id="223" dir="1" index="0" bw="1" slack="2147483647"/>
</pin_list>
<bind>
<StgValue><ssdm name="empty_7"/></StgValue>
</bind>
</comp>

<comp id="224" class="1001" name="const_224">
<pin_list>
<pin id="225" dir="1" index="0" bw="1" slack="2147483647"/>
</pin_list>
<bind>
<StgValue><ssdm name=""/></StgValue>
</bind>
</comp>

<comp id="226" class="1004" name="inputAOV_read_read_fu_226">
<pin_list>
<pin id="227" dir="0" index="0" bw="64" slack="0"/>
<pin id="228" dir="0" index="1" bw="64" slack="0"/>
<pin id="229" dir="1" index="2" bw="64" slack="0"/>
</pin_list>
<bind>
<opcode="read(1150) " fcode="read"/>
<opset="inputAOV_read/1 "/>
</bind>
</comp>

<comp id="232" class="1004" name="p_read_18_read_fu_232">
<pin_list>
<pin id="233" dir="0" index="0" bw="32" slack="0"/>
<pin id="234" dir="0" index="1" bw="32" slack="0"/>
<pin id="235" dir="1" index="2" bw="32" slack="0"/>
</pin_list>
<bind>
<opcode="read(1150) " fcode="read"/>
<opset="p_read_18/1 "/>
</bind>
</comp>

<comp id="238" class="1004" name="p_read818_read_fu_238">
<pin_list>
<pin id="239" dir="0" index="0" bw="32" slack="0"/>
<pin id="240" dir="0" index="1" bw="32" slack="0"/>
<pin id="241" dir="1" index="2" bw="32" slack="0"/>
</pin_list>
<bind>
<opcode="read(1150) " fcode="read"/>
<opset="p_read818/1 "/>
</bind>
</comp>

<comp id="244" class="1004" name="p_read717_read_fu_244">
<pin_list>
<pin id="245" dir="0" index="0" bw="32" slack="0"/>
<pin id="246" dir="0" index="1" bw="32" slack="0"/>
<pin id="247" dir="1" index="2" bw="32" slack="0"/>
</pin_list>
<bind>
<opcode="read(1150) " fcode="read"/>
<opset="p_read717/1 "/>
</bind>
</comp>

<comp id="250" class="1004" name="p_read616_read_fu_250">
<pin_list>
<pin id="251" dir="0" index="0" bw="32" slack="0"/>
<pin id="252" dir="0" index="1" bw="32" slack="0"/>
<pin id="253" dir="1" index="2" bw="32" slack="0"/>
</pin_list>
<bind>
<opcode="read(1150) " fcode="read"/>
<opset="p_read616/1 "/>
</bind>
</comp>

<comp id="256" class="1004" name="p_read515_read_fu_256">
<pin_list>
<pin id="257" dir="0" index="0" bw="32" slack="0"/>
<pin id="258" dir="0" index="1" bw="32" slack="0"/>
<pin id="259" dir="1" index="2" bw="32" slack="0"/>
</pin_list>
<bind>
<opcode="read(1150) " fcode="read"/>
<opset="p_read515/1 "/>
</bind>
</comp>

<comp id="262" class="1004" name="p_read414_read_fu_262">
<pin_list>
<pin id="263" dir="0" index="0" bw="32" slack="0"/>
<pin id="264" dir="0" index="1" bw="32" slack="0"/>
<pin id="265" dir="1" index="2" bw="32" slack="0"/>
</pin_list>
<bind>
<opcode="read(1150) " fcode="read"/>
<opset="p_read414/1 "/>
</bind>
</comp>

<comp id="268" class="1004" name="p_read313_read_fu_268">
<pin_list>
<pin id="269" dir="0" index="0" bw="32" slack="0"/>
<pin id="270" dir="0" index="1" bw="32" slack="0"/>
<pin id="271" dir="1" index="2" bw="32" slack="0"/>
</pin_list>
<bind>
<opcode="read(1150) " fcode="read"/>
<opset="p_read313/1 "/>
</bind>
</comp>

<comp id="274" class="1004" name="p_read212_read_fu_274">
<pin_list>
<pin id="275" dir="0" index="0" bw="32" slack="0"/>
<pin id="276" dir="0" index="1" bw="32" slack="0"/>
<pin id="277" dir="1" index="2" bw="32" slack="0"/>
</pin_list>
<bind>
<opcode="read(1150) " fcode="read"/>
<opset="p_read212/1 "/>
</bind>
</comp>

<comp id="280" class="1004" name="p_read111_read_fu_280">
<pin_list>
<pin id="281" dir="0" index="0" bw="6" slack="0"/>
<pin id="282" dir="0" index="1" bw="6" slack="0"/>
<pin id="283" dir="1" index="2" bw="6" slack="0"/>
</pin_list>
<bind>
<opcode="read(1150) " fcode="read"/>
<opset="p_read111/1 "/>
</bind>
</comp>

<comp id="286" class="1004" name="p_read_19_read_fu_286">
<pin_list>
<pin id="287" dir="0" index="0" bw="1" slack="0"/>
<pin id="288" dir="0" index="1" bw="1" slack="0"/>
<pin id="289" dir="1" index="2" bw="1" slack="0"/>
</pin_list>
<bind>
<opcode="read(1150) " fcode="read"/>
<opset="p_read_19/1 "/>
</bind>
</comp>

<comp id="292" class="1004" name="grp_read_data_1_fu_292">
<pin_list>
<pin id="293" dir="0" index="0" bw="0" slack="0"/>
<pin id="294" dir="0" index="1" bw="1" slack="0"/>
<pin id="295" dir="0" index="2" bw="8" slack="0"/>
<pin id="296" dir="0" index="3" bw="8" slack="0"/>
<pin id="297" dir="0" index="4" bw="6" slack="0"/>
<pin id="298" dir="0" index="5" bw="8" slack="0"/>
<pin id="299" dir="0" index="6" bw="8" slack="0"/>
<pin id="300" dir="0" index="7" bw="16" slack="0"/>
<pin id="301" dir="0" index="8" bw="32" slack="0"/>
<pin id="302" dir="0" index="9" bw="32" slack="0"/>
<pin id="303" dir="0" index="10" bw="32" slack="0"/>
<pin id="304" dir="0" index="11" bw="32" slack="0"/>
<pin id="305" dir="0" index="12" bw="32" slack="0"/>
<pin id="306" dir="0" index="13" bw="32" slack="0"/>
<pin id="307" dir="0" index="14" bw="32" slack="0"/>
<pin id="308" dir="0" index="15" bw="32" slack="0"/>
<pin id="309" dir="0" index="16" bw="512" slack="0"/>
<pin id="310" dir="0" index="17" bw="64" slack="0"/>
<pin id="311" dir="1" index="18" bw="0" slack="2147483647"/>
</pin_list>
<bind>
<opcode="call(48) " fcode="call"/>
<opset="call_ln680/1 "/>
</bind>
</comp>

<comp id="330" class="1004" name="grp_trainPipelineBody_Block_split174_proc_fu_330">
<pin_list>
<pin id="331" dir="0" index="0" bw="0" slack="0"/>
<pin id="332" dir="0" index="1" bw="6" slack="0"/>
<pin id="333" dir="0" index="2" bw="1" slack="0"/>
<pin id="334" dir="0" index="3" bw="32" slack="0"/>
<pin id="335" dir="0" index="4" bw="32" slack="0"/>
<pin id="336" dir="0" index="5" bw="32" slack="0"/>
<pin id="337" dir="0" index="6" bw="32" slack="0"/>
<pin id="338" dir="0" index="7" bw="32" slack="0"/>
<pin id="339" dir="0" index="8" bw="32" slack="0"/>
<pin id="340" dir="0" index="9" bw="32" slack="0"/>
<pin id="341" dir="0" index="10" bw="32" slack="0"/>
<pin id="342" dir="0" index="11" bw="8" slack="0"/>
<pin id="343" dir="0" index="12" bw="32" slack="0"/>
<pin id="344" dir="0" index="13" bw="32" slack="0"/>
<pin id="345" dir="0" index="14" bw="32" slack="0"/>
<pin id="346" dir="0" index="15" bw="32" slack="0"/>
<pin id="347" dir="0" index="16" bw="32" slack="0"/>
<pin id="348" dir="0" index="17" bw="32" slack="0"/>
<pin id="349" dir="0" index="18" bw="8" slack="0"/>
<pin id="350" dir="0" index="19" bw="8" slack="0"/>
<pin id="351" dir="0" index="20" bw="8" slack="0"/>
<pin id="352" dir="0" index="21" bw="8" slack="0"/>
<pin id="353" dir="0" index="22" bw="8" slack="0"/>
<pin id="354" dir="0" index="23" bw="8" slack="0"/>
<pin id="355" dir="0" index="24" bw="8" slack="0"/>
<pin id="356" dir="0" index="25" bw="8" slack="0"/>
<pin id="357" dir="0" index="26" bw="8" slack="0"/>
<pin id="358" dir="0" index="27" bw="8" slack="0"/>
<pin id="359" dir="0" index="28" bw="8" slack="0"/>
<pin id="360" dir="0" index="29" bw="8" slack="0"/>
<pin id="361" dir="0" index="30" bw="8" slack="0"/>
<pin id="362" dir="0" index="31" bw="8" slack="0"/>
<pin id="363" dir="0" index="32" bw="8" slack="0"/>
<pin id="364" dir="0" index="33" bw="8" slack="0"/>
<pin id="365" dir="0" index="34" bw="8" slack="0"/>
<pin id="366" dir="0" index="35" bw="8" slack="0"/>
<pin id="367" dir="0" index="36" bw="8" slack="0"/>
<pin id="368" dir="0" index="37" bw="8" slack="0"/>
<pin id="369" dir="0" index="38" bw="8" slack="0"/>
<pin id="370" dir="0" index="39" bw="8" slack="0"/>
<pin id="371" dir="0" index="40" bw="8" slack="0"/>
<pin id="372" dir="0" index="41" bw="8" slack="0"/>
<pin id="373" dir="0" index="42" bw="8" slack="0"/>
<pin id="374" dir="0" index="43" bw="8" slack="0"/>
<pin id="375" dir="0" index="44" bw="8" slack="0"/>
<pin id="376" dir="0" index="45" bw="8" slack="0"/>
<pin id="377" dir="0" index="46" bw="8" slack="0"/>
<pin id="378" dir="0" index="47" bw="8" slack="0"/>
<pin id="379" dir="0" index="48" bw="8" slack="0"/>
<pin id="380" dir="0" index="49" bw="8" slack="0"/>
<pin id="381" dir="0" index="50" bw="8" slack="0"/>
<pin id="382" dir="0" index="51" bw="8" slack="0"/>
<pin id="383" dir="0" index="52" bw="8" slack="0"/>
<pin id="384" dir="0" index="53" bw="8" slack="0"/>
<pin id="385" dir="0" index="54" bw="8" slack="0"/>
<pin id="386" dir="0" index="55" bw="8" slack="0"/>
<pin id="387" dir="0" index="56" bw="8" slack="0"/>
<pin id="388" dir="0" index="57" bw="8" slack="0"/>
<pin id="389" dir="0" index="58" bw="8" slack="0"/>
<pin id="390" dir="0" index="59" bw="8" slack="0"/>
<pin id="391" dir="0" index="60" bw="8" slack="0"/>
<pin id="392" dir="0" index="61" bw="8" slack="0"/>
<pin id="393" dir="0" index="62" bw="8" slack="0"/>
<pin id="394" dir="0" index="63" bw="8" slack="0"/>
<pin id="395" dir="0" index="64" bw="8" slack="0"/>
<pin id="396" dir="0" index="65" bw="8" slack="0"/>
<pin id="397" dir="0" index="66" bw="8" slack="0"/>
<pin id="398" dir="0" index="67" bw="8" slack="0"/>
<pin id="399" dir="0" index="68" bw="8" slack="0"/>
<pin id="400" dir="0" index="69" bw="8" slack="0"/>
<pin id="401" dir="0" index="70" bw="8" slack="0"/>
<pin id="402" dir="0" index="71" bw="8" slack="0"/>
<pin id="403" dir="0" index="72" bw="8" slack="0"/>
<pin id="404" dir="0" index="73" bw="8" slack="0"/>
<pin id="405" dir="0" index="74" bw="8" slack="0"/>
<pin id="406" dir="0" index="75" bw="8" slack="0"/>
<pin id="407" dir="0" index="76" bw="8" slack="0"/>
<pin id="408" dir="0" index="77" bw="8" slack="0"/>
<pin id="409" dir="0" index="78" bw="8" slack="0"/>
<pin id="410" dir="0" index="79" bw="8" slack="0"/>
<pin id="411" dir="0" index="80" bw="8" slack="0"/>
<pin id="412" dir="1" index="81" bw="0" slack="2147483647"/>
</pin_list>
<bind>
<opcode="call(48) " fcode="call"/>
<opset="call_ln680/1 "/>
</bind>
</comp>

<comp id="494" class="1005" name="inputAOV_read_reg_494">
<pin_list>
<pin id="495" dir="0" index="0" bw="64" slack="1"/>
<pin id="496" dir="1" index="1" bw="64" slack="1"/>
</pin_list>
<bind>
<opset="inputAOV_read "/>
</bind>
</comp>

<comp id="499" class="1005" name="p_read_18_reg_499">
<pin_list>
<pin id="500" dir="0" index="0" bw="32" slack="1"/>
<pin id="501" dir="1" index="1" bw="32" slack="1"/>
</pin_list>
<bind>
<opset="p_read_18 "/>
</bind>
</comp>

<comp id="504" class="1005" name="p_read818_reg_504">
<pin_list>
<pin id="505" dir="0" index="0" bw="32" slack="1"/>
<pin id="506" dir="1" index="1" bw="32" slack="1"/>
</pin_list>
<bind>
<opset="p_read818 "/>
</bind>
</comp>

<comp id="509" class="1005" name="p_read717_reg_509">
<pin_list>
<pin id="510" dir="0" index="0" bw="32" slack="1"/>
<pin id="511" dir="1" index="1" bw="32" slack="1"/>
</pin_list>
<bind>
<opset="p_read717 "/>
</bind>
</comp>

<comp id="514" class="1005" name="p_read616_reg_514">
<pin_list>
<pin id="515" dir="0" index="0" bw="32" slack="1"/>
<pin id="516" dir="1" index="1" bw="32" slack="1"/>
</pin_list>
<bind>
<opset="p_read616 "/>
</bind>
</comp>

<comp id="519" class="1005" name="p_read515_reg_519">
<pin_list>
<pin id="520" dir="0" index="0" bw="32" slack="1"/>
<pin id="521" dir="1" index="1" bw="32" slack="1"/>
</pin_list>
<bind>
<opset="p_read515 "/>
</bind>
</comp>

<comp id="524" class="1005" name="p_read414_reg_524">
<pin_list>
<pin id="525" dir="0" index="0" bw="32" slack="1"/>
<pin id="526" dir="1" index="1" bw="32" slack="1"/>
</pin_list>
<bind>
<opset="p_read414 "/>
</bind>
</comp>

<comp id="529" class="1005" name="p_read313_reg_529">
<pin_list>
<pin id="530" dir="0" index="0" bw="32" slack="1"/>
<pin id="531" dir="1" index="1" bw="32" slack="1"/>
</pin_list>
<bind>
<opset="p_read313 "/>
</bind>
</comp>

<comp id="534" class="1005" name="p_read212_reg_534">
<pin_list>
<pin id="535" dir="0" index="0" bw="32" slack="1"/>
<pin id="536" dir="1" index="1" bw="32" slack="1"/>
</pin_list>
<bind>
<opset="p_read212 "/>
</bind>
</comp>

<comp id="539" class="1005" name="p_read111_reg_539">
<pin_list>
<pin id="540" dir="0" index="0" bw="6" slack="1"/>
<pin id="541" dir="1" index="1" bw="6" slack="1"/>
</pin_list>
<bind>
<opset="p_read111 "/>
</bind>
</comp>

<comp id="544" class="1005" name="p_read_19_reg_544">
<pin_list>
<pin id="545" dir="0" index="0" bw="1" slack="1"/>
<pin id="546" dir="1" index="1" bw="1" slack="1"/>
</pin_list>
<bind>
<opset="p_read_19 "/>
</bind>
</comp>

</comp_list>

<net_list>
<net id="230"><net_src comp="194" pin="0"/><net_sink comp="226" pin=0"/></net>

<net id="231"><net_src comp="48" pin="0"/><net_sink comp="226" pin=1"/></net>

<net id="236"><net_src comp="196" pin="0"/><net_sink comp="232" pin=0"/></net>

<net id="237"><net_src comp="20" pin="0"/><net_sink comp="232" pin=1"/></net>

<net id="242"><net_src comp="196" pin="0"/><net_sink comp="238" pin=0"/></net>

<net id="243"><net_src comp="18" pin="0"/><net_sink comp="238" pin=1"/></net>

<net id="248"><net_src comp="196" pin="0"/><net_sink comp="244" pin=0"/></net>

<net id="249"><net_src comp="16" pin="0"/><net_sink comp="244" pin=1"/></net>

<net id="254"><net_src comp="196" pin="0"/><net_sink comp="250" pin=0"/></net>

<net id="255"><net_src comp="14" pin="0"/><net_sink comp="250" pin=1"/></net>

<net id="260"><net_src comp="196" pin="0"/><net_sink comp="256" pin=0"/></net>

<net id="261"><net_src comp="12" pin="0"/><net_sink comp="256" pin=1"/></net>

<net id="266"><net_src comp="196" pin="0"/><net_sink comp="262" pin=0"/></net>

<net id="267"><net_src comp="10" pin="0"/><net_sink comp="262" pin=1"/></net>

<net id="272"><net_src comp="196" pin="0"/><net_sink comp="268" pin=0"/></net>

<net id="273"><net_src comp="8" pin="0"/><net_sink comp="268" pin=1"/></net>

<net id="278"><net_src comp="196" pin="0"/><net_sink comp="274" pin=0"/></net>

<net id="279"><net_src comp="6" pin="0"/><net_sink comp="274" pin=1"/></net>

<net id="284"><net_src comp="198" pin="0"/><net_sink comp="280" pin=0"/></net>

<net id="285"><net_src comp="4" pin="0"/><net_sink comp="280" pin=1"/></net>

<net id="290"><net_src comp="200" pin="0"/><net_sink comp="286" pin=0"/></net>

<net id="291"><net_src comp="2" pin="0"/><net_sink comp="286" pin=1"/></net>

<net id="312"><net_src comp="202" pin="0"/><net_sink comp="292" pin=0"/></net>

<net id="313"><net_src comp="0" pin="0"/><net_sink comp="292" pin=1"/></net>

<net id="314"><net_src comp="50" pin="0"/><net_sink comp="292" pin=2"/></net>

<net id="315"><net_src comp="52" pin="0"/><net_sink comp="292" pin=3"/></net>

<net id="316"><net_src comp="22" pin="0"/><net_sink comp="292" pin=4"/></net>

<net id="317"><net_src comp="24" pin="0"/><net_sink comp="292" pin=5"/></net>

<net id="318"><net_src comp="26" pin="0"/><net_sink comp="292" pin=6"/></net>

<net id="319"><net_src comp="28" pin="0"/><net_sink comp="292" pin=7"/></net>

<net id="320"><net_src comp="30" pin="0"/><net_sink comp="292" pin=8"/></net>

<net id="321"><net_src comp="32" pin="0"/><net_sink comp="292" pin=9"/></net>

<net id="322"><net_src comp="34" pin="0"/><net_sink comp="292" pin=10"/></net>

<net id="323"><net_src comp="36" pin="0"/><net_sink comp="292" pin=11"/></net>

<net id="324"><net_src comp="38" pin="0"/><net_sink comp="292" pin=12"/></net>

<net id="325"><net_src comp="40" pin="0"/><net_sink comp="292" pin=13"/></net>

<net id="326"><net_src comp="42" pin="0"/><net_sink comp="292" pin=14"/></net>

<net id="327"><net_src comp="44" pin="0"/><net_sink comp="292" pin=15"/></net>

<net id="328"><net_src comp="46" pin="0"/><net_sink comp="292" pin=16"/></net>

<net id="329"><net_src comp="226" pin="2"/><net_sink comp="292" pin=17"/></net>

<net id="413"><net_src comp="204" pin="0"/><net_sink comp="330" pin=0"/></net>

<net id="414"><net_src comp="280" pin="2"/><net_sink comp="330" pin=1"/></net>

<net id="415"><net_src comp="286" pin="2"/><net_sink comp="330" pin=2"/></net>

<net id="416"><net_src comp="274" pin="2"/><net_sink comp="330" pin=3"/></net>

<net id="417"><net_src comp="268" pin="2"/><net_sink comp="330" pin=4"/></net>

<net id="418"><net_src comp="262" pin="2"/><net_sink comp="330" pin=5"/></net>

<net id="419"><net_src comp="256" pin="2"/><net_sink comp="330" pin=6"/></net>

<net id="420"><net_src comp="250" pin="2"/><net_sink comp="330" pin=7"/></net>

<net id="421"><net_src comp="244" pin="2"/><net_sink comp="330" pin=8"/></net>

<net id="422"><net_src comp="238" pin="2"/><net_sink comp="330" pin=9"/></net>

<net id="423"><net_src comp="232" pin="2"/><net_sink comp="330" pin=10"/></net>

<net id="424"><net_src comp="54" pin="0"/><net_sink comp="330" pin=11"/></net>

<net id="425"><net_src comp="56" pin="0"/><net_sink comp="330" pin=12"/></net>

<net id="426"><net_src comp="58" pin="0"/><net_sink comp="330" pin=13"/></net>

<net id="427"><net_src comp="60" pin="0"/><net_sink comp="330" pin=14"/></net>

<net id="428"><net_src comp="62" pin="0"/><net_sink comp="330" pin=15"/></net>

<net id="429"><net_src comp="64" pin="0"/><net_sink comp="330" pin=16"/></net>

<net id="430"><net_src comp="66" pin="0"/><net_sink comp="330" pin=17"/></net>

<net id="431"><net_src comp="68" pin="0"/><net_sink comp="330" pin=18"/></net>

<net id="432"><net_src comp="70" pin="0"/><net_sink comp="330" pin=19"/></net>

<net id="433"><net_src comp="72" pin="0"/><net_sink comp="330" pin=20"/></net>

<net id="434"><net_src comp="74" pin="0"/><net_sink comp="330" pin=21"/></net>

<net id="435"><net_src comp="76" pin="0"/><net_sink comp="330" pin=22"/></net>

<net id="436"><net_src comp="78" pin="0"/><net_sink comp="330" pin=23"/></net>

<net id="437"><net_src comp="80" pin="0"/><net_sink comp="330" pin=24"/></net>

<net id="438"><net_src comp="82" pin="0"/><net_sink comp="330" pin=25"/></net>

<net id="439"><net_src comp="84" pin="0"/><net_sink comp="330" pin=26"/></net>

<net id="440"><net_src comp="86" pin="0"/><net_sink comp="330" pin=27"/></net>

<net id="441"><net_src comp="88" pin="0"/><net_sink comp="330" pin=28"/></net>

<net id="442"><net_src comp="90" pin="0"/><net_sink comp="330" pin=29"/></net>

<net id="443"><net_src comp="92" pin="0"/><net_sink comp="330" pin=30"/></net>

<net id="444"><net_src comp="94" pin="0"/><net_sink comp="330" pin=31"/></net>

<net id="445"><net_src comp="96" pin="0"/><net_sink comp="330" pin=32"/></net>

<net id="446"><net_src comp="98" pin="0"/><net_sink comp="330" pin=33"/></net>

<net id="447"><net_src comp="100" pin="0"/><net_sink comp="330" pin=34"/></net>

<net id="448"><net_src comp="102" pin="0"/><net_sink comp="330" pin=35"/></net>

<net id="449"><net_src comp="104" pin="0"/><net_sink comp="330" pin=36"/></net>

<net id="450"><net_src comp="106" pin="0"/><net_sink comp="330" pin=37"/></net>

<net id="451"><net_src comp="108" pin="0"/><net_sink comp="330" pin=38"/></net>

<net id="452"><net_src comp="110" pin="0"/><net_sink comp="330" pin=39"/></net>

<net id="453"><net_src comp="112" pin="0"/><net_sink comp="330" pin=40"/></net>

<net id="454"><net_src comp="114" pin="0"/><net_sink comp="330" pin=41"/></net>

<net id="455"><net_src comp="116" pin="0"/><net_sink comp="330" pin=42"/></net>

<net id="456"><net_src comp="118" pin="0"/><net_sink comp="330" pin=43"/></net>

<net id="457"><net_src comp="120" pin="0"/><net_sink comp="330" pin=44"/></net>

<net id="458"><net_src comp="122" pin="0"/><net_sink comp="330" pin=45"/></net>

<net id="459"><net_src comp="124" pin="0"/><net_sink comp="330" pin=46"/></net>

<net id="460"><net_src comp="126" pin="0"/><net_sink comp="330" pin=47"/></net>

<net id="461"><net_src comp="128" pin="0"/><net_sink comp="330" pin=48"/></net>

<net id="462"><net_src comp="130" pin="0"/><net_sink comp="330" pin=49"/></net>

<net id="463"><net_src comp="132" pin="0"/><net_sink comp="330" pin=50"/></net>

<net id="464"><net_src comp="134" pin="0"/><net_sink comp="330" pin=51"/></net>

<net id="465"><net_src comp="136" pin="0"/><net_sink comp="330" pin=52"/></net>

<net id="466"><net_src comp="138" pin="0"/><net_sink comp="330" pin=53"/></net>

<net id="467"><net_src comp="140" pin="0"/><net_sink comp="330" pin=54"/></net>

<net id="468"><net_src comp="142" pin="0"/><net_sink comp="330" pin=55"/></net>

<net id="469"><net_src comp="144" pin="0"/><net_sink comp="330" pin=56"/></net>

<net id="470"><net_src comp="146" pin="0"/><net_sink comp="330" pin=57"/></net>

<net id="471"><net_src comp="148" pin="0"/><net_sink comp="330" pin=58"/></net>

<net id="472"><net_src comp="150" pin="0"/><net_sink comp="330" pin=59"/></net>

<net id="473"><net_src comp="152" pin="0"/><net_sink comp="330" pin=60"/></net>

<net id="474"><net_src comp="154" pin="0"/><net_sink comp="330" pin=61"/></net>

<net id="475"><net_src comp="156" pin="0"/><net_sink comp="330" pin=62"/></net>

<net id="476"><net_src comp="158" pin="0"/><net_sink comp="330" pin=63"/></net>

<net id="477"><net_src comp="160" pin="0"/><net_sink comp="330" pin=64"/></net>

<net id="478"><net_src comp="162" pin="0"/><net_sink comp="330" pin=65"/></net>

<net id="479"><net_src comp="164" pin="0"/><net_sink comp="330" pin=66"/></net>

<net id="480"><net_src comp="166" pin="0"/><net_sink comp="330" pin=67"/></net>

<net id="481"><net_src comp="168" pin="0"/><net_sink comp="330" pin=68"/></net>

<net id="482"><net_src comp="170" pin="0"/><net_sink comp="330" pin=69"/></net>

<net id="483"><net_src comp="172" pin="0"/><net_sink comp="330" pin=70"/></net>

<net id="484"><net_src comp="174" pin="0"/><net_sink comp="330" pin=71"/></net>

<net id="485"><net_src comp="176" pin="0"/><net_sink comp="330" pin=72"/></net>

<net id="486"><net_src comp="178" pin="0"/><net_sink comp="330" pin=73"/></net>

<net id="487"><net_src comp="180" pin="0"/><net_sink comp="330" pin=74"/></net>

<net id="488"><net_src comp="182" pin="0"/><net_sink comp="330" pin=75"/></net>

<net id="489"><net_src comp="184" pin="0"/><net_sink comp="330" pin=76"/></net>

<net id="490"><net_src comp="186" pin="0"/><net_sink comp="330" pin=77"/></net>

<net id="491"><net_src comp="188" pin="0"/><net_sink comp="330" pin=78"/></net>

<net id="492"><net_src comp="190" pin="0"/><net_sink comp="330" pin=79"/></net>

<net id="493"><net_src comp="192" pin="0"/><net_sink comp="330" pin=80"/></net>

<net id="497"><net_src comp="226" pin="2"/><net_sink comp="494" pin=0"/></net>

<net id="498"><net_src comp="494" pin="1"/><net_sink comp="292" pin=17"/></net>

<net id="502"><net_src comp="232" pin="2"/><net_sink comp="499" pin=0"/></net>

<net id="503"><net_src comp="499" pin="1"/><net_sink comp="330" pin=10"/></net>

<net id="507"><net_src comp="238" pin="2"/><net_sink comp="504" pin=0"/></net>

<net id="508"><net_src comp="504" pin="1"/><net_sink comp="330" pin=9"/></net>

<net id="512"><net_src comp="244" pin="2"/><net_sink comp="509" pin=0"/></net>

<net id="513"><net_src comp="509" pin="1"/><net_sink comp="330" pin=8"/></net>

<net id="517"><net_src comp="250" pin="2"/><net_sink comp="514" pin=0"/></net>

<net id="518"><net_src comp="514" pin="1"/><net_sink comp="330" pin=7"/></net>

<net id="522"><net_src comp="256" pin="2"/><net_sink comp="519" pin=0"/></net>

<net id="523"><net_src comp="519" pin="1"/><net_sink comp="330" pin=6"/></net>

<net id="527"><net_src comp="262" pin="2"/><net_sink comp="524" pin=0"/></net>

<net id="528"><net_src comp="524" pin="1"/><net_sink comp="330" pin=5"/></net>

<net id="532"><net_src comp="268" pin="2"/><net_sink comp="529" pin=0"/></net>

<net id="533"><net_src comp="529" pin="1"/><net_sink comp="330" pin=4"/></net>

<net id="537"><net_src comp="274" pin="2"/><net_sink comp="534" pin=0"/></net>

<net id="538"><net_src comp="534" pin="1"/><net_sink comp="330" pin=3"/></net>

<net id="542"><net_src comp="280" pin="2"/><net_sink comp="539" pin=0"/></net>

<net id="543"><net_src comp="539" pin="1"/><net_sink comp="330" pin=1"/></net>

<net id="547"><net_src comp="286" pin="2"/><net_sink comp="544" pin=0"/></net>

<net id="548"><net_src comp="544" pin="1"/><net_sink comp="330" pin=2"/></net>

</net_list>

</model> 
---------------- Datapath Model END ------------------

* FSMD analyzer results:
  - Output states:
	Port: bubblePong | {1 2 }
	Port: checkIdPong | {1 2 }
	Port: taskIdPong | {1 2 }
	Port: executionIdPong | {1 2 }
	Port: uniIdPong | {1 2 }
	Port: AOVPong_0 | {1 2 }
	Port: AOVPong_1 | {1 2 }
	Port: AOVPong_2 | {1 2 }
	Port: AOVPong_3 | {1 2 }
	Port: AOVPong_4 | {1 2 }
	Port: AOVPong_5 | {1 2 }
	Port: AOVPong_6 | {1 2 }
	Port: AOVPong_7 | {1 2 }
	Port: data_in_vld_out | {1 2 }
	Port: p_ZL9n_regions_63 | {1 2 }
	Port: regions | {1 2 }
	Port: regions_1 | {1 2 }
	Port: regions_2 | {1 2 }
	Port: regions_3 | {1 2 }
	Port: regions_4 | {1 2 }
	Port: regions_5 | {1 2 }
	Port: p_ZL9n_regions_0 | {1 2 }
	Port: p_ZL9n_regions_1 | {1 2 }
	Port: p_ZL9n_regions_2 | {1 2 }
	Port: p_ZL9n_regions_3 | {1 2 }
	Port: p_ZL9n_regions_4 | {1 2 }
	Port: p_ZL9n_regions_5 | {1 2 }
	Port: p_ZL9n_regions_6 | {1 2 }
	Port: p_ZL9n_regions_7 | {1 2 }
	Port: p_ZL9n_regions_8 | {1 2 }
	Port: p_ZL9n_regions_9 | {1 2 }
	Port: p_ZL9n_regions_10 | {1 2 }
	Port: p_ZL9n_regions_11 | {1 2 }
	Port: p_ZL9n_regions_12 | {1 2 }
	Port: p_ZL9n_regions_13 | {1 2 }
	Port: p_ZL9n_regions_14 | {1 2 }
	Port: p_ZL9n_regions_15 | {1 2 }
	Port: p_ZL9n_regions_16 | {1 2 }
	Port: p_ZL9n_regions_17 | {1 2 }
	Port: p_ZL9n_regions_18 | {1 2 }
	Port: p_ZL9n_regions_19 | {1 2 }
	Port: p_ZL9n_regions_20 | {1 2 }
	Port: p_ZL9n_regions_21 | {1 2 }
	Port: p_ZL9n_regions_22 | {1 2 }
	Port: p_ZL9n_regions_23 | {1 2 }
	Port: p_ZL9n_regions_24 | {1 2 }
	Port: p_ZL9n_regions_25 | {1 2 }
	Port: p_ZL9n_regions_26 | {1 2 }
	Port: p_ZL9n_regions_27 | {1 2 }
	Port: p_ZL9n_regions_28 | {1 2 }
	Port: p_ZL9n_regions_29 | {1 2 }
	Port: p_ZL9n_regions_30 | {1 2 }
	Port: p_ZL9n_regions_31 | {1 2 }
	Port: p_ZL9n_regions_32 | {1 2 }
	Port: p_ZL9n_regions_33 | {1 2 }
	Port: p_ZL9n_regions_34 | {1 2 }
	Port: p_ZL9n_regions_35 | {1 2 }
	Port: p_ZL9n_regions_36 | {1 2 }
	Port: p_ZL9n_regions_37 | {1 2 }
	Port: p_ZL9n_regions_38 | {1 2 }
	Port: p_ZL9n_regions_39 | {1 2 }
	Port: p_ZL9n_regions_40 | {1 2 }
	Port: p_ZL9n_regions_41 | {1 2 }
	Port: p_ZL9n_regions_42 | {1 2 }
	Port: p_ZL9n_regions_43 | {1 2 }
	Port: p_ZL9n_regions_44 | {1 2 }
	Port: p_ZL9n_regions_45 | {1 2 }
	Port: p_ZL9n_regions_46 | {1 2 }
	Port: p_ZL9n_regions_47 | {1 2 }
	Port: p_ZL9n_regions_48 | {1 2 }
	Port: p_ZL9n_regions_49 | {1 2 }
	Port: p_ZL9n_regions_50 | {1 2 }
	Port: p_ZL9n_regions_51 | {1 2 }
	Port: p_ZL9n_regions_52 | {1 2 }
	Port: p_ZL9n_regions_53 | {1 2 }
	Port: p_ZL9n_regions_54 | {1 2 }
	Port: p_ZL9n_regions_55 | {1 2 }
	Port: p_ZL9n_regions_56 | {1 2 }
	Port: p_ZL9n_regions_57 | {1 2 }
	Port: p_ZL9n_regions_58 | {1 2 }
	Port: p_ZL9n_regions_59 | {1 2 }
	Port: p_ZL9n_regions_60 | {1 2 }
	Port: p_ZL9n_regions_61 | {1 2 }
	Port: p_ZL9n_regions_62 | {1 2 }
 - Input state : 
	Port: trainPipelineBody : p_read | {1 }
	Port: trainPipelineBody : p_read1 | {1 }
	Port: trainPipelineBody : p_read2 | {1 }
	Port: trainPipelineBody : p_read3 | {1 }
	Port: trainPipelineBody : p_read4 | {1 }
	Port: trainPipelineBody : p_read5 | {1 }
	Port: trainPipelineBody : p_read6 | {1 }
	Port: trainPipelineBody : p_read7 | {1 }
	Port: trainPipelineBody : p_read8 | {1 }
	Port: trainPipelineBody : p_read9 | {1 }
	Port: trainPipelineBody : gmem | {1 2 }
	Port: trainPipelineBody : inputAOV | {1 }
	Port: trainPipelineBody : data_in_vld_in | {1 2 }
	Port: trainPipelineBody : p_ZL9n_regions_63 | {1 2 }
	Port: trainPipelineBody : regions | {1 2 }
	Port: trainPipelineBody : regions_1 | {1 2 }
	Port: trainPipelineBody : regions_2 | {1 2 }
	Port: trainPipelineBody : regions_3 | {1 2 }
	Port: trainPipelineBody : regions_4 | {1 2 }
	Port: trainPipelineBody : regions_5 | {1 2 }
	Port: trainPipelineBody : p_ZL9n_regions_0 | {1 2 }
	Port: trainPipelineBody : p_ZL9n_regions_1 | {1 2 }
	Port: trainPipelineBody : p_ZL9n_regions_2 | {1 2 }
	Port: trainPipelineBody : p_ZL9n_regions_3 | {1 2 }
	Port: trainPipelineBody : p_ZL9n_regions_4 | {1 2 }
	Port: trainPipelineBody : p_ZL9n_regions_5 | {1 2 }
	Port: trainPipelineBody : p_ZL9n_regions_6 | {1 2 }
	Port: trainPipelineBody : p_ZL9n_regions_7 | {1 2 }
	Port: trainPipelineBody : p_ZL9n_regions_8 | {1 2 }
	Port: trainPipelineBody : p_ZL9n_regions_9 | {1 2 }
	Port: trainPipelineBody : p_ZL9n_regions_10 | {1 2 }
	Port: trainPipelineBody : p_ZL9n_regions_11 | {1 2 }
	Port: trainPipelineBody : p_ZL9n_regions_12 | {1 2 }
	Port: trainPipelineBody : p_ZL9n_regions_13 | {1 2 }
	Port: trainPipelineBody : p_ZL9n_regions_14 | {1 2 }
	Port: trainPipelineBody : p_ZL9n_regions_15 | {1 2 }
	Port: trainPipelineBody : p_ZL9n_regions_16 | {1 2 }
	Port: trainPipelineBody : p_ZL9n_regions_17 | {1 2 }
	Port: trainPipelineBody : p_ZL9n_regions_18 | {1 2 }
	Port: trainPipelineBody : p_ZL9n_regions_19 | {1 2 }
	Port: trainPipelineBody : p_ZL9n_regions_20 | {1 2 }
	Port: trainPipelineBody : p_ZL9n_regions_21 | {1 2 }
	Port: trainPipelineBody : p_ZL9n_regions_22 | {1 2 }
	Port: trainPipelineBody : p_ZL9n_regions_23 | {1 2 }
	Port: trainPipelineBody : p_ZL9n_regions_24 | {1 2 }
	Port: trainPipelineBody : p_ZL9n_regions_25 | {1 2 }
	Port: trainPipelineBody : p_ZL9n_regions_26 | {1 2 }
	Port: trainPipelineBody : p_ZL9n_regions_27 | {1 2 }
	Port: trainPipelineBody : p_ZL9n_regions_28 | {1 2 }
	Port: trainPipelineBody : p_ZL9n_regions_29 | {1 2 }
	Port: trainPipelineBody : p_ZL9n_regions_30 | {1 2 }
	Port: trainPipelineBody : p_ZL9n_regions_31 | {1 2 }
	Port: trainPipelineBody : p_ZL9n_regions_32 | {1 2 }
	Port: trainPipelineBody : p_ZL9n_regions_33 | {1 2 }
	Port: trainPipelineBody : p_ZL9n_regions_34 | {1 2 }
	Port: trainPipelineBody : p_ZL9n_regions_35 | {1 2 }
	Port: trainPipelineBody : p_ZL9n_regions_36 | {1 2 }
	Port: trainPipelineBody : p_ZL9n_regions_37 | {1 2 }
	Port: trainPipelineBody : p_ZL9n_regions_38 | {1 2 }
	Port: trainPipelineBody : p_ZL9n_regions_39 | {1 2 }
	Port: trainPipelineBody : p_ZL9n_regions_40 | {1 2 }
	Port: trainPipelineBody : p_ZL9n_regions_41 | {1 2 }
	Port: trainPipelineBody : p_ZL9n_regions_42 | {1 2 }
	Port: trainPipelineBody : p_ZL9n_regions_43 | {1 2 }
	Port: trainPipelineBody : p_ZL9n_regions_44 | {1 2 }
	Port: trainPipelineBody : p_ZL9n_regions_45 | {1 2 }
	Port: trainPipelineBody : p_ZL9n_regions_46 | {1 2 }
	Port: trainPipelineBody : p_ZL9n_regions_47 | {1 2 }
	Port: trainPipelineBody : p_ZL9n_regions_48 | {1 2 }
	Port: trainPipelineBody : p_ZL9n_regions_49 | {1 2 }
	Port: trainPipelineBody : p_ZL9n_regions_50 | {1 2 }
	Port: trainPipelineBody : p_ZL9n_regions_51 | {1 2 }
	Port: trainPipelineBody : p_ZL9n_regions_52 | {1 2 }
	Port: trainPipelineBody : p_ZL9n_regions_53 | {1 2 }
	Port: trainPipelineBody : p_ZL9n_regions_54 | {1 2 }
	Port: trainPipelineBody : p_ZL9n_regions_55 | {1 2 }
	Port: trainPipelineBody : p_ZL9n_regions_56 | {1 2 }
	Port: trainPipelineBody : p_ZL9n_regions_57 | {1 2 }
	Port: trainPipelineBody : p_ZL9n_regions_58 | {1 2 }
	Port: trainPipelineBody : p_ZL9n_regions_59 | {1 2 }
	Port: trainPipelineBody : p_ZL9n_regions_60 | {1 2 }
	Port: trainPipelineBody : p_ZL9n_regions_61 | {1 2 }
	Port: trainPipelineBody : p_ZL9n_regions_62 | {1 2 }
  - Chain level:
	State 1
	State 2


============================================================
+ Verbose Summary: Datapath Resource usage 
============================================================

* Functional unit list:
|----------|--------------------------------------------------|---------|---------|---------|---------|---------|---------|
| Operation|                  Functional Unit                 |   BRAM  |   DSP   |  Delay  |    FF   |   LUT   |   URAM  |
|----------|--------------------------------------------------|---------|---------|---------|---------|---------|---------|
|   call   |              grp_read_data_1_fu_292              |    0    |    0    |  9.133  |   926   |   148   |    0    |
|          | grp_trainPipelineBody_Block_split174_proc_fu_330 |    0    |    27   | 175.093 |  10079  |  11474  |    0    |
|----------|--------------------------------------------------|---------|---------|---------|---------|---------|---------|
|          |             inputAOV_read_read_fu_226            |    0    |    0    |    0    |    0    |    0    |    0    |
|          |               p_read_18_read_fu_232              |    0    |    0    |    0    |    0    |    0    |    0    |
|          |               p_read818_read_fu_238              |    0    |    0    |    0    |    0    |    0    |    0    |
|          |               p_read717_read_fu_244              |    0    |    0    |    0    |    0    |    0    |    0    |
|          |               p_read616_read_fu_250              |    0    |    0    |    0    |    0    |    0    |    0    |
|   read   |               p_read515_read_fu_256              |    0    |    0    |    0    |    0    |    0    |    0    |
|          |               p_read414_read_fu_262              |    0    |    0    |    0    |    0    |    0    |    0    |
|          |               p_read313_read_fu_268              |    0    |    0    |    0    |    0    |    0    |    0    |
|          |               p_read212_read_fu_274              |    0    |    0    |    0    |    0    |    0    |    0    |
|          |               p_read111_read_fu_280              |    0    |    0    |    0    |    0    |    0    |    0    |
|          |               p_read_19_read_fu_286              |    0    |    0    |    0    |    0    |    0    |    0    |
|----------|--------------------------------------------------|---------|---------|---------|---------|---------|---------|
|   Total  |                                                  |    0    |    27   | 184.226 |  11005  |  11622  |    0    |
|----------|--------------------------------------------------|---------|---------|---------|---------|---------|---------|

Memories:
N/A

* Register list:
+---------------------+--------+
|                     |   FF   |
+---------------------+--------+
|inputAOV_read_reg_494|   64   |
|  p_read111_reg_539  |    6   |
|  p_read212_reg_534  |   32   |
|  p_read313_reg_529  |   32   |
|  p_read414_reg_524  |   32   |
|  p_read515_reg_519  |   32   |
|  p_read616_reg_514  |   32   |
|  p_read717_reg_509  |   32   |
|  p_read818_reg_504  |   32   |
|  p_read_18_reg_499  |   32   |
|  p_read_19_reg_544  |    1   |
+---------------------+--------+
|        Total        |   327  |
+---------------------+--------+

* Multiplexer (MUX) list: 
|--------------------------------------------------|------|------|------|--------||---------||---------|
|                       Comp                       |  Pin | Size |  BW  | S x BW ||  Delay  ||   LUT   |
|--------------------------------------------------|------|------|------|--------||---------||---------|
|              grp_read_data_1_fu_292              |  p17 |   2  |  64  |   128  ||    9    |
| grp_trainPipelineBody_Block_split174_proc_fu_330 |  p1  |   2  |   6  |   12   ||    9    |
| grp_trainPipelineBody_Block_split174_proc_fu_330 |  p2  |   2  |   1  |    2   ||    9    |
| grp_trainPipelineBody_Block_split174_proc_fu_330 |  p3  |   2  |  32  |   64   ||    9    |
| grp_trainPipelineBody_Block_split174_proc_fu_330 |  p4  |   2  |  32  |   64   ||    9    |
| grp_trainPipelineBody_Block_split174_proc_fu_330 |  p5  |   2  |  32  |   64   ||    9    |
| grp_trainPipelineBody_Block_split174_proc_fu_330 |  p6  |   2  |  32  |   64   ||    9    |
| grp_trainPipelineBody_Block_split174_proc_fu_330 |  p7  |   2  |  32  |   64   ||    9    |
| grp_trainPipelineBody_Block_split174_proc_fu_330 |  p8  |   2  |  32  |   64   ||    9    |
| grp_trainPipelineBody_Block_split174_proc_fu_330 |  p9  |   2  |  32  |   64   ||    9    |
| grp_trainPipelineBody_Block_split174_proc_fu_330 |  p10 |   2  |  32  |   64   ||    9    |
|--------------------------------------------------|------|------|------|--------||---------||---------|
|                       Total                      |      |      |      |   654  ||  17.468 ||    99   |
|--------------------------------------------------|------|------|------|--------||---------||---------|



* Summary:
+-----------+--------+--------+--------+--------+--------+--------+
|           |  BRAM  |   DSP  |  Delay |   FF   |   LUT  |  URAM  |
+-----------+--------+--------+--------+--------+--------+--------+
|  Function |    0   |   27   |   184  |  11005 |  11622 |    0   |
|   Memory  |    -   |    -   |    -   |    -   |    -   |    -   |
|Multiplexer|    -   |    -   |   17   |    -   |   99   |    -   |
|  Register |    -   |    -   |    -   |   327  |    -   |    -   |
+-----------+--------+--------+--------+--------+--------+--------+
|   Total   |    0   |   27   |   201  |  11332 |  11721 |    0   |
+-----------+--------+--------+--------+--------+--------+--------+
