

================================================================
== Vitis HLS Report for 'writeOutcome'
================================================================
* Date:           Sun Oct  2 18:57:47 2022

* Version:        2022.1 (Build 3526262 on Mon Apr 18 15:47:01 MDT 2022)
* Project:        detector_solid
* Solution:       solution2 (Vitis Kernel Flow Target)
* Product family: zynq
* Target device:  xc7z020-clg484-1


================================================================
== Performance Estimates
================================================================
+ Timing: 
    * Summary: 
    +--------+----------+----------+------------+
    |  Clock |  Target  | Estimated| Uncertainty|
    +--------+----------+----------+------------+
    |ap_clk  |  18.00 ns|  5.576 ns|     4.86 ns|
    +--------+----------+----------+------------+

+ Latency: 
    * Summary: 
    +---------+---------+----------+----------+-----+-----+---------+
    |  Latency (cycles) |  Latency (absolute) |  Interval | Pipeline|
    |   min   |   max   |    min   |    max   | min | max |   Type  |
    +---------+---------+----------+----------+-----+-----+---------+
    |       15|       15|  0.270 us|  0.270 us|   15|   15|       no|
    +---------+---------+----------+----------+-----+-----+---------+

    + Detail: 
        * Instance: 
        N/A

        * Loop: 
        +----------+---------+---------+----------+-----------+-----------+------+----------+
        |          |  Latency (cycles) | Iteration|  Initiation Interval  | Trip |          |
        | Loop Name|   min   |   max   |  Latency |  achieved |   target  | Count| Pipelined|
        +----------+---------+---------+----------+-----------+-----------+------+----------+
        |- Loop 1  |        8|        8|         1|          -|          -|     8|        no|
        +----------+---------+---------+----------+-----------+-----------+------+----------+

============================================================
+ Verbose Summary: Synthesis Manager
============================================================
InlineROM: 1
ExposeGlobal: 0
============================================================
+ Verbose Summary: CDFG Model
============================================================
IsTopModel: 0
ResetActiveHigh: 1
IsCombinational: 0
IsDatapathOnly: 0
HasWiredReturn: 1
HasMFsm: 0
HasVarLatency: 1
IsPipeline: 0
IsRtlPipelined: 0
IsInstanceOverlapped: 0
IsDontTouch: 0
HasImplIP: 0
IsGatedGlobalClock: 0


============================================================
+ Verbose Summary: Schedule
============================================================
* Number of FSM states : 8
* Pipeline : 0
* Dataflow Pipeline: 0

* FSM state transitions: 
1 --> 2 
2 --> 3 2 
3 --> 4 
4 --> 5 
5 --> 6 
6 --> 7 
7 --> 8 
8 --> 

* FSM state operations: 

State 1 <SV = 0> <Delay = 1.58>
ST_1 : Operation 9 [1/1] (0.00ns)   --->   "%loop_index3 = alloca i32 1"   --->   Operation 9 'alloca' 'loop_index3' <Predicate = true> <Delay = 0.00>
ST_1 : Operation 10 [1/1] (0.00ns)   --->   "%p_read_1 = read i32 @_ssdm_op_Read.ap_auto.float, i32 %p_read7"   --->   Operation 10 'read' 'p_read_1' <Predicate = true> <Delay = 0.00>
ST_1 : Operation 11 [1/1] (0.00ns)   --->   "%p_read_2 = read i32 @_ssdm_op_Read.ap_auto.float, i32 %p_read6"   --->   Operation 11 'read' 'p_read_2' <Predicate = true> <Delay = 0.00>
ST_1 : Operation 12 [1/1] (0.00ns)   --->   "%p_read_3 = read i32 @_ssdm_op_Read.ap_auto.float, i32 %p_read5"   --->   Operation 12 'read' 'p_read_3' <Predicate = true> <Delay = 0.00>
ST_1 : Operation 13 [1/1] (0.00ns)   --->   "%p_read_4 = read i32 @_ssdm_op_Read.ap_auto.float, i32 %p_read4"   --->   Operation 13 'read' 'p_read_4' <Predicate = true> <Delay = 0.00>
ST_1 : Operation 14 [1/1] (0.00ns)   --->   "%p_read_5 = read i32 @_ssdm_op_Read.ap_auto.float, i32 %p_read3"   --->   Operation 14 'read' 'p_read_5' <Predicate = true> <Delay = 0.00>
ST_1 : Operation 15 [1/1] (0.00ns)   --->   "%p_read_6 = read i32 @_ssdm_op_Read.ap_auto.float, i32 %p_read2"   --->   Operation 15 'read' 'p_read_6' <Predicate = true> <Delay = 0.00>
ST_1 : Operation 16 [1/1] (0.00ns)   --->   "%p_read_7 = read i32 @_ssdm_op_Read.ap_auto.float, i32 %p_read1"   --->   Operation 16 'read' 'p_read_7' <Predicate = true> <Delay = 0.00>
ST_1 : Operation 17 [1/1] (0.00ns)   --->   "%p_read72 = read i32 @_ssdm_op_Read.ap_auto.float, i32 %p_read"   --->   Operation 17 'read' 'p_read72' <Predicate = true> <Delay = 0.00>
ST_1 : Operation 18 [1/1] (0.00ns)   --->   "%error_read = read i1 @_ssdm_op_Read.ap_auto.i1, i1 %error"   --->   Operation 18 'read' 'error_read' <Predicate = true> <Delay = 0.00>
ST_1 : Operation 19 [1/1] (0.00ns)   --->   "%uniId_read = read i16 @_ssdm_op_Read.ap_auto.i16, i16 %uniId"   --->   Operation 19 'read' 'uniId_read' <Predicate = true> <Delay = 0.00>
ST_1 : Operation 20 [1/1] (0.00ns)   --->   "%taskId_read = read i8 @_ssdm_op_Read.ap_auto.i8, i8 %taskId"   --->   Operation 20 'read' 'taskId_read' <Predicate = true> <Delay = 0.00>
ST_1 : Operation 21 [1/1] (0.00ns)   --->   "%checkId_read = read i8 @_ssdm_op_Read.ap_auto.i8, i8 %checkId"   --->   Operation 21 'read' 'checkId_read' <Predicate = true> <Delay = 0.00>
ST_1 : Operation 22 [1/1] (0.00ns)   --->   "%errorInTask1_read = read i4 @_ssdm_op_Read.ap_auto.i4, i4 %errorInTask1"   --->   Operation 22 'read' 'errorInTask1_read' <Predicate = true> <Delay = 0.00>
ST_1 : Operation 23 [1/1] (0.00ns)   --->   "%errorInTask1_cast = zext i4 %errorInTask1_read"   --->   Operation 23 'zext' 'errorInTask1_cast' <Predicate = true> <Delay = 0.00>
ST_1 : Operation 24 [1/1] (0.00ns)   --->   "%specmemcore_ln0 = specmemcore void @_ssdm_op_SpecMemCore, i1 %errorInTask, i64 666, i64 207, i64 1"   --->   Operation 24 'specmemcore' 'specmemcore_ln0' <Predicate = true> <Delay = 0.00>
ST_1 : Operation 25 [1/1] (0.00ns)   --->   "%specmemcore_ln0 = specmemcore void @_ssdm_op_SpecMemCore, i288 %outcomeInRam, i64 666, i64 207, i64 1"   --->   Operation 25 'specmemcore' 'specmemcore_ln0' <Predicate = true> <Delay = 0.00>
ST_1 : Operation 26 [1/1] (0.00ns)   --->   "%specinterface_ln0 = specinterface void @_ssdm_op_SpecInterface, i1 %errorInTask, void @empty_24, i32 0, i32 0, void @empty_5, i32 1, i32 0, void @empty_5, void @empty_5, void @empty_5, i32 0, i32 0, i32 0, i32 0, void @empty_5, void @empty_5, i32 4294967295, i32 0"   --->   Operation 26 'specinterface' 'specinterface_ln0' <Predicate = true> <Delay = 0.00>
ST_1 : Operation 27 [1/1] (0.00ns)   --->   "%specinterface_ln0 = specinterface void @_ssdm_op_SpecInterface, i288 %outcomeInRam, void @empty_24, i32 0, i32 0, void @empty_5, i32 1, i32 0, void @empty_5, void @empty_5, void @empty_5, i32 0, i32 0, i32 0, i32 0, void @empty_5, void @empty_5, i32 4294967295, i32 0"   --->   Operation 27 'specinterface' 'specinterface_ln0' <Predicate = true> <Delay = 0.00>
ST_1 : Operation 28 [1/1] (0.00ns)   --->   "%specinterface_ln0 = specinterface void @_ssdm_op_SpecInterface, i8 %toScheduler, void @empty_22, i32 0, i32 0, void @empty_2, i32 0, i32 0, void @empty_5, void @empty_5, void @empty_5, i32 0, i32 0, i32 0, i32 0, void @empty_5, void @empty_5, i32 4294967295, i32 0"   --->   Operation 28 'specinterface' 'specinterface_ln0' <Predicate = true> <Delay = 0.00>
ST_1 : Operation 29 [1/1] (0.00ns)   --->   "%specbramwithbyteenable_ln0 = specbramwithbyteenable void @_ssdm_op_SpecBRAMWithByteEnable, i288 %outcomeInRam"   --->   Operation 29 'specbramwithbyteenable' 'specbramwithbyteenable_ln0' <Predicate = true> <Delay = 0.00>
ST_1 : Operation 30 [1/1] (0.00ns)   --->   "%outcome_AOV = alloca i64 1" [detector_solid/abs_solid_detector.cpp:504]   --->   Operation 30 'alloca' 'outcome_AOV' <Predicate = true> <Delay = 0.00> <CoreInst = "RAM">   --->   Core 82 'RAM' <Latency = 1> <II = 1> <Delay = 2.32> <Storage> <Opcode : 'load' 'store'> <Ports = 2> <Width = 32> <Depth = 8> <RAM>
ST_1 : Operation 31 [1/1] (1.58ns)   --->   "%store_ln507 = store i4 0, i4 %loop_index3" [detector_solid/abs_solid_detector.cpp:507]   --->   Operation 31 'store' 'store_ln507' <Predicate = true> <Delay = 1.58>
ST_1 : Operation 32 [1/1] (0.00ns)   --->   "%br_ln507 = br void %load-store-loop2" [detector_solid/abs_solid_detector.cpp:507]   --->   Operation 32 'br' 'br_ln507' <Predicate = true> <Delay = 0.00>

State 2 <SV = 1> <Delay = 4.62>
ST_2 : Operation 33 [1/1] (0.00ns)   --->   "%loop_index3_load = load i4 %loop_index3"   --->   Operation 33 'load' 'loop_index3_load' <Predicate = true> <Delay = 0.00>
ST_2 : Operation 34 [1/1] (0.00ns)   --->   "%loop_index3_cast = zext i4 %loop_index3_load"   --->   Operation 34 'zext' 'loop_index3_cast' <Predicate = true> <Delay = 0.00>
ST_2 : Operation 35 [1/1] (1.30ns)   --->   "%exitcond4 = icmp_eq  i4 %loop_index3_load, i4 8"   --->   Operation 35 'icmp' 'exitcond4' <Predicate = true> <Delay = 1.30> <CoreInst = "Cmp">   --->   Core 9 'Cmp' <Latency = 0> <II = 1> <Delay = 1.30> <FuncUnit> <Opcode : 'icmp'> <InPorts = 2> <OutPorts = 1>
ST_2 : Operation 36 [1/1] (0.00ns)   --->   "%speclooptripcount_ln0 = speclooptripcount void @_ssdm_op_SpecLoopTripCount, i64 8, i64 8, i64 8"   --->   Operation 36 'speclooptripcount' 'speclooptripcount_ln0' <Predicate = true> <Delay = 0.00>
ST_2 : Operation 37 [1/1] (1.73ns)   --->   "%empty = add i4 %loop_index3_load, i4 1"   --->   Operation 37 'add' 'empty' <Predicate = true> <Delay = 1.73> <CoreInst = "Adder">   --->   Core 1 'Adder' <Latency = 0> <II = 1> <Delay = 1.73> <FuncUnit> <Opcode : 'add' 'sub'> <InPorts = 2> <OutPorts = 1>
ST_2 : Operation 38 [1/1] (0.00ns)   --->   "%br_ln0 = br i1 %exitcond4, void %load-store-loop2.split, void %memcpy-split1"   --->   Operation 38 'br' 'br_ln0' <Predicate = true> <Delay = 0.00>
ST_2 : Operation 39 [1/1] (2.30ns)   --->   "%tmp = mux i32 @_ssdm_op_Mux.ap_auto.8float.i4, i32 %p_read72, i32 %p_read_7, i32 %p_read_6, i32 %p_read_5, i32 %p_read_4, i32 %p_read_3, i32 %p_read_2, i32 %p_read_1, i4 %loop_index3_load"   --->   Operation 39 'mux' 'tmp' <Predicate = (!exitcond4)> <Delay = 2.30> <CoreInst = "Multiplexer">   --->   Core 76 'Multiplexer' <Latency = 0> <II = 1> <Delay = 2.30> <FuncUnit> <Opcode : 'mux'> <InPorts = 2> <OutPorts = 1>
ST_2 : Operation 40 [1/1] (0.00ns)   --->   "%outcome_AOV_addr_8 = getelementptr i32 %outcome_AOV, i64 0, i64 %loop_index3_cast"   --->   Operation 40 'getelementptr' 'outcome_AOV_addr_8' <Predicate = (!exitcond4)> <Delay = 0.00>
ST_2 : Operation 41 [1/1] (2.32ns)   --->   "%store_ln0 = store i32 %tmp, i3 %outcome_AOV_addr_8"   --->   Operation 41 'store' 'store_ln0' <Predicate = (!exitcond4)> <Delay = 2.32> <CoreInst = "RAM">   --->   Core 82 'RAM' <Latency = 1> <II = 1> <Delay = 2.32> <Storage> <Opcode : 'load' 'store'> <Ports = 2> <Width = 32> <Depth = 8> <RAM>
ST_2 : Operation 42 [1/1] (1.58ns)   --->   "%store_ln0 = store i4 %empty, i4 %loop_index3"   --->   Operation 42 'store' 'store_ln0' <Predicate = (!exitcond4)> <Delay = 1.58>
ST_2 : Operation 43 [1/1] (0.00ns)   --->   "%br_ln0 = br void %load-store-loop2"   --->   Operation 43 'br' 'br_ln0' <Predicate = (!exitcond4)> <Delay = 0.00>
ST_2 : Operation 44 [1/1] (0.00ns)   --->   "%outcome_AOV_addr = getelementptr i32 %outcome_AOV, i64 0, i64 0"   --->   Operation 44 'getelementptr' 'outcome_AOV_addr' <Predicate = (exitcond4)> <Delay = 0.00>
ST_2 : Operation 45 [2/2] (2.32ns)   --->   "%outcome_AOV_load = load i3 %outcome_AOV_addr"   --->   Operation 45 'load' 'outcome_AOV_load' <Predicate = (exitcond4)> <Delay = 2.32> <CoreInst = "RAM">   --->   Core 82 'RAM' <Latency = 1> <II = 1> <Delay = 2.32> <Storage> <Opcode : 'load' 'store'> <Ports = 2> <Width = 32> <Depth = 8> <RAM>
ST_2 : Operation 46 [1/1] (0.00ns)   --->   "%outcome_AOV_addr_1 = getelementptr i32 %outcome_AOV, i64 0, i64 1"   --->   Operation 46 'getelementptr' 'outcome_AOV_addr_1' <Predicate = (exitcond4)> <Delay = 0.00>
ST_2 : Operation 47 [2/2] (2.32ns)   --->   "%outcome_AOV_load_1 = load i3 %outcome_AOV_addr_1"   --->   Operation 47 'load' 'outcome_AOV_load_1' <Predicate = (exitcond4)> <Delay = 2.32> <CoreInst = "RAM">   --->   Core 82 'RAM' <Latency = 1> <II = 1> <Delay = 2.32> <Storage> <Opcode : 'load' 'store'> <Ports = 2> <Width = 32> <Depth = 8> <RAM>

State 3 <SV = 2> <Delay = 2.32>
ST_3 : Operation 48 [1/2] (2.32ns)   --->   "%outcome_AOV_load = load i3 %outcome_AOV_addr"   --->   Operation 48 'load' 'outcome_AOV_load' <Predicate = true> <Delay = 2.32> <CoreInst = "RAM">   --->   Core 82 'RAM' <Latency = 1> <II = 1> <Delay = 2.32> <Storage> <Opcode : 'load' 'store'> <Ports = 2> <Width = 32> <Depth = 8> <RAM>
ST_3 : Operation 49 [1/2] (2.32ns)   --->   "%outcome_AOV_load_1 = load i3 %outcome_AOV_addr_1"   --->   Operation 49 'load' 'outcome_AOV_load_1' <Predicate = true> <Delay = 2.32> <CoreInst = "RAM">   --->   Core 82 'RAM' <Latency = 1> <II = 1> <Delay = 2.32> <Storage> <Opcode : 'load' 'store'> <Ports = 2> <Width = 32> <Depth = 8> <RAM>
ST_3 : Operation 50 [1/1] (0.00ns)   --->   "%outcome_AOV_addr_2 = getelementptr i32 %outcome_AOV, i64 0, i64 2"   --->   Operation 50 'getelementptr' 'outcome_AOV_addr_2' <Predicate = true> <Delay = 0.00>
ST_3 : Operation 51 [2/2] (2.32ns)   --->   "%outcome_AOV_load_2 = load i3 %outcome_AOV_addr_2"   --->   Operation 51 'load' 'outcome_AOV_load_2' <Predicate = true> <Delay = 2.32> <CoreInst = "RAM">   --->   Core 82 'RAM' <Latency = 1> <II = 1> <Delay = 2.32> <Storage> <Opcode : 'load' 'store'> <Ports = 2> <Width = 32> <Depth = 8> <RAM>
ST_3 : Operation 52 [1/1] (0.00ns)   --->   "%outcome_AOV_addr_3 = getelementptr i32 %outcome_AOV, i64 0, i64 3"   --->   Operation 52 'getelementptr' 'outcome_AOV_addr_3' <Predicate = true> <Delay = 0.00>
ST_3 : Operation 53 [2/2] (2.32ns)   --->   "%outcome_AOV_load_3 = load i3 %outcome_AOV_addr_3"   --->   Operation 53 'load' 'outcome_AOV_load_3' <Predicate = true> <Delay = 2.32> <CoreInst = "RAM">   --->   Core 82 'RAM' <Latency = 1> <II = 1> <Delay = 2.32> <Storage> <Opcode : 'load' 'store'> <Ports = 2> <Width = 32> <Depth = 8> <RAM>

State 4 <SV = 3> <Delay = 2.32>
ST_4 : Operation 54 [1/2] (2.32ns)   --->   "%outcome_AOV_load_2 = load i3 %outcome_AOV_addr_2"   --->   Operation 54 'load' 'outcome_AOV_load_2' <Predicate = true> <Delay = 2.32> <CoreInst = "RAM">   --->   Core 82 'RAM' <Latency = 1> <II = 1> <Delay = 2.32> <Storage> <Opcode : 'load' 'store'> <Ports = 2> <Width = 32> <Depth = 8> <RAM>
ST_4 : Operation 55 [1/2] (2.32ns)   --->   "%outcome_AOV_load_3 = load i3 %outcome_AOV_addr_3"   --->   Operation 55 'load' 'outcome_AOV_load_3' <Predicate = true> <Delay = 2.32> <CoreInst = "RAM">   --->   Core 82 'RAM' <Latency = 1> <II = 1> <Delay = 2.32> <Storage> <Opcode : 'load' 'store'> <Ports = 2> <Width = 32> <Depth = 8> <RAM>
ST_4 : Operation 56 [1/1] (0.00ns)   --->   "%outcome_AOV_addr_4 = getelementptr i32 %outcome_AOV, i64 0, i64 4"   --->   Operation 56 'getelementptr' 'outcome_AOV_addr_4' <Predicate = true> <Delay = 0.00>
ST_4 : Operation 57 [2/2] (2.32ns)   --->   "%outcome_AOV_load_4 = load i3 %outcome_AOV_addr_4"   --->   Operation 57 'load' 'outcome_AOV_load_4' <Predicate = true> <Delay = 2.32> <CoreInst = "RAM">   --->   Core 82 'RAM' <Latency = 1> <II = 1> <Delay = 2.32> <Storage> <Opcode : 'load' 'store'> <Ports = 2> <Width = 32> <Depth = 8> <RAM>
ST_4 : Operation 58 [1/1] (0.00ns)   --->   "%outcome_AOV_addr_5 = getelementptr i32 %outcome_AOV, i64 0, i64 5"   --->   Operation 58 'getelementptr' 'outcome_AOV_addr_5' <Predicate = true> <Delay = 0.00>
ST_4 : Operation 59 [2/2] (2.32ns)   --->   "%outcome_AOV_load_5 = load i3 %outcome_AOV_addr_5"   --->   Operation 59 'load' 'outcome_AOV_load_5' <Predicate = true> <Delay = 2.32> <CoreInst = "RAM">   --->   Core 82 'RAM' <Latency = 1> <II = 1> <Delay = 2.32> <Storage> <Opcode : 'load' 'store'> <Ports = 2> <Width = 32> <Depth = 8> <RAM>

State 5 <SV = 4> <Delay = 2.32>
ST_5 : Operation 60 [1/2] (2.32ns)   --->   "%outcome_AOV_load_4 = load i3 %outcome_AOV_addr_4"   --->   Operation 60 'load' 'outcome_AOV_load_4' <Predicate = true> <Delay = 2.32> <CoreInst = "RAM">   --->   Core 82 'RAM' <Latency = 1> <II = 1> <Delay = 2.32> <Storage> <Opcode : 'load' 'store'> <Ports = 2> <Width = 32> <Depth = 8> <RAM>
ST_5 : Operation 61 [1/2] (2.32ns)   --->   "%outcome_AOV_load_5 = load i3 %outcome_AOV_addr_5"   --->   Operation 61 'load' 'outcome_AOV_load_5' <Predicate = true> <Delay = 2.32> <CoreInst = "RAM">   --->   Core 82 'RAM' <Latency = 1> <II = 1> <Delay = 2.32> <Storage> <Opcode : 'load' 'store'> <Ports = 2> <Width = 32> <Depth = 8> <RAM>
ST_5 : Operation 62 [1/1] (0.00ns)   --->   "%outcome_AOV_addr_6 = getelementptr i32 %outcome_AOV, i64 0, i64 6"   --->   Operation 62 'getelementptr' 'outcome_AOV_addr_6' <Predicate = true> <Delay = 0.00>
ST_5 : Operation 63 [2/2] (2.32ns)   --->   "%outcome_AOV_load_6 = load i3 %outcome_AOV_addr_6"   --->   Operation 63 'load' 'outcome_AOV_load_6' <Predicate = true> <Delay = 2.32> <CoreInst = "RAM">   --->   Core 82 'RAM' <Latency = 1> <II = 1> <Delay = 2.32> <Storage> <Opcode : 'load' 'store'> <Ports = 2> <Width = 32> <Depth = 8> <RAM>
ST_5 : Operation 64 [1/1] (0.00ns)   --->   "%outcome_AOV_addr_7 = getelementptr i32 %outcome_AOV, i64 0, i64 7"   --->   Operation 64 'getelementptr' 'outcome_AOV_addr_7' <Predicate = true> <Delay = 0.00>
ST_5 : Operation 65 [2/2] (2.32ns)   --->   "%outcome_AOV_load_7 = load i3 %outcome_AOV_addr_7"   --->   Operation 65 'load' 'outcome_AOV_load_7' <Predicate = true> <Delay = 2.32> <CoreInst = "RAM">   --->   Core 82 'RAM' <Latency = 1> <II = 1> <Delay = 2.32> <Storage> <Opcode : 'load' 'store'> <Ports = 2> <Width = 32> <Depth = 8> <RAM>

State 6 <SV = 5> <Delay = 5.57>
ST_6 : Operation 66 [1/2] (2.32ns)   --->   "%outcome_AOV_load_6 = load i3 %outcome_AOV_addr_6"   --->   Operation 66 'load' 'outcome_AOV_load_6' <Predicate = true> <Delay = 2.32> <CoreInst = "RAM">   --->   Core 82 'RAM' <Latency = 1> <II = 1> <Delay = 2.32> <Storage> <Opcode : 'load' 'store'> <Ports = 2> <Width = 32> <Depth = 8> <RAM>
ST_6 : Operation 67 [1/2] (2.32ns)   --->   "%outcome_AOV_load_7 = load i3 %outcome_AOV_addr_7"   --->   Operation 67 'load' 'outcome_AOV_load_7' <Predicate = true> <Delay = 2.32> <CoreInst = "RAM">   --->   Core 82 'RAM' <Latency = 1> <II = 1> <Delay = 2.32> <Storage> <Opcode : 'load' 'store'> <Ports = 2> <Width = 32> <Depth = 8> <RAM>
ST_6 : Operation 68 [1/1] (0.00ns)   --->   "%outcomeInRam_addr = getelementptr i288 %outcomeInRam, i64 0, i64 0"   --->   Operation 68 'getelementptr' 'outcomeInRam_addr' <Predicate = true> <Delay = 0.00>
ST_6 : Operation 69 [1/1] (0.00ns)   --->   "%empty_54 = bitcast i32 %outcome_AOV_load"   --->   Operation 69 'bitcast' 'empty_54' <Predicate = true> <Delay = 0.00>
ST_6 : Operation 70 [1/1] (0.00ns)   --->   "%empty_55 = bitcast i32 %outcome_AOV_load_1"   --->   Operation 70 'bitcast' 'empty_55' <Predicate = true> <Delay = 0.00>
ST_6 : Operation 71 [1/1] (0.00ns)   --->   "%empty_56 = bitcast i32 %outcome_AOV_load_2"   --->   Operation 71 'bitcast' 'empty_56' <Predicate = true> <Delay = 0.00>
ST_6 : Operation 72 [1/1] (0.00ns)   --->   "%empty_57 = bitcast i32 %outcome_AOV_load_3"   --->   Operation 72 'bitcast' 'empty_57' <Predicate = true> <Delay = 0.00>
ST_6 : Operation 73 [1/1] (0.00ns)   --->   "%empty_58 = bitcast i32 %outcome_AOV_load_4"   --->   Operation 73 'bitcast' 'empty_58' <Predicate = true> <Delay = 0.00>
ST_6 : Operation 74 [1/1] (0.00ns)   --->   "%empty_59 = bitcast i32 %outcome_AOV_load_5"   --->   Operation 74 'bitcast' 'empty_59' <Predicate = true> <Delay = 0.00>
ST_6 : Operation 75 [1/1] (0.00ns)   --->   "%empty_60 = bitcast i32 %outcome_AOV_load_6"   --->   Operation 75 'bitcast' 'empty_60' <Predicate = true> <Delay = 0.00>
ST_6 : Operation 76 [1/1] (0.00ns)   --->   "%empty_61 = bitcast i32 %outcome_AOV_load_7"   --->   Operation 76 'bitcast' 'empty_61' <Predicate = true> <Delay = 0.00>
ST_6 : Operation 77 [1/1] (0.00ns)   --->   "%tmp_s = bitconcatenate i288 @_ssdm_op_BitConcatenate.i288.i32.i32.i32.i32.i32.i32.i32.i32.i16.i8.i8, i32 %empty_61, i32 %empty_60, i32 %empty_59, i32 %empty_58, i32 %empty_57, i32 %empty_56, i32 %empty_55, i32 %empty_54, i16 %uniId_read, i8 0, i8 %checkId_read"   --->   Operation 77 'bitconcatenate' 'tmp_s' <Predicate = true> <Delay = 0.00>
ST_6 : Operation 78 [2/2] (3.25ns)   --->   "%store_ln0 = store void @_ssdm_op_Write.bram.p0L_a9i32packedL, i4 %outcomeInRam_addr, i288 %tmp_s, i36 68719476733"   --->   Operation 78 'store' 'store_ln0' <Predicate = true> <Delay = 3.25> <CoreInst = "RAM_1P">   --->   Core 86 'RAM_1P' <Latency = 1> <II = 1> <Delay = 3.25> <Storage> <Opcode : 'load' 'store'> <Ports = 1> <Width = 288> <Depth = 16> <RAM>

State 7 <SV = 6> <Delay = 3.25>
ST_7 : Operation 79 [1/2] (3.25ns)   --->   "%store_ln0 = store void @_ssdm_op_Write.bram.p0L_a9i32packedL, i4 %outcomeInRam_addr, i288 %tmp_s, i36 68719476733"   --->   Operation 79 'store' 'store_ln0' <Predicate = true> <Delay = 3.25> <CoreInst = "RAM_1P">   --->   Core 86 'RAM_1P' <Latency = 1> <II = 1> <Delay = 3.25> <Storage> <Opcode : 'load' 'store'> <Ports = 1> <Width = 288> <Depth = 16> <RAM>
ST_7 : Operation 80 [1/1] (0.00ns)   --->   "%br_ln511 = br i1 %error_read, void %if.end, void %if.then" [detector_solid/abs_solid_detector.cpp:511]   --->   Operation 80 'br' 'br_ln511' <Predicate = true> <Delay = 0.00>
ST_7 : Operation 81 [1/1] (0.00ns)   --->   "%errorInTask_addr = getelementptr i1 %errorInTask, i64 0, i64 %errorInTask1_cast" [detector_solid/abs_solid_detector.cpp:513]   --->   Operation 81 'getelementptr' 'errorInTask_addr' <Predicate = (error_read)> <Delay = 0.00>
ST_7 : Operation 82 [2/2] (2.32ns)   --->   "%store_ln513 = store i1 1, i4 %errorInTask_addr" [detector_solid/abs_solid_detector.cpp:513]   --->   Operation 82 'store' 'store_ln513' <Predicate = (error_read)> <Delay = 2.32> <CoreInst = "RAM_1P">   --->   Core 86 'RAM_1P' <Latency = 1> <II = 1> <Delay = 2.32> <Storage> <Opcode : 'load' 'store'> <Ports = 1> <Width = 1> <Depth = 16> <RAM>
ST_7 : Operation 83 [1/1] (0.00ns)   --->   "%write_ln174 = write void @_ssdm_op_Write.axis.volatile.i8P128A, i8 %toScheduler, i8 %taskId_read" [/home/francesco/tools/Xilinx/Vitis_HLS/2022.1/common/technology/autopilot/hls_stream_39.h:174]   --->   Operation 83 'write' 'write_ln174' <Predicate = (error_read)> <Delay = 0.00> <CoreInst = "axis">   --->   Core 115 'axis' <Latency = 0> <II = 1> <Delay = 1.00> <Adapter> <Opcode : >

State 8 <SV = 7> <Delay = 2.32>
ST_8 : Operation 84 [1/2] (2.32ns)   --->   "%store_ln513 = store i1 1, i4 %errorInTask_addr" [detector_solid/abs_solid_detector.cpp:513]   --->   Operation 84 'store' 'store_ln513' <Predicate = (error_read)> <Delay = 2.32> <CoreInst = "RAM_1P">   --->   Core 86 'RAM_1P' <Latency = 1> <II = 1> <Delay = 2.32> <Storage> <Opcode : 'load' 'store'> <Ports = 1> <Width = 1> <Depth = 16> <RAM>
ST_8 : Operation 85 [1/1] (0.00ns)   --->   "%br_ln515 = br void %if.end" [detector_solid/abs_solid_detector.cpp:515]   --->   Operation 85 'br' 'br_ln515' <Predicate = (error_read)> <Delay = 0.00>
ST_8 : Operation 86 [1/1] (0.00ns)   --->   "%ret_ln516 = ret" [detector_solid/abs_solid_detector.cpp:516]   --->   Operation 86 'ret' 'ret_ln516' <Predicate = true> <Delay = 0.00>


============================================================
+ Verbose Summary: Timing violations
============================================================
Target clock period: 18ns, clock uncertainty: 4.86ns.

 <State 1>: 1.59ns
The critical path consists of the following:
	'alloca' operation ('loop_index3') [17]  (0 ns)
	'store' operation ('store_ln507', detector_solid/abs_solid_detector.cpp:507) of constant 0 on local variable 'loop_index3' [39]  (1.59 ns)

 <State 2>: 4.63ns
The critical path consists of the following:
	'load' operation ('loop_index3_load') on local variable 'loop_index3' [42]  (0 ns)
	'mux' operation ('tmp') [49]  (2.3 ns)
	'store' operation ('store_ln0') of variable 'tmp' on array 'outcome.AOV', detector_solid/abs_solid_detector.cpp:504 [51]  (2.32 ns)

 <State 3>: 2.32ns
The critical path consists of the following:
	'load' operation ('outcome_AOV_load') on array 'outcome.AOV', detector_solid/abs_solid_detector.cpp:504 [56]  (2.32 ns)

 <State 4>: 2.32ns
The critical path consists of the following:
	'load' operation ('outcome_AOV_load_2') on array 'outcome.AOV', detector_solid/abs_solid_detector.cpp:504 [60]  (2.32 ns)

 <State 5>: 2.32ns
The critical path consists of the following:
	'load' operation ('outcome_AOV_load_4') on array 'outcome.AOV', detector_solid/abs_solid_detector.cpp:504 [64]  (2.32 ns)

 <State 6>: 5.58ns
The critical path consists of the following:
	'load' operation ('outcome_AOV_load_6') on array 'outcome.AOV', detector_solid/abs_solid_detector.cpp:504 [68]  (2.32 ns)
	'store' operation ('store_ln0') of constant <constant:_ssdm_op_Write.bram.p0L_a9i32packedL> on array 'outcomeInRam' [81]  (3.25 ns)

 <State 7>: 3.25ns
The critical path consists of the following:
	'store' operation ('store_ln0') of constant <constant:_ssdm_op_Write.bram.p0L_a9i32packedL> on array 'outcomeInRam' [81]  (3.25 ns)

 <State 8>: 2.32ns
The critical path consists of the following:
	'store' operation ('store_ln513', detector_solid/abs_solid_detector.cpp:513) of constant 1 on array 'errorInTask' [85]  (2.32 ns)


============================================================
+ Verbose Summary: Binding
============================================================
N/A
* FSMD analyzer results:
  - Output states:
 - Input state : 
  - Chain level:
	State 1
	State 2
	State 3
	State 4
	State 5
	State 6
	State 7
	State 8


============================================================
+ Verbose Summary: Datapath Resource usage 
============================================================
N/A
