

================================================================
== Vitis HLS Report for 'entry_proc'
================================================================
* Date:           Wed Sep 21 17:03:10 2022

* Version:        2022.1 (Build 3526262 on Mon Apr 18 15:47:01 MDT 2022)
* Project:        detector_solid
* Solution:       solution1 (Vitis Kernel Flow Target)
* Product family: zynq
* Target device:  xc7z020-clg484-1


================================================================
== Performance Estimates
================================================================
+ Timing: 
    * Summary: 
    +--------+----------+----------+------------+
    |  Clock |  Target  | Estimated| Uncertainty|
    +--------+----------+----------+------------+
    |ap_clk  |  20.00 ns|  3.634 ns|     5.40 ns|
    +--------+----------+----------+------------+

+ Latency: 
    * Summary: 
    +---------+---------+----------+----------+-----+-----+---------+
    |  Latency (cycles) |  Latency (absolute) |  Interval | Pipeline|
    |   min   |   max   |    min   |    max   | min | max |   Type  |
    +---------+---------+----------+----------+-----+-----+---------+
    |        0|        0|      0 ns|      0 ns|    0|    0|       no|
    +---------+---------+----------+----------+-----+-----+---------+

    + Detail: 
        * Instance: 
        N/A

        * Loop: 
        N/A



================================================================
== Utilization Estimates
================================================================
* Summary: 
+-----------------+---------+-----+--------+-------+-----+
|       Name      | BRAM_18K| DSP |   FF   |  LUT  | URAM|
+-----------------+---------+-----+--------+-------+-----+
|DSP              |        -|    -|       -|      -|    -|
|Expression       |        -|    -|       0|      2|    -|
|FIFO             |        -|    -|       -|      -|    -|
|Instance         |        -|    -|       -|      -|    -|
|Memory           |        -|    -|       -|      -|    -|
|Multiplexer      |        -|    -|       -|     27|    -|
|Register         |        -|    -|       2|      -|    -|
+-----------------+---------+-----+--------+-------+-----+
|Total            |        0|    0|       2|     29|    0|
+-----------------+---------+-----+--------+-------+-----+
|Available        |      280|  220|  106400|  53200|    0|
+-----------------+---------+-----+--------+-------+-----+
|Utilization (%)  |        0|    0|      ~0|     ~0|    0|
+-----------------+---------+-----+--------+-------+-----+

+ Detail: 
    * Instance: 
    N/A

    * DSP: 
    N/A

    * Memory: 
    N/A

    * FIFO: 
    N/A

    * Expression: 
    +-----------------+----------+----+---+----+------------+------------+
    |  Variable Name  | Operation| DSP| FF| LUT| Bitwidth P0| Bitwidth P1|
    +-----------------+----------+----+---+----+------------+------------+
    |ap_block_state1  |        or|   0|  0|   2|           1|           1|
    +-----------------+----------+----+---+----+------------+------------+
    |Total            |          |   0|  0|   2|           1|           1|
    +-----------------+----------+----+---+----+------------+------------+

    * Multiplexer: 
    +----------------------+----+-----------+-----+-----------+
    |         Name         | LUT| Input Size| Bits| Total Bits|
    +----------------------+----+-----------+-----+-----------+
    |ap_done               |   9|          2|    1|          2|
    |outcomeInRam_c_blk_n  |   9|          2|    1|          2|
    |taskId_c_blk_n        |   9|          2|    1|          2|
    +----------------------+----+-----------+-----+-----------+
    |Total                 |  27|          6|    3|          6|
    +----------------------+----+-----------+-----+-----------+

    * Register: 
    +-------------+---+----+-----+-----------+
    |     Name    | FF| LUT| Bits| Const Bits|
    +-------------+---+----+-----+-----------+
    |ap_CS_fsm    |  1|   0|    1|          0|
    |ap_done_reg  |  1|   0|    1|          0|
    +-------------+---+----+-----+-----------+
    |Total        |  2|   0|    2|          0|
    +-------------+---+----+-----+-----------+



================================================================
== Interface
================================================================
* Summary: 
+-------------------------------+-----+-----+------------+----------------+--------------+
|           RTL Ports           | Dir | Bits|  Protocol  |  Source Object |    C Type    |
+-------------------------------+-----+-----+------------+----------------+--------------+
|ap_clk                         |   in|    1|  ap_ctrl_hs|      entry_proc|  return value|
|ap_rst                         |   in|    1|  ap_ctrl_hs|      entry_proc|  return value|
|ap_start                       |   in|    1|  ap_ctrl_hs|      entry_proc|  return value|
|ap_done                        |  out|    1|  ap_ctrl_hs|      entry_proc|  return value|
|ap_continue                    |   in|    1|  ap_ctrl_hs|      entry_proc|  return value|
|ap_idle                        |  out|    1|  ap_ctrl_hs|      entry_proc|  return value|
|ap_ready                       |  out|    1|  ap_ctrl_hs|      entry_proc|  return value|
|taskId                         |   in|    8|     ap_none|          taskId|        scalar|
|taskId_c_din                   |  out|    8|     ap_fifo|        taskId_c|       pointer|
|taskId_c_num_data_valid        |   in|    5|     ap_fifo|        taskId_c|       pointer|
|taskId_c_fifo_cap              |   in|    5|     ap_fifo|        taskId_c|       pointer|
|taskId_c_full_n                |   in|    1|     ap_fifo|        taskId_c|       pointer|
|taskId_c_write                 |  out|    1|     ap_fifo|        taskId_c|       pointer|
|outcomeInRam                   |   in|   64|     ap_none|    outcomeInRam|        scalar|
|outcomeInRam_c_din             |  out|   64|     ap_fifo|  outcomeInRam_c|       pointer|
|outcomeInRam_c_num_data_valid  |   in|    5|     ap_fifo|  outcomeInRam_c|       pointer|
|outcomeInRam_c_fifo_cap        |   in|    5|     ap_fifo|  outcomeInRam_c|       pointer|
|outcomeInRam_c_full_n          |   in|    1|     ap_fifo|  outcomeInRam_c|       pointer|
|outcomeInRam_c_write           |  out|    1|     ap_fifo|  outcomeInRam_c|       pointer|
+-------------------------------+-----+-----+------------+----------------+--------------+

