

================================================================
== Vitis HLS Report for 'find_region'
================================================================
* Date:           Mon Sep 19 22:17:45 2022

* Version:        2021.2 (Build 3367213 on Tue Oct 19 02:48:09 MDT 2021)
* Project:        detector_solid
* Solution:       solution1 (Vitis Kernel Flow Target)
* Product family: zynq
* Target device:  xc7z020-clg484-1


================================================================
== Performance Estimates
================================================================
+ Timing: 
    * Summary: 
    +--------+----------+-----------+------------+
    |  Clock |  Target  | Estimated | Uncertainty|
    +--------+----------+-----------+------------+
    |ap_clk  |  20.00 ns|  14.098 ns|     5.40 ns|
    +--------+----------+-----------+------------+

+ Latency: 
    * Summary: 
    +---------+---------+-----------+-----------+-----+-----+---------+
    |  Latency (cycles) |   Latency (absolute)  |  Interval | Pipeline|
    |   min   |   max   |    min    |    max    | min | max |   Type  |
    +---------+---------+-----------+-----------+-----+-----+---------+
    |        2|        2|  40.000 ns|  40.000 ns|    2|    2|       no|
    +---------+---------+-----------+-----------+-----+-----+---------+

    + Detail: 
        * Instance: 
        N/A

        * Loop: 
        N/A



================================================================
== Utilization Estimates
================================================================
* Summary: 
+-----------------+---------+-----+--------+-------+-----+
|       Name      | BRAM_18K| DSP |   FF   |  LUT  | URAM|
+-----------------+---------+-----+--------+-------+-----+
|DSP              |        -|    -|       -|      -|    -|
|Expression       |        -|    -|       0|    421|    -|
|FIFO             |        -|    -|       -|      -|    -|
|Instance         |        -|    -|       -|      -|    -|
|Memory           |        -|    -|       -|      -|    -|
|Multiplexer      |        -|    -|       -|     20|    -|
|Register         |        -|    -|      15|      -|    -|
+-----------------+---------+-----+--------+-------+-----+
|Total            |        0|    0|      15|    441|    0|
+-----------------+---------+-----+--------+-------+-----+
|Available        |      280|  220|  106400|  53200|    0|
+-----------------+---------+-----+--------+-------+-----+
|Utilization (%)  |        0|    0|      ~0|     ~0|    0|
+-----------------+---------+-----+--------+-------+-----+

+ Detail: 
    * Instance: 
    +---------------------------------+-----------------------------+---------+----+---+----+-----+
    |             Instance            |            Module           | BRAM_18K| DSP| FF| LUT| URAM|
    +---------------------------------+-----------------------------+---------+----+---+----+-----+
    |fcmp_32ns_32ns_1_2_no_dsp_1_U12  |fcmp_32ns_32ns_1_2_no_dsp_1  |        0|   0|  0|   0|    0|
    |fcmp_32ns_32ns_1_2_no_dsp_1_U13  |fcmp_32ns_32ns_1_2_no_dsp_1  |        0|   0|  0|   0|    0|
    |fcmp_32ns_32ns_1_2_no_dsp_1_U14  |fcmp_32ns_32ns_1_2_no_dsp_1  |        0|   0|  0|   0|    0|
    |fcmp_32ns_32ns_1_2_no_dsp_1_U15  |fcmp_32ns_32ns_1_2_no_dsp_1  |        0|   0|  0|   0|    0|
    |fcmp_32ns_32ns_1_2_no_dsp_1_U16  |fcmp_32ns_32ns_1_2_no_dsp_1  |        0|   0|  0|   0|    0|
    |fcmp_32ns_32ns_1_2_no_dsp_1_U17  |fcmp_32ns_32ns_1_2_no_dsp_1  |        0|   0|  0|   0|    0|
    |fcmp_32ns_32ns_1_2_no_dsp_1_U18  |fcmp_32ns_32ns_1_2_no_dsp_1  |        0|   0|  0|   0|    0|
    |fcmp_32ns_32ns_1_2_no_dsp_1_U19  |fcmp_32ns_32ns_1_2_no_dsp_1  |        0|   0|  0|   0|    0|
    |fcmp_32ns_32ns_1_2_no_dsp_1_U20  |fcmp_32ns_32ns_1_2_no_dsp_1  |        0|   0|  0|   0|    0|
    |fcmp_32ns_32ns_1_2_no_dsp_1_U21  |fcmp_32ns_32ns_1_2_no_dsp_1  |        0|   0|  0|   0|    0|
    |fcmp_32ns_32ns_1_2_no_dsp_1_U22  |fcmp_32ns_32ns_1_2_no_dsp_1  |        0|   0|  0|   0|    0|
    |fcmp_32ns_32ns_1_2_no_dsp_1_U23  |fcmp_32ns_32ns_1_2_no_dsp_1  |        0|   0|  0|   0|    0|
    |fcmp_32ns_32ns_1_2_no_dsp_1_U24  |fcmp_32ns_32ns_1_2_no_dsp_1  |        0|   0|  0|   0|    0|
    |fcmp_32ns_32ns_1_2_no_dsp_1_U25  |fcmp_32ns_32ns_1_2_no_dsp_1  |        0|   0|  0|   0|    0|
    |fcmp_32ns_32ns_1_2_no_dsp_1_U26  |fcmp_32ns_32ns_1_2_no_dsp_1  |        0|   0|  0|   0|    0|
    |fcmp_32ns_32ns_1_2_no_dsp_1_U27  |fcmp_32ns_32ns_1_2_no_dsp_1  |        0|   0|  0|   0|    0|
    +---------------------------------+-----------------------------+---------+----+---+----+-----+
    |Total                            |                             |        0|   0|  0|   0|    0|
    +---------------------------------+-----------------------------+---------+----+---+----+-----+

    * DSP: 
    N/A

    * Memory: 
    N/A

    * FIFO: 
    N/A

    * Expression: 
    +---------------------------+----------+----+---+----+------------+------------+
    |       Variable Name       | Operation| DSP| FF| LUT| Bitwidth P0| Bitwidth P1|
    +---------------------------+----------+----+---+----+------------+------------+
    |and_ln83_10_fu_560_p2      |       and|   0|  0|   2|           1|           1|
    |and_ln83_11_fu_584_p2      |       and|   0|  0|   2|           1|           1|
    |and_ln83_12_fu_662_p2      |       and|   0|  0|   2|           1|           1|
    |and_ln83_1_fu_485_p2       |       and|   0|  0|   2|           1|           1|
    |and_ln83_2_fu_490_p2       |       and|   0|  0|   2|           1|           1|
    |and_ln83_3_fu_495_p2       |       and|   0|  0|   2|           1|           1|
    |and_ln83_4_fu_500_p2       |       and|   0|  0|   2|           1|           1|
    |and_ln83_5_fu_505_p2       |       and|   0|  0|   2|           1|           1|
    |and_ln83_6_fu_510_p2       |       and|   0|  0|   2|           1|           1|
    |and_ln83_7_fu_515_p2       |       and|   0|  0|   2|           1|           1|
    |and_ln83_8_fu_520_p2       |       and|   0|  0|   2|           1|           1|
    |and_ln83_9_fu_525_p2       |       and|   0|  0|   2|           1|           1|
    |and_ln83_fu_480_p2         |       and|   0|  0|   2|           1|           1|
    |and_ln83_fu_554_p2         |       and|   0|  0|   2|           1|           1|
    |and_ln83_fu_578_p2         |       and|   0|  0|   2|           1|           1|
    |and_ln83_fu_656_p2         |       and|   0|  0|   2|           1|           1|
    |icmp_ln83_10_fu_408_p2     |      icmp|   0|  0|  11|           8|           2|
    |icmp_ln83_11_fu_414_p2     |      icmp|   0|  0|  15|          23|           1|
    |icmp_ln83_12_fu_438_p2     |      icmp|   0|  0|  11|           8|           2|
    |icmp_ln83_13_fu_444_p2     |      icmp|   0|  0|  15|          23|           1|
    |icmp_ln83_14_fu_468_p2     |      icmp|   0|  0|  11|           8|           2|
    |icmp_ln83_15_fu_474_p2     |      icmp|   0|  0|  15|          23|           1|
    |icmp_ln83_1_fu_234_p2      |      icmp|   0|  0|  15|          23|           1|
    |icmp_ln83_2_fu_264_p2      |      icmp|   0|  0|  11|           8|           2|
    |icmp_ln83_3_fu_270_p2      |      icmp|   0|  0|  15|          23|           1|
    |icmp_ln83_4_fu_300_p2      |      icmp|   0|  0|  11|           8|           2|
    |icmp_ln83_5_fu_306_p2      |      icmp|   0|  0|  15|          23|           1|
    |icmp_ln83_6_fu_336_p2      |      icmp|   0|  0|  11|           8|           2|
    |icmp_ln83_7_fu_342_p2      |      icmp|   0|  0|  15|          23|           1|
    |icmp_ln83_8_fu_372_p2      |      icmp|   0|  0|  11|           8|           2|
    |icmp_ln83_9_fu_378_p2      |      icmp|   0|  0|  15|          23|           1|
    |icmp_ln83_fu_228_p2        |      icmp|   0|  0|  11|           8|           2|
    |idx_fu_680_p2              |        or|   0|  0|   2|           1|           1|
    |or_ln83_10_fu_602_p2       |        or|   0|  0|   2|           1|           1|
    |or_ln83_11_fu_608_p2       |        or|   0|  0|   2|           1|           1|
    |or_ln83_12_fu_614_p2       |        or|   0|  0|   2|           1|           1|
    |or_ln83_13_fu_620_p2       |        or|   0|  0|   2|           1|           1|
    |or_ln83_14_fu_626_p2       |        or|   0|  0|   2|           1|           1|
    |or_ln83_15_fu_632_p2       |        or|   0|  0|   2|           1|           1|
    |or_ln83_16_fu_638_p2       |        or|   0|  0|   2|           1|           1|
    |or_ln83_17_fu_668_p2       |        or|   0|  0|   2|           1|           1|
    |or_ln83_18_fu_674_p2       |        or|   0|  0|   2|           1|           1|
    |or_ln83_1_fu_276_p2        |        or|   0|  0|   2|           1|           1|
    |or_ln83_2_fu_312_p2        |        or|   0|  0|   2|           1|           1|
    |or_ln83_3_fu_348_p2        |        or|   0|  0|   2|           1|           1|
    |or_ln83_4_fu_384_p2        |        or|   0|  0|   2|           1|           1|
    |or_ln83_5_fu_530_p2        |        or|   0|  0|   2|           1|           1|
    |or_ln83_6_fu_534_p2        |        or|   0|  0|   2|           1|           1|
    |or_ln83_7_fu_538_p2        |        or|   0|  0|   2|           1|           1|
    |or_ln83_8_fu_590_p2        |        or|   0|  0|   2|           1|           1|
    |or_ln83_9_fu_596_p2        |        or|   0|  0|   2|           1|           1|
    |or_ln83_fu_240_p2          |        or|   0|  0|   2|           1|           1|
    |or_ln88_10_fu_1105_p2      |        or|   0|  0|   2|           1|           1|
    |or_ln88_1_fu_781_p2        |        or|   0|  0|   2|           1|           1|
    |or_ln88_2_fu_817_p2        |        or|   0|  0|   2|           1|           1|
    |or_ln88_3_fu_853_p2        |        or|   0|  0|   2|           1|           1|
    |or_ln88_4_fu_889_p2        |        or|   0|  0|   2|           1|           1|
    |or_ln88_5_fu_925_p2        |        or|   0|  0|   2|           1|           1|
    |or_ln88_6_fu_961_p2        |        or|   0|  0|   2|           1|           1|
    |or_ln88_7_fu_997_p2        |        or|   0|  0|   2|           1|           1|
    |or_ln88_8_fu_1033_p2       |        or|   0|  0|   2|           1|           1|
    |or_ln88_9_fu_1069_p2       |        or|   0|  0|   2|           1|           1|
    |or_ln88_fu_745_p2          |        or|   0|  0|   2|           1|           1|
    |ap_return                  |    select|   0|  0|   5|           1|           5|
    |idx_10_fu_978_p3           |    select|   0|  0|   5|           1|           5|
    |idx_11_fu_1014_p3          |    select|   0|  0|   5|           1|           5|
    |idx_12_fu_1050_p3          |    select|   0|  0|   5|           1|           5|
    |idx_13_fu_1086_p3          |    select|   0|  0|   5|           1|           5|
    |idx_1_fu_689_p3            |    select|   0|  0|   2|           1|           2|
    |idx_2_fu_704_p3            |    select|   0|  0|   3|           1|           3|
    |idx_3_fu_726_p3            |    select|   0|  0|   4|           1|           4|
    |idx_4_fu_762_p3            |    select|   0|  0|   4|           1|           4|
    |idx_5_fu_798_p3            |    select|   0|  0|   4|           1|           4|
    |idx_6_fu_834_p3            |    select|   0|  0|   4|           1|           4|
    |idx_7_fu_870_p3            |    select|   0|  0|   5|           1|           5|
    |idx_8_fu_906_p3            |    select|   0|  0|   5|           1|           5|
    |idx_9_fu_942_p3            |    select|   0|  0|   5|           1|           5|
    |select_ln88_10_fu_1074_p3  |    select|   0|  0|   4|           1|           3|
    |select_ln88_11_fu_1110_p3  |    select|   0|  0|   4|           1|           2|
    |select_ln88_1_fu_750_p3    |    select|   0|  0|   3|           1|           3|
    |select_ln88_2_fu_786_p3    |    select|   0|  0|   3|           1|           3|
    |select_ln88_3_fu_822_p3    |    select|   0|  0|   3|           1|           2|
    |select_ln88_4_fu_858_p3    |    select|   0|  0|   5|           1|           5|
    |select_ln88_5_fu_894_p3    |    select|   0|  0|   4|           1|           4|
    |select_ln88_6_fu_930_p3    |    select|   0|  0|   4|           1|           4|
    |select_ln88_7_fu_966_p3    |    select|   0|  0|   4|           1|           4|
    |select_ln88_8_fu_1002_p3   |    select|   0|  0|   4|           1|           4|
    |select_ln88_9_fu_1038_p3   |    select|   0|  0|   4|           1|           3|
    |select_ln88_fu_715_p3      |    select|   0|  0|   4|           1|           4|
    |xor_ln83_fu_542_p2         |       xor|   0|  0|   2|           1|           2|
    |xor_ln83_fu_548_p2         |       xor|   0|  0|   2|           1|           2|
    |xor_ln83_fu_566_p2         |       xor|   0|  0|   2|           1|           2|
    |xor_ln83_fu_572_p2         |       xor|   0|  0|   2|           1|           2|
    |xor_ln83_fu_644_p2         |       xor|   0|  0|   2|           1|           2|
    |xor_ln83_fu_650_p2         |       xor|   0|  0|   2|           1|           2|
    +---------------------------+----------+----+---+----+------------+------------+
    |Total                      |          |   0|  0| 421|         327|         185|
    +---------------------------+----------+----+---+----+------------+------------+

    * Multiplexer: 
    +-----------+----+-----------+-----+-----------+
    |    Name   | LUT| Input Size| Bits| Total Bits|
    +-----------+----+-----------+-----+-----------+
    |ap_NS_fsm  |  20|          4|    1|          4|
    +-----------+----+-----------+-----+-----------+
    |Total      |  20|          4|    1|          4|
    +-----------+----+-----------+-----+-----------+

    * Register: 
    +-----------------------+---+----+-----+-----------+
    |          Name         | FF| LUT| Bits| Const Bits|
    +-----------------------+---+----+-----+-----------+
    |ap_CS_fsm              |  3|   0|    3|          0|
    |icmp_ln83_10_reg_1207  |  1|   0|    1|          0|
    |icmp_ln83_11_reg_1212  |  1|   0|    1|          0|
    |icmp_ln83_12_reg_1217  |  1|   0|    1|          0|
    |icmp_ln83_13_reg_1222  |  1|   0|    1|          0|
    |icmp_ln83_14_reg_1227  |  1|   0|    1|          0|
    |icmp_ln83_15_reg_1232  |  1|   0|    1|          0|
    |idx_reg_1237           |  1|   0|    1|          0|
    |or_ln83_1_reg_1183     |  1|   0|    1|          0|
    |or_ln83_2_reg_1189     |  1|   0|    1|          0|
    |or_ln83_3_reg_1195     |  1|   0|    1|          0|
    |or_ln83_4_reg_1201     |  1|   0|    1|          0|
    |or_ln83_reg_1177       |  1|   0|    1|          0|
    +-----------------------+---+----+-----+-----------+
    |Total                  | 15|   0|   15|          0|
    +-----------------------+---+----+-----+-----------+



================================================================
== Interface
================================================================
* Summary: 
+-----------+-----+-----+------------+--------------+--------------+
| RTL Ports | Dir | Bits|  Protocol  | Source Object|    C Type    |
+-----------+-----+-----+------------+--------------+--------------+
|ap_clk     |   in|    1|  ap_ctrl_hs|   find_region|  return value|
|ap_rst     |   in|    1|  ap_ctrl_hs|   find_region|  return value|
|ap_start   |   in|    1|  ap_ctrl_hs|   find_region|  return value|
|ap_done    |  out|    1|  ap_ctrl_hs|   find_region|  return value|
|ap_idle    |  out|    1|  ap_ctrl_hs|   find_region|  return value|
|ap_ready   |  out|    1|  ap_ctrl_hs|   find_region|  return value|
|ap_return  |  out|    5|  ap_ctrl_hs|   find_region|  return value|
|d_read     |   in|   32|     ap_none|        d_read|        scalar|
|d_read_23  |   in|   32|     ap_none|     d_read_23|        scalar|
|d_read_24  |   in|   32|     ap_none|     d_read_24|        scalar|
|d_read_25  |   in|   32|     ap_none|     d_read_25|        scalar|
|d_read_26  |   in|   32|     ap_none|     d_read_26|        scalar|
|d_read_27  |   in|   32|     ap_none|     d_read_27|        scalar|
|d_read_28  |   in|   32|     ap_none|     d_read_28|        scalar|
|d_read_29  |   in|   32|     ap_none|     d_read_29|        scalar|
+-----------+-----+-----+------------+--------------+--------------+

