

================================================================
== Vitis HLS Report for 'writeOutcomeInRam'
================================================================
* Date:           Mon Sep 19 17:09:32 2022

* Version:        2022.1 (Build 3526262 on Mon Apr 18 15:47:01 MDT 2022)
* Project:        detector_solid
* Solution:       solution1 (Vitis Kernel Flow Target)
* Product family: zynq
* Target device:  xc7z020-clg484-1


================================================================
== Performance Estimates
================================================================
+ Timing: 
    * Summary: 
    +--------+----------+-----------+------------+
    |  Clock |  Target  | Estimated | Uncertainty|
    +--------+----------+-----------+------------+
    |ap_clk  |  20.00 ns|  14.600 ns|     5.40 ns|
    +--------+----------+-----------+------------+

+ Latency: 
    * Summary: 
    +---------+---------+----------+----------+-----+-----+---------+
    |  Latency (cycles) |  Latency (absolute) |  Interval | Pipeline|
    |   min   |   max   |    min   |    max   | min | max |   Type  |
    +---------+---------+----------+----------+-----+-----+---------+
    |       70|       70|  1.400 us|  1.400 us|   70|   70|       no|
    +---------+---------+----------+----------+-----+-----+---------+

    + Detail: 
        * Instance: 
        N/A

        * Loop: 
        N/A



================================================================
== Utilization Estimates
================================================================
* Summary: 
+-----------------+---------+-----+--------+-------+-----+
|       Name      | BRAM_18K| DSP |   FF   |  LUT  | URAM|
+-----------------+---------+-----+--------+-------+-----+
|DSP              |        -|    -|       -|      -|    -|
|Expression       |        -|    -|       0|   2128|    -|
|FIFO             |        -|    -|       -|      -|    -|
|Instance         |        -|    -|       -|      -|    -|
|Memory           |        -|    -|       -|      -|    -|
|Multiplexer      |        -|    -|       -|    406|    -|
|Register         |        -|    -|     697|      -|    -|
+-----------------+---------+-----+--------+-------+-----+
|Total            |        0|    0|     697|   2534|    0|
+-----------------+---------+-----+--------+-------+-----+
|Available        |      280|  220|  106400|  53200|    0|
+-----------------+---------+-----+--------+-------+-----+
|Utilization (%)  |        0|    0|      ~0|      4|    0|
+-----------------+---------+-----+--------+-------+-----+

+ Detail: 
    * Instance: 
    N/A

    * DSP: 
    N/A

    * Memory: 
    N/A

    * FIFO: 
    N/A

    * Expression: 
    +--------------------+----------+----+---+-----+------------+------------+
    |    Variable Name   | Operation| DSP| FF| LUT | Bitwidth P0| Bitwidth P1|
    +--------------------+----------+----+---+-----+------------+------------+
    |empty_33_fu_171_p2  |         +|   0|  0|   13|           5|           1|
    |empty_fu_94_p2      |         +|   0|  0|   71|          64|           1|
    |ap_block_state2_io  |        or|   0|  0|    2|           1|           1|
    |empty_29_fu_112_p2  |       shl|   0|  0|  100|           1|          32|
    |empty_30_fu_130_p2  |       shl|   0|  0|  921|         249|         249|
    |empty_34_fu_180_p2  |       shl|   0|  0|  100|           1|          32|
    |empty_35_fu_198_p2  |       shl|   0|  0|  921|           1|         249|
    +--------------------+----------+----+---+-----+------------+------------+
    |Total               |          |   0|  0| 2128|         322|         565|
    +--------------------+----------+----+---+-----+------------+------------+

    * Multiplexer: 
    +-------------------+-----+-----------+-----+-----------+
    |        Name       | LUT | Input Size| Bits| Total Bits|
    +-------------------+-----+-----------+-----+-----------+
    |ap_NS_fsm          |  337|         72|    1|         72|
    |gmem_blk_n_AW      |    9|          2|    1|          2|
    |gmem_blk_n_B       |    9|          2|    1|          2|
    |gmem_blk_n_W       |    9|          2|    1|          2|
    |m_axi_gmem_AWADDR  |   14|          3|   64|        192|
    |m_axi_gmem_WDATA   |   14|          3|  256|        768|
    |m_axi_gmem_WSTRB   |   14|          3|   32|         96|
    +-------------------+-----+-----------+-----+-----------+
    |Total              |  406|         87|  356|       1134|
    +-------------------+-----+-----------+-----+-----------+

    * Register: 
    +------------------+-----+----+-----+-----------+
    |       Name       |  FF | LUT| Bits| Const Bits|
    +------------------+-----+----+-----+-----------+
    |ap_CS_fsm         |   71|   0|   71|          0|
    |empty_28_reg_218  |    5|   0|    5|          0|
    |empty_29_reg_223  |   32|   0|   32|          0|
    |empty_30_reg_228  |  249|   0|  249|          0|
    |empty_34_reg_244  |   32|   0|   32|          0|
    |empty_35_reg_249  |  249|   0|  249|          0|
    |p_cast4_reg_239   |   59|   0|   59|          0|
    +------------------+-----+----+-----+-----------+
    |Total             |  697|   0|  697|          0|
    +------------------+-----+----+-----+-----------+



================================================================
== Interface
================================================================
* Summary: 
+---------------------+-----+-----+------------+-------------------+--------------+
|      RTL Ports      | Dir | Bits|  Protocol  |   Source Object   |    C Type    |
+---------------------+-----+-----+------------+-------------------+--------------+
|ap_clk               |   in|    1|  ap_ctrl_hs|  writeOutcomeInRam|  return value|
|ap_rst               |   in|    1|  ap_ctrl_hs|  writeOutcomeInRam|  return value|
|ap_start             |   in|    1|  ap_ctrl_hs|  writeOutcomeInRam|  return value|
|ap_done              |  out|    1|  ap_ctrl_hs|  writeOutcomeInRam|  return value|
|ap_idle              |  out|    1|  ap_ctrl_hs|  writeOutcomeInRam|  return value|
|ap_ready             |  out|    1|  ap_ctrl_hs|  writeOutcomeInRam|  return value|
|m_axi_gmem_AWVALID   |  out|    1|       m_axi|               gmem|       pointer|
|m_axi_gmem_AWREADY   |   in|    1|       m_axi|               gmem|       pointer|
|m_axi_gmem_AWADDR    |  out|   64|       m_axi|               gmem|       pointer|
|m_axi_gmem_AWID      |  out|    1|       m_axi|               gmem|       pointer|
|m_axi_gmem_AWLEN     |  out|   32|       m_axi|               gmem|       pointer|
|m_axi_gmem_AWSIZE    |  out|    3|       m_axi|               gmem|       pointer|
|m_axi_gmem_AWBURST   |  out|    2|       m_axi|               gmem|       pointer|
|m_axi_gmem_AWLOCK    |  out|    2|       m_axi|               gmem|       pointer|
|m_axi_gmem_AWCACHE   |  out|    4|       m_axi|               gmem|       pointer|
|m_axi_gmem_AWPROT    |  out|    3|       m_axi|               gmem|       pointer|
|m_axi_gmem_AWQOS     |  out|    4|       m_axi|               gmem|       pointer|
|m_axi_gmem_AWREGION  |  out|    4|       m_axi|               gmem|       pointer|
|m_axi_gmem_AWUSER    |  out|    1|       m_axi|               gmem|       pointer|
|m_axi_gmem_WVALID    |  out|    1|       m_axi|               gmem|       pointer|
|m_axi_gmem_WREADY    |   in|    1|       m_axi|               gmem|       pointer|
|m_axi_gmem_WDATA     |  out|  256|       m_axi|               gmem|       pointer|
|m_axi_gmem_WSTRB     |  out|   32|       m_axi|               gmem|       pointer|
|m_axi_gmem_WLAST     |  out|    1|       m_axi|               gmem|       pointer|
|m_axi_gmem_WID       |  out|    1|       m_axi|               gmem|       pointer|
|m_axi_gmem_WUSER     |  out|    1|       m_axi|               gmem|       pointer|
|m_axi_gmem_ARVALID   |  out|    1|       m_axi|               gmem|       pointer|
|m_axi_gmem_ARREADY   |   in|    1|       m_axi|               gmem|       pointer|
|m_axi_gmem_ARADDR    |  out|   64|       m_axi|               gmem|       pointer|
|m_axi_gmem_ARID      |  out|    1|       m_axi|               gmem|       pointer|
|m_axi_gmem_ARLEN     |  out|   32|       m_axi|               gmem|       pointer|
|m_axi_gmem_ARSIZE    |  out|    3|       m_axi|               gmem|       pointer|
|m_axi_gmem_ARBURST   |  out|    2|       m_axi|               gmem|       pointer|
|m_axi_gmem_ARLOCK    |  out|    2|       m_axi|               gmem|       pointer|
|m_axi_gmem_ARCACHE   |  out|    4|       m_axi|               gmem|       pointer|
|m_axi_gmem_ARPROT    |  out|    3|       m_axi|               gmem|       pointer|
|m_axi_gmem_ARQOS     |  out|    4|       m_axi|               gmem|       pointer|
|m_axi_gmem_ARREGION  |  out|    4|       m_axi|               gmem|       pointer|
|m_axi_gmem_ARUSER    |  out|    1|       m_axi|               gmem|       pointer|
|m_axi_gmem_RVALID    |   in|    1|       m_axi|               gmem|       pointer|
|m_axi_gmem_RREADY    |  out|    1|       m_axi|               gmem|       pointer|
|m_axi_gmem_RDATA     |   in|  256|       m_axi|               gmem|       pointer|
|m_axi_gmem_RLAST     |   in|    1|       m_axi|               gmem|       pointer|
|m_axi_gmem_RID       |   in|    1|       m_axi|               gmem|       pointer|
|m_axi_gmem_RFIFONUM  |   in|    9|       m_axi|               gmem|       pointer|
|m_axi_gmem_RUSER     |   in|    1|       m_axi|               gmem|       pointer|
|m_axi_gmem_RRESP     |   in|    2|       m_axi|               gmem|       pointer|
|m_axi_gmem_BVALID    |   in|    1|       m_axi|               gmem|       pointer|
|m_axi_gmem_BREADY    |  out|    1|       m_axi|               gmem|       pointer|
|m_axi_gmem_BRESP     |   in|    2|       m_axi|               gmem|       pointer|
|m_axi_gmem_BID       |   in|    1|       m_axi|               gmem|       pointer|
|m_axi_gmem_BUSER     |   in|    1|       m_axi|               gmem|       pointer|
|outcomeptr           |   in|   64|     ap_none|         outcomeptr|        scalar|
|outcome              |   in|    1|     ap_none|            outcome|        scalar|
+---------------------+-----+-----+------------+-------------------+--------------+

