

================================================================
== Vitis HLS Report for 'compute'
================================================================
* Date:           Thu Oct 20 20:21:07 2022

* Version:        2022.1 (Build 3526262 on Mon Apr 18 15:48:16 MDT 2022)
* Project:        detector_solid
* Solution:       solution2 (Vitis Kernel Flow Target)
* Product family: zynq
* Target device:  xc7z020-clg484-1


================================================================
== Performance Estimates
================================================================
+ Timing: 
    * Summary: 
    +--------+----------+-----------+------------+
    |  Clock |  Target  | Estimated | Uncertainty|
    +--------+----------+-----------+------------+
    |ap_clk  |  18.00 ns|  13.694 ns|     4.86 ns|
    +--------+----------+-----------+------------+

+ Latency: 
    * Summary: 
    +---------+---------+----------+----------+-----+-----+---------+
    |  Latency (cycles) |  Latency (absolute) |  Interval | Pipeline|
    |   min   |   max   |    min   |    max   | min | max |   Type  |
    +---------+---------+----------+----------+-----+-----+---------+
    |        ?|        ?|         ?|         ?|    ?|    ?|       no|
    +---------+---------+----------+----------+-----+-----+---------+

    + Detail: 
        * Instance: 
        +-------------------------+--------------+---------+---------+-----------+-----------+-----+------+---------+
        |                         |              |  Latency (cycles) |   Latency (absolute)  |  Interval  | Pipeline|
        |         Instance        |    Module    |   min   |   max   |    min    |    max    | min |  max |   Type  |
        +-------------------------+--------------+---------+---------+-----------+-----------+-----+------+---------+
        |grp_insert_point_fu_900  |insert_point  |        4|     1268|  72.000 ns|  22.824 us|    4|  1268|       no|
        +-------------------------+--------------+---------+---------+-----------+-----------+-----+------+---------+

        * Loop: 
        +-----------------------+---------+---------+----------+-----------+-----------+--------+----------+
        |                       |  Latency (cycles) | Iteration|  Initiation Interval  |  Trip  |          |
        |       Loop Name       |   min   |   max   |  Latency |  achieved |   target  |  Count | Pipelined|
        +-----------------------+---------+---------+----------+-----------+-----------+--------+----------+
        |- VITIS_LOOP_473_1     |        ?|        ?|  18 ~ 792|          -|          -|       ?|        no|
        | + VITIS_LOOP_473_1.1  |        8|        8|         1|          -|          -|       8|        no|
        | + is_valid_label2     |        2|       17|         2|          -|          -|   1 ~ 8|        no|
        | + VITIS_LOOP_49_1     |        0|      757|    9 ~ 47|          -|          -|  0 ~ 16|        no|
        |  ++ VITIS_LOOP_55_2   |        7|       44|         5|          -|          -|   1 ~ 8|        no|
        +-----------------------+---------+---------+----------+-----------+-----------+--------+----------+



================================================================
== Utilization Estimates
================================================================
* Summary: 
+-----------------+---------+-----+--------+-------+-----+
|       Name      | BRAM_18K| DSP |   FF   |  LUT  | URAM|
+-----------------+---------+-----+--------+-------+-----+
|DSP              |        -|    -|       -|      -|    -|
|Expression       |        -|    -|       0|    361|    -|
|FIFO             |        -|    -|       -|      -|    -|
|Instance         |        -|   22|    7980|  12734|    -|
|Memory           |        0|    -|      64|      4|    0|
|Multiplexer      |        -|    -|       -|   3677|    -|
|Register         |        -|    -|    2116|      -|    -|
+-----------------+---------+-----+--------+-------+-----+
|Total            |        0|   22|   10160|  16776|    0|
+-----------------+---------+-----+--------+-------+-----+
|Available        |      280|  220|  106400|  53200|    0|
+-----------------+---------+-----+--------+-------+-----+
|Utilization (%)  |        0|   10|       9|     31|    0|
+-----------------+---------+-----+--------+-------+-----+

+ Detail: 
    * Instance: 
    +---------------------------------+-----------------------------+---------+----+------+-------+-----+
    |             Instance            |            Module           | BRAM_18K| DSP|  FF  |  LUT  | URAM|
    +---------------------------------+-----------------------------+---------+----+------+-------+-----+
    |fcmp_32ns_32ns_1_2_no_dsp_1_U82  |fcmp_32ns_32ns_1_2_no_dsp_1  |        0|   0|     0|      0|    0|
    |fcmp_32ns_32ns_1_2_no_dsp_1_U83  |fcmp_32ns_32ns_1_2_no_dsp_1  |        0|   0|     0|      0|    0|
    |fcmp_32ns_32ns_1_2_no_dsp_1_U84  |fcmp_32ns_32ns_1_2_no_dsp_1  |        0|   0|     0|      0|    0|
    |grp_insert_point_fu_900          |insert_point                 |        0|  22|  7980|  12317|    0|
    |mux_21_32_1_1_U89                |mux_21_32_1_1                |        0|   0|     0|      9|    0|
    |mux_21_32_1_1_U90                |mux_21_32_1_1                |        0|   0|     0|      9|    0|
    |mux_648_8_1_1_U87                |mux_648_8_1_1                |        0|   0|     0|    273|    0|
    |mux_84_32_1_1_U85                |mux_84_32_1_1                |        0|   0|     0|     42|    0|
    |mux_84_32_1_1_U86                |mux_84_32_1_1                |        0|   0|     0|     42|    0|
    |mux_864_32_1_1_U88               |mux_864_32_1_1               |        0|   0|     0|     42|    0|
    +---------------------------------+-----------------------------+---------+----+------+-------+-----+
    |Total                            |                             |        0|  22|  7980|  12734|    0|
    +---------------------------------+-----------------------------+---------+----+------+-------+-----+

    * DSP: 
    N/A

    * Memory: 
    +-----------+-------------------------------+---------+----+----+-----+------+-----+------+-------------+
    |   Memory  |             Module            | BRAM_18K| FF | LUT| URAM| Words| Bits| Banks| W*Bits*Banks|
    +-----------+-------------------------------+---------+----+----+-----+------+-----+------+-------------+
    |out_AOV_U  |compute_out_AOV_RAM_AUTO_1R1W  |        0|  64|   4|    0|     8|   32|     1|          256|
    +-----------+-------------------------------+---------+----+----+-----+------+-----+------+-------------+
    |Total      |                               |        0|  64|   4|    0|     8|   32|     1|          256|
    +-----------+-------------------------------+---------+----+----+-----+------+-----+------+-------------+

    * FIFO: 
    N/A

    * Expression: 
    +----------------------------------+----------+----+---+----+------------+------------+
    |           Variable Name          | Operation| DSP| FF| LUT| Bitwidth P0| Bitwidth P1|
    +----------------------------------+----------+----+---+----+------------+------------+
    |add_ln49_fu_2263_p2               |         +|   0|  0|  15|           8|           1|
    |add_ln55_fu_2325_p2               |         +|   0|  0|  71|          64|           1|
    |add_ln59_1_fu_2298_p2             |         +|   0|  0|  12|          12|          12|
    |add_ln59_fu_2283_p2               |         +|   0|  0|  12|          12|          12|
    |add_ln70_fu_2093_p2               |         +|   0|  0|  13|           4|           1|
    |empty_fu_2047_p2                  |         +|   0|  0|  13|           4|           1|
    |and_ln489_fu_2487_p2              |       and|   0|  0|   2|           1|           1|
    |and_ln59_1_fu_2416_p2             |       and|   0|  0|   2|           1|           1|
    |and_ln59_2_fu_2466_p2             |       and|   0|  0|   2|           1|           1|
    |and_ln59_fu_2410_p2               |       and|   0|  0|   2|           1|           1|
    |and_ln73_fu_2156_p2               |       and|   0|  0|   2|           1|           1|
    |ap_condition_2341                 |       and|   0|  0|   2|           1|           1|
    |exitcond9_fu_2041_p2              |      icmp|   0|  0|   9|           4|           5|
    |icmp_ln1073_1_fu_2258_p2          |      icmp|   0|  0|  11|           8|           8|
    |icmp_ln1073_fu_2248_p2            |      icmp|   0|  0|  11|           8|           1|
    |icmp_ln483_fu_2068_p2             |      icmp|   0|  0|  11|           8|           2|
    |icmp_ln496_fu_2073_p2             |      icmp|   0|  0|  11|           8|           2|
    |icmp_ln59_1_fu_2365_p2            |      icmp|   0|  0|  15|          23|           1|
    |icmp_ln59_2_fu_2392_p2            |      icmp|   0|  0|  11|           8|           2|
    |icmp_ln59_3_fu_2398_p2            |      icmp|   0|  0|  15|          23|           1|
    |icmp_ln59_4_fu_2450_p2            |      icmp|   0|  0|  11|           8|           2|
    |icmp_ln59_5_fu_2456_p2            |      icmp|   0|  0|  15|          23|           1|
    |icmp_ln59_fu_2359_p2              |      icmp|   0|  0|  11|           8|           2|
    |icmp_ln60_fu_2472_p2              |      icmp|   0|  0|  29|          64|           3|
    |icmp_ln70_fu_2087_p2              |      icmp|   0|  0|   9|           4|           5|
    |icmp_ln73_2_fu_2140_p2            |      icmp|   0|  0|  15|          23|           1|
    |icmp_ln73_fu_2134_p2              |      icmp|   0|  0|  11|           8|           2|
    |ap_block_state1                   |        or|   0|  0|   2|           1|           1|
    |ap_block_state16_on_subcall_done  |        or|   0|  0|   2|           1|           1|
    |or_ln59_1_fu_2404_p2              |        or|   0|  0|   2|           1|           1|
    |or_ln59_2_fu_2462_p2              |        or|   0|  0|   2|           1|           1|
    |or_ln59_fu_2388_p2                |        or|   0|  0|   2|           1|           1|
    |or_ln73_2_fu_2162_p2              |        or|   0|  0|   2|           1|           1|
    |or_ln73_3_fu_2150_p2              |        or|   0|  0|   2|           1|           1|
    |or_ln73_fu_2146_p2                |        or|   0|  0|   2|           1|           1|
    |fault_fu_2493_p2                  |       xor|   0|  0|   2|           2|           1|
    +----------------------------------+----------+----+---+----+------------+------------+
    |Total                             |          |   0|  0| 361|         348|          81|
    +----------------------------------+----------+----+---+----+------------+------------+

    * Multiplexer: 
    +-------------------------------------------------+-----+-----------+-----+-----------+
    |                       Name                      | LUT | Input Size| Bits| Total Bits|
    +-------------------------------------------------+-----+-----------+-----+-----------+
    |ap_NS_fsm                                        |   93|         19|    1|         19|
    |ap_done                                          |    9|          2|    1|          2|
    |destStream_blk_n                                 |    9|          2|    1|          2|
    |grp_fu_1309_opcode                               |   20|          4|    5|         20|
    |grp_fu_1309_p0                                   |   20|          4|   32|        128|
    |grp_fu_1309_p1                                   |   14|          3|   32|         96|
    |grp_insert_point_fu_900_n_regions_i              |  281|         65|    8|        520|
    |grp_insert_point_fu_900_regions_center_0_offset  |  281|         65|    6|        390|
    |grp_insert_point_fu_900_regions_center_1_offset  |  281|         65|    6|        390|
    |grp_insert_point_fu_900_regions_max_0_offset     |  281|         65|    6|        390|
    |grp_insert_point_fu_900_regions_max_1_offset     |  281|         65|    6|        390|
    |grp_insert_point_fu_900_regions_min_0_offset     |  281|         65|    6|        390|
    |grp_insert_point_fu_900_regions_min_1_offset     |  281|         65|    6|        390|
    |i_3_reg_864                                      |    9|          2|    8|         16|
    |i_reg_840                                        |    9|          2|    4|          8|
    |j_reg_875                                        |    9|          2|   64|        128|
    |loop_index_reg_829                               |    9|          2|    4|          8|
    |out_AOV_address0                                 |   31|          6|    3|         18|
    |out_AOV_address1                                 |   25|          5|    3|         15|
    |p_ZL9n_regions_0_loc_fu_678                      |    9|          2|    8|         16|
    |p_ZL9n_regions_0_o                               |    9|          2|    8|         16|
    |p_ZL9n_regions_10_loc_fu_638                     |    9|          2|    8|         16|
    |p_ZL9n_regions_10_o                              |    9|          2|    8|         16|
    |p_ZL9n_regions_11_loc_fu_634                     |    9|          2|    8|         16|
    |p_ZL9n_regions_11_o                              |    9|          2|    8|         16|
    |p_ZL9n_regions_12_loc_fu_630                     |    9|          2|    8|         16|
    |p_ZL9n_regions_12_o                              |    9|          2|    8|         16|
    |p_ZL9n_regions_13_loc_fu_626                     |    9|          2|    8|         16|
    |p_ZL9n_regions_13_o                              |    9|          2|    8|         16|
    |p_ZL9n_regions_14_loc_fu_622                     |    9|          2|    8|         16|
    |p_ZL9n_regions_14_o                              |    9|          2|    8|         16|
    |p_ZL9n_regions_15_loc_fu_618                     |    9|          2|    8|         16|
    |p_ZL9n_regions_15_o                              |    9|          2|    8|         16|
    |p_ZL9n_regions_16_loc_fu_614                     |    9|          2|    8|         16|
    |p_ZL9n_regions_16_o                              |    9|          2|    8|         16|
    |p_ZL9n_regions_17_loc_fu_610                     |    9|          2|    8|         16|
    |p_ZL9n_regions_17_o                              |    9|          2|    8|         16|
    |p_ZL9n_regions_18_loc_fu_606                     |    9|          2|    8|         16|
    |p_ZL9n_regions_18_o                              |    9|          2|    8|         16|
    |p_ZL9n_regions_19_loc_fu_602                     |    9|          2|    8|         16|
    |p_ZL9n_regions_19_o                              |    9|          2|    8|         16|
    |p_ZL9n_regions_1_loc_fu_674                      |    9|          2|    8|         16|
    |p_ZL9n_regions_1_o                               |    9|          2|    8|         16|
    |p_ZL9n_regions_20_loc_fu_598                     |    9|          2|    8|         16|
    |p_ZL9n_regions_20_o                              |    9|          2|    8|         16|
    |p_ZL9n_regions_21_loc_fu_594                     |    9|          2|    8|         16|
    |p_ZL9n_regions_21_o                              |    9|          2|    8|         16|
    |p_ZL9n_regions_22_loc_fu_590                     |    9|          2|    8|         16|
    |p_ZL9n_regions_22_o                              |    9|          2|    8|         16|
    |p_ZL9n_regions_23_loc_fu_586                     |    9|          2|    8|         16|
    |p_ZL9n_regions_23_o                              |    9|          2|    8|         16|
    |p_ZL9n_regions_24_loc_fu_582                     |    9|          2|    8|         16|
    |p_ZL9n_regions_24_o                              |    9|          2|    8|         16|
    |p_ZL9n_regions_25_loc_fu_578                     |    9|          2|    8|         16|
    |p_ZL9n_regions_25_o                              |    9|          2|    8|         16|
    |p_ZL9n_regions_26_loc_fu_574                     |    9|          2|    8|         16|
    |p_ZL9n_regions_26_o                              |    9|          2|    8|         16|
    |p_ZL9n_regions_27_loc_fu_570                     |    9|          2|    8|         16|
    |p_ZL9n_regions_27_o                              |    9|          2|    8|         16|
    |p_ZL9n_regions_28_loc_fu_566                     |    9|          2|    8|         16|
    |p_ZL9n_regions_28_o                              |    9|          2|    8|         16|
    |p_ZL9n_regions_29_loc_fu_562                     |    9|          2|    8|         16|
    |p_ZL9n_regions_29_o                              |    9|          2|    8|         16|
    |p_ZL9n_regions_2_loc_fu_670                      |    9|          2|    8|         16|
    |p_ZL9n_regions_2_o                               |    9|          2|    8|         16|
    |p_ZL9n_regions_30_loc_fu_558                     |    9|          2|    8|         16|
    |p_ZL9n_regions_30_o                              |    9|          2|    8|         16|
    |p_ZL9n_regions_31_loc_fu_554                     |    9|          2|    8|         16|
    |p_ZL9n_regions_31_o                              |    9|          2|    8|         16|
    |p_ZL9n_regions_32_loc_fu_550                     |    9|          2|    8|         16|
    |p_ZL9n_regions_32_o                              |    9|          2|    8|         16|
    |p_ZL9n_regions_33_loc_fu_546                     |    9|          2|    8|         16|
    |p_ZL9n_regions_33_o                              |    9|          2|    8|         16|
    |p_ZL9n_regions_34_loc_fu_542                     |    9|          2|    8|         16|
    |p_ZL9n_regions_34_o                              |    9|          2|    8|         16|
    |p_ZL9n_regions_35_loc_fu_538                     |    9|          2|    8|         16|
    |p_ZL9n_regions_35_o                              |    9|          2|    8|         16|
    |p_ZL9n_regions_36_loc_fu_534                     |    9|          2|    8|         16|
    |p_ZL9n_regions_36_o                              |    9|          2|    8|         16|
    |p_ZL9n_regions_37_loc_fu_530                     |    9|          2|    8|         16|
    |p_ZL9n_regions_37_o                              |    9|          2|    8|         16|
    |p_ZL9n_regions_38_loc_fu_526                     |    9|          2|    8|         16|
    |p_ZL9n_regions_38_o                              |    9|          2|    8|         16|
    |p_ZL9n_regions_39_loc_fu_522                     |    9|          2|    8|         16|
    |p_ZL9n_regions_39_o                              |    9|          2|    8|         16|
    |p_ZL9n_regions_3_loc_fu_666                      |    9|          2|    8|         16|
    |p_ZL9n_regions_3_o                               |    9|          2|    8|         16|
    |p_ZL9n_regions_40_loc_fu_518                     |    9|          2|    8|         16|
    |p_ZL9n_regions_40_o                              |    9|          2|    8|         16|
    |p_ZL9n_regions_41_loc_fu_514                     |    9|          2|    8|         16|
    |p_ZL9n_regions_41_o                              |    9|          2|    8|         16|
    |p_ZL9n_regions_42_loc_fu_510                     |    9|          2|    8|         16|
    |p_ZL9n_regions_42_o                              |    9|          2|    8|         16|
    |p_ZL9n_regions_43_loc_fu_506                     |    9|          2|    8|         16|
    |p_ZL9n_regions_43_o                              |    9|          2|    8|         16|
    |p_ZL9n_regions_44_loc_fu_502                     |    9|          2|    8|         16|
    |p_ZL9n_regions_44_o                              |    9|          2|    8|         16|
    |p_ZL9n_regions_45_loc_fu_498                     |    9|          2|    8|         16|
    |p_ZL9n_regions_45_o                              |    9|          2|    8|         16|
    |p_ZL9n_regions_46_loc_fu_494                     |    9|          2|    8|         16|
    |p_ZL9n_regions_46_o                              |    9|          2|    8|         16|
    |p_ZL9n_regions_47_loc_fu_490                     |    9|          2|    8|         16|
    |p_ZL9n_regions_47_o                              |    9|          2|    8|         16|
    |p_ZL9n_regions_48_loc_fu_486                     |    9|          2|    8|         16|
    |p_ZL9n_regions_48_o                              |    9|          2|    8|         16|
    |p_ZL9n_regions_49_loc_fu_482                     |    9|          2|    8|         16|
    |p_ZL9n_regions_49_o                              |    9|          2|    8|         16|
    |p_ZL9n_regions_4_loc_fu_662                      |    9|          2|    8|         16|
    |p_ZL9n_regions_4_o                               |    9|          2|    8|         16|
    |p_ZL9n_regions_50_loc_fu_478                     |    9|          2|    8|         16|
    |p_ZL9n_regions_50_o                              |    9|          2|    8|         16|
    |p_ZL9n_regions_51_loc_fu_474                     |    9|          2|    8|         16|
    |p_ZL9n_regions_51_o                              |    9|          2|    8|         16|
    |p_ZL9n_regions_52_loc_fu_470                     |    9|          2|    8|         16|
    |p_ZL9n_regions_52_o                              |    9|          2|    8|         16|
    |p_ZL9n_regions_53_loc_fu_466                     |    9|          2|    8|         16|
    |p_ZL9n_regions_53_o                              |    9|          2|    8|         16|
    |p_ZL9n_regions_54_loc_fu_462                     |    9|          2|    8|         16|
    |p_ZL9n_regions_54_o                              |    9|          2|    8|         16|
    |p_ZL9n_regions_55_loc_fu_458                     |    9|          2|    8|         16|
    |p_ZL9n_regions_55_o                              |    9|          2|    8|         16|
    |p_ZL9n_regions_56_loc_fu_454                     |    9|          2|    8|         16|
    |p_ZL9n_regions_56_o                              |    9|          2|    8|         16|
    |p_ZL9n_regions_57_loc_fu_450                     |    9|          2|    8|         16|
    |p_ZL9n_regions_57_o                              |    9|          2|    8|         16|
    |p_ZL9n_regions_58_loc_fu_446                     |    9|          2|    8|         16|
    |p_ZL9n_regions_58_o                              |    9|          2|    8|         16|
    |p_ZL9n_regions_59_loc_fu_442                     |    9|          2|    8|         16|
    |p_ZL9n_regions_59_o                              |    9|          2|    8|         16|
    |p_ZL9n_regions_5_loc_fu_658                      |    9|          2|    8|         16|
    |p_ZL9n_regions_5_o                               |    9|          2|    8|         16|
    |p_ZL9n_regions_60_loc_fu_438                     |    9|          2|    8|         16|
    |p_ZL9n_regions_60_o                              |    9|          2|    8|         16|
    |p_ZL9n_regions_61_loc_fu_434                     |    9|          2|    8|         16|
    |p_ZL9n_regions_61_o                              |    9|          2|    8|         16|
    |p_ZL9n_regions_62_loc_fu_430                     |    9|          2|    8|         16|
    |p_ZL9n_regions_62_o                              |    9|          2|    8|         16|
    |p_ZL9n_regions_63_loc_fu_426                     |    9|          2|    8|         16|
    |p_ZL9n_regions_63_o                              |    9|          2|    8|         16|
    |p_ZL9n_regions_6_loc_fu_654                      |    9|          2|    8|         16|
    |p_ZL9n_regions_6_o                               |    9|          2|    8|         16|
    |p_ZL9n_regions_7_loc_fu_650                      |    9|          2|    8|         16|
    |p_ZL9n_regions_7_o                               |    9|          2|    8|         16|
    |p_ZL9n_regions_8_loc_fu_646                      |    9|          2|    8|         16|
    |p_ZL9n_regions_8_o                               |    9|          2|    8|         16|
    |p_ZL9n_regions_9_loc_fu_642                      |    9|          2|    8|         16|
    |p_ZL9n_regions_9_o                               |    9|          2|    8|         16|
    |regions_1_address0                               |   14|          3|   12|         36|
    |regions_1_ce0                                    |   14|          3|    1|          3|
    |regions_1_ce1                                    |    9|          2|    1|          2|
    |regions_1_we0                                    |    9|          2|    1|          2|
    |regions_1_we1                                    |    9|          2|    1|          2|
    |regions_2_address0                               |   14|          3|   12|         36|
    |regions_2_ce0                                    |   14|          3|    1|          3|
    |regions_2_ce1                                    |    9|          2|    1|          2|
    |regions_2_we0                                    |    9|          2|    1|          2|
    |regions_2_we1                                    |    9|          2|    1|          2|
    |regions_3_address0                               |   14|          3|   12|         36|
    |regions_3_ce0                                    |   14|          3|    1|          3|
    |regions_3_ce1                                    |    9|          2|    1|          2|
    |regions_3_we0                                    |    9|          2|    1|          2|
    |regions_3_we1                                    |    9|          2|    1|          2|
    |regions_4_ce0                                    |    9|          2|    1|          2|
    |regions_4_ce1                                    |    9|          2|    1|          2|
    |regions_4_we0                                    |    9|          2|    1|          2|
    |regions_4_we1                                    |    9|          2|    1|          2|
    |regions_5_ce0                                    |    9|          2|    1|          2|
    |regions_5_ce1                                    |    9|          2|    1|          2|
    |regions_5_we0                                    |    9|          2|    1|          2|
    |regions_5_we1                                    |    9|          2|    1|          2|
    |regions_address0                                 |   14|          3|   12|         36|
    |regions_ce0                                      |   14|          3|    1|          3|
    |regions_ce1                                      |    9|          2|    1|          2|
    |regions_we0                                      |    9|          2|    1|          2|
    |regions_we1                                      |    9|          2|    1|          2|
    |sourceStream_blk_n                               |    9|          2|    1|          2|
    +-------------------------------------------------+-----+-----------+-----+-----------+
    |Total                                            | 3677|        830| 1299|       5566|
    +-------------------------------------------------+-----+-----------+-----+-----------+

    * Register: 
    +--------------------------------------+-----+----+-----+-----------+
    |                 Name                 |  FF | LUT| Bits| Const Bits|
    +--------------------------------------+-----+----+-----+-----------+
    |add_ln49_reg_3973                     |    8|   0|    8|          0|
    |add_ln55_reg_4009                     |   64|   0|   64|          0|
    |add_ln70_reg_3924                     |    4|   0|    4|          0|
    |and_ln59_1_reg_4029                   |    1|   0|    1|          0|
    |ap_CS_fsm                             |   18|   0|   18|          0|
    |ap_done_reg                           |    1|   0|    1|          0|
    |grp_insert_point_fu_900_ap_start_reg  |    1|   0|    1|          0|
    |hasReg_reg_887                        |    1|   0|    1|          0|
    |i_3_reg_864                           |    8|   0|    8|          0|
    |i_reg_840                             |    4|   0|    4|          0|
    |icmp_ln1073_1_reg_3969                |    1|   0|    1|          0|
    |icmp_ln1073_reg_3959                  |    1|   0|    1|          0|
    |icmp_ln59_1_reg_4024                  |    1|   0|    1|          0|
    |icmp_ln59_4_reg_4038                  |    1|   0|    1|          0|
    |icmp_ln59_5_reg_4043                  |    1|   0|    1|          0|
    |icmp_ln59_reg_4019                    |    1|   0|    1|          0|
    |icmp_ln70_reg_3920                    |    1|   0|    1|          0|
    |icmp_ln73_2_reg_3941                  |    1|   0|    1|          0|
    |icmp_ln73_reg_3936                    |    1|   0|    1|          0|
    |in_AOV_1_reg_3839                     |   32|   0|   32|          0|
    |in_AOV_2_reg_3847                     |   32|   0|   32|          0|
    |in_AOV_3_reg_3855                     |   32|   0|   32|          0|
    |in_AOV_4_reg_3863                     |   32|   0|   32|          0|
    |in_AOV_5_reg_3871                     |   32|   0|   32|          0|
    |in_AOV_6_reg_3879                     |   32|   0|   32|          0|
    |in_AOV_7_reg_3887                     |   32|   0|   32|          0|
    |in_AOV_reg_3831                       |   32|   0|   32|          0|
    |in_checkId_V_reg_3813                 |    8|   0|    8|          0|
    |in_command_reg_3825                   |    8|   0|    8|          0|
    |j_reg_875                             |   64|   0|   64|          0|
    |loop_index_reg_829                    |    4|   0|    4|          0|
    |n_regions_V_reg_3954                  |    8|   0|    8|          0|
    |out_AOV_load_1_reg_4064               |   32|   0|   32|          0|
    |out_AOV_load_2_reg_4069               |   32|   0|   32|          0|
    |out_AOV_load_3_reg_4074               |   32|   0|   32|          0|
    |out_AOV_load_4_reg_4079               |   32|   0|   32|          0|
    |out_AOV_load_5_reg_4084               |   32|   0|   32|          0|
    |out_AOV_load_reg_4059                 |   32|   0|   32|          0|
    |p_ZL9n_regions_0_loc_fu_678           |    8|   0|    8|          0|
    |p_ZL9n_regions_0_o_preg               |    8|   0|    8|          0|
    |p_ZL9n_regions_10_loc_fu_638          |    8|   0|    8|          0|
    |p_ZL9n_regions_10_o_preg              |    8|   0|    8|          0|
    |p_ZL9n_regions_11_loc_fu_634          |    8|   0|    8|          0|
    |p_ZL9n_regions_11_o_preg              |    8|   0|    8|          0|
    |p_ZL9n_regions_12_loc_fu_630          |    8|   0|    8|          0|
    |p_ZL9n_regions_12_o_preg              |    8|   0|    8|          0|
    |p_ZL9n_regions_13_loc_fu_626          |    8|   0|    8|          0|
    |p_ZL9n_regions_13_o_preg              |    8|   0|    8|          0|
    |p_ZL9n_regions_14_loc_fu_622          |    8|   0|    8|          0|
    |p_ZL9n_regions_14_o_preg              |    8|   0|    8|          0|
    |p_ZL9n_regions_15_loc_fu_618          |    8|   0|    8|          0|
    |p_ZL9n_regions_15_o_preg              |    8|   0|    8|          0|
    |p_ZL9n_regions_16_loc_fu_614          |    8|   0|    8|          0|
    |p_ZL9n_regions_16_o_preg              |    8|   0|    8|          0|
    |p_ZL9n_regions_17_loc_fu_610          |    8|   0|    8|          0|
    |p_ZL9n_regions_17_o_preg              |    8|   0|    8|          0|
    |p_ZL9n_regions_18_loc_fu_606          |    8|   0|    8|          0|
    |p_ZL9n_regions_18_o_preg              |    8|   0|    8|          0|
    |p_ZL9n_regions_19_loc_fu_602          |    8|   0|    8|          0|
    |p_ZL9n_regions_19_o_preg              |    8|   0|    8|          0|
    |p_ZL9n_regions_1_loc_fu_674           |    8|   0|    8|          0|
    |p_ZL9n_regions_1_o_preg               |    8|   0|    8|          0|
    |p_ZL9n_regions_20_loc_fu_598          |    8|   0|    8|          0|
    |p_ZL9n_regions_20_o_preg              |    8|   0|    8|          0|
    |p_ZL9n_regions_21_loc_fu_594          |    8|   0|    8|          0|
    |p_ZL9n_regions_21_o_preg              |    8|   0|    8|          0|
    |p_ZL9n_regions_22_loc_fu_590          |    8|   0|    8|          0|
    |p_ZL9n_regions_22_o_preg              |    8|   0|    8|          0|
    |p_ZL9n_regions_23_loc_fu_586          |    8|   0|    8|          0|
    |p_ZL9n_regions_23_o_preg              |    8|   0|    8|          0|
    |p_ZL9n_regions_24_loc_fu_582          |    8|   0|    8|          0|
    |p_ZL9n_regions_24_o_preg              |    8|   0|    8|          0|
    |p_ZL9n_regions_25_loc_fu_578          |    8|   0|    8|          0|
    |p_ZL9n_regions_25_o_preg              |    8|   0|    8|          0|
    |p_ZL9n_regions_26_loc_fu_574          |    8|   0|    8|          0|
    |p_ZL9n_regions_26_o_preg              |    8|   0|    8|          0|
    |p_ZL9n_regions_27_loc_fu_570          |    8|   0|    8|          0|
    |p_ZL9n_regions_27_o_preg              |    8|   0|    8|          0|
    |p_ZL9n_regions_28_loc_fu_566          |    8|   0|    8|          0|
    |p_ZL9n_regions_28_o_preg              |    8|   0|    8|          0|
    |p_ZL9n_regions_29_loc_fu_562          |    8|   0|    8|          0|
    |p_ZL9n_regions_29_o_preg              |    8|   0|    8|          0|
    |p_ZL9n_regions_2_loc_fu_670           |    8|   0|    8|          0|
    |p_ZL9n_regions_2_o_preg               |    8|   0|    8|          0|
    |p_ZL9n_regions_30_loc_fu_558          |    8|   0|    8|          0|
    |p_ZL9n_regions_30_o_preg              |    8|   0|    8|          0|
    |p_ZL9n_regions_31_loc_fu_554          |    8|   0|    8|          0|
    |p_ZL9n_regions_31_o_preg              |    8|   0|    8|          0|
    |p_ZL9n_regions_32_loc_fu_550          |    8|   0|    8|          0|
    |p_ZL9n_regions_32_o_preg              |    8|   0|    8|          0|
    |p_ZL9n_regions_33_loc_fu_546          |    8|   0|    8|          0|
    |p_ZL9n_regions_33_o_preg              |    8|   0|    8|          0|
    |p_ZL9n_regions_34_loc_fu_542          |    8|   0|    8|          0|
    |p_ZL9n_regions_34_o_preg              |    8|   0|    8|          0|
    |p_ZL9n_regions_35_loc_fu_538          |    8|   0|    8|          0|
    |p_ZL9n_regions_35_o_preg              |    8|   0|    8|          0|
    |p_ZL9n_regions_36_loc_fu_534          |    8|   0|    8|          0|
    |p_ZL9n_regions_36_o_preg              |    8|   0|    8|          0|
    |p_ZL9n_regions_37_loc_fu_530          |    8|   0|    8|          0|
    |p_ZL9n_regions_37_o_preg              |    8|   0|    8|          0|
    |p_ZL9n_regions_38_loc_fu_526          |    8|   0|    8|          0|
    |p_ZL9n_regions_38_o_preg              |    8|   0|    8|          0|
    |p_ZL9n_regions_39_loc_fu_522          |    8|   0|    8|          0|
    |p_ZL9n_regions_39_o_preg              |    8|   0|    8|          0|
    |p_ZL9n_regions_3_loc_fu_666           |    8|   0|    8|          0|
    |p_ZL9n_regions_3_o_preg               |    8|   0|    8|          0|
    |p_ZL9n_regions_40_loc_fu_518          |    8|   0|    8|          0|
    |p_ZL9n_regions_40_o_preg              |    8|   0|    8|          0|
    |p_ZL9n_regions_41_loc_fu_514          |    8|   0|    8|          0|
    |p_ZL9n_regions_41_o_preg              |    8|   0|    8|          0|
    |p_ZL9n_regions_42_loc_fu_510          |    8|   0|    8|          0|
    |p_ZL9n_regions_42_o_preg              |    8|   0|    8|          0|
    |p_ZL9n_regions_43_loc_fu_506          |    8|   0|    8|          0|
    |p_ZL9n_regions_43_o_preg              |    8|   0|    8|          0|
    |p_ZL9n_regions_44_loc_fu_502          |    8|   0|    8|          0|
    |p_ZL9n_regions_44_o_preg              |    8|   0|    8|          0|
    |p_ZL9n_regions_45_loc_fu_498          |    8|   0|    8|          0|
    |p_ZL9n_regions_45_o_preg              |    8|   0|    8|          0|
    |p_ZL9n_regions_46_loc_fu_494          |    8|   0|    8|          0|
    |p_ZL9n_regions_46_o_preg              |    8|   0|    8|          0|
    |p_ZL9n_regions_47_loc_fu_490          |    8|   0|    8|          0|
    |p_ZL9n_regions_47_o_preg              |    8|   0|    8|          0|
    |p_ZL9n_regions_48_loc_fu_486          |    8|   0|    8|          0|
    |p_ZL9n_regions_48_o_preg              |    8|   0|    8|          0|
    |p_ZL9n_regions_49_loc_fu_482          |    8|   0|    8|          0|
    |p_ZL9n_regions_49_o_preg              |    8|   0|    8|          0|
    |p_ZL9n_regions_4_loc_fu_662           |    8|   0|    8|          0|
    |p_ZL9n_regions_4_o_preg               |    8|   0|    8|          0|
    |p_ZL9n_regions_50_loc_fu_478          |    8|   0|    8|          0|
    |p_ZL9n_regions_50_o_preg              |    8|   0|    8|          0|
    |p_ZL9n_regions_51_loc_fu_474          |    8|   0|    8|          0|
    |p_ZL9n_regions_51_o_preg              |    8|   0|    8|          0|
    |p_ZL9n_regions_52_loc_fu_470          |    8|   0|    8|          0|
    |p_ZL9n_regions_52_o_preg              |    8|   0|    8|          0|
    |p_ZL9n_regions_53_loc_fu_466          |    8|   0|    8|          0|
    |p_ZL9n_regions_53_o_preg              |    8|   0|    8|          0|
    |p_ZL9n_regions_54_loc_fu_462          |    8|   0|    8|          0|
    |p_ZL9n_regions_54_o_preg              |    8|   0|    8|          0|
    |p_ZL9n_regions_55_loc_fu_458          |    8|   0|    8|          0|
    |p_ZL9n_regions_55_o_preg              |    8|   0|    8|          0|
    |p_ZL9n_regions_56_loc_fu_454          |    8|   0|    8|          0|
    |p_ZL9n_regions_56_o_preg              |    8|   0|    8|          0|
    |p_ZL9n_regions_57_loc_fu_450          |    8|   0|    8|          0|
    |p_ZL9n_regions_57_o_preg              |    8|   0|    8|          0|
    |p_ZL9n_regions_58_loc_fu_446          |    8|   0|    8|          0|
    |p_ZL9n_regions_58_o_preg              |    8|   0|    8|          0|
    |p_ZL9n_regions_59_loc_fu_442          |    8|   0|    8|          0|
    |p_ZL9n_regions_59_o_preg              |    8|   0|    8|          0|
    |p_ZL9n_regions_5_loc_fu_658           |    8|   0|    8|          0|
    |p_ZL9n_regions_5_o_preg               |    8|   0|    8|          0|
    |p_ZL9n_regions_60_loc_fu_438          |    8|   0|    8|          0|
    |p_ZL9n_regions_60_o_preg              |    8|   0|    8|          0|
    |p_ZL9n_regions_61_loc_fu_434          |    8|   0|    8|          0|
    |p_ZL9n_regions_61_o_preg              |    8|   0|    8|          0|
    |p_ZL9n_regions_62_loc_fu_430          |    8|   0|    8|          0|
    |p_ZL9n_regions_62_o_preg              |    8|   0|    8|          0|
    |p_ZL9n_regions_63_loc_fu_426          |    8|   0|    8|          0|
    |p_ZL9n_regions_63_o_preg              |    8|   0|    8|          0|
    |p_ZL9n_regions_6_loc_fu_654           |    8|   0|    8|          0|
    |p_ZL9n_regions_6_o_preg               |    8|   0|    8|          0|
    |p_ZL9n_regions_7_loc_fu_650           |    8|   0|    8|          0|
    |p_ZL9n_regions_7_o_preg               |    8|   0|    8|          0|
    |p_ZL9n_regions_8_loc_fu_646           |    8|   0|    8|          0|
    |p_ZL9n_regions_8_o_preg               |    8|   0|    8|          0|
    |p_ZL9n_regions_9_loc_fu_642           |    8|   0|    8|          0|
    |p_ZL9n_regions_9_o_preg               |    8|   0|    8|          0|
    |regions_2_addr_reg_3993               |   12|   0|   12|          0|
    |regions_3_addr_reg_3998               |   12|   0|   12|          0|
    |shl_ln59_reg_3978                     |    9|   0|   12|          3|
    |sourceStream_read_reg_3807            |  320|   0|  320|          0|
    |tmp_100_reg_4003                      |   32|   0|   32|          0|
    |tmp_141_reg_4054                      |   24|   0|   24|          0|
    |trunc_ln1073_reg_3963                 |    1|   0|    1|          0|
    |trunc_ln145_s_reg_3820                |    8|   0|    8|          0|
    |trunc_ln497_reg_3910                  |    6|   0|    6|          0|
    |vld_reg_851                           |    1|   0|    1|          0|
    |zext_ln488_reg_3949                   |    8|   0|   12|          4|
    +--------------------------------------+-----+----+-----+-----------+
    |Total                                 | 2116|   0| 2123|          7|
    +--------------------------------------+-----+----+-----+-----------+



================================================================
== Interface
================================================================
* Summary: 
+-----------------------------+-----+-----+--------------+-------------------+--------------+
|          RTL Ports          | Dir | Bits|   Protocol   |   Source Object   |    C Type    |
+-----------------------------+-----+-----+--------------+-------------------+--------------+
|ap_clk                       |   in|    1|  ap_ctrl_none|            compute|  return value|
|ap_rst                       |   in|    1|  ap_ctrl_none|            compute|  return value|
|ap_start                     |   in|    1|  ap_ctrl_none|            compute|  return value|
|ap_done                      |  out|    1|  ap_ctrl_none|            compute|  return value|
|ap_continue                  |   in|    1|  ap_ctrl_none|            compute|  return value|
|ap_idle                      |  out|    1|  ap_ctrl_none|            compute|  return value|
|ap_ready                     |  out|    1|  ap_ctrl_none|            compute|  return value|
|sourceStream_dout            |   in|  320|       ap_fifo|       sourceStream|       pointer|
|sourceStream_num_data_valid  |   in|    2|       ap_fifo|       sourceStream|       pointer|
|sourceStream_fifo_cap        |   in|    2|       ap_fifo|       sourceStream|       pointer|
|sourceStream_empty_n         |   in|    1|       ap_fifo|       sourceStream|       pointer|
|sourceStream_read            |  out|    1|       ap_fifo|       sourceStream|       pointer|
|destStream_din               |  out|  297|       ap_fifo|         destStream|       pointer|
|destStream_num_data_valid    |   in|    2|       ap_fifo|         destStream|       pointer|
|destStream_fifo_cap          |   in|    2|       ap_fifo|         destStream|       pointer|
|destStream_full_n            |   in|    1|       ap_fifo|         destStream|       pointer|
|destStream_write             |  out|    1|       ap_fifo|         destStream|       pointer|
|p_ZL9n_regions_0_i           |   in|    8|     ap_stable|   p_ZL9n_regions_0|       pointer|
|p_ZL9n_regions_0_o           |  out|    8|     ap_stable|   p_ZL9n_regions_0|       pointer|
|p_ZL9n_regions_1_i           |   in|    8|     ap_stable|   p_ZL9n_regions_1|       pointer|
|p_ZL9n_regions_1_o           |  out|    8|     ap_stable|   p_ZL9n_regions_1|       pointer|
|p_ZL9n_regions_2_i           |   in|    8|     ap_stable|   p_ZL9n_regions_2|       pointer|
|p_ZL9n_regions_2_o           |  out|    8|     ap_stable|   p_ZL9n_regions_2|       pointer|
|p_ZL9n_regions_3_i           |   in|    8|     ap_stable|   p_ZL9n_regions_3|       pointer|
|p_ZL9n_regions_3_o           |  out|    8|     ap_stable|   p_ZL9n_regions_3|       pointer|
|p_ZL9n_regions_4_i           |   in|    8|     ap_stable|   p_ZL9n_regions_4|       pointer|
|p_ZL9n_regions_4_o           |  out|    8|     ap_stable|   p_ZL9n_regions_4|       pointer|
|p_ZL9n_regions_5_i           |   in|    8|     ap_stable|   p_ZL9n_regions_5|       pointer|
|p_ZL9n_regions_5_o           |  out|    8|     ap_stable|   p_ZL9n_regions_5|       pointer|
|p_ZL9n_regions_6_i           |   in|    8|     ap_stable|   p_ZL9n_regions_6|       pointer|
|p_ZL9n_regions_6_o           |  out|    8|     ap_stable|   p_ZL9n_regions_6|       pointer|
|p_ZL9n_regions_7_i           |   in|    8|     ap_stable|   p_ZL9n_regions_7|       pointer|
|p_ZL9n_regions_7_o           |  out|    8|     ap_stable|   p_ZL9n_regions_7|       pointer|
|p_ZL9n_regions_8_i           |   in|    8|     ap_stable|   p_ZL9n_regions_8|       pointer|
|p_ZL9n_regions_8_o           |  out|    8|     ap_stable|   p_ZL9n_regions_8|       pointer|
|p_ZL9n_regions_9_i           |   in|    8|     ap_stable|   p_ZL9n_regions_9|       pointer|
|p_ZL9n_regions_9_o           |  out|    8|     ap_stable|   p_ZL9n_regions_9|       pointer|
|p_ZL9n_regions_10_i          |   in|    8|     ap_stable|  p_ZL9n_regions_10|       pointer|
|p_ZL9n_regions_10_o          |  out|    8|     ap_stable|  p_ZL9n_regions_10|       pointer|
|p_ZL9n_regions_11_i          |   in|    8|     ap_stable|  p_ZL9n_regions_11|       pointer|
|p_ZL9n_regions_11_o          |  out|    8|     ap_stable|  p_ZL9n_regions_11|       pointer|
|p_ZL9n_regions_12_i          |   in|    8|     ap_stable|  p_ZL9n_regions_12|       pointer|
|p_ZL9n_regions_12_o          |  out|    8|     ap_stable|  p_ZL9n_regions_12|       pointer|
|p_ZL9n_regions_13_i          |   in|    8|     ap_stable|  p_ZL9n_regions_13|       pointer|
|p_ZL9n_regions_13_o          |  out|    8|     ap_stable|  p_ZL9n_regions_13|       pointer|
|p_ZL9n_regions_14_i          |   in|    8|     ap_stable|  p_ZL9n_regions_14|       pointer|
|p_ZL9n_regions_14_o          |  out|    8|     ap_stable|  p_ZL9n_regions_14|       pointer|
|p_ZL9n_regions_15_i          |   in|    8|     ap_stable|  p_ZL9n_regions_15|       pointer|
|p_ZL9n_regions_15_o          |  out|    8|     ap_stable|  p_ZL9n_regions_15|       pointer|
|p_ZL9n_regions_16_i          |   in|    8|     ap_stable|  p_ZL9n_regions_16|       pointer|
|p_ZL9n_regions_16_o          |  out|    8|     ap_stable|  p_ZL9n_regions_16|       pointer|
|p_ZL9n_regions_17_i          |   in|    8|     ap_stable|  p_ZL9n_regions_17|       pointer|
|p_ZL9n_regions_17_o          |  out|    8|     ap_stable|  p_ZL9n_regions_17|       pointer|
|p_ZL9n_regions_18_i          |   in|    8|     ap_stable|  p_ZL9n_regions_18|       pointer|
|p_ZL9n_regions_18_o          |  out|    8|     ap_stable|  p_ZL9n_regions_18|       pointer|
|p_ZL9n_regions_19_i          |   in|    8|     ap_stable|  p_ZL9n_regions_19|       pointer|
|p_ZL9n_regions_19_o          |  out|    8|     ap_stable|  p_ZL9n_regions_19|       pointer|
|p_ZL9n_regions_20_i          |   in|    8|     ap_stable|  p_ZL9n_regions_20|       pointer|
|p_ZL9n_regions_20_o          |  out|    8|     ap_stable|  p_ZL9n_regions_20|       pointer|
|p_ZL9n_regions_21_i          |   in|    8|     ap_stable|  p_ZL9n_regions_21|       pointer|
|p_ZL9n_regions_21_o          |  out|    8|     ap_stable|  p_ZL9n_regions_21|       pointer|
|p_ZL9n_regions_22_i          |   in|    8|     ap_stable|  p_ZL9n_regions_22|       pointer|
|p_ZL9n_regions_22_o          |  out|    8|     ap_stable|  p_ZL9n_regions_22|       pointer|
|p_ZL9n_regions_23_i          |   in|    8|     ap_stable|  p_ZL9n_regions_23|       pointer|
|p_ZL9n_regions_23_o          |  out|    8|     ap_stable|  p_ZL9n_regions_23|       pointer|
|p_ZL9n_regions_24_i          |   in|    8|     ap_stable|  p_ZL9n_regions_24|       pointer|
|p_ZL9n_regions_24_o          |  out|    8|     ap_stable|  p_ZL9n_regions_24|       pointer|
|p_ZL9n_regions_25_i          |   in|    8|     ap_stable|  p_ZL9n_regions_25|       pointer|
|p_ZL9n_regions_25_o          |  out|    8|     ap_stable|  p_ZL9n_regions_25|       pointer|
|p_ZL9n_regions_26_i          |   in|    8|     ap_stable|  p_ZL9n_regions_26|       pointer|
|p_ZL9n_regions_26_o          |  out|    8|     ap_stable|  p_ZL9n_regions_26|       pointer|
|p_ZL9n_regions_27_i          |   in|    8|     ap_stable|  p_ZL9n_regions_27|       pointer|
|p_ZL9n_regions_27_o          |  out|    8|     ap_stable|  p_ZL9n_regions_27|       pointer|
|p_ZL9n_regions_28_i          |   in|    8|     ap_stable|  p_ZL9n_regions_28|       pointer|
|p_ZL9n_regions_28_o          |  out|    8|     ap_stable|  p_ZL9n_regions_28|       pointer|
|p_ZL9n_regions_29_i          |   in|    8|     ap_stable|  p_ZL9n_regions_29|       pointer|
|p_ZL9n_regions_29_o          |  out|    8|     ap_stable|  p_ZL9n_regions_29|       pointer|
|p_ZL9n_regions_30_i          |   in|    8|     ap_stable|  p_ZL9n_regions_30|       pointer|
|p_ZL9n_regions_30_o          |  out|    8|     ap_stable|  p_ZL9n_regions_30|       pointer|
|p_ZL9n_regions_31_i          |   in|    8|     ap_stable|  p_ZL9n_regions_31|       pointer|
|p_ZL9n_regions_31_o          |  out|    8|     ap_stable|  p_ZL9n_regions_31|       pointer|
|p_ZL9n_regions_32_i          |   in|    8|     ap_stable|  p_ZL9n_regions_32|       pointer|
|p_ZL9n_regions_32_o          |  out|    8|     ap_stable|  p_ZL9n_regions_32|       pointer|
|p_ZL9n_regions_33_i          |   in|    8|     ap_stable|  p_ZL9n_regions_33|       pointer|
|p_ZL9n_regions_33_o          |  out|    8|     ap_stable|  p_ZL9n_regions_33|       pointer|
|p_ZL9n_regions_34_i          |   in|    8|     ap_stable|  p_ZL9n_regions_34|       pointer|
|p_ZL9n_regions_34_o          |  out|    8|     ap_stable|  p_ZL9n_regions_34|       pointer|
|p_ZL9n_regions_35_i          |   in|    8|     ap_stable|  p_ZL9n_regions_35|       pointer|
|p_ZL9n_regions_35_o          |  out|    8|     ap_stable|  p_ZL9n_regions_35|       pointer|
|p_ZL9n_regions_36_i          |   in|    8|     ap_stable|  p_ZL9n_regions_36|       pointer|
|p_ZL9n_regions_36_o          |  out|    8|     ap_stable|  p_ZL9n_regions_36|       pointer|
|p_ZL9n_regions_37_i          |   in|    8|     ap_stable|  p_ZL9n_regions_37|       pointer|
|p_ZL9n_regions_37_o          |  out|    8|     ap_stable|  p_ZL9n_regions_37|       pointer|
|p_ZL9n_regions_38_i          |   in|    8|     ap_stable|  p_ZL9n_regions_38|       pointer|
|p_ZL9n_regions_38_o          |  out|    8|     ap_stable|  p_ZL9n_regions_38|       pointer|
|p_ZL9n_regions_39_i          |   in|    8|     ap_stable|  p_ZL9n_regions_39|       pointer|
|p_ZL9n_regions_39_o          |  out|    8|     ap_stable|  p_ZL9n_regions_39|       pointer|
|p_ZL9n_regions_40_i          |   in|    8|     ap_stable|  p_ZL9n_regions_40|       pointer|
|p_ZL9n_regions_40_o          |  out|    8|     ap_stable|  p_ZL9n_regions_40|       pointer|
|p_ZL9n_regions_41_i          |   in|    8|     ap_stable|  p_ZL9n_regions_41|       pointer|
|p_ZL9n_regions_41_o          |  out|    8|     ap_stable|  p_ZL9n_regions_41|       pointer|
|p_ZL9n_regions_42_i          |   in|    8|     ap_stable|  p_ZL9n_regions_42|       pointer|
|p_ZL9n_regions_42_o          |  out|    8|     ap_stable|  p_ZL9n_regions_42|       pointer|
|p_ZL9n_regions_43_i          |   in|    8|     ap_stable|  p_ZL9n_regions_43|       pointer|
|p_ZL9n_regions_43_o          |  out|    8|     ap_stable|  p_ZL9n_regions_43|       pointer|
|p_ZL9n_regions_44_i          |   in|    8|     ap_stable|  p_ZL9n_regions_44|       pointer|
|p_ZL9n_regions_44_o          |  out|    8|     ap_stable|  p_ZL9n_regions_44|       pointer|
|p_ZL9n_regions_45_i          |   in|    8|     ap_stable|  p_ZL9n_regions_45|       pointer|
|p_ZL9n_regions_45_o          |  out|    8|     ap_stable|  p_ZL9n_regions_45|       pointer|
|p_ZL9n_regions_46_i          |   in|    8|     ap_stable|  p_ZL9n_regions_46|       pointer|
|p_ZL9n_regions_46_o          |  out|    8|     ap_stable|  p_ZL9n_regions_46|       pointer|
|p_ZL9n_regions_47_i          |   in|    8|     ap_stable|  p_ZL9n_regions_47|       pointer|
|p_ZL9n_regions_47_o          |  out|    8|     ap_stable|  p_ZL9n_regions_47|       pointer|
|p_ZL9n_regions_48_i          |   in|    8|     ap_stable|  p_ZL9n_regions_48|       pointer|
|p_ZL9n_regions_48_o          |  out|    8|     ap_stable|  p_ZL9n_regions_48|       pointer|
|p_ZL9n_regions_49_i          |   in|    8|     ap_stable|  p_ZL9n_regions_49|       pointer|
|p_ZL9n_regions_49_o          |  out|    8|     ap_stable|  p_ZL9n_regions_49|       pointer|
|p_ZL9n_regions_50_i          |   in|    8|     ap_stable|  p_ZL9n_regions_50|       pointer|
|p_ZL9n_regions_50_o          |  out|    8|     ap_stable|  p_ZL9n_regions_50|       pointer|
|p_ZL9n_regions_51_i          |   in|    8|     ap_stable|  p_ZL9n_regions_51|       pointer|
|p_ZL9n_regions_51_o          |  out|    8|     ap_stable|  p_ZL9n_regions_51|       pointer|
|p_ZL9n_regions_52_i          |   in|    8|     ap_stable|  p_ZL9n_regions_52|       pointer|
|p_ZL9n_regions_52_o          |  out|    8|     ap_stable|  p_ZL9n_regions_52|       pointer|
|p_ZL9n_regions_53_i          |   in|    8|     ap_stable|  p_ZL9n_regions_53|       pointer|
|p_ZL9n_regions_53_o          |  out|    8|     ap_stable|  p_ZL9n_regions_53|       pointer|
|p_ZL9n_regions_54_i          |   in|    8|     ap_stable|  p_ZL9n_regions_54|       pointer|
|p_ZL9n_regions_54_o          |  out|    8|     ap_stable|  p_ZL9n_regions_54|       pointer|
|p_ZL9n_regions_55_i          |   in|    8|     ap_stable|  p_ZL9n_regions_55|       pointer|
|p_ZL9n_regions_55_o          |  out|    8|     ap_stable|  p_ZL9n_regions_55|       pointer|
|p_ZL9n_regions_56_i          |   in|    8|     ap_stable|  p_ZL9n_regions_56|       pointer|
|p_ZL9n_regions_56_o          |  out|    8|     ap_stable|  p_ZL9n_regions_56|       pointer|
|p_ZL9n_regions_57_i          |   in|    8|     ap_stable|  p_ZL9n_regions_57|       pointer|
|p_ZL9n_regions_57_o          |  out|    8|     ap_stable|  p_ZL9n_regions_57|       pointer|
|p_ZL9n_regions_58_i          |   in|    8|     ap_stable|  p_ZL9n_regions_58|       pointer|
|p_ZL9n_regions_58_o          |  out|    8|     ap_stable|  p_ZL9n_regions_58|       pointer|
|p_ZL9n_regions_59_i          |   in|    8|     ap_stable|  p_ZL9n_regions_59|       pointer|
|p_ZL9n_regions_59_o          |  out|    8|     ap_stable|  p_ZL9n_regions_59|       pointer|
|p_ZL9n_regions_60_i          |   in|    8|     ap_stable|  p_ZL9n_regions_60|       pointer|
|p_ZL9n_regions_60_o          |  out|    8|     ap_stable|  p_ZL9n_regions_60|       pointer|
|p_ZL9n_regions_61_i          |   in|    8|     ap_stable|  p_ZL9n_regions_61|       pointer|
|p_ZL9n_regions_61_o          |  out|    8|     ap_stable|  p_ZL9n_regions_61|       pointer|
|p_ZL9n_regions_62_i          |   in|    8|     ap_stable|  p_ZL9n_regions_62|       pointer|
|p_ZL9n_regions_62_o          |  out|    8|     ap_stable|  p_ZL9n_regions_62|       pointer|
|p_ZL9n_regions_63_i          |   in|    8|     ap_stable|  p_ZL9n_regions_63|       pointer|
|p_ZL9n_regions_63_o          |  out|    8|     ap_stable|  p_ZL9n_regions_63|       pointer|
|regions_address0             |  out|   12|     ap_stable|            regions|         array|
|regions_ce0                  |  out|    1|     ap_stable|            regions|         array|
|regions_we0                  |  out|    1|     ap_stable|            regions|         array|
|regions_d0                   |  out|   32|     ap_stable|            regions|         array|
|regions_q0                   |   in|   32|     ap_stable|            regions|         array|
|regions_address1             |  out|   12|     ap_stable|            regions|         array|
|regions_ce1                  |  out|    1|     ap_stable|            regions|         array|
|regions_we1                  |  out|    1|     ap_stable|            regions|         array|
|regions_d1                   |  out|   32|     ap_stable|            regions|         array|
|regions_q1                   |   in|   32|     ap_stable|            regions|         array|
|regions_1_address0           |  out|   12|     ap_stable|          regions_1|         array|
|regions_1_ce0                |  out|    1|     ap_stable|          regions_1|         array|
|regions_1_we0                |  out|    1|     ap_stable|          regions_1|         array|
|regions_1_d0                 |  out|   32|     ap_stable|          regions_1|         array|
|regions_1_q0                 |   in|   32|     ap_stable|          regions_1|         array|
|regions_1_address1           |  out|   12|     ap_stable|          regions_1|         array|
|regions_1_ce1                |  out|    1|     ap_stable|          regions_1|         array|
|regions_1_we1                |  out|    1|     ap_stable|          regions_1|         array|
|regions_1_d1                 |  out|   32|     ap_stable|          regions_1|         array|
|regions_1_q1                 |   in|   32|     ap_stable|          regions_1|         array|
|regions_2_address0           |  out|   12|     ap_stable|          regions_2|         array|
|regions_2_ce0                |  out|    1|     ap_stable|          regions_2|         array|
|regions_2_we0                |  out|    1|     ap_stable|          regions_2|         array|
|regions_2_d0                 |  out|   32|     ap_stable|          regions_2|         array|
|regions_2_q0                 |   in|   32|     ap_stable|          regions_2|         array|
|regions_2_address1           |  out|   12|     ap_stable|          regions_2|         array|
|regions_2_ce1                |  out|    1|     ap_stable|          regions_2|         array|
|regions_2_we1                |  out|    1|     ap_stable|          regions_2|         array|
|regions_2_d1                 |  out|   32|     ap_stable|          regions_2|         array|
|regions_2_q1                 |   in|   32|     ap_stable|          regions_2|         array|
|regions_3_address0           |  out|   12|     ap_stable|          regions_3|         array|
|regions_3_ce0                |  out|    1|     ap_stable|          regions_3|         array|
|regions_3_we0                |  out|    1|     ap_stable|          regions_3|         array|
|regions_3_d0                 |  out|   32|     ap_stable|          regions_3|         array|
|regions_3_q0                 |   in|   32|     ap_stable|          regions_3|         array|
|regions_3_address1           |  out|   12|     ap_stable|          regions_3|         array|
|regions_3_ce1                |  out|    1|     ap_stable|          regions_3|         array|
|regions_3_we1                |  out|    1|     ap_stable|          regions_3|         array|
|regions_3_d1                 |  out|   32|     ap_stable|          regions_3|         array|
|regions_3_q1                 |   in|   32|     ap_stable|          regions_3|         array|
|regions_4_address0           |  out|   12|     ap_stable|          regions_4|         array|
|regions_4_ce0                |  out|    1|     ap_stable|          regions_4|         array|
|regions_4_we0                |  out|    1|     ap_stable|          regions_4|         array|
|regions_4_d0                 |  out|   32|     ap_stable|          regions_4|         array|
|regions_4_q0                 |   in|   32|     ap_stable|          regions_4|         array|
|regions_4_address1           |  out|   12|     ap_stable|          regions_4|         array|
|regions_4_ce1                |  out|    1|     ap_stable|          regions_4|         array|
|regions_4_we1                |  out|    1|     ap_stable|          regions_4|         array|
|regions_4_d1                 |  out|   32|     ap_stable|          regions_4|         array|
|regions_4_q1                 |   in|   32|     ap_stable|          regions_4|         array|
|regions_5_address0           |  out|   12|     ap_stable|          regions_5|         array|
|regions_5_ce0                |  out|    1|     ap_stable|          regions_5|         array|
|regions_5_we0                |  out|    1|     ap_stable|          regions_5|         array|
|regions_5_d0                 |  out|   32|     ap_stable|          regions_5|         array|
|regions_5_q0                 |   in|   32|     ap_stable|          regions_5|         array|
|regions_5_address1           |  out|   12|     ap_stable|          regions_5|         array|
|regions_5_ce1                |  out|    1|     ap_stable|          regions_5|         array|
|regions_5_we1                |  out|    1|     ap_stable|          regions_5|         array|
|regions_5_d1                 |  out|   32|     ap_stable|          regions_5|         array|
|regions_5_q1                 |   in|   32|     ap_stable|          regions_5|         array|
+-----------------------------+-----+-----+--------------+-------------------+--------------+

