

================================================================
== Vitis HLS Report for 'entry_proc'
================================================================
* Date:           Mon Oct 17 15:14:57 2022

* Version:        2022.1 (Build 3526262 on Mon Apr 18 15:47:01 MDT 2022)
* Project:        detector_solid
* Solution:       solution2 (Vitis Kernel Flow Target)
* Product family: zynq
* Target device:  xc7z020-clg484-1


================================================================
== Performance Estimates
================================================================
+ Timing: 
    * Summary: 
    +--------+----------+----------+------------+
    |  Clock |  Target  | Estimated| Uncertainty|
    +--------+----------+----------+------------+
    |ap_clk  |  18.00 ns|  3.634 ns|     4.86 ns|
    +--------+----------+----------+------------+

+ Latency: 
    * Summary: 
    +---------+---------+----------+----------+-----+-----+---------+
    |  Latency (cycles) |  Latency (absolute) |  Interval | Pipeline|
    |   min   |   max   |    min   |    max   | min | max |   Type  |
    +---------+---------+----------+----------+-----+-----+---------+
    |        0|        0|      0 ns|      0 ns|    0|    0|       no|
    +---------+---------+----------+----------+-----+-----+---------+

    + Detail: 
        * Instance: 
        N/A

        * Loop: 
        N/A



================================================================
== Utilization Estimates
================================================================
* Summary: 
+-----------------+---------+-----+--------+-------+-----+
|       Name      | BRAM_18K| DSP |   FF   |  LUT  | URAM|
+-----------------+---------+-----+--------+-------+-----+
|DSP              |        -|    -|       -|      -|    -|
|Expression       |        -|    -|       0|      2|    -|
|FIFO             |        -|    -|       -|      -|    -|
|Instance         |        -|    -|       -|      -|    -|
|Memory           |        -|    -|       -|      -|    -|
|Multiplexer      |        -|    -|       -|    585|    -|
|Register         |        -|    -|       2|      -|    -|
+-----------------+---------+-----+--------+-------+-----+
|Total            |        0|    0|       2|    587|    0|
+-----------------+---------+-----+--------+-------+-----+
|Available        |      280|  220|  106400|  53200|    0|
+-----------------+---------+-----+--------+-------+-----+
|Utilization (%)  |        0|    0|      ~0|      1|    0|
+-----------------+---------+-----+--------+-------+-----+

+ Detail: 
    * Instance: 
    N/A

    * DSP: 
    N/A

    * Memory: 
    N/A

    * FIFO: 
    N/A

    * Expression: 
    +-----------------+----------+----+---+----+------------+------------+
    |  Variable Name  | Operation| DSP| FF| LUT| Bitwidth P0| Bitwidth P1|
    +-----------------+----------+----+---+----+------------+------------+
    |ap_block_state1  |        or|   0|  0|   2|           1|           1|
    +-----------------+----------+----+---+----+------------+------------+
    |Total            |          |   0|  0|   2|           1|           1|
    +-----------------+----------+----+---+----+------------+------------+

    * Multiplexer: 
    +------------------------------+----+-----------+-----+-----------+
    |             Name             | LUT| Input Size| Bits| Total Bits|
    +------------------------------+----+-----------+-----+-----------+
    |ap_done                       |   9|          2|    1|          2|
    |p_ZL9n_regions_0_in_c_blk_n   |   9|          2|    1|          2|
    |p_ZL9n_regions_10_in_c_blk_n  |   9|          2|    1|          2|
    |p_ZL9n_regions_11_in_c_blk_n  |   9|          2|    1|          2|
    |p_ZL9n_regions_12_in_c_blk_n  |   9|          2|    1|          2|
    |p_ZL9n_regions_13_in_c_blk_n  |   9|          2|    1|          2|
    |p_ZL9n_regions_14_in_c_blk_n  |   9|          2|    1|          2|
    |p_ZL9n_regions_15_in_c_blk_n  |   9|          2|    1|          2|
    |p_ZL9n_regions_16_in_c_blk_n  |   9|          2|    1|          2|
    |p_ZL9n_regions_17_in_c_blk_n  |   9|          2|    1|          2|
    |p_ZL9n_regions_18_in_c_blk_n  |   9|          2|    1|          2|
    |p_ZL9n_regions_19_in_c_blk_n  |   9|          2|    1|          2|
    |p_ZL9n_regions_1_in_c_blk_n   |   9|          2|    1|          2|
    |p_ZL9n_regions_20_in_c_blk_n  |   9|          2|    1|          2|
    |p_ZL9n_regions_21_in_c_blk_n  |   9|          2|    1|          2|
    |p_ZL9n_regions_22_in_c_blk_n  |   9|          2|    1|          2|
    |p_ZL9n_regions_23_in_c_blk_n  |   9|          2|    1|          2|
    |p_ZL9n_regions_24_in_c_blk_n  |   9|          2|    1|          2|
    |p_ZL9n_regions_25_in_c_blk_n  |   9|          2|    1|          2|
    |p_ZL9n_regions_26_in_c_blk_n  |   9|          2|    1|          2|
    |p_ZL9n_regions_27_in_c_blk_n  |   9|          2|    1|          2|
    |p_ZL9n_regions_28_in_c_blk_n  |   9|          2|    1|          2|
    |p_ZL9n_regions_29_in_c_blk_n  |   9|          2|    1|          2|
    |p_ZL9n_regions_2_in_c_blk_n   |   9|          2|    1|          2|
    |p_ZL9n_regions_30_in_c_blk_n  |   9|          2|    1|          2|
    |p_ZL9n_regions_31_in_c_blk_n  |   9|          2|    1|          2|
    |p_ZL9n_regions_32_in_c_blk_n  |   9|          2|    1|          2|
    |p_ZL9n_regions_33_in_c_blk_n  |   9|          2|    1|          2|
    |p_ZL9n_regions_34_in_c_blk_n  |   9|          2|    1|          2|
    |p_ZL9n_regions_35_in_c_blk_n  |   9|          2|    1|          2|
    |p_ZL9n_regions_36_in_c_blk_n  |   9|          2|    1|          2|
    |p_ZL9n_regions_37_in_c_blk_n  |   9|          2|    1|          2|
    |p_ZL9n_regions_38_in_c_blk_n  |   9|          2|    1|          2|
    |p_ZL9n_regions_39_in_c_blk_n  |   9|          2|    1|          2|
    |p_ZL9n_regions_3_in_c_blk_n   |   9|          2|    1|          2|
    |p_ZL9n_regions_40_in_c_blk_n  |   9|          2|    1|          2|
    |p_ZL9n_regions_41_in_c_blk_n  |   9|          2|    1|          2|
    |p_ZL9n_regions_42_in_c_blk_n  |   9|          2|    1|          2|
    |p_ZL9n_regions_43_in_c_blk_n  |   9|          2|    1|          2|
    |p_ZL9n_regions_44_in_c_blk_n  |   9|          2|    1|          2|
    |p_ZL9n_regions_45_in_c_blk_n  |   9|          2|    1|          2|
    |p_ZL9n_regions_46_in_c_blk_n  |   9|          2|    1|          2|
    |p_ZL9n_regions_47_in_c_blk_n  |   9|          2|    1|          2|
    |p_ZL9n_regions_48_in_c_blk_n  |   9|          2|    1|          2|
    |p_ZL9n_regions_49_in_c_blk_n  |   9|          2|    1|          2|
    |p_ZL9n_regions_4_in_c_blk_n   |   9|          2|    1|          2|
    |p_ZL9n_regions_50_in_c_blk_n  |   9|          2|    1|          2|
    |p_ZL9n_regions_51_in_c_blk_n  |   9|          2|    1|          2|
    |p_ZL9n_regions_52_in_c_blk_n  |   9|          2|    1|          2|
    |p_ZL9n_regions_53_in_c_blk_n  |   9|          2|    1|          2|
    |p_ZL9n_regions_54_in_c_blk_n  |   9|          2|    1|          2|
    |p_ZL9n_regions_55_in_c_blk_n  |   9|          2|    1|          2|
    |p_ZL9n_regions_56_in_c_blk_n  |   9|          2|    1|          2|
    |p_ZL9n_regions_57_in_c_blk_n  |   9|          2|    1|          2|
    |p_ZL9n_regions_58_in_c_blk_n  |   9|          2|    1|          2|
    |p_ZL9n_regions_59_in_c_blk_n  |   9|          2|    1|          2|
    |p_ZL9n_regions_5_in_c_blk_n   |   9|          2|    1|          2|
    |p_ZL9n_regions_60_in_c_blk_n  |   9|          2|    1|          2|
    |p_ZL9n_regions_61_in_c_blk_n  |   9|          2|    1|          2|
    |p_ZL9n_regions_62_in_c_blk_n  |   9|          2|    1|          2|
    |p_ZL9n_regions_63_in_c_blk_n  |   9|          2|    1|          2|
    |p_ZL9n_regions_6_in_c_blk_n   |   9|          2|    1|          2|
    |p_ZL9n_regions_7_in_c_blk_n   |   9|          2|    1|          2|
    |p_ZL9n_regions_8_in_c_blk_n   |   9|          2|    1|          2|
    |p_ZL9n_regions_9_in_c_blk_n   |   9|          2|    1|          2|
    +------------------------------+----+-----------+-----+-----------+
    |Total                         | 585|        130|   65|        130|
    +------------------------------+----+-----------+-----+-----------+

    * Register: 
    +-------------+---+----+-----+-----------+
    |     Name    | FF| LUT| Bits| Const Bits|
    +-------------+---+----+-----+-----------+
    |ap_CS_fsm    |  1|   0|    1|          0|
    |ap_done_reg  |  1|   0|    1|          0|
    +-------------+---+----+-----+-----------+
    |Total        |  2|   0|    2|          0|
    +-------------+---+----+-----+-----------+



================================================================
== Interface
================================================================
* Summary: 
+---------------------------------------+-----+-----+------------+------------------------+--------------+
|               RTL Ports               | Dir | Bits|  Protocol  |      Source Object     |    C Type    |
+---------------------------------------+-----+-----+------------+------------------------+--------------+
|ap_clk                                 |   in|    1|  ap_ctrl_hs|              entry_proc|  return value|
|ap_rst                                 |   in|    1|  ap_ctrl_hs|              entry_proc|  return value|
|ap_start                               |   in|    1|  ap_ctrl_hs|              entry_proc|  return value|
|ap_done                                |  out|    1|  ap_ctrl_hs|              entry_proc|  return value|
|ap_continue                            |   in|    1|  ap_ctrl_hs|              entry_proc|  return value|
|ap_idle                                |  out|    1|  ap_ctrl_hs|              entry_proc|  return value|
|ap_ready                               |  out|    1|  ap_ctrl_hs|              entry_proc|  return value|
|p_ZL9n_regions_0_in_c_din              |  out|    8|     ap_fifo|   p_ZL9n_regions_0_in_c|       pointer|
|p_ZL9n_regions_0_in_c_num_data_valid   |   in|    3|     ap_fifo|   p_ZL9n_regions_0_in_c|       pointer|
|p_ZL9n_regions_0_in_c_fifo_cap         |   in|    3|     ap_fifo|   p_ZL9n_regions_0_in_c|       pointer|
|p_ZL9n_regions_0_in_c_full_n           |   in|    1|     ap_fifo|   p_ZL9n_regions_0_in_c|       pointer|
|p_ZL9n_regions_0_in_c_write            |  out|    1|     ap_fifo|   p_ZL9n_regions_0_in_c|       pointer|
|p_ZL9n_regions_1_in_c_din              |  out|    8|     ap_fifo|   p_ZL9n_regions_1_in_c|       pointer|
|p_ZL9n_regions_1_in_c_num_data_valid   |   in|    3|     ap_fifo|   p_ZL9n_regions_1_in_c|       pointer|
|p_ZL9n_regions_1_in_c_fifo_cap         |   in|    3|     ap_fifo|   p_ZL9n_regions_1_in_c|       pointer|
|p_ZL9n_regions_1_in_c_full_n           |   in|    1|     ap_fifo|   p_ZL9n_regions_1_in_c|       pointer|
|p_ZL9n_regions_1_in_c_write            |  out|    1|     ap_fifo|   p_ZL9n_regions_1_in_c|       pointer|
|p_ZL9n_regions_10_in_c_din             |  out|    8|     ap_fifo|  p_ZL9n_regions_10_in_c|       pointer|
|p_ZL9n_regions_10_in_c_num_data_valid  |   in|    3|     ap_fifo|  p_ZL9n_regions_10_in_c|       pointer|
|p_ZL9n_regions_10_in_c_fifo_cap        |   in|    3|     ap_fifo|  p_ZL9n_regions_10_in_c|       pointer|
|p_ZL9n_regions_10_in_c_full_n          |   in|    1|     ap_fifo|  p_ZL9n_regions_10_in_c|       pointer|
|p_ZL9n_regions_10_in_c_write           |  out|    1|     ap_fifo|  p_ZL9n_regions_10_in_c|       pointer|
|p_ZL9n_regions_11_in_c_din             |  out|    8|     ap_fifo|  p_ZL9n_regions_11_in_c|       pointer|
|p_ZL9n_regions_11_in_c_num_data_valid  |   in|    3|     ap_fifo|  p_ZL9n_regions_11_in_c|       pointer|
|p_ZL9n_regions_11_in_c_fifo_cap        |   in|    3|     ap_fifo|  p_ZL9n_regions_11_in_c|       pointer|
|p_ZL9n_regions_11_in_c_full_n          |   in|    1|     ap_fifo|  p_ZL9n_regions_11_in_c|       pointer|
|p_ZL9n_regions_11_in_c_write           |  out|    1|     ap_fifo|  p_ZL9n_regions_11_in_c|       pointer|
|p_ZL9n_regions_12_in_c_din             |  out|    8|     ap_fifo|  p_ZL9n_regions_12_in_c|       pointer|
|p_ZL9n_regions_12_in_c_num_data_valid  |   in|    3|     ap_fifo|  p_ZL9n_regions_12_in_c|       pointer|
|p_ZL9n_regions_12_in_c_fifo_cap        |   in|    3|     ap_fifo|  p_ZL9n_regions_12_in_c|       pointer|
|p_ZL9n_regions_12_in_c_full_n          |   in|    1|     ap_fifo|  p_ZL9n_regions_12_in_c|       pointer|
|p_ZL9n_regions_12_in_c_write           |  out|    1|     ap_fifo|  p_ZL9n_regions_12_in_c|       pointer|
|p_ZL9n_regions_13_in_c_din             |  out|    8|     ap_fifo|  p_ZL9n_regions_13_in_c|       pointer|
|p_ZL9n_regions_13_in_c_num_data_valid  |   in|    3|     ap_fifo|  p_ZL9n_regions_13_in_c|       pointer|
|p_ZL9n_regions_13_in_c_fifo_cap        |   in|    3|     ap_fifo|  p_ZL9n_regions_13_in_c|       pointer|
|p_ZL9n_regions_13_in_c_full_n          |   in|    1|     ap_fifo|  p_ZL9n_regions_13_in_c|       pointer|
|p_ZL9n_regions_13_in_c_write           |  out|    1|     ap_fifo|  p_ZL9n_regions_13_in_c|       pointer|
|p_ZL9n_regions_14_in_c_din             |  out|    8|     ap_fifo|  p_ZL9n_regions_14_in_c|       pointer|
|p_ZL9n_regions_14_in_c_num_data_valid  |   in|    3|     ap_fifo|  p_ZL9n_regions_14_in_c|       pointer|
|p_ZL9n_regions_14_in_c_fifo_cap        |   in|    3|     ap_fifo|  p_ZL9n_regions_14_in_c|       pointer|
|p_ZL9n_regions_14_in_c_full_n          |   in|    1|     ap_fifo|  p_ZL9n_regions_14_in_c|       pointer|
|p_ZL9n_regions_14_in_c_write           |  out|    1|     ap_fifo|  p_ZL9n_regions_14_in_c|       pointer|
|p_ZL9n_regions_15_in_c_din             |  out|    8|     ap_fifo|  p_ZL9n_regions_15_in_c|       pointer|
|p_ZL9n_regions_15_in_c_num_data_valid  |   in|    3|     ap_fifo|  p_ZL9n_regions_15_in_c|       pointer|
|p_ZL9n_regions_15_in_c_fifo_cap        |   in|    3|     ap_fifo|  p_ZL9n_regions_15_in_c|       pointer|
|p_ZL9n_regions_15_in_c_full_n          |   in|    1|     ap_fifo|  p_ZL9n_regions_15_in_c|       pointer|
|p_ZL9n_regions_15_in_c_write           |  out|    1|     ap_fifo|  p_ZL9n_regions_15_in_c|       pointer|
|p_ZL9n_regions_16_in_c_din             |  out|    8|     ap_fifo|  p_ZL9n_regions_16_in_c|       pointer|
|p_ZL9n_regions_16_in_c_num_data_valid  |   in|    3|     ap_fifo|  p_ZL9n_regions_16_in_c|       pointer|
|p_ZL9n_regions_16_in_c_fifo_cap        |   in|    3|     ap_fifo|  p_ZL9n_regions_16_in_c|       pointer|
|p_ZL9n_regions_16_in_c_full_n          |   in|    1|     ap_fifo|  p_ZL9n_regions_16_in_c|       pointer|
|p_ZL9n_regions_16_in_c_write           |  out|    1|     ap_fifo|  p_ZL9n_regions_16_in_c|       pointer|
|p_ZL9n_regions_17_in_c_din             |  out|    8|     ap_fifo|  p_ZL9n_regions_17_in_c|       pointer|
|p_ZL9n_regions_17_in_c_num_data_valid  |   in|    3|     ap_fifo|  p_ZL9n_regions_17_in_c|       pointer|
|p_ZL9n_regions_17_in_c_fifo_cap        |   in|    3|     ap_fifo|  p_ZL9n_regions_17_in_c|       pointer|
|p_ZL9n_regions_17_in_c_full_n          |   in|    1|     ap_fifo|  p_ZL9n_regions_17_in_c|       pointer|
|p_ZL9n_regions_17_in_c_write           |  out|    1|     ap_fifo|  p_ZL9n_regions_17_in_c|       pointer|
|p_ZL9n_regions_18_in_c_din             |  out|    8|     ap_fifo|  p_ZL9n_regions_18_in_c|       pointer|
|p_ZL9n_regions_18_in_c_num_data_valid  |   in|    3|     ap_fifo|  p_ZL9n_regions_18_in_c|       pointer|
|p_ZL9n_regions_18_in_c_fifo_cap        |   in|    3|     ap_fifo|  p_ZL9n_regions_18_in_c|       pointer|
|p_ZL9n_regions_18_in_c_full_n          |   in|    1|     ap_fifo|  p_ZL9n_regions_18_in_c|       pointer|
|p_ZL9n_regions_18_in_c_write           |  out|    1|     ap_fifo|  p_ZL9n_regions_18_in_c|       pointer|
|p_ZL9n_regions_19_in_c_din             |  out|    8|     ap_fifo|  p_ZL9n_regions_19_in_c|       pointer|
|p_ZL9n_regions_19_in_c_num_data_valid  |   in|    3|     ap_fifo|  p_ZL9n_regions_19_in_c|       pointer|
|p_ZL9n_regions_19_in_c_fifo_cap        |   in|    3|     ap_fifo|  p_ZL9n_regions_19_in_c|       pointer|
|p_ZL9n_regions_19_in_c_full_n          |   in|    1|     ap_fifo|  p_ZL9n_regions_19_in_c|       pointer|
|p_ZL9n_regions_19_in_c_write           |  out|    1|     ap_fifo|  p_ZL9n_regions_19_in_c|       pointer|
|p_ZL9n_regions_2_in_c_din              |  out|    8|     ap_fifo|   p_ZL9n_regions_2_in_c|       pointer|
|p_ZL9n_regions_2_in_c_num_data_valid   |   in|    3|     ap_fifo|   p_ZL9n_regions_2_in_c|       pointer|
|p_ZL9n_regions_2_in_c_fifo_cap         |   in|    3|     ap_fifo|   p_ZL9n_regions_2_in_c|       pointer|
|p_ZL9n_regions_2_in_c_full_n           |   in|    1|     ap_fifo|   p_ZL9n_regions_2_in_c|       pointer|
|p_ZL9n_regions_2_in_c_write            |  out|    1|     ap_fifo|   p_ZL9n_regions_2_in_c|       pointer|
|p_ZL9n_regions_20_in_c_din             |  out|    8|     ap_fifo|  p_ZL9n_regions_20_in_c|       pointer|
|p_ZL9n_regions_20_in_c_num_data_valid  |   in|    3|     ap_fifo|  p_ZL9n_regions_20_in_c|       pointer|
|p_ZL9n_regions_20_in_c_fifo_cap        |   in|    3|     ap_fifo|  p_ZL9n_regions_20_in_c|       pointer|
|p_ZL9n_regions_20_in_c_full_n          |   in|    1|     ap_fifo|  p_ZL9n_regions_20_in_c|       pointer|
|p_ZL9n_regions_20_in_c_write           |  out|    1|     ap_fifo|  p_ZL9n_regions_20_in_c|       pointer|
|p_ZL9n_regions_21_in_c_din             |  out|    8|     ap_fifo|  p_ZL9n_regions_21_in_c|       pointer|
|p_ZL9n_regions_21_in_c_num_data_valid  |   in|    3|     ap_fifo|  p_ZL9n_regions_21_in_c|       pointer|
|p_ZL9n_regions_21_in_c_fifo_cap        |   in|    3|     ap_fifo|  p_ZL9n_regions_21_in_c|       pointer|
|p_ZL9n_regions_21_in_c_full_n          |   in|    1|     ap_fifo|  p_ZL9n_regions_21_in_c|       pointer|
|p_ZL9n_regions_21_in_c_write           |  out|    1|     ap_fifo|  p_ZL9n_regions_21_in_c|       pointer|
|p_ZL9n_regions_22_in_c_din             |  out|    8|     ap_fifo|  p_ZL9n_regions_22_in_c|       pointer|
|p_ZL9n_regions_22_in_c_num_data_valid  |   in|    3|     ap_fifo|  p_ZL9n_regions_22_in_c|       pointer|
|p_ZL9n_regions_22_in_c_fifo_cap        |   in|    3|     ap_fifo|  p_ZL9n_regions_22_in_c|       pointer|
|p_ZL9n_regions_22_in_c_full_n          |   in|    1|     ap_fifo|  p_ZL9n_regions_22_in_c|       pointer|
|p_ZL9n_regions_22_in_c_write           |  out|    1|     ap_fifo|  p_ZL9n_regions_22_in_c|       pointer|
|p_ZL9n_regions_23_in_c_din             |  out|    8|     ap_fifo|  p_ZL9n_regions_23_in_c|       pointer|
|p_ZL9n_regions_23_in_c_num_data_valid  |   in|    3|     ap_fifo|  p_ZL9n_regions_23_in_c|       pointer|
|p_ZL9n_regions_23_in_c_fifo_cap        |   in|    3|     ap_fifo|  p_ZL9n_regions_23_in_c|       pointer|
|p_ZL9n_regions_23_in_c_full_n          |   in|    1|     ap_fifo|  p_ZL9n_regions_23_in_c|       pointer|
|p_ZL9n_regions_23_in_c_write           |  out|    1|     ap_fifo|  p_ZL9n_regions_23_in_c|       pointer|
|p_ZL9n_regions_24_in_c_din             |  out|    8|     ap_fifo|  p_ZL9n_regions_24_in_c|       pointer|
|p_ZL9n_regions_24_in_c_num_data_valid  |   in|    3|     ap_fifo|  p_ZL9n_regions_24_in_c|       pointer|
|p_ZL9n_regions_24_in_c_fifo_cap        |   in|    3|     ap_fifo|  p_ZL9n_regions_24_in_c|       pointer|
|p_ZL9n_regions_24_in_c_full_n          |   in|    1|     ap_fifo|  p_ZL9n_regions_24_in_c|       pointer|
|p_ZL9n_regions_24_in_c_write           |  out|    1|     ap_fifo|  p_ZL9n_regions_24_in_c|       pointer|
|p_ZL9n_regions_25_in_c_din             |  out|    8|     ap_fifo|  p_ZL9n_regions_25_in_c|       pointer|
|p_ZL9n_regions_25_in_c_num_data_valid  |   in|    3|     ap_fifo|  p_ZL9n_regions_25_in_c|       pointer|
|p_ZL9n_regions_25_in_c_fifo_cap        |   in|    3|     ap_fifo|  p_ZL9n_regions_25_in_c|       pointer|
|p_ZL9n_regions_25_in_c_full_n          |   in|    1|     ap_fifo|  p_ZL9n_regions_25_in_c|       pointer|
|p_ZL9n_regions_25_in_c_write           |  out|    1|     ap_fifo|  p_ZL9n_regions_25_in_c|       pointer|
|p_ZL9n_regions_26_in_c_din             |  out|    8|     ap_fifo|  p_ZL9n_regions_26_in_c|       pointer|
|p_ZL9n_regions_26_in_c_num_data_valid  |   in|    3|     ap_fifo|  p_ZL9n_regions_26_in_c|       pointer|
|p_ZL9n_regions_26_in_c_fifo_cap        |   in|    3|     ap_fifo|  p_ZL9n_regions_26_in_c|       pointer|
|p_ZL9n_regions_26_in_c_full_n          |   in|    1|     ap_fifo|  p_ZL9n_regions_26_in_c|       pointer|
|p_ZL9n_regions_26_in_c_write           |  out|    1|     ap_fifo|  p_ZL9n_regions_26_in_c|       pointer|
|p_ZL9n_regions_27_in_c_din             |  out|    8|     ap_fifo|  p_ZL9n_regions_27_in_c|       pointer|
|p_ZL9n_regions_27_in_c_num_data_valid  |   in|    3|     ap_fifo|  p_ZL9n_regions_27_in_c|       pointer|
|p_ZL9n_regions_27_in_c_fifo_cap        |   in|    3|     ap_fifo|  p_ZL9n_regions_27_in_c|       pointer|
|p_ZL9n_regions_27_in_c_full_n          |   in|    1|     ap_fifo|  p_ZL9n_regions_27_in_c|       pointer|
|p_ZL9n_regions_27_in_c_write           |  out|    1|     ap_fifo|  p_ZL9n_regions_27_in_c|       pointer|
|p_ZL9n_regions_28_in_c_din             |  out|    8|     ap_fifo|  p_ZL9n_regions_28_in_c|       pointer|
|p_ZL9n_regions_28_in_c_num_data_valid  |   in|    3|     ap_fifo|  p_ZL9n_regions_28_in_c|       pointer|
|p_ZL9n_regions_28_in_c_fifo_cap        |   in|    3|     ap_fifo|  p_ZL9n_regions_28_in_c|       pointer|
|p_ZL9n_regions_28_in_c_full_n          |   in|    1|     ap_fifo|  p_ZL9n_regions_28_in_c|       pointer|
|p_ZL9n_regions_28_in_c_write           |  out|    1|     ap_fifo|  p_ZL9n_regions_28_in_c|       pointer|
|p_ZL9n_regions_29_in_c_din             |  out|    8|     ap_fifo|  p_ZL9n_regions_29_in_c|       pointer|
|p_ZL9n_regions_29_in_c_num_data_valid  |   in|    3|     ap_fifo|  p_ZL9n_regions_29_in_c|       pointer|
|p_ZL9n_regions_29_in_c_fifo_cap        |   in|    3|     ap_fifo|  p_ZL9n_regions_29_in_c|       pointer|
|p_ZL9n_regions_29_in_c_full_n          |   in|    1|     ap_fifo|  p_ZL9n_regions_29_in_c|       pointer|
|p_ZL9n_regions_29_in_c_write           |  out|    1|     ap_fifo|  p_ZL9n_regions_29_in_c|       pointer|
|p_ZL9n_regions_3_in_c_din              |  out|    8|     ap_fifo|   p_ZL9n_regions_3_in_c|       pointer|
|p_ZL9n_regions_3_in_c_num_data_valid   |   in|    3|     ap_fifo|   p_ZL9n_regions_3_in_c|       pointer|
|p_ZL9n_regions_3_in_c_fifo_cap         |   in|    3|     ap_fifo|   p_ZL9n_regions_3_in_c|       pointer|
|p_ZL9n_regions_3_in_c_full_n           |   in|    1|     ap_fifo|   p_ZL9n_regions_3_in_c|       pointer|
|p_ZL9n_regions_3_in_c_write            |  out|    1|     ap_fifo|   p_ZL9n_regions_3_in_c|       pointer|
|p_ZL9n_regions_30_in_c_din             |  out|    8|     ap_fifo|  p_ZL9n_regions_30_in_c|       pointer|
|p_ZL9n_regions_30_in_c_num_data_valid  |   in|    3|     ap_fifo|  p_ZL9n_regions_30_in_c|       pointer|
|p_ZL9n_regions_30_in_c_fifo_cap        |   in|    3|     ap_fifo|  p_ZL9n_regions_30_in_c|       pointer|
|p_ZL9n_regions_30_in_c_full_n          |   in|    1|     ap_fifo|  p_ZL9n_regions_30_in_c|       pointer|
|p_ZL9n_regions_30_in_c_write           |  out|    1|     ap_fifo|  p_ZL9n_regions_30_in_c|       pointer|
|p_ZL9n_regions_31_in_c_din             |  out|    8|     ap_fifo|  p_ZL9n_regions_31_in_c|       pointer|
|p_ZL9n_regions_31_in_c_num_data_valid  |   in|    3|     ap_fifo|  p_ZL9n_regions_31_in_c|       pointer|
|p_ZL9n_regions_31_in_c_fifo_cap        |   in|    3|     ap_fifo|  p_ZL9n_regions_31_in_c|       pointer|
|p_ZL9n_regions_31_in_c_full_n          |   in|    1|     ap_fifo|  p_ZL9n_regions_31_in_c|       pointer|
|p_ZL9n_regions_31_in_c_write           |  out|    1|     ap_fifo|  p_ZL9n_regions_31_in_c|       pointer|
|p_ZL9n_regions_32_in_c_din             |  out|    8|     ap_fifo|  p_ZL9n_regions_32_in_c|       pointer|
|p_ZL9n_regions_32_in_c_num_data_valid  |   in|    3|     ap_fifo|  p_ZL9n_regions_32_in_c|       pointer|
|p_ZL9n_regions_32_in_c_fifo_cap        |   in|    3|     ap_fifo|  p_ZL9n_regions_32_in_c|       pointer|
|p_ZL9n_regions_32_in_c_full_n          |   in|    1|     ap_fifo|  p_ZL9n_regions_32_in_c|       pointer|
|p_ZL9n_regions_32_in_c_write           |  out|    1|     ap_fifo|  p_ZL9n_regions_32_in_c|       pointer|
|p_ZL9n_regions_33_in_c_din             |  out|    8|     ap_fifo|  p_ZL9n_regions_33_in_c|       pointer|
|p_ZL9n_regions_33_in_c_num_data_valid  |   in|    3|     ap_fifo|  p_ZL9n_regions_33_in_c|       pointer|
|p_ZL9n_regions_33_in_c_fifo_cap        |   in|    3|     ap_fifo|  p_ZL9n_regions_33_in_c|       pointer|
|p_ZL9n_regions_33_in_c_full_n          |   in|    1|     ap_fifo|  p_ZL9n_regions_33_in_c|       pointer|
|p_ZL9n_regions_33_in_c_write           |  out|    1|     ap_fifo|  p_ZL9n_regions_33_in_c|       pointer|
|p_ZL9n_regions_34_in_c_din             |  out|    8|     ap_fifo|  p_ZL9n_regions_34_in_c|       pointer|
|p_ZL9n_regions_34_in_c_num_data_valid  |   in|    3|     ap_fifo|  p_ZL9n_regions_34_in_c|       pointer|
|p_ZL9n_regions_34_in_c_fifo_cap        |   in|    3|     ap_fifo|  p_ZL9n_regions_34_in_c|       pointer|
|p_ZL9n_regions_34_in_c_full_n          |   in|    1|     ap_fifo|  p_ZL9n_regions_34_in_c|       pointer|
|p_ZL9n_regions_34_in_c_write           |  out|    1|     ap_fifo|  p_ZL9n_regions_34_in_c|       pointer|
|p_ZL9n_regions_35_in_c_din             |  out|    8|     ap_fifo|  p_ZL9n_regions_35_in_c|       pointer|
|p_ZL9n_regions_35_in_c_num_data_valid  |   in|    3|     ap_fifo|  p_ZL9n_regions_35_in_c|       pointer|
|p_ZL9n_regions_35_in_c_fifo_cap        |   in|    3|     ap_fifo|  p_ZL9n_regions_35_in_c|       pointer|
|p_ZL9n_regions_35_in_c_full_n          |   in|    1|     ap_fifo|  p_ZL9n_regions_35_in_c|       pointer|
|p_ZL9n_regions_35_in_c_write           |  out|    1|     ap_fifo|  p_ZL9n_regions_35_in_c|       pointer|
|p_ZL9n_regions_36_in_c_din             |  out|    8|     ap_fifo|  p_ZL9n_regions_36_in_c|       pointer|
|p_ZL9n_regions_36_in_c_num_data_valid  |   in|    3|     ap_fifo|  p_ZL9n_regions_36_in_c|       pointer|
|p_ZL9n_regions_36_in_c_fifo_cap        |   in|    3|     ap_fifo|  p_ZL9n_regions_36_in_c|       pointer|
|p_ZL9n_regions_36_in_c_full_n          |   in|    1|     ap_fifo|  p_ZL9n_regions_36_in_c|       pointer|
|p_ZL9n_regions_36_in_c_write           |  out|    1|     ap_fifo|  p_ZL9n_regions_36_in_c|       pointer|
|p_ZL9n_regions_37_in_c_din             |  out|    8|     ap_fifo|  p_ZL9n_regions_37_in_c|       pointer|
|p_ZL9n_regions_37_in_c_num_data_valid  |   in|    3|     ap_fifo|  p_ZL9n_regions_37_in_c|       pointer|
|p_ZL9n_regions_37_in_c_fifo_cap        |   in|    3|     ap_fifo|  p_ZL9n_regions_37_in_c|       pointer|
|p_ZL9n_regions_37_in_c_full_n          |   in|    1|     ap_fifo|  p_ZL9n_regions_37_in_c|       pointer|
|p_ZL9n_regions_37_in_c_write           |  out|    1|     ap_fifo|  p_ZL9n_regions_37_in_c|       pointer|
|p_ZL9n_regions_38_in_c_din             |  out|    8|     ap_fifo|  p_ZL9n_regions_38_in_c|       pointer|
|p_ZL9n_regions_38_in_c_num_data_valid  |   in|    3|     ap_fifo|  p_ZL9n_regions_38_in_c|       pointer|
|p_ZL9n_regions_38_in_c_fifo_cap        |   in|    3|     ap_fifo|  p_ZL9n_regions_38_in_c|       pointer|
|p_ZL9n_regions_38_in_c_full_n          |   in|    1|     ap_fifo|  p_ZL9n_regions_38_in_c|       pointer|
|p_ZL9n_regions_38_in_c_write           |  out|    1|     ap_fifo|  p_ZL9n_regions_38_in_c|       pointer|
|p_ZL9n_regions_39_in_c_din             |  out|    8|     ap_fifo|  p_ZL9n_regions_39_in_c|       pointer|
|p_ZL9n_regions_39_in_c_num_data_valid  |   in|    3|     ap_fifo|  p_ZL9n_regions_39_in_c|       pointer|
|p_ZL9n_regions_39_in_c_fifo_cap        |   in|    3|     ap_fifo|  p_ZL9n_regions_39_in_c|       pointer|
|p_ZL9n_regions_39_in_c_full_n          |   in|    1|     ap_fifo|  p_ZL9n_regions_39_in_c|       pointer|
|p_ZL9n_regions_39_in_c_write           |  out|    1|     ap_fifo|  p_ZL9n_regions_39_in_c|       pointer|
|p_ZL9n_regions_4_in_c_din              |  out|    8|     ap_fifo|   p_ZL9n_regions_4_in_c|       pointer|
|p_ZL9n_regions_4_in_c_num_data_valid   |   in|    3|     ap_fifo|   p_ZL9n_regions_4_in_c|       pointer|
|p_ZL9n_regions_4_in_c_fifo_cap         |   in|    3|     ap_fifo|   p_ZL9n_regions_4_in_c|       pointer|
|p_ZL9n_regions_4_in_c_full_n           |   in|    1|     ap_fifo|   p_ZL9n_regions_4_in_c|       pointer|
|p_ZL9n_regions_4_in_c_write            |  out|    1|     ap_fifo|   p_ZL9n_regions_4_in_c|       pointer|
|p_ZL9n_regions_40_in_c_din             |  out|    8|     ap_fifo|  p_ZL9n_regions_40_in_c|       pointer|
|p_ZL9n_regions_40_in_c_num_data_valid  |   in|    3|     ap_fifo|  p_ZL9n_regions_40_in_c|       pointer|
|p_ZL9n_regions_40_in_c_fifo_cap        |   in|    3|     ap_fifo|  p_ZL9n_regions_40_in_c|       pointer|
|p_ZL9n_regions_40_in_c_full_n          |   in|    1|     ap_fifo|  p_ZL9n_regions_40_in_c|       pointer|
|p_ZL9n_regions_40_in_c_write           |  out|    1|     ap_fifo|  p_ZL9n_regions_40_in_c|       pointer|
|p_ZL9n_regions_41_in_c_din             |  out|    8|     ap_fifo|  p_ZL9n_regions_41_in_c|       pointer|
|p_ZL9n_regions_41_in_c_num_data_valid  |   in|    3|     ap_fifo|  p_ZL9n_regions_41_in_c|       pointer|
|p_ZL9n_regions_41_in_c_fifo_cap        |   in|    3|     ap_fifo|  p_ZL9n_regions_41_in_c|       pointer|
|p_ZL9n_regions_41_in_c_full_n          |   in|    1|     ap_fifo|  p_ZL9n_regions_41_in_c|       pointer|
|p_ZL9n_regions_41_in_c_write           |  out|    1|     ap_fifo|  p_ZL9n_regions_41_in_c|       pointer|
|p_ZL9n_regions_42_in_c_din             |  out|    8|     ap_fifo|  p_ZL9n_regions_42_in_c|       pointer|
|p_ZL9n_regions_42_in_c_num_data_valid  |   in|    3|     ap_fifo|  p_ZL9n_regions_42_in_c|       pointer|
|p_ZL9n_regions_42_in_c_fifo_cap        |   in|    3|     ap_fifo|  p_ZL9n_regions_42_in_c|       pointer|
|p_ZL9n_regions_42_in_c_full_n          |   in|    1|     ap_fifo|  p_ZL9n_regions_42_in_c|       pointer|
|p_ZL9n_regions_42_in_c_write           |  out|    1|     ap_fifo|  p_ZL9n_regions_42_in_c|       pointer|
|p_ZL9n_regions_43_in_c_din             |  out|    8|     ap_fifo|  p_ZL9n_regions_43_in_c|       pointer|
|p_ZL9n_regions_43_in_c_num_data_valid  |   in|    3|     ap_fifo|  p_ZL9n_regions_43_in_c|       pointer|
|p_ZL9n_regions_43_in_c_fifo_cap        |   in|    3|     ap_fifo|  p_ZL9n_regions_43_in_c|       pointer|
|p_ZL9n_regions_43_in_c_full_n          |   in|    1|     ap_fifo|  p_ZL9n_regions_43_in_c|       pointer|
|p_ZL9n_regions_43_in_c_write           |  out|    1|     ap_fifo|  p_ZL9n_regions_43_in_c|       pointer|
|p_ZL9n_regions_44_in_c_din             |  out|    8|     ap_fifo|  p_ZL9n_regions_44_in_c|       pointer|
|p_ZL9n_regions_44_in_c_num_data_valid  |   in|    3|     ap_fifo|  p_ZL9n_regions_44_in_c|       pointer|
|p_ZL9n_regions_44_in_c_fifo_cap        |   in|    3|     ap_fifo|  p_ZL9n_regions_44_in_c|       pointer|
|p_ZL9n_regions_44_in_c_full_n          |   in|    1|     ap_fifo|  p_ZL9n_regions_44_in_c|       pointer|
|p_ZL9n_regions_44_in_c_write           |  out|    1|     ap_fifo|  p_ZL9n_regions_44_in_c|       pointer|
|p_ZL9n_regions_45_in_c_din             |  out|    8|     ap_fifo|  p_ZL9n_regions_45_in_c|       pointer|
|p_ZL9n_regions_45_in_c_num_data_valid  |   in|    3|     ap_fifo|  p_ZL9n_regions_45_in_c|       pointer|
|p_ZL9n_regions_45_in_c_fifo_cap        |   in|    3|     ap_fifo|  p_ZL9n_regions_45_in_c|       pointer|
|p_ZL9n_regions_45_in_c_full_n          |   in|    1|     ap_fifo|  p_ZL9n_regions_45_in_c|       pointer|
|p_ZL9n_regions_45_in_c_write           |  out|    1|     ap_fifo|  p_ZL9n_regions_45_in_c|       pointer|
|p_ZL9n_regions_46_in_c_din             |  out|    8|     ap_fifo|  p_ZL9n_regions_46_in_c|       pointer|
|p_ZL9n_regions_46_in_c_num_data_valid  |   in|    3|     ap_fifo|  p_ZL9n_regions_46_in_c|       pointer|
|p_ZL9n_regions_46_in_c_fifo_cap        |   in|    3|     ap_fifo|  p_ZL9n_regions_46_in_c|       pointer|
|p_ZL9n_regions_46_in_c_full_n          |   in|    1|     ap_fifo|  p_ZL9n_regions_46_in_c|       pointer|
|p_ZL9n_regions_46_in_c_write           |  out|    1|     ap_fifo|  p_ZL9n_regions_46_in_c|       pointer|
|p_ZL9n_regions_47_in_c_din             |  out|    8|     ap_fifo|  p_ZL9n_regions_47_in_c|       pointer|
|p_ZL9n_regions_47_in_c_num_data_valid  |   in|    3|     ap_fifo|  p_ZL9n_regions_47_in_c|       pointer|
|p_ZL9n_regions_47_in_c_fifo_cap        |   in|    3|     ap_fifo|  p_ZL9n_regions_47_in_c|       pointer|
|p_ZL9n_regions_47_in_c_full_n          |   in|    1|     ap_fifo|  p_ZL9n_regions_47_in_c|       pointer|
|p_ZL9n_regions_47_in_c_write           |  out|    1|     ap_fifo|  p_ZL9n_regions_47_in_c|       pointer|
|p_ZL9n_regions_48_in_c_din             |  out|    8|     ap_fifo|  p_ZL9n_regions_48_in_c|       pointer|
|p_ZL9n_regions_48_in_c_num_data_valid  |   in|    3|     ap_fifo|  p_ZL9n_regions_48_in_c|       pointer|
|p_ZL9n_regions_48_in_c_fifo_cap        |   in|    3|     ap_fifo|  p_ZL9n_regions_48_in_c|       pointer|
|p_ZL9n_regions_48_in_c_full_n          |   in|    1|     ap_fifo|  p_ZL9n_regions_48_in_c|       pointer|
|p_ZL9n_regions_48_in_c_write           |  out|    1|     ap_fifo|  p_ZL9n_regions_48_in_c|       pointer|
|p_ZL9n_regions_49_in_c_din             |  out|    8|     ap_fifo|  p_ZL9n_regions_49_in_c|       pointer|
|p_ZL9n_regions_49_in_c_num_data_valid  |   in|    3|     ap_fifo|  p_ZL9n_regions_49_in_c|       pointer|
|p_ZL9n_regions_49_in_c_fifo_cap        |   in|    3|     ap_fifo|  p_ZL9n_regions_49_in_c|       pointer|
|p_ZL9n_regions_49_in_c_full_n          |   in|    1|     ap_fifo|  p_ZL9n_regions_49_in_c|       pointer|
|p_ZL9n_regions_49_in_c_write           |  out|    1|     ap_fifo|  p_ZL9n_regions_49_in_c|       pointer|
|p_ZL9n_regions_5_in_c_din              |  out|    8|     ap_fifo|   p_ZL9n_regions_5_in_c|       pointer|
|p_ZL9n_regions_5_in_c_num_data_valid   |   in|    3|     ap_fifo|   p_ZL9n_regions_5_in_c|       pointer|
|p_ZL9n_regions_5_in_c_fifo_cap         |   in|    3|     ap_fifo|   p_ZL9n_regions_5_in_c|       pointer|
|p_ZL9n_regions_5_in_c_full_n           |   in|    1|     ap_fifo|   p_ZL9n_regions_5_in_c|       pointer|
|p_ZL9n_regions_5_in_c_write            |  out|    1|     ap_fifo|   p_ZL9n_regions_5_in_c|       pointer|
|p_ZL9n_regions_50_in_c_din             |  out|    8|     ap_fifo|  p_ZL9n_regions_50_in_c|       pointer|
|p_ZL9n_regions_50_in_c_num_data_valid  |   in|    3|     ap_fifo|  p_ZL9n_regions_50_in_c|       pointer|
|p_ZL9n_regions_50_in_c_fifo_cap        |   in|    3|     ap_fifo|  p_ZL9n_regions_50_in_c|       pointer|
|p_ZL9n_regions_50_in_c_full_n          |   in|    1|     ap_fifo|  p_ZL9n_regions_50_in_c|       pointer|
|p_ZL9n_regions_50_in_c_write           |  out|    1|     ap_fifo|  p_ZL9n_regions_50_in_c|       pointer|
|p_ZL9n_regions_51_in_c_din             |  out|    8|     ap_fifo|  p_ZL9n_regions_51_in_c|       pointer|
|p_ZL9n_regions_51_in_c_num_data_valid  |   in|    3|     ap_fifo|  p_ZL9n_regions_51_in_c|       pointer|
|p_ZL9n_regions_51_in_c_fifo_cap        |   in|    3|     ap_fifo|  p_ZL9n_regions_51_in_c|       pointer|
|p_ZL9n_regions_51_in_c_full_n          |   in|    1|     ap_fifo|  p_ZL9n_regions_51_in_c|       pointer|
|p_ZL9n_regions_51_in_c_write           |  out|    1|     ap_fifo|  p_ZL9n_regions_51_in_c|       pointer|
|p_ZL9n_regions_52_in_c_din             |  out|    8|     ap_fifo|  p_ZL9n_regions_52_in_c|       pointer|
|p_ZL9n_regions_52_in_c_num_data_valid  |   in|    3|     ap_fifo|  p_ZL9n_regions_52_in_c|       pointer|
|p_ZL9n_regions_52_in_c_fifo_cap        |   in|    3|     ap_fifo|  p_ZL9n_regions_52_in_c|       pointer|
|p_ZL9n_regions_52_in_c_full_n          |   in|    1|     ap_fifo|  p_ZL9n_regions_52_in_c|       pointer|
|p_ZL9n_regions_52_in_c_write           |  out|    1|     ap_fifo|  p_ZL9n_regions_52_in_c|       pointer|
|p_ZL9n_regions_53_in_c_din             |  out|    8|     ap_fifo|  p_ZL9n_regions_53_in_c|       pointer|
|p_ZL9n_regions_53_in_c_num_data_valid  |   in|    3|     ap_fifo|  p_ZL9n_regions_53_in_c|       pointer|
|p_ZL9n_regions_53_in_c_fifo_cap        |   in|    3|     ap_fifo|  p_ZL9n_regions_53_in_c|       pointer|
|p_ZL9n_regions_53_in_c_full_n          |   in|    1|     ap_fifo|  p_ZL9n_regions_53_in_c|       pointer|
|p_ZL9n_regions_53_in_c_write           |  out|    1|     ap_fifo|  p_ZL9n_regions_53_in_c|       pointer|
|p_ZL9n_regions_54_in_c_din             |  out|    8|     ap_fifo|  p_ZL9n_regions_54_in_c|       pointer|
|p_ZL9n_regions_54_in_c_num_data_valid  |   in|    3|     ap_fifo|  p_ZL9n_regions_54_in_c|       pointer|
|p_ZL9n_regions_54_in_c_fifo_cap        |   in|    3|     ap_fifo|  p_ZL9n_regions_54_in_c|       pointer|
|p_ZL9n_regions_54_in_c_full_n          |   in|    1|     ap_fifo|  p_ZL9n_regions_54_in_c|       pointer|
|p_ZL9n_regions_54_in_c_write           |  out|    1|     ap_fifo|  p_ZL9n_regions_54_in_c|       pointer|
|p_ZL9n_regions_55_in_c_din             |  out|    8|     ap_fifo|  p_ZL9n_regions_55_in_c|       pointer|
|p_ZL9n_regions_55_in_c_num_data_valid  |   in|    3|     ap_fifo|  p_ZL9n_regions_55_in_c|       pointer|
|p_ZL9n_regions_55_in_c_fifo_cap        |   in|    3|     ap_fifo|  p_ZL9n_regions_55_in_c|       pointer|
|p_ZL9n_regions_55_in_c_full_n          |   in|    1|     ap_fifo|  p_ZL9n_regions_55_in_c|       pointer|
|p_ZL9n_regions_55_in_c_write           |  out|    1|     ap_fifo|  p_ZL9n_regions_55_in_c|       pointer|
|p_ZL9n_regions_56_in_c_din             |  out|    8|     ap_fifo|  p_ZL9n_regions_56_in_c|       pointer|
|p_ZL9n_regions_56_in_c_num_data_valid  |   in|    3|     ap_fifo|  p_ZL9n_regions_56_in_c|       pointer|
|p_ZL9n_regions_56_in_c_fifo_cap        |   in|    3|     ap_fifo|  p_ZL9n_regions_56_in_c|       pointer|
|p_ZL9n_regions_56_in_c_full_n          |   in|    1|     ap_fifo|  p_ZL9n_regions_56_in_c|       pointer|
|p_ZL9n_regions_56_in_c_write           |  out|    1|     ap_fifo|  p_ZL9n_regions_56_in_c|       pointer|
|p_ZL9n_regions_57_in_c_din             |  out|    8|     ap_fifo|  p_ZL9n_regions_57_in_c|       pointer|
|p_ZL9n_regions_57_in_c_num_data_valid  |   in|    3|     ap_fifo|  p_ZL9n_regions_57_in_c|       pointer|
|p_ZL9n_regions_57_in_c_fifo_cap        |   in|    3|     ap_fifo|  p_ZL9n_regions_57_in_c|       pointer|
|p_ZL9n_regions_57_in_c_full_n          |   in|    1|     ap_fifo|  p_ZL9n_regions_57_in_c|       pointer|
|p_ZL9n_regions_57_in_c_write           |  out|    1|     ap_fifo|  p_ZL9n_regions_57_in_c|       pointer|
|p_ZL9n_regions_58_in_c_din             |  out|    8|     ap_fifo|  p_ZL9n_regions_58_in_c|       pointer|
|p_ZL9n_regions_58_in_c_num_data_valid  |   in|    3|     ap_fifo|  p_ZL9n_regions_58_in_c|       pointer|
|p_ZL9n_regions_58_in_c_fifo_cap        |   in|    3|     ap_fifo|  p_ZL9n_regions_58_in_c|       pointer|
|p_ZL9n_regions_58_in_c_full_n          |   in|    1|     ap_fifo|  p_ZL9n_regions_58_in_c|       pointer|
|p_ZL9n_regions_58_in_c_write           |  out|    1|     ap_fifo|  p_ZL9n_regions_58_in_c|       pointer|
|p_ZL9n_regions_59_in_c_din             |  out|    8|     ap_fifo|  p_ZL9n_regions_59_in_c|       pointer|
|p_ZL9n_regions_59_in_c_num_data_valid  |   in|    3|     ap_fifo|  p_ZL9n_regions_59_in_c|       pointer|
|p_ZL9n_regions_59_in_c_fifo_cap        |   in|    3|     ap_fifo|  p_ZL9n_regions_59_in_c|       pointer|
|p_ZL9n_regions_59_in_c_full_n          |   in|    1|     ap_fifo|  p_ZL9n_regions_59_in_c|       pointer|
|p_ZL9n_regions_59_in_c_write           |  out|    1|     ap_fifo|  p_ZL9n_regions_59_in_c|       pointer|
|p_ZL9n_regions_6_in_c_din              |  out|    8|     ap_fifo|   p_ZL9n_regions_6_in_c|       pointer|
|p_ZL9n_regions_6_in_c_num_data_valid   |   in|    3|     ap_fifo|   p_ZL9n_regions_6_in_c|       pointer|
|p_ZL9n_regions_6_in_c_fifo_cap         |   in|    3|     ap_fifo|   p_ZL9n_regions_6_in_c|       pointer|
|p_ZL9n_regions_6_in_c_full_n           |   in|    1|     ap_fifo|   p_ZL9n_regions_6_in_c|       pointer|
|p_ZL9n_regions_6_in_c_write            |  out|    1|     ap_fifo|   p_ZL9n_regions_6_in_c|       pointer|
|p_ZL9n_regions_60_in_c_din             |  out|    8|     ap_fifo|  p_ZL9n_regions_60_in_c|       pointer|
|p_ZL9n_regions_60_in_c_num_data_valid  |   in|    3|     ap_fifo|  p_ZL9n_regions_60_in_c|       pointer|
|p_ZL9n_regions_60_in_c_fifo_cap        |   in|    3|     ap_fifo|  p_ZL9n_regions_60_in_c|       pointer|
|p_ZL9n_regions_60_in_c_full_n          |   in|    1|     ap_fifo|  p_ZL9n_regions_60_in_c|       pointer|
|p_ZL9n_regions_60_in_c_write           |  out|    1|     ap_fifo|  p_ZL9n_regions_60_in_c|       pointer|
|p_ZL9n_regions_61_in_c_din             |  out|    8|     ap_fifo|  p_ZL9n_regions_61_in_c|       pointer|
|p_ZL9n_regions_61_in_c_num_data_valid  |   in|    3|     ap_fifo|  p_ZL9n_regions_61_in_c|       pointer|
|p_ZL9n_regions_61_in_c_fifo_cap        |   in|    3|     ap_fifo|  p_ZL9n_regions_61_in_c|       pointer|
|p_ZL9n_regions_61_in_c_full_n          |   in|    1|     ap_fifo|  p_ZL9n_regions_61_in_c|       pointer|
|p_ZL9n_regions_61_in_c_write           |  out|    1|     ap_fifo|  p_ZL9n_regions_61_in_c|       pointer|
|p_ZL9n_regions_62_in_c_din             |  out|    8|     ap_fifo|  p_ZL9n_regions_62_in_c|       pointer|
|p_ZL9n_regions_62_in_c_num_data_valid  |   in|    3|     ap_fifo|  p_ZL9n_regions_62_in_c|       pointer|
|p_ZL9n_regions_62_in_c_fifo_cap        |   in|    3|     ap_fifo|  p_ZL9n_regions_62_in_c|       pointer|
|p_ZL9n_regions_62_in_c_full_n          |   in|    1|     ap_fifo|  p_ZL9n_regions_62_in_c|       pointer|
|p_ZL9n_regions_62_in_c_write           |  out|    1|     ap_fifo|  p_ZL9n_regions_62_in_c|       pointer|
|p_ZL9n_regions_63_in_c_din             |  out|    8|     ap_fifo|  p_ZL9n_regions_63_in_c|       pointer|
|p_ZL9n_regions_63_in_c_num_data_valid  |   in|    3|     ap_fifo|  p_ZL9n_regions_63_in_c|       pointer|
|p_ZL9n_regions_63_in_c_fifo_cap        |   in|    3|     ap_fifo|  p_ZL9n_regions_63_in_c|       pointer|
|p_ZL9n_regions_63_in_c_full_n          |   in|    1|     ap_fifo|  p_ZL9n_regions_63_in_c|       pointer|
|p_ZL9n_regions_63_in_c_write           |  out|    1|     ap_fifo|  p_ZL9n_regions_63_in_c|       pointer|
|p_ZL9n_regions_7_in_c_din              |  out|    8|     ap_fifo|   p_ZL9n_regions_7_in_c|       pointer|
|p_ZL9n_regions_7_in_c_num_data_valid   |   in|    3|     ap_fifo|   p_ZL9n_regions_7_in_c|       pointer|
|p_ZL9n_regions_7_in_c_fifo_cap         |   in|    3|     ap_fifo|   p_ZL9n_regions_7_in_c|       pointer|
|p_ZL9n_regions_7_in_c_full_n           |   in|    1|     ap_fifo|   p_ZL9n_regions_7_in_c|       pointer|
|p_ZL9n_regions_7_in_c_write            |  out|    1|     ap_fifo|   p_ZL9n_regions_7_in_c|       pointer|
|p_ZL9n_regions_8_in_c_din              |  out|    8|     ap_fifo|   p_ZL9n_regions_8_in_c|       pointer|
|p_ZL9n_regions_8_in_c_num_data_valid   |   in|    3|     ap_fifo|   p_ZL9n_regions_8_in_c|       pointer|
|p_ZL9n_regions_8_in_c_fifo_cap         |   in|    3|     ap_fifo|   p_ZL9n_regions_8_in_c|       pointer|
|p_ZL9n_regions_8_in_c_full_n           |   in|    1|     ap_fifo|   p_ZL9n_regions_8_in_c|       pointer|
|p_ZL9n_regions_8_in_c_write            |  out|    1|     ap_fifo|   p_ZL9n_regions_8_in_c|       pointer|
|p_ZL9n_regions_9_in_c_din              |  out|    8|     ap_fifo|   p_ZL9n_regions_9_in_c|       pointer|
|p_ZL9n_regions_9_in_c_num_data_valid   |   in|    3|     ap_fifo|   p_ZL9n_regions_9_in_c|       pointer|
|p_ZL9n_regions_9_in_c_fifo_cap         |   in|    3|     ap_fifo|   p_ZL9n_regions_9_in_c|       pointer|
|p_ZL9n_regions_9_in_c_full_n           |   in|    1|     ap_fifo|   p_ZL9n_regions_9_in_c|       pointer|
|p_ZL9n_regions_9_in_c_write            |  out|    1|     ap_fifo|   p_ZL9n_regions_9_in_c|       pointer|
|p_ZL9n_regions_9                       |   in|    8|     ap_none|        p_ZL9n_regions_9|       pointer|
|p_ZL9n_regions_8                       |   in|    8|     ap_none|        p_ZL9n_regions_8|       pointer|
|p_ZL9n_regions_7                       |   in|    8|     ap_none|        p_ZL9n_regions_7|       pointer|
|p_ZL9n_regions_63                      |   in|    8|     ap_none|       p_ZL9n_regions_63|       pointer|
|p_ZL9n_regions_62                      |   in|    8|     ap_none|       p_ZL9n_regions_62|       pointer|
|p_ZL9n_regions_61                      |   in|    8|     ap_none|       p_ZL9n_regions_61|       pointer|
|p_ZL9n_regions_60                      |   in|    8|     ap_none|       p_ZL9n_regions_60|       pointer|
|p_ZL9n_regions_6                       |   in|    8|     ap_none|        p_ZL9n_regions_6|       pointer|
|p_ZL9n_regions_59                      |   in|    8|     ap_none|       p_ZL9n_regions_59|       pointer|
|p_ZL9n_regions_58                      |   in|    8|     ap_none|       p_ZL9n_regions_58|       pointer|
|p_ZL9n_regions_57                      |   in|    8|     ap_none|       p_ZL9n_regions_57|       pointer|
|p_ZL9n_regions_56                      |   in|    8|     ap_none|       p_ZL9n_regions_56|       pointer|
|p_ZL9n_regions_55                      |   in|    8|     ap_none|       p_ZL9n_regions_55|       pointer|
|p_ZL9n_regions_54                      |   in|    8|     ap_none|       p_ZL9n_regions_54|       pointer|
|p_ZL9n_regions_53                      |   in|    8|     ap_none|       p_ZL9n_regions_53|       pointer|
|p_ZL9n_regions_52                      |   in|    8|     ap_none|       p_ZL9n_regions_52|       pointer|
|p_ZL9n_regions_51                      |   in|    8|     ap_none|       p_ZL9n_regions_51|       pointer|
|p_ZL9n_regions_50                      |   in|    8|     ap_none|       p_ZL9n_regions_50|       pointer|
|p_ZL9n_regions_5                       |   in|    8|     ap_none|        p_ZL9n_regions_5|       pointer|
|p_ZL9n_regions_49                      |   in|    8|     ap_none|       p_ZL9n_regions_49|       pointer|
|p_ZL9n_regions_48                      |   in|    8|     ap_none|       p_ZL9n_regions_48|       pointer|
|p_ZL9n_regions_47                      |   in|    8|     ap_none|       p_ZL9n_regions_47|       pointer|
|p_ZL9n_regions_46                      |   in|    8|     ap_none|       p_ZL9n_regions_46|       pointer|
|p_ZL9n_regions_45                      |   in|    8|     ap_none|       p_ZL9n_regions_45|       pointer|
|p_ZL9n_regions_44                      |   in|    8|     ap_none|       p_ZL9n_regions_44|       pointer|
|p_ZL9n_regions_43                      |   in|    8|     ap_none|       p_ZL9n_regions_43|       pointer|
|p_ZL9n_regions_42                      |   in|    8|     ap_none|       p_ZL9n_regions_42|       pointer|
|p_ZL9n_regions_41                      |   in|    8|     ap_none|       p_ZL9n_regions_41|       pointer|
|p_ZL9n_regions_40                      |   in|    8|     ap_none|       p_ZL9n_regions_40|       pointer|
|p_ZL9n_regions_4                       |   in|    8|     ap_none|        p_ZL9n_regions_4|       pointer|
|p_ZL9n_regions_39                      |   in|    8|     ap_none|       p_ZL9n_regions_39|       pointer|
|p_ZL9n_regions_38                      |   in|    8|     ap_none|       p_ZL9n_regions_38|       pointer|
|p_ZL9n_regions_37                      |   in|    8|     ap_none|       p_ZL9n_regions_37|       pointer|
|p_ZL9n_regions_36                      |   in|    8|     ap_none|       p_ZL9n_regions_36|       pointer|
|p_ZL9n_regions_35                      |   in|    8|     ap_none|       p_ZL9n_regions_35|       pointer|
|p_ZL9n_regions_34                      |   in|    8|     ap_none|       p_ZL9n_regions_34|       pointer|
|p_ZL9n_regions_33                      |   in|    8|     ap_none|       p_ZL9n_regions_33|       pointer|
|p_ZL9n_regions_32                      |   in|    8|     ap_none|       p_ZL9n_regions_32|       pointer|
|p_ZL9n_regions_31                      |   in|    8|     ap_none|       p_ZL9n_regions_31|       pointer|
|p_ZL9n_regions_30                      |   in|    8|     ap_none|       p_ZL9n_regions_30|       pointer|
|p_ZL9n_regions_3                       |   in|    8|     ap_none|        p_ZL9n_regions_3|       pointer|
|p_ZL9n_regions_29                      |   in|    8|     ap_none|       p_ZL9n_regions_29|       pointer|
|p_ZL9n_regions_28                      |   in|    8|     ap_none|       p_ZL9n_regions_28|       pointer|
|p_ZL9n_regions_27                      |   in|    8|     ap_none|       p_ZL9n_regions_27|       pointer|
|p_ZL9n_regions_26                      |   in|    8|     ap_none|       p_ZL9n_regions_26|       pointer|
|p_ZL9n_regions_25                      |   in|    8|     ap_none|       p_ZL9n_regions_25|       pointer|
|p_ZL9n_regions_24                      |   in|    8|     ap_none|       p_ZL9n_regions_24|       pointer|
|p_ZL9n_regions_23                      |   in|    8|     ap_none|       p_ZL9n_regions_23|       pointer|
|p_ZL9n_regions_22                      |   in|    8|     ap_none|       p_ZL9n_regions_22|       pointer|
|p_ZL9n_regions_21                      |   in|    8|     ap_none|       p_ZL9n_regions_21|       pointer|
|p_ZL9n_regions_20                      |   in|    8|     ap_none|       p_ZL9n_regions_20|       pointer|
|p_ZL9n_regions_2                       |   in|    8|     ap_none|        p_ZL9n_regions_2|       pointer|
|p_ZL9n_regions_19                      |   in|    8|     ap_none|       p_ZL9n_regions_19|       pointer|
|p_ZL9n_regions_18                      |   in|    8|     ap_none|       p_ZL9n_regions_18|       pointer|
|p_ZL9n_regions_17                      |   in|    8|     ap_none|       p_ZL9n_regions_17|       pointer|
|p_ZL9n_regions_16                      |   in|    8|     ap_none|       p_ZL9n_regions_16|       pointer|
|p_ZL9n_regions_15                      |   in|    8|     ap_none|       p_ZL9n_regions_15|       pointer|
|p_ZL9n_regions_14                      |   in|    8|     ap_none|       p_ZL9n_regions_14|       pointer|
|p_ZL9n_regions_13                      |   in|    8|     ap_none|       p_ZL9n_regions_13|       pointer|
|p_ZL9n_regions_12                      |   in|    8|     ap_none|       p_ZL9n_regions_12|       pointer|
|p_ZL9n_regions_11                      |   in|    8|     ap_none|       p_ZL9n_regions_11|       pointer|
|p_ZL9n_regions_10                      |   in|    8|     ap_none|       p_ZL9n_regions_10|       pointer|
|p_ZL9n_regions_1                       |   in|    8|     ap_none|        p_ZL9n_regions_1|       pointer|
|p_ZL9n_regions_0                       |   in|    8|     ap_none|        p_ZL9n_regions_0|       pointer|
+---------------------------------------+-----+-----+------------+------------------------+--------------+

