

================================================================
== Vitis HLS Report for 'find_region'
================================================================
* Date:           Sun Oct  2 18:57:55 2022

* Version:        2022.1 (Build 3526262 on Mon Apr 18 15:47:01 MDT 2022)
* Project:        detector_solid
* Solution:       solution2 (Vitis Kernel Flow Target)
* Product family: zynq
* Target device:  xc7z020-clg484-1


================================================================
== Performance Estimates
================================================================
+ Timing: 
    * Summary: 
    +--------+----------+-----------+------------+
    |  Clock |  Target  | Estimated | Uncertainty|
    +--------+----------+-----------+------------+
    |ap_clk  |  18.00 ns|  12.383 ns|     4.86 ns|
    +--------+----------+-----------+------------+

+ Latency: 
    * Summary: 
    +---------+---------+-----------+----------+-----+-----+---------+
    |  Latency (cycles) |  Latency (absolute)  |  Interval | Pipeline|
    |   min   |   max   |    min    |    max   | min | max |   Type  |
    +---------+---------+-----------+----------+-----+-----+---------+
    |        2|      116|  36.000 ns|  2.088 us|    2|  116|       no|
    +---------+---------+-----------+----------+-----+-----+---------+

    + Detail: 
        * Instance: 
        N/A

        * Loop: 
        +-------------------+---------+---------+----------+-----------+-----------+--------+----------+
        |                   |  Latency (cycles) | Iteration|  Initiation Interval  |  Trip  |          |
        |     Loop Name     |   min   |   max   |  Latency |  achieved |   target  |  Count | Pipelined|
        +-------------------+---------+---------+----------+-----------+-----------+--------+----------+
        |- VITIS_LOOP_37_1  |        0|      114|        55|          4|          4|  0 ~ 16|       yes|
        +-------------------+---------+---------+----------+-----------+-----------+--------+----------+



================================================================
== Utilization Estimates
================================================================
* Summary: 
+-----------------+---------+-----+--------+-------+-----+
|       Name      | BRAM_18K| DSP |   FF   |  LUT  | URAM|
+-----------------+---------+-----+--------+-------+-----+
|DSP              |        -|    -|       -|      -|    -|
|Expression       |        -|    -|       0|   1081|    -|
|FIFO             |        -|    -|       -|      -|    -|
|Instance         |        -|    -|       0|     54|    -|
|Memory           |        -|    -|       -|      -|    -|
|Multiplexer      |        -|    -|       -|    994|    -|
|Register         |        -|    -|    2017|    288|    -|
+-----------------+---------+-----+--------+-------+-----+
|Total            |        0|    0|    2017|   2417|    0|
+-----------------+---------+-----+--------+-------+-----+
|Available        |      280|  220|  106400|  53200|    0|
+-----------------+---------+-----+--------+-------+-----+
|Utilization (%)  |        0|    0|       1|      4|    0|
+-----------------+---------+-----+--------+-------+-----+

+ Detail: 
    * Instance: 
    +------------------------------------+-------------------------------+---------+----+---+----+-----+
    |              Instance              |             Module            | BRAM_18K| DSP| FF| LUT| URAM|
    +------------------------------------+-------------------------------+---------+----+---+----+-----+
    |fcmp_32ns_32ns_1_2_no_dsp_1_U119    |fcmp_32ns_32ns_1_2_no_dsp_1    |        0|   0|  0|   0|    0|
    |fcmp_32ns_32ns_1_2_no_dsp_1_U120    |fcmp_32ns_32ns_1_2_no_dsp_1    |        0|   0|  0|   0|    0|
    |fdiv_32ns_32ns_32_10_no_dsp_1_U115  |fdiv_32ns_32ns_32_10_no_dsp_1  |        0|   0|  0|   0|    0|
    |mux_21_32_1_1_U121                  |mux_21_32_1_1                  |        0|   0|  0|   9|    0|
    |mux_21_32_1_1_U122                  |mux_21_32_1_1                  |        0|   0|  0|   9|    0|
    |mux_21_32_1_1_U123                  |mux_21_32_1_1                  |        0|   0|  0|   9|    0|
    |mux_21_32_1_1_U124                  |mux_21_32_1_1                  |        0|   0|  0|   9|    0|
    |mux_21_32_1_1_U125                  |mux_21_32_1_1                  |        0|   0|  0|   9|    0|
    |mux_21_32_1_1_U126                  |mux_21_32_1_1                  |        0|   0|  0|   9|    0|
    +------------------------------------+-------------------------------+---------+----+---+----+-----+
    |Total                               |                               |        0|   0|  0|  54|    0|
    +------------------------------------+-------------------------------+---------+----+---+----+-----+

    * DSP: 
    N/A

    * Memory: 
    N/A

    * FIFO: 
    N/A

    * Expression: 
    +--------------------------+----------+----+---+----+------------+------------+
    |       Variable Name      | Operation| DSP| FF| LUT| Bitwidth P0| Bitwidth P1|
    +--------------------------+----------+----+---+----+------------+------------+
    |add_ln37_fu_902_p2        |         +|   0|  0|  15|           8|           1|
    |add_ln58_fu_922_p2        |         +|   0|  0|  14|           9|           9|
    |and_ln58_10_fu_1540_p2    |       and|   0|  0|   2|           1|           1|
    |and_ln58_11_fu_1545_p2    |       and|   0|  0|   2|           1|           1|
    |and_ln58_12_fu_1555_p2    |       and|   0|  0|   2|           1|           1|
    |and_ln58_13_fu_1560_p2    |       and|   0|  0|   2|           1|           1|
    |and_ln58_14_fu_1675_p2    |       and|   0|  0|   2|           1|           1|
    |and_ln58_15_fu_1680_p2    |       and|   0|  0|   2|           1|           1|
    |and_ln58_16_fu_1689_p2    |       and|   0|  0|   2|           1|           1|
    |and_ln58_17_fu_1694_p2    |       and|   0|  0|   2|           1|           1|
    |and_ln58_18_fu_1735_p2    |       and|   0|  0|   2|           1|           1|
    |and_ln58_19_fu_1740_p2    |       and|   0|  0|   2|           1|           1|
    |and_ln58_1_fu_1281_p2     |       and|   0|  0|   2|           1|           1|
    |and_ln58_20_fu_1750_p2    |       and|   0|  0|   2|           1|           1|
    |and_ln58_21_fu_1755_p2    |       and|   0|  0|   2|           1|           1|
    |and_ln58_22_fu_1873_p2    |       and|   0|  0|   2|           1|           1|
    |and_ln58_23_fu_1878_p2    |       and|   0|  0|   2|           1|           1|
    |and_ln58_24_fu_1887_p2    |       and|   0|  0|   2|           1|           1|
    |and_ln58_25_fu_1892_p2    |       and|   0|  0|   2|           1|           1|
    |and_ln58_26_fu_1933_p2    |       and|   0|  0|   2|           1|           1|
    |and_ln58_27_fu_1938_p2    |       and|   0|  0|   2|           1|           1|
    |and_ln58_28_fu_1948_p2    |       and|   0|  0|   2|           1|           1|
    |and_ln58_29_fu_1953_p2    |       and|   0|  0|   2|           1|           1|
    |and_ln58_2_fu_1322_p2     |       and|   0|  0|   2|           1|           1|
    |and_ln58_30_fu_1994_p2    |       and|   0|  0|   2|           1|           1|
    |and_ln58_31_fu_1999_p2    |       and|   0|  0|   2|           1|           1|
    |and_ln58_3_fu_1327_p2     |       and|   0|  0|   2|           1|           1|
    |and_ln58_4_fu_1337_p2     |       and|   0|  0|   2|           1|           1|
    |and_ln58_5_fu_1342_p2     |       and|   0|  0|   2|           1|           1|
    |and_ln58_6_fu_1383_p2     |       and|   0|  0|   2|           1|           1|
    |and_ln58_7_fu_1388_p2     |       and|   0|  0|   2|           1|           1|
    |and_ln58_8_fu_1494_p2     |       and|   0|  0|   2|           1|           1|
    |and_ln58_9_fu_1499_p2     |       and|   0|  0|   2|           1|           1|
    |and_ln58_fu_1276_p2       |       and|   0|  0|   2|           1|           1|
    |and_ln63_1_fu_2144_p2     |       and|   0|  0|   2|           1|           1|
    |and_ln63_fu_2138_p2       |       and|   0|  0|   2|           1|           1|
    |icmp_ln1073_fu_896_p2     |      icmp|   0|  0|  11|           8|           8|
    |icmp_ln58_10_fu_994_p2    |      icmp|   0|  0|  11|           8|           2|
    |icmp_ln58_11_fu_816_p2    |      icmp|   0|  0|  15|          23|           1|
    |icmp_ln58_12_fu_1365_p2   |      icmp|   0|  0|  11|           8|           2|
    |icmp_ln58_13_fu_1371_p2   |      icmp|   0|  0|  15|          23|           1|
    |icmp_ln58_14_fu_830_p2    |      icmp|   0|  0|  15|          23|           1|
    |icmp_ln58_15_fu_844_p2    |      icmp|   0|  0|  15|          23|           1|
    |icmp_ln58_16_fu_1412_p2   |      icmp|   0|  0|  11|           8|           2|
    |icmp_ln58_17_fu_1418_p2   |      icmp|   0|  0|  15|          23|           1|
    |icmp_ln58_18_fu_1016_p2   |      icmp|   0|  0|  11|           8|           2|
    |icmp_ln58_19_fu_858_p2    |      icmp|   0|  0|  15|          23|           1|
    |icmp_ln58_1_fu_1206_p2    |      icmp|   0|  0|  15|          23|           1|
    |icmp_ln58_20_fu_1522_p2   |      icmp|   0|  0|  11|           8|           2|
    |icmp_ln58_21_fu_1528_p2   |      icmp|   0|  0|  15|          23|           1|
    |icmp_ln58_22_fu_872_p2    |      icmp|   0|  0|  15|          23|           1|
    |icmp_ln58_23_fu_1442_p2   |      icmp|   0|  0|  11|           8|           2|
    |icmp_ln58_24_fu_1448_p2   |      icmp|   0|  0|  15|          23|           1|
    |icmp_ln58_25_fu_1038_p2   |      icmp|   0|  0|  11|           8|           2|
    |icmp_ln58_26_fu_1583_p2   |      icmp|   0|  0|  11|           8|           2|
    |icmp_ln58_27_fu_1589_p2   |      icmp|   0|  0|  15|          23|           1|
    |icmp_ln58_28_fu_1613_p2   |      icmp|   0|  0|  11|           8|           2|
    |icmp_ln58_29_fu_1619_p2   |      icmp|   0|  0|  15|          23|           1|
    |icmp_ln58_2_fu_972_p2     |      icmp|   0|  0|  11|           8|           2|
    |icmp_ln58_30_fu_1060_p2   |      icmp|   0|  0|  11|           8|           2|
    |icmp_ln58_31_fu_1717_p2   |      icmp|   0|  0|  11|           8|           2|
    |icmp_ln58_32_fu_1723_p2   |      icmp|   0|  0|  15|          23|           1|
    |icmp_ln58_33_fu_1643_p2   |      icmp|   0|  0|  11|           8|           2|
    |icmp_ln58_34_fu_1649_p2   |      icmp|   0|  0|  15|          23|           1|
    |icmp_ln58_35_fu_1082_p2   |      icmp|   0|  0|  11|           8|           2|
    |icmp_ln58_36_fu_1855_p2   |      icmp|   0|  0|  11|           8|           2|
    |icmp_ln58_37_fu_1861_p2   |      icmp|   0|  0|  15|          23|           1|
    |icmp_ln58_38_fu_1779_p2   |      icmp|   0|  0|  11|           8|           2|
    |icmp_ln58_39_fu_1785_p2   |      icmp|   0|  0|  15|          23|           1|
    |icmp_ln58_3_fu_774_p2     |      icmp|   0|  0|  15|          23|           1|
    |icmp_ln58_40_fu_1104_p2   |      icmp|   0|  0|  11|           8|           2|
    |icmp_ln58_41_fu_1915_p2   |      icmp|   0|  0|  11|           8|           2|
    |icmp_ln58_42_fu_1921_p2   |      icmp|   0|  0|  15|          23|           1|
    |icmp_ln58_43_fu_1809_p2   |      icmp|   0|  0|  11|           8|           2|
    |icmp_ln58_44_fu_1815_p2   |      icmp|   0|  0|  15|          23|           1|
    |icmp_ln58_45_fu_1126_p2   |      icmp|   0|  0|  11|           8|           2|
    |icmp_ln58_46_fu_1976_p2   |      icmp|   0|  0|  11|           8|           2|
    |icmp_ln58_47_fu_1982_p2   |      icmp|   0|  0|  15|          23|           1|
    |icmp_ln58_4_fu_1304_p2    |      icmp|   0|  0|  11|           8|           2|
    |icmp_ln58_5_fu_1310_p2    |      icmp|   0|  0|  15|          23|           1|
    |icmp_ln58_6_fu_788_p2     |      icmp|   0|  0|  15|          23|           1|
    |icmp_ln58_7_fu_802_p2     |      icmp|   0|  0|  15|          23|           1|
    |icmp_ln58_8_fu_1230_p2    |      icmp|   0|  0|  11|           8|           2|
    |icmp_ln58_9_fu_1236_p2    |      icmp|   0|  0|  15|          23|           1|
    |icmp_ln58_fu_1200_p2      |      icmp|   0|  0|  11|           8|           2|
    |icmp_ln63_1_fu_2108_p2    |      icmp|   0|  0|  15|          23|           1|
    |icmp_ln63_2_fu_2120_p2    |      icmp|   0|  0|  11|           8|           2|
    |icmp_ln63_3_fu_2126_p2    |      icmp|   0|  0|  15|          23|           1|
    |icmp_ln63_fu_2102_p2      |      icmp|   0|  0|  11|           8|           2|
    |or_ln58_10_fu_1534_p2     |        or|   0|  0|   2|           1|           1|
    |or_ln58_11_fu_1167_p2     |        or|   0|  0|  12|          12|           2|
    |or_ln58_12_fu_1551_p2     |        or|   0|  0|   2|           1|           1|
    |or_ln58_13_fu_1044_p2     |        or|   0|  0|   2|           1|           1|
    |or_ln58_14_fu_1671_p2     |        or|   0|  0|   2|           1|           1|
    |or_ln58_15_fu_1242_p2     |        or|   0|  0|  12|          12|           3|
    |or_ln58_16_fu_1685_p2     |        or|   0|  0|   2|           1|           1|
    |or_ln58_17_fu_1066_p2     |        or|   0|  0|   2|           1|           1|
    |or_ln58_18_fu_1729_p2     |        or|   0|  0|   2|           1|           1|
    |or_ln58_19_fu_1257_p2     |        or|   0|  0|  12|          12|           3|
    |or_ln58_1_fu_978_p2       |        or|   0|  0|   2|           1|           1|
    |or_ln58_20_fu_1746_p2     |        or|   0|  0|   2|           1|           1|
    |or_ln58_21_fu_1088_p2     |        or|   0|  0|   2|           1|           1|
    |or_ln58_22_fu_1867_p2     |        or|   0|  0|   2|           1|           1|
    |or_ln58_23_fu_1460_p2     |        or|   0|  0|  12|          12|           3|
    |or_ln58_24_fu_1883_p2     |        or|   0|  0|   2|           1|           1|
    |or_ln58_25_fu_1110_p2     |        or|   0|  0|   2|           1|           1|
    |or_ln58_26_fu_1927_p2     |        or|   0|  0|   2|           1|           1|
    |or_ln58_27_fu_1475_p2     |        or|   0|  0|  12|          12|           3|
    |or_ln58_28_fu_1944_p2     |        or|   0|  0|   2|           1|           1|
    |or_ln58_29_fu_1132_p2     |        or|   0|  0|   2|           1|           1|
    |or_ln58_2_fu_1316_p2      |        or|   0|  0|   2|           1|           1|
    |or_ln58_30_fu_1988_p2     |        or|   0|  0|   2|           1|           1|
    |or_ln58_31_fu_2005_p2     |        or|   0|  0|   2|           1|           1|
    |or_ln58_32_fu_2011_p2     |        or|   0|  0|   2|           1|           1|
    |or_ln58_33_fu_2016_p2     |        or|   0|  0|   2|           1|           1|
    |or_ln58_34_fu_1821_p2     |        or|   0|  0|   2|           1|           1|
    |or_ln58_35_fu_1827_p2     |        or|   0|  0|   2|           1|           1|
    |or_ln58_36_fu_1832_p2     |        or|   0|  0|   2|           1|           1|
    |or_ln58_37_fu_2022_p2     |        or|   0|  0|   2|           1|           1|
    |or_ln58_38_fu_1454_p2     |        or|   0|  0|   2|           1|           1|
    |or_ln58_39_fu_1655_p2     |        or|   0|  0|   2|           1|           1|
    |or_ln58_3_fu_946_p2       |        or|   0|  0|  12|          12|           1|
    |or_ln58_40_fu_1660_p2     |        or|   0|  0|   2|           1|           1|
    |or_ln58_41_fu_1665_p2     |        or|   0|  0|   2|           1|           1|
    |or_ln58_42_fu_2027_p2     |        or|   0|  0|   2|           1|           1|
    |or_ln58_43_fu_2033_p2     |        or|   0|  0|   2|           1|           1|
    |or_ln58_44_fu_2038_p2     |        or|   0|  0|   2|           1|           1|
    |or_ln58_45_fu_2043_p2     |        or|   0|  0|   2|           1|           1|
    |or_ln58_4_fu_1333_p2      |        or|   0|  0|   2|           1|           1|
    |or_ln58_5_fu_1000_p2      |        or|   0|  0|   2|           1|           1|
    |or_ln58_6_fu_1377_p2      |        or|   0|  0|   2|           1|           1|
    |or_ln58_7_fu_1152_p2      |        or|   0|  0|  12|          12|           2|
    |or_ln58_8_fu_1490_p2      |        or|   0|  0|   2|           1|           1|
    |or_ln58_9_fu_1022_p2      |        or|   0|  0|   2|           1|           1|
    |or_ln58_fu_1272_p2        |        or|   0|  0|   2|           1|           1|
    |or_ln63_1_fu_2114_p2      |        or|   0|  0|   2|           1|           1|
    |or_ln63_2_fu_2132_p2      |        or|   0|  0|   2|           1|           1|
    |or_ln63_fu_2150_p2        |        or|   0|  0|   2|           1|           1|
    |idx_1_fu_2183_p3          |    select|   0|  0|  32|           1|          32|
    |score_4_fu_2177_p3        |    select|   0|  0|  32|           1|          32|
    |select_ln63_1_fu_2165_p3  |    select|   0|  0|  31|           1|          31|
    |select_ln63_fu_2156_p3    |    select|   0|  0|  32|           1|          32|
    |ap_enable_pp0             |       xor|   0|  0|   2|           1|           2|
    +--------------------------+----------+----+---+----+------------+------------+
    |Total                     |          |   0|  0|1081|         996|         318|
    +--------------------------+----------+----+---+----+------------+------------+

    * Multiplexer: 
    +-----------------------------------+----+-----------+-----+-----------+
    |                Name               | LUT| Input Size| Bits| Total Bits|
    +-----------------------------------+----+-----------+-----+-----------+
    |ap_NS_fsm                          |  25|          5|    1|          5|
    |ap_done_int                        |   9|          2|    1|          2|
    |ap_enable_reg_pp0_iter0            |   9|          2|    1|          2|
    |ap_enable_reg_pp0_iter1            |   9|          2|    1|          2|
    |ap_enable_reg_pp0_iter13           |   9|          2|    1|          2|
    |ap_loop_exit_ready_pp0_iter10_reg  |   9|          2|    1|          2|
    |ap_loop_exit_ready_pp0_iter11_reg  |   9|          2|    1|          2|
    |ap_loop_exit_ready_pp0_iter12_reg  |   9|          2|    1|          2|
    |ap_loop_exit_ready_pp0_iter1_reg   |   9|          2|    1|          2|
    |ap_loop_exit_ready_pp0_iter2_reg   |   9|          2|    1|          2|
    |ap_loop_exit_ready_pp0_iter3_reg   |   9|          2|    1|          2|
    |ap_loop_exit_ready_pp0_iter4_reg   |   9|          2|    1|          2|
    |ap_loop_exit_ready_pp0_iter5_reg   |   9|          2|    1|          2|
    |ap_loop_exit_ready_pp0_iter6_reg   |   9|          2|    1|          2|
    |ap_loop_exit_ready_pp0_iter7_reg   |   9|          2|    1|          2|
    |ap_loop_exit_ready_pp0_iter8_reg   |   9|          2|    1|          2|
    |ap_loop_exit_ready_pp0_iter9_reg   |   9|          2|    1|          2|
    |ap_sig_allocacmp_i_5               |   9|          2|    8|         16|
    |ap_sig_allocacmp_idx_load_1        |   9|          2|   32|         64|
    |grp_fu_622_p0                      |  25|          5|   32|        160|
    |grp_fu_622_p1                      |  25|          5|   32|        160|
    |grp_fu_626_opcode                  |  14|          3|    2|          6|
    |grp_fu_626_p0                      |  25|          5|   32|        160|
    |grp_fu_626_p1                      |  25|          5|   32|        160|
    |grp_fu_630_opcode                  |  14|          3|    2|          6|
    |grp_fu_630_p0                      |  25|          5|   32|        160|
    |grp_fu_630_p1                      |  25|          5|   32|        160|
    |grp_fu_635_p0                      |  25|          5|   32|        160|
    |grp_fu_635_p1                      |  25|          5|   32|        160|
    |grp_fu_639_p0                      |  14|          3|   32|         96|
    |grp_fu_639_p1                      |  14|          3|   32|         96|
    |grp_fu_643_p0                      |  20|          4|   32|        128|
    |grp_fu_643_p1                      |  20|          4|   32|        128|
    |grp_fu_652_p1                      |  25|          5|   32|        160|
    |grp_fu_656_p1                      |  25|          5|   32|        160|
    |grp_fu_660_p1                      |  25|          5|   32|        160|
    |grp_fu_664_p1                      |  25|          5|   32|        160|
    |grp_fu_672_p3                      |  14|          3|    1|          3|
    |grp_fu_682_p3                      |  14|          3|    1|          3|
    |grp_fu_691_p3                      |  14|          3|    1|          3|
    |grp_fu_701_p3                      |  14|          3|    1|          3|
    |grp_fu_711_p3                      |  14|          3|    1|          3|
    |grp_fu_720_p3                      |  14|          3|    1|          3|
    |i_fu_120                           |   9|          2|    8|         16|
    |idx_fu_116                         |   9|          2|   32|         64|
    |regions_center_0_address0          |  25|          5|   12|         60|
    |regions_center_0_address1          |  25|          5|   12|         60|
    |regions_center_1_address0          |  25|          5|   12|         60|
    |regions_center_1_address1          |  25|          5|   12|         60|
    |regions_max_0_address0             |  25|          5|   12|         60|
    |regions_max_0_address1             |  25|          5|   12|         60|
    |regions_max_1_address0             |  25|          5|   12|         60|
    |regions_max_1_address1             |  25|          5|   12|         60|
    |regions_min_0_address0             |  25|          5|   12|         60|
    |regions_min_0_address1             |  25|          5|   12|         60|
    |regions_min_1_address0             |  25|          5|   12|         60|
    |regions_min_1_address1             |  25|          5|   12|         60|
    |score_fu_112                       |   9|          2|   32|         64|
    +-----------------------------------+----+-----------+-----+-----------+
    |Total                              | 994|        205|  795|       3379|
    +-----------------------------------+----+-----------+-----+-----------+

    * Register: 
    +-----------------------------------+----+----+-----+-----------+
    |                Name               | FF | LUT| Bits| Const Bits|
    +-----------------------------------+----+----+-----+-----------+
    |and_ln58_21_reg_2763               |   1|   0|    1|          0|
    |and_ln58_3_reg_2575                |   1|   0|    1|          0|
    |and_ln58_7_reg_2580                |   1|   0|    1|          0|
    |ap_CS_fsm                          |   4|   0|    4|          0|
    |ap_done_reg                        |   1|   0|    1|          0|
    |ap_enable_reg_pp0_iter0_reg        |   1|   0|    1|          0|
    |ap_enable_reg_pp0_iter1            |   1|   0|    1|          0|
    |ap_enable_reg_pp0_iter10           |   1|   0|    1|          0|
    |ap_enable_reg_pp0_iter11           |   1|   0|    1|          0|
    |ap_enable_reg_pp0_iter12           |   1|   0|    1|          0|
    |ap_enable_reg_pp0_iter13           |   1|   0|    1|          0|
    |ap_enable_reg_pp0_iter2            |   1|   0|    1|          0|
    |ap_enable_reg_pp0_iter3            |   1|   0|    1|          0|
    |ap_enable_reg_pp0_iter4            |   1|   0|    1|          0|
    |ap_enable_reg_pp0_iter5            |   1|   0|    1|          0|
    |ap_enable_reg_pp0_iter6            |   1|   0|    1|          0|
    |ap_enable_reg_pp0_iter7            |   1|   0|    1|          0|
    |ap_enable_reg_pp0_iter8            |   1|   0|    1|          0|
    |ap_enable_reg_pp0_iter9            |   1|   0|    1|          0|
    |ap_loop_exit_ready_pp0_iter10_reg  |   1|   0|    1|          0|
    |ap_loop_exit_ready_pp0_iter11_reg  |   1|   0|    1|          0|
    |ap_loop_exit_ready_pp0_iter12_reg  |   1|   0|    1|          0|
    |ap_loop_exit_ready_pp0_iter1_reg   |   1|   0|    1|          0|
    |ap_loop_exit_ready_pp0_iter2_reg   |   1|   0|    1|          0|
    |ap_loop_exit_ready_pp0_iter3_reg   |   1|   0|    1|          0|
    |ap_loop_exit_ready_pp0_iter4_reg   |   1|   0|    1|          0|
    |ap_loop_exit_ready_pp0_iter5_reg   |   1|   0|    1|          0|
    |ap_loop_exit_ready_pp0_iter6_reg   |   1|   0|    1|          0|
    |ap_loop_exit_ready_pp0_iter7_reg   |   1|   0|    1|          0|
    |ap_loop_exit_ready_pp0_iter8_reg   |   1|   0|    1|          0|
    |ap_loop_exit_ready_pp0_iter9_reg   |   1|   0|    1|          0|
    |area_1_reg_2885                    |  32|   0|   32|          0|
    |area_2_reg_2890                    |  32|   0|   32|          0|
    |area_3_reg_2895                    |  32|   0|   32|          0|
    |area_4_reg_2900                    |  32|   0|   32|          0|
    |area_5_reg_2905                    |  32|   0|   32|          0|
    |area_6_reg_2910                    |  32|   0|   32|          0|
    |area_7_reg_2915                    |  32|   0|   32|          0|
    |area_reg_2875                      |  32|   0|   32|          0|
    |hdist_1_reg_2822                   |  32|   0|   32|          0|
    |hdist_7_reg_2859                   |  32|   0|   32|          0|
    |i_5_reg_2273                       |   8|   0|    8|          0|
    |i_fu_120                           |   8|   0|    8|          0|
    |icmp_ln1073_reg_2279               |   1|   0|    1|          0|
    |icmp_ln58_16_reg_2597              |   1|   0|    1|          0|
    |icmp_ln58_17_reg_2602              |   1|   0|    1|          0|
    |icmp_ln58_1_reg_2488               |   1|   0|    1|          0|
    |icmp_ln58_23_reg_2619              |   1|   0|    1|          0|
    |icmp_ln58_24_reg_2624              |   1|   0|    1|          0|
    |icmp_ln58_26_reg_2694              |   1|   0|    1|          0|
    |icmp_ln58_27_reg_2699              |   1|   0|    1|          0|
    |icmp_ln58_28_reg_2721              |   1|   0|    1|          0|
    |icmp_ln58_29_reg_2726              |   1|   0|    1|          0|
    |icmp_ln58_33_reg_2743              |   1|   0|    1|          0|
    |icmp_ln58_34_reg_2748              |   1|   0|    1|          0|
    |icmp_ln58_38_reg_2785              |   1|   0|    1|          0|
    |icmp_ln58_39_reg_2790              |   1|   0|    1|          0|
    |icmp_ln58_43_reg_2807              |   1|   0|    1|          0|
    |icmp_ln58_44_reg_2812              |   1|   0|    1|          0|
    |icmp_ln58_8_reg_2505               |   1|   0|    1|          0|
    |icmp_ln58_9_reg_2510               |   1|   0|    1|          0|
    |icmp_ln58_reg_2483                 |   1|   0|    1|          0|
    |idx_fu_116                         |  32|   0|   32|          0|
    |or_ln58_13_reg_2371                |   1|   0|    1|          0|
    |or_ln58_17_reg_2377                |   1|   0|    1|          0|
    |or_ln58_1_reg_2353                 |   1|   0|    1|          0|
    |or_ln58_21_reg_2383                |   1|   0|    1|          0|
    |or_ln58_21_reg_2383_pp0_iter1_reg  |   1|   0|    1|          0|
    |or_ln58_25_reg_2389                |   1|   0|    1|          0|
    |or_ln58_25_reg_2389_pp0_iter1_reg  |   1|   0|    1|          0|
    |or_ln58_29_reg_2395                |   1|   0|    1|          0|
    |or_ln58_29_reg_2395_pp0_iter1_reg  |   1|   0|    1|          0|
    |or_ln58_36_reg_2817                |   1|   0|    1|          0|
    |or_ln58_38_reg_2629                |   1|   0|    1|          0|
    |or_ln58_40_reg_2753                |   1|   0|    1|          0|
    |or_ln58_41_reg_2758                |   1|   0|    1|          0|
    |or_ln58_45_reg_2828                |   1|   0|    1|          0|
    |or_ln58_5_reg_2359                 |   1|   0|    1|          0|
    |or_ln58_9_reg_2365                 |   1|   0|    1|          0|
    |reg_740                            |  32|   0|   32|          0|
    |reg_746                            |  32|   0|   32|          0|
    |reg_752                            |  32|   0|   32|          0|
    |scale_1_reg_2839                   |  32|   0|   32|          0|
    |scale_1_reg_2839_pp0_iter2_reg     |  32|   0|   32|          0|
    |scale_2_reg_2844                   |  32|   0|   32|          0|
    |scale_3_reg_2849                   |  32|   0|   32|          0|
    |scale_4_reg_2854                   |  32|   0|   32|          0|
    |scale_5_reg_2865                   |  32|   0|   32|          0|
    |scale_6_reg_2870                   |  32|   0|   32|          0|
    |scale_7_reg_2880                   |  32|   0|   32|          0|
    |scale_reg_2834                     |  32|   0|   32|          0|
    |score_fu_112                       |  32|   0|   32|          0|
    |score_load_reg_2927                |  32|   0|   32|          0|
    |tmp_105_reg_2283                   |   9|   0|   12|          3|
    |tmp_125_reg_2704                   |   1|   0|    1|          0|
    |tmp_135_reg_2768                   |   1|   0|    1|          0|
    |tmp_53_reg_2493                    |  32|   0|   32|          0|
    |tmp_54_reg_2500                    |  32|   0|   32|          0|
    |tmp_56_reg_2585                    |  32|   0|   32|          0|
    |tmp_57_reg_2592                    |  32|   0|   32|          0|
    |tmp_59_reg_2607                    |  32|   0|   32|          0|
    |tmp_60_reg_2614                    |  32|   0|   32|          0|
    |tmp_62_reg_2709                    |  32|   0|   32|          0|
    |tmp_63_reg_2716                    |  32|   0|   32|          0|
    |tmp_65_reg_2731                    |  32|   0|   32|          0|
    |tmp_66_reg_2738                    |  32|   0|   32|          0|
    |tmp_68_reg_2773                    |  32|   0|   32|          0|
    |tmp_69_reg_2780                    |  32|   0|   32|          0|
    |tmp_71_reg_2795                    |  32|   0|   32|          0|
    |tmp_72_reg_2802                    |  32|   0|   32|          0|
    |tmp_reg_2471                       |  32|   0|   32|          0|
    |tmp_s_reg_2478                     |  32|   0|   32|          0|
    |tmp_score_reg_2920                 |  32|   0|   32|          0|
    |trunc_ln1073_2_reg_2401            |   1|   0|    1|          0|
    |i_5_reg_2273                       |  64|  32|    8|          0|
    |icmp_ln1073_reg_2279               |  64|  32|    1|          0|
    |or_ln58_45_reg_2828                |  64|  32|    1|          0|
    |scale_2_reg_2844                   |  64|  32|   32|          0|
    |scale_3_reg_2849                   |  64|  32|   32|          0|
    |scale_4_reg_2854                   |  64|  32|   32|          0|
    |scale_5_reg_2865                   |  64|  32|   32|          0|
    |scale_6_reg_2870                   |  64|  32|   32|          0|
    |scale_7_reg_2880                   |  64|  32|   32|          0|
    +-----------------------------------+----+----+-----+-----------+
    |Total                              |2017| 288| 1646|          3|
    +-----------------------------------+----+----+-----+-----------+



================================================================
== Interface
================================================================
* Summary: 
+---------------------------+-----+-----+------------+----------------------+--------------+
|         RTL Ports         | Dir | Bits|  Protocol  |     Source Object    |    C Type    |
+---------------------------+-----+-----+------------+----------------------+--------------+
|ap_clk                     |   in|    1|  ap_ctrl_hs|           find_region|  return value|
|ap_rst                     |   in|    1|  ap_ctrl_hs|           find_region|  return value|
|ap_start                   |   in|    1|  ap_ctrl_hs|           find_region|  return value|
|ap_done                    |  out|    1|  ap_ctrl_hs|           find_region|  return value|
|ap_idle                    |  out|    1|  ap_ctrl_hs|           find_region|  return value|
|ap_ready                   |  out|    1|  ap_ctrl_hs|           find_region|  return value|
|ap_return                  |  out|   32|  ap_ctrl_hs|           find_region|  return value|
|grp_fu_687_p_din0          |  out|   32|  ap_ctrl_hs|           find_region|  return value|
|grp_fu_687_p_din1          |  out|   32|  ap_ctrl_hs|           find_region|  return value|
|grp_fu_687_p_opcode        |  out|    1|  ap_ctrl_hs|           find_region|  return value|
|grp_fu_687_p_dout0         |   in|   32|  ap_ctrl_hs|           find_region|  return value|
|grp_fu_687_p_ce            |  out|    1|  ap_ctrl_hs|           find_region|  return value|
|grp_fu_691_p_din0          |  out|   32|  ap_ctrl_hs|           find_region|  return value|
|grp_fu_691_p_din1          |  out|   32|  ap_ctrl_hs|           find_region|  return value|
|grp_fu_691_p_opcode        |  out|    2|  ap_ctrl_hs|           find_region|  return value|
|grp_fu_691_p_dout0         |   in|   32|  ap_ctrl_hs|           find_region|  return value|
|grp_fu_691_p_ce            |  out|    1|  ap_ctrl_hs|           find_region|  return value|
|grp_fu_695_p_din0          |  out|   32|  ap_ctrl_hs|           find_region|  return value|
|grp_fu_695_p_din1          |  out|   32|  ap_ctrl_hs|           find_region|  return value|
|grp_fu_695_p_opcode        |  out|    2|  ap_ctrl_hs|           find_region|  return value|
|grp_fu_695_p_dout0         |   in|   32|  ap_ctrl_hs|           find_region|  return value|
|grp_fu_695_p_ce            |  out|    1|  ap_ctrl_hs|           find_region|  return value|
|grp_fu_699_p_din0          |  out|   32|  ap_ctrl_hs|           find_region|  return value|
|grp_fu_699_p_din1          |  out|   32|  ap_ctrl_hs|           find_region|  return value|
|grp_fu_699_p_opcode        |  out|    1|  ap_ctrl_hs|           find_region|  return value|
|grp_fu_699_p_dout0         |   in|   32|  ap_ctrl_hs|           find_region|  return value|
|grp_fu_699_p_ce            |  out|    1|  ap_ctrl_hs|           find_region|  return value|
|grp_fu_703_p_din0          |  out|   32|  ap_ctrl_hs|           find_region|  return value|
|grp_fu_703_p_din1          |  out|   32|  ap_ctrl_hs|           find_region|  return value|
|grp_fu_703_p_dout0         |   in|   32|  ap_ctrl_hs|           find_region|  return value|
|grp_fu_703_p_ce            |  out|    1|  ap_ctrl_hs|           find_region|  return value|
|grp_fu_707_p_din0          |  out|   32|  ap_ctrl_hs|           find_region|  return value|
|grp_fu_707_p_din1          |  out|   32|  ap_ctrl_hs|           find_region|  return value|
|grp_fu_707_p_dout0         |   in|   32|  ap_ctrl_hs|           find_region|  return value|
|grp_fu_707_p_ce            |  out|    1|  ap_ctrl_hs|           find_region|  return value|
|grp_fu_675_p_din0          |  out|   32|  ap_ctrl_hs|           find_region|  return value|
|grp_fu_675_p_din1          |  out|   32|  ap_ctrl_hs|           find_region|  return value|
|grp_fu_675_p_opcode        |  out|    5|  ap_ctrl_hs|           find_region|  return value|
|grp_fu_675_p_dout0         |   in|    1|  ap_ctrl_hs|           find_region|  return value|
|grp_fu_675_p_ce            |  out|    1|  ap_ctrl_hs|           find_region|  return value|
|grp_fu_679_p_din0          |  out|   32|  ap_ctrl_hs|           find_region|  return value|
|grp_fu_679_p_din1          |  out|   32|  ap_ctrl_hs|           find_region|  return value|
|grp_fu_679_p_opcode        |  out|    5|  ap_ctrl_hs|           find_region|  return value|
|grp_fu_679_p_dout0         |   in|    1|  ap_ctrl_hs|           find_region|  return value|
|grp_fu_679_p_ce            |  out|    1|  ap_ctrl_hs|           find_region|  return value|
|grp_fu_683_p_din0          |  out|   32|  ap_ctrl_hs|           find_region|  return value|
|grp_fu_683_p_din1          |  out|   32|  ap_ctrl_hs|           find_region|  return value|
|grp_fu_683_p_opcode        |  out|    5|  ap_ctrl_hs|           find_region|  return value|
|grp_fu_683_p_dout0         |   in|    1|  ap_ctrl_hs|           find_region|  return value|
|grp_fu_683_p_ce            |  out|    1|  ap_ctrl_hs|           find_region|  return value|
|regions_min_0_address0     |  out|   12|   ap_memory|         regions_min_0|         array|
|regions_min_0_ce0          |  out|    1|   ap_memory|         regions_min_0|         array|
|regions_min_0_q0           |   in|   32|   ap_memory|         regions_min_0|         array|
|regions_min_0_address1     |  out|   12|   ap_memory|         regions_min_0|         array|
|regions_min_0_ce1          |  out|    1|   ap_memory|         regions_min_0|         array|
|regions_min_0_q1           |   in|   32|   ap_memory|         regions_min_0|         array|
|regions_min_0_offset       |   in|    6|     ap_none|  regions_min_0_offset|        scalar|
|regions_min_1_address0     |  out|   12|   ap_memory|         regions_min_1|         array|
|regions_min_1_ce0          |  out|    1|   ap_memory|         regions_min_1|         array|
|regions_min_1_q0           |   in|   32|   ap_memory|         regions_min_1|         array|
|regions_min_1_address1     |  out|   12|   ap_memory|         regions_min_1|         array|
|regions_min_1_ce1          |  out|    1|   ap_memory|         regions_min_1|         array|
|regions_min_1_q1           |   in|   32|   ap_memory|         regions_min_1|         array|
|regions_max_0_address0     |  out|   12|   ap_memory|         regions_max_0|         array|
|regions_max_0_ce0          |  out|    1|   ap_memory|         regions_max_0|         array|
|regions_max_0_q0           |   in|   32|   ap_memory|         regions_max_0|         array|
|regions_max_0_address1     |  out|   12|   ap_memory|         regions_max_0|         array|
|regions_max_0_ce1          |  out|    1|   ap_memory|         regions_max_0|         array|
|regions_max_0_q1           |   in|   32|   ap_memory|         regions_max_0|         array|
|regions_max_1_address0     |  out|   12|   ap_memory|         regions_max_1|         array|
|regions_max_1_ce0          |  out|    1|   ap_memory|         regions_max_1|         array|
|regions_max_1_q0           |   in|   32|   ap_memory|         regions_max_1|         array|
|regions_max_1_address1     |  out|   12|   ap_memory|         regions_max_1|         array|
|regions_max_1_ce1          |  out|    1|   ap_memory|         regions_max_1|         array|
|regions_max_1_q1           |   in|   32|   ap_memory|         regions_max_1|         array|
|regions_center_0_address0  |  out|   12|   ap_memory|      regions_center_0|         array|
|regions_center_0_ce0       |  out|    1|   ap_memory|      regions_center_0|         array|
|regions_center_0_q0        |   in|   32|   ap_memory|      regions_center_0|         array|
|regions_center_0_address1  |  out|   12|   ap_memory|      regions_center_0|         array|
|regions_center_0_ce1       |  out|    1|   ap_memory|      regions_center_0|         array|
|regions_center_0_q1        |   in|   32|   ap_memory|      regions_center_0|         array|
|regions_center_1_address0  |  out|   12|   ap_memory|      regions_center_1|         array|
|regions_center_1_ce0       |  out|    1|   ap_memory|      regions_center_1|         array|
|regions_center_1_q0        |   in|   32|   ap_memory|      regions_center_1|         array|
|regions_center_1_address1  |  out|   12|   ap_memory|      regions_center_1|         array|
|regions_center_1_ce1       |  out|    1|   ap_memory|      regions_center_1|         array|
|regions_center_1_q1        |   in|   32|   ap_memory|      regions_center_1|         array|
|n_regions                  |   in|    8|     ap_none|             n_regions|        scalar|
|d_read                     |   in|   32|     ap_none|                d_read|        scalar|
|d_read_60                  |   in|   32|     ap_none|             d_read_60|        scalar|
|d_read_61                  |   in|   32|     ap_none|             d_read_61|        scalar|
|d_read_62                  |   in|   32|     ap_none|             d_read_62|        scalar|
|d_read_63                  |   in|   32|     ap_none|             d_read_63|        scalar|
|d_read_64                  |   in|   32|     ap_none|             d_read_64|        scalar|
|d_read_65                  |   in|   32|     ap_none|             d_read_65|        scalar|
|d_read_66                  |   in|   32|     ap_none|             d_read_66|        scalar|
+---------------------------+-----+-----+------------+----------------------+--------------+

