

================================================================
== Vitis HLS Report for 'handle_outcome'
================================================================
* Date:           Thu Oct 20 20:21:10 2022

* Version:        2022.1 (Build 3526262 on Mon Apr 18 15:48:16 MDT 2022)
* Project:        detector_solid
* Solution:       solution2 (Vitis Kernel Flow Target)
* Product family: zynq
* Target device:  xc7z020-clg484-1


================================================================
== Performance Estimates
================================================================
+ Timing: 
    * Summary: 
    +--------+----------+----------+------------+
    |  Clock |  Target  | Estimated| Uncertainty|
    +--------+----------+----------+------------+
    |ap_clk  |  18.00 ns|  6.195 ns|     4.86 ns|
    +--------+----------+----------+------------+

+ Latency: 
    * Summary: 
    +---------+---------+----------+----------+-----+-----+---------+
    |  Latency (cycles) |  Latency (absolute) |  Interval | Pipeline|
    |   min   |   max   |    min   |    max   | min | max |   Type  |
    +---------+---------+----------+----------+-----+-----+---------+
    |       22|       25|  0.396 us|  0.450 us|   22|   25|       no|
    +---------+---------+----------+----------+-----+-----+---------+

    + Detail: 
        * Instance: 
        N/A

        * Loop: 
        +----------+---------+---------+----------+-----------+-----------+------+----------+
        |          |  Latency (cycles) | Iteration|  Initiation Interval  | Trip |          |
        | Loop Name|   min   |   max   |  Latency |  achieved |   target  | Count| Pipelined|
        +----------+---------+---------+----------+-----------+-----------+------+----------+
        |- Loop 1  |       16|       16|         2|          -|          -|     8|        no|
        +----------+---------+---------+----------+-----------+-----------+------+----------+



================================================================
== Utilization Estimates
================================================================
* Summary: 
+-----------------+---------+-----+--------+-------+-----+
|       Name      | BRAM_18K| DSP |   FF   |  LUT  | URAM|
+-----------------+---------+-----+--------+-------+-----+
|DSP              |        -|    -|       -|      -|    -|
|Expression       |        -|    -|       0|     46|    -|
|FIFO             |        -|    -|       -|      -|    -|
|Instance         |        -|    -|       0|     65|    -|
|Memory           |        0|    -|     128|      8|    0|
|Multiplexer      |        -|    -|       -|    286|    -|
|Register         |        -|    -|     868|      -|    -|
+-----------------+---------+-----+--------+-------+-----+
|Total            |        0|    0|     996|    405|    0|
+-----------------+---------+-----+--------+-------+-----+
|Available        |      280|  220|  106400|  53200|    0|
+-----------------+---------+-----+--------+-------+-----+
|Utilization (%)  |        0|    0|      ~0|     ~0|    0|
+-----------------+---------+-----+--------+-------+-----+

+ Detail: 
    * Instance: 
    +--------------------+---------------+---------+----+---+----+-----+
    |      Instance      |     Module    | BRAM_18K| DSP| FF| LUT| URAM|
    +--------------------+---------------+---------+----+---+----+-----+
    |mux_168_8_1_1_U166  |mux_168_8_1_1  |        0|   0|  0|  65|    0|
    +--------------------+---------------+---------+----+---+----+-----+
    |Total               |               |        0|   0|  0|  65|    0|
    +--------------------+---------------+---------+----+---+----+-----+

    * DSP: 
    N/A

    * Memory: 
    +---------------+-------------------------------------+---------+----+----+-----+------+-----+------+-------------+
    |     Memory    |                Module               | BRAM_18K| FF | LUT| URAM| Words| Bits| Banks| W*Bits*Banks|
    +---------------+-------------------------------------+---------+----+----+-----+------+-----+------+-------------+
    |outcome_AOV_U  |compute_out_AOV_RAM_AUTO_1R1W        |        0|  64|   4|    0|     8|   32|     1|          256|
    |in_AOV_U       |handle_outcome_in_AOV_RAM_AUTO_1R1W  |        0|  64|   4|    0|     8|   32|     1|          256|
    +---------------+-------------------------------------+---------+----+----+-----+------+-----+------+-------------+
    |Total          |                                     |        0| 128|   8|    0|    16|   64|     2|          512|
    +---------------+-------------------------------------+---------+----+----+-----+------+-----+------+-------------+

    * FIFO: 
    N/A

    * Expression: 
    +-----------------------+----------+----+---+----+------------+------------+
    |     Variable Name     | Operation| DSP| FF| LUT| Bitwidth P0| Bitwidth P1|
    +-----------------------+----------+----+---+----+------------+------------+
    |empty_fu_563_p2        |         +|   0|  0|  13|           4|           1|
    |exitcond4_fu_557_p2    |      icmp|   0|  0|   9|           4|           5|
    |icmp_ln1065_fu_685_p2  |      icmp|   0|  0|  11|           8|           8|
    |icmp_ln450_fu_578_p2   |      icmp|   0|  0|  11|           8|           1|
    |ap_block_state1        |        or|   0|  0|   2|           1|           1|
    +-----------------------+----------+----+---+----+------------+------------+
    |Total                  |          |   0|  0|  46|          25|          16|
    +-----------------------+----------+----+---+----+------------+------------+

    * Multiplexer: 
    +----------------------+----+-----------+-----+-----------+
    |         Name         | LUT| Input Size| Bits| Total Bits|
    +----------------------+----+-----------+-----+-----------+
    |ap_NS_fsm             |  65|         12|    1|         12|
    |ap_done               |   9|          2|    1|          2|
    |destStream_blk_n      |   9|          2|    1|          2|
    |errorInTask_address0  |  14|          3|    4|         12|
    |failedTask            |   9|          2|   16|         32|
    |in_AOV_address0       |  31|          6|    3|         18|
    |in_AOV_address1       |  25|          5|    3|         15|
    |in_AOV_d0             |  25|          5|   32|        160|
    |in_AOV_d1             |  25|          5|   32|        160|
    |loop_index11_fu_188   |   9|          2|    4|          8|
    |outcomeInRam_we0      |   9|          2|   36|         72|
    |outcome_AOV_address0  |  31|          6|    3|         18|
    |outcome_AOV_address1  |  25|          5|    3|         15|
    +----------------------+----+-----------+-----+-----------+
    |Total                 | 286|         57|  139|        526|
    +----------------------+----+-----------+-----+-----------+

    * Register: 
    +---------------------------------+-----+----+-----+-----------+
    |               Name              |  FF | LUT| Bits| Const Bits|
    +---------------------------------+-----+----+-----+-----------+
    |ap_CS_fsm                        |   11|   0|   11|          0|
    |ap_done_reg                      |    1|   0|    1|          0|
    |destStream_read_reg_849          |  297|   0|  297|          0|
    |errorInTask_addr_reg_932         |    4|   0|    4|          0|
    |failedTask_preg                  |   16|   0|   16|          0|
    |icmp_ln1065_reg_941              |    1|   0|    1|          0|
    |icmp_ln450_reg_937               |    1|   0|    1|          0|
    |in_fault_reg_884                 |    1|   0|    1|          0|
    |loop_index11_cast_reg_919        |    4|   0|   64|         60|
    |loop_index11_fu_188              |    4|   0|    4|          0|
    |outcome_AOV_load_1_reg_960       |   32|   0|   32|          0|
    |outcome_AOV_load_2_reg_975       |   32|   0|   32|          0|
    |outcome_AOV_load_3_reg_980       |   32|   0|   32|          0|
    |outcome_AOV_load_4_reg_995       |   32|   0|   32|          0|
    |outcome_AOV_load_5_reg_1000      |   32|   0|   32|          0|
    |outcome_AOV_load_reg_955         |   32|   0|   32|          0|
    |p_ZL22failedTaskExecutionIds_0   |    8|   0|    8|          0|
    |p_ZL22failedTaskExecutionIds_1   |    8|   0|    8|          0|
    |p_ZL22failedTaskExecutionIds_10  |    8|   0|    8|          0|
    |p_ZL22failedTaskExecutionIds_11  |    8|   0|    8|          0|
    |p_ZL22failedTaskExecutionIds_12  |    8|   0|    8|          0|
    |p_ZL22failedTaskExecutionIds_13  |    8|   0|    8|          0|
    |p_ZL22failedTaskExecutionIds_14  |    8|   0|    8|          0|
    |p_ZL22failedTaskExecutionIds_15  |    8|   0|    8|          0|
    |p_ZL22failedTaskExecutionIds_2   |    8|   0|    8|          0|
    |p_ZL22failedTaskExecutionIds_3   |    8|   0|    8|          0|
    |p_ZL22failedTaskExecutionIds_4   |    8|   0|    8|          0|
    |p_ZL22failedTaskExecutionIds_5   |    8|   0|    8|          0|
    |p_ZL22failedTaskExecutionIds_6   |    8|   0|    8|          0|
    |p_ZL22failedTaskExecutionIds_7   |    8|   0|    8|          0|
    |p_ZL22failedTaskExecutionIds_8   |    8|   0|    8|          0|
    |p_ZL22failedTaskExecutionIds_9   |    8|   0|    8|          0|
    |tmp_executionId_V_reg_855        |    8|   0|    8|          0|
    |tmp_taskId_V_reg_877             |    8|   0|    8|          0|
    |trunc_ln145_1_reg_909            |   32|   0|   32|          0|
    |trunc_ln145_2_reg_914            |   32|   0|   32|          0|
    |trunc_ln145_7_reg_889            |   32|   0|   32|          0|
    |trunc_ln145_8_reg_894            |   32|   0|   32|          0|
    |trunc_ln145_9_reg_899            |   32|   0|   32|          0|
    |trunc_ln145_s_reg_904            |   32|   0|   32|          0|
    +---------------------------------+-----+----+-----+-----------+
    |Total                            |  868|   0|  928|         60|
    +---------------------------------+-----+----+-----+-----------+



================================================================
== Interface
================================================================
* Summary: 
+---------------------------+-----+-----+--------------+----------------+--------------+
|         RTL Ports         | Dir | Bits|   Protocol   |  Source Object |    C Type    |
+---------------------------+-----+-----+--------------+----------------+--------------+
|ap_clk                     |   in|    1|  ap_ctrl_none|  handle_outcome|  return value|
|ap_rst                     |   in|    1|  ap_ctrl_none|  handle_outcome|  return value|
|ap_start                   |   in|    1|  ap_ctrl_none|  handle_outcome|  return value|
|ap_done                    |  out|    1|  ap_ctrl_none|  handle_outcome|  return value|
|ap_continue                |   in|    1|  ap_ctrl_none|  handle_outcome|  return value|
|ap_idle                    |  out|    1|  ap_ctrl_none|  handle_outcome|  return value|
|ap_ready                   |  out|    1|  ap_ctrl_none|  handle_outcome|  return value|
|errorInTask_address0       |  out|    4|     ap_stable|     errorInTask|         array|
|errorInTask_ce0            |  out|    1|     ap_stable|     errorInTask|         array|
|errorInTask_we0            |  out|    1|     ap_stable|     errorInTask|         array|
|errorInTask_d0             |  out|    8|     ap_stable|     errorInTask|         array|
|errorInTask_q0             |   in|    8|     ap_stable|     errorInTask|         array|
|outcomeInRam_address0      |  out|    4|     ap_memory|    outcomeInRam|         array|
|outcomeInRam_ce0           |  out|    1|     ap_memory|    outcomeInRam|         array|
|outcomeInRam_we0           |  out|   36|     ap_memory|    outcomeInRam|         array|
|outcomeInRam_d0            |  out|  288|     ap_memory|    outcomeInRam|         array|
|failedTask                 |  out|   16|        ap_vld|      failedTask|       pointer|
|failedTask_ap_vld          |  out|    1|        ap_vld|      failedTask|       pointer|
|destStream_dout            |   in|  297|       ap_fifo|      destStream|       pointer|
|destStream_num_data_valid  |   in|    2|       ap_fifo|      destStream|       pointer|
|destStream_fifo_cap        |   in|    2|       ap_fifo|      destStream|       pointer|
|destStream_empty_n         |   in|    1|       ap_fifo|      destStream|       pointer|
|destStream_read            |  out|    1|       ap_fifo|      destStream|       pointer|
+---------------------------+-----+-----+--------------+----------------+--------------+

