

================================================================
== Vitis HLS Report for 'insert_point'
================================================================
* Date:           Wed Oct 19 19:20:58 2022

* Version:        2021.2 (Build 3367213 on Tue Oct 19 02:48:09 MDT 2021)
* Project:        detector_solid
* Solution:       solution2 (Vitis Kernel Flow Target)
* Product family: zynq
* Target device:  xc7z020-clg484-1


================================================================
== Performance Estimates
================================================================
+ Timing: 
    * Summary: 
    +--------+----------+-----------+------------+
    |  Clock |  Target  | Estimated | Uncertainty|
    +--------+----------+-----------+------------+
    |ap_clk  |  18.00 ns|  13.694 ns|     4.86 ns|
    +--------+----------+-----------+------------+

+ Latency: 
    * Summary: 
    +---------+---------+-----------+-----------+-----+------+---------+
    |  Latency (cycles) |   Latency (absolute)  |  Interval  | Pipeline|
    |   min   |   max   |    min    |    max    | min |  max |   Type  |
    +---------+---------+-----------+-----------+-----+------+---------+
    |        1|     1277|  18.000 ns|  22.986 us|    1|  1277|       no|
    +---------+---------+-----------+-----------+-----+------+---------+

    + Detail: 
        * Instance: 
        +----------------------------------------------------+----------------------------------------+---------+---------+----------+-----------+-----+------+---------+
        |                                                    |                                        |  Latency (cycles) |  Latency (absolute)  |  Interval  | Pipeline|
        |                      Instance                      |                 Module                 |   min   |   max   |    min   |    max    | min |  max |   Type  |
        +----------------------------------------------------+----------------------------------------+---------+---------+----------+-----------+-----+------+---------+
        |grp_insert_point_Pipeline_VITIS_LOOP_271_1_fu_1001  |insert_point_Pipeline_VITIS_LOOP_271_1  |       46|     1134|  0.828 us|  20.412 us|   46|  1134|       no|
        +----------------------------------------------------+----------------------------------------+---------+---------+----------+-----------+-----+------+---------+

        * Loop: 
        +-----------------------+---------+---------+----------+-----------+-----------+-------+----------+
        |                       |  Latency (cycles) | Iteration|  Initiation Interval  |  Trip |          |
        |       Loop Name       |   min   |   max   |  Latency |  achieved |   target  | Count | Pipelined|
        +-----------------------+---------+---------+----------+-----------+-----------+-------+----------+
        |- is_valid_label2      |        3|       26|         3|          -|          -|  1 ~ 8|        no|
        |- insert_point_label4  |        8|        8|         1|          -|          -|      8|        no|
        |- insert_point_label6  |       96|       96|        12|          -|          -|      8|        no|
        +-----------------------+---------+---------+----------+-----------+-----------+-------+----------+



================================================================
== Utilization Estimates
================================================================
* Summary: 
+-----------------+---------+-----+--------+-------+-----+
|       Name      | BRAM_18K| DSP |   FF   |  LUT  | URAM|
+-----------------+---------+-----+--------+-------+-----+
|DSP              |        -|    -|       -|      -|    -|
|Expression       |        -|    -|       0|   1474|    -|
|FIFO             |        -|    -|       -|      -|    -|
|Instance         |        -|   22|    6376|   9263|    -|
|Memory           |        -|    -|       -|      -|    -|
|Multiplexer      |        -|    -|       -|   1536|    -|
|Register         |        -|    -|    1844|      -|    -|
+-----------------+---------+-----+--------+-------+-----+
|Total            |        0|   22|    8220|  12273|    0|
+-----------------+---------+-----+--------+-------+-----+
|Available        |      280|  220|  106400|  53200|    0|
+-----------------+---------+-----+--------+-------+-----+
|Utilization (%)  |        0|   10|       7|     23|    0|
+-----------------+---------+-----+--------+-------+-----+

+ Detail: 
    * Instance: 
    +----------------------------------------------------+----------------------------------------+---------+----+------+------+-----+
    |                      Instance                      |                 Module                 | BRAM_18K| DSP|  FF  |  LUT | URAM|
    +----------------------------------------------------+----------------------------------------+---------+----+------+------+-----+
    |faddfsub_32ns_32ns_32_4_full_dsp_1_U58              |faddfsub_32ns_32ns_32_4_full_dsp_1      |        0|   2|   227|   403|    0|
    |fcmp_32ns_32ns_1_2_no_dsp_1_U60                     |fcmp_32ns_32ns_1_2_no_dsp_1             |        0|   0|     0|     0|    0|
    |fcmp_32ns_32ns_1_2_no_dsp_1_U61                     |fcmp_32ns_32ns_1_2_no_dsp_1             |        0|   0|     0|     0|    0|
    |fmul_32ns_32ns_32_2_max_dsp_1_U59                   |fmul_32ns_32ns_32_2_max_dsp_1           |        0|   3|   128|   320|    0|
    |grp_insert_point_Pipeline_VITIS_LOOP_271_1_fu_1001  |insert_point_Pipeline_VITIS_LOOP_271_1  |        0|  17|  6021|  8420|    0|
    |mux_21_32_1_1_U64                                   |mux_21_32_1_1                           |        0|   0|     0|     9|    0|
    |mux_21_32_1_1_U65                                   |mux_21_32_1_1                           |        0|   0|     0|     9|    0|
    |mux_21_32_1_1_U66                                   |mux_21_32_1_1                           |        0|   0|     0|     9|    0|
    |mux_21_32_1_1_U67                                   |mux_21_32_1_1                           |        0|   0|     0|     9|    0|
    |mux_84_32_1_1_U62                                   |mux_84_32_1_1                           |        0|   0|     0|    42|    0|
    |mux_84_32_1_1_U63                                   |mux_84_32_1_1                           |        0|   0|     0|    42|    0|
    +----------------------------------------------------+----------------------------------------+---------+----+------+------+-----+
    |Total                                               |                                        |        0|  22|  6376|  9263|    0|
    +----------------------------------------------------+----------------------------------------+---------+----+------+------+-----+

    * DSP: 
    N/A

    * Memory: 
    N/A

    * FIFO: 
    N/A

    * Expression: 
    +-------------------------+----------+----+---+----+------------+------------+
    |      Variable Name      | Operation| DSP| FF| LUT| Bitwidth P0| Bitwidth P1|
    +-------------------------+----------+----+---+----+------------+------------+
    |add_ln251_fu_1817_p2     |         +|   0|  0|  13|           4|           1|
    |add_ln252_10_fu_1791_p2  |         +|   0|  0|  12|          12|          12|
    |add_ln252_11_fu_1801_p2  |         +|   0|  0|  12|          12|          12|
    |add_ln252_1_fu_1606_p2   |         +|   0|  0|  14|           9|           9|
    |add_ln252_2_fu_1623_p2   |         +|   0|  0|  14|           9|           9|
    |add_ln252_3_fu_1640_p2   |         +|   0|  0|  14|           9|           9|
    |add_ln252_4_fu_1657_p2   |         +|   0|  0|  14|           9|           9|
    |add_ln252_5_fu_1674_p2   |         +|   0|  0|  14|           9|           9|
    |add_ln252_6_fu_1751_p2   |         +|   0|  0|  12|          12|          12|
    |add_ln252_7_fu_1761_p2   |         +|   0|  0|  12|          12|          12|
    |add_ln252_8_fu_1771_p2   |         +|   0|  0|  12|          12|          12|
    |add_ln252_9_fu_1781_p2   |         +|   0|  0|  12|          12|          12|
    |add_ln252_fu_1589_p2     |         +|   0|  0|  14|           9|           9|
    |add_ln357_fu_2735_p2     |         +|   0|  0|  13|           4|           1|
    |add_ln358_1_fu_1999_p2   |         +|   0|  0|  13|          10|          10|
    |add_ln358_2_fu_2544_p2   |         +|   0|  0|  14|           9|           9|
    |add_ln358_3_fu_2557_p2   |         +|   0|  0|  14|           9|           9|
    |add_ln358_4_fu_2629_p2   |         +|   0|  0|  12|          12|          12|
    |add_ln358_5_fu_2639_p2   |         +|   0|  0|  12|          12|          12|
    |add_ln358_6_fu_2649_p2   |         +|   0|  0|  12|          12|          12|
    |add_ln358_7_fu_2659_p2   |         +|   0|  0|  12|          12|          12|
    |add_ln358_fu_1892_p2     |         +|   0|  0|  13|          10|          10|
    |add_ln361_1_fu_2213_p2   |         +|   0|  0|  13|          10|          10|
    |add_ln361_2_fu_2570_p2   |         +|   0|  0|  14|           9|           9|
    |add_ln361_3_fu_2583_p2   |         +|   0|  0|  14|           9|           9|
    |add_ln361_4_fu_2669_p2   |         +|   0|  0|  12|          12|          12|
    |add_ln361_5_fu_2679_p2   |         +|   0|  0|  12|          12|          12|
    |add_ln361_6_fu_2689_p2   |         +|   0|  0|  12|          12|          12|
    |add_ln361_7_fu_2699_p2   |         +|   0|  0|  12|          12|          12|
    |add_ln361_fu_2106_p2     |         +|   0|  0|  13|          10|          10|
    |add_ln364_1_fu_2609_p2   |         +|   0|  0|  14|           9|           9|
    |add_ln364_2_fu_2709_p2   |         +|   0|  0|  12|          12|          12|
    |add_ln364_3_fu_2719_p2   |         +|   0|  0|  12|          12|          12|
    |add_ln364_fu_2596_p2     |         +|   0|  0|  14|           9|           9|
    |add_ln376_1_fu_2427_p2   |         +|   0|  0|  13|          10|          10|
    |add_ln376_fu_2320_p2     |         +|   0|  0|  13|          10|          10|
    |add_ln76_fu_1555_p2      |         +|   0|  0|  13|           4|           1|
    |add_ln885_fu_1848_p2     |         +|   0|  0|  15|           8|           1|
    |and_ln358_1_fu_2837_p2   |       and|   0|  0|   2|           1|           1|
    |and_ln358_fu_2831_p2     |       and|   0|  0|   2|           1|           1|
    |and_ln361_1_fu_2939_p2   |       and|   0|  0|   2|           1|           1|
    |and_ln361_fu_2933_p2     |       and|   0|  0|   2|           1|           1|
    |and_ln79_fu_1734_p2      |       and|   0|  0|   2|           1|           1|
    |icmp_ln1064_fu_1853_p2   |      icmp|   0|  0|  11|           8|           5|
    |icmp_ln251_fu_1811_p2    |      icmp|   0|  0|   9|           4|           5|
    |icmp_ln357_fu_2729_p2    |      icmp|   0|  0|   9|           4|           5|
    |icmp_ln358_1_fu_2801_p2  |      icmp|   0|  0|  15|          23|           1|
    |icmp_ln358_2_fu_2813_p2  |      icmp|   0|  0|  11|           8|           2|
    |icmp_ln358_3_fu_2819_p2  |      icmp|   0|  0|  15|          23|           1|
    |icmp_ln358_fu_2795_p2    |      icmp|   0|  0|  11|           8|           2|
    |icmp_ln361_1_fu_2903_p2  |      icmp|   0|  0|  15|          23|           1|
    |icmp_ln361_2_fu_2915_p2  |      icmp|   0|  0|  11|           8|           2|
    |icmp_ln361_3_fu_2921_p2  |      icmp|   0|  0|  15|          23|           1|
    |icmp_ln361_fu_2897_p2    |      icmp|   0|  0|  11|           8|           2|
    |icmp_ln76_fu_1549_p2     |      icmp|   0|  0|   9|           4|           5|
    |icmp_ln79_2_fu_1718_p2   |      icmp|   0|  0|  15|          23|           1|
    |icmp_ln79_fu_1712_p2     |      icmp|   0|  0|  11|           8|           2|
    |or_ln358_1_fu_2825_p2    |        or|   0|  0|   2|           1|           1|
    |or_ln358_fu_2807_p2      |        or|   0|  0|   2|           1|           1|
    |or_ln361_1_fu_2927_p2    |        or|   0|  0|   2|           1|           1|
    |or_ln361_fu_2909_p2      |        or|   0|  0|   2|           1|           1|
    |or_ln376_10_fu_1287_p2   |        or|   0|  0|  12|          12|           6|
    |or_ln376_11_fu_1302_p2   |        or|   0|  0|  12|          12|           6|
    |or_ln376_12_fu_1317_p2   |        or|   0|  0|  12|          12|           6|
    |or_ln376_13_fu_1332_p2   |        or|   0|  0|  12|          12|           6|
    |or_ln376_14_fu_1347_p2   |        or|   0|  0|  12|          12|           6|
    |or_ln376_15_fu_1362_p2   |        or|   0|  0|  12|          12|           6|
    |or_ln376_16_fu_1409_p2   |        or|   0|  0|  12|          12|           6|
    |or_ln376_17_fu_1424_p2   |        or|   0|  0|  12|          12|           6|
    |or_ln376_18_fu_1439_p2   |        or|   0|  0|  12|          12|           6|
    |or_ln376_19_fu_1454_p2   |        or|   0|  0|  12|          12|           6|
    |or_ln376_1_fu_1120_p2    |        or|   0|  0|  12|          12|           6|
    |or_ln376_20_fu_1469_p2   |        or|   0|  0|  12|          12|           6|
    |or_ln376_21_fu_1484_p2   |        or|   0|  0|  12|          12|           6|
    |or_ln376_22_fu_1499_p2   |        or|   0|  0|  12|          12|           6|
    |or_ln376_23_fu_1514_p2   |        or|   0|  0|  12|          12|           6|
    |or_ln376_24_fu_1922_p2   |        or|   0|  0|  12|          12|           1|
    |or_ln376_25_fu_1933_p2   |        or|   0|  0|  12|          12|           2|
    |or_ln376_26_fu_1944_p2   |        or|   0|  0|  12|          12|           2|
    |or_ln376_27_fu_1955_p2   |        or|   0|  0|  12|          12|           3|
    |or_ln376_28_fu_1966_p2   |        or|   0|  0|  12|          12|           3|
    |or_ln376_29_fu_1977_p2   |        or|   0|  0|  12|          12|           3|
    |or_ln376_2_fu_1135_p2    |        or|   0|  0|  12|          12|           6|
    |or_ln376_30_fu_1988_p2   |        or|   0|  0|  12|          12|           3|
    |or_ln376_31_fu_2029_p2   |        or|   0|  0|  12|          12|           1|
    |or_ln376_32_fu_2040_p2   |        or|   0|  0|  12|          12|           2|
    |or_ln376_33_fu_2051_p2   |        or|   0|  0|  12|          12|           2|
    |or_ln376_34_fu_2062_p2   |        or|   0|  0|  12|          12|           3|
    |or_ln376_35_fu_2073_p2   |        or|   0|  0|  12|          12|           3|
    |or_ln376_36_fu_2084_p2   |        or|   0|  0|  12|          12|           3|
    |or_ln376_37_fu_2095_p2   |        or|   0|  0|  12|          12|           3|
    |or_ln376_38_fu_2136_p2   |        or|   0|  0|  12|          12|           1|
    |or_ln376_39_fu_2147_p2   |        or|   0|  0|  12|          12|           2|
    |or_ln376_3_fu_1150_p2    |        or|   0|  0|  12|          12|           6|
    |or_ln376_40_fu_2158_p2   |        or|   0|  0|  12|          12|           2|
    |or_ln376_41_fu_2169_p2   |        or|   0|  0|  12|          12|           3|
    |or_ln376_42_fu_2180_p2   |        or|   0|  0|  12|          12|           3|
    |or_ln376_43_fu_2191_p2   |        or|   0|  0|  12|          12|           3|
    |or_ln376_44_fu_2202_p2   |        or|   0|  0|  12|          12|           3|
    |or_ln376_45_fu_2243_p2   |        or|   0|  0|  12|          12|           1|
    |or_ln376_46_fu_2254_p2   |        or|   0|  0|  12|          12|           2|
    |or_ln376_47_fu_2265_p2   |        or|   0|  0|  12|          12|           2|
    |or_ln376_48_fu_2276_p2   |        or|   0|  0|  12|          12|           3|
    |or_ln376_49_fu_2287_p2   |        or|   0|  0|  12|          12|           3|
    |or_ln376_4_fu_1165_p2    |        or|   0|  0|  12|          12|           6|
    |or_ln376_50_fu_2298_p2   |        or|   0|  0|  12|          12|           3|
    |or_ln376_51_fu_2309_p2   |        or|   0|  0|  12|          12|           3|
    |or_ln376_52_fu_2350_p2   |        or|   0|  0|  12|          12|           1|
    |or_ln376_53_fu_2361_p2   |        or|   0|  0|  12|          12|           2|
    |or_ln376_54_fu_2372_p2   |        or|   0|  0|  12|          12|           2|
    |or_ln376_55_fu_2383_p2   |        or|   0|  0|  12|          12|           3|
    |or_ln376_56_fu_2394_p2   |        or|   0|  0|  12|          12|           3|
    |or_ln376_57_fu_2405_p2   |        or|   0|  0|  12|          12|           3|
    |or_ln376_58_fu_2416_p2   |        or|   0|  0|  12|          12|           3|
    |or_ln376_59_fu_2457_p2   |        or|   0|  0|  12|          12|           1|
    |or_ln376_5_fu_1180_p2    |        or|   0|  0|  12|          12|           6|
    |or_ln376_60_fu_2468_p2   |        or|   0|  0|  12|          12|           2|
    |or_ln376_61_fu_2479_p2   |        or|   0|  0|  12|          12|           2|
    |or_ln376_62_fu_2490_p2   |        or|   0|  0|  12|          12|           3|
    |or_ln376_63_fu_2501_p2   |        or|   0|  0|  12|          12|           3|
    |or_ln376_64_fu_2512_p2   |        or|   0|  0|  12|          12|           3|
    |or_ln376_65_fu_2523_p2   |        or|   0|  0|  12|          12|           3|
    |or_ln376_6_fu_1195_p2    |        or|   0|  0|  12|          12|           6|
    |or_ln376_7_fu_1210_p2    |        or|   0|  0|  12|          12|           6|
    |or_ln376_8_fu_1257_p2    |        or|   0|  0|  12|          12|           6|
    |or_ln376_9_fu_1272_p2    |        or|   0|  0|  12|          12|           6|
    |or_ln376_fu_1105_p2      |        or|   0|  0|  12|          12|           6|
    |or_ln79_2_fu_1728_p2     |        or|   0|  0|   2|           1|           1|
    |or_ln79_fu_1724_p2       |        or|   0|  0|   2|           1|           1|
    +-------------------------+----------+----+---+----+------------+------------+
    |Total                    |          |   0|  0|1474|        1358|         656|
    +-------------------------+----------+----+---+----+------------+------------+

    * Multiplexer: 
    +---------------------------+-----+-----------+-----+-----------+
    |            Name           | LUT | Input Size| Bits| Total Bits|
    +---------------------------+-----+-----------+-----+-----------+
    |ap_NS_fsm                  |  134|         30|    1|         30|
    |ap_return                  |    9|          2|    8|         16|
    |empty_71_reg_966           |    9|          2|   32|         64|
    |empty_72_reg_976           |    9|          2|   32|         64|
    |grp_fu_1025_ce             |    9|          2|    1|          2|
    |grp_fu_1025_opcode         |   14|          3|    2|          6|
    |grp_fu_1025_p0             |   14|          3|   32|         96|
    |grp_fu_1025_p1             |   14|          3|   32|         96|
    |grp_fu_1031_ce             |    9|          2|    1|          2|
    |grp_fu_1031_p0             |   14|          3|   32|         96|
    |grp_fu_1031_p1             |   14|          3|   32|         96|
    |grp_fu_1036_ce             |    9|          2|    1|          2|
    |grp_fu_1036_opcode         |   31|          6|    5|         30|
    |grp_fu_1036_p0             |   31|          6|   32|        192|
    |grp_fu_1036_p1             |   31|          6|   32|        192|
    |grp_fu_1042_ce             |    9|          2|    1|          2|
    |grp_fu_1042_opcode         |   14|          3|    5|         15|
    |grp_fu_1042_p0             |   14|          3|   32|         96|
    |grp_fu_1042_p1             |   14|          3|   32|         96|
    |i_2_fu_176                 |    9|          2|    4|          8|
    |i_3_fu_180                 |    9|          2|    4|          8|
    |i_fu_172                   |    9|          2|    4|          8|
    |phi_ln380_reg_986          |   14|          3|    8|         24|
    |regions_center_0_address0  |   42|          8|   12|         96|
    |regions_center_0_address1  |   31|          6|   12|         72|
    |regions_center_0_ce0       |   14|          3|    1|          3|
    |regions_center_0_ce1       |   14|          3|    1|          3|
    |regions_center_0_d0        |   37|          7|   32|        224|
    |regions_center_0_d1        |   25|          5|   32|        160|
    |regions_center_1_address0  |   59|         11|   12|        132|
    |regions_center_1_address1  |   59|         11|   12|        132|
    |regions_center_1_ce0       |   14|          3|    1|          3|
    |regions_center_1_ce1       |   14|          3|    1|          3|
    |regions_center_1_d0        |   25|          5|   32|        160|
    |regions_center_1_d1        |   25|          5|   32|        160|
    |regions_max_0_address0     |   42|          8|   12|         96|
    |regions_max_0_address1     |   42|          8|   12|         96|
    |regions_max_0_ce0          |   14|          3|    1|          3|
    |regions_max_0_ce1          |   14|          3|    1|          3|
    |regions_max_0_d0           |   25|          5|   32|        160|
    |regions_max_0_d1           |   25|          5|   32|        160|
    |regions_max_1_address0     |   65|         12|   12|        144|
    |regions_max_1_address1     |   59|         11|   12|        132|
    |regions_max_1_ce0          |   14|          3|    1|          3|
    |regions_max_1_ce1          |   14|          3|    1|          3|
    |regions_max_1_d0           |   25|          5|   32|        160|
    |regions_max_1_d1           |   25|          5|   32|        160|
    |regions_min_0_address0     |   42|          8|   12|         96|
    |regions_min_0_address1     |   42|          8|   12|         96|
    |regions_min_0_ce0          |   14|          3|    1|          3|
    |regions_min_0_ce1          |   14|          3|    1|          3|
    |regions_min_0_d0           |   25|          5|   32|        160|
    |regions_min_0_d1           |   25|          5|   32|        160|
    |regions_min_1_address0     |   65|         12|   12|        144|
    |regions_min_1_address1     |   65|         12|   12|        144|
    |regions_min_1_ce0          |   14|          3|    1|          3|
    |regions_min_1_ce1          |   14|          3|    1|          3|
    |regions_min_1_d0           |   25|          5|   32|        160|
    |regions_min_1_d1           |   25|          5|   32|        160|
    +---------------------------+-----+-----------+-----+-----------+
    |Total                      | 1536|        308|  905|       4641|
    +---------------------------+-----+-----------+-----+-----------+

    * Register: 
    +-----------------------------------------------------------------+----+----+-----+-----------+
    |                               Name                              | FF | LUT| Bits| Const Bits|
    +-----------------------------------------------------------------+----+----+-----+-----------+
    |add_ln357_reg_3673                                               |   4|   0|    4|          0|
    |add_ln76_reg_3227                                                |   4|   0|    4|          0|
    |add_reg_3716                                                     |  32|   0|   32|          0|
    |ap_CS_fsm                                                        |  29|   0|   29|          0|
    |ap_return_preg                                                   |   8|   0|    8|          0|
    |cmp_i_i1_reg_3280                                                |   1|   0|    1|          0|
    |conv_reg_3721                                                    |  32|   0|   32|          0|
    |empty_71_reg_966                                                 |  32|   0|   32|          0|
    |empty_72_reg_976                                                 |  32|   0|   32|          0|
    |empty_reg_3276                                                   |   1|   0|    1|          0|
    |grp_insert_point_Pipeline_VITIS_LOOP_271_1_fu_1001_ap_start_reg  |   1|   0|    1|          0|
    |i_2_fu_176                                                       |   4|   0|    4|          0|
    |i_3_fu_180                                                       |   4|   0|    4|          0|
    |i_fu_172                                                         |   4|   0|    4|          0|
    |icmp_ln79_2_reg_3289                                             |   1|   0|    1|          0|
    |icmp_ln79_reg_3284                                               |   1|   0|    1|          0|
    |merge_1_loc_fu_164                                               |  10|   0|   10|          0|
    |merge_2_loc_fu_168                                               |  10|   0|   10|          0|
    |p_x_assign_reg_3232                                              |  32|   0|   32|          0|
    |phi_ln380_reg_986                                                |   8|   0|    8|          0|
    |reg_1047                                                         |  32|   0|   32|          0|
    |reg_1053                                                         |  32|   0|   32|          0|
    |reg_1059                                                         |  32|   0|   32|          0|
    |reg_1065                                                         |  32|   0|   32|          0|
    |reg_1071                                                         |  32|   0|   32|          0|
    |reg_1078                                                         |  32|   0|   32|          0|
    |regions_center_0_addr_16_reg_3507                                |   9|   0|   12|          3|
    |regions_center_0_addr_17_reg_3512                                |   9|   0|   12|          3|
    |regions_center_0_addr_18_reg_3517                                |   9|   0|   12|          3|
    |regions_center_0_addr_19_reg_3522                                |   9|   0|   12|          3|
    |regions_center_0_addr_20_reg_3527                                |   9|   0|   12|          3|
    |regions_center_0_addr_21_reg_3532                                |   9|   0|   12|          3|
    |regions_center_0_addr_22_reg_3537                                |   9|   0|   12|          3|
    |regions_center_0_addr_23_reg_3542                                |   9|   0|   12|          3|
    |regions_center_0_addr_24_reg_3660                                |  12|   0|   12|          0|
    |regions_center_1_addr_16_reg_3037                                |   6|   0|   12|          6|
    |regions_center_1_addr_17_reg_3042                                |   6|   0|   12|          6|
    |regions_center_1_addr_18_reg_3047                                |   6|   0|   12|          6|
    |regions_center_1_addr_19_reg_3052                                |   6|   0|   12|          6|
    |regions_center_1_addr_20_reg_3057                                |   6|   0|   12|          6|
    |regions_center_1_addr_21_reg_3062                                |   6|   0|   12|          6|
    |regions_center_1_addr_22_reg_3067                                |   6|   0|   12|          6|
    |regions_center_1_addr_23_reg_3072                                |   6|   0|   12|          6|
    |regions_center_1_addr_24_reg_3547                                |   9|   0|   12|          3|
    |regions_center_1_addr_25_reg_3552                                |   9|   0|   12|          3|
    |regions_center_1_addr_26_reg_3557                                |   9|   0|   12|          3|
    |regions_center_1_addr_27_reg_3562                                |   9|   0|   12|          3|
    |regions_center_1_addr_28_reg_3567                                |   9|   0|   12|          3|
    |regions_center_1_addr_29_reg_3572                                |   9|   0|   12|          3|
    |regions_center_1_addr_30_reg_3577                                |   9|   0|   12|          3|
    |regions_center_1_addr_31_reg_3582                                |   9|   0|   12|          3|
    |regions_center_1_addr_32_reg_3665                                |  12|   0|   12|          0|
    |regions_center_1_load_17_reg_3751                                |  32|   0|   32|          0|
    |regions_center_1_load_18_reg_3757                                |  32|   0|   32|          0|
    |regions_center_1_load_19_reg_3787                                |  32|   0|   32|          0|
    |regions_center_1_load_20_reg_3793                                |  32|   0|   32|          0|
    |regions_max_0_addr_16_reg_3422                                   |   9|   0|   12|          3|
    |regions_max_0_addr_17_reg_3427                                   |   9|   0|   12|          3|
    |regions_max_0_addr_18_reg_3432                                   |   9|   0|   12|          3|
    |regions_max_0_addr_19_reg_3437                                   |   9|   0|   12|          3|
    |regions_max_0_addr_20_reg_3442                                   |   9|   0|   12|          3|
    |regions_max_0_addr_21_reg_3447                                   |   9|   0|   12|          3|
    |regions_max_0_addr_22_reg_3452                                   |   9|   0|   12|          3|
    |regions_max_0_addr_23_reg_3457                                   |   9|   0|   12|          3|
    |regions_max_0_addr_24_reg_3639                                   |  12|   0|   12|          0|
    |regions_max_0_addr_25_reg_3644                                   |  12|   0|   12|          0|
    |regions_max_1_addr_16_reg_3101                                   |   6|   0|   12|          6|
    |regions_max_1_addr_17_reg_3106                                   |   6|   0|   12|          6|
    |regions_max_1_addr_18_reg_3111                                   |   6|   0|   12|          6|
    |regions_max_1_addr_19_reg_3116                                   |   6|   0|   12|          6|
    |regions_max_1_addr_20_reg_3121                                   |   6|   0|   12|          6|
    |regions_max_1_addr_21_reg_3126                                   |   6|   0|   12|          6|
    |regions_max_1_addr_22_reg_3131                                   |   6|   0|   12|          6|
    |regions_max_1_addr_23_reg_3136                                   |   6|   0|   12|          6|
    |regions_max_1_addr_24_reg_3467                                   |   9|   0|   12|          3|
    |regions_max_1_addr_25_reg_3472                                   |   9|   0|   12|          3|
    |regions_max_1_addr_26_reg_3477                                   |   9|   0|   12|          3|
    |regions_max_1_addr_27_reg_3482                                   |   9|   0|   12|          3|
    |regions_max_1_addr_28_reg_3487                                   |   9|   0|   12|          3|
    |regions_max_1_addr_29_reg_3492                                   |   9|   0|   12|          3|
    |regions_max_1_addr_30_reg_3497                                   |   9|   0|   12|          3|
    |regions_max_1_addr_31_reg_3502                                   |   9|   0|   12|          3|
    |regions_max_1_addr_32_reg_3650                                   |  12|   0|   12|          0|
    |regions_max_1_addr_33_reg_3655                                   |  12|   0|   12|          0|
    |regions_max_1_load_17_reg_3739                                   |  32|   0|   32|          0|
    |regions_max_1_load_18_reg_3745                                   |  32|   0|   32|          0|
    |regions_max_1_load_19_reg_3775                                   |  32|   0|   32|          0|
    |regions_max_1_load_20_reg_3781                                   |  32|   0|   32|          0|
    |regions_min_0_addr_16_reg_3332                                   |   9|   0|   12|          3|
    |regions_min_0_addr_17_reg_3337                                   |   9|   0|   12|          3|
    |regions_min_0_addr_18_reg_3342                                   |   9|   0|   12|          3|
    |regions_min_0_addr_19_reg_3347                                   |   9|   0|   12|          3|
    |regions_min_0_addr_20_reg_3352                                   |   9|   0|   12|          3|
    |regions_min_0_addr_21_reg_3357                                   |   9|   0|   12|          3|
    |regions_min_0_addr_22_reg_3362                                   |   9|   0|   12|          3|
    |regions_min_0_addr_23_reg_3367                                   |   9|   0|   12|          3|
    |regions_min_0_addr_25_reg_3622                                   |  12|   0|   12|          0|
    |regions_min_1_addr_16_reg_3165                                   |   6|   0|   12|          6|
    |regions_min_1_addr_17_reg_3170                                   |   6|   0|   12|          6|
    |regions_min_1_addr_18_reg_3175                                   |   6|   0|   12|          6|
    |regions_min_1_addr_19_reg_3180                                   |   6|   0|   12|          6|
    |regions_min_1_addr_20_reg_3185                                   |   6|   0|   12|          6|
    |regions_min_1_addr_21_reg_3190                                   |   6|   0|   12|          6|
    |regions_min_1_addr_22_reg_3195                                   |   6|   0|   12|          6|
    |regions_min_1_addr_23_reg_3200                                   |   6|   0|   12|          6|
    |regions_min_1_addr_24_reg_3377                                   |   9|   0|   12|          3|
    |regions_min_1_addr_25_reg_3382                                   |   9|   0|   12|          3|
    |regions_min_1_addr_27_reg_3633                                   |  12|   0|   12|          0|
    |regions_min_1_addr_28_reg_3387                                   |   9|   0|   12|          3|
    |regions_min_1_addr_29_reg_3392                                   |   9|   0|   12|          3|
    |regions_min_1_addr_30_reg_3397                                   |   9|   0|   12|          3|
    |regions_min_1_addr_31_reg_3402                                   |   9|   0|   12|          3|
    |regions_min_1_addr_32_reg_3407                                   |   9|   0|   12|          3|
    |regions_min_1_addr_33_reg_3412                                   |   9|   0|   12|          3|
    |regions_min_1_load_17_reg_3727                                   |  32|   0|   32|          0|
    |regions_min_1_load_18_reg_3733                                   |  32|   0|   32|          0|
    |regions_min_1_load_19_reg_3763                                   |  32|   0|   32|          0|
    |regions_min_1_load_20_reg_3769                                   |  32|   0|   32|          0|
    |tmp_131_reg_3077                                                 |   6|   0|    9|          3|
    |tmp_132_reg_3089                                                 |   6|   0|    9|          3|
    |tmp_142_reg_3141                                                 |   6|   0|    9|          3|
    |tmp_143_reg_3153                                                 |   6|   0|    9|          3|
    |tmp_153_reg_3205                                                 |   6|   0|    9|          3|
    |tmp_157_cast_reg_3246                                            |   9|   0|   12|          3|
    |tmp_159_cast_reg_3251                                            |   9|   0|   12|          3|
    |tmp_161_cast_reg_3256                                            |   9|   0|   12|          3|
    |tmp_163_cast_reg_3261                                            |   9|   0|   12|          3|
    |tmp_165_cast_reg_3266                                            |   9|   0|   12|          3|
    |tmp_167_cast_reg_3271                                            |   9|   0|   12|          3|
    |tmp_193_cast_reg_3327                                            |   9|   0|   12|          3|
    |tmp_195_cast_reg_3372                                            |   9|   0|   12|          3|
    |tmp_197_cast_reg_3417                                            |   9|   0|   12|          3|
    |tmp_199_cast_reg_3462                                            |   9|   0|   12|          3|
    |tmp_206_cast_reg_3587                                            |   9|   0|   12|          3|
    |tmp_208_cast_reg_3592                                            |   9|   0|   12|          3|
    |tmp_210_cast_reg_3597                                            |   9|   0|   12|          3|
    |tmp_212_cast_reg_3602                                            |   9|   0|   12|          3|
    |tmp_214_cast_reg_3607                                            |   9|   0|   12|          3|
    |tmp_216_cast_reg_3612                                            |   9|   0|   12|          3|
    |tmp_71_reg_3678                                                  |  32|   0|   32|          0|
    |tmp_72_reg_3687                                                  |  32|   0|   32|          0|
    |tmp_73_reg_3697                                                  |  32|   0|   32|          0|
    |tmp_74_reg_3706                                                  |  32|   0|   32|          0|
    |tmp_s_reg_3025                                                   |   6|   0|    9|          3|
    |trunc_ln260_2_reg_3321                                           |   1|   0|    1|          0|
    |trunc_ln260_reg_3315                                             |   1|   0|    1|          0|
    |zext_ln244_reg_3212                                              |   6|   0|   10|          4|
    |zext_ln252_1_reg_3148                                            |   6|   0|   10|          4|
    |zext_ln252_reg_3084                                              |   6|   0|   10|          4|
    |zext_ln376_1_reg_3096                                            |   6|   0|   10|          4|
    |zext_ln376_2_reg_3160                                            |   6|   0|   10|          4|
    |zext_ln376_reg_3032                                              |   6|   0|   10|          4|
    +-----------------------------------------------------------------+----+----+-----+-----------+
    |Total                                                            |1844|   0| 2222|        378|
    +-----------------------------------------------------------------+----+----+-----+-----------+



================================================================
== Interface
================================================================
* Summary: 
+---------------------------+-----+-----+------------+-------------------------+--------------+
|         RTL Ports         | Dir | Bits|  Protocol  |      Source Object      |    C Type    |
+---------------------------+-----+-----+------------+-------------------------+--------------+
|ap_clk                     |   in|    1|  ap_ctrl_hs|             insert_point|  return value|
|ap_rst                     |   in|    1|  ap_ctrl_hs|             insert_point|  return value|
|ap_start                   |   in|    1|  ap_ctrl_hs|             insert_point|  return value|
|ap_done                    |  out|    1|  ap_ctrl_hs|             insert_point|  return value|
|ap_idle                    |  out|    1|  ap_ctrl_hs|             insert_point|  return value|
|ap_ready                   |  out|    1|  ap_ctrl_hs|             insert_point|  return value|
|ap_return                  |  out|    8|  ap_ctrl_hs|             insert_point|  return value|
|bubble                     |   in|    1|     ap_none|                   bubble|        scalar|
|regions_min_0_address0     |  out|   12|   ap_memory|            regions_min_0|         array|
|regions_min_0_ce0          |  out|    1|   ap_memory|            regions_min_0|         array|
|regions_min_0_we0          |  out|    1|   ap_memory|            regions_min_0|         array|
|regions_min_0_d0           |  out|   32|   ap_memory|            regions_min_0|         array|
|regions_min_0_q0           |   in|   32|   ap_memory|            regions_min_0|         array|
|regions_min_0_address1     |  out|   12|   ap_memory|            regions_min_0|         array|
|regions_min_0_ce1          |  out|    1|   ap_memory|            regions_min_0|         array|
|regions_min_0_we1          |  out|    1|   ap_memory|            regions_min_0|         array|
|regions_min_0_d1           |  out|   32|   ap_memory|            regions_min_0|         array|
|regions_min_0_q1           |   in|   32|   ap_memory|            regions_min_0|         array|
|regions_min_0_offset       |   in|    6|     ap_none|     regions_min_0_offset|        scalar|
|regions_min_1_address0     |  out|   12|   ap_memory|            regions_min_1|         array|
|regions_min_1_ce0          |  out|    1|   ap_memory|            regions_min_1|         array|
|regions_min_1_we0          |  out|    1|   ap_memory|            regions_min_1|         array|
|regions_min_1_d0           |  out|   32|   ap_memory|            regions_min_1|         array|
|regions_min_1_q0           |   in|   32|   ap_memory|            regions_min_1|         array|
|regions_min_1_address1     |  out|   12|   ap_memory|            regions_min_1|         array|
|regions_min_1_ce1          |  out|    1|   ap_memory|            regions_min_1|         array|
|regions_min_1_we1          |  out|    1|   ap_memory|            regions_min_1|         array|
|regions_min_1_d1           |  out|   32|   ap_memory|            regions_min_1|         array|
|regions_min_1_q1           |   in|   32|   ap_memory|            regions_min_1|         array|
|regions_min_1_offset       |   in|    6|     ap_none|     regions_min_1_offset|        scalar|
|regions_max_0_address0     |  out|   12|   ap_memory|            regions_max_0|         array|
|regions_max_0_ce0          |  out|    1|   ap_memory|            regions_max_0|         array|
|regions_max_0_we0          |  out|    1|   ap_memory|            regions_max_0|         array|
|regions_max_0_d0           |  out|   32|   ap_memory|            regions_max_0|         array|
|regions_max_0_q0           |   in|   32|   ap_memory|            regions_max_0|         array|
|regions_max_0_address1     |  out|   12|   ap_memory|            regions_max_0|         array|
|regions_max_0_ce1          |  out|    1|   ap_memory|            regions_max_0|         array|
|regions_max_0_we1          |  out|    1|   ap_memory|            regions_max_0|         array|
|regions_max_0_d1           |  out|   32|   ap_memory|            regions_max_0|         array|
|regions_max_0_q1           |   in|   32|   ap_memory|            regions_max_0|         array|
|regions_max_0_offset       |   in|    6|     ap_none|     regions_max_0_offset|        scalar|
|regions_max_1_address0     |  out|   12|   ap_memory|            regions_max_1|         array|
|regions_max_1_ce0          |  out|    1|   ap_memory|            regions_max_1|         array|
|regions_max_1_we0          |  out|    1|   ap_memory|            regions_max_1|         array|
|regions_max_1_d0           |  out|   32|   ap_memory|            regions_max_1|         array|
|regions_max_1_q0           |   in|   32|   ap_memory|            regions_max_1|         array|
|regions_max_1_address1     |  out|   12|   ap_memory|            regions_max_1|         array|
|regions_max_1_ce1          |  out|    1|   ap_memory|            regions_max_1|         array|
|regions_max_1_we1          |  out|    1|   ap_memory|            regions_max_1|         array|
|regions_max_1_d1           |  out|   32|   ap_memory|            regions_max_1|         array|
|regions_max_1_q1           |   in|   32|   ap_memory|            regions_max_1|         array|
|regions_max_1_offset       |   in|    6|     ap_none|     regions_max_1_offset|        scalar|
|regions_center_0_address0  |  out|   12|   ap_memory|         regions_center_0|         array|
|regions_center_0_ce0       |  out|    1|   ap_memory|         regions_center_0|         array|
|regions_center_0_we0       |  out|    1|   ap_memory|         regions_center_0|         array|
|regions_center_0_d0        |  out|   32|   ap_memory|         regions_center_0|         array|
|regions_center_0_q0        |   in|   32|   ap_memory|         regions_center_0|         array|
|regions_center_0_address1  |  out|   12|   ap_memory|         regions_center_0|         array|
|regions_center_0_ce1       |  out|    1|   ap_memory|         regions_center_0|         array|
|regions_center_0_we1       |  out|    1|   ap_memory|         regions_center_0|         array|
|regions_center_0_d1        |  out|   32|   ap_memory|         regions_center_0|         array|
|regions_center_0_q1        |   in|   32|   ap_memory|         regions_center_0|         array|
|regions_center_0_offset    |   in|    6|     ap_none|  regions_center_0_offset|        scalar|
|regions_center_1_address0  |  out|   12|   ap_memory|         regions_center_1|         array|
|regions_center_1_ce0       |  out|    1|   ap_memory|         regions_center_1|         array|
|regions_center_1_we0       |  out|    1|   ap_memory|         regions_center_1|         array|
|regions_center_1_d0        |  out|   32|   ap_memory|         regions_center_1|         array|
|regions_center_1_q0        |   in|   32|   ap_memory|         regions_center_1|         array|
|regions_center_1_address1  |  out|   12|   ap_memory|         regions_center_1|         array|
|regions_center_1_ce1       |  out|    1|   ap_memory|         regions_center_1|         array|
|regions_center_1_we1       |  out|    1|   ap_memory|         regions_center_1|         array|
|regions_center_1_d1        |  out|   32|   ap_memory|         regions_center_1|         array|
|regions_center_1_q1        |   in|   32|   ap_memory|         regions_center_1|         array|
|regions_center_1_offset    |   in|    6|     ap_none|  regions_center_1_offset|        scalar|
|p_read                     |   in|    8|     ap_none|                   p_read|        scalar|
|n_regions_read             |   in|    8|     ap_none|           n_regions_read|        scalar|
|p_read1                    |   in|   32|     ap_none|                  p_read1|        scalar|
|p_read2                    |   in|   32|     ap_none|                  p_read2|        scalar|
|p_read3                    |   in|   32|     ap_none|                  p_read3|        scalar|
|p_read4                    |   in|   32|     ap_none|                  p_read4|        scalar|
|p_read5                    |   in|   32|     ap_none|                  p_read5|        scalar|
|p_read6                    |   in|   32|     ap_none|                  p_read6|        scalar|
|p_read7                    |   in|   32|     ap_none|                  p_read7|        scalar|
|p_read8                    |   in|   32|     ap_none|                  p_read8|        scalar|
+---------------------------+-----+-----+------------+-------------------------+--------------+

