

================================================================
== Vitis HLS Report for 'insert_point2_Pipeline_insert_point_label6'
================================================================
* Date:           Mon Oct 17 15:14:59 2022

* Version:        2022.1 (Build 3526262 on Mon Apr 18 15:47:01 MDT 2022)
* Project:        detector_solid
* Solution:       solution2 (Vitis Kernel Flow Target)
* Product family: zynq
* Target device:  xc7z020-clg484-1


================================================================
== Performance Estimates
================================================================
+ Timing: 
    * Summary: 
    +--------+----------+-----------+------------+
    |  Clock |  Target  | Estimated | Uncertainty|
    +--------+----------+-----------+------------+
    |ap_clk  |  18.00 ns|  12.383 ns|     4.86 ns|
    +--------+----------+-----------+------------+

+ Latency: 
    * Summary: 
    +---------+---------+----------+----------+-----+-----+---------+
    |  Latency (cycles) |  Latency (absolute) |  Interval | Pipeline|
    |   min   |   max   |    min   |    max   | min | max |   Type  |
    +---------+---------+----------+----------+-----+-----+---------+
    |       26|       26|  0.468 us|  0.468 us|   26|   26|       no|
    +---------+---------+----------+----------+-----+-----+---------+

    + Detail: 
        * Instance: 
        N/A

        * Loop: 
        +-----------------------+---------+---------+----------+-----------+-----------+------+----------+
        |                       |  Latency (cycles) | Iteration|  Initiation Interval  | Trip |          |
        |       Loop Name       |   min   |   max   |  Latency |  achieved |   target  | Count| Pipelined|
        +-----------------------+---------+---------+----------+-----------+-----------+------+----------+
        |- insert_point_label6  |       24|       24|        11|          2|          1|     8|       yes|
        +-----------------------+---------+---------+----------+-----------+-----------+------+----------+



================================================================
== Utilization Estimates
================================================================
* Summary: 
+-----------------+---------+-----+--------+-------+-----+
|       Name      | BRAM_18K| DSP |   FF   |  LUT  | URAM|
+-----------------+---------+-----+--------+-------+-----+
|DSP              |        -|    -|       -|      -|    -|
|Expression       |        -|    -|       0|    270|    -|
|FIFO             |        -|    -|       -|      -|    -|
|Instance         |        -|    -|       0|     36|    -|
|Memory           |        -|    -|       -|      -|    -|
|Multiplexer      |        -|    -|       -|    230|    -|
|Register         |        -|    -|     567|     64|    -|
+-----------------+---------+-----+--------+-------+-----+
|Total            |        0|    0|     567|    600|    0|
+-----------------+---------+-----+--------+-------+-----+
|Available        |      280|  220|  106400|  53200|    0|
+-----------------+---------+-----+--------+-------+-----+
|Utilization (%)  |        0|    0|      ~0|      1|    0|
+-----------------+---------+-----+--------+-------+-----+

+ Detail: 
    * Instance: 
    +--------------------+---------------+---------+----+---+----+-----+
    |      Instance      |     Module    | BRAM_18K| DSP| FF| LUT| URAM|
    +--------------------+---------------+---------+----+---+----+-----+
    |mux_21_32_1_1_U218  |mux_21_32_1_1  |        0|   0|  0|   9|    0|
    |mux_21_32_1_1_U219  |mux_21_32_1_1  |        0|   0|  0|   9|    0|
    |mux_21_32_1_1_U220  |mux_21_32_1_1  |        0|   0|  0|   9|    0|
    |mux_21_32_1_1_U221  |mux_21_32_1_1  |        0|   0|  0|   9|    0|
    +--------------------+---------------+---------+----+---+----+-----+
    |Total               |               |        0|   0|  0|  36|    0|
    +--------------------+---------------+---------+----+---+----+-----+

    * DSP: 
    N/A

    * Memory: 
    N/A

    * FIFO: 
    N/A

    * Expression: 
    +------------------------+----------+----+---+----+------------+------------+
    |      Variable Name     | Operation| DSP| FF| LUT| Bitwidth P0| Bitwidth P1|
    +------------------------+----------+----+---+----+------------+------------+
    |add_ln348_fu_331_p2     |         +|   0|  0|  13|           4|           1|
    |add_ln349_1_fu_352_p2   |         +|   0|  0|  12|          12|          12|
    |add_ln349_2_fu_363_p2   |         +|   0|  0|  12|          12|          12|
    |add_ln349_3_fu_374_p2   |         +|   0|  0|  12|          12|          12|
    |add_ln349_fu_341_p2     |         +|   0|  0|  12|          12|          12|
    |add_ln352_1_fu_396_p2   |         +|   0|  0|  12|          12|          12|
    |add_ln352_2_fu_407_p2   |         +|   0|  0|  12|          12|          12|
    |add_ln352_3_fu_418_p2   |         +|   0|  0|  12|          12|          12|
    |add_ln352_fu_385_p2     |         +|   0|  0|  12|          12|          12|
    |add_ln355_1_fu_645_p2   |         +|   0|  0|  12|          12|          12|
    |add_ln355_fu_636_p2     |         +|   0|  0|  12|          12|          12|
    |and_ln349_1_fu_548_p2   |       and|   0|  0|   2|           1|           1|
    |and_ln349_fu_542_p2     |       and|   0|  0|   2|           1|           1|
    |and_ln352_1_fu_630_p2   |       and|   0|  0|   2|           1|           1|
    |and_ln352_fu_624_p2     |       and|   0|  0|   2|           1|           1|
    |ap_condition_268        |       and|   0|  0|   2|           1|           1|
    |ap_condition_523        |       and|   0|  0|   2|           1|           1|
    |ap_condition_526        |       and|   0|  0|   2|           1|           1|
    |icmp_ln348_fu_325_p2    |      icmp|   0|  0|   9|           4|           5|
    |icmp_ln349_1_fu_512_p2  |      icmp|   0|  0|  15|          23|           1|
    |icmp_ln349_2_fu_524_p2  |      icmp|   0|  0|  11|           8|           2|
    |icmp_ln349_3_fu_530_p2  |      icmp|   0|  0|  15|          23|           1|
    |icmp_ln349_fu_506_p2    |      icmp|   0|  0|  11|           8|           2|
    |icmp_ln352_1_fu_594_p2  |      icmp|   0|  0|  15|          23|           1|
    |icmp_ln352_2_fu_606_p2  |      icmp|   0|  0|  11|           8|           2|
    |icmp_ln352_3_fu_612_p2  |      icmp|   0|  0|  15|          23|           1|
    |icmp_ln352_fu_588_p2    |      icmp|   0|  0|  11|           8|           2|
    |or_ln349_1_fu_536_p2    |        or|   0|  0|   2|           1|           1|
    |or_ln349_fu_518_p2      |        or|   0|  0|   2|           1|           1|
    |or_ln352_1_fu_618_p2    |        or|   0|  0|   2|           1|           1|
    |or_ln352_fu_600_p2      |        or|   0|  0|   2|           1|           1|
    |ap_enable_pp0           |       xor|   0|  0|   2|           1|           2|
    +------------------------+----------+----+---+----+------------+------------+
    |Total                   |          |   0|  0| 270|         264|         151|
    +------------------------+----------+----+---+----+------------+------------+

    * Multiplexer: 
    +----------------------------------------+----+-----------+-----+-----------+
    |                  Name                  | LUT| Input Size| Bits| Total Bits|
    +----------------------------------------+----+-----------+-----+-----------+
    |ap_NS_fsm                               |  14|          3|    1|          3|
    |ap_done_int                             |   9|          2|    1|          2|
    |ap_enable_reg_pp0_iter0                 |   9|          2|    1|          2|
    |ap_enable_reg_pp0_iter1                 |   9|          2|    1|          2|
    |ap_enable_reg_pp0_iter5                 |   9|          2|    1|          2|
    |ap_loop_exit_ready_pp0_iter1_reg        |   9|          2|    1|          2|
    |ap_loop_exit_ready_pp0_iter2_reg        |   9|          2|    1|          2|
    |ap_loop_exit_ready_pp0_iter3_reg        |   9|          2|    1|          2|
    |ap_loop_exit_ready_pp0_iter4_reg        |   9|          2|    1|          2|
    |ap_phi_reg_pp0_iter1_empty_212_reg_282  |  14|          3|   32|         96|
    |ap_phi_reg_pp0_iter2_empty_reg_292      |  14|          3|   32|         96|
    |ap_sig_allocacmp_i_3                    |   9|          2|    4|          8|
    |grp_fu_313_opcode                       |  14|          3|    5|         15|
    |grp_fu_313_p0                           |  14|          3|   32|         96|
    |grp_fu_313_p1                           |  14|          3|   32|         96|
    |i_fu_80                                 |   9|          2|    4|          8|
    |regions_max_0_address0                  |  14|          3|   12|         36|
    |regions_max_1_address0                  |  14|          3|   12|         36|
    |regions_min_0_address0                  |  14|          3|   12|         36|
    |regions_min_1_address0                  |  14|          3|   12|         36|
    +----------------------------------------+----+-----------+-----+-----------+
    |Total                                   | 230|         50|  198|        578|
    +----------------------------------------+----+-----------+-----+-----------+

    * Register: 
    +--------------------------------------------+----+----+-----+-----------+
    |                    Name                    | FF | LUT| Bits| Const Bits|
    +--------------------------------------------+----+----+-----+-----------+
    |add_reg_773                                 |  32|   0|   32|          0|
    |and_ln349_1_reg_765                         |   1|   0|    1|          0|
    |ap_CS_fsm                                   |   2|   0|    2|          0|
    |ap_done_reg                                 |   1|   0|    1|          0|
    |ap_enable_reg_pp0_iter0_reg                 |   1|   0|    1|          0|
    |ap_enable_reg_pp0_iter1                     |   1|   0|    1|          0|
    |ap_enable_reg_pp0_iter2                     |   1|   0|    1|          0|
    |ap_enable_reg_pp0_iter3                     |   1|   0|    1|          0|
    |ap_enable_reg_pp0_iter4                     |   1|   0|    1|          0|
    |ap_enable_reg_pp0_iter5                     |   1|   0|    1|          0|
    |ap_loop_exit_ready_pp0_iter1_reg            |   1|   0|    1|          0|
    |ap_loop_exit_ready_pp0_iter2_reg            |   1|   0|    1|          0|
    |ap_loop_exit_ready_pp0_iter3_reg            |   1|   0|    1|          0|
    |ap_loop_exit_ready_pp0_iter4_reg            |   1|   0|    1|          0|
    |ap_phi_reg_pp0_iter1_empty_212_reg_282      |  32|   0|   32|          0|
    |ap_phi_reg_pp0_iter1_empty_reg_292          |  32|   0|   32|          0|
    |ap_phi_reg_pp0_iter2_empty_reg_292          |  32|   0|   32|          0|
    |conv_reg_778                                |  32|   0|   32|          0|
    |empty_212_reg_282                           |  32|   0|   32|          0|
    |i_fu_80                                     |   4|   0|    4|          0|
    |icmp_ln348_reg_683                          |   1|   0|    1|          0|
    |regions_max_0_addr_1_reg_718                |  12|   0|   12|          0|
    |regions_max_0_addr_1_reg_718_pp0_iter1_reg  |  12|   0|   12|          0|
    |regions_max_1_addr_1_reg_728                |  12|   0|   12|          0|
    |regions_max_1_addr_1_reg_728_pp0_iter1_reg  |  12|   0|   12|          0|
    |regions_min_0_addr_1_reg_698                |  12|   0|   12|          0|
    |regions_min_0_addr_1_reg_698_pp0_iter1_reg  |  12|   0|   12|          0|
    |regions_min_1_addr_1_reg_708                |  12|   0|   12|          0|
    |regions_min_1_addr_1_reg_708_pp0_iter1_reg  |  12|   0|   12|          0|
    |tmp_61_reg_742                              |  32|   0|   32|          0|
    |tmp_65_reg_749                              |  32|   0|   32|          0|
    |tmp_66_reg_758                              |  32|   0|   32|          0|
    |tmp_s_reg_733                               |  32|   0|   32|          0|
    |zext_ln349_reg_687                          |   4|   0|   12|          8|
    |icmp_ln348_reg_683                          |  64|  32|    1|          0|
    |zext_ln349_reg_687                          |  64|  32|   12|          8|
    +--------------------------------------------+----+----+-----+-----------+
    |Total                                       | 567|  64|  460|         16|
    +--------------------------------------------+----+----+-----+-----------+



================================================================
== Interface
================================================================
* Summary: 
+---------------------------+-----+-----+------------+--------------------------------------------+--------------+
|         RTL Ports         | Dir | Bits|  Protocol  |                Source Object               |    C Type    |
+---------------------------+-----+-----+------------+--------------------------------------------+--------------+
|ap_clk                     |   in|    1|  ap_ctrl_hs|  insert_point2_Pipeline_insert_point_label6|  return value|
|ap_rst                     |   in|    1|  ap_ctrl_hs|  insert_point2_Pipeline_insert_point_label6|  return value|
|ap_start                   |   in|    1|  ap_ctrl_hs|  insert_point2_Pipeline_insert_point_label6|  return value|
|ap_done                    |  out|    1|  ap_ctrl_hs|  insert_point2_Pipeline_insert_point_label6|  return value|
|ap_idle                    |  out|    1|  ap_ctrl_hs|  insert_point2_Pipeline_insert_point_label6|  return value|
|ap_ready                   |  out|    1|  ap_ctrl_hs|  insert_point2_Pipeline_insert_point_label6|  return value|
|grp_fu_2725_p_din0         |  out|   32|  ap_ctrl_hs|  insert_point2_Pipeline_insert_point_label6|  return value|
|grp_fu_2725_p_din1         |  out|   32|  ap_ctrl_hs|  insert_point2_Pipeline_insert_point_label6|  return value|
|grp_fu_2725_p_opcode       |  out|    1|  ap_ctrl_hs|  insert_point2_Pipeline_insert_point_label6|  return value|
|grp_fu_2725_p_dout0        |   in|   32|  ap_ctrl_hs|  insert_point2_Pipeline_insert_point_label6|  return value|
|grp_fu_2725_p_ce           |  out|    1|  ap_ctrl_hs|  insert_point2_Pipeline_insert_point_label6|  return value|
|grp_fu_2729_p_din0         |  out|   32|  ap_ctrl_hs|  insert_point2_Pipeline_insert_point_label6|  return value|
|grp_fu_2729_p_din1         |  out|   32|  ap_ctrl_hs|  insert_point2_Pipeline_insert_point_label6|  return value|
|grp_fu_2729_p_dout0        |   in|   32|  ap_ctrl_hs|  insert_point2_Pipeline_insert_point_label6|  return value|
|grp_fu_2729_p_ce           |  out|    1|  ap_ctrl_hs|  insert_point2_Pipeline_insert_point_label6|  return value|
|grp_fu_2713_p_din0         |  out|   32|  ap_ctrl_hs|  insert_point2_Pipeline_insert_point_label6|  return value|
|grp_fu_2713_p_din1         |  out|   32|  ap_ctrl_hs|  insert_point2_Pipeline_insert_point_label6|  return value|
|grp_fu_2713_p_opcode       |  out|    5|  ap_ctrl_hs|  insert_point2_Pipeline_insert_point_label6|  return value|
|grp_fu_2713_p_dout0        |   in|    1|  ap_ctrl_hs|  insert_point2_Pipeline_insert_point_label6|  return value|
|grp_fu_2713_p_ce           |  out|    1|  ap_ctrl_hs|  insert_point2_Pipeline_insert_point_label6|  return value|
|trunc_ln251_5              |   in|    1|     ap_none|                               trunc_ln251_5|        scalar|
|trunc_ln251_7              |   in|    1|     ap_none|                               trunc_ln251_7|        scalar|
|tmp_190                    |   in|   12|     ap_none|                                     tmp_190|        scalar|
|regions_min_0_address0     |  out|   12|   ap_memory|                               regions_min_0|         array|
|regions_min_0_ce0          |  out|    1|   ap_memory|                               regions_min_0|         array|
|regions_min_0_we0          |  out|    1|   ap_memory|                               regions_min_0|         array|
|regions_min_0_d0           |  out|   32|   ap_memory|                               regions_min_0|         array|
|regions_min_0_q0           |   in|   32|   ap_memory|                               regions_min_0|         array|
|regions_min_0_address1     |  out|   12|   ap_memory|                               regions_min_0|         array|
|regions_min_0_ce1          |  out|    1|   ap_memory|                               regions_min_0|         array|
|regions_min_0_q1           |   in|   32|   ap_memory|                               regions_min_0|         array|
|tmp_203                    |   in|   12|     ap_none|                                     tmp_203|        scalar|
|tmp_192                    |   in|   12|     ap_none|                                     tmp_192|        scalar|
|regions_min_1_address0     |  out|   12|   ap_memory|                               regions_min_1|         array|
|regions_min_1_ce0          |  out|    1|   ap_memory|                               regions_min_1|         array|
|regions_min_1_we0          |  out|    1|   ap_memory|                               regions_min_1|         array|
|regions_min_1_d0           |  out|   32|   ap_memory|                               regions_min_1|         array|
|regions_min_1_q0           |   in|   32|   ap_memory|                               regions_min_1|         array|
|regions_min_1_address1     |  out|   12|   ap_memory|                               regions_min_1|         array|
|regions_min_1_ce1          |  out|    1|   ap_memory|                               regions_min_1|         array|
|regions_min_1_q1           |   in|   32|   ap_memory|                               regions_min_1|         array|
|tmp_205                    |   in|   12|     ap_none|                                     tmp_205|        scalar|
|tmp_194                    |   in|   12|     ap_none|                                     tmp_194|        scalar|
|regions_max_0_address0     |  out|   12|   ap_memory|                               regions_max_0|         array|
|regions_max_0_ce0          |  out|    1|   ap_memory|                               regions_max_0|         array|
|regions_max_0_we0          |  out|    1|   ap_memory|                               regions_max_0|         array|
|regions_max_0_d0           |  out|   32|   ap_memory|                               regions_max_0|         array|
|regions_max_0_q0           |   in|   32|   ap_memory|                               regions_max_0|         array|
|regions_max_0_address1     |  out|   12|   ap_memory|                               regions_max_0|         array|
|regions_max_0_ce1          |  out|    1|   ap_memory|                               regions_max_0|         array|
|regions_max_0_q1           |   in|   32|   ap_memory|                               regions_max_0|         array|
|tmp_207                    |   in|   12|     ap_none|                                     tmp_207|        scalar|
|tmp_196                    |   in|   12|     ap_none|                                     tmp_196|        scalar|
|regions_max_1_address0     |  out|   12|   ap_memory|                               regions_max_1|         array|
|regions_max_1_ce0          |  out|    1|   ap_memory|                               regions_max_1|         array|
|regions_max_1_we0          |  out|    1|   ap_memory|                               regions_max_1|         array|
|regions_max_1_d0           |  out|   32|   ap_memory|                               regions_max_1|         array|
|regions_max_1_q0           |   in|   32|   ap_memory|                               regions_max_1|         array|
|regions_max_1_address1     |  out|   12|   ap_memory|                               regions_max_1|         array|
|regions_max_1_ce1          |  out|    1|   ap_memory|                               regions_max_1|         array|
|regions_max_1_q1           |   in|   32|   ap_memory|                               regions_max_1|         array|
|tmp_209                    |   in|   12|     ap_none|                                     tmp_209|        scalar|
|tmp_211                    |   in|   12|     ap_none|                                     tmp_211|        scalar|
|regions_center_0_address0  |  out|   12|   ap_memory|                            regions_center_0|         array|
|regions_center_0_ce0       |  out|    1|   ap_memory|                            regions_center_0|         array|
|regions_center_0_we0       |  out|    1|   ap_memory|                            regions_center_0|         array|
|regions_center_0_d0        |  out|   32|   ap_memory|                            regions_center_0|         array|
|tmp_213                    |   in|   12|     ap_none|                                     tmp_213|        scalar|
|regions_center_1_address0  |  out|   12|   ap_memory|                            regions_center_1|         array|
|regions_center_1_ce0       |  out|    1|   ap_memory|                            regions_center_1|         array|
|regions_center_1_we0       |  out|    1|   ap_memory|                            regions_center_1|         array|
|regions_center_1_d0        |  out|   32|   ap_memory|                            regions_center_1|         array|
+---------------------------+-----+-----+------------+--------------------------------------------+--------------+

