

================================================================
== Vitis HLS Report for 'insert_point_Pipeline_insert_point_label6'
================================================================
* Date:           Wed Oct 12 10:20:15 2022

* Version:        2022.1 (Build 3526262 on Mon Apr 18 15:47:01 MDT 2022)
* Project:        detector_solid
* Solution:       solution2 (Vitis Kernel Flow Target)
* Product family: zynq
* Target device:  xc7z020-clg484-1


================================================================
== Performance Estimates
================================================================
+ Timing: 
    * Summary: 
    +--------+----------+-----------+------------+
    |  Clock |  Target  | Estimated | Uncertainty|
    +--------+----------+-----------+------------+
    |ap_clk  |  18.00 ns|  12.383 ns|     4.86 ns|
    +--------+----------+-----------+------------+

+ Latency: 
    * Summary: 
    +---------+---------+----------+----------+-----+-----+---------+
    |  Latency (cycles) |  Latency (absolute) |  Interval | Pipeline|
    |   min   |   max   |    min   |    max   | min | max |   Type  |
    +---------+---------+----------+----------+-----+-----+---------+
    |       26|       26|  0.468 us|  0.468 us|   26|   26|       no|
    +---------+---------+----------+----------+-----+-----+---------+

    + Detail: 
        * Instance: 
        N/A

        * Loop: 
        +-----------------------+---------+---------+----------+-----------+-----------+------+----------+
        |                       |  Latency (cycles) | Iteration|  Initiation Interval  | Trip |          |
        |       Loop Name       |   min   |   max   |  Latency |  achieved |   target  | Count| Pipelined|
        +-----------------------+---------+---------+----------+-----------+-----------+------+----------+
        |- insert_point_label6  |       24|       24|        11|          2|          1|     8|       yes|
        +-----------------------+---------+---------+----------+-----------+-----------+------+----------+



================================================================
== Utilization Estimates
================================================================
* Summary: 
+-----------------+---------+-----+--------+-------+-----+
|       Name      | BRAM_18K| DSP |   FF   |  LUT  | URAM|
+-----------------+---------+-----+--------+-------+-----+
|DSP              |        -|    -|       -|      -|    -|
|Expression       |        -|    -|       0|    174|    -|
|FIFO             |        -|    -|       -|      -|    -|
|Instance         |        -|    -|       0|     36|    -|
|Memory           |        -|    -|       -|      -|    -|
|Multiplexer      |        -|    -|       -|    230|    -|
|Register         |        -|    -|     651|     96|    -|
+-----------------+---------+-----+--------+-------+-----+
|Total            |        0|    0|     651|    536|    0|
+-----------------+---------+-----+--------+-------+-----+
|Available        |      280|  220|  106400|  53200|    0|
+-----------------+---------+-----+--------+-------+-----+
|Utilization (%)  |        0|    0|      ~0|      1|    0|
+-----------------+---------+-----+--------+-------+-----+

+ Detail: 
    * Instance: 
    +-------------------+---------------+---------+----+---+----+-----+
    |      Instance     |     Module    | BRAM_18K| DSP| FF| LUT| URAM|
    +-------------------+---------------+---------+----+---+----+-----+
    |mux_21_32_1_1_U67  |mux_21_32_1_1  |        0|   0|  0|   9|    0|
    |mux_21_32_1_1_U68  |mux_21_32_1_1  |        0|   0|  0|   9|    0|
    |mux_21_32_1_1_U69  |mux_21_32_1_1  |        0|   0|  0|   9|    0|
    |mux_21_32_1_1_U70  |mux_21_32_1_1  |        0|   0|  0|   9|    0|
    +-------------------+---------------+---------+----+---+----+-----+
    |Total              |               |        0|   0|  0|  36|    0|
    +-------------------+---------------+---------+----+---+----+-----+

    * DSP: 
    N/A

    * Memory: 
    N/A

    * FIFO: 
    N/A

    * Expression: 
    +------------------------+----------+----+---+----+------------+------------+
    |      Variable Name     | Operation| DSP| FF| LUT| Bitwidth P0| Bitwidth P1|
    +------------------------+----------+----+---+----+------------+------------+
    |add_ln365_fu_265_p2     |         +|   0|  0|  13|           4|           1|
    |add_ln366_1_fu_289_p2   |         +|   0|  0|  12|          12|          12|
    |add_ln366_fu_275_p2     |         +|   0|  0|  12|          12|          12|
    |and_ln366_1_fu_424_p2   |       and|   0|  0|   2|           1|           1|
    |and_ln366_fu_418_p2     |       and|   0|  0|   2|           1|           1|
    |and_ln369_1_fu_506_p2   |       and|   0|  0|   2|           1|           1|
    |and_ln369_fu_500_p2     |       and|   0|  0|   2|           1|           1|
    |ap_condition_253        |       and|   0|  0|   2|           1|           1|
    |ap_condition_459        |       and|   0|  0|   2|           1|           1|
    |ap_condition_462        |       and|   0|  0|   2|           1|           1|
    |icmp_ln365_fu_259_p2    |      icmp|   0|  0|   9|           4|           5|
    |icmp_ln366_1_fu_388_p2  |      icmp|   0|  0|  15|          23|           1|
    |icmp_ln366_2_fu_400_p2  |      icmp|   0|  0|  11|           8|           2|
    |icmp_ln366_3_fu_406_p2  |      icmp|   0|  0|  15|          23|           1|
    |icmp_ln366_fu_382_p2    |      icmp|   0|  0|  11|           8|           2|
    |icmp_ln369_1_fu_470_p2  |      icmp|   0|  0|  15|          23|           1|
    |icmp_ln369_2_fu_482_p2  |      icmp|   0|  0|  11|           8|           2|
    |icmp_ln369_3_fu_488_p2  |      icmp|   0|  0|  15|          23|           1|
    |icmp_ln369_fu_464_p2    |      icmp|   0|  0|  11|           8|           2|
    |or_ln366_1_fu_412_p2    |        or|   0|  0|   2|           1|           1|
    |or_ln366_fu_394_p2      |        or|   0|  0|   2|           1|           1|
    |or_ln369_1_fu_494_p2    |        or|   0|  0|   2|           1|           1|
    |or_ln369_fu_476_p2      |        or|   0|  0|   2|           1|           1|
    |ap_enable_pp0           |       xor|   0|  0|   2|           1|           2|
    +------------------------+----------+----+---+----+------------+------------+
    |Total                   |          |   0|  0| 174|         168|          55|
    +------------------------+----------+----+---+----+------------+------------+

    * Multiplexer: 
    +---------------------------------------+----+-----------+-----+-----------+
    |                  Name                 | LUT| Input Size| Bits| Total Bits|
    +---------------------------------------+----+-----------+-----+-----------+
    |ap_NS_fsm                              |  14|          3|    1|          3|
    |ap_done_int                            |   9|          2|    1|          2|
    |ap_enable_reg_pp0_iter0                |   9|          2|    1|          2|
    |ap_enable_reg_pp0_iter1                |   9|          2|    1|          2|
    |ap_enable_reg_pp0_iter5                |   9|          2|    1|          2|
    |ap_loop_exit_ready_pp0_iter1_reg       |   9|          2|    1|          2|
    |ap_loop_exit_ready_pp0_iter2_reg       |   9|          2|    1|          2|
    |ap_loop_exit_ready_pp0_iter3_reg       |   9|          2|    1|          2|
    |ap_loop_exit_ready_pp0_iter4_reg       |   9|          2|    1|          2|
    |ap_phi_reg_pp0_iter1_empty_55_reg_216  |  14|          3|   32|         96|
    |ap_phi_reg_pp0_iter2_empty_reg_226     |  14|          3|   32|         96|
    |ap_sig_allocacmp_i_3                   |   9|          2|    4|          8|
    |grp_fu_247_opcode                      |  14|          3|    5|         15|
    |grp_fu_247_p0                          |  14|          3|   32|         96|
    |grp_fu_247_p1                          |  14|          3|   32|         96|
    |i_fu_64                                |   9|          2|    4|          8|
    |regions_max_0_address0                 |  14|          3|   12|         36|
    |regions_max_1_address0                 |  14|          3|   12|         36|
    |regions_min_0_address0                 |  14|          3|   12|         36|
    |regions_min_1_address0                 |  14|          3|   12|         36|
    +---------------------------------------+----+-----------+-----+-----------+
    |Total                                  | 230|         50|  198|        578|
    +---------------------------------------+----+-----------+-----+-----------+

    * Register: 
    +--------------------------------------------+----+----+-----+-----------+
    |                    Name                    | FF | LUT| Bits| Const Bits|
    +--------------------------------------------+----+----+-----+-----------+
    |add_reg_625                                 |  32|   0|   32|          0|
    |and_ln366_1_reg_617                         |   1|   0|    1|          0|
    |ap_CS_fsm                                   |   2|   0|    2|          0|
    |ap_done_reg                                 |   1|   0|    1|          0|
    |ap_enable_reg_pp0_iter0_reg                 |   1|   0|    1|          0|
    |ap_enable_reg_pp0_iter1                     |   1|   0|    1|          0|
    |ap_enable_reg_pp0_iter2                     |   1|   0|    1|          0|
    |ap_enable_reg_pp0_iter3                     |   1|   0|    1|          0|
    |ap_enable_reg_pp0_iter4                     |   1|   0|    1|          0|
    |ap_enable_reg_pp0_iter5                     |   1|   0|    1|          0|
    |ap_loop_exit_ready_pp0_iter1_reg            |   1|   0|    1|          0|
    |ap_loop_exit_ready_pp0_iter2_reg            |   1|   0|    1|          0|
    |ap_loop_exit_ready_pp0_iter3_reg            |   1|   0|    1|          0|
    |ap_loop_exit_ready_pp0_iter4_reg            |   1|   0|    1|          0|
    |ap_phi_reg_pp0_iter1_empty_55_reg_216       |  32|   0|   32|          0|
    |ap_phi_reg_pp0_iter1_empty_reg_226          |  32|   0|   32|          0|
    |ap_phi_reg_pp0_iter2_empty_reg_226          |  32|   0|   32|          0|
    |conv_reg_630                                |  32|   0|   32|          0|
    |empty_55_reg_216                            |  32|   0|   32|          0|
    |i_fu_64                                     |   4|   0|    4|          0|
    |icmp_ln365_reg_531                          |   1|   0|    1|          0|
    |regions_center_0_addr_reg_575               |  12|   0|   12|          0|
    |regions_center_1_addr_reg_580               |  12|   0|   12|          0|
    |regions_max_0_addr_8_reg_560                |  12|   0|   12|          0|
    |regions_max_0_addr_8_reg_560_pp0_iter1_reg  |  12|   0|   12|          0|
    |regions_max_1_addr_8_reg_570                |  12|   0|   12|          0|
    |regions_max_1_addr_8_reg_570_pp0_iter1_reg  |  12|   0|   12|          0|
    |regions_min_0_addr_8_reg_540                |  12|   0|   12|          0|
    |regions_min_0_addr_8_reg_540_pp0_iter1_reg  |  12|   0|   12|          0|
    |regions_min_1_addr_8_reg_550                |  12|   0|   12|          0|
    |regions_min_1_addr_8_reg_550_pp0_iter1_reg  |  12|   0|   12|          0|
    |tmp_92_reg_594                              |  32|   0|   32|          0|
    |tmp_96_reg_601                              |  32|   0|   32|          0|
    |tmp_97_reg_610                              |  32|   0|   32|          0|
    |tmp_s_reg_585                               |  32|   0|   32|          0|
    |icmp_ln365_reg_531                          |  64|  32|    1|          0|
    |regions_center_0_addr_reg_575               |  64|  32|   12|          0|
    |regions_center_1_addr_reg_580               |  64|  32|   12|          0|
    +--------------------------------------------+----+----+-----+-----------+
    |Total                                       | 651|  96|  484|          0|
    +--------------------------------------------+----+----+-----+-----------+



================================================================
== Interface
================================================================
* Summary: 
+---------------------------+-----+-----+------------+-------------------------------------------+--------------+
|         RTL Ports         | Dir | Bits|  Protocol  |               Source Object               |    C Type    |
+---------------------------+-----+-----+------------+-------------------------------------------+--------------+
|ap_clk                     |   in|    1|  ap_ctrl_hs|  insert_point_Pipeline_insert_point_label6|  return value|
|ap_rst                     |   in|    1|  ap_ctrl_hs|  insert_point_Pipeline_insert_point_label6|  return value|
|ap_start                   |   in|    1|  ap_ctrl_hs|  insert_point_Pipeline_insert_point_label6|  return value|
|ap_done                    |  out|    1|  ap_ctrl_hs|  insert_point_Pipeline_insert_point_label6|  return value|
|ap_idle                    |  out|    1|  ap_ctrl_hs|  insert_point_Pipeline_insert_point_label6|  return value|
|ap_ready                   |  out|    1|  ap_ctrl_hs|  insert_point_Pipeline_insert_point_label6|  return value|
|grp_fu_1723_p_din0         |  out|   32|  ap_ctrl_hs|  insert_point_Pipeline_insert_point_label6|  return value|
|grp_fu_1723_p_din1         |  out|   32|  ap_ctrl_hs|  insert_point_Pipeline_insert_point_label6|  return value|
|grp_fu_1723_p_opcode       |  out|    1|  ap_ctrl_hs|  insert_point_Pipeline_insert_point_label6|  return value|
|grp_fu_1723_p_dout0        |   in|   32|  ap_ctrl_hs|  insert_point_Pipeline_insert_point_label6|  return value|
|grp_fu_1723_p_ce           |  out|    1|  ap_ctrl_hs|  insert_point_Pipeline_insert_point_label6|  return value|
|grp_fu_1727_p_din0         |  out|   32|  ap_ctrl_hs|  insert_point_Pipeline_insert_point_label6|  return value|
|grp_fu_1727_p_din1         |  out|   32|  ap_ctrl_hs|  insert_point_Pipeline_insert_point_label6|  return value|
|grp_fu_1727_p_dout0        |   in|   32|  ap_ctrl_hs|  insert_point_Pipeline_insert_point_label6|  return value|
|grp_fu_1727_p_ce           |  out|    1|  ap_ctrl_hs|  insert_point_Pipeline_insert_point_label6|  return value|
|grp_fu_1711_p_din0         |  out|   32|  ap_ctrl_hs|  insert_point_Pipeline_insert_point_label6|  return value|
|grp_fu_1711_p_din1         |  out|   32|  ap_ctrl_hs|  insert_point_Pipeline_insert_point_label6|  return value|
|grp_fu_1711_p_opcode       |  out|    5|  ap_ctrl_hs|  insert_point_Pipeline_insert_point_label6|  return value|
|grp_fu_1711_p_dout0        |   in|    1|  ap_ctrl_hs|  insert_point_Pipeline_insert_point_label6|  return value|
|grp_fu_1711_p_ce           |  out|    1|  ap_ctrl_hs|  insert_point_Pipeline_insert_point_label6|  return value|
|trunc_ln268_5              |   in|    1|     ap_none|                              trunc_ln268_5|        scalar|
|trunc_ln268_7              |   in|    1|     ap_none|                              trunc_ln268_7|        scalar|
|tmp_193                    |   in|   12|     ap_none|                                    tmp_193|        scalar|
|regions_min_0_address0     |  out|   12|   ap_memory|                              regions_min_0|         array|
|regions_min_0_ce0          |  out|    1|   ap_memory|                              regions_min_0|         array|
|regions_min_0_we0          |  out|    1|   ap_memory|                              regions_min_0|         array|
|regions_min_0_d0           |  out|   32|   ap_memory|                              regions_min_0|         array|
|regions_min_0_q0           |   in|   32|   ap_memory|                              regions_min_0|         array|
|regions_min_0_address1     |  out|   12|   ap_memory|                              regions_min_0|         array|
|regions_min_0_ce1          |  out|    1|   ap_memory|                              regions_min_0|         array|
|regions_min_0_q1           |   in|   32|   ap_memory|                              regions_min_0|         array|
|tmp_196                    |   in|   12|     ap_none|                                    tmp_196|        scalar|
|regions_min_1_address0     |  out|   12|   ap_memory|                              regions_min_1|         array|
|regions_min_1_ce0          |  out|    1|   ap_memory|                              regions_min_1|         array|
|regions_min_1_we0          |  out|    1|   ap_memory|                              regions_min_1|         array|
|regions_min_1_d0           |  out|   32|   ap_memory|                              regions_min_1|         array|
|regions_min_1_q0           |   in|   32|   ap_memory|                              regions_min_1|         array|
|regions_min_1_address1     |  out|   12|   ap_memory|                              regions_min_1|         array|
|regions_min_1_ce1          |  out|    1|   ap_memory|                              regions_min_1|         array|
|regions_min_1_q1           |   in|   32|   ap_memory|                              regions_min_1|         array|
|regions_max_0_address0     |  out|   12|   ap_memory|                              regions_max_0|         array|
|regions_max_0_ce0          |  out|    1|   ap_memory|                              regions_max_0|         array|
|regions_max_0_we0          |  out|    1|   ap_memory|                              regions_max_0|         array|
|regions_max_0_d0           |  out|   32|   ap_memory|                              regions_max_0|         array|
|regions_max_0_q0           |   in|   32|   ap_memory|                              regions_max_0|         array|
|regions_max_0_address1     |  out|   12|   ap_memory|                              regions_max_0|         array|
|regions_max_0_ce1          |  out|    1|   ap_memory|                              regions_max_0|         array|
|regions_max_0_q1           |   in|   32|   ap_memory|                              regions_max_0|         array|
|regions_max_1_address0     |  out|   12|   ap_memory|                              regions_max_1|         array|
|regions_max_1_ce0          |  out|    1|   ap_memory|                              regions_max_1|         array|
|regions_max_1_we0          |  out|    1|   ap_memory|                              regions_max_1|         array|
|regions_max_1_d0           |  out|   32|   ap_memory|                              regions_max_1|         array|
|regions_max_1_q0           |   in|   32|   ap_memory|                              regions_max_1|         array|
|regions_max_1_address1     |  out|   12|   ap_memory|                              regions_max_1|         array|
|regions_max_1_ce1          |  out|    1|   ap_memory|                              regions_max_1|         array|
|regions_max_1_q1           |   in|   32|   ap_memory|                              regions_max_1|         array|
|regions_center_0_address0  |  out|   12|   ap_memory|                           regions_center_0|         array|
|regions_center_0_ce0       |  out|    1|   ap_memory|                           regions_center_0|         array|
|regions_center_0_we0       |  out|    1|   ap_memory|                           regions_center_0|         array|
|regions_center_0_d0        |  out|   32|   ap_memory|                           regions_center_0|         array|
|regions_center_1_address0  |  out|   12|   ap_memory|                           regions_center_1|         array|
|regions_center_1_ce0       |  out|    1|   ap_memory|                           regions_center_1|         array|
|regions_center_1_we0       |  out|    1|   ap_memory|                           regions_center_1|         array|
|regions_center_1_d0        |  out|   32|   ap_memory|                           regions_center_1|         array|
+---------------------------+-----+-----+------------+-------------------------------------------+--------------+

