

================================================================
== Vitis HLS Report for 'insert_point2_Pipeline_VITIS_LOOP_262_1'
================================================================
* Date:           Mon Oct 17 15:14:57 2022

* Version:        2022.1 (Build 3526262 on Mon Apr 18 15:47:01 MDT 2022)
* Project:        detector_solid
* Solution:       solution2 (Vitis Kernel Flow Target)
* Product family: zynq
* Target device:  xc7z020-clg484-1


================================================================
== Performance Estimates
================================================================
+ Timing: 
    * Summary: 
    +--------+----------+-----------+------------+
    |  Clock |  Target  | Estimated | Uncertainty|
    +--------+----------+-----------+------------+
    |ap_clk  |  18.00 ns|  13.694 ns|     4.86 ns|
    +--------+----------+-----------+------------+

+ Latency: 
    * Summary: 
    +---------+---------+----------+-----------+-----+------+---------+
    |  Latency (cycles) |  Latency (absolute)  |  Interval  | Pipeline|
    |   min   |   max   |    min   |    max    | min |  max |   Type  |
    +---------+---------+----------+-----------+-----+------+---------+
    |       46|     1134|  0.828 us|  20.412 us|   46|  1134|       no|
    +---------+---------+----------+-----------+-----+------+---------+

    + Detail: 
        * Instance: 
        N/A

        * Loop: 
        +--------------------+---------+---------+----------+-----------+-----------+---------+----------+
        |                    |  Latency (cycles) | Iteration|  Initiation Interval  |   Trip  |          |
        |      Loop Name     |   min   |   max   |  Latency |  achieved |   target  |  Count  | Pipelined|
        +--------------------+---------+---------+----------+-----------+-----------+---------+----------+
        |- VITIS_LOOP_262_1  |       44|     1132|        46|          8|          8|  0 ~ 136|       yes|
        +--------------------+---------+---------+----------+-----------+-----------+---------+----------+



================================================================
== Utilization Estimates
================================================================
* Summary: 
+-----------------+---------+-----+--------+-------+-----+
|       Name      | BRAM_18K| DSP |   FF   |  LUT  | URAM|
+-----------------+---------+-----+--------+-------+-----+
|DSP              |        -|    -|       -|      -|    -|
|Expression       |        -|    -|       0|   3184|    -|
|FIFO             |        -|    -|       -|      -|    -|
|Instance         |        -|   17|    1717|   3195|    -|
|Memory           |        -|    -|       -|      -|    -|
|Multiplexer      |        -|    -|       -|   1829|    -|
|Register         |        -|    -|    4142|    224|    -|
+-----------------+---------+-----+--------+-------+-----+
|Total            |        0|   17|    5859|   8432|    0|
+-----------------+---------+-----+--------+-------+-----+
|Available        |      280|  220|  106400|  53200|    0|
+-----------------+---------+-----+--------+-------+-----+
|Utilization (%)  |        0|    7|       5|     15|    0|
+-----------------+---------+-----+--------+-------+-----+

+ Detail: 
    * Instance: 
    +-----------------------------------------+------------------------------------+---------+----+-----+-----+-----+
    |                 Instance                |               Module               | BRAM_18K| DSP|  FF | LUT | URAM|
    +-----------------------------------------+------------------------------------+---------+----+-----+-----+-----+
    |fadd_32ns_32ns_32_4_full_dsp_1_U184      |fadd_32ns_32ns_32_4_full_dsp_1      |        0|   2|  227|  403|    0|
    |faddfsub_32ns_32ns_32_4_full_dsp_1_U182  |faddfsub_32ns_32ns_32_4_full_dsp_1  |        0|   2|  227|  403|    0|
    |faddfsub_32ns_32ns_32_4_full_dsp_1_U183  |faddfsub_32ns_32ns_32_4_full_dsp_1  |        0|   2|  227|  403|    0|
    |fmul_32ns_32ns_32_2_max_dsp_1_U186       |fmul_32ns_32ns_32_2_max_dsp_1       |        0|   3|  128|  320|    0|
    |fsub_32ns_32ns_32_4_full_dsp_1_U178      |fsub_32ns_32ns_32_4_full_dsp_1      |        0|   2|  227|  403|    0|
    |fsub_32ns_32ns_32_4_full_dsp_1_U179      |fsub_32ns_32ns_32_4_full_dsp_1      |        0|   2|  227|  403|    0|
    |fsub_32ns_32ns_32_4_full_dsp_1_U180      |fsub_32ns_32ns_32_4_full_dsp_1      |        0|   2|  227|  403|    0|
    |fsub_32ns_32ns_32_4_full_dsp_1_U181      |fsub_32ns_32ns_32_4_full_dsp_1      |        0|   2|  227|  403|    0|
    |mux_21_32_1_1_U190                       |mux_21_32_1_1                       |        0|   0|    0|    9|    0|
    |mux_21_32_1_1_U191                       |mux_21_32_1_1                       |        0|   0|    0|    9|    0|
    |mux_21_32_1_1_U192                       |mux_21_32_1_1                       |        0|   0|    0|    9|    0|
    |mux_21_32_1_1_U193                       |mux_21_32_1_1                       |        0|   0|    0|    9|    0|
    |mux_21_32_1_1_U194                       |mux_21_32_1_1                       |        0|   0|    0|    9|    0|
    |mux_21_32_1_1_U195                       |mux_21_32_1_1                       |        0|   0|    0|    9|    0|
    +-----------------------------------------+------------------------------------+---------+----+-----+-----+-----+
    |Total                                    |                                    |        0|  17| 1717| 3195|    0|
    +-----------------------------------------+------------------------------------+---------+----+-----+-----+-----+

    * DSP: 
    N/A

    * Memory: 
    N/A

    * FIFO: 
    N/A

    * Expression: 
    +--------------------------+----------+----+---+----+------------+------------+
    |       Variable Name      | Operation| DSP| FF| LUT| Bitwidth P0| Bitwidth P1|
    +--------------------------+----------+----+---+----+------------+------------+
    |add_ln290_1_fu_1498_p2    |         +|   0|  0|  14|           9|           9|
    |add_ln290_2_fu_1598_p2    |         +|   0|  0|  14|           9|           9|
    |add_ln290_3_fu_1616_p2    |         +|   0|  0|  14|           9|           9|
    |add_ln290_fu_1480_p2      |         +|   0|  0|  14|           9|           9|
    |add_ln295_1_fu_1426_p2    |         +|   0|  0|  14|           9|           9|
    |add_ln295_2_fu_1444_p2    |         +|   0|  0|  14|           9|           9|
    |add_ln295_3_fu_1462_p2    |         +|   0|  0|  14|           9|           9|
    |add_ln295_fu_1408_p2      |         +|   0|  0|  14|           9|           9|
    |add_ln296_1_fu_1544_p2    |         +|   0|  0|  14|           9|           9|
    |add_ln296_2_fu_1562_p2    |         +|   0|  0|  14|           9|           9|
    |add_ln296_3_fu_1580_p2    |         +|   0|  0|  14|           9|           9|
    |add_ln296_fu_1526_p2      |         +|   0|  0|  14|           9|           9|
    |i_real_4_fu_3013_p2       |         +|   0|  0|  39|          32|           1|
    |k_real_2_fu_1646_p2       |         +|   0|  0|  39|          32|           1|
    |k_real_fu_1640_p2         |         +|   0|  0|  39|          32|           2|
    |and_ln298_10_fu_3001_p2   |       and|   0|  0|   2|           1|           1|
    |and_ln298_11_fu_3007_p2   |       and|   0|  0|   2|           1|           1|
    |and_ln298_12_fu_3099_p2   |       and|   0|  0|   2|           1|           1|
    |and_ln298_13_fu_3105_p2   |       and|   0|  0|   2|           1|           1|
    |and_ln298_14_fu_3190_p2   |       and|   0|  0|   2|           1|           1|
    |and_ln298_15_fu_3196_p2   |       and|   0|  0|   2|           1|           1|
    |and_ln298_1_fu_1989_p2    |       and|   0|  0|   2|           1|           1|
    |and_ln298_2_fu_2187_p2    |       and|   0|  0|   2|           1|           1|
    |and_ln298_3_fu_2193_p2    |       and|   0|  0|   2|           1|           1|
    |and_ln298_4_fu_2389_p2    |       and|   0|  0|   2|           1|           1|
    |and_ln298_5_fu_2395_p2    |       and|   0|  0|   2|           1|           1|
    |and_ln298_6_fu_2593_p2    |       and|   0|  0|   2|           1|           1|
    |and_ln298_7_fu_2599_p2    |       and|   0|  0|   2|           1|           1|
    |and_ln298_8_fu_2797_p2    |       and|   0|  0|   2|           1|           1|
    |and_ln298_9_fu_2803_p2    |       and|   0|  0|   2|           1|           1|
    |and_ln298_fu_1983_p2      |       and|   0|  0|   2|           1|           1|
    |and_ln302_1_fu_3299_p2    |       and|   0|  0|   2|           1|           1|
    |and_ln302_2_fu_3354_p2    |       and|   0|  0|   2|           1|           1|
    |and_ln302_3_fu_3409_p2    |       and|   0|  0|   2|           1|           1|
    |and_ln302_4_fu_3464_p2    |       and|   0|  0|   2|           1|           1|
    |and_ln302_5_fu_3512_p2    |       and|   0|  0|   2|           1|           1|
    |and_ln302_6_fu_3574_p2    |       and|   0|  0|   2|           1|           1|
    |and_ln302_7_fu_3622_p2    |       and|   0|  0|   2|           1|           1|
    |and_ln302_fu_3244_p2      |       and|   0|  0|   2|           1|           1|
    |and_ln308_fu_3670_p2      |       and|   0|  0|   2|           1|           1|
    |and_ln316_1_fu_3805_p2    |       and|   0|  0|   2|           1|           1|
    |and_ln316_fu_3799_p2      |       and|   0|  0|   2|           1|           1|
    |and_ln329_1_fu_3938_p2    |       and|   0|  0|   2|           1|           1|
    |and_ln329_fu_3932_p2      |       and|   0|  0|   2|           1|           1|
    |icmp_ln1065_fu_1634_p2    |      icmp|   0|  0|  18|          32|           4|
    |icmp_ln1073_fu_1385_p2    |      icmp|   0|  0|  18|          32|           4|
    |icmp_ln298_10_fu_2371_p2  |      icmp|   0|  0|  11|           8|           2|
    |icmp_ln298_11_fu_2377_p2  |      icmp|   0|  0|  15|          23|           1|
    |icmp_ln298_12_fu_2557_p2  |      icmp|   0|  0|  11|           8|           2|
    |icmp_ln298_13_fu_2563_p2  |      icmp|   0|  0|  15|          23|           1|
    |icmp_ln298_14_fu_2575_p2  |      icmp|   0|  0|  11|           8|           2|
    |icmp_ln298_15_fu_2581_p2  |      icmp|   0|  0|  15|          23|           1|
    |icmp_ln298_16_fu_2761_p2  |      icmp|   0|  0|  11|           8|           2|
    |icmp_ln298_17_fu_2767_p2  |      icmp|   0|  0|  15|          23|           1|
    |icmp_ln298_18_fu_2779_p2  |      icmp|   0|  0|  11|           8|           2|
    |icmp_ln298_19_fu_2785_p2  |      icmp|   0|  0|  15|          23|           1|
    |icmp_ln298_1_fu_1953_p2   |      icmp|   0|  0|  15|          23|           1|
    |icmp_ln298_20_fu_2965_p2  |      icmp|   0|  0|  11|           8|           2|
    |icmp_ln298_21_fu_2971_p2  |      icmp|   0|  0|  15|          23|           1|
    |icmp_ln298_22_fu_2983_p2  |      icmp|   0|  0|  11|           8|           2|
    |icmp_ln298_23_fu_2989_p2  |      icmp|   0|  0|  15|          23|           1|
    |icmp_ln298_24_fu_3063_p2  |      icmp|   0|  0|  11|           8|           2|
    |icmp_ln298_25_fu_3069_p2  |      icmp|   0|  0|  15|          23|           1|
    |icmp_ln298_26_fu_3081_p2  |      icmp|   0|  0|  11|           8|           2|
    |icmp_ln298_27_fu_3087_p2  |      icmp|   0|  0|  15|          23|           1|
    |icmp_ln298_28_fu_3154_p2  |      icmp|   0|  0|  11|           8|           2|
    |icmp_ln298_29_fu_3160_p2  |      icmp|   0|  0|  15|          23|           1|
    |icmp_ln298_2_fu_1965_p2   |      icmp|   0|  0|  11|           8|           2|
    |icmp_ln298_30_fu_3172_p2  |      icmp|   0|  0|  11|           8|           2|
    |icmp_ln298_31_fu_3178_p2  |      icmp|   0|  0|  15|          23|           1|
    |icmp_ln298_3_fu_1971_p2   |      icmp|   0|  0|  15|          23|           1|
    |icmp_ln298_4_fu_2151_p2   |      icmp|   0|  0|  11|           8|           2|
    |icmp_ln298_5_fu_2157_p2   |      icmp|   0|  0|  15|          23|           1|
    |icmp_ln298_6_fu_2169_p2   |      icmp|   0|  0|  11|           8|           2|
    |icmp_ln298_7_fu_2175_p2   |      icmp|   0|  0|  15|          23|           1|
    |icmp_ln298_8_fu_2353_p2   |      icmp|   0|  0|  11|           8|           2|
    |icmp_ln298_9_fu_2359_p2   |      icmp|   0|  0|  15|          23|           1|
    |icmp_ln298_fu_1947_p2     |      icmp|   0|  0|  11|           8|           2|
    |icmp_ln302_10_fu_3494_p2  |      icmp|   0|  0|  11|           8|           2|
    |icmp_ln302_11_fu_3500_p2  |      icmp|   0|  0|  15|          23|           1|
    |icmp_ln302_12_fu_3556_p2  |      icmp|   0|  0|  11|           8|           2|
    |icmp_ln302_13_fu_3562_p2  |      icmp|   0|  0|  15|          23|           1|
    |icmp_ln302_14_fu_3604_p2  |      icmp|   0|  0|  11|           8|           2|
    |icmp_ln302_15_fu_3610_p2  |      icmp|   0|  0|  15|          23|           1|
    |icmp_ln302_1_fu_3232_p2   |      icmp|   0|  0|  15|          23|           1|
    |icmp_ln302_2_fu_3281_p2   |      icmp|   0|  0|  11|           8|           2|
    |icmp_ln302_3_fu_3287_p2   |      icmp|   0|  0|  15|          23|           1|
    |icmp_ln302_4_fu_3336_p2   |      icmp|   0|  0|  11|           8|           2|
    |icmp_ln302_5_fu_3342_p2   |      icmp|   0|  0|  15|          23|           1|
    |icmp_ln302_6_fu_3391_p2   |      icmp|   0|  0|  11|           8|           2|
    |icmp_ln302_7_fu_3397_p2   |      icmp|   0|  0|  15|          23|           1|
    |icmp_ln302_8_fu_3446_p2   |      icmp|   0|  0|  11|           8|           2|
    |icmp_ln302_9_fu_3452_p2   |      icmp|   0|  0|  15|          23|           1|
    |icmp_ln302_fu_3226_p2     |      icmp|   0|  0|  11|           8|           2|
    |icmp_ln308_1_fu_3658_p2   |      icmp|   0|  0|  15|          23|           1|
    |icmp_ln308_fu_3652_p2     |      icmp|   0|  0|  11|           8|           2|
    |icmp_ln316_1_fu_3763_p2   |      icmp|   0|  0|  11|           8|           2|
    |icmp_ln316_2_fu_3769_p2   |      icmp|   0|  0|  15|          23|           1|
    |icmp_ln316_3_fu_3781_p2   |      icmp|   0|  0|  11|           8|           2|
    |icmp_ln316_4_fu_3787_p2   |      icmp|   0|  0|  15|          23|           1|
    |icmp_ln316_fu_3723_p2     |      icmp|   0|  0|  18|          32|           2|
    |icmp_ln329_1_fu_3902_p2   |      icmp|   0|  0|  15|          23|           1|
    |icmp_ln329_2_fu_3914_p2   |      icmp|   0|  0|  11|           8|           2|
    |icmp_ln329_3_fu_3920_p2   |      icmp|   0|  0|  15|          23|           1|
    |icmp_ln329_fu_3896_p2     |      icmp|   0|  0|  11|           8|           2|
    |or_ln290_10_fu_2249_p2    |        or|   0|  0|  12|          12|           3|
    |or_ln290_11_fu_2451_p2    |        or|   0|  0|  12|          12|           3|
    |or_ln290_12_fu_2655_p2    |        or|   0|  0|  12|          12|           3|
    |or_ln290_13_fu_2859_p2    |        or|   0|  0|  12|          12|           3|
    |or_ln290_14_fu_1771_p2    |        or|   0|  0|  12|          12|           1|
    |or_ln290_15_fu_1891_p2    |        or|   0|  0|  12|          12|           2|
    |or_ln290_16_fu_2095_p2    |        or|   0|  0|  12|          12|           2|
    |or_ln290_17_fu_2299_p2    |        or|   0|  0|  12|          12|           3|
    |or_ln290_18_fu_2501_p2    |        or|   0|  0|  12|          12|           3|
    |or_ln290_19_fu_2705_p2    |        or|   0|  0|  12|          12|           3|
    |or_ln290_1_fu_1831_p2     |        or|   0|  0|  12|          12|           2|
    |or_ln290_20_fu_2909_p2    |        or|   0|  0|  12|          12|           3|
    |or_ln290_21_fu_1781_p2    |        or|   0|  0|  12|          12|           1|
    |or_ln290_22_fu_1901_p2    |        or|   0|  0|  12|          12|           2|
    |or_ln290_23_fu_2105_p2    |        or|   0|  0|  12|          12|           2|
    |or_ln290_24_fu_2309_p2    |        or|   0|  0|  12|          12|           3|
    |or_ln290_25_fu_2511_p2    |        or|   0|  0|  12|          12|           3|
    |or_ln290_26_fu_2715_p2    |        or|   0|  0|  12|          12|           3|
    |or_ln290_27_fu_2919_p2    |        or|   0|  0|  12|          12|           3|
    |or_ln290_2_fu_2035_p2     |        or|   0|  0|  12|          12|           2|
    |or_ln290_3_fu_2239_p2     |        or|   0|  0|  12|          12|           3|
    |or_ln290_4_fu_2441_p2     |        or|   0|  0|  12|          12|           3|
    |or_ln290_5_fu_2645_p2     |        or|   0|  0|  12|          12|           3|
    |or_ln290_6_fu_2849_p2     |        or|   0|  0|  12|          12|           3|
    |or_ln290_7_fu_1721_p2     |        or|   0|  0|  12|          12|           1|
    |or_ln290_8_fu_1841_p2     |        or|   0|  0|  12|          12|           2|
    |or_ln290_9_fu_2045_p2     |        or|   0|  0|  12|          12|           2|
    |or_ln290_fu_1711_p2       |        or|   0|  0|  12|          12|           1|
    |or_ln295_10_fu_2209_p2    |        or|   0|  0|  12|          12|           3|
    |or_ln295_11_fu_2411_p2    |        or|   0|  0|  12|          12|           3|
    |or_ln295_12_fu_2615_p2    |        or|   0|  0|  12|          12|           3|
    |or_ln295_13_fu_2819_p2    |        or|   0|  0|  12|          12|           3|
    |or_ln295_14_fu_1691_p2    |        or|   0|  0|  12|          12|           1|
    |or_ln295_15_fu_1811_p2    |        or|   0|  0|  12|          12|           2|
    |or_ln295_16_fu_2015_p2    |        or|   0|  0|  12|          12|           2|
    |or_ln295_17_fu_2219_p2    |        or|   0|  0|  12|          12|           3|
    |or_ln295_18_fu_2421_p2    |        or|   0|  0|  12|          12|           3|
    |or_ln295_19_fu_2625_p2    |        or|   0|  0|  12|          12|           3|
    |or_ln295_1_fu_1791_p2     |        or|   0|  0|  12|          12|           2|
    |or_ln295_20_fu_2829_p2    |        or|   0|  0|  12|          12|           3|
    |or_ln295_21_fu_1701_p2    |        or|   0|  0|  12|          12|           1|
    |or_ln295_22_fu_1821_p2    |        or|   0|  0|  12|          12|           2|
    |or_ln295_23_fu_2025_p2    |        or|   0|  0|  12|          12|           2|
    |or_ln295_24_fu_2229_p2    |        or|   0|  0|  12|          12|           3|
    |or_ln295_25_fu_2431_p2    |        or|   0|  0|  12|          12|           3|
    |or_ln295_26_fu_2635_p2    |        or|   0|  0|  12|          12|           3|
    |or_ln295_27_fu_2839_p2    |        or|   0|  0|  12|          12|           3|
    |or_ln295_2_fu_1995_p2     |        or|   0|  0|  12|          12|           2|
    |or_ln295_3_fu_2199_p2     |        or|   0|  0|  12|          12|           3|
    |or_ln295_4_fu_2401_p2     |        or|   0|  0|  12|          12|           3|
    |or_ln295_5_fu_2605_p2     |        or|   0|  0|  12|          12|           3|
    |or_ln295_6_fu_2809_p2     |        or|   0|  0|  12|          12|           3|
    |or_ln295_7_fu_1681_p2     |        or|   0|  0|  12|          12|           1|
    |or_ln295_8_fu_1801_p2     |        or|   0|  0|  12|          12|           2|
    |or_ln295_9_fu_2005_p2     |        or|   0|  0|  12|          12|           2|
    |or_ln295_fu_1671_p2       |        or|   0|  0|  12|          12|           1|
    |or_ln296_10_fu_2269_p2    |        or|   0|  0|  12|          12|           3|
    |or_ln296_11_fu_2471_p2    |        or|   0|  0|  12|          12|           3|
    |or_ln296_12_fu_2675_p2    |        or|   0|  0|  12|          12|           3|
    |or_ln296_13_fu_2879_p2    |        or|   0|  0|  12|          12|           3|
    |or_ln296_14_fu_1751_p2    |        or|   0|  0|  12|          12|           1|
    |or_ln296_15_fu_1871_p2    |        or|   0|  0|  12|          12|           2|
    |or_ln296_16_fu_2075_p2    |        or|   0|  0|  12|          12|           2|
    |or_ln296_17_fu_2279_p2    |        or|   0|  0|  12|          12|           3|
    |or_ln296_18_fu_2481_p2    |        or|   0|  0|  12|          12|           3|
    |or_ln296_19_fu_2685_p2    |        or|   0|  0|  12|          12|           3|
    |or_ln296_1_fu_1851_p2     |        or|   0|  0|  12|          12|           2|
    |or_ln296_20_fu_2889_p2    |        or|   0|  0|  12|          12|           3|
    |or_ln296_21_fu_1761_p2    |        or|   0|  0|  12|          12|           1|
    |or_ln296_22_fu_1881_p2    |        or|   0|  0|  12|          12|           2|
    |or_ln296_23_fu_2085_p2    |        or|   0|  0|  12|          12|           2|
    |or_ln296_24_fu_2289_p2    |        or|   0|  0|  12|          12|           3|
    |or_ln296_25_fu_2491_p2    |        or|   0|  0|  12|          12|           3|
    |or_ln296_26_fu_2695_p2    |        or|   0|  0|  12|          12|           3|
    |or_ln296_27_fu_2899_p2    |        or|   0|  0|  12|          12|           3|
    |or_ln296_2_fu_2055_p2     |        or|   0|  0|  12|          12|           2|
    |or_ln296_3_fu_2259_p2     |        or|   0|  0|  12|          12|           3|
    |or_ln296_4_fu_2461_p2     |        or|   0|  0|  12|          12|           3|
    |or_ln296_5_fu_2665_p2     |        or|   0|  0|  12|          12|           3|
    |or_ln296_6_fu_2869_p2     |        or|   0|  0|  12|          12|           3|
    |or_ln296_7_fu_1741_p2     |        or|   0|  0|  12|          12|           1|
    |or_ln296_8_fu_1861_p2     |        or|   0|  0|  12|          12|           2|
    |or_ln296_9_fu_2065_p2     |        or|   0|  0|  12|          12|           2|
    |or_ln296_fu_1731_p2       |        or|   0|  0|  12|          12|           1|
    |or_ln298_10_fu_2977_p2    |        or|   0|  0|   2|           1|           1|
    |or_ln298_11_fu_2995_p2    |        or|   0|  0|   2|           1|           1|
    |or_ln298_12_fu_3075_p2    |        or|   0|  0|   2|           1|           1|
    |or_ln298_13_fu_3093_p2    |        or|   0|  0|   2|           1|           1|
    |or_ln298_14_fu_3166_p2    |        or|   0|  0|   2|           1|           1|
    |or_ln298_15_fu_3184_p2    |        or|   0|  0|   2|           1|           1|
    |or_ln298_1_fu_1977_p2     |        or|   0|  0|   2|           1|           1|
    |or_ln298_2_fu_2163_p2     |        or|   0|  0|   2|           1|           1|
    |or_ln298_3_fu_2181_p2     |        or|   0|  0|   2|           1|           1|
    |or_ln298_4_fu_2365_p2     |        or|   0|  0|   2|           1|           1|
    |or_ln298_5_fu_2383_p2     |        or|   0|  0|   2|           1|           1|
    |or_ln298_6_fu_2569_p2     |        or|   0|  0|   2|           1|           1|
    |or_ln298_7_fu_2587_p2     |        or|   0|  0|   2|           1|           1|
    |or_ln298_8_fu_2773_p2     |        or|   0|  0|   2|           1|           1|
    |or_ln298_9_fu_2791_p2     |        or|   0|  0|   2|           1|           1|
    |or_ln298_fu_1959_p2       |        or|   0|  0|   2|           1|           1|
    |or_ln302_1_fu_3293_p2     |        or|   0|  0|   2|           1|           1|
    |or_ln302_2_fu_3348_p2     |        or|   0|  0|   2|           1|           1|
    |or_ln302_3_fu_3403_p2     |        or|   0|  0|   2|           1|           1|
    |or_ln302_4_fu_3458_p2     |        or|   0|  0|   2|           1|           1|
    |or_ln302_5_fu_3506_p2     |        or|   0|  0|   2|           1|           1|
    |or_ln302_6_fu_3568_p2     |        or|   0|  0|   2|           1|           1|
    |or_ln302_7_fu_3616_p2     |        or|   0|  0|   2|           1|           1|
    |or_ln302_fu_3238_p2       |        or|   0|  0|   2|           1|           1|
    |or_ln308_fu_3664_p2       |        or|   0|  0|   2|           1|           1|
    |or_ln316_1_fu_3775_p2     |        or|   0|  0|   2|           1|           1|
    |or_ln316_2_fu_3793_p2     |        or|   0|  0|   2|           1|           1|
    |or_ln316_fu_3811_p2       |        or|   0|  0|   2|           1|           1|
    |or_ln329_1_fu_3908_p2     |        or|   0|  0|   2|           1|           1|
    |or_ln329_2_fu_3926_p2     |        or|   0|  0|   2|           1|           1|
    |or_ln329_fu_3944_p2       |        or|   0|  0|   2|           1|           1|
    |i_real_fu_3018_p3         |    select|   0|  0|  32|           1|          32|
    |k_real_3_fu_1652_p3       |    select|   0|  0|  32|           1|          32|
    |merge_1_5_fu_3962_p3      |    select|   0|  0|  32|           1|          32|
    |merge_1_6_fu_3980_p3      |    select|   0|  0|  32|           1|          32|
    |merge_2_5_fu_3956_p3      |    select|   0|  0|  32|           1|          32|
    |merge_2_6_fu_3974_p3      |    select|   0|  0|  32|           1|          32|
    |ov_10_fu_3257_p3          |    select|   0|  0|  32|           1|          32|
    |ov_11_fu_3360_p3          |    select|   0|  0|  32|           1|           1|
    |ov_14_fu_3312_p3          |    select|   0|  0|  32|           1|          32|
    |ov_15_fu_3415_p3          |    select|   0|  0|  32|           1|           1|
    |ov_18_fu_3367_p3          |    select|   0|  0|  32|           1|          32|
    |ov_19_fu_3470_p3          |    select|   0|  0|  32|           1|           1|
    |ov_22_fu_3422_p3          |    select|   0|  0|  32|           1|          32|
    |ov_23_fu_3518_p3          |    select|   0|  0|  32|           1|           1|
    |ov_26_fu_3525_p3          |    select|   0|  0|  32|           1|          32|
    |ov_27_fu_3580_p3          |    select|   0|  0|  32|           1|           1|
    |ov_2_fu_3111_p3           |    select|   0|  0|  32|           1|          32|
    |ov_30_fu_3532_p3          |    select|   0|  0|  32|           1|          32|
    |ov_31_fu_3628_p3          |    select|   0|  0|  32|           1|           1|
    |ov_32_fu_3250_p3          |    select|   0|  0|  32|           1|           1|
    |ov_6_fu_3202_p3           |    select|   0|  0|  32|           1|          32|
    |ov_7_fu_3305_p3           |    select|   0|  0|  32|           1|           1|
    |sc_2_fu_3689_p3           |    select|   0|  0|  32|           1|          32|
    |score_2_fu_3950_p3        |    select|   0|  0|  32|           1|          32|
    |score_3_fu_3968_p3        |    select|   0|  0|  32|           1|          32|
    |tmp_other_5_fu_3831_p3    |    select|   0|  0|  32|           1|           2|
    |tmp_other_6_fu_3817_p3    |    select|   0|  0|  32|           1|          32|
    |tmp_score_3_fu_3838_p3    |    select|   0|  0|  32|           1|           1|
    |tmp_score_4_fu_3824_p3    |    select|   0|  0|  32|           1|          32|
    |ap_enable_pp0             |       xor|   0|  0|   2|           1|           2|
    |xor_ln312_fu_3679_p2      |       xor|   0|  0|  33|          32|          33|
    +--------------------------+----------+----+---+----+------------+------------+
    |Total                     |          |   0|  0|3184|        2329|        1127|
    +--------------------------+----------+----+---+----+------------+------------+

    * Multiplexer: 
    +----------------------------------+----+-----------+-----+-----------+
    |               Name               | LUT| Input Size| Bits| Total Bits|
    +----------------------------------+----+-----------+-----+-----------+
    |ap_NS_fsm                         |  48|          9|    1|          9|
    |ap_done_int                       |   9|          2|    1|          2|
    |ap_enable_reg_pp0_iter0           |   9|          2|    1|          2|
    |ap_enable_reg_pp0_iter5           |   9|          2|    1|          2|
    |ap_loop_exit_ready_pp0_iter1_reg  |   9|          2|    1|          2|
    |ap_loop_exit_ready_pp0_iter2_reg  |   9|          2|    1|          2|
    |ap_loop_exit_ready_pp0_iter3_reg  |   9|          2|    1|          2|
    |ap_loop_exit_ready_pp0_iter4_reg  |   9|          2|    1|          2|
    |ap_loop_exit_ready_pp0_iter5_reg  |   9|          2|    1|          2|
    |grp_fu_1002_opcode                |  14|          3|    2|          6|
    |grp_fu_1002_p0                    |  65|         12|   32|        384|
    |grp_fu_1002_p1                    |  65|         12|   32|        384|
    |grp_fu_1006_p0                    |  53|         10|   32|        320|
    |grp_fu_1006_p1                    |  53|         10|   32|        320|
    |grp_fu_1010_p0                    |  48|          9|   32|        288|
    |grp_fu_1010_p1                    |  48|          9|   32|        288|
    |grp_fu_1014_p0                    |  48|          9|   32|        288|
    |grp_fu_1014_p1                    |  42|          8|   32|        256|
    |grp_fu_1018_p0                    |  48|          9|   32|        288|
    |grp_fu_1018_p1                    |  42|          8|   32|        256|
    |grp_fu_1022_opcode                |  14|          3|    2|          6|
    |grp_fu_1022_p0                    |  65|         12|   32|        384|
    |grp_fu_1022_p1                    |  65|         12|   32|        384|
    |grp_fu_1027_opcode                |  14|          3|    2|          6|
    |grp_fu_1027_p0                    |  48|          9|   32|        288|
    |grp_fu_1027_p1                    |  48|          9|   32|        288|
    |grp_fu_1035_p0                    |  37|          7|   32|        224|
    |grp_fu_1035_p1                    |  37|          7|   32|        224|
    |grp_fu_1039_p0                    |  31|          6|   32|        192|
    |grp_fu_1039_p1                    |  42|          8|   32|        256|
    |grp_fu_1047_p0                    |  42|          8|   32|        256|
    |grp_fu_1052_opcode                |  14|          3|    5|         15|
    |grp_fu_1052_p0                    |  25|          5|   32|        160|
    |grp_fu_1052_p1                    |  20|          4|   32|        128|
    |grp_fu_1057_p3                    |  14|          3|    1|          3|
    |grp_fu_1075_p3                    |  14|          3|    1|          3|
    |grp_fu_1084_p3                    |  14|          3|    1|          3|
    |k_real_1_fu_118                   |   9|          2|   32|         64|
    |merge_1_fu_102                    |   9|          2|   32|         64|
    |merge_2_fu_106                    |   9|          2|   32|         64|
    |regions_center_0_address0         |  48|          9|   12|        108|
    |regions_center_0_address1         |  48|          9|   12|        108|
    |regions_center_1_address0         |  48|          9|   12|        108|
    |regions_center_1_address1         |  48|          9|   12|        108|
    |regions_max_0_address0            |  48|          9|   12|        108|
    |regions_max_0_address1            |  48|          9|   12|        108|
    |regions_max_1_address0            |  48|          9|   12|        108|
    |regions_max_1_address1            |  48|          9|   12|        108|
    |regions_min_0_address0            |  48|          9|   12|        108|
    |regions_min_0_address1            |  48|          9|   12|        108|
    |regions_min_1_address0            |  48|          9|   12|        108|
    |regions_min_1_address1            |  48|          9|   12|        108|
    |score_fu_110                      |   9|          2|   32|         64|
    |tmp_other_1_fu_114                |   9|          2|   32|         64|
    |tmp_other_fu_126                  |   9|          2|   32|         64|
    |tmp_score_fu_122                  |   9|          2|   32|         64|
    +----------------------------------+----+-----------+-----+-----------+
    |Total                             |1829|        351| 1063|       7667|
    +----------------------------------+----+-----------+-----+-----------+

    * Register: 
    +----------------------------------+----+----+-----+-----------+
    |               Name               | FF | LUT| Bits| Const Bits|
    +----------------------------------+----+----+-----+-----------+
    |and_ln298_11_reg_4822             |   1|   0|    1|          0|
    |and_ln298_13_reg_4875             |   1|   0|    1|          0|
    |and_ln298_15_reg_4907             |   1|   0|    1|          0|
    |and_ln298_1_reg_4434              |   1|   0|    1|          0|
    |and_ln298_3_reg_4499              |   1|   0|    1|          0|
    |and_ln298_5_reg_4592              |   1|   0|    1|          0|
    |and_ln298_7_reg_4667              |   1|   0|    1|          0|
    |and_ln298_9_reg_4732              |   1|   0|    1|          0|
    |ap_CS_fsm                         |   8|   0|    8|          0|
    |ap_done_reg                       |   1|   0|    1|          0|
    |ap_enable_reg_pp0_iter0_reg       |   1|   0|    1|          0|
    |ap_enable_reg_pp0_iter1           |   1|   0|    1|          0|
    |ap_enable_reg_pp0_iter2           |   1|   0|    1|          0|
    |ap_enable_reg_pp0_iter3           |   1|   0|    1|          0|
    |ap_enable_reg_pp0_iter4           |   1|   0|    1|          0|
    |ap_enable_reg_pp0_iter5           |   1|   0|    1|          0|
    |ap_loop_exit_ready_pp0_iter1_reg  |   1|   0|    1|          0|
    |ap_loop_exit_ready_pp0_iter2_reg  |   1|   0|    1|          0|
    |ap_loop_exit_ready_pp0_iter3_reg  |   1|   0|    1|          0|
    |ap_loop_exit_ready_pp0_iter4_reg  |   1|   0|    1|          0|
    |ap_loop_exit_ready_pp0_iter5_reg  |   1|   0|    1|          0|
    |d1_2_reg_4802                     |  32|   0|   32|          0|
    |d1_3_reg_4865                     |  32|   0|   32|          0|
    |d1_6_reg_4951                     |  32|   0|   32|          0|
    |d2_2_reg_4807                     |  32|   0|   32|          0|
    |d2_6_reg_4956                     |  32|   0|   32|          0|
    |d2_7_reg_4983                     |  32|   0|   32|          0|
    |d_7_reg_5010                      |  32|   0|   32|          0|
    |distance_3_reg_5077               |  32|   0|   32|          0|
    |distance_5_reg_5089               |  32|   0|   32|          0|
    |distance_6_reg_5099               |  32|   0|   32|          0|
    |distance_reg_4929                 |  32|   0|   32|          0|
    |i_real_3_reg_4086                 |  32|   0|   32|          0|
    |i_real_4_reg_4855                 |  32|   0|   32|          0|
    |icmp_ln1065_reg_4297              |   1|   0|    1|          0|
    |icmp_ln1073_reg_4094              |   1|   0|    1|          0|
    |k_real_1_fu_118                   |  32|   0|   32|          0|
    |merge_1_1_reg_5118                |  32|   0|   32|          0|
    |merge_1_fu_102                    |  32|   0|   32|          0|
    |merge_2_1_reg_5125                |  32|   0|   32|          0|
    |merge_2_fu_106                    |  32|   0|   32|          0|
    |mul_1_reg_4860                    |  32|   0|   32|          0|
    |mul_2_reg_4897                    |  32|   0|   32|          0|
    |mul_3_reg_4919                    |  32|   0|   32|          0|
    |mul_3_reg_4919_pp0_iter2_reg      |  32|   0|   32|          0|
    |mul_4_reg_4946                    |  32|   0|   32|          0|
    |mul_4_reg_4946_pp0_iter2_reg      |  32|   0|   32|          0|
    |mul_5_reg_4978                    |  32|   0|   32|          0|
    |mul_6_reg_5033                    |  32|   0|   32|          0|
    |mul_7_reg_5055                    |  32|   0|   32|          0|
    |mul_reg_4797                      |  32|   0|   32|          0|
    |ov_10_reg_4939                    |  32|   0|   32|          0|
    |ov_11_reg_4998                    |  32|   0|   32|          0|
    |ov_14_reg_4971                    |  32|   0|   32|          0|
    |ov_15_reg_5021                    |  32|   0|   32|          0|
    |ov_18_reg_5003                    |  32|   0|   32|          0|
    |ov_19_reg_5038                    |  32|   0|   32|          0|
    |ov_22_reg_5026                    |  32|   0|   32|          0|
    |ov_23_reg_5043                    |  32|   0|   32|          0|
    |ov_26_reg_5048                    |  32|   0|   32|          0|
    |ov_27_reg_5067                    |  32|   0|   32|          0|
    |ov_2_reg_4890                     |  32|   0|   32|          0|
    |ov_30_reg_5060                    |  32|   0|   32|          0|
    |ov_31_reg_5072                    |  32|   0|   32|          0|
    |ov_31_reg_5072_pp0_iter3_reg      |  32|   0|   32|          0|
    |ov_32_reg_4934                    |  32|   0|   32|          0|
    |ov_6_reg_4912                     |  32|   0|   32|          0|
    |ov_7_reg_4966                     |  32|   0|   32|          0|
    |overlap_1_reg_5016                |  32|   0|   32|          0|
    |overlap_7_reg_5082                |  32|   0|   32|          0|
    |overlap_7_reg_5082_pp0_iter4_reg  |  32|   0|   32|          0|
    |reg_1113                          |  32|   0|   32|          0|
    |reg_1119                          |  32|   0|   32|          0|
    |reg_1125                          |  32|   0|   32|          0|
    |reg_1131                          |  32|   0|   32|          0|
    |reg_1142                          |  32|   0|   32|          0|
    |reg_1148                          |  32|   0|   32|          0|
    |reg_1159                          |  32|   0|   32|          0|
    |reg_1165                          |  32|   0|   32|          0|
    |reg_1171                          |  32|   0|   32|          0|
    |reg_1177                          |  32|   0|   32|          0|
    |reg_1188                          |  32|   0|   32|          0|
    |reg_1194                          |  32|   0|   32|          0|
    |reg_1205                          |  32|   0|   32|          0|
    |reg_1211                          |  32|   0|   32|          0|
    |reg_1217                          |  32|   0|   32|          0|
    |reg_1223                          |  32|   0|   32|          0|
    |reg_1233                          |  32|   0|   32|          0|
    |reg_1239                          |  32|   0|   32|          0|
    |reg_1249                          |  32|   0|   32|          0|
    |reg_1255                          |  32|   0|   32|          0|
    |reg_1262                          |  32|   0|   32|          0|
    |reg_1268                          |  32|   0|   32|          0|
    |reg_1274                          |  32|   0|   32|          0|
    |reg_1280                          |  32|   0|   32|          0|
    |reg_1286                          |  32|   0|   32|          0|
    |reg_1295                          |  32|   0|   32|          0|
    |reg_1301                          |  32|   0|   32|          0|
    |reg_1307                          |  32|   0|   32|          0|
    |reg_1313                          |  32|   0|   32|          0|
    |reg_1319                          |  32|   0|   32|          0|
    |reg_1325                          |  32|   0|   32|          0|
    |reg_1331                          |  32|   0|   32|          0|
    |reg_1336                          |  32|   0|   32|          0|
    |reg_1341                          |  32|   0|   32|          0|
    |sc_2_reg_5104                     |  32|   0|   32|          0|
    |score_fu_110                      |  32|   0|   32|          0|
    |score_load_reg_5131               |  32|   0|   32|          0|
    |sub79_2_reg_4812                  |  32|   0|   32|          0|
    |sub79_6_reg_4961                  |  32|   0|   32|          0|
    |sub79_7_reg_4988                  |  32|   0|   32|          0|
    |sub91_2_reg_4817                  |  32|   0|   32|          0|
    |sub91_3_reg_4870                  |  32|   0|   32|          0|
    |sub91_4_reg_4902                  |  32|   0|   32|          0|
    |sub91_5_reg_4924                  |  32|   0|   32|          0|
    |sub91_7_reg_4993                  |  32|   0|   32|          0|
    |tmp_100_reg_4827                  |  32|   0|   32|          0|
    |tmp_101_reg_4832                  |  32|   0|   32|          0|
    |tmp_103_reg_4837                  |  32|   0|   32|          0|
    |tmp_105_reg_4846                  |  32|   0|   32|          0|
    |tmp_106_reg_4880                  |  32|   0|   32|          0|
    |tmp_107_reg_4885                  |  32|   0|   32|          0|
    |tmp_112_reg_4105                  |   9|   0|   12|          3|
    |tmp_113_reg_4121                  |   9|   0|   12|          3|
    |tmp_114_reg_4137                  |   9|   0|   12|          3|
    |tmp_115_reg_4153                  |   9|   0|   12|          3|
    |tmp_116_reg_4169                  |   9|   0|   12|          3|
    |tmp_117_reg_4185                  |   9|   0|   12|          3|
    |tmp_118_reg_4201                  |   9|   0|   12|          3|
    |tmp_119_reg_4217                  |   9|   0|   12|          3|
    |tmp_120_reg_4233                  |   9|   0|   12|          3|
    |tmp_121_reg_4249                  |   9|   0|   12|          3|
    |tmp_122_reg_4265                  |   9|   0|   12|          3|
    |tmp_123_reg_4281                  |   9|   0|   12|          3|
    |tmp_55_reg_5094                   |   1|   0|    1|          0|
    |tmp_55_reg_5094_pp0_iter5_reg     |   1|   0|    1|          0|
    |tmp_76_reg_4504                   |  32|   0|   32|          0|
    |tmp_77_reg_4509                   |  32|   0|   32|          0|
    |tmp_79_reg_4514                   |  32|   0|   32|          0|
    |tmp_81_reg_4523                   |  32|   0|   32|          0|
    |tmp_82_reg_4597                   |  32|   0|   32|          0|
    |tmp_83_reg_4602                   |  32|   0|   32|          0|
    |tmp_other_1_fu_114                |  32|   0|   32|          0|
    |tmp_other_6_reg_5139              |  32|   0|   32|          0|
    |tmp_other_fu_126                  |  32|   0|   32|          0|
    |tmp_score_4_reg_5144              |  32|   0|   32|          0|
    |tmp_score_fu_122                  |  32|   0|   32|          0|
    |tmp_score_load_reg_5111           |  32|   0|   32|          0|
    |trunc_ln251_1_reg_4307            |   1|   0|    1|          0|
    |trunc_ln251_reg_4098              |   1|   0|    1|          0|
    |i_real_3_reg_4086                 |  64|  32|   32|          0|
    |i_real_4_reg_4855                 |  64|  32|   32|          0|
    |icmp_ln1065_reg_4297              |  64|  32|    1|          0|
    |icmp_ln1073_reg_4094              |  64|  32|    1|          0|
    |mul_5_reg_4978                    |  64|  32|   32|          0|
    |mul_6_reg_5033                    |  64|  32|   32|          0|
    |mul_7_reg_5055                    |  64|  32|   32|          0|
    +----------------------------------+----+----+-----+-----------+
    |Total                             |4142| 224| 3892|         36|
    +----------------------------------+----+----+-----+-----------+



================================================================
== Interface
================================================================
* Summary: 
+---------------------------+-----+-----+------------+-----------------------------------------+--------------+
|         RTL Ports         | Dir | Bits|  Protocol  |              Source Object              |    C Type    |
+---------------------------+-----+-----+------------+-----------------------------------------+--------------+
|ap_clk                     |   in|    1|  ap_ctrl_hs|  insert_point2_Pipeline_VITIS_LOOP_262_1|  return value|
|ap_rst                     |   in|    1|  ap_ctrl_hs|  insert_point2_Pipeline_VITIS_LOOP_262_1|  return value|
|ap_start                   |   in|    1|  ap_ctrl_hs|  insert_point2_Pipeline_VITIS_LOOP_262_1|  return value|
|ap_done                    |  out|    1|  ap_ctrl_hs|  insert_point2_Pipeline_VITIS_LOOP_262_1|  return value|
|ap_idle                    |  out|    1|  ap_ctrl_hs|  insert_point2_Pipeline_VITIS_LOOP_262_1|  return value|
|ap_ready                   |  out|    1|  ap_ctrl_hs|  insert_point2_Pipeline_VITIS_LOOP_262_1|  return value|
|grp_fu_2725_p_din0         |  out|   32|  ap_ctrl_hs|  insert_point2_Pipeline_VITIS_LOOP_262_1|  return value|
|grp_fu_2725_p_din1         |  out|   32|  ap_ctrl_hs|  insert_point2_Pipeline_VITIS_LOOP_262_1|  return value|
|grp_fu_2725_p_opcode       |  out|    2|  ap_ctrl_hs|  insert_point2_Pipeline_VITIS_LOOP_262_1|  return value|
|grp_fu_2725_p_dout0        |   in|   32|  ap_ctrl_hs|  insert_point2_Pipeline_VITIS_LOOP_262_1|  return value|
|grp_fu_2725_p_ce           |  out|    1|  ap_ctrl_hs|  insert_point2_Pipeline_VITIS_LOOP_262_1|  return value|
|grp_fu_2729_p_din0         |  out|   32|  ap_ctrl_hs|  insert_point2_Pipeline_VITIS_LOOP_262_1|  return value|
|grp_fu_2729_p_din1         |  out|   32|  ap_ctrl_hs|  insert_point2_Pipeline_VITIS_LOOP_262_1|  return value|
|grp_fu_2729_p_dout0        |   in|   32|  ap_ctrl_hs|  insert_point2_Pipeline_VITIS_LOOP_262_1|  return value|
|grp_fu_2729_p_ce           |  out|    1|  ap_ctrl_hs|  insert_point2_Pipeline_VITIS_LOOP_262_1|  return value|
|grp_fu_2713_p_din0         |  out|   32|  ap_ctrl_hs|  insert_point2_Pipeline_VITIS_LOOP_262_1|  return value|
|grp_fu_2713_p_din1         |  out|   32|  ap_ctrl_hs|  insert_point2_Pipeline_VITIS_LOOP_262_1|  return value|
|grp_fu_2713_p_opcode       |  out|    5|  ap_ctrl_hs|  insert_point2_Pipeline_VITIS_LOOP_262_1|  return value|
|grp_fu_2713_p_dout0        |   in|    1|  ap_ctrl_hs|  insert_point2_Pipeline_VITIS_LOOP_262_1|  return value|
|grp_fu_2713_p_ce           |  out|    1|  ap_ctrl_hs|  insert_point2_Pipeline_VITIS_LOOP_262_1|  return value|
|grp_fu_2717_p_din0         |  out|   32|  ap_ctrl_hs|  insert_point2_Pipeline_VITIS_LOOP_262_1|  return value|
|grp_fu_2717_p_din1         |  out|   32|  ap_ctrl_hs|  insert_point2_Pipeline_VITIS_LOOP_262_1|  return value|
|grp_fu_2717_p_opcode       |  out|    5|  ap_ctrl_hs|  insert_point2_Pipeline_VITIS_LOOP_262_1|  return value|
|grp_fu_2717_p_dout0        |   in|    1|  ap_ctrl_hs|  insert_point2_Pipeline_VITIS_LOOP_262_1|  return value|
|grp_fu_2717_p_ce           |  out|    1|  ap_ctrl_hs|  insert_point2_Pipeline_VITIS_LOOP_262_1|  return value|
|grp_fu_2721_p_din0         |  out|   32|  ap_ctrl_hs|  insert_point2_Pipeline_VITIS_LOOP_262_1|  return value|
|grp_fu_2721_p_din1         |  out|   32|  ap_ctrl_hs|  insert_point2_Pipeline_VITIS_LOOP_262_1|  return value|
|grp_fu_2721_p_opcode       |  out|    5|  ap_ctrl_hs|  insert_point2_Pipeline_VITIS_LOOP_262_1|  return value|
|grp_fu_2721_p_dout0        |   in|    1|  ap_ctrl_hs|  insert_point2_Pipeline_VITIS_LOOP_262_1|  return value|
|grp_fu_2721_p_ce           |  out|    1|  ap_ctrl_hs|  insert_point2_Pipeline_VITIS_LOOP_262_1|  return value|
|zext_ln243_5               |   in|    9|     ap_none|                             zext_ln243_5|        scalar|
|regions_min_0_address0     |  out|   12|   ap_memory|                            regions_min_0|         array|
|regions_min_0_ce0          |  out|    1|   ap_memory|                            regions_min_0|         array|
|regions_min_0_q0           |   in|   32|   ap_memory|                            regions_min_0|         array|
|regions_min_0_address1     |  out|   12|   ap_memory|                            regions_min_0|         array|
|regions_min_0_ce1          |  out|    1|   ap_memory|                            regions_min_0|         array|
|regions_min_0_q1           |   in|   32|   ap_memory|                            regions_min_0|         array|
|zext_ln243_4               |   in|    9|     ap_none|                             zext_ln243_4|        scalar|
|regions_min_1_address0     |  out|   12|   ap_memory|                            regions_min_1|         array|
|regions_min_1_ce0          |  out|    1|   ap_memory|                            regions_min_1|         array|
|regions_min_1_q0           |   in|   32|   ap_memory|                            regions_min_1|         array|
|regions_min_1_address1     |  out|   12|   ap_memory|                            regions_min_1|         array|
|regions_min_1_ce1          |  out|    1|   ap_memory|                            regions_min_1|         array|
|regions_min_1_q1           |   in|   32|   ap_memory|                            regions_min_1|         array|
|zext_ln243_3               |   in|    9|     ap_none|                             zext_ln243_3|        scalar|
|regions_max_0_address0     |  out|   12|   ap_memory|                            regions_max_0|         array|
|regions_max_0_ce0          |  out|    1|   ap_memory|                            regions_max_0|         array|
|regions_max_0_q0           |   in|   32|   ap_memory|                            regions_max_0|         array|
|regions_max_0_address1     |  out|   12|   ap_memory|                            regions_max_0|         array|
|regions_max_0_ce1          |  out|    1|   ap_memory|                            regions_max_0|         array|
|regions_max_0_q1           |   in|   32|   ap_memory|                            regions_max_0|         array|
|zext_ln243_2               |   in|    9|     ap_none|                             zext_ln243_2|        scalar|
|regions_max_1_address0     |  out|   12|   ap_memory|                            regions_max_1|         array|
|regions_max_1_ce0          |  out|    1|   ap_memory|                            regions_max_1|         array|
|regions_max_1_q0           |   in|   32|   ap_memory|                            regions_max_1|         array|
|regions_max_1_address1     |  out|   12|   ap_memory|                            regions_max_1|         array|
|regions_max_1_ce1          |  out|    1|   ap_memory|                            regions_max_1|         array|
|regions_max_1_q1           |   in|   32|   ap_memory|                            regions_max_1|         array|
|zext_ln243_1               |   in|    9|     ap_none|                             zext_ln243_1|        scalar|
|regions_center_0_address0  |  out|   12|   ap_memory|                         regions_center_0|         array|
|regions_center_0_ce0       |  out|    1|   ap_memory|                         regions_center_0|         array|
|regions_center_0_q0        |   in|   32|   ap_memory|                         regions_center_0|         array|
|regions_center_0_address1  |  out|   12|   ap_memory|                         regions_center_0|         array|
|regions_center_0_ce1       |  out|    1|   ap_memory|                         regions_center_0|         array|
|regions_center_0_q1        |   in|   32|   ap_memory|                         regions_center_0|         array|
|zext_ln243                 |   in|    9|     ap_none|                               zext_ln243|        scalar|
|regions_center_1_address0  |  out|   12|   ap_memory|                         regions_center_1|         array|
|regions_center_1_ce0       |  out|    1|   ap_memory|                         regions_center_1|         array|
|regions_center_1_q0        |   in|   32|   ap_memory|                         regions_center_1|         array|
|regions_center_1_address1  |  out|   12|   ap_memory|                         regions_center_1|         array|
|regions_center_1_ce1       |  out|    1|   ap_memory|                         regions_center_1|         array|
|regions_center_1_q1        |   in|   32|   ap_memory|                         regions_center_1|         array|
|merge_2_out                |  out|   10|      ap_vld|                              merge_2_out|       pointer|
|merge_2_out_ap_vld         |  out|    1|      ap_vld|                              merge_2_out|       pointer|
|merge_1_out                |  out|   10|      ap_vld|                              merge_1_out|       pointer|
|merge_1_out_ap_vld         |  out|    1|      ap_vld|                              merge_1_out|       pointer|
+---------------------------+-----+-----+------------+-----------------------------------------+--------------+

