

================================================================
== Vitis HLS Report for 'insert_point_Pipeline_VITIS_LOOP_279_1'
================================================================
* Date:           Wed Oct 12 10:20:14 2022

* Version:        2022.1 (Build 3526262 on Mon Apr 18 15:47:01 MDT 2022)
* Project:        detector_solid
* Solution:       solution2 (Vitis Kernel Flow Target)
* Product family: zynq
* Target device:  xc7z020-clg484-1


================================================================
== Performance Estimates
================================================================
+ Timing: 
    * Summary: 
    +--------+----------+-----------+------------+
    |  Clock |  Target  | Estimated | Uncertainty|
    +--------+----------+-----------+------------+
    |ap_clk  |  18.00 ns|  13.694 ns|     4.86 ns|
    +--------+----------+-----------+------------+

+ Latency: 
    * Summary: 
    +---------+---------+----------+-----------+-----+------+---------+
    |  Latency (cycles) |  Latency (absolute)  |  Interval  | Pipeline|
    |   min   |   max   |    min   |    max    | min |  max |   Type  |
    +---------+---------+----------+-----------+-----+------+---------+
    |       46|     1134|  0.828 us|  20.412 us|   46|  1134|       no|
    +---------+---------+----------+-----------+-----+------+---------+

    + Detail: 
        * Instance: 
        N/A

        * Loop: 
        +--------------------+---------+---------+----------+-----------+-----------+---------+----------+
        |                    |  Latency (cycles) | Iteration|  Initiation Interval  |   Trip  |          |
        |      Loop Name     |   min   |   max   |  Latency |  achieved |   target  |  Count  | Pipelined|
        +--------------------+---------+---------+----------+-----------+-----------+---------+----------+
        |- VITIS_LOOP_279_1  |       44|     1132|        46|          8|          8|  0 ~ 136|       yes|
        +--------------------+---------+---------+----------+-----------+-----------+---------+----------+



================================================================
== Utilization Estimates
================================================================
* Summary: 
+-----------------+---------+-----+--------+-------+-----+
|       Name      | BRAM_18K| DSP |   FF   |  LUT  | URAM|
+-----------------+---------+-----+--------+-------+-----+
|DSP              |        -|    -|       -|      -|    -|
|Expression       |        -|    -|       0|   2204|    -|
|FIFO             |        -|    -|       -|      -|    -|
|Instance         |        -|   17|    1717|   3195|    -|
|Memory           |        -|    -|       -|      -|    -|
|Multiplexer      |        -|    -|       -|   1829|    -|
|Register         |        -|    -|    4052|    224|    -|
+-----------------+---------+-----+--------+-------+-----+
|Total            |        0|   17|    5769|   7452|    0|
+-----------------+---------+-----+--------+-------+-----+
|Available        |      280|  220|  106400|  53200|    0|
+-----------------+---------+-----+--------+-------+-----+
|Utilization (%)  |        0|    7|       5|     14|    0|
+-----------------+---------+-----+--------+-------+-----+

+ Detail: 
    * Instance: 
    +----------------------------------------+------------------------------------+---------+----+-----+-----+-----+
    |                Instance                |               Module               | BRAM_18K| DSP|  FF | LUT | URAM|
    +----------------------------------------+------------------------------------+---------+----+-----+-----+-----+
    |fadd_32ns_32ns_32_4_full_dsp_1_U38      |fadd_32ns_32ns_32_4_full_dsp_1      |        0|   2|  227|  403|    0|
    |faddfsub_32ns_32ns_32_4_full_dsp_1_U36  |faddfsub_32ns_32ns_32_4_full_dsp_1  |        0|   2|  227|  403|    0|
    |faddfsub_32ns_32ns_32_4_full_dsp_1_U37  |faddfsub_32ns_32ns_32_4_full_dsp_1  |        0|   2|  227|  403|    0|
    |fmul_32ns_32ns_32_2_max_dsp_1_U40       |fmul_32ns_32ns_32_2_max_dsp_1       |        0|   3|  128|  320|    0|
    |fsub_32ns_32ns_32_4_full_dsp_1_U32      |fsub_32ns_32ns_32_4_full_dsp_1      |        0|   2|  227|  403|    0|
    |fsub_32ns_32ns_32_4_full_dsp_1_U33      |fsub_32ns_32ns_32_4_full_dsp_1      |        0|   2|  227|  403|    0|
    |fsub_32ns_32ns_32_4_full_dsp_1_U34      |fsub_32ns_32ns_32_4_full_dsp_1      |        0|   2|  227|  403|    0|
    |fsub_32ns_32ns_32_4_full_dsp_1_U35      |fsub_32ns_32ns_32_4_full_dsp_1      |        0|   2|  227|  403|    0|
    |mux_21_32_1_1_U44                       |mux_21_32_1_1                       |        0|   0|    0|    9|    0|
    |mux_21_32_1_1_U45                       |mux_21_32_1_1                       |        0|   0|    0|    9|    0|
    |mux_21_32_1_1_U46                       |mux_21_32_1_1                       |        0|   0|    0|    9|    0|
    |mux_21_32_1_1_U47                       |mux_21_32_1_1                       |        0|   0|    0|    9|    0|
    |mux_21_32_1_1_U48                       |mux_21_32_1_1                       |        0|   0|    0|    9|    0|
    |mux_21_32_1_1_U49                       |mux_21_32_1_1                       |        0|   0|    0|    9|    0|
    +----------------------------------------+------------------------------------+---------+----+-----+-----+-----+
    |Total                                   |                                    |        0|  17| 1717| 3195|    0|
    +----------------------------------------+------------------------------------+---------+----+-----+-----+-----+

    * DSP: 
    N/A

    * Memory: 
    N/A

    * FIFO: 
    N/A

    * Expression: 
    +--------------------------+----------+----+---+----+------------+------------+
    |       Variable Name      | Operation| DSP| FF| LUT| Bitwidth P0| Bitwidth P1|
    +--------------------------+----------+----+---+----+------------+------------+
    |add_ln312_fu_1368_p2      |         +|   0|  0|  14|           9|           9|
    |add_ln313_fu_1401_p2      |         +|   0|  0|  14|           9|           9|
    |i_real_4_fu_2173_p2       |         +|   0|  0|  39|          32|           1|
    |k_real_2_fu_1436_p2       |         +|   0|  0|  39|          32|           1|
    |k_real_fu_1430_p2         |         +|   0|  0|  39|          32|           2|
    |and_ln315_10_fu_2161_p2   |       and|   0|  0|   2|           1|           1|
    |and_ln315_11_fu_2167_p2   |       and|   0|  0|   2|           1|           1|
    |and_ln315_12_fu_2259_p2   |       and|   0|  0|   2|           1|           1|
    |and_ln315_13_fu_2265_p2   |       and|   0|  0|   2|           1|           1|
    |and_ln315_14_fu_2350_p2   |       and|   0|  0|   2|           1|           1|
    |and_ln315_15_fu_2356_p2   |       and|   0|  0|   2|           1|           1|
    |and_ln315_1_fu_1599_p2    |       and|   0|  0|   2|           1|           1|
    |and_ln315_2_fu_1707_p2    |       and|   0|  0|   2|           1|           1|
    |and_ln315_3_fu_1713_p2    |       and|   0|  0|   2|           1|           1|
    |and_ln315_4_fu_1819_p2    |       and|   0|  0|   2|           1|           1|
    |and_ln315_5_fu_1825_p2    |       and|   0|  0|   2|           1|           1|
    |and_ln315_6_fu_1933_p2    |       and|   0|  0|   2|           1|           1|
    |and_ln315_7_fu_1939_p2    |       and|   0|  0|   2|           1|           1|
    |and_ln315_8_fu_2047_p2    |       and|   0|  0|   2|           1|           1|
    |and_ln315_9_fu_2053_p2    |       and|   0|  0|   2|           1|           1|
    |and_ln315_fu_1593_p2      |       and|   0|  0|   2|           1|           1|
    |and_ln319_1_fu_2459_p2    |       and|   0|  0|   2|           1|           1|
    |and_ln319_2_fu_2514_p2    |       and|   0|  0|   2|           1|           1|
    |and_ln319_3_fu_2569_p2    |       and|   0|  0|   2|           1|           1|
    |and_ln319_4_fu_2624_p2    |       and|   0|  0|   2|           1|           1|
    |and_ln319_5_fu_2672_p2    |       and|   0|  0|   2|           1|           1|
    |and_ln319_6_fu_2734_p2    |       and|   0|  0|   2|           1|           1|
    |and_ln319_7_fu_2782_p2    |       and|   0|  0|   2|           1|           1|
    |and_ln319_fu_2404_p2      |       and|   0|  0|   2|           1|           1|
    |and_ln325_fu_2830_p2      |       and|   0|  0|   2|           1|           1|
    |and_ln333_1_fu_2965_p2    |       and|   0|  0|   2|           1|           1|
    |and_ln333_fu_2959_p2      |       and|   0|  0|   2|           1|           1|
    |and_ln346_1_fu_3098_p2    |       and|   0|  0|   2|           1|           1|
    |and_ln346_fu_3092_p2      |       and|   0|  0|   2|           1|           1|
    |icmp_ln1065_fu_1424_p2    |      icmp|   0|  0|  18|          32|           4|
    |icmp_ln1073_fu_1345_p2    |      icmp|   0|  0|  18|          32|           4|
    |icmp_ln315_10_fu_1801_p2  |      icmp|   0|  0|  11|           8|           2|
    |icmp_ln315_11_fu_1807_p2  |      icmp|   0|  0|  15|          23|           1|
    |icmp_ln315_12_fu_1897_p2  |      icmp|   0|  0|  11|           8|           2|
    |icmp_ln315_13_fu_1903_p2  |      icmp|   0|  0|  15|          23|           1|
    |icmp_ln315_14_fu_1915_p2  |      icmp|   0|  0|  11|           8|           2|
    |icmp_ln315_15_fu_1921_p2  |      icmp|   0|  0|  15|          23|           1|
    |icmp_ln315_16_fu_2011_p2  |      icmp|   0|  0|  11|           8|           2|
    |icmp_ln315_17_fu_2017_p2  |      icmp|   0|  0|  15|          23|           1|
    |icmp_ln315_18_fu_2029_p2  |      icmp|   0|  0|  11|           8|           2|
    |icmp_ln315_19_fu_2035_p2  |      icmp|   0|  0|  15|          23|           1|
    |icmp_ln315_1_fu_1563_p2   |      icmp|   0|  0|  15|          23|           1|
    |icmp_ln315_20_fu_2125_p2  |      icmp|   0|  0|  11|           8|           2|
    |icmp_ln315_21_fu_2131_p2  |      icmp|   0|  0|  15|          23|           1|
    |icmp_ln315_22_fu_2143_p2  |      icmp|   0|  0|  11|           8|           2|
    |icmp_ln315_23_fu_2149_p2  |      icmp|   0|  0|  15|          23|           1|
    |icmp_ln315_24_fu_2223_p2  |      icmp|   0|  0|  11|           8|           2|
    |icmp_ln315_25_fu_2229_p2  |      icmp|   0|  0|  15|          23|           1|
    |icmp_ln315_26_fu_2241_p2  |      icmp|   0|  0|  11|           8|           2|
    |icmp_ln315_27_fu_2247_p2  |      icmp|   0|  0|  15|          23|           1|
    |icmp_ln315_28_fu_2314_p2  |      icmp|   0|  0|  11|           8|           2|
    |icmp_ln315_29_fu_2320_p2  |      icmp|   0|  0|  15|          23|           1|
    |icmp_ln315_2_fu_1575_p2   |      icmp|   0|  0|  11|           8|           2|
    |icmp_ln315_30_fu_2332_p2  |      icmp|   0|  0|  11|           8|           2|
    |icmp_ln315_31_fu_2338_p2  |      icmp|   0|  0|  15|          23|           1|
    |icmp_ln315_3_fu_1581_p2   |      icmp|   0|  0|  15|          23|           1|
    |icmp_ln315_4_fu_1671_p2   |      icmp|   0|  0|  11|           8|           2|
    |icmp_ln315_5_fu_1677_p2   |      icmp|   0|  0|  15|          23|           1|
    |icmp_ln315_6_fu_1689_p2   |      icmp|   0|  0|  11|           8|           2|
    |icmp_ln315_7_fu_1695_p2   |      icmp|   0|  0|  15|          23|           1|
    |icmp_ln315_8_fu_1783_p2   |      icmp|   0|  0|  11|           8|           2|
    |icmp_ln315_9_fu_1789_p2   |      icmp|   0|  0|  15|          23|           1|
    |icmp_ln315_fu_1557_p2     |      icmp|   0|  0|  11|           8|           2|
    |icmp_ln319_10_fu_2654_p2  |      icmp|   0|  0|  11|           8|           2|
    |icmp_ln319_11_fu_2660_p2  |      icmp|   0|  0|  15|          23|           1|
    |icmp_ln319_12_fu_2716_p2  |      icmp|   0|  0|  11|           8|           2|
    |icmp_ln319_13_fu_2722_p2  |      icmp|   0|  0|  15|          23|           1|
    |icmp_ln319_14_fu_2764_p2  |      icmp|   0|  0|  11|           8|           2|
    |icmp_ln319_15_fu_2770_p2  |      icmp|   0|  0|  15|          23|           1|
    |icmp_ln319_1_fu_2392_p2   |      icmp|   0|  0|  15|          23|           1|
    |icmp_ln319_2_fu_2441_p2   |      icmp|   0|  0|  11|           8|           2|
    |icmp_ln319_3_fu_2447_p2   |      icmp|   0|  0|  15|          23|           1|
    |icmp_ln319_4_fu_2496_p2   |      icmp|   0|  0|  11|           8|           2|
    |icmp_ln319_5_fu_2502_p2   |      icmp|   0|  0|  15|          23|           1|
    |icmp_ln319_6_fu_2551_p2   |      icmp|   0|  0|  11|           8|           2|
    |icmp_ln319_7_fu_2557_p2   |      icmp|   0|  0|  15|          23|           1|
    |icmp_ln319_8_fu_2606_p2   |      icmp|   0|  0|  11|           8|           2|
    |icmp_ln319_9_fu_2612_p2   |      icmp|   0|  0|  15|          23|           1|
    |icmp_ln319_fu_2386_p2     |      icmp|   0|  0|  11|           8|           2|
    |icmp_ln325_1_fu_2818_p2   |      icmp|   0|  0|  15|          23|           1|
    |icmp_ln325_fu_2812_p2     |      icmp|   0|  0|  11|           8|           2|
    |icmp_ln333_1_fu_2923_p2   |      icmp|   0|  0|  11|           8|           2|
    |icmp_ln333_2_fu_2929_p2   |      icmp|   0|  0|  15|          23|           1|
    |icmp_ln333_3_fu_2941_p2   |      icmp|   0|  0|  11|           8|           2|
    |icmp_ln333_4_fu_2947_p2   |      icmp|   0|  0|  15|          23|           1|
    |icmp_ln333_fu_2883_p2     |      icmp|   0|  0|  18|          32|           2|
    |icmp_ln346_1_fu_3062_p2   |      icmp|   0|  0|  15|          23|           1|
    |icmp_ln346_2_fu_3074_p2   |      icmp|   0|  0|  11|           8|           2|
    |icmp_ln346_3_fu_3080_p2   |      icmp|   0|  0|  15|          23|           1|
    |icmp_ln346_fu_3056_p2     |      icmp|   0|  0|  11|           8|           2|
    |or_ln312_1_fu_1491_p2     |        or|   0|  0|  12|          12|           2|
    |or_ln312_2_fu_1605_p2     |        or|   0|  0|  12|          12|           2|
    |or_ln312_3_fu_1719_p2     |        or|   0|  0|  12|          12|           3|
    |or_ln312_4_fu_1831_p2     |        or|   0|  0|  12|          12|           3|
    |or_ln312_5_fu_1945_p2     |        or|   0|  0|  12|          12|           3|
    |or_ln312_6_fu_2059_p2     |        or|   0|  0|  12|          12|           3|
    |or_ln312_fu_1461_p2       |        or|   0|  0|  12|          12|           1|
    |or_ln313_1_fu_1506_p2     |        or|   0|  0|  12|          12|           2|
    |or_ln313_2_fu_1620_p2     |        or|   0|  0|  12|          12|           2|
    |or_ln313_3_fu_1734_p2     |        or|   0|  0|  12|          12|           3|
    |or_ln313_4_fu_1846_p2     |        or|   0|  0|  12|          12|           3|
    |or_ln313_5_fu_1960_p2     |        or|   0|  0|  12|          12|           3|
    |or_ln313_6_fu_2074_p2     |        or|   0|  0|  12|          12|           3|
    |or_ln313_fu_1476_p2       |        or|   0|  0|  12|          12|           1|
    |or_ln315_10_fu_2137_p2    |        or|   0|  0|   2|           1|           1|
    |or_ln315_11_fu_2155_p2    |        or|   0|  0|   2|           1|           1|
    |or_ln315_12_fu_2235_p2    |        or|   0|  0|   2|           1|           1|
    |or_ln315_13_fu_2253_p2    |        or|   0|  0|   2|           1|           1|
    |or_ln315_14_fu_2326_p2    |        or|   0|  0|   2|           1|           1|
    |or_ln315_15_fu_2344_p2    |        or|   0|  0|   2|           1|           1|
    |or_ln315_1_fu_1587_p2     |        or|   0|  0|   2|           1|           1|
    |or_ln315_2_fu_1683_p2     |        or|   0|  0|   2|           1|           1|
    |or_ln315_3_fu_1701_p2     |        or|   0|  0|   2|           1|           1|
    |or_ln315_4_fu_1795_p2     |        or|   0|  0|   2|           1|           1|
    |or_ln315_5_fu_1813_p2     |        or|   0|  0|   2|           1|           1|
    |or_ln315_6_fu_1909_p2     |        or|   0|  0|   2|           1|           1|
    |or_ln315_7_fu_1927_p2     |        or|   0|  0|   2|           1|           1|
    |or_ln315_8_fu_2023_p2     |        or|   0|  0|   2|           1|           1|
    |or_ln315_9_fu_2041_p2     |        or|   0|  0|   2|           1|           1|
    |or_ln315_fu_1569_p2       |        or|   0|  0|   2|           1|           1|
    |or_ln319_1_fu_2453_p2     |        or|   0|  0|   2|           1|           1|
    |or_ln319_2_fu_2508_p2     |        or|   0|  0|   2|           1|           1|
    |or_ln319_3_fu_2563_p2     |        or|   0|  0|   2|           1|           1|
    |or_ln319_4_fu_2618_p2     |        or|   0|  0|   2|           1|           1|
    |or_ln319_5_fu_2666_p2     |        or|   0|  0|   2|           1|           1|
    |or_ln319_6_fu_2728_p2     |        or|   0|  0|   2|           1|           1|
    |or_ln319_7_fu_2776_p2     |        or|   0|  0|   2|           1|           1|
    |or_ln319_fu_2398_p2       |        or|   0|  0|   2|           1|           1|
    |or_ln325_fu_2824_p2       |        or|   0|  0|   2|           1|           1|
    |or_ln333_1_fu_2935_p2     |        or|   0|  0|   2|           1|           1|
    |or_ln333_2_fu_2953_p2     |        or|   0|  0|   2|           1|           1|
    |or_ln333_fu_2971_p2       |        or|   0|  0|   2|           1|           1|
    |or_ln346_1_fu_3068_p2     |        or|   0|  0|   2|           1|           1|
    |or_ln346_2_fu_3086_p2     |        or|   0|  0|   2|           1|           1|
    |or_ln346_fu_3104_p2       |        or|   0|  0|   2|           1|           1|
    |i_real_fu_2178_p3         |    select|   0|  0|  32|           1|          32|
    |k_real_3_fu_1442_p3       |    select|   0|  0|  32|           1|          32|
    |merge_1_5_fu_3122_p3      |    select|   0|  0|  32|           1|          32|
    |merge_1_6_fu_3140_p3      |    select|   0|  0|  32|           1|          32|
    |merge_2_5_fu_3116_p3      |    select|   0|  0|  32|           1|          32|
    |merge_2_6_fu_3134_p3      |    select|   0|  0|  32|           1|          32|
    |ov_10_fu_2417_p3          |    select|   0|  0|  32|           1|          32|
    |ov_11_fu_2520_p3          |    select|   0|  0|  32|           1|           1|
    |ov_14_fu_2472_p3          |    select|   0|  0|  32|           1|          32|
    |ov_15_fu_2575_p3          |    select|   0|  0|  32|           1|           1|
    |ov_18_fu_2527_p3          |    select|   0|  0|  32|           1|          32|
    |ov_19_fu_2630_p3          |    select|   0|  0|  32|           1|           1|
    |ov_22_fu_2582_p3          |    select|   0|  0|  32|           1|          32|
    |ov_23_fu_2678_p3          |    select|   0|  0|  32|           1|           1|
    |ov_26_fu_2685_p3          |    select|   0|  0|  32|           1|          32|
    |ov_27_fu_2740_p3          |    select|   0|  0|  32|           1|           1|
    |ov_2_fu_2271_p3           |    select|   0|  0|  32|           1|          32|
    |ov_30_fu_2692_p3          |    select|   0|  0|  32|           1|          32|
    |ov_31_fu_2788_p3          |    select|   0|  0|  32|           1|           1|
    |ov_32_fu_2410_p3          |    select|   0|  0|  32|           1|           1|
    |ov_6_fu_2362_p3           |    select|   0|  0|  32|           1|          32|
    |ov_7_fu_2465_p3           |    select|   0|  0|  32|           1|           1|
    |sc_2_fu_2849_p3           |    select|   0|  0|  32|           1|          32|
    |score_2_fu_3110_p3        |    select|   0|  0|  32|           1|          32|
    |score_3_fu_3128_p3        |    select|   0|  0|  32|           1|          32|
    |tmp_other_5_fu_2991_p3    |    select|   0|  0|  32|           1|           2|
    |tmp_other_6_fu_2977_p3    |    select|   0|  0|  32|           1|          32|
    |tmp_score_3_fu_2998_p3    |    select|   0|  0|  32|           1|           1|
    |tmp_score_4_fu_2984_p3    |    select|   0|  0|  32|           1|          32|
    |ap_enable_pp0             |       xor|   0|  0|   2|           1|           2|
    |xor_ln329_fu_2839_p2      |       xor|   0|  0|  33|          32|          33|
    +--------------------------+----------+----+---+----+------------+------------+
    |Total                     |          |   0|  0|2204|        1399|         867|
    +--------------------------+----------+----+---+----+------------+------------+

    * Multiplexer: 
    +----------------------------------+----+-----------+-----+-----------+
    |               Name               | LUT| Input Size| Bits| Total Bits|
    +----------------------------------+----+-----------+-----+-----------+
    |ap_NS_fsm                         |  48|          9|    1|          9|
    |ap_done_int                       |   9|          2|    1|          2|
    |ap_enable_reg_pp0_iter0           |   9|          2|    1|          2|
    |ap_enable_reg_pp0_iter5           |   9|          2|    1|          2|
    |ap_loop_exit_ready_pp0_iter1_reg  |   9|          2|    1|          2|
    |ap_loop_exit_ready_pp0_iter2_reg  |   9|          2|    1|          2|
    |ap_loop_exit_ready_pp0_iter3_reg  |   9|          2|    1|          2|
    |ap_loop_exit_ready_pp0_iter4_reg  |   9|          2|    1|          2|
    |ap_loop_exit_ready_pp0_iter5_reg  |   9|          2|    1|          2|
    |grp_fu_1007_p0                    |  42|          8|   32|        256|
    |grp_fu_1012_opcode                |  14|          3|    5|         15|
    |grp_fu_1012_p0                    |  25|          5|   32|        160|
    |grp_fu_1012_p1                    |  20|          4|   32|        128|
    |grp_fu_1017_p3                    |  14|          3|    1|          3|
    |grp_fu_1035_p3                    |  14|          3|    1|          3|
    |grp_fu_1044_p3                    |  14|          3|    1|          3|
    |grp_fu_962_opcode                 |  14|          3|    2|          6|
    |grp_fu_962_p0                     |  65|         12|   32|        384|
    |grp_fu_962_p1                     |  65|         12|   32|        384|
    |grp_fu_966_p0                     |  53|         10|   32|        320|
    |grp_fu_966_p1                     |  53|         10|   32|        320|
    |grp_fu_970_p0                     |  48|          9|   32|        288|
    |grp_fu_970_p1                     |  48|          9|   32|        288|
    |grp_fu_974_p0                     |  48|          9|   32|        288|
    |grp_fu_974_p1                     |  42|          8|   32|        256|
    |grp_fu_978_p0                     |  48|          9|   32|        288|
    |grp_fu_978_p1                     |  42|          8|   32|        256|
    |grp_fu_982_opcode                 |  14|          3|    2|          6|
    |grp_fu_982_p0                     |  65|         12|   32|        384|
    |grp_fu_982_p1                     |  65|         12|   32|        384|
    |grp_fu_987_opcode                 |  14|          3|    2|          6|
    |grp_fu_987_p0                     |  48|          9|   32|        288|
    |grp_fu_987_p1                     |  48|          9|   32|        288|
    |grp_fu_995_p0                     |  37|          7|   32|        224|
    |grp_fu_995_p1                     |  37|          7|   32|        224|
    |grp_fu_999_p0                     |  31|          6|   32|        192|
    |grp_fu_999_p1                     |  42|          8|   32|        256|
    |k_real_1_fu_108                   |   9|          2|   32|         64|
    |merge_1_fu_92                     |   9|          2|   32|         64|
    |merge_2_fu_96                     |   9|          2|   32|         64|
    |regions_center_0_address0         |  48|          9|   12|        108|
    |regions_center_0_address1         |  48|          9|   12|        108|
    |regions_center_1_address0         |  48|          9|   12|        108|
    |regions_center_1_address1         |  48|          9|   12|        108|
    |regions_max_0_address0            |  48|          9|   12|        108|
    |regions_max_0_address1            |  48|          9|   12|        108|
    |regions_max_1_address0            |  48|          9|   12|        108|
    |regions_max_1_address1            |  48|          9|   12|        108|
    |regions_min_0_address0            |  48|          9|   12|        108|
    |regions_min_0_address1            |  48|          9|   12|        108|
    |regions_min_1_address0            |  48|          9|   12|        108|
    |regions_min_1_address1            |  48|          9|   12|        108|
    |score_fu_100                      |   9|          2|   32|         64|
    |tmp_other_1_fu_104                |   9|          2|   32|         64|
    |tmp_other_fu_116                  |   9|          2|   32|         64|
    |tmp_score_fu_112                  |   9|          2|   32|         64|
    +----------------------------------+----+-----------+-----+-----------+
    |Total                             |1829|        351| 1063|       7667|
    +----------------------------------+----+-----------+-----+-----------+

    * Register: 
    +----------------------------------+----+----+-----+-----------+
    |               Name               | FF | LUT| Bits| Const Bits|
    +----------------------------------+----+----+-----+-----------+
    |and_ln315_11_reg_3842             |   1|   0|    1|          0|
    |and_ln315_13_reg_3895             |   1|   0|    1|          0|
    |and_ln315_15_reg_3927             |   1|   0|    1|          0|
    |and_ln315_1_reg_3454              |   1|   0|    1|          0|
    |and_ln315_3_reg_3519              |   1|   0|    1|          0|
    |and_ln315_5_reg_3612              |   1|   0|    1|          0|
    |and_ln315_7_reg_3687              |   1|   0|    1|          0|
    |and_ln315_9_reg_3752              |   1|   0|    1|          0|
    |ap_CS_fsm                         |   8|   0|    8|          0|
    |ap_done_reg                       |   1|   0|    1|          0|
    |ap_enable_reg_pp0_iter0_reg       |   1|   0|    1|          0|
    |ap_enable_reg_pp0_iter1           |   1|   0|    1|          0|
    |ap_enable_reg_pp0_iter2           |   1|   0|    1|          0|
    |ap_enable_reg_pp0_iter3           |   1|   0|    1|          0|
    |ap_enable_reg_pp0_iter4           |   1|   0|    1|          0|
    |ap_enable_reg_pp0_iter5           |   1|   0|    1|          0|
    |ap_loop_exit_ready_pp0_iter1_reg  |   1|   0|    1|          0|
    |ap_loop_exit_ready_pp0_iter2_reg  |   1|   0|    1|          0|
    |ap_loop_exit_ready_pp0_iter3_reg  |   1|   0|    1|          0|
    |ap_loop_exit_ready_pp0_iter4_reg  |   1|   0|    1|          0|
    |ap_loop_exit_ready_pp0_iter5_reg  |   1|   0|    1|          0|
    |d1_2_reg_3822                     |  32|   0|   32|          0|
    |d1_3_reg_3885                     |  32|   0|   32|          0|
    |d1_6_reg_3971                     |  32|   0|   32|          0|
    |d2_2_reg_3827                     |  32|   0|   32|          0|
    |d2_6_reg_3976                     |  32|   0|   32|          0|
    |d2_7_reg_4003                     |  32|   0|   32|          0|
    |d_7_reg_4030                      |  32|   0|   32|          0|
    |distance_3_reg_4097               |  32|   0|   32|          0|
    |distance_5_reg_4109               |  32|   0|   32|          0|
    |distance_6_reg_4119               |  32|   0|   32|          0|
    |distance_reg_3949                 |  32|   0|   32|          0|
    |i_real_3_reg_3216                 |  32|   0|   32|          0|
    |i_real_4_reg_3875                 |  32|   0|   32|          0|
    |icmp_ln1065_reg_3317              |   1|   0|    1|          0|
    |icmp_ln1073_reg_3224              |   1|   0|    1|          0|
    |k_real_1_fu_108                   |  32|   0|   32|          0|
    |merge_1_1_reg_4138                |  32|   0|   32|          0|
    |merge_1_fu_92                     |  32|   0|   32|          0|
    |merge_2_1_reg_4145                |  32|   0|   32|          0|
    |merge_2_fu_96                     |  32|   0|   32|          0|
    |mul_1_reg_3880                    |  32|   0|   32|          0|
    |mul_2_reg_3917                    |  32|   0|   32|          0|
    |mul_3_reg_3939                    |  32|   0|   32|          0|
    |mul_3_reg_3939_pp0_iter2_reg      |  32|   0|   32|          0|
    |mul_4_reg_3966                    |  32|   0|   32|          0|
    |mul_4_reg_3966_pp0_iter2_reg      |  32|   0|   32|          0|
    |mul_5_reg_3998                    |  32|   0|   32|          0|
    |mul_6_reg_4053                    |  32|   0|   32|          0|
    |mul_7_reg_4075                    |  32|   0|   32|          0|
    |mul_reg_3817                      |  32|   0|   32|          0|
    |ov_10_reg_3959                    |  32|   0|   32|          0|
    |ov_11_reg_4018                    |  32|   0|   32|          0|
    |ov_14_reg_3991                    |  32|   0|   32|          0|
    |ov_15_reg_4041                    |  32|   0|   32|          0|
    |ov_18_reg_4023                    |  32|   0|   32|          0|
    |ov_19_reg_4058                    |  32|   0|   32|          0|
    |ov_22_reg_4046                    |  32|   0|   32|          0|
    |ov_23_reg_4063                    |  32|   0|   32|          0|
    |ov_26_reg_4068                    |  32|   0|   32|          0|
    |ov_27_reg_4087                    |  32|   0|   32|          0|
    |ov_2_reg_3910                     |  32|   0|   32|          0|
    |ov_30_reg_4080                    |  32|   0|   32|          0|
    |ov_31_reg_4092                    |  32|   0|   32|          0|
    |ov_31_reg_4092_pp0_iter3_reg      |  32|   0|   32|          0|
    |ov_32_reg_3954                    |  32|   0|   32|          0|
    |ov_6_reg_3932                     |  32|   0|   32|          0|
    |ov_7_reg_3986                     |  32|   0|   32|          0|
    |overlap_1_reg_4036                |  32|   0|   32|          0|
    |overlap_7_reg_4102                |  32|   0|   32|          0|
    |overlap_7_reg_4102_pp0_iter4_reg  |  32|   0|   32|          0|
    |reg_1073                          |  32|   0|   32|          0|
    |reg_1079                          |  32|   0|   32|          0|
    |reg_1085                          |  32|   0|   32|          0|
    |reg_1091                          |  32|   0|   32|          0|
    |reg_1102                          |  32|   0|   32|          0|
    |reg_1108                          |  32|   0|   32|          0|
    |reg_1119                          |  32|   0|   32|          0|
    |reg_1125                          |  32|   0|   32|          0|
    |reg_1131                          |  32|   0|   32|          0|
    |reg_1137                          |  32|   0|   32|          0|
    |reg_1148                          |  32|   0|   32|          0|
    |reg_1154                          |  32|   0|   32|          0|
    |reg_1165                          |  32|   0|   32|          0|
    |reg_1171                          |  32|   0|   32|          0|
    |reg_1177                          |  32|   0|   32|          0|
    |reg_1183                          |  32|   0|   32|          0|
    |reg_1193                          |  32|   0|   32|          0|
    |reg_1199                          |  32|   0|   32|          0|
    |reg_1209                          |  32|   0|   32|          0|
    |reg_1215                          |  32|   0|   32|          0|
    |reg_1222                          |  32|   0|   32|          0|
    |reg_1228                          |  32|   0|   32|          0|
    |reg_1234                          |  32|   0|   32|          0|
    |reg_1240                          |  32|   0|   32|          0|
    |reg_1246                          |  32|   0|   32|          0|
    |reg_1255                          |  32|   0|   32|          0|
    |reg_1261                          |  32|   0|   32|          0|
    |reg_1267                          |  32|   0|   32|          0|
    |reg_1273                          |  32|   0|   32|          0|
    |reg_1279                          |  32|   0|   32|          0|
    |reg_1285                          |  32|   0|   32|          0|
    |reg_1291                          |  32|   0|   32|          0|
    |reg_1296                          |  32|   0|   32|          0|
    |reg_1301                          |  32|   0|   32|          0|
    |sc_2_reg_4124                     |  32|   0|   32|          0|
    |score_fu_100                      |  32|   0|   32|          0|
    |score_load_reg_4151               |  32|   0|   32|          0|
    |sub79_2_reg_3832                  |  32|   0|   32|          0|
    |sub79_6_reg_3981                  |  32|   0|   32|          0|
    |sub79_7_reg_4008                  |  32|   0|   32|          0|
    |sub91_2_reg_3837                  |  32|   0|   32|          0|
    |sub91_3_reg_3890                  |  32|   0|   32|          0|
    |sub91_4_reg_3922                  |  32|   0|   32|          0|
    |sub91_5_reg_3944                  |  32|   0|   32|          0|
    |sub91_7_reg_4013                  |  32|   0|   32|          0|
    |tmp_102_reg_3847                  |  32|   0|   32|          0|
    |tmp_103_reg_3852                  |  32|   0|   32|          0|
    |tmp_105_reg_3857                  |  32|   0|   32|          0|
    |tmp_107_reg_3866                  |  32|   0|   32|          0|
    |tmp_108_reg_3900                  |  32|   0|   32|          0|
    |tmp_109_reg_3905                  |  32|   0|   32|          0|
    |tmp_114_reg_3235                  |   9|   0|   12|          3|
    |tmp_115_reg_3276                  |   9|   0|   12|          3|
    |tmp_157_reg_4114                  |   1|   0|    1|          0|
    |tmp_157_reg_4114_pp0_iter5_reg    |   1|   0|    1|          0|
    |tmp_78_reg_3524                   |  32|   0|   32|          0|
    |tmp_79_reg_3529                   |  32|   0|   32|          0|
    |tmp_81_reg_3534                   |  32|   0|   32|          0|
    |tmp_83_reg_3543                   |  32|   0|   32|          0|
    |tmp_84_reg_3617                   |  32|   0|   32|          0|
    |tmp_85_reg_3622                   |  32|   0|   32|          0|
    |tmp_other_1_fu_104                |  32|   0|   32|          0|
    |tmp_other_6_reg_4159              |  32|   0|   32|          0|
    |tmp_other_fu_116                  |  32|   0|   32|          0|
    |tmp_score_4_reg_4164              |  32|   0|   32|          0|
    |tmp_score_fu_112                  |  32|   0|   32|          0|
    |tmp_score_load_reg_4131           |  32|   0|   32|          0|
    |trunc_ln268_1_reg_3327            |   1|   0|    1|          0|
    |trunc_ln268_reg_3228              |   1|   0|    1|          0|
    |i_real_3_reg_3216                 |  64|  32|   32|          0|
    |i_real_4_reg_3875                 |  64|  32|   32|          0|
    |icmp_ln1065_reg_3317              |  64|  32|    1|          0|
    |icmp_ln1073_reg_3224              |  64|  32|    1|          0|
    |mul_5_reg_3998                    |  64|  32|   32|          0|
    |mul_6_reg_4053                    |  64|  32|   32|          0|
    |mul_7_reg_4075                    |  64|  32|   32|          0|
    +----------------------------------+----+----+-----+-----------+
    |Total                             |4052| 224| 3772|          6|
    +----------------------------------+----+----+-----+-----------+



================================================================
== Interface
================================================================
* Summary: 
+---------------------------+-----+-----+------------+----------------------------------------+--------------+
|         RTL Ports         | Dir | Bits|  Protocol  |              Source Object             |    C Type    |
+---------------------------+-----+-----+------------+----------------------------------------+--------------+
|ap_clk                     |   in|    1|  ap_ctrl_hs|  insert_point_Pipeline_VITIS_LOOP_279_1|  return value|
|ap_rst                     |   in|    1|  ap_ctrl_hs|  insert_point_Pipeline_VITIS_LOOP_279_1|  return value|
|ap_start                   |   in|    1|  ap_ctrl_hs|  insert_point_Pipeline_VITIS_LOOP_279_1|  return value|
|ap_done                    |  out|    1|  ap_ctrl_hs|  insert_point_Pipeline_VITIS_LOOP_279_1|  return value|
|ap_idle                    |  out|    1|  ap_ctrl_hs|  insert_point_Pipeline_VITIS_LOOP_279_1|  return value|
|ap_ready                   |  out|    1|  ap_ctrl_hs|  insert_point_Pipeline_VITIS_LOOP_279_1|  return value|
|grp_fu_1711_p_din0         |  out|   32|  ap_ctrl_hs|  insert_point_Pipeline_VITIS_LOOP_279_1|  return value|
|grp_fu_1711_p_din1         |  out|   32|  ap_ctrl_hs|  insert_point_Pipeline_VITIS_LOOP_279_1|  return value|
|grp_fu_1711_p_opcode       |  out|    5|  ap_ctrl_hs|  insert_point_Pipeline_VITIS_LOOP_279_1|  return value|
|grp_fu_1711_p_dout0        |   in|    1|  ap_ctrl_hs|  insert_point_Pipeline_VITIS_LOOP_279_1|  return value|
|grp_fu_1711_p_ce           |  out|    1|  ap_ctrl_hs|  insert_point_Pipeline_VITIS_LOOP_279_1|  return value|
|grp_fu_1715_p_din0         |  out|   32|  ap_ctrl_hs|  insert_point_Pipeline_VITIS_LOOP_279_1|  return value|
|grp_fu_1715_p_din1         |  out|   32|  ap_ctrl_hs|  insert_point_Pipeline_VITIS_LOOP_279_1|  return value|
|grp_fu_1715_p_opcode       |  out|    5|  ap_ctrl_hs|  insert_point_Pipeline_VITIS_LOOP_279_1|  return value|
|grp_fu_1715_p_dout0        |   in|    1|  ap_ctrl_hs|  insert_point_Pipeline_VITIS_LOOP_279_1|  return value|
|grp_fu_1715_p_ce           |  out|    1|  ap_ctrl_hs|  insert_point_Pipeline_VITIS_LOOP_279_1|  return value|
|grp_fu_1719_p_din0         |  out|   32|  ap_ctrl_hs|  insert_point_Pipeline_VITIS_LOOP_279_1|  return value|
|grp_fu_1719_p_din1         |  out|   32|  ap_ctrl_hs|  insert_point_Pipeline_VITIS_LOOP_279_1|  return value|
|grp_fu_1719_p_opcode       |  out|    5|  ap_ctrl_hs|  insert_point_Pipeline_VITIS_LOOP_279_1|  return value|
|grp_fu_1719_p_dout0        |   in|    1|  ap_ctrl_hs|  insert_point_Pipeline_VITIS_LOOP_279_1|  return value|
|grp_fu_1719_p_ce           |  out|    1|  ap_ctrl_hs|  insert_point_Pipeline_VITIS_LOOP_279_1|  return value|
|grp_fu_1723_p_din0         |  out|   32|  ap_ctrl_hs|  insert_point_Pipeline_VITIS_LOOP_279_1|  return value|
|grp_fu_1723_p_din1         |  out|   32|  ap_ctrl_hs|  insert_point_Pipeline_VITIS_LOOP_279_1|  return value|
|grp_fu_1723_p_opcode       |  out|    2|  ap_ctrl_hs|  insert_point_Pipeline_VITIS_LOOP_279_1|  return value|
|grp_fu_1723_p_dout0        |   in|   32|  ap_ctrl_hs|  insert_point_Pipeline_VITIS_LOOP_279_1|  return value|
|grp_fu_1723_p_ce           |  out|    1|  ap_ctrl_hs|  insert_point_Pipeline_VITIS_LOOP_279_1|  return value|
|grp_fu_1727_p_din0         |  out|   32|  ap_ctrl_hs|  insert_point_Pipeline_VITIS_LOOP_279_1|  return value|
|grp_fu_1727_p_din1         |  out|   32|  ap_ctrl_hs|  insert_point_Pipeline_VITIS_LOOP_279_1|  return value|
|grp_fu_1727_p_dout0        |   in|   32|  ap_ctrl_hs|  insert_point_Pipeline_VITIS_LOOP_279_1|  return value|
|grp_fu_1727_p_ce           |  out|    1|  ap_ctrl_hs|  insert_point_Pipeline_VITIS_LOOP_279_1|  return value|
|zext_ln260                 |   in|    9|     ap_none|                              zext_ln260|        scalar|
|regions_min_0_address0     |  out|   12|   ap_memory|                           regions_min_0|         array|
|regions_min_0_ce0          |  out|    1|   ap_memory|                           regions_min_0|         array|
|regions_min_0_q0           |   in|   32|   ap_memory|                           regions_min_0|         array|
|regions_min_0_address1     |  out|   12|   ap_memory|                           regions_min_0|         array|
|regions_min_0_ce1          |  out|    1|   ap_memory|                           regions_min_0|         array|
|regions_min_0_q1           |   in|   32|   ap_memory|                           regions_min_0|         array|
|regions_min_1_address0     |  out|   12|   ap_memory|                           regions_min_1|         array|
|regions_min_1_ce0          |  out|    1|   ap_memory|                           regions_min_1|         array|
|regions_min_1_q0           |   in|   32|   ap_memory|                           regions_min_1|         array|
|regions_min_1_address1     |  out|   12|   ap_memory|                           regions_min_1|         array|
|regions_min_1_ce1          |  out|    1|   ap_memory|                           regions_min_1|         array|
|regions_min_1_q1           |   in|   32|   ap_memory|                           regions_min_1|         array|
|regions_max_0_address0     |  out|   12|   ap_memory|                           regions_max_0|         array|
|regions_max_0_ce0          |  out|    1|   ap_memory|                           regions_max_0|         array|
|regions_max_0_q0           |   in|   32|   ap_memory|                           regions_max_0|         array|
|regions_max_0_address1     |  out|   12|   ap_memory|                           regions_max_0|         array|
|regions_max_0_ce1          |  out|    1|   ap_memory|                           regions_max_0|         array|
|regions_max_0_q1           |   in|   32|   ap_memory|                           regions_max_0|         array|
|regions_max_1_address0     |  out|   12|   ap_memory|                           regions_max_1|         array|
|regions_max_1_ce0          |  out|    1|   ap_memory|                           regions_max_1|         array|
|regions_max_1_q0           |   in|   32|   ap_memory|                           regions_max_1|         array|
|regions_max_1_address1     |  out|   12|   ap_memory|                           regions_max_1|         array|
|regions_max_1_ce1          |  out|    1|   ap_memory|                           regions_max_1|         array|
|regions_max_1_q1           |   in|   32|   ap_memory|                           regions_max_1|         array|
|regions_center_0_address0  |  out|   12|   ap_memory|                        regions_center_0|         array|
|regions_center_0_ce0       |  out|    1|   ap_memory|                        regions_center_0|         array|
|regions_center_0_q0        |   in|   32|   ap_memory|                        regions_center_0|         array|
|regions_center_0_address1  |  out|   12|   ap_memory|                        regions_center_0|         array|
|regions_center_0_ce1       |  out|    1|   ap_memory|                        regions_center_0|         array|
|regions_center_0_q1        |   in|   32|   ap_memory|                        regions_center_0|         array|
|regions_center_1_address0  |  out|   12|   ap_memory|                        regions_center_1|         array|
|regions_center_1_ce0       |  out|    1|   ap_memory|                        regions_center_1|         array|
|regions_center_1_q0        |   in|   32|   ap_memory|                        regions_center_1|         array|
|regions_center_1_address1  |  out|   12|   ap_memory|                        regions_center_1|         array|
|regions_center_1_ce1       |  out|    1|   ap_memory|                        regions_center_1|         array|
|regions_center_1_q1        |   in|   32|   ap_memory|                        regions_center_1|         array|
|merge_2_out                |  out|   10|      ap_vld|                             merge_2_out|       pointer|
|merge_2_out_ap_vld         |  out|    1|      ap_vld|                             merge_2_out|       pointer|
|merge_1_out                |  out|   10|      ap_vld|                             merge_1_out|       pointer|
|merge_1_out_ap_vld         |  out|    1|      ap_vld|                             merge_1_out|       pointer|
+---------------------------+-----+-----+------------+----------------------------------------+--------------+

