

================================================================
== Vitis HLS Report for 'insert_point_Pipeline_VITIS_LOOP_262_1'
================================================================
* Date:           Thu Oct 20 20:20:57 2022

* Version:        2022.1 (Build 3526262 on Mon Apr 18 15:48:16 MDT 2022)
* Project:        detector_solid
* Solution:       solution2 (Vitis Kernel Flow Target)
* Product family: zynq
* Target device:  xc7z020-clg484-1


================================================================
== Performance Estimates
================================================================
+ Timing: 
    * Summary: 
    +--------+----------+-----------+------------+
    |  Clock |  Target  | Estimated | Uncertainty|
    +--------+----------+-----------+------------+
    |ap_clk  |  18.00 ns|  13.694 ns|     4.86 ns|
    +--------+----------+-----------+------------+

+ Latency: 
    * Summary: 
    +---------+---------+----------+-----------+-----+------+---------+
    |  Latency (cycles) |  Latency (absolute)  |  Interval  | Pipeline|
    |   min   |   max   |    min   |    max    | min |  max |   Type  |
    +---------+---------+----------+-----------+-----+------+---------+
    |       46|     1134|  0.828 us|  20.412 us|   46|  1134|       no|
    +---------+---------+----------+-----------+-----+------+---------+

    + Detail: 
        * Instance: 
        N/A

        * Loop: 
        +--------------------+---------+---------+----------+-----------+-----------+---------+----------+
        |                    |  Latency (cycles) | Iteration|  Initiation Interval  |   Trip  |          |
        |      Loop Name     |   min   |   max   |  Latency |  achieved |   target  |  Count  | Pipelined|
        +--------------------+---------+---------+----------+-----------+-----------+---------+----------+
        |- VITIS_LOOP_262_1  |       44|     1132|        46|          8|          8|  0 ~ 136|       yes|
        +--------------------+---------+---------+----------+-----------+-----------+---------+----------+



================================================================
== Utilization Estimates
================================================================
* Summary: 
+-----------------+---------+-----+--------+-------+-----+
|       Name      | BRAM_18K| DSP |   FF   |  LUT  | URAM|
+-----------------+---------+-----+--------+-------+-----+
|DSP              |        -|    -|       -|      -|    -|
|Expression       |        -|    -|       0|   3184|    -|
|FIFO             |        -|    -|       -|      -|    -|
|Instance         |        -|   17|    1717|   3195|    -|
|Memory           |        -|    -|       -|      -|    -|
|Multiplexer      |        -|    -|       -|   1829|    -|
|Register         |        -|    -|    4142|    224|    -|
+-----------------+---------+-----+--------+-------+-----+
|Total            |        0|   17|    5859|   8432|    0|
+-----------------+---------+-----+--------+-------+-----+
|Available        |      280|  220|  106400|  53200|    0|
+-----------------+---------+-----+--------+-------+-----+
|Utilization (%)  |        0|    7|       5|     15|    0|
+-----------------+---------+-----+--------+-------+-----+

+ Detail: 
    * Instance: 
    +----------------------------------------+------------------------------------+---------+----+-----+-----+-----+
    |                Instance                |               Module               | BRAM_18K| DSP|  FF | LUT | URAM|
    +----------------------------------------+------------------------------------+---------+----+-----+-----+-----+
    |fadd_32ns_32ns_32_4_full_dsp_1_U13      |fadd_32ns_32ns_32_4_full_dsp_1      |        0|   2|  227|  403|    0|
    |faddfsub_32ns_32ns_32_4_full_dsp_1_U11  |faddfsub_32ns_32ns_32_4_full_dsp_1  |        0|   2|  227|  403|    0|
    |faddfsub_32ns_32ns_32_4_full_dsp_1_U12  |faddfsub_32ns_32ns_32_4_full_dsp_1  |        0|   2|  227|  403|    0|
    |fmul_32ns_32ns_32_2_max_dsp_1_U15       |fmul_32ns_32ns_32_2_max_dsp_1       |        0|   3|  128|  320|    0|
    |fsub_32ns_32ns_32_4_full_dsp_1_U7       |fsub_32ns_32ns_32_4_full_dsp_1      |        0|   2|  227|  403|    0|
    |fsub_32ns_32ns_32_4_full_dsp_1_U8       |fsub_32ns_32ns_32_4_full_dsp_1      |        0|   2|  227|  403|    0|
    |fsub_32ns_32ns_32_4_full_dsp_1_U9       |fsub_32ns_32ns_32_4_full_dsp_1      |        0|   2|  227|  403|    0|
    |fsub_32ns_32ns_32_4_full_dsp_1_U10      |fsub_32ns_32ns_32_4_full_dsp_1      |        0|   2|  227|  403|    0|
    |mux_21_32_1_1_U19                       |mux_21_32_1_1                       |        0|   0|    0|    9|    0|
    |mux_21_32_1_1_U20                       |mux_21_32_1_1                       |        0|   0|    0|    9|    0|
    |mux_21_32_1_1_U21                       |mux_21_32_1_1                       |        0|   0|    0|    9|    0|
    |mux_21_32_1_1_U22                       |mux_21_32_1_1                       |        0|   0|    0|    9|    0|
    |mux_21_32_1_1_U23                       |mux_21_32_1_1                       |        0|   0|    0|    9|    0|
    |mux_21_32_1_1_U24                       |mux_21_32_1_1                       |        0|   0|    0|    9|    0|
    +----------------------------------------+------------------------------------+---------+----+-----+-----+-----+
    |Total                                   |                                    |        0|  17| 1717| 3195|    0|
    +----------------------------------------+------------------------------------+---------+----+-----+-----+-----+

    * DSP: 
    N/A

    * Memory: 
    N/A

    * FIFO: 
    N/A

    * Expression: 
    +--------------------------+----------+----+---+----+------------+------------+
    |       Variable Name      | Operation| DSP| FF| LUT| Bitwidth P0| Bitwidth P1|
    +--------------------------+----------+----+---+----+------------+------------+
    |add_ln290_1_fu_1502_p2    |         +|   0|  0|  14|           9|           9|
    |add_ln290_2_fu_1602_p2    |         +|   0|  0|  14|           9|           9|
    |add_ln290_3_fu_1620_p2    |         +|   0|  0|  14|           9|           9|
    |add_ln290_fu_1484_p2      |         +|   0|  0|  14|           9|           9|
    |add_ln295_1_fu_1430_p2    |         +|   0|  0|  14|           9|           9|
    |add_ln295_2_fu_1448_p2    |         +|   0|  0|  14|           9|           9|
    |add_ln295_3_fu_1466_p2    |         +|   0|  0|  14|           9|           9|
    |add_ln295_fu_1412_p2      |         +|   0|  0|  14|           9|           9|
    |add_ln296_1_fu_1548_p2    |         +|   0|  0|  14|           9|           9|
    |add_ln296_2_fu_1566_p2    |         +|   0|  0|  14|           9|           9|
    |add_ln296_3_fu_1584_p2    |         +|   0|  0|  14|           9|           9|
    |add_ln296_fu_1530_p2      |         +|   0|  0|  14|           9|           9|
    |i_real_4_fu_3017_p2       |         +|   0|  0|  39|          32|           1|
    |k_real_2_fu_1650_p2       |         +|   0|  0|  39|          32|           1|
    |k_real_fu_1644_p2         |         +|   0|  0|  39|          32|           2|
    |and_ln298_10_fu_3005_p2   |       and|   0|  0|   2|           1|           1|
    |and_ln298_11_fu_3011_p2   |       and|   0|  0|   2|           1|           1|
    |and_ln298_12_fu_3103_p2   |       and|   0|  0|   2|           1|           1|
    |and_ln298_13_fu_3109_p2   |       and|   0|  0|   2|           1|           1|
    |and_ln298_14_fu_3194_p2   |       and|   0|  0|   2|           1|           1|
    |and_ln298_15_fu_3200_p2   |       and|   0|  0|   2|           1|           1|
    |and_ln298_1_fu_1993_p2    |       and|   0|  0|   2|           1|           1|
    |and_ln298_2_fu_2191_p2    |       and|   0|  0|   2|           1|           1|
    |and_ln298_3_fu_2197_p2    |       and|   0|  0|   2|           1|           1|
    |and_ln298_4_fu_2393_p2    |       and|   0|  0|   2|           1|           1|
    |and_ln298_5_fu_2399_p2    |       and|   0|  0|   2|           1|           1|
    |and_ln298_6_fu_2597_p2    |       and|   0|  0|   2|           1|           1|
    |and_ln298_7_fu_2603_p2    |       and|   0|  0|   2|           1|           1|
    |and_ln298_8_fu_2801_p2    |       and|   0|  0|   2|           1|           1|
    |and_ln298_9_fu_2807_p2    |       and|   0|  0|   2|           1|           1|
    |and_ln298_fu_1987_p2      |       and|   0|  0|   2|           1|           1|
    |and_ln302_1_fu_3303_p2    |       and|   0|  0|   2|           1|           1|
    |and_ln302_2_fu_3358_p2    |       and|   0|  0|   2|           1|           1|
    |and_ln302_3_fu_3413_p2    |       and|   0|  0|   2|           1|           1|
    |and_ln302_4_fu_3468_p2    |       and|   0|  0|   2|           1|           1|
    |and_ln302_5_fu_3516_p2    |       and|   0|  0|   2|           1|           1|
    |and_ln302_6_fu_3578_p2    |       and|   0|  0|   2|           1|           1|
    |and_ln302_7_fu_3626_p2    |       and|   0|  0|   2|           1|           1|
    |and_ln302_fu_3248_p2      |       and|   0|  0|   2|           1|           1|
    |and_ln308_fu_3674_p2      |       and|   0|  0|   2|           1|           1|
    |and_ln316_1_fu_3809_p2    |       and|   0|  0|   2|           1|           1|
    |and_ln316_fu_3803_p2      |       and|   0|  0|   2|           1|           1|
    |and_ln329_1_fu_3942_p2    |       and|   0|  0|   2|           1|           1|
    |and_ln329_fu_3936_p2      |       and|   0|  0|   2|           1|           1|
    |icmp_ln1065_fu_1638_p2    |      icmp|   0|  0|  18|          32|           4|
    |icmp_ln1073_fu_1389_p2    |      icmp|   0|  0|  18|          32|           4|
    |icmp_ln298_10_fu_2375_p2  |      icmp|   0|  0|  11|           8|           2|
    |icmp_ln298_11_fu_2381_p2  |      icmp|   0|  0|  15|          23|           1|
    |icmp_ln298_12_fu_2561_p2  |      icmp|   0|  0|  11|           8|           2|
    |icmp_ln298_13_fu_2567_p2  |      icmp|   0|  0|  15|          23|           1|
    |icmp_ln298_14_fu_2579_p2  |      icmp|   0|  0|  11|           8|           2|
    |icmp_ln298_15_fu_2585_p2  |      icmp|   0|  0|  15|          23|           1|
    |icmp_ln298_16_fu_2765_p2  |      icmp|   0|  0|  11|           8|           2|
    |icmp_ln298_17_fu_2771_p2  |      icmp|   0|  0|  15|          23|           1|
    |icmp_ln298_18_fu_2783_p2  |      icmp|   0|  0|  11|           8|           2|
    |icmp_ln298_19_fu_2789_p2  |      icmp|   0|  0|  15|          23|           1|
    |icmp_ln298_1_fu_1957_p2   |      icmp|   0|  0|  15|          23|           1|
    |icmp_ln298_20_fu_2969_p2  |      icmp|   0|  0|  11|           8|           2|
    |icmp_ln298_21_fu_2975_p2  |      icmp|   0|  0|  15|          23|           1|
    |icmp_ln298_22_fu_2987_p2  |      icmp|   0|  0|  11|           8|           2|
    |icmp_ln298_23_fu_2993_p2  |      icmp|   0|  0|  15|          23|           1|
    |icmp_ln298_24_fu_3067_p2  |      icmp|   0|  0|  11|           8|           2|
    |icmp_ln298_25_fu_3073_p2  |      icmp|   0|  0|  15|          23|           1|
    |icmp_ln298_26_fu_3085_p2  |      icmp|   0|  0|  11|           8|           2|
    |icmp_ln298_27_fu_3091_p2  |      icmp|   0|  0|  15|          23|           1|
    |icmp_ln298_28_fu_3158_p2  |      icmp|   0|  0|  11|           8|           2|
    |icmp_ln298_29_fu_3164_p2  |      icmp|   0|  0|  15|          23|           1|
    |icmp_ln298_2_fu_1969_p2   |      icmp|   0|  0|  11|           8|           2|
    |icmp_ln298_30_fu_3176_p2  |      icmp|   0|  0|  11|           8|           2|
    |icmp_ln298_31_fu_3182_p2  |      icmp|   0|  0|  15|          23|           1|
    |icmp_ln298_3_fu_1975_p2   |      icmp|   0|  0|  15|          23|           1|
    |icmp_ln298_4_fu_2155_p2   |      icmp|   0|  0|  11|           8|           2|
    |icmp_ln298_5_fu_2161_p2   |      icmp|   0|  0|  15|          23|           1|
    |icmp_ln298_6_fu_2173_p2   |      icmp|   0|  0|  11|           8|           2|
    |icmp_ln298_7_fu_2179_p2   |      icmp|   0|  0|  15|          23|           1|
    |icmp_ln298_8_fu_2357_p2   |      icmp|   0|  0|  11|           8|           2|
    |icmp_ln298_9_fu_2363_p2   |      icmp|   0|  0|  15|          23|           1|
    |icmp_ln298_fu_1951_p2     |      icmp|   0|  0|  11|           8|           2|
    |icmp_ln302_10_fu_3498_p2  |      icmp|   0|  0|  11|           8|           2|
    |icmp_ln302_11_fu_3504_p2  |      icmp|   0|  0|  15|          23|           1|
    |icmp_ln302_12_fu_3560_p2  |      icmp|   0|  0|  11|           8|           2|
    |icmp_ln302_13_fu_3566_p2  |      icmp|   0|  0|  15|          23|           1|
    |icmp_ln302_14_fu_3608_p2  |      icmp|   0|  0|  11|           8|           2|
    |icmp_ln302_15_fu_3614_p2  |      icmp|   0|  0|  15|          23|           1|
    |icmp_ln302_1_fu_3236_p2   |      icmp|   0|  0|  15|          23|           1|
    |icmp_ln302_2_fu_3285_p2   |      icmp|   0|  0|  11|           8|           2|
    |icmp_ln302_3_fu_3291_p2   |      icmp|   0|  0|  15|          23|           1|
    |icmp_ln302_4_fu_3340_p2   |      icmp|   0|  0|  11|           8|           2|
    |icmp_ln302_5_fu_3346_p2   |      icmp|   0|  0|  15|          23|           1|
    |icmp_ln302_6_fu_3395_p2   |      icmp|   0|  0|  11|           8|           2|
    |icmp_ln302_7_fu_3401_p2   |      icmp|   0|  0|  15|          23|           1|
    |icmp_ln302_8_fu_3450_p2   |      icmp|   0|  0|  11|           8|           2|
    |icmp_ln302_9_fu_3456_p2   |      icmp|   0|  0|  15|          23|           1|
    |icmp_ln302_fu_3230_p2     |      icmp|   0|  0|  11|           8|           2|
    |icmp_ln308_1_fu_3662_p2   |      icmp|   0|  0|  15|          23|           1|
    |icmp_ln308_fu_3656_p2     |      icmp|   0|  0|  11|           8|           2|
    |icmp_ln316_1_fu_3767_p2   |      icmp|   0|  0|  11|           8|           2|
    |icmp_ln316_2_fu_3773_p2   |      icmp|   0|  0|  15|          23|           1|
    |icmp_ln316_3_fu_3785_p2   |      icmp|   0|  0|  11|           8|           2|
    |icmp_ln316_4_fu_3791_p2   |      icmp|   0|  0|  15|          23|           1|
    |icmp_ln316_fu_3727_p2     |      icmp|   0|  0|  18|          32|           2|
    |icmp_ln329_1_fu_3906_p2   |      icmp|   0|  0|  15|          23|           1|
    |icmp_ln329_2_fu_3918_p2   |      icmp|   0|  0|  11|           8|           2|
    |icmp_ln329_3_fu_3924_p2   |      icmp|   0|  0|  15|          23|           1|
    |icmp_ln329_fu_3900_p2     |      icmp|   0|  0|  11|           8|           2|
    |or_ln290_10_fu_2253_p2    |        or|   0|  0|  12|          12|           3|
    |or_ln290_11_fu_2455_p2    |        or|   0|  0|  12|          12|           3|
    |or_ln290_12_fu_2659_p2    |        or|   0|  0|  12|          12|           3|
    |or_ln290_13_fu_2863_p2    |        or|   0|  0|  12|          12|           3|
    |or_ln290_14_fu_1775_p2    |        or|   0|  0|  12|          12|           1|
    |or_ln290_15_fu_1895_p2    |        or|   0|  0|  12|          12|           2|
    |or_ln290_16_fu_2099_p2    |        or|   0|  0|  12|          12|           2|
    |or_ln290_17_fu_2303_p2    |        or|   0|  0|  12|          12|           3|
    |or_ln290_18_fu_2505_p2    |        or|   0|  0|  12|          12|           3|
    |or_ln290_19_fu_2709_p2    |        or|   0|  0|  12|          12|           3|
    |or_ln290_1_fu_1835_p2     |        or|   0|  0|  12|          12|           2|
    |or_ln290_20_fu_2913_p2    |        or|   0|  0|  12|          12|           3|
    |or_ln290_21_fu_1785_p2    |        or|   0|  0|  12|          12|           1|
    |or_ln290_22_fu_1905_p2    |        or|   0|  0|  12|          12|           2|
    |or_ln290_23_fu_2109_p2    |        or|   0|  0|  12|          12|           2|
    |or_ln290_24_fu_2313_p2    |        or|   0|  0|  12|          12|           3|
    |or_ln290_25_fu_2515_p2    |        or|   0|  0|  12|          12|           3|
    |or_ln290_26_fu_2719_p2    |        or|   0|  0|  12|          12|           3|
    |or_ln290_27_fu_2923_p2    |        or|   0|  0|  12|          12|           3|
    |or_ln290_2_fu_2039_p2     |        or|   0|  0|  12|          12|           2|
    |or_ln290_3_fu_2243_p2     |        or|   0|  0|  12|          12|           3|
    |or_ln290_4_fu_2445_p2     |        or|   0|  0|  12|          12|           3|
    |or_ln290_5_fu_2649_p2     |        or|   0|  0|  12|          12|           3|
    |or_ln290_6_fu_2853_p2     |        or|   0|  0|  12|          12|           3|
    |or_ln290_7_fu_1725_p2     |        or|   0|  0|  12|          12|           1|
    |or_ln290_8_fu_1845_p2     |        or|   0|  0|  12|          12|           2|
    |or_ln290_9_fu_2049_p2     |        or|   0|  0|  12|          12|           2|
    |or_ln290_fu_1715_p2       |        or|   0|  0|  12|          12|           1|
    |or_ln295_10_fu_2213_p2    |        or|   0|  0|  12|          12|           3|
    |or_ln295_11_fu_2415_p2    |        or|   0|  0|  12|          12|           3|
    |or_ln295_12_fu_2619_p2    |        or|   0|  0|  12|          12|           3|
    |or_ln295_13_fu_2823_p2    |        or|   0|  0|  12|          12|           3|
    |or_ln295_14_fu_1695_p2    |        or|   0|  0|  12|          12|           1|
    |or_ln295_15_fu_1815_p2    |        or|   0|  0|  12|          12|           2|
    |or_ln295_16_fu_2019_p2    |        or|   0|  0|  12|          12|           2|
    |or_ln295_17_fu_2223_p2    |        or|   0|  0|  12|          12|           3|
    |or_ln295_18_fu_2425_p2    |        or|   0|  0|  12|          12|           3|
    |or_ln295_19_fu_2629_p2    |        or|   0|  0|  12|          12|           3|
    |or_ln295_1_fu_1795_p2     |        or|   0|  0|  12|          12|           2|
    |or_ln295_20_fu_2833_p2    |        or|   0|  0|  12|          12|           3|
    |or_ln295_21_fu_1705_p2    |        or|   0|  0|  12|          12|           1|
    |or_ln295_22_fu_1825_p2    |        or|   0|  0|  12|          12|           2|
    |or_ln295_23_fu_2029_p2    |        or|   0|  0|  12|          12|           2|
    |or_ln295_24_fu_2233_p2    |        or|   0|  0|  12|          12|           3|
    |or_ln295_25_fu_2435_p2    |        or|   0|  0|  12|          12|           3|
    |or_ln295_26_fu_2639_p2    |        or|   0|  0|  12|          12|           3|
    |or_ln295_27_fu_2843_p2    |        or|   0|  0|  12|          12|           3|
    |or_ln295_2_fu_1999_p2     |        or|   0|  0|  12|          12|           2|
    |or_ln295_3_fu_2203_p2     |        or|   0|  0|  12|          12|           3|
    |or_ln295_4_fu_2405_p2     |        or|   0|  0|  12|          12|           3|
    |or_ln295_5_fu_2609_p2     |        or|   0|  0|  12|          12|           3|
    |or_ln295_6_fu_2813_p2     |        or|   0|  0|  12|          12|           3|
    |or_ln295_7_fu_1685_p2     |        or|   0|  0|  12|          12|           1|
    |or_ln295_8_fu_1805_p2     |        or|   0|  0|  12|          12|           2|
    |or_ln295_9_fu_2009_p2     |        or|   0|  0|  12|          12|           2|
    |or_ln295_fu_1675_p2       |        or|   0|  0|  12|          12|           1|
    |or_ln296_10_fu_2273_p2    |        or|   0|  0|  12|          12|           3|
    |or_ln296_11_fu_2475_p2    |        or|   0|  0|  12|          12|           3|
    |or_ln296_12_fu_2679_p2    |        or|   0|  0|  12|          12|           3|
    |or_ln296_13_fu_2883_p2    |        or|   0|  0|  12|          12|           3|
    |or_ln296_14_fu_1755_p2    |        or|   0|  0|  12|          12|           1|
    |or_ln296_15_fu_1875_p2    |        or|   0|  0|  12|          12|           2|
    |or_ln296_16_fu_2079_p2    |        or|   0|  0|  12|          12|           2|
    |or_ln296_17_fu_2283_p2    |        or|   0|  0|  12|          12|           3|
    |or_ln296_18_fu_2485_p2    |        or|   0|  0|  12|          12|           3|
    |or_ln296_19_fu_2689_p2    |        or|   0|  0|  12|          12|           3|
    |or_ln296_1_fu_1855_p2     |        or|   0|  0|  12|          12|           2|
    |or_ln296_20_fu_2893_p2    |        or|   0|  0|  12|          12|           3|
    |or_ln296_21_fu_1765_p2    |        or|   0|  0|  12|          12|           1|
    |or_ln296_22_fu_1885_p2    |        or|   0|  0|  12|          12|           2|
    |or_ln296_23_fu_2089_p2    |        or|   0|  0|  12|          12|           2|
    |or_ln296_24_fu_2293_p2    |        or|   0|  0|  12|          12|           3|
    |or_ln296_25_fu_2495_p2    |        or|   0|  0|  12|          12|           3|
    |or_ln296_26_fu_2699_p2    |        or|   0|  0|  12|          12|           3|
    |or_ln296_27_fu_2903_p2    |        or|   0|  0|  12|          12|           3|
    |or_ln296_2_fu_2059_p2     |        or|   0|  0|  12|          12|           2|
    |or_ln296_3_fu_2263_p2     |        or|   0|  0|  12|          12|           3|
    |or_ln296_4_fu_2465_p2     |        or|   0|  0|  12|          12|           3|
    |or_ln296_5_fu_2669_p2     |        or|   0|  0|  12|          12|           3|
    |or_ln296_6_fu_2873_p2     |        or|   0|  0|  12|          12|           3|
    |or_ln296_7_fu_1745_p2     |        or|   0|  0|  12|          12|           1|
    |or_ln296_8_fu_1865_p2     |        or|   0|  0|  12|          12|           2|
    |or_ln296_9_fu_2069_p2     |        or|   0|  0|  12|          12|           2|
    |or_ln296_fu_1735_p2       |        or|   0|  0|  12|          12|           1|
    |or_ln298_10_fu_2981_p2    |        or|   0|  0|   2|           1|           1|
    |or_ln298_11_fu_2999_p2    |        or|   0|  0|   2|           1|           1|
    |or_ln298_12_fu_3079_p2    |        or|   0|  0|   2|           1|           1|
    |or_ln298_13_fu_3097_p2    |        or|   0|  0|   2|           1|           1|
    |or_ln298_14_fu_3170_p2    |        or|   0|  0|   2|           1|           1|
    |or_ln298_15_fu_3188_p2    |        or|   0|  0|   2|           1|           1|
    |or_ln298_1_fu_1981_p2     |        or|   0|  0|   2|           1|           1|
    |or_ln298_2_fu_2167_p2     |        or|   0|  0|   2|           1|           1|
    |or_ln298_3_fu_2185_p2     |        or|   0|  0|   2|           1|           1|
    |or_ln298_4_fu_2369_p2     |        or|   0|  0|   2|           1|           1|
    |or_ln298_5_fu_2387_p2     |        or|   0|  0|   2|           1|           1|
    |or_ln298_6_fu_2573_p2     |        or|   0|  0|   2|           1|           1|
    |or_ln298_7_fu_2591_p2     |        or|   0|  0|   2|           1|           1|
    |or_ln298_8_fu_2777_p2     |        or|   0|  0|   2|           1|           1|
    |or_ln298_9_fu_2795_p2     |        or|   0|  0|   2|           1|           1|
    |or_ln298_fu_1963_p2       |        or|   0|  0|   2|           1|           1|
    |or_ln302_1_fu_3297_p2     |        or|   0|  0|   2|           1|           1|
    |or_ln302_2_fu_3352_p2     |        or|   0|  0|   2|           1|           1|
    |or_ln302_3_fu_3407_p2     |        or|   0|  0|   2|           1|           1|
    |or_ln302_4_fu_3462_p2     |        or|   0|  0|   2|           1|           1|
    |or_ln302_5_fu_3510_p2     |        or|   0|  0|   2|           1|           1|
    |or_ln302_6_fu_3572_p2     |        or|   0|  0|   2|           1|           1|
    |or_ln302_7_fu_3620_p2     |        or|   0|  0|   2|           1|           1|
    |or_ln302_fu_3242_p2       |        or|   0|  0|   2|           1|           1|
    |or_ln308_fu_3668_p2       |        or|   0|  0|   2|           1|           1|
    |or_ln316_1_fu_3779_p2     |        or|   0|  0|   2|           1|           1|
    |or_ln316_2_fu_3797_p2     |        or|   0|  0|   2|           1|           1|
    |or_ln316_fu_3815_p2       |        or|   0|  0|   2|           1|           1|
    |or_ln329_1_fu_3912_p2     |        or|   0|  0|   2|           1|           1|
    |or_ln329_2_fu_3930_p2     |        or|   0|  0|   2|           1|           1|
    |or_ln329_fu_3948_p2       |        or|   0|  0|   2|           1|           1|
    |i_real_fu_3022_p3         |    select|   0|  0|  32|           1|          32|
    |k_real_3_fu_1656_p3       |    select|   0|  0|  32|           1|          32|
    |merge_1_5_fu_3966_p3      |    select|   0|  0|  32|           1|          32|
    |merge_1_6_fu_3984_p3      |    select|   0|  0|  32|           1|          32|
    |merge_2_5_fu_3960_p3      |    select|   0|  0|  32|           1|          32|
    |merge_2_6_fu_3978_p3      |    select|   0|  0|  32|           1|          32|
    |ov_10_fu_3261_p3          |    select|   0|  0|  32|           1|          32|
    |ov_11_fu_3364_p3          |    select|   0|  0|  32|           1|           1|
    |ov_14_fu_3316_p3          |    select|   0|  0|  32|           1|          32|
    |ov_15_fu_3419_p3          |    select|   0|  0|  32|           1|           1|
    |ov_18_fu_3371_p3          |    select|   0|  0|  32|           1|          32|
    |ov_19_fu_3474_p3          |    select|   0|  0|  32|           1|           1|
    |ov_22_fu_3426_p3          |    select|   0|  0|  32|           1|          32|
    |ov_23_fu_3522_p3          |    select|   0|  0|  32|           1|           1|
    |ov_26_fu_3529_p3          |    select|   0|  0|  32|           1|          32|
    |ov_27_fu_3584_p3          |    select|   0|  0|  32|           1|           1|
    |ov_2_fu_3115_p3           |    select|   0|  0|  32|           1|          32|
    |ov_30_fu_3536_p3          |    select|   0|  0|  32|           1|          32|
    |ov_31_fu_3632_p3          |    select|   0|  0|  32|           1|           1|
    |ov_32_fu_3254_p3          |    select|   0|  0|  32|           1|           1|
    |ov_6_fu_3206_p3           |    select|   0|  0|  32|           1|          32|
    |ov_7_fu_3309_p3           |    select|   0|  0|  32|           1|           1|
    |sc_2_fu_3693_p3           |    select|   0|  0|  32|           1|          32|
    |score_2_fu_3954_p3        |    select|   0|  0|  32|           1|          32|
    |score_3_fu_3972_p3        |    select|   0|  0|  32|           1|          32|
    |tmp_other_5_fu_3835_p3    |    select|   0|  0|  32|           1|           2|
    |tmp_other_6_fu_3821_p3    |    select|   0|  0|  32|           1|          32|
    |tmp_score_3_fu_3842_p3    |    select|   0|  0|  32|           1|           1|
    |tmp_score_4_fu_3828_p3    |    select|   0|  0|  32|           1|          32|
    |ap_enable_pp0             |       xor|   0|  0|   2|           1|           2|
    |xor_ln312_fu_3683_p2      |       xor|   0|  0|  33|          32|          33|
    +--------------------------+----------+----+---+----+------------+------------+
    |Total                     |          |   0|  0|3184|        2329|        1127|
    +--------------------------+----------+----+---+----+------------+------------+

    * Multiplexer: 
    +----------------------------------+----+-----------+-----+-----------+
    |               Name               | LUT| Input Size| Bits| Total Bits|
    +----------------------------------+----+-----------+-----+-----------+
    |ap_NS_fsm                         |  48|          9|    1|          9|
    |ap_done_int                       |   9|          2|    1|          2|
    |ap_enable_reg_pp0_iter0           |   9|          2|    1|          2|
    |ap_enable_reg_pp0_iter5           |   9|          2|    1|          2|
    |ap_loop_exit_ready_pp0_iter1_reg  |   9|          2|    1|          2|
    |ap_loop_exit_ready_pp0_iter2_reg  |   9|          2|    1|          2|
    |ap_loop_exit_ready_pp0_iter3_reg  |   9|          2|    1|          2|
    |ap_loop_exit_ready_pp0_iter4_reg  |   9|          2|    1|          2|
    |ap_loop_exit_ready_pp0_iter5_reg  |   9|          2|    1|          2|
    |grp_fu_1006_opcode                |  14|          3|    2|          6|
    |grp_fu_1006_p0                    |  65|         12|   32|        384|
    |grp_fu_1006_p1                    |  65|         12|   32|        384|
    |grp_fu_1010_p0                    |  53|         10|   32|        320|
    |grp_fu_1010_p1                    |  53|         10|   32|        320|
    |grp_fu_1014_p0                    |  48|          9|   32|        288|
    |grp_fu_1014_p1                    |  48|          9|   32|        288|
    |grp_fu_1018_p0                    |  48|          9|   32|        288|
    |grp_fu_1018_p1                    |  42|          8|   32|        256|
    |grp_fu_1022_p0                    |  48|          9|   32|        288|
    |grp_fu_1022_p1                    |  42|          8|   32|        256|
    |grp_fu_1026_opcode                |  14|          3|    2|          6|
    |grp_fu_1026_p0                    |  65|         12|   32|        384|
    |grp_fu_1026_p1                    |  65|         12|   32|        384|
    |grp_fu_1031_opcode                |  14|          3|    2|          6|
    |grp_fu_1031_p0                    |  48|          9|   32|        288|
    |grp_fu_1031_p1                    |  48|          9|   32|        288|
    |grp_fu_1039_p0                    |  37|          7|   32|        224|
    |grp_fu_1039_p1                    |  37|          7|   32|        224|
    |grp_fu_1043_p0                    |  31|          6|   32|        192|
    |grp_fu_1043_p1                    |  42|          8|   32|        256|
    |grp_fu_1051_p0                    |  42|          8|   32|        256|
    |grp_fu_1056_opcode                |  14|          3|    5|         15|
    |grp_fu_1056_p0                    |  25|          5|   32|        160|
    |grp_fu_1056_p1                    |  20|          4|   32|        128|
    |grp_fu_1061_p3                    |  14|          3|    1|          3|
    |grp_fu_1079_p3                    |  14|          3|    1|          3|
    |grp_fu_1088_p3                    |  14|          3|    1|          3|
    |k_real_1_fu_122                   |   9|          2|   32|         64|
    |merge_1_fu_106                    |   9|          2|   32|         64|
    |merge_2_fu_110                    |   9|          2|   32|         64|
    |regions_center_0_address0         |  48|          9|   12|        108|
    |regions_center_0_address1         |  48|          9|   12|        108|
    |regions_center_1_address0         |  48|          9|   12|        108|
    |regions_center_1_address1         |  48|          9|   12|        108|
    |regions_max_0_address0            |  48|          9|   12|        108|
    |regions_max_0_address1            |  48|          9|   12|        108|
    |regions_max_1_address0            |  48|          9|   12|        108|
    |regions_max_1_address1            |  48|          9|   12|        108|
    |regions_min_0_address0            |  48|          9|   12|        108|
    |regions_min_0_address1            |  48|          9|   12|        108|
    |regions_min_1_address0            |  48|          9|   12|        108|
    |regions_min_1_address1            |  48|          9|   12|        108|
    |score_fu_114                      |   9|          2|   32|         64|
    |tmp_other_1_fu_118                |   9|          2|   32|         64|
    |tmp_other_fu_130                  |   9|          2|   32|         64|
    |tmp_score_fu_126                  |   9|          2|   32|         64|
    +----------------------------------+----+-----------+-----+-----------+
    |Total                             |1829|        351| 1063|       7667|
    +----------------------------------+----+-----------+-----+-----------+

    * Register: 
    +----------------------------------+----+----+-----+-----------+
    |               Name               | FF | LUT| Bits| Const Bits|
    +----------------------------------+----+----+-----+-----------+
    |and_ln298_11_reg_4826             |   1|   0|    1|          0|
    |and_ln298_13_reg_4879             |   1|   0|    1|          0|
    |and_ln298_15_reg_4911             |   1|   0|    1|          0|
    |and_ln298_1_reg_4438              |   1|   0|    1|          0|
    |and_ln298_3_reg_4503              |   1|   0|    1|          0|
    |and_ln298_5_reg_4596              |   1|   0|    1|          0|
    |and_ln298_7_reg_4671              |   1|   0|    1|          0|
    |and_ln298_9_reg_4736              |   1|   0|    1|          0|
    |ap_CS_fsm                         |   8|   0|    8|          0|
    |ap_done_reg                       |   1|   0|    1|          0|
    |ap_enable_reg_pp0_iter0_reg       |   1|   0|    1|          0|
    |ap_enable_reg_pp0_iter1           |   1|   0|    1|          0|
    |ap_enable_reg_pp0_iter2           |   1|   0|    1|          0|
    |ap_enable_reg_pp0_iter3           |   1|   0|    1|          0|
    |ap_enable_reg_pp0_iter4           |   1|   0|    1|          0|
    |ap_enable_reg_pp0_iter5           |   1|   0|    1|          0|
    |ap_loop_exit_ready_pp0_iter1_reg  |   1|   0|    1|          0|
    |ap_loop_exit_ready_pp0_iter2_reg  |   1|   0|    1|          0|
    |ap_loop_exit_ready_pp0_iter3_reg  |   1|   0|    1|          0|
    |ap_loop_exit_ready_pp0_iter4_reg  |   1|   0|    1|          0|
    |ap_loop_exit_ready_pp0_iter5_reg  |   1|   0|    1|          0|
    |d1_2_reg_4806                     |  32|   0|   32|          0|
    |d1_3_reg_4869                     |  32|   0|   32|          0|
    |d1_6_reg_4955                     |  32|   0|   32|          0|
    |d2_2_reg_4811                     |  32|   0|   32|          0|
    |d2_6_reg_4960                     |  32|   0|   32|          0|
    |d2_7_reg_4987                     |  32|   0|   32|          0|
    |d_7_reg_5014                      |  32|   0|   32|          0|
    |distance_3_reg_5081               |  32|   0|   32|          0|
    |distance_5_reg_5093               |  32|   0|   32|          0|
    |distance_6_reg_5103               |  32|   0|   32|          0|
    |distance_reg_4933                 |  32|   0|   32|          0|
    |i_real_3_reg_4090                 |  32|   0|   32|          0|
    |i_real_4_reg_4859                 |  32|   0|   32|          0|
    |icmp_ln1065_reg_4301              |   1|   0|    1|          0|
    |icmp_ln1073_reg_4098              |   1|   0|    1|          0|
    |k_real_1_fu_122                   |  32|   0|   32|          0|
    |merge_1_1_reg_5122                |  32|   0|   32|          0|
    |merge_1_fu_106                    |  32|   0|   32|          0|
    |merge_2_1_reg_5129                |  32|   0|   32|          0|
    |merge_2_fu_110                    |  32|   0|   32|          0|
    |mul_1_reg_4864                    |  32|   0|   32|          0|
    |mul_2_reg_4901                    |  32|   0|   32|          0|
    |mul_3_reg_4923                    |  32|   0|   32|          0|
    |mul_3_reg_4923_pp0_iter2_reg      |  32|   0|   32|          0|
    |mul_4_reg_4950                    |  32|   0|   32|          0|
    |mul_4_reg_4950_pp0_iter2_reg      |  32|   0|   32|          0|
    |mul_5_reg_4982                    |  32|   0|   32|          0|
    |mul_6_reg_5037                    |  32|   0|   32|          0|
    |mul_7_reg_5059                    |  32|   0|   32|          0|
    |mul_reg_4801                      |  32|   0|   32|          0|
    |ov_10_reg_4943                    |  32|   0|   32|          0|
    |ov_11_reg_5002                    |  32|   0|   32|          0|
    |ov_14_reg_4975                    |  32|   0|   32|          0|
    |ov_15_reg_5025                    |  32|   0|   32|          0|
    |ov_18_reg_5007                    |  32|   0|   32|          0|
    |ov_19_reg_5042                    |  32|   0|   32|          0|
    |ov_22_reg_5030                    |  32|   0|   32|          0|
    |ov_23_reg_5047                    |  32|   0|   32|          0|
    |ov_26_reg_5052                    |  32|   0|   32|          0|
    |ov_27_reg_5071                    |  32|   0|   32|          0|
    |ov_2_reg_4894                     |  32|   0|   32|          0|
    |ov_30_reg_5064                    |  32|   0|   32|          0|
    |ov_31_reg_5076                    |  32|   0|   32|          0|
    |ov_31_reg_5076_pp0_iter3_reg      |  32|   0|   32|          0|
    |ov_32_reg_4938                    |  32|   0|   32|          0|
    |ov_6_reg_4916                     |  32|   0|   32|          0|
    |ov_7_reg_4970                     |  32|   0|   32|          0|
    |overlap_1_reg_5020                |  32|   0|   32|          0|
    |overlap_7_reg_5086                |  32|   0|   32|          0|
    |overlap_7_reg_5086_pp0_iter4_reg  |  32|   0|   32|          0|
    |reg_1117                          |  32|   0|   32|          0|
    |reg_1123                          |  32|   0|   32|          0|
    |reg_1129                          |  32|   0|   32|          0|
    |reg_1135                          |  32|   0|   32|          0|
    |reg_1146                          |  32|   0|   32|          0|
    |reg_1152                          |  32|   0|   32|          0|
    |reg_1163                          |  32|   0|   32|          0|
    |reg_1169                          |  32|   0|   32|          0|
    |reg_1175                          |  32|   0|   32|          0|
    |reg_1181                          |  32|   0|   32|          0|
    |reg_1192                          |  32|   0|   32|          0|
    |reg_1198                          |  32|   0|   32|          0|
    |reg_1209                          |  32|   0|   32|          0|
    |reg_1215                          |  32|   0|   32|          0|
    |reg_1221                          |  32|   0|   32|          0|
    |reg_1227                          |  32|   0|   32|          0|
    |reg_1237                          |  32|   0|   32|          0|
    |reg_1243                          |  32|   0|   32|          0|
    |reg_1253                          |  32|   0|   32|          0|
    |reg_1259                          |  32|   0|   32|          0|
    |reg_1266                          |  32|   0|   32|          0|
    |reg_1272                          |  32|   0|   32|          0|
    |reg_1278                          |  32|   0|   32|          0|
    |reg_1284                          |  32|   0|   32|          0|
    |reg_1290                          |  32|   0|   32|          0|
    |reg_1299                          |  32|   0|   32|          0|
    |reg_1305                          |  32|   0|   32|          0|
    |reg_1311                          |  32|   0|   32|          0|
    |reg_1317                          |  32|   0|   32|          0|
    |reg_1323                          |  32|   0|   32|          0|
    |reg_1329                          |  32|   0|   32|          0|
    |reg_1335                          |  32|   0|   32|          0|
    |reg_1340                          |  32|   0|   32|          0|
    |reg_1345                          |  32|   0|   32|          0|
    |sc_2_reg_5108                     |  32|   0|   32|          0|
    |score_fu_114                      |  32|   0|   32|          0|
    |score_load_reg_5135               |  32|   0|   32|          0|
    |sub79_2_reg_4816                  |  32|   0|   32|          0|
    |sub79_6_reg_4965                  |  32|   0|   32|          0|
    |sub79_7_reg_4992                  |  32|   0|   32|          0|
    |sub91_2_reg_4821                  |  32|   0|   32|          0|
    |sub91_3_reg_4874                  |  32|   0|   32|          0|
    |sub91_4_reg_4906                  |  32|   0|   32|          0|
    |sub91_5_reg_4928                  |  32|   0|   32|          0|
    |sub91_7_reg_4997                  |  32|   0|   32|          0|
    |tmp_104_reg_4173                  |   9|   0|   12|          3|
    |tmp_105_reg_4189                  |   9|   0|   12|          3|
    |tmp_106_reg_4205                  |   9|   0|   12|          3|
    |tmp_107_reg_4221                  |   9|   0|   12|          3|
    |tmp_108_reg_4237                  |   9|   0|   12|          3|
    |tmp_109_reg_4253                  |   9|   0|   12|          3|
    |tmp_110_reg_4269                  |   9|   0|   12|          3|
    |tmp_111_reg_4285                  |   9|   0|   12|          3|
    |tmp_46_reg_5098                   |   1|   0|    1|          0|
    |tmp_46_reg_5098_pp0_iter5_reg     |   1|   0|    1|          0|
    |tmp_59_reg_4508                   |  32|   0|   32|          0|
    |tmp_60_reg_4513                   |  32|   0|   32|          0|
    |tmp_62_reg_4518                   |  32|   0|   32|          0|
    |tmp_64_reg_4527                   |  32|   0|   32|          0|
    |tmp_65_reg_4601                   |  32|   0|   32|          0|
    |tmp_66_reg_4606                   |  32|   0|   32|          0|
    |tmp_83_reg_4831                   |  32|   0|   32|          0|
    |tmp_84_reg_4836                   |  32|   0|   32|          0|
    |tmp_86_reg_4841                   |  32|   0|   32|          0|
    |tmp_88_reg_4850                   |  32|   0|   32|          0|
    |tmp_89_reg_4884                   |  32|   0|   32|          0|
    |tmp_90_reg_4889                   |  32|   0|   32|          0|
    |tmp_95_reg_4125                   |   9|   0|   12|          3|
    |tmp_96_reg_4141                   |   9|   0|   12|          3|
    |tmp_97_reg_4157                   |   9|   0|   12|          3|
    |tmp_other_1_fu_118                |  32|   0|   32|          0|
    |tmp_other_6_reg_5143              |  32|   0|   32|          0|
    |tmp_other_fu_130                  |  32|   0|   32|          0|
    |tmp_s_reg_4109                    |   9|   0|   12|          3|
    |tmp_score_4_reg_5148              |  32|   0|   32|          0|
    |tmp_score_fu_126                  |  32|   0|   32|          0|
    |tmp_score_load_reg_5115           |  32|   0|   32|          0|
    |trunc_ln251_1_reg_4311            |   1|   0|    1|          0|
    |trunc_ln251_reg_4102              |   1|   0|    1|          0|
    |i_real_3_reg_4090                 |  64|  32|   32|          0|
    |i_real_4_reg_4859                 |  64|  32|   32|          0|
    |icmp_ln1065_reg_4301              |  64|  32|    1|          0|
    |icmp_ln1073_reg_4098              |  64|  32|    1|          0|
    |mul_5_reg_4982                    |  64|  32|   32|          0|
    |mul_6_reg_5037                    |  64|  32|   32|          0|
    |mul_7_reg_5059                    |  64|  32|   32|          0|
    +----------------------------------+----+----+-----+-----------+
    |Total                             |4142| 224| 3892|         36|
    +----------------------------------+----+----+-----+-----------+



================================================================
== Interface
================================================================
* Summary: 
+---------------------------+-----+-----+------------+----------------------------------------+--------------+
|         RTL Ports         | Dir | Bits|  Protocol  |              Source Object             |    C Type    |
+---------------------------+-----+-----+------------+----------------------------------------+--------------+
|ap_clk                     |   in|    1|  ap_ctrl_hs|  insert_point_Pipeline_VITIS_LOOP_262_1|  return value|
|ap_rst                     |   in|    1|  ap_ctrl_hs|  insert_point_Pipeline_VITIS_LOOP_262_1|  return value|
|ap_start                   |   in|    1|  ap_ctrl_hs|  insert_point_Pipeline_VITIS_LOOP_262_1|  return value|
|ap_done                    |  out|    1|  ap_ctrl_hs|  insert_point_Pipeline_VITIS_LOOP_262_1|  return value|
|ap_idle                    |  out|    1|  ap_ctrl_hs|  insert_point_Pipeline_VITIS_LOOP_262_1|  return value|
|ap_ready                   |  out|    1|  ap_ctrl_hs|  insert_point_Pipeline_VITIS_LOOP_262_1|  return value|
|grp_fu_1011_p_din0         |  out|   32|  ap_ctrl_hs|  insert_point_Pipeline_VITIS_LOOP_262_1|  return value|
|grp_fu_1011_p_din1         |  out|   32|  ap_ctrl_hs|  insert_point_Pipeline_VITIS_LOOP_262_1|  return value|
|grp_fu_1011_p_opcode       |  out|    2|  ap_ctrl_hs|  insert_point_Pipeline_VITIS_LOOP_262_1|  return value|
|grp_fu_1011_p_dout0        |   in|   32|  ap_ctrl_hs|  insert_point_Pipeline_VITIS_LOOP_262_1|  return value|
|grp_fu_1011_p_ce           |  out|    1|  ap_ctrl_hs|  insert_point_Pipeline_VITIS_LOOP_262_1|  return value|
|grp_fu_1017_p_din0         |  out|   32|  ap_ctrl_hs|  insert_point_Pipeline_VITIS_LOOP_262_1|  return value|
|grp_fu_1017_p_din1         |  out|   32|  ap_ctrl_hs|  insert_point_Pipeline_VITIS_LOOP_262_1|  return value|
|grp_fu_1017_p_dout0        |   in|   32|  ap_ctrl_hs|  insert_point_Pipeline_VITIS_LOOP_262_1|  return value|
|grp_fu_1017_p_ce           |  out|    1|  ap_ctrl_hs|  insert_point_Pipeline_VITIS_LOOP_262_1|  return value|
|grp_fu_1022_p_din0         |  out|   32|  ap_ctrl_hs|  insert_point_Pipeline_VITIS_LOOP_262_1|  return value|
|grp_fu_1022_p_din1         |  out|   32|  ap_ctrl_hs|  insert_point_Pipeline_VITIS_LOOP_262_1|  return value|
|grp_fu_1022_p_opcode       |  out|    5|  ap_ctrl_hs|  insert_point_Pipeline_VITIS_LOOP_262_1|  return value|
|grp_fu_1022_p_dout0        |   in|    1|  ap_ctrl_hs|  insert_point_Pipeline_VITIS_LOOP_262_1|  return value|
|grp_fu_1022_p_ce           |  out|    1|  ap_ctrl_hs|  insert_point_Pipeline_VITIS_LOOP_262_1|  return value|
|grp_fu_1027_p_din0         |  out|   32|  ap_ctrl_hs|  insert_point_Pipeline_VITIS_LOOP_262_1|  return value|
|grp_fu_1027_p_din1         |  out|   32|  ap_ctrl_hs|  insert_point_Pipeline_VITIS_LOOP_262_1|  return value|
|grp_fu_1027_p_opcode       |  out|    5|  ap_ctrl_hs|  insert_point_Pipeline_VITIS_LOOP_262_1|  return value|
|grp_fu_1027_p_dout0        |   in|    1|  ap_ctrl_hs|  insert_point_Pipeline_VITIS_LOOP_262_1|  return value|
|grp_fu_1027_p_ce           |  out|    1|  ap_ctrl_hs|  insert_point_Pipeline_VITIS_LOOP_262_1|  return value|
|grp_fu_1032_p_din0         |  out|   32|  ap_ctrl_hs|  insert_point_Pipeline_VITIS_LOOP_262_1|  return value|
|grp_fu_1032_p_din1         |  out|   32|  ap_ctrl_hs|  insert_point_Pipeline_VITIS_LOOP_262_1|  return value|
|grp_fu_1032_p_opcode       |  out|    5|  ap_ctrl_hs|  insert_point_Pipeline_VITIS_LOOP_262_1|  return value|
|grp_fu_1032_p_dout0        |   in|    1|  ap_ctrl_hs|  insert_point_Pipeline_VITIS_LOOP_262_1|  return value|
|grp_fu_1032_p_ce           |  out|    1|  ap_ctrl_hs|  insert_point_Pipeline_VITIS_LOOP_262_1|  return value|
|zext_ln243_5               |   in|    9|     ap_none|                            zext_ln243_5|        scalar|
|regions_min_0_address0     |  out|   12|   ap_stable|                           regions_min_0|         array|
|regions_min_0_ce0          |  out|    1|   ap_stable|                           regions_min_0|         array|
|regions_min_0_q0           |   in|   32|   ap_stable|                           regions_min_0|         array|
|regions_min_0_address1     |  out|   12|   ap_stable|                           regions_min_0|         array|
|regions_min_0_ce1          |  out|    1|   ap_stable|                           regions_min_0|         array|
|regions_min_0_q1           |   in|   32|   ap_stable|                           regions_min_0|         array|
|zext_ln243_4               |   in|    9|     ap_none|                            zext_ln243_4|        scalar|
|regions_min_1_address0     |  out|   12|   ap_stable|                           regions_min_1|         array|
|regions_min_1_ce0          |  out|    1|   ap_stable|                           regions_min_1|         array|
|regions_min_1_q0           |   in|   32|   ap_stable|                           regions_min_1|         array|
|regions_min_1_address1     |  out|   12|   ap_stable|                           regions_min_1|         array|
|regions_min_1_ce1          |  out|    1|   ap_stable|                           regions_min_1|         array|
|regions_min_1_q1           |   in|   32|   ap_stable|                           regions_min_1|         array|
|zext_ln243_3               |   in|    9|     ap_none|                            zext_ln243_3|        scalar|
|regions_max_0_address0     |  out|   12|   ap_stable|                           regions_max_0|         array|
|regions_max_0_ce0          |  out|    1|   ap_stable|                           regions_max_0|         array|
|regions_max_0_q0           |   in|   32|   ap_stable|                           regions_max_0|         array|
|regions_max_0_address1     |  out|   12|   ap_stable|                           regions_max_0|         array|
|regions_max_0_ce1          |  out|    1|   ap_stable|                           regions_max_0|         array|
|regions_max_0_q1           |   in|   32|   ap_stable|                           regions_max_0|         array|
|zext_ln243_2               |   in|    9|     ap_none|                            zext_ln243_2|        scalar|
|regions_max_1_address0     |  out|   12|   ap_stable|                           regions_max_1|         array|
|regions_max_1_ce0          |  out|    1|   ap_stable|                           regions_max_1|         array|
|regions_max_1_q0           |   in|   32|   ap_stable|                           regions_max_1|         array|
|regions_max_1_address1     |  out|   12|   ap_stable|                           regions_max_1|         array|
|regions_max_1_ce1          |  out|    1|   ap_stable|                           regions_max_1|         array|
|regions_max_1_q1           |   in|   32|   ap_stable|                           regions_max_1|         array|
|zext_ln243_1               |   in|    9|     ap_none|                            zext_ln243_1|        scalar|
|regions_center_0_address0  |  out|   12|   ap_stable|                        regions_center_0|         array|
|regions_center_0_ce0       |  out|    1|   ap_stable|                        regions_center_0|         array|
|regions_center_0_q0        |   in|   32|   ap_stable|                        regions_center_0|         array|
|regions_center_0_address1  |  out|   12|   ap_stable|                        regions_center_0|         array|
|regions_center_0_ce1       |  out|    1|   ap_stable|                        regions_center_0|         array|
|regions_center_0_q1        |   in|   32|   ap_stable|                        regions_center_0|         array|
|zext_ln243                 |   in|    9|     ap_none|                              zext_ln243|        scalar|
|regions_center_1_address0  |  out|   12|   ap_stable|                        regions_center_1|         array|
|regions_center_1_ce0       |  out|    1|   ap_stable|                        regions_center_1|         array|
|regions_center_1_q0        |   in|   32|   ap_stable|                        regions_center_1|         array|
|regions_center_1_address1  |  out|   12|   ap_stable|                        regions_center_1|         array|
|regions_center_1_ce1       |  out|    1|   ap_stable|                        regions_center_1|         array|
|regions_center_1_q1        |   in|   32|   ap_stable|                        regions_center_1|         array|
|merge_2_out                |  out|   10|      ap_vld|                             merge_2_out|       pointer|
|merge_2_out_ap_vld         |  out|    1|      ap_vld|                             merge_2_out|       pointer|
|merge_1_out                |  out|   10|      ap_vld|                             merge_1_out|       pointer|
|merge_1_out_ap_vld         |  out|    1|      ap_vld|                             merge_1_out|       pointer|
+---------------------------+-----+-----+------------+----------------------------------------+--------------+

