

================================================================
== Vitis HLS Report for 'insert_point2'
================================================================
* Date:           Mon Oct 17 15:15:00 2022

* Version:        2022.1 (Build 3526262 on Mon Apr 18 15:47:01 MDT 2022)
* Project:        detector_solid
* Solution:       solution2 (Vitis Kernel Flow Target)
* Product family: zynq
* Target device:  xc7z020-clg484-1


================================================================
== Performance Estimates
================================================================
+ Timing: 
    * Summary: 
    +--------+----------+-----------+------------+
    |  Clock |  Target  | Estimated | Uncertainty|
    +--------+----------+-----------+------------+
    |ap_clk  |  18.00 ns|  13.694 ns|     4.86 ns|
    +--------+----------+-----------+------------+

+ Latency: 
    * Summary: 
    +---------+---------+----------+-----------+-----+------+---------+
    |  Latency (cycles) |  Latency (absolute)  |  Interval  | Pipeline|
    |   min   |   max   |    min   |    max    | min |  max |   Type  |
    +---------+---------+----------+-----------+-----+------+---------+
    |        8|     1204|  0.144 us|  21.672 us|    8|  1204|       no|
    +---------+---------+----------+-----------+-----+------+---------+

    + Detail: 
        * Instance: 
        +-------------------------------------------------------+--------------------------------------------+---------+---------+-----------+-----------+-----+------+---------+
        |                                                       |                                            |  Latency (cycles) |   Latency (absolute)  |  Interval  | Pipeline|
        |                        Instance                       |                   Module                   |   min   |   max   |    min    |    max    | min |  max |   Type  |
        +-------------------------------------------------------+--------------------------------------------+---------+---------+-----------+-----------+-----+------+---------+
        |grp_insert_point2_Pipeline_is_valid_label2_fu_804      |insert_point2_Pipeline_is_valid_label2      |        5|       19|  90.000 ns|   0.342 us|    5|    19|       no|
        |grp_insert_point2_Pipeline_insert_point_label4_fu_824  |insert_point2_Pipeline_insert_point_label4  |       10|       10|   0.180 us|   0.180 us|   10|    10|       no|
        |grp_insert_point2_Pipeline_VITIS_LOOP_262_1_fu_855     |insert_point2_Pipeline_VITIS_LOOP_262_1     |       46|     1134|   0.828 us|  20.412 us|   46|  1134|       no|
        |grp_insert_point2_Pipeline_insert_point_label6_fu_879  |insert_point2_Pipeline_insert_point_label6  |       26|       26|   0.468 us|   0.468 us|   26|    26|       no|
        +-------------------------------------------------------+--------------------------------------------+---------+---------+-----------+-----------+-----+------+---------+

        * Loop: 
        N/A



================================================================
== Utilization Estimates
================================================================
* Summary: 
+-----------------+---------+-----+--------+-------+-----+
|       Name      | BRAM_18K| DSP |   FF   |  LUT  | URAM|
+-----------------+---------+-----+--------+-------+-----+
|DSP              |        -|    -|       -|      -|    -|
|Expression       |        -|    -|       0|   1070|    -|
|FIFO             |        -|    -|       -|      -|    -|
|Instance         |        -|   22|    6803|  10075|    -|
|Memory           |        -|    -|       -|      -|    -|
|Multiplexer      |        -|    -|       -|   1696|    -|
|Register         |        -|    -|    1305|      -|    -|
+-----------------+---------+-----+--------+-------+-----+
|Total            |        0|   22|    8108|  12841|    0|
+-----------------+---------+-----+--------+-------+-----+
|Available        |      280|  220|  106400|  53200|    0|
+-----------------+---------+-----+--------+-------+-----+
|Utilization (%)  |        0|   10|       7|     24|    0|
+-----------------+---------+-----+--------+-------+-----+

+ Detail: 
    * Instance: 
    +-------------------------------------------------------+--------------------------------------------+---------+----+------+------+-----+
    |                        Instance                       |                   Module                   | BRAM_18K| DSP|  FF  |  LUT | URAM|
    +-------------------------------------------------------+--------------------------------------------+---------+----+------+------+-----+
    |faddfsub_32ns_32ns_32_4_full_dsp_1_U243                |faddfsub_32ns_32ns_32_4_full_dsp_1          |        0|   2|   227|   403|    0|
    |fcmp_32ns_32ns_1_2_no_dsp_1_U240                       |fcmp_32ns_32ns_1_2_no_dsp_1                 |        0|   0|     0|     0|    0|
    |fcmp_32ns_32ns_1_2_no_dsp_1_U241                       |fcmp_32ns_32ns_1_2_no_dsp_1                 |        0|   0|     0|     0|    0|
    |fcmp_32ns_32ns_1_2_no_dsp_1_U242                       |fcmp_32ns_32ns_1_2_no_dsp_1                 |        0|   0|     0|     0|    0|
    |fmul_32ns_32ns_32_2_max_dsp_1_U244                     |fmul_32ns_32ns_32_2_max_dsp_1               |        0|   3|   128|   320|    0|
    |grp_insert_point2_Pipeline_VITIS_LOOP_262_1_fu_855     |insert_point2_Pipeline_VITIS_LOOP_262_1     |        0|  17|  5859|  8432|    0|
    |grp_insert_point2_Pipeline_insert_point_label4_fu_824  |insert_point2_Pipeline_insert_point_label4  |        0|   0|     6|   163|    0|
    |grp_insert_point2_Pipeline_insert_point_label6_fu_879  |insert_point2_Pipeline_insert_point_label6  |        0|   0|   567|   600|    0|
    |grp_insert_point2_Pipeline_is_valid_label2_fu_804      |insert_point2_Pipeline_is_valid_label2      |        0|   0|    16|   157|    0|
    +-------------------------------------------------------+--------------------------------------------+---------+----+------+------+-----+
    |Total                                                  |                                            |        0|  22|  6803| 10075|    0|
    +-------------------------------------------------------+--------------------------------------------+---------+----+------+------+-----+

    * DSP: 
    N/A

    * Memory: 
    N/A

    * FIFO: 
    N/A

    * Expression: 
    +-------------------------+----------+----+---+----+------------+------------+
    |      Variable Name      | Operation| DSP| FF| LUT| Bitwidth P0| Bitwidth P1|
    +-------------------------+----------+----+---+----+------------+------------+
    |add_ln243_10_fu_1388_p2  |         +|   0|  0|  14|           9|           9|
    |add_ln243_6_fu_1312_p2   |         +|   0|  0|  14|           9|           9|
    |add_ln243_7_fu_1331_p2   |         +|   0|  0|  14|           9|           9|
    |add_ln243_8_fu_1350_p2   |         +|   0|  0|  14|           9|           9|
    |add_ln243_9_fu_1369_p2   |         +|   0|  0|  14|           9|           9|
    |add_ln243_fu_1293_p2     |         +|   0|  0|  14|           9|           9|
    |add_ln349_1_fu_1459_p2   |         +|   0|  0|  14|           9|           9|
    |add_ln349_2_fu_1521_p2   |         +|   0|  0|  14|           9|           9|
    |add_ln349_3_fu_1535_p2   |         +|   0|  0|  14|           9|           9|
    |add_ln349_fu_1445_p2     |         +|   0|  0|  14|           9|           9|
    |add_ln352_1_fu_1487_p2   |         +|   0|  0|  14|           9|           9|
    |add_ln352_2_fu_1549_p2   |         +|   0|  0|  14|           9|           9|
    |add_ln352_3_fu_1563_p2   |         +|   0|  0|  14|           9|           9|
    |add_ln352_fu_1473_p2     |         +|   0|  0|  14|           9|           9|
    |add_ln355_1_fu_1591_p2   |         +|   0|  0|  14|           9|           9|
    |add_ln355_fu_1577_p2     |         +|   0|  0|  14|           9|           9|
    |add_ln367_1_fu_1506_p2   |         +|   0|  0|  14|           9|           9|
    |add_ln367_fu_1501_p2     |         +|   0|  0|  14|           9|           9|
    |add_ln886_fu_1408_p2     |         +|   0|  0|  15|           8|           1|
    |icmp_ln1065_fu_1413_p2   |      icmp|   0|  0|  11|           8|           5|
    |or_ln367_10_fu_1093_p2   |        or|   0|  0|  12|          12|           6|
    |or_ln367_11_fu_1104_p2   |        or|   0|  0|  12|          12|           6|
    |or_ln367_12_fu_1115_p2   |        or|   0|  0|  12|          12|           6|
    |or_ln367_13_fu_1126_p2   |        or|   0|  0|  12|          12|           6|
    |or_ln367_14_fu_1137_p2   |        or|   0|  0|  12|          12|           6|
    |or_ln367_15_fu_1148_p2   |        or|   0|  0|  12|          12|           6|
    |or_ln367_16_fu_1183_p2   |        or|   0|  0|  12|          12|           6|
    |or_ln367_17_fu_1194_p2   |        or|   0|  0|  12|          12|           6|
    |or_ln367_18_fu_1205_p2   |        or|   0|  0|  12|          12|           6|
    |or_ln367_19_fu_1216_p2   |        or|   0|  0|  12|          12|           6|
    |or_ln367_1_fu_970_p2     |        or|   0|  0|  12|          12|           6|
    |or_ln367_20_fu_1227_p2   |        or|   0|  0|  12|          12|           6|
    |or_ln367_21_fu_1238_p2   |        or|   0|  0|  12|          12|           6|
    |or_ln367_22_fu_1249_p2   |        or|   0|  0|  12|          12|           6|
    |or_ln367_23_fu_1260_p2   |        or|   0|  0|  12|          12|           6|
    |or_ln367_24_fu_1609_p2   |        or|   0|  0|  12|          12|           1|
    |or_ln367_25_fu_1619_p2   |        or|   0|  0|  12|          12|           2|
    |or_ln367_26_fu_1629_p2   |        or|   0|  0|  12|          12|           2|
    |or_ln367_27_fu_1639_p2   |        or|   0|  0|  12|          12|           3|
    |or_ln367_28_fu_1649_p2   |        or|   0|  0|  12|          12|           3|
    |or_ln367_29_fu_1659_p2   |        or|   0|  0|  12|          12|           3|
    |or_ln367_2_fu_981_p2     |        or|   0|  0|  12|          12|           6|
    |or_ln367_30_fu_1669_p2   |        or|   0|  0|  12|          12|           3|
    |or_ln367_31_fu_1683_p2   |        or|   0|  0|  12|          12|           1|
    |or_ln367_32_fu_1693_p2   |        or|   0|  0|  12|          12|           2|
    |or_ln367_33_fu_1703_p2   |        or|   0|  0|  12|          12|           2|
    |or_ln367_34_fu_1713_p2   |        or|   0|  0|  12|          12|           3|
    |or_ln367_35_fu_1723_p2   |        or|   0|  0|  12|          12|           3|
    |or_ln367_36_fu_1733_p2   |        or|   0|  0|  12|          12|           3|
    |or_ln367_37_fu_1743_p2   |        or|   0|  0|  12|          12|           3|
    |or_ln367_38_fu_1757_p2   |        or|   0|  0|  12|          12|           1|
    |or_ln367_39_fu_1767_p2   |        or|   0|  0|  12|          12|           2|
    |or_ln367_3_fu_992_p2     |        or|   0|  0|  12|          12|           6|
    |or_ln367_40_fu_1777_p2   |        or|   0|  0|  12|          12|           2|
    |or_ln367_41_fu_1787_p2   |        or|   0|  0|  12|          12|           3|
    |or_ln367_42_fu_1797_p2   |        or|   0|  0|  12|          12|           3|
    |or_ln367_43_fu_1807_p2   |        or|   0|  0|  12|          12|           3|
    |or_ln367_44_fu_1817_p2   |        or|   0|  0|  12|          12|           3|
    |or_ln367_45_fu_1831_p2   |        or|   0|  0|  12|          12|           1|
    |or_ln367_46_fu_1841_p2   |        or|   0|  0|  12|          12|           2|
    |or_ln367_47_fu_1851_p2   |        or|   0|  0|  12|          12|           2|
    |or_ln367_48_fu_1861_p2   |        or|   0|  0|  12|          12|           3|
    |or_ln367_49_fu_1871_p2   |        or|   0|  0|  12|          12|           3|
    |or_ln367_4_fu_1003_p2    |        or|   0|  0|  12|          12|           6|
    |or_ln367_50_fu_1881_p2   |        or|   0|  0|  12|          12|           3|
    |or_ln367_51_fu_1891_p2   |        or|   0|  0|  12|          12|           3|
    |or_ln367_52_fu_1913_p2   |        or|   0|  0|  12|          12|           1|
    |or_ln367_53_fu_1924_p2   |        or|   0|  0|  12|          12|           2|
    |or_ln367_54_fu_1935_p2   |        or|   0|  0|  12|          12|           2|
    |or_ln367_55_fu_1946_p2   |        or|   0|  0|  12|          12|           3|
    |or_ln367_56_fu_1957_p2   |        or|   0|  0|  12|          12|           3|
    |or_ln367_57_fu_1968_p2   |        or|   0|  0|  12|          12|           3|
    |or_ln367_58_fu_1979_p2   |        or|   0|  0|  12|          12|           3|
    |or_ln367_59_fu_2002_p2   |        or|   0|  0|  12|          12|           1|
    |or_ln367_5_fu_1014_p2    |        or|   0|  0|  12|          12|           6|
    |or_ln367_60_fu_2013_p2   |        or|   0|  0|  12|          12|           2|
    |or_ln367_61_fu_2024_p2   |        or|   0|  0|  12|          12|           2|
    |or_ln367_62_fu_2035_p2   |        or|   0|  0|  12|          12|           3|
    |or_ln367_63_fu_2046_p2   |        or|   0|  0|  12|          12|           3|
    |or_ln367_64_fu_2057_p2   |        or|   0|  0|  12|          12|           3|
    |or_ln367_65_fu_2068_p2   |        or|   0|  0|  12|          12|           3|
    |or_ln367_6_fu_1025_p2    |        or|   0|  0|  12|          12|           6|
    |or_ln367_7_fu_1036_p2    |        or|   0|  0|  12|          12|           6|
    |or_ln367_8_fu_1071_p2    |        or|   0|  0|  12|          12|           6|
    |or_ln367_9_fu_1082_p2    |        or|   0|  0|  12|          12|           6|
    |or_ln367_fu_959_p2       |        or|   0|  0|  12|          12|           6|
    +-------------------------+----------+----+---+----+------------+------------+
    |Total                    |          |   0|  0|1070|         970|         414|
    +-------------------------+----------+----+---+----+------------+------------+

    * Multiplexer: 
    +------------------------------------+----+-----------+-----+-----------+
    |                Name                | LUT| Input Size| Bits| Total Bits|
    +------------------------------------+----+-----------+-----+-----------+
    |ap_NS_fsm                           |  93|         19|    1|         19|
    |ap_phi_mux_phi_ln371_phi_fu_795_p6  |   9|          2|    8|         16|
    |ap_return                           |   9|          2|    8|         16|
    |grp_fu_2713_ce                      |  20|          4|    1|          4|
    |grp_fu_2713_opcode                  |  20|          4|    5|         20|
    |grp_fu_2713_p0                      |  20|          4|   32|        128|
    |grp_fu_2713_p1                      |  20|          4|   32|        128|
    |grp_fu_2717_ce                      |  14|          3|    1|          3|
    |grp_fu_2717_opcode                  |  14|          3|    5|         15|
    |grp_fu_2717_p0                      |  14|          3|   32|         96|
    |grp_fu_2717_p1                      |  14|          3|   32|         96|
    |grp_fu_2721_ce                      |  14|          3|    1|          3|
    |grp_fu_2721_opcode                  |  14|          3|    5|         15|
    |grp_fu_2721_p0                      |  14|          3|   32|         96|
    |grp_fu_2721_p1                      |  14|          3|   32|         96|
    |grp_fu_2725_ce                      |  14|          3|    1|          3|
    |grp_fu_2725_opcode                  |  14|          3|    2|          6|
    |grp_fu_2725_p0                      |  14|          3|   32|         96|
    |grp_fu_2725_p1                      |  14|          3|   32|         96|
    |grp_fu_2729_ce                      |  14|          3|    1|          3|
    |grp_fu_2729_p0                      |  14|          3|   32|         96|
    |grp_fu_2729_p1                      |  14|          3|   32|         96|
    |phi_ln371_reg_792                   |  14|          3|    8|         24|
    |regions_center_0_address0           |  42|          8|   12|         96|
    |regions_center_0_address1           |  31|          6|   12|         72|
    |regions_center_0_ce0                |  25|          5|    1|          5|
    |regions_center_0_ce1                |  14|          3|    1|          3|
    |regions_center_0_d0                 |  31|          6|   32|        192|
    |regions_center_0_d1                 |  20|          4|   32|        128|
    |regions_center_0_we0                |  20|          4|    1|          4|
    |regions_center_1_address0           |  65|         12|   12|        144|
    |regions_center_1_address1           |  53|         10|   12|        120|
    |regions_center_1_ce0                |  25|          5|    1|          5|
    |regions_center_1_ce1                |  14|          3|    1|          3|
    |regions_center_1_d0                 |  31|          6|   32|        192|
    |regions_center_1_d1                 |  20|          4|   32|        128|
    |regions_center_1_we0                |  20|          4|    1|          4|
    |regions_max_0_address0              |  42|          8|   12|         96|
    |regions_max_0_address1              |  37|          7|   12|         84|
    |regions_max_0_ce0                   |  25|          5|    1|          5|
    |regions_max_0_ce1                   |  20|          4|    1|          4|
    |regions_max_0_d0                    |  31|          6|   32|        192|
    |regions_max_0_d1                    |  20|          4|   32|        128|
    |regions_max_0_we0                   |  20|          4|    1|          4|
    |regions_max_1_address0              |  65|         12|   12|        144|
    |regions_max_1_address1              |  59|         11|   12|        132|
    |regions_max_1_ce0                   |  25|          5|    1|          5|
    |regions_max_1_ce1                   |  20|          4|    1|          4|
    |regions_max_1_d0                    |  31|          6|   32|        192|
    |regions_max_1_d1                    |  20|          4|   32|        128|
    |regions_max_1_we0                   |  20|          4|    1|          4|
    |regions_min_0_address0              |  42|          8|   12|         96|
    |regions_min_0_address1              |  37|          7|   12|         84|
    |regions_min_0_ce0                   |  25|          5|    1|          5|
    |regions_min_0_ce1                   |  20|          4|    1|          4|
    |regions_min_0_d0                    |  31|          6|   32|        192|
    |regions_min_0_d1                    |  20|          4|   32|        128|
    |regions_min_0_we0                   |  20|          4|    1|          4|
    |regions_min_1_address0              |  65|         12|   12|        144|
    |regions_min_1_address1              |  59|         11|   12|        132|
    |regions_min_1_ce0                   |  25|          5|    1|          5|
    |regions_min_1_ce1                   |  20|          4|    1|          4|
    |regions_min_1_d0                    |  31|          6|   32|        192|
    |regions_min_1_d1                    |  20|          4|   32|        128|
    |regions_min_1_we0                   |  20|          4|    1|          4|
    +------------------------------------+----+-----------+-----+-----------+
    |Total                               |1696|        335|  913|       4511|
    +------------------------------------+----+-----------+-----+-----------+

    * Register: 
    +--------------------------------------------------------------------+----+----+-----+-----------+
    |                                Name                                | FF | LUT| Bits| Const Bits|
    +--------------------------------------------------------------------+----+----+-----+-----------+
    |add_ln367_1_reg_2426                                                |   9|   0|    9|          0|
    |add_ln367_reg_2421                                                  |   9|   0|    9|          0|
    |ap_CS_fsm                                                           |  18|   0|   18|          0|
    |ap_return_preg                                                      |   8|   0|    8|          0|
    |empty_reg_2345                                                      |   1|   0|    1|          0|
    |grp_insert_point2_Pipeline_VITIS_LOOP_262_1_fu_855_ap_start_reg     |   1|   0|    1|          0|
    |grp_insert_point2_Pipeline_insert_point_label4_fu_824_ap_start_reg  |   1|   0|    1|          0|
    |grp_insert_point2_Pipeline_insert_point_label6_fu_879_ap_start_reg  |   1|   0|    1|          0|
    |grp_insert_point2_Pipeline_is_valid_label2_fu_804_ap_start_reg      |   1|   0|    1|          0|
    |icmp_ln1065_reg_2355                                                |   1|   0|    1|          0|
    |merge_1_loc_fu_118                                                  |  10|   0|   10|          0|
    |merge_2_loc_fu_122                                                  |  10|   0|   10|          0|
    |phi_ln371_reg_792                                                   |   8|   0|    8|          0|
    |reg_907                                                             |  32|   0|   32|          0|
    |reg_913                                                             |  32|   0|   32|          0|
    |reg_919                                                             |  32|   0|   32|          0|
    |reg_925                                                             |  32|   0|   32|          0|
    |reg_931                                                             |  32|   0|   32|          0|
    |reg_937                                                             |  32|   0|   32|          0|
    |regions_center_0_addr_17_reg_2653                                   |   9|   0|   12|          3|
    |regions_center_0_addr_18_reg_2658                                   |   9|   0|   12|          3|
    |regions_center_0_addr_19_reg_2663                                   |   9|   0|   12|          3|
    |regions_center_0_addr_20_reg_2668                                   |   9|   0|   12|          3|
    |regions_center_0_addr_21_reg_2673                                   |   9|   0|   12|          3|
    |regions_center_0_addr_22_reg_2678                                   |   9|   0|   12|          3|
    |regions_center_1_addr_16_reg_2165                                   |   6|   0|   12|          6|
    |regions_center_1_addr_17_reg_2170                                   |   6|   0|   12|          6|
    |regions_center_1_addr_18_reg_2175                                   |   6|   0|   12|          6|
    |regions_center_1_addr_19_reg_2180                                   |   6|   0|   12|          6|
    |regions_center_1_addr_20_reg_2185                                   |   6|   0|   12|          6|
    |regions_center_1_addr_21_reg_2190                                   |   6|   0|   12|          6|
    |regions_center_1_addr_22_reg_2195                                   |   6|   0|   12|          6|
    |regions_center_1_addr_25_reg_2683                                   |   9|   0|   12|          3|
    |regions_center_1_addr_26_reg_2688                                   |   9|   0|   12|          3|
    |regions_center_1_addr_27_reg_2693                                   |   9|   0|   12|          3|
    |regions_center_1_addr_28_reg_2698                                   |   9|   0|   12|          3|
    |regions_center_1_addr_29_reg_2703                                   |   9|   0|   12|          3|
    |regions_center_1_addr_30_reg_2708                                   |   9|   0|   12|          3|
    |regions_center_1_addr_reg_2160                                      |   6|   0|   12|          6|
    |regions_center_1_load_17_reg_2485                                   |  32|   0|   32|          0|
    |regions_center_1_load_18_reg_2491                                   |  32|   0|   32|          0|
    |regions_center_1_load_19_reg_2521                                   |  32|   0|   32|          0|
    |regions_center_1_load_20_reg_2527                                   |  32|   0|   32|          0|
    |regions_max_0_addr_17_reg_2593                                      |   9|   0|   12|          3|
    |regions_max_0_addr_18_reg_2598                                      |   9|   0|   12|          3|
    |regions_max_0_addr_19_reg_2603                                      |   9|   0|   12|          3|
    |regions_max_0_addr_20_reg_2608                                      |   9|   0|   12|          3|
    |regions_max_0_addr_21_reg_2613                                      |   9|   0|   12|          3|
    |regions_max_0_addr_22_reg_2618                                      |   9|   0|   12|          3|
    |regions_max_1_addr_16_reg_2219                                      |   6|   0|   12|          6|
    |regions_max_1_addr_17_reg_2224                                      |   6|   0|   12|          6|
    |regions_max_1_addr_18_reg_2229                                      |   6|   0|   12|          6|
    |regions_max_1_addr_19_reg_2234                                      |   6|   0|   12|          6|
    |regions_max_1_addr_20_reg_2239                                      |   6|   0|   12|          6|
    |regions_max_1_addr_21_reg_2244                                      |   6|   0|   12|          6|
    |regions_max_1_addr_22_reg_2249                                      |   6|   0|   12|          6|
    |regions_max_1_addr_25_reg_2623                                      |   9|   0|   12|          3|
    |regions_max_1_addr_26_reg_2628                                      |   9|   0|   12|          3|
    |regions_max_1_addr_27_reg_2633                                      |   9|   0|   12|          3|
    |regions_max_1_addr_28_reg_2638                                      |   9|   0|   12|          3|
    |regions_max_1_addr_29_reg_2643                                      |   9|   0|   12|          3|
    |regions_max_1_addr_30_reg_2648                                      |   9|   0|   12|          3|
    |regions_max_1_addr_reg_2214                                         |   6|   0|   12|          6|
    |regions_max_1_load_17_reg_2473                                      |  32|   0|   32|          0|
    |regions_max_1_load_18_reg_2479                                      |  32|   0|   32|          0|
    |regions_max_1_load_19_reg_2509                                      |  32|   0|   32|          0|
    |regions_max_1_load_20_reg_2515                                      |  32|   0|   32|          0|
    |regions_min_0_addr_17_reg_2533                                      |   9|   0|   12|          3|
    |regions_min_0_addr_18_reg_2538                                      |   9|   0|   12|          3|
    |regions_min_0_addr_19_reg_2543                                      |   9|   0|   12|          3|
    |regions_min_0_addr_20_reg_2548                                      |   9|   0|   12|          3|
    |regions_min_0_addr_21_reg_2553                                      |   9|   0|   12|          3|
    |regions_min_0_addr_22_reg_2558                                      |   9|   0|   12|          3|
    |regions_min_1_addr_16_reg_2273                                      |   6|   0|   12|          6|
    |regions_min_1_addr_17_reg_2278                                      |   6|   0|   12|          6|
    |regions_min_1_addr_18_reg_2283                                      |   6|   0|   12|          6|
    |regions_min_1_addr_19_reg_2288                                      |   6|   0|   12|          6|
    |regions_min_1_addr_20_reg_2293                                      |   6|   0|   12|          6|
    |regions_min_1_addr_21_reg_2298                                      |   6|   0|   12|          6|
    |regions_min_1_addr_22_reg_2303                                      |   6|   0|   12|          6|
    |regions_min_1_addr_25_reg_2563                                      |   9|   0|   12|          3|
    |regions_min_1_addr_26_reg_2568                                      |   9|   0|   12|          3|
    |regions_min_1_addr_27_reg_2573                                      |   9|   0|   12|          3|
    |regions_min_1_addr_28_reg_2578                                      |   9|   0|   12|          3|
    |regions_min_1_addr_29_reg_2583                                      |   9|   0|   12|          3|
    |regions_min_1_addr_30_reg_2588                                      |   9|   0|   12|          3|
    |regions_min_1_addr_reg_2268                                         |   6|   0|   12|          6|
    |regions_min_1_load_17_reg_2461                                      |  32|   0|   32|          0|
    |regions_min_1_load_18_reg_2467                                      |  32|   0|   32|          0|
    |regions_min_1_load_19_reg_2497                                      |  32|   0|   32|          0|
    |regions_min_1_load_20_reg_2503                                      |  32|   0|   32|          0|
    |targetBlock_reg_2139                                                |   1|   0|    1|          0|
    |tmp_119_reg_2153                                                    |   6|   0|    9|          3|
    |tmp_124_reg_2207                                                    |   6|   0|    9|          3|
    |tmp_126_reg_2254                                                    |   6|   0|    9|          3|
    |tmp_127_reg_2261                                                    |   6|   0|    9|          3|
    |tmp_129_reg_2308                                                    |   6|   0|    9|          3|
    |tmp_131_reg_2315                                                    |   9|   0|   12|          3|
    |tmp_132_reg_2320                                                    |   9|   0|   12|          3|
    |tmp_133_reg_2325                                                    |   9|   0|   12|          3|
    |tmp_134_reg_2330                                                    |   9|   0|   12|          3|
    |tmp_135_reg_2335                                                    |   9|   0|   12|          3|
    |tmp_136_reg_2340                                                    |   9|   0|   12|          3|
    |tmp_137_reg_2369                                                    |   9|   0|   12|          3|
    |tmp_138_reg_2382                                                    |   9|   0|   12|          3|
    |tmp_139_reg_2395                                                    |   9|   0|   12|          3|
    |tmp_140_reg_2408                                                    |   9|   0|   12|          3|
    |tmp_144_reg_2431                                                    |   9|   0|   12|          3|
    |tmp_145_reg_2436                                                    |   9|   0|   12|          3|
    |tmp_146_reg_2441                                                    |   9|   0|   12|          3|
    |tmp_147_reg_2446                                                    |   9|   0|   12|          3|
    |tmp_148_reg_2451                                                    |   9|   0|   12|          3|
    |tmp_149_reg_2456                                                    |   9|   0|   12|          3|
    |tmp_s_reg_2200                                                      |   6|   0|    9|          3|
    |trunc_ln251_2_reg_2364                                              |   1|   0|    1|          0|
    |trunc_ln251_reg_2359                                                |   1|   0|    1|          0|
    +--------------------------------------------------------------------+----+----+-----+-----------+
    |Total                                                               |1305|   0| 1623|        318|
    +--------------------------------------------------------------------+----+----+-----+-----------+



================================================================
== Interface
================================================================
* Summary: 
+---------------------------+-----+-----+------------+-------------------------+--------------+
|         RTL Ports         | Dir | Bits|  Protocol  |      Source Object      |    C Type    |
+---------------------------+-----+-----+------------+-------------------------+--------------+
|ap_clk                     |   in|    1|  ap_ctrl_hs|            insert_point2|  return value|
|ap_rst                     |   in|    1|  ap_ctrl_hs|            insert_point2|  return value|
|ap_start                   |   in|    1|  ap_ctrl_hs|            insert_point2|  return value|
|ap_done                    |  out|    1|  ap_ctrl_hs|            insert_point2|  return value|
|ap_idle                    |  out|    1|  ap_ctrl_hs|            insert_point2|  return value|
|ap_ready                   |  out|    1|  ap_ctrl_hs|            insert_point2|  return value|
|ap_return                  |  out|    8|  ap_ctrl_hs|            insert_point2|  return value|
|regions_min_0_address0     |  out|   12|   ap_memory|            regions_min_0|         array|
|regions_min_0_ce0          |  out|    1|   ap_memory|            regions_min_0|         array|
|regions_min_0_we0          |  out|    1|   ap_memory|            regions_min_0|         array|
|regions_min_0_d0           |  out|   32|   ap_memory|            regions_min_0|         array|
|regions_min_0_q0           |   in|   32|   ap_memory|            regions_min_0|         array|
|regions_min_0_address1     |  out|   12|   ap_memory|            regions_min_0|         array|
|regions_min_0_ce1          |  out|    1|   ap_memory|            regions_min_0|         array|
|regions_min_0_we1          |  out|    1|   ap_memory|            regions_min_0|         array|
|regions_min_0_d1           |  out|   32|   ap_memory|            regions_min_0|         array|
|regions_min_0_q1           |   in|   32|   ap_memory|            regions_min_0|         array|
|regions_min_0_offset       |   in|    6|     ap_none|     regions_min_0_offset|        scalar|
|regions_min_1_address0     |  out|   12|   ap_memory|            regions_min_1|         array|
|regions_min_1_ce0          |  out|    1|   ap_memory|            regions_min_1|         array|
|regions_min_1_we0          |  out|    1|   ap_memory|            regions_min_1|         array|
|regions_min_1_d0           |  out|   32|   ap_memory|            regions_min_1|         array|
|regions_min_1_q0           |   in|   32|   ap_memory|            regions_min_1|         array|
|regions_min_1_address1     |  out|   12|   ap_memory|            regions_min_1|         array|
|regions_min_1_ce1          |  out|    1|   ap_memory|            regions_min_1|         array|
|regions_min_1_we1          |  out|    1|   ap_memory|            regions_min_1|         array|
|regions_min_1_d1           |  out|   32|   ap_memory|            regions_min_1|         array|
|regions_min_1_q1           |   in|   32|   ap_memory|            regions_min_1|         array|
|regions_min_1_offset       |   in|    6|     ap_none|     regions_min_1_offset|        scalar|
|regions_max_0_address0     |  out|   12|   ap_memory|            regions_max_0|         array|
|regions_max_0_ce0          |  out|    1|   ap_memory|            regions_max_0|         array|
|regions_max_0_we0          |  out|    1|   ap_memory|            regions_max_0|         array|
|regions_max_0_d0           |  out|   32|   ap_memory|            regions_max_0|         array|
|regions_max_0_q0           |   in|   32|   ap_memory|            regions_max_0|         array|
|regions_max_0_address1     |  out|   12|   ap_memory|            regions_max_0|         array|
|regions_max_0_ce1          |  out|    1|   ap_memory|            regions_max_0|         array|
|regions_max_0_we1          |  out|    1|   ap_memory|            regions_max_0|         array|
|regions_max_0_d1           |  out|   32|   ap_memory|            regions_max_0|         array|
|regions_max_0_q1           |   in|   32|   ap_memory|            regions_max_0|         array|
|regions_max_0_offset       |   in|    6|     ap_none|     regions_max_0_offset|        scalar|
|regions_max_1_address0     |  out|   12|   ap_memory|            regions_max_1|         array|
|regions_max_1_ce0          |  out|    1|   ap_memory|            regions_max_1|         array|
|regions_max_1_we0          |  out|    1|   ap_memory|            regions_max_1|         array|
|regions_max_1_d0           |  out|   32|   ap_memory|            regions_max_1|         array|
|regions_max_1_q0           |   in|   32|   ap_memory|            regions_max_1|         array|
|regions_max_1_address1     |  out|   12|   ap_memory|            regions_max_1|         array|
|regions_max_1_ce1          |  out|    1|   ap_memory|            regions_max_1|         array|
|regions_max_1_we1          |  out|    1|   ap_memory|            regions_max_1|         array|
|regions_max_1_d1           |  out|   32|   ap_memory|            regions_max_1|         array|
|regions_max_1_q1           |   in|   32|   ap_memory|            regions_max_1|         array|
|regions_max_1_offset       |   in|    6|     ap_none|     regions_max_1_offset|        scalar|
|regions_center_0_address0  |  out|   12|   ap_memory|         regions_center_0|         array|
|regions_center_0_ce0       |  out|    1|   ap_memory|         regions_center_0|         array|
|regions_center_0_we0       |  out|    1|   ap_memory|         regions_center_0|         array|
|regions_center_0_d0        |  out|   32|   ap_memory|         regions_center_0|         array|
|regions_center_0_q0        |   in|   32|   ap_memory|         regions_center_0|         array|
|regions_center_0_address1  |  out|   12|   ap_memory|         regions_center_0|         array|
|regions_center_0_ce1       |  out|    1|   ap_memory|         regions_center_0|         array|
|regions_center_0_we1       |  out|    1|   ap_memory|         regions_center_0|         array|
|regions_center_0_d1        |  out|   32|   ap_memory|         regions_center_0|         array|
|regions_center_0_q1        |   in|   32|   ap_memory|         regions_center_0|         array|
|regions_center_0_offset    |   in|    6|     ap_none|  regions_center_0_offset|        scalar|
|regions_center_1_address0  |  out|   12|   ap_memory|         regions_center_1|         array|
|regions_center_1_ce0       |  out|    1|   ap_memory|         regions_center_1|         array|
|regions_center_1_we0       |  out|    1|   ap_memory|         regions_center_1|         array|
|regions_center_1_d0        |  out|   32|   ap_memory|         regions_center_1|         array|
|regions_center_1_q0        |   in|   32|   ap_memory|         regions_center_1|         array|
|regions_center_1_address1  |  out|   12|   ap_memory|         regions_center_1|         array|
|regions_center_1_ce1       |  out|    1|   ap_memory|         regions_center_1|         array|
|regions_center_1_we1       |  out|    1|   ap_memory|         regions_center_1|         array|
|regions_center_1_d1        |  out|   32|   ap_memory|         regions_center_1|         array|
|regions_center_1_q1        |   in|   32|   ap_memory|         regions_center_1|         array|
|regions_center_1_offset    |   in|    6|     ap_none|  regions_center_1_offset|        scalar|
|n_regions_V_read_2         |   in|    8|     ap_none|       n_regions_V_read_2|        scalar|
|n_regions_V_read           |   in|    8|     ap_none|         n_regions_V_read|        scalar|
|p_read1                    |   in|   32|     ap_none|                  p_read1|        scalar|
|p_read2                    |   in|   32|     ap_none|                  p_read2|        scalar|
|p_read3                    |   in|   32|     ap_none|                  p_read3|        scalar|
|p_read4                    |   in|   32|     ap_none|                  p_read4|        scalar|
|p_read5                    |   in|   32|     ap_none|                  p_read5|        scalar|
|p_read6                    |   in|   32|     ap_none|                  p_read6|        scalar|
|p_read7                    |   in|   32|     ap_none|                  p_read7|        scalar|
|p_read8                    |   in|   32|     ap_none|                  p_read8|        scalar|
+---------------------------+-----+-----+------------+-------------------------+--------------+

