

================================================================
== Vitis HLS Report for 'read_train'
================================================================
* Date:           Sun Oct  2 18:57:52 2022

* Version:        2022.1 (Build 3526262 on Mon Apr 18 15:47:01 MDT 2022)
* Project:        detector_solid
* Solution:       solution2 (Vitis Kernel Flow Target)
* Product family: zynq
* Target device:  xc7z020-clg484-1


================================================================
== Performance Estimates
================================================================
+ Timing: 
    * Summary: 
    +--------+----------+-----------+------------+
    |  Clock |  Target  | Estimated | Uncertainty|
    +--------+----------+-----------+------------+
    |ap_clk  |  18.00 ns|  13.140 ns|     4.86 ns|
    +--------+----------+-----------+------------+

+ Latency: 
    * Summary: 
    +---------+---------+-----------+----------+-----+-----+---------+
    |  Latency (cycles) |  Latency (absolute)  |  Interval | Pipeline|
    |   min   |   max   |    min    |    max   | min | max |   Type  |
    +---------+---------+-----------+----------+-----+-----+---------+
    |        1|       71|  18.000 ns|  1.278 us|    1|   71|       no|
    +---------+---------+-----------+----------+-----+-----+---------+

    + Detail: 
        * Instance: 
        N/A

        * Loop: 
        N/A



================================================================
== Utilization Estimates
================================================================
* Summary: 
+-----------------+---------+-----+--------+-------+-----+
|       Name      | BRAM_18K| DSP |   FF   |  LUT  | URAM|
+-----------------+---------+-----+--------+-------+-----+
|DSP              |        -|    -|       -|      -|    -|
|Expression       |        -|    -|       0|      4|    -|
|FIFO             |        -|    -|       -|      -|    -|
|Instance         |        -|    -|       -|      -|    -|
|Memory           |        -|    -|       -|      -|    -|
|Multiplexer      |        -|    -|       -|    381|    -|
|Register         |        -|    -|     369|      -|    -|
+-----------------+---------+-----+--------+-------+-----+
|Total            |        0|    0|     369|    385|    0|
+-----------------+---------+-----+--------+-------+-----+
|Available        |      280|  220|  106400|  53200|    0|
+-----------------+---------+-----+--------+-------+-----+
|Utilization (%)  |        0|    0|      ~0|     ~0|    0|
+-----------------+---------+-----+--------+-------+-----+

+ Detail: 
    * Instance: 
    N/A

    * DSP: 
    N/A

    * Memory: 
    N/A

    * FIFO: 
    N/A

    * Expression: 
    +--------------------+----------+----+---+----+------------+------------+
    |    Variable Name   | Operation| DSP| FF| LUT| Bitwidth P0| Bitwidth P1|
    +--------------------+----------+----+---+----+------------+------------+
    |ap_block_state1_io  |       and|   0|  0|   2|           1|           1|
    |ap_block_state1     |        or|   0|  0|   2|           1|           1|
    +--------------------+----------+----+---+----+------------+------------+
    |Total               |          |   0|  0|   4|           2|           2|
    +--------------------+----------+----+---+----+------------+------------+

    * Multiplexer: 
    +-------------------------+-----+-----------+-----+-----------+
    |           Name          | LUT | Input Size| Bits| Total Bits|
    +-------------------------+-----+-----------+-----+-----------+
    |ap_NS_fsm                |  345|         73|    1|         73|
    |ap_done                  |    9|          2|    1|          2|
    |copyInputAOV_in_c_blk_n  |    9|          2|    1|          2|
    |gmem_blk_n_AR            |    9|          2|    1|          2|
    |gmem_blk_n_R             |    9|          2|    1|          2|
    +-------------------------+-----+-----------+-----+-----------+
    |Total                    |  381|         81|    5|         81|
    +-------------------------+-----+-----------+-----+-----------+

    * Register: 
    +-------------------------------------+----+----+-----+-----------+
    |                 Name                | FF | LUT| Bits| Const Bits|
    +-------------------------------------+----+----+-----+-----------+
    |ap_CS_fsm                            |  72|   0|   72|          0|
    |ap_done_reg                          |   1|   0|    1|          0|
    |dest_command_write_assign7_reg_398   |   8|   0|    8|          0|
    |dest_taskId_V_write_assign5_reg_388  |   8|   0|    8|          0|
    |dest_uniId_V_write_assign6_reg_393   |  16|   0|   16|          0|
    |empty_reg_383                        |   8|   0|    8|          0|
    |tmp_1_reg_408                        |  32|   0|   32|          0|
    |tmp_2_reg_413                        |  32|   0|   32|          0|
    |tmp_3_reg_418                        |  32|   0|   32|          0|
    |tmp_4_reg_423                        |  32|   0|   32|          0|
    |tmp_5_reg_428                        |  32|   0|   32|          0|
    |tmp_6_reg_433                        |  32|   0|   32|          0|
    |tmp_7_reg_438                        |  32|   0|   32|          0|
    |tmp_s_reg_403                        |  32|   0|   32|          0|
    +-------------------------------------+----+----+-----+-----------+
    |Total                                | 369|   0|  369|          0|
    +-------------------------------------+----+----+-----+-----------+



================================================================
== Interface
================================================================
* Summary: 
+----------------------------------+-----+-----+------------+-------------------+--------------+
|             RTL Ports            | Dir | Bits|  Protocol  |   Source Object   |    C Type    |
+----------------------------------+-----+-----+------------+-------------------+--------------+
|ap_clk                            |   in|    1|  ap_ctrl_hs|         read_train|  return value|
|ap_rst                            |   in|    1|  ap_ctrl_hs|         read_train|  return value|
|ap_start                          |   in|    1|  ap_ctrl_hs|         read_train|  return value|
|ap_done                           |  out|    1|  ap_ctrl_hs|         read_train|  return value|
|ap_continue                       |   in|    1|  ap_ctrl_hs|         read_train|  return value|
|ap_idle                           |  out|    1|  ap_ctrl_hs|         read_train|  return value|
|ap_ready                          |  out|    1|  ap_ctrl_hs|         read_train|  return value|
|ap_return_0                       |  out|    8|  ap_ctrl_hs|         read_train|  return value|
|ap_return_1                       |  out|    8|  ap_ctrl_hs|         read_train|  return value|
|ap_return_2                       |  out|   16|  ap_ctrl_hs|         read_train|  return value|
|ap_return_3                       |  out|    8|  ap_ctrl_hs|         read_train|  return value|
|ap_return_4                       |  out|   32|  ap_ctrl_hs|         read_train|  return value|
|ap_return_5                       |  out|   32|  ap_ctrl_hs|         read_train|  return value|
|ap_return_6                       |  out|   32|  ap_ctrl_hs|         read_train|  return value|
|ap_return_7                       |  out|   32|  ap_ctrl_hs|         read_train|  return value|
|ap_return_8                       |  out|   32|  ap_ctrl_hs|         read_train|  return value|
|ap_return_9                       |  out|   32|  ap_ctrl_hs|         read_train|  return value|
|ap_return_10                      |  out|   32|  ap_ctrl_hs|         read_train|  return value|
|ap_return_11                      |  out|   32|  ap_ctrl_hs|         read_train|  return value|
|m_axi_gmem_AWVALID                |  out|    1|       m_axi|               gmem|       pointer|
|m_axi_gmem_AWREADY                |   in|    1|       m_axi|               gmem|       pointer|
|m_axi_gmem_AWADDR                 |  out|   64|       m_axi|               gmem|       pointer|
|m_axi_gmem_AWID                   |  out|    1|       m_axi|               gmem|       pointer|
|m_axi_gmem_AWLEN                  |  out|   32|       m_axi|               gmem|       pointer|
|m_axi_gmem_AWSIZE                 |  out|    3|       m_axi|               gmem|       pointer|
|m_axi_gmem_AWBURST                |  out|    2|       m_axi|               gmem|       pointer|
|m_axi_gmem_AWLOCK                 |  out|    2|       m_axi|               gmem|       pointer|
|m_axi_gmem_AWCACHE                |  out|    4|       m_axi|               gmem|       pointer|
|m_axi_gmem_AWPROT                 |  out|    3|       m_axi|               gmem|       pointer|
|m_axi_gmem_AWQOS                  |  out|    4|       m_axi|               gmem|       pointer|
|m_axi_gmem_AWREGION               |  out|    4|       m_axi|               gmem|       pointer|
|m_axi_gmem_AWUSER                 |  out|    1|       m_axi|               gmem|       pointer|
|m_axi_gmem_WVALID                 |  out|    1|       m_axi|               gmem|       pointer|
|m_axi_gmem_WREADY                 |   in|    1|       m_axi|               gmem|       pointer|
|m_axi_gmem_WDATA                  |  out|  512|       m_axi|               gmem|       pointer|
|m_axi_gmem_WSTRB                  |  out|   64|       m_axi|               gmem|       pointer|
|m_axi_gmem_WLAST                  |  out|    1|       m_axi|               gmem|       pointer|
|m_axi_gmem_WID                    |  out|    1|       m_axi|               gmem|       pointer|
|m_axi_gmem_WUSER                  |  out|    1|       m_axi|               gmem|       pointer|
|m_axi_gmem_ARVALID                |  out|    1|       m_axi|               gmem|       pointer|
|m_axi_gmem_ARREADY                |   in|    1|       m_axi|               gmem|       pointer|
|m_axi_gmem_ARADDR                 |  out|   64|       m_axi|               gmem|       pointer|
|m_axi_gmem_ARID                   |  out|    1|       m_axi|               gmem|       pointer|
|m_axi_gmem_ARLEN                  |  out|   32|       m_axi|               gmem|       pointer|
|m_axi_gmem_ARSIZE                 |  out|    3|       m_axi|               gmem|       pointer|
|m_axi_gmem_ARBURST                |  out|    2|       m_axi|               gmem|       pointer|
|m_axi_gmem_ARLOCK                 |  out|    2|       m_axi|               gmem|       pointer|
|m_axi_gmem_ARCACHE                |  out|    4|       m_axi|               gmem|       pointer|
|m_axi_gmem_ARPROT                 |  out|    3|       m_axi|               gmem|       pointer|
|m_axi_gmem_ARQOS                  |  out|    4|       m_axi|               gmem|       pointer|
|m_axi_gmem_ARREGION               |  out|    4|       m_axi|               gmem|       pointer|
|m_axi_gmem_ARUSER                 |  out|    1|       m_axi|               gmem|       pointer|
|m_axi_gmem_RVALID                 |   in|    1|       m_axi|               gmem|       pointer|
|m_axi_gmem_RREADY                 |  out|    1|       m_axi|               gmem|       pointer|
|m_axi_gmem_RDATA                  |   in|  512|       m_axi|               gmem|       pointer|
|m_axi_gmem_RLAST                  |   in|    1|       m_axi|               gmem|       pointer|
|m_axi_gmem_RID                    |   in|    1|       m_axi|               gmem|       pointer|
|m_axi_gmem_RFIFONUM               |   in|    9|       m_axi|               gmem|       pointer|
|m_axi_gmem_RUSER                  |   in|    1|       m_axi|               gmem|       pointer|
|m_axi_gmem_RRESP                  |   in|    2|       m_axi|               gmem|       pointer|
|m_axi_gmem_BVALID                 |   in|    1|       m_axi|               gmem|       pointer|
|m_axi_gmem_BREADY                 |  out|    1|       m_axi|               gmem|       pointer|
|m_axi_gmem_BRESP                  |   in|    2|       m_axi|               gmem|       pointer|
|m_axi_gmem_BID                    |   in|    1|       m_axi|               gmem|       pointer|
|m_axi_gmem_BUSER                  |   in|    1|       m_axi|               gmem|       pointer|
|inputAOV                          |   in|   64|     ap_none|           inputAOV|        scalar|
|copyInputAOV_read                 |   in|    1|     ap_none|  copyInputAOV_read|        scalar|
|copyInputAOV_in_c_din             |  out|    1|     ap_fifo|  copyInputAOV_in_c|       pointer|
|copyInputAOV_in_c_num_data_valid  |   in|    2|     ap_fifo|  copyInputAOV_in_c|       pointer|
|copyInputAOV_in_c_fifo_cap        |   in|    2|     ap_fifo|  copyInputAOV_in_c|       pointer|
|copyInputAOV_in_c_full_n          |   in|    1|     ap_fifo|  copyInputAOV_in_c|       pointer|
|copyInputAOV_in_c_write           |  out|    1|     ap_fifo|  copyInputAOV_in_c|       pointer|
+----------------------------------+-----+-----+------------+-------------------+--------------+

