

================================================================
== Vitis HLS Report for 'read_data'
================================================================
* Date:           Mon Oct 17 23:07:00 2022

* Version:        2022.1 (Build 3526262 on Mon Apr 18 15:47:01 MDT 2022)
* Project:        detector_solid
* Solution:       solution2 (Vitis Kernel Flow Target)
* Product family: zynq
* Target device:  xc7z020-clg484-1


================================================================
== Performance Estimates
================================================================
+ Timing: 
    * Summary: 
    +--------+----------+-----------+------------+
    |  Clock |  Target  | Estimated | Uncertainty|
    +--------+----------+-----------+------------+
    |ap_clk  |  18.00 ns|  13.140 ns|     4.86 ns|
    +--------+----------+-----------+------------+

+ Latency: 
    * Summary: 
    +---------+---------+-----------+----------+-----+-----+---------+
    |  Latency (cycles) |  Latency (absolute)  |  Interval | Pipeline|
    |   min   |   max   |    min    |    max   | min | max |   Type  |
    +---------+---------+-----------+----------+-----+-----+---------+
    |        2|       93|  36.000 ns|  1.674 us|    2|   93|       no|
    +---------+---------+-----------+----------+-----+-----+---------+

    + Detail: 
        * Instance: 
        N/A

        * Loop: 
        +----------+---------+---------+----------+-----------+-----------+------+----------+
        |          |  Latency (cycles) | Iteration|  Initiation Interval  | Trip |          |
        | Loop Name|   min   |   max   |  Latency |  achieved |   target  | Count| Pipelined|
        +----------+---------+---------+----------+-----------+-----------+------+----------+
        |- Loop 1  |       16|       16|         2|          -|          -|     8|        no|
        +----------+---------+---------+----------+-----------+-----------+------+----------+



================================================================
== Utilization Estimates
================================================================
* Summary: 
+-----------------+---------+-----+--------+-------+-----+
|       Name      | BRAM_18K| DSP |   FF   |  LUT  | URAM|
+-----------------+---------+-----+--------+-------+-----+
|DSP              |        -|    -|       -|      -|    -|
|Expression       |        -|    -|       0|    302|    -|
|FIFO             |        -|    -|       -|      -|    -|
|Instance         |        -|    -|       -|      -|    -|
|Memory           |        0|    -|      64|      4|    0|
|Multiplexer      |        -|    -|       -|    768|    -|
|Register         |        -|    -|    1262|      -|    -|
+-----------------+---------+-----+--------+-------+-----+
|Total            |        0|    0|    1326|   1074|    0|
+-----------------+---------+-----+--------+-------+-----+
|Available        |      280|  220|  106400|  53200|    0|
+-----------------+---------+-----+--------+-------+-----+
|Utilization (%)  |        0|    0|       1|      2|    0|
+-----------------+---------+-----+--------+-------+-----+

+ Detail: 
    * Instance: 
    N/A

    * DSP: 
    N/A

    * Memory: 
    +------------+----------------------------------+---------+----+----+-----+------+-----+------+-------------+
    |   Memory   |              Module              | BRAM_18K| FF | LUT| URAM| Words| Bits| Banks| W*Bits*Banks|
    +------------+----------------------------------+---------+----+----+-----+------+-----+------+-------------+
    |dest_AOV_U  |read_data_dest_AOV_RAM_AUTO_1R1W  |        0|  64|   4|    0|     8|   32|     1|          256|
    +------------+----------------------------------+---------+----+----+-----+------+-----+------+-------------+
    |Total       |                                  |        0|  64|   4|    0|     8|   32|     1|          256|
    +------------+----------------------------------+---------+----+----+-----+------+-----+------+-------------+

    * FIFO: 
    N/A

    * Expression: 
    +---------------------------+----------+----+---+----+------------+------------+
    |       Variable Name       | Operation| DSP| FF| LUT| Bitwidth P0| Bitwidth P1|
    +---------------------------+----------+----+---+----+------------+------------+
    |empty_61_fu_950_p2         |         +|   0|  0|  13|           4|           1|
    |ap_block_state2_io         |       and|   0|  0|   2|           1|           1|
    |exitcond1_fu_944_p2        |      icmp|   0|  0|   9|           4|           5|
    |icmp_ln479_fu_655_p2       |      icmp|   0|  0|  11|           8|           1|
    |icmp_ln486_fu_814_p2       |      icmp|   0|  0|  11|           8|           1|
    |select_ln495_1_fu_1051_p3  |    select|   0|  0|  32|           1|          32|
    |select_ln495_2_fu_1058_p3  |    select|   0|  0|  32|           1|          32|
    |select_ln495_3_fu_1065_p3  |    select|   0|  0|  32|           1|          32|
    |select_ln495_4_fu_1072_p3  |    select|   0|  0|  32|           1|          32|
    |select_ln495_5_fu_1079_p3  |    select|   0|  0|  32|           1|          32|
    |select_ln495_6_fu_1086_p3  |    select|   0|  0|  32|           1|          32|
    |select_ln495_7_fu_1093_p3  |    select|   0|  0|  32|           1|          32|
    |select_ln495_fu_1044_p3    |    select|   0|  0|  32|           1|          32|
    +---------------------------+----------+----+---+----+------------+------------+
    |Total                      |          |   0|  0| 302|          33|         265|
    +---------------------------+----------+----+---+----+------------+------------+

    * Multiplexer: 
    +------------------------+-----+-----------+-----+-----------+
    |          Name          | LUT | Input Size| Bits| Total Bits|
    +------------------------+-----+-----------+-----+-----------+
    |ap_NS_fsm               |  401|         80|    1|         80|
    |ap_return_0             |    9|          2|    1|          2|
    |ap_return_1             |    9|          2|    8|         16|
    |ap_return_10            |    9|          2|   32|         64|
    |ap_return_11            |    9|          2|   32|         64|
    |ap_return_12            |    9|          2|   32|         64|
    |ap_return_2             |    9|          2|    8|         16|
    |ap_return_3             |    9|          2|    8|         16|
    |ap_return_4             |    9|          2|   16|         32|
    |ap_return_5             |    9|          2|   32|         64|
    |ap_return_6             |    9|          2|   32|         64|
    |ap_return_7             |    9|          2|   32|         64|
    |ap_return_8             |    9|          2|   32|         64|
    |ap_return_9             |    9|          2|   32|         64|
    |data_in_vld_o           |    9|          2|    8|         16|
    |dest_AOV_address0       |   31|          6|    3|         18|
    |dest_AOV_address1       |   25|          5|    3|         15|
    |dest_AOV_d0             |   25|          5|   32|        160|
    |dest_AOV_d1             |   25|          5|   32|        160|
    |gmem_blk_n_AR           |    9|          2|    1|          2|
    |gmem_blk_n_R            |    9|          2|    1|          2|
    |loop_index_fu_178       |    9|          2|    4|          8|
    |phi_ln495_1_reg_516     |    9|          2|    8|         16|
    |phi_ln495_2_reg_569     |    9|          2|    8|         16|
    |phi_ln495_3_reg_622     |    9|          2|    8|         16|
    |phi_ln495_reg_463       |    9|          2|   16|         32|
    |write_flag12_2_reg_430  |    9|          2|    1|          2|
    |write_flag15_2_reg_452  |    9|          2|    1|          2|
    |write_flag18_2_reg_483  |    9|          2|    1|          2|
    |write_flag21_2_reg_505  |    9|          2|    1|          2|
    |write_flag24_2_reg_536  |    9|          2|    1|          2|
    |write_flag27_2_reg_558  |    9|          2|    1|          2|
    |write_flag30_2_reg_589  |    9|          2|    1|          2|
    |write_flag33_2_reg_611  |    9|          2|    1|          2|
    +------------------------+-----+-----------+-----+-----------+
    |Total                   |  768|        159|  430|       1151|
    +------------------------+-----+-----------+-----+-----------+

    * Register: 
    +------------------------+----+----+-----+-----------+
    |          Name          | FF | LUT| Bits| Const Bits|
    +------------------------+----+----+-----+-----------+
    |AOV_0_022_fu_238        |  32|   0|   32|          0|
    |AOV_0_2_reg_441         |  32|   0|   32|          0|
    |AOV_1_021_fu_230        |  32|   0|   32|          0|
    |AOV_1_2_reg_472         |  32|   0|   32|          0|
    |AOV_2_019_fu_222        |  32|   0|   32|          0|
    |AOV_2_2_reg_494         |  32|   0|   32|          0|
    |AOV_3_018_fu_214        |  32|   0|   32|          0|
    |AOV_3_2_reg_525         |  32|   0|   32|          0|
    |AOV_4_016_fu_206        |  32|   0|   32|          0|
    |AOV_4_2_reg_547         |  32|   0|   32|          0|
    |AOV_5_015_fu_198        |  32|   0|   32|          0|
    |AOV_5_2_reg_578         |  32|   0|   32|          0|
    |AOV_6_013_fu_190        |  32|   0|   32|          0|
    |AOV_6_2_reg_600         |  32|   0|   32|          0|
    |AOV_7_012_fu_182        |  32|   0|   32|          0|
    |AOV_7_2_reg_631         |  32|   0|   32|          0|
    |ap_CS_fsm               |  79|   0|   79|          0|
    |ap_return_0_preg        |   1|   0|    1|          0|
    |ap_return_10_preg       |  32|   0|   32|          0|
    |ap_return_11_preg       |  32|   0|   32|          0|
    |ap_return_12_preg       |  32|   0|   32|          0|
    |ap_return_1_preg        |   8|   0|    8|          0|
    |ap_return_2_preg        |   8|   0|    8|          0|
    |ap_return_3_preg        |   8|   0|    8|          0|
    |ap_return_4_preg        |  16|   0|   16|          0|
    |ap_return_5_preg        |  32|   0|   32|          0|
    |ap_return_6_preg        |  32|   0|   32|          0|
    |ap_return_7_preg        |  32|   0|   32|          0|
    |ap_return_8_preg        |  32|   0|   32|          0|
    |ap_return_9_preg        |  32|   0|   32|          0|
    |empty_60_reg_1288       |   8|   0|    8|          0|
    |empty_61_reg_1511       |   4|   0|    4|          0|
    |empty_62_reg_1521       |   3|   0|    3|          0|
    |executionId_reg_1298    |   8|   0|    8|          0|
    |icmp_ln479_reg_1178     |   1|   0|    1|          0|
    |icmp_ln486_reg_1313     |   1|   0|    1|          0|
    |loop_index_fu_178       |   4|   0|    4|          0|
    |phi_ln495_1_reg_516     |   8|   0|    8|          0|
    |phi_ln495_2_reg_569     |   8|   0|    8|          0|
    |phi_ln495_3_reg_622     |   8|   0|    8|          0|
    |phi_ln495_reg_463       |  16|   0|   16|          0|
    |retval_0_reg_642        |   1|   0|    1|          0|
    |taskId_reg_1293         |   8|   0|    8|          0|
    |tmp_67_reg_1258         |  32|   0|   32|          0|
    |tmp_68_reg_1263         |  32|   0|   32|          0|
    |tmp_69_reg_1268         |  32|   0|   32|          0|
    |tmp_70_reg_1273         |  32|   0|   32|          0|
    |tmp_71_reg_1278         |  32|   0|   32|          0|
    |tmp_72_reg_1283         |  32|   0|   32|          0|
    |tmp_73_reg_1308         |   8|   0|    8|          0|
    |tmp_reg_1248            |  32|   0|   32|          0|
    |tmp_s_reg_1253          |  32|   0|   32|          0|
    |uniId_reg_1303          |  16|   0|   16|          0|
    |write_flag12_0_fu_242   |   1|   0|    1|          0|
    |write_flag12_2_reg_430  |   1|   0|    1|          0|
    |write_flag15_0_fu_234   |   1|   0|    1|          0|
    |write_flag15_2_reg_452  |   1|   0|    1|          0|
    |write_flag18_0_fu_226   |   1|   0|    1|          0|
    |write_flag18_2_reg_483  |   1|   0|    1|          0|
    |write_flag21_0_fu_218   |   1|   0|    1|          0|
    |write_flag21_2_reg_505  |   1|   0|    1|          0|
    |write_flag24_0_fu_210   |   1|   0|    1|          0|
    |write_flag24_2_reg_536  |   1|   0|    1|          0|
    |write_flag27_0_fu_202   |   1|   0|    1|          0|
    |write_flag27_2_reg_558  |   1|   0|    1|          0|
    |write_flag30_0_fu_194   |   1|   0|    1|          0|
    |write_flag30_2_reg_589  |   1|   0|    1|          0|
    |write_flag33_0_fu_186   |   1|   0|    1|          0|
    |write_flag33_2_reg_611  |   1|   0|    1|          0|
    +------------------------+----+----+-----+-----------+
    |Total                   |1262|   0| 1262|          0|
    +------------------------+----+----+-----+-----------+



================================================================
== Interface
================================================================
* Summary: 
+----------------------+-----+-----+------------+--------------+--------------+
|       RTL Ports      | Dir | Bits|  Protocol  | Source Object|    C Type    |
+----------------------+-----+-----+------------+--------------+--------------+
|ap_clk                |   in|    1|  ap_ctrl_hs|     read_data|  return value|
|ap_rst                |   in|    1|  ap_ctrl_hs|     read_data|  return value|
|ap_start              |   in|    1|  ap_ctrl_hs|     read_data|  return value|
|ap_done               |  out|    1|  ap_ctrl_hs|     read_data|  return value|
|ap_idle               |  out|    1|  ap_ctrl_hs|     read_data|  return value|
|ap_ready              |  out|    1|  ap_ctrl_hs|     read_data|  return value|
|ap_return_0           |  out|    1|  ap_ctrl_hs|     read_data|  return value|
|ap_return_1           |  out|    8|  ap_ctrl_hs|     read_data|  return value|
|ap_return_2           |  out|    8|  ap_ctrl_hs|     read_data|  return value|
|ap_return_3           |  out|    8|  ap_ctrl_hs|     read_data|  return value|
|ap_return_4           |  out|   16|  ap_ctrl_hs|     read_data|  return value|
|ap_return_5           |  out|   32|  ap_ctrl_hs|     read_data|  return value|
|ap_return_6           |  out|   32|  ap_ctrl_hs|     read_data|  return value|
|ap_return_7           |  out|   32|  ap_ctrl_hs|     read_data|  return value|
|ap_return_8           |  out|   32|  ap_ctrl_hs|     read_data|  return value|
|ap_return_9           |  out|   32|  ap_ctrl_hs|     read_data|  return value|
|ap_return_10          |  out|   32|  ap_ctrl_hs|     read_data|  return value|
|ap_return_11          |  out|   32|  ap_ctrl_hs|     read_data|  return value|
|ap_return_12          |  out|   32|  ap_ctrl_hs|     read_data|  return value|
|data_in_vld_i         |   in|    8|     ap_ovld|   data_in_vld|       pointer|
|data_in_vld_o         |  out|    8|     ap_ovld|   data_in_vld|       pointer|
|data_in_vld_o_ap_vld  |  out|    1|     ap_ovld|   data_in_vld|       pointer|
|p_read                |   in|    8|     ap_none|        p_read|        scalar|
|p_read1               |   in|    8|     ap_none|       p_read1|        scalar|
|p_read2               |   in|    8|     ap_none|       p_read2|        scalar|
|p_read3               |   in|   16|     ap_none|       p_read3|        scalar|
|p_read4               |   in|   32|     ap_none|       p_read4|        scalar|
|p_read5               |   in|   32|     ap_none|       p_read5|        scalar|
|p_read6               |   in|   32|     ap_none|       p_read6|        scalar|
|p_read7               |   in|   32|     ap_none|       p_read7|        scalar|
|p_read8               |   in|   32|     ap_none|       p_read8|        scalar|
|p_read9               |   in|   32|     ap_none|       p_read9|        scalar|
|p_read10              |   in|   32|     ap_none|      p_read10|        scalar|
|p_read11              |   in|   32|     ap_none|      p_read11|        scalar|
|m_axi_gmem_AWVALID    |  out|    1|       m_axi|          gmem|       pointer|
|m_axi_gmem_AWREADY    |   in|    1|       m_axi|          gmem|       pointer|
|m_axi_gmem_AWADDR     |  out|   64|       m_axi|          gmem|       pointer|
|m_axi_gmem_AWID       |  out|    1|       m_axi|          gmem|       pointer|
|m_axi_gmem_AWLEN      |  out|   32|       m_axi|          gmem|       pointer|
|m_axi_gmem_AWSIZE     |  out|    3|       m_axi|          gmem|       pointer|
|m_axi_gmem_AWBURST    |  out|    2|       m_axi|          gmem|       pointer|
|m_axi_gmem_AWLOCK     |  out|    2|       m_axi|          gmem|       pointer|
|m_axi_gmem_AWCACHE    |  out|    4|       m_axi|          gmem|       pointer|
|m_axi_gmem_AWPROT     |  out|    3|       m_axi|          gmem|       pointer|
|m_axi_gmem_AWQOS      |  out|    4|       m_axi|          gmem|       pointer|
|m_axi_gmem_AWREGION   |  out|    4|       m_axi|          gmem|       pointer|
|m_axi_gmem_AWUSER     |  out|    1|       m_axi|          gmem|       pointer|
|m_axi_gmem_WVALID     |  out|    1|       m_axi|          gmem|       pointer|
|m_axi_gmem_WREADY     |   in|    1|       m_axi|          gmem|       pointer|
|m_axi_gmem_WDATA      |  out|  512|       m_axi|          gmem|       pointer|
|m_axi_gmem_WSTRB      |  out|   64|       m_axi|          gmem|       pointer|
|m_axi_gmem_WLAST      |  out|    1|       m_axi|          gmem|       pointer|
|m_axi_gmem_WID        |  out|    1|       m_axi|          gmem|       pointer|
|m_axi_gmem_WUSER      |  out|    1|       m_axi|          gmem|       pointer|
|m_axi_gmem_ARVALID    |  out|    1|       m_axi|          gmem|       pointer|
|m_axi_gmem_ARREADY    |   in|    1|       m_axi|          gmem|       pointer|
|m_axi_gmem_ARADDR     |  out|   64|       m_axi|          gmem|       pointer|
|m_axi_gmem_ARID       |  out|    1|       m_axi|          gmem|       pointer|
|m_axi_gmem_ARLEN      |  out|   32|       m_axi|          gmem|       pointer|
|m_axi_gmem_ARSIZE     |  out|    3|       m_axi|          gmem|       pointer|
|m_axi_gmem_ARBURST    |  out|    2|       m_axi|          gmem|       pointer|
|m_axi_gmem_ARLOCK     |  out|    2|       m_axi|          gmem|       pointer|
|m_axi_gmem_ARCACHE    |  out|    4|       m_axi|          gmem|       pointer|
|m_axi_gmem_ARPROT     |  out|    3|       m_axi|          gmem|       pointer|
|m_axi_gmem_ARQOS      |  out|    4|       m_axi|          gmem|       pointer|
|m_axi_gmem_ARREGION   |  out|    4|       m_axi|          gmem|       pointer|
|m_axi_gmem_ARUSER     |  out|    1|       m_axi|          gmem|       pointer|
|m_axi_gmem_RVALID     |   in|    1|       m_axi|          gmem|       pointer|
|m_axi_gmem_RREADY     |  out|    1|       m_axi|          gmem|       pointer|
|m_axi_gmem_RDATA      |   in|  512|       m_axi|          gmem|       pointer|
|m_axi_gmem_RLAST      |   in|    1|       m_axi|          gmem|       pointer|
|m_axi_gmem_RID        |   in|    1|       m_axi|          gmem|       pointer|
|m_axi_gmem_RFIFONUM   |   in|    9|       m_axi|          gmem|       pointer|
|m_axi_gmem_RUSER      |   in|    1|       m_axi|          gmem|       pointer|
|m_axi_gmem_RRESP      |   in|    2|       m_axi|          gmem|       pointer|
|m_axi_gmem_BVALID     |   in|    1|       m_axi|          gmem|       pointer|
|m_axi_gmem_BREADY     |  out|    1|       m_axi|          gmem|       pointer|
|m_axi_gmem_BRESP      |   in|    2|       m_axi|          gmem|       pointer|
|m_axi_gmem_BID        |   in|    1|       m_axi|          gmem|       pointer|
|m_axi_gmem_BUSER      |   in|    1|       m_axi|          gmem|       pointer|
|inputAOV              |   in|   64|     ap_none|      inputAOV|        scalar|
+----------------------+-----+-----+------------+--------------+--------------+

