

================================================================
== Vitis HLS Report for 'read_data_1'
================================================================
* Date:           Mon Oct 17 15:15:04 2022

* Version:        2022.1 (Build 3526262 on Mon Apr 18 15:47:01 MDT 2022)
* Project:        detector_solid
* Solution:       solution2 (Vitis Kernel Flow Target)
* Product family: zynq
* Target device:  xc7z020-clg484-1


================================================================
== Performance Estimates
================================================================
+ Timing: 
    * Summary: 
    +--------+----------+-----------+------------+
    |  Clock |  Target  | Estimated | Uncertainty|
    +--------+----------+-----------+------------+
    |ap_clk  |  18.00 ns|  13.140 ns|     4.86 ns|
    +--------+----------+-----------+------------+

+ Latency: 
    * Summary: 
    +---------+---------+----------+----------+-----+-----+---------+
    |  Latency (cycles) |  Latency (absolute) |  Interval | Pipeline|
    |   min   |   max   |    min   |    max   | min | max |   Type  |
    +---------+---------+----------+----------+-----+-----+---------+
    |       87|       87|  1.566 us|  1.566 us|   87|   87|       no|
    +---------+---------+----------+----------+-----+-----+---------+

    + Detail: 
        * Instance: 
        +-----------------------------------+------------------------+---------+---------+----------+----------+-----+-----+---------+
        |                                   |                        |  Latency (cycles) |  Latency (absolute) |  Interval | Pipeline|
        |              Instance             |         Module         |   min   |   max   |    min   |    max   | min | max |   Type  |
        +-----------------------------------+------------------------+---------+---------+----------+----------+-----+-----+---------+
        |grp_read_data_1_Pipeline_1_fu_245  |read_data_1_Pipeline_1  |       10|       10|  0.180 us|  0.180 us|   10|   10|       no|
        +-----------------------------------+------------------------+---------+---------+----------+----------+-----+-----+---------+

        * Loop: 
        N/A



================================================================
== Utilization Estimates
================================================================
* Summary: 
+-----------------+---------+-----+--------+-------+-----+
|       Name      | BRAM_18K| DSP |   FF   |  LUT  | URAM|
+-----------------+---------+-----+--------+-------+-----+
|DSP              |        -|    -|       -|      -|    -|
|Expression       |        -|    -|       0|      2|    -|
|FIFO             |        -|    -|       -|      -|    -|
|Instance         |        -|    -|     266|     60|    -|
|Memory           |        0|    -|      64|      4|    0|
|Multiplexer      |        -|    -|       -|    540|    -|
|Register         |        -|    -|     376|      -|    -|
+-----------------+---------+-----+--------+-------+-----+
|Total            |        0|    0|     706|    606|    0|
+-----------------+---------+-----+--------+-------+-----+
|Available        |      280|  220|  106400|  53200|    0|
+-----------------+---------+-----+--------+-------+-----+
|Utilization (%)  |        0|    0|      ~0|      1|    0|
+-----------------+---------+-----+--------+-------+-----+

+ Detail: 
    * Instance: 
    +-----------------------------------+------------------------+---------+----+-----+----+-----+
    |              Instance             |         Module         | BRAM_18K| DSP|  FF | LUT| URAM|
    +-----------------------------------+------------------------+---------+----+-----+----+-----+
    |grp_read_data_1_Pipeline_1_fu_245  |read_data_1_Pipeline_1  |        0|   0|  266|  60|    0|
    +-----------------------------------+------------------------+---------+----+-----+----+-----+
    |Total                              |                        |        0|   0|  266|  60|    0|
    +-----------------------------------+------------------------+---------+----+-----+----+-----+

    * DSP: 
    N/A

    * Memory: 
    +------------+----------------------------------+---------+----+----+-----+------+-----+------+-------------+
    |   Memory   |              Module              | BRAM_18K| FF | LUT| URAM| Words| Bits| Banks| W*Bits*Banks|
    +------------+----------------------------------+---------+----+----+-----+------+-----+------+-------------+
    |dest_AOV_U  |read_data_dest_AOV_RAM_AUTO_1R1W  |        0|  64|   4|    0|     8|   32|     1|          256|
    +------------+----------------------------------+---------+----+----+-----+------+-----+------+-------------+
    |Total       |                                  |        0|  64|   4|    0|     8|   32|     1|          256|
    +------------+----------------------------------+---------+----+----+-----+------+-----+------+-------------+

    * FIFO: 
    N/A

    * Expression: 
    +-----------------+----------+----+---+----+------------+------------+
    |  Variable Name  | Operation| DSP| FF| LUT| Bitwidth P0| Bitwidth P1|
    +-----------------+----------+----+---+----+------------+------------+
    |ap_block_state1  |        or|   0|  0|   2|           1|           1|
    +-----------------+----------+----+---+----+------------+------------+
    |Total            |          |   0|  0|   2|           1|           1|
    +-----------------+----------+----+---+----+------------+------------+

    * Multiplexer: 
    +-------------------+-----+-----------+-----+-----------+
    |        Name       | LUT | Input Size| Bits| Total Bits|
    +-------------------+-----+-----------+-----+-----------+
    |ap_NS_fsm          |  393|         79|    1|         79|
    |ap_done            |    9|          2|    1|          2|
    |dest_AOV_address0  |   31|          6|    3|         18|
    |dest_AOV_address1  |   25|          5|    3|         15|
    |dest_AOV_ce0       |   14|          3|    1|          3|
    |dest_AOV_d0        |   25|          5|   32|        160|
    |dest_AOV_d1        |   25|          5|   32|        160|
    |gmem_blk_n_AR      |    9|          2|    1|          2|
    |gmem_blk_n_R       |    9|          2|    1|          2|
    +-------------------+-----+-----------+-----+-----------+
    |Total              |  540|        109|   75|        441|
    +-------------------+-----+-----------+-----+-----------+

    * Register: 
    +------------------------------------------------+----+----+-----+-----------+
    |                      Name                      | FF | LUT| Bits| Const Bits|
    +------------------------------------------------+----+----+-----+-----------+
    |ap_CS_fsm                                       |  78|   0|   78|          0|
    |ap_done_reg                                     |   1|   0|    1|          0|
    |empty_203_reg_611                               |   8|   0|    8|          0|
    |executionId_V_write_assign_reg_621              |   8|   0|    8|          0|
    |grp_read_data_1_Pipeline_1_fu_245_ap_start_reg  |   1|   0|    1|          0|
    |taskId_V_write_assign_reg_616                   |   8|   0|    8|          0|
    |tmp_49_reg_581                                  |  32|   0|   32|          0|
    |tmp_50_reg_586                                  |  32|   0|   32|          0|
    |tmp_51_reg_591                                  |  32|   0|   32|          0|
    |tmp_52_reg_596                                  |  32|   0|   32|          0|
    |tmp_53_reg_601                                  |  32|   0|   32|          0|
    |tmp_54_reg_606                                  |  32|   0|   32|          0|
    |tmp_reg_571                                     |  32|   0|   32|          0|
    |tmp_s_reg_576                                   |  32|   0|   32|          0|
    |uniId_V_write_assign_reg_626                    |  16|   0|   16|          0|
    +------------------------------------------------+----+----+-----+-----------+
    |Total                                           | 376|   0|  376|          0|
    +------------------------------------------------+----+----+-----+-----------+



================================================================
== Interface
================================================================
* Summary: 
+---------------------+-----+-----+------------+--------------+--------------+
|      RTL Ports      | Dir | Bits|  Protocol  | Source Object|    C Type    |
+---------------------+-----+-----+------------+--------------+--------------+
|ap_clk               |   in|    1|  ap_ctrl_hs|   read_data.1|  return value|
|ap_rst               |   in|    1|  ap_ctrl_hs|   read_data.1|  return value|
|ap_start             |   in|    1|  ap_ctrl_hs|   read_data.1|  return value|
|ap_done              |  out|    1|  ap_ctrl_hs|   read_data.1|  return value|
|ap_continue          |   in|    1|  ap_ctrl_hs|   read_data.1|  return value|
|ap_idle              |  out|    1|  ap_ctrl_hs|   read_data.1|  return value|
|ap_ready             |  out|    1|  ap_ctrl_hs|   read_data.1|  return value|
|ap_return_0          |  out|    8|  ap_ctrl_hs|   read_data.1|  return value|
|ap_return_1          |  out|    8|  ap_ctrl_hs|   read_data.1|  return value|
|ap_return_2          |  out|    8|  ap_ctrl_hs|   read_data.1|  return value|
|ap_return_3          |  out|   16|  ap_ctrl_hs|   read_data.1|  return value|
|ap_return_4          |  out|   32|  ap_ctrl_hs|   read_data.1|  return value|
|ap_return_5          |  out|   32|  ap_ctrl_hs|   read_data.1|  return value|
|ap_return_6          |  out|   32|  ap_ctrl_hs|   read_data.1|  return value|
|ap_return_7          |  out|   32|  ap_ctrl_hs|   read_data.1|  return value|
|ap_return_8          |  out|   32|  ap_ctrl_hs|   read_data.1|  return value|
|ap_return_9          |  out|   32|  ap_ctrl_hs|   read_data.1|  return value|
|ap_return_10         |  out|   32|  ap_ctrl_hs|   read_data.1|  return value|
|ap_return_11         |  out|   32|  ap_ctrl_hs|   read_data.1|  return value|
|m_axi_gmem_AWVALID   |  out|    1|       m_axi|          gmem|       pointer|
|m_axi_gmem_AWREADY   |   in|    1|       m_axi|          gmem|       pointer|
|m_axi_gmem_AWADDR    |  out|   64|       m_axi|          gmem|       pointer|
|m_axi_gmem_AWID      |  out|    1|       m_axi|          gmem|       pointer|
|m_axi_gmem_AWLEN     |  out|   32|       m_axi|          gmem|       pointer|
|m_axi_gmem_AWSIZE    |  out|    3|       m_axi|          gmem|       pointer|
|m_axi_gmem_AWBURST   |  out|    2|       m_axi|          gmem|       pointer|
|m_axi_gmem_AWLOCK    |  out|    2|       m_axi|          gmem|       pointer|
|m_axi_gmem_AWCACHE   |  out|    4|       m_axi|          gmem|       pointer|
|m_axi_gmem_AWPROT    |  out|    3|       m_axi|          gmem|       pointer|
|m_axi_gmem_AWQOS     |  out|    4|       m_axi|          gmem|       pointer|
|m_axi_gmem_AWREGION  |  out|    4|       m_axi|          gmem|       pointer|
|m_axi_gmem_AWUSER    |  out|    1|       m_axi|          gmem|       pointer|
|m_axi_gmem_WVALID    |  out|    1|       m_axi|          gmem|       pointer|
|m_axi_gmem_WREADY    |   in|    1|       m_axi|          gmem|       pointer|
|m_axi_gmem_WDATA     |  out|  512|       m_axi|          gmem|       pointer|
|m_axi_gmem_WSTRB     |  out|   64|       m_axi|          gmem|       pointer|
|m_axi_gmem_WLAST     |  out|    1|       m_axi|          gmem|       pointer|
|m_axi_gmem_WID       |  out|    1|       m_axi|          gmem|       pointer|
|m_axi_gmem_WUSER     |  out|    1|       m_axi|          gmem|       pointer|
|m_axi_gmem_ARVALID   |  out|    1|       m_axi|          gmem|       pointer|
|m_axi_gmem_ARREADY   |   in|    1|       m_axi|          gmem|       pointer|
|m_axi_gmem_ARADDR    |  out|   64|       m_axi|          gmem|       pointer|
|m_axi_gmem_ARID      |  out|    1|       m_axi|          gmem|       pointer|
|m_axi_gmem_ARLEN     |  out|   32|       m_axi|          gmem|       pointer|
|m_axi_gmem_ARSIZE    |  out|    3|       m_axi|          gmem|       pointer|
|m_axi_gmem_ARBURST   |  out|    2|       m_axi|          gmem|       pointer|
|m_axi_gmem_ARLOCK    |  out|    2|       m_axi|          gmem|       pointer|
|m_axi_gmem_ARCACHE   |  out|    4|       m_axi|          gmem|       pointer|
|m_axi_gmem_ARPROT    |  out|    3|       m_axi|          gmem|       pointer|
|m_axi_gmem_ARQOS     |  out|    4|       m_axi|          gmem|       pointer|
|m_axi_gmem_ARREGION  |  out|    4|       m_axi|          gmem|       pointer|
|m_axi_gmem_ARUSER    |  out|    1|       m_axi|          gmem|       pointer|
|m_axi_gmem_RVALID    |   in|    1|       m_axi|          gmem|       pointer|
|m_axi_gmem_RREADY    |  out|    1|       m_axi|          gmem|       pointer|
|m_axi_gmem_RDATA     |   in|  512|       m_axi|          gmem|       pointer|
|m_axi_gmem_RLAST     |   in|    1|       m_axi|          gmem|       pointer|
|m_axi_gmem_RID       |   in|    1|       m_axi|          gmem|       pointer|
|m_axi_gmem_RFIFONUM  |   in|    9|       m_axi|          gmem|       pointer|
|m_axi_gmem_RUSER     |   in|    1|       m_axi|          gmem|       pointer|
|m_axi_gmem_RRESP     |   in|    2|       m_axi|          gmem|       pointer|
|m_axi_gmem_BVALID    |   in|    1|       m_axi|          gmem|       pointer|
|m_axi_gmem_BREADY    |  out|    1|       m_axi|          gmem|       pointer|
|m_axi_gmem_BRESP     |   in|    2|       m_axi|          gmem|       pointer|
|m_axi_gmem_BID       |   in|    1|       m_axi|          gmem|       pointer|
|m_axi_gmem_BUSER     |   in|    1|       m_axi|          gmem|       pointer|
|inputAOV             |   in|   64|     ap_none|      inputAOV|        scalar|
|copying              |  out|    8|      ap_vld|       copying|       pointer|
|copying_ap_vld       |  out|    1|      ap_vld|       copying|       pointer|
+---------------------+-----+-----+------------+--------------+--------------+

