

================================================================
== Vitis HLS Report for 'resetError'
================================================================
* Date:           Fri Oct 14 18:01:26 2022

* Version:        2022.1 (Build 3526262 on Mon Apr 18 15:47:01 MDT 2022)
* Project:        detector_solid
* Solution:       solution2 (Vitis Kernel Flow Target)
* Product family: zynq
* Target device:  xc7z020-clg484-1


================================================================
== Performance Estimates
================================================================
+ Timing: 
    * Summary: 
    +--------+----------+----------+------------+
    |  Clock |  Target  | Estimated| Uncertainty|
    +--------+----------+----------+------------+
    |ap_clk  |  18.00 ns|  7.173 ns|     4.86 ns|
    +--------+----------+----------+------------+

+ Latency: 
    * Summary: 
    +---------+---------+-----------+-----------+-----+-----+---------+
    |  Latency (cycles) |   Latency (absolute)  |  Interval | Pipeline|
    |   min   |   max   |    min    |    max    | min | max |   Type  |
    +---------+---------+-----------+-----------+-----+-----+---------+
    |        2|        2|  36.000 ns|  36.000 ns|    2|    2|       no|
    +---------+---------+-----------+-----------+-----+-----+---------+

    + Detail: 
        * Instance: 
        N/A

        * Loop: 
        N/A



================================================================
== Utilization Estimates
================================================================
* Summary: 
+-----------------+---------+-----+--------+-------+-----+
|       Name      | BRAM_18K| DSP |   FF   |  LUT  | URAM|
+-----------------+---------+-----+--------+-------+-----+
|DSP              |        -|    -|       -|      -|    -|
|Expression       |        -|    -|       0|     24|    -|
|FIFO             |        -|    -|       -|      -|    -|
|Instance         |        -|    -|       -|      -|    -|
|Memory           |        -|    -|       -|      -|    -|
|Multiplexer      |        -|    -|       -|     34|    -|
|Register         |        -|    -|       7|      -|    -|
+-----------------+---------+-----+--------+-------+-----+
|Total            |        0|    0|       7|     58|    0|
+-----------------+---------+-----+--------+-------+-----+
|Available        |      280|  220|  106400|  53200|    0|
+-----------------+---------+-----+--------+-------+-----+
|Utilization (%)  |        0|    0|      ~0|     ~0|    0|
+-----------------+---------+-----+--------+-------+-----+

+ Detail: 
    * Instance: 
    N/A

    * DSP: 
    N/A

    * Memory: 
    N/A

    * FIFO: 
    N/A

    * Expression: 
    +----------------------+----------+----+---+----+------------+------------+
    |     Variable Name    | Operation| DSP| FF| LUT| Bitwidth P0| Bitwidth P1|
    +----------------------+----------+----+---+----+------------+------------+
    |icmp_ln1069_fu_79_p2  |      icmp|   0|  0|  11|           8|           8|
    |icmp_ln568_fu_73_p2   |      icmp|   0|  0|  11|           8|           1|
    |or_ln568_fu_85_p2     |        or|   0|  0|   2|           1|           1|
    +----------------------+----------+----+---+----+------------+------------+
    |Total                 |          |   0|  0|  24|          17|          10|
    +----------------------+----------+----+---+----+------------+------------+

    * Multiplexer: 
    +----------------------+----+-----------+-----+-----------+
    |         Name         | LUT| Input Size| Bits| Total Bits|
    +----------------------+----+-----------+-----+-----------+
    |ap_NS_fsm             |  20|          4|    1|          4|
    |errorInTask_address0  |  14|          3|    4|         12|
    +----------------------+----+-----------+-----+-----------+
    |Total                 |  34|          7|    5|         16|
    +----------------------+----+-----------+-----+-----------+

    * Register: 
    +-------------------------+---+----+-----+-----------+
    |           Name          | FF| LUT| Bits| Const Bits|
    +-------------------------+---+----+-----+-----------+
    |ap_CS_fsm                |  3|   0|    3|          0|
    |errorInTask_addr_reg_91  |  4|   0|    4|          0|
    +-------------------------+---+----+-----+-----------+
    |Total                    |  7|   0|    7|          0|
    +-------------------------+---+----+-----+-----------+



================================================================
== Interface
================================================================
* Summary: 
+------------------------------+-----+-----+------------+------------------------------+--------------+
|           RTL Ports          | Dir | Bits|  Protocol  |         Source Object        |    C Type    |
+------------------------------+-----+-----+------------+------------------------------+--------------+
|ap_clk                        |   in|    1|  ap_ctrl_hs|                    resetError|  return value|
|ap_rst                        |   in|    1|  ap_ctrl_hs|                    resetError|  return value|
|ap_start                      |   in|    1|  ap_ctrl_hs|                    resetError|  return value|
|ap_done                       |  out|    1|  ap_ctrl_hs|                    resetError|  return value|
|ap_idle                       |  out|    1|  ap_ctrl_hs|                    resetError|  return value|
|ap_ready                      |  out|    1|  ap_ctrl_hs|                    resetError|  return value|
|errorInTask_address0          |  out|    4|   ap_memory|                   errorInTask|         array|
|errorInTask_ce0               |  out|    1|   ap_memory|                   errorInTask|         array|
|errorInTask_we0               |  out|    1|   ap_memory|                   errorInTask|         array|
|errorInTask_d0                |  out|    8|   ap_memory|                   errorInTask|         array|
|errorInTask_q0                |   in|    8|   ap_memory|                   errorInTask|         array|
|errorInTask1                  |   in|    4|     ap_none|                  errorInTask1|        scalar|
|failedTaskExecutionId_V_read  |   in|    8|     ap_none|  failedTaskExecutionId_V_read|        scalar|
|executionId                   |   in|    8|     ap_none|                   executionId|        scalar|
+------------------------------+-----+-----+------------+------------------------------+--------------+

