

================================================================
== Vitis HLS Report for 'run_Pipeline_VITIS_LOOP_713_1_VITIS_LOOP_715_2'
================================================================
* Date:           Tue Sep 27 20:01:22 2022

* Version:        2022.1 (Build 3526262 on Mon Apr 18 15:47:01 MDT 2022)
* Project:        detector_solid
* Solution:       solution2 (Vitis Kernel Flow Target)
* Product family: zynq
* Target device:  xc7z020-clg484-1


================================================================
== Performance Estimates
================================================================
+ Timing: 
    * Summary: 
    +--------+----------+-----------+------------+
    |  Clock |  Target  | Estimated | Uncertainty|
    +--------+----------+-----------+------------+
    |ap_clk  |  20.00 ns|  14.194 ns|     5.40 ns|
    +--------+----------+-----------+------------+

+ Latency: 
    * Summary: 
    +---------+---------+----------+----------+-------+-------+---------+
    |  Latency (cycles) |  Latency (absolute) |    Interval   | Pipeline|
    |   min   |   max   |    min   |    max   |  min  |  max  |   Type  |
    +---------+---------+----------+----------+-------+-------+---------+
    |    24580|    24580|  0.492 ms|  0.492 ms|  24580|  24580|       no|
    +---------+---------+----------+----------+-------+-------+---------+

    + Detail: 
        * Instance: 
        N/A

        * Loop: 
        +-------------------------------------+---------+---------+----------+-----------+-----------+------+----------+
        |                                     |  Latency (cycles) | Iteration|  Initiation Interval  | Trip |          |
        |              Loop Name              |   min   |   max   |  Latency |  achieved |   target  | Count| Pipelined|
        +-------------------------------------+---------+---------+----------+-----------+-----------+------+----------+
        |- VITIS_LOOP_713_1_VITIS_LOOP_715_2  |    24578|    24578|        27|         24|          1|  1024|       yes|
        +-------------------------------------+---------+---------+----------+-----------+-----------+------+----------+



================================================================
== Utilization Estimates
================================================================
* Summary: 
+-----------------+---------+-----+--------+-------+-----+
|       Name      | BRAM_18K| DSP |   FF   |  LUT  | URAM|
+-----------------+---------+-----+--------+-------+-----+
|DSP              |        -|    -|       -|      -|    -|
|Expression       |        -|    -|       0|   1528|    -|
|FIFO             |        -|    -|       -|      -|    -|
|Instance         |        -|  213|       0|   1248|    -|
|Memory           |        -|    -|       -|      -|    -|
|Multiplexer      |        -|    -|       -|   4915|    -|
|Register         |        -|    -|     685|      -|    -|
+-----------------+---------+-----+--------+-------+-----+
|Total            |        0|  213|     685|   7691|    0|
+-----------------+---------+-----+--------+-------+-----+
|Available        |      280|  220|  106400|  53200|    0|
+-----------------+---------+-----+--------+-------+-----+
|Utilization (%)  |        0|   96|      ~0|     14|    0|
+-----------------+---------+-----+--------+-------+-----+

+ Detail: 
    * Instance: 
    +---------------------------+-----------------------+---------+----+---+----+-----+
    |          Instance         |         Module        | BRAM_18K| DSP| FF| LUT| URAM|
    +---------------------------+-----------------------+---------+----+---+----+-----+
    |mul_64ns_66ns_129_1_1_U2   |mul_64ns_66ns_129_1_1  |        0|   9|  0|  52|    0|
    |mul_64ns_66ns_129_1_1_U3   |mul_64ns_66ns_129_1_1  |        0|   9|  0|  52|    0|
    |mul_64ns_66ns_129_1_1_U4   |mul_64ns_66ns_129_1_1  |        0|   9|  0|  52|    0|
    |mul_64ns_66ns_129_1_1_U5   |mul_64ns_66ns_129_1_1  |        0|   9|  0|  52|    0|
    |mul_64ns_66ns_129_1_1_U6   |mul_64ns_66ns_129_1_1  |        0|   9|  0|  52|    0|
    |mul_64ns_66ns_129_1_1_U7   |mul_64ns_66ns_129_1_1  |        0|   9|  0|  52|    0|
    |mul_64ns_66ns_129_1_1_U8   |mul_64ns_66ns_129_1_1  |        0|   9|  0|  52|    0|
    |mul_64ns_66ns_129_1_1_U9   |mul_64ns_66ns_129_1_1  |        0|   9|  0|  52|    0|
    |mul_64ns_66ns_129_1_1_U10  |mul_64ns_66ns_129_1_1  |        0|   9|  0|  52|    0|
    |mul_64ns_66ns_129_1_1_U11  |mul_64ns_66ns_129_1_1  |        0|   9|  0|  52|    0|
    |mul_64ns_66ns_129_1_1_U12  |mul_64ns_66ns_129_1_1  |        0|   9|  0|  52|    0|
    |mul_64ns_66ns_129_1_1_U13  |mul_64ns_66ns_129_1_1  |        0|   9|  0|  52|    0|
    |mul_64ns_66ns_129_1_1_U14  |mul_64ns_66ns_129_1_1  |        0|   9|  0|  52|    0|
    |mul_64ns_66ns_129_1_1_U15  |mul_64ns_66ns_129_1_1  |        0|   9|  0|  52|    0|
    |mul_64ns_66ns_129_1_1_U16  |mul_64ns_66ns_129_1_1  |        0|   9|  0|  52|    0|
    |mul_64ns_66ns_129_1_1_U17  |mul_64ns_66ns_129_1_1  |        0|   9|  0|  52|    0|
    |mul_64ns_66ns_129_1_1_U18  |mul_64ns_66ns_129_1_1  |        0|   9|  0|  52|    0|
    |mul_64ns_66ns_129_1_1_U19  |mul_64ns_66ns_129_1_1  |        0|   9|  0|  52|    0|
    |mul_64ns_66ns_129_1_1_U20  |mul_64ns_66ns_129_1_1  |        0|   9|  0|  52|    0|
    |mul_64ns_66ns_129_1_1_U21  |mul_64ns_66ns_129_1_1  |        0|   9|  0|  52|    0|
    |mul_64ns_66ns_129_1_1_U22  |mul_64ns_66ns_129_1_1  |        0|   9|  0|  52|    0|
    |mul_64ns_66ns_129_1_1_U23  |mul_64ns_66ns_129_1_1  |        0|   9|  0|  52|    0|
    |mul_64ns_66ns_129_1_1_U24  |mul_64ns_66ns_129_1_1  |        0|   9|  0|  52|    0|
    |mul_64ns_66ns_81_1_1_U1    |mul_64ns_66ns_81_1_1   |        0|   6|  0|  52|    0|
    +---------------------------+-----------------------+---------+----+---+----+-----+
    |Total                      |                       |        0| 213|  0|1248|    0|
    +---------------------------+-----------------------+---------+----+---+----+-----+

    * DSP: 
    N/A

    * Memory: 
    N/A

    * FIFO: 
    N/A

    * Expression: 
    +---------------------------+----------+----+---+----+------------+------------+
    |       Variable Name       | Operation| DSP| FF| LUT| Bitwidth P0| Bitwidth P1|
    +---------------------------+----------+----+---+----+------------+------------+
    |add_ln713_1_fu_3867_p2     |         +|   0|  0|  12|          11|           1|
    |add_ln713_fu_3931_p2       |         +|   0|  0|  14|           7|           1|
    |add_ln715_fu_6260_p2       |         +|   0|  0|  13|           5|           1|
    |add_ln717_10_fu_5618_p2    |         +|   0|  0|  25|          18|           7|
    |add_ln717_11_fu_5709_p2    |         +|   0|  0|  25|          18|           7|
    |add_ln717_12_fu_5800_p2    |         +|   0|  0|  25|          18|           7|
    |add_ln717_13_fu_5891_p2    |         +|   0|  0|  25|          18|           7|
    |add_ln717_14_fu_5982_p2    |         +|   0|  0|  25|          18|           7|
    |add_ln717_15_fu_6073_p2    |         +|   0|  0|  25|          18|           7|
    |add_ln717_16_fu_6164_p2    |         +|   0|  0|  25|          18|           7|
    |add_ln717_17_fu_6255_p2    |         +|   0|  0|  25|          18|           7|
    |add_ln717_18_fu_5028_p2    |         +|   0|  0|  15|          15|           4|
    |add_ln717_19_fu_5119_p2    |         +|   0|  0|  15|          15|           4|
    |add_ln717_1_fu_4060_p2     |         +|   0|  0|  14|           6|           6|
    |add_ln717_20_fu_5210_p2    |         +|   0|  0|  15|          15|           4|
    |add_ln717_21_fu_5301_p2    |         +|   0|  0|  15|          15|           4|
    |add_ln717_22_fu_5392_p2    |         +|   0|  0|  15|          15|           4|
    |add_ln717_23_fu_5483_p2    |         +|   0|  0|  15|          15|           4|
    |add_ln717_24_fu_5574_p2    |         +|   0|  0|  15|          15|           4|
    |add_ln717_25_fu_5665_p2    |         +|   0|  0|  15|          15|           4|
    |add_ln717_26_fu_5756_p2    |         +|   0|  0|  15|          15|           5|
    |add_ln717_27_fu_5847_p2    |         +|   0|  0|  15|          15|           5|
    |add_ln717_28_fu_5938_p2    |         +|   0|  0|  15|          15|           5|
    |add_ln717_29_fu_6029_p2    |         +|   0|  0|  15|          15|           5|
    |add_ln717_2_fu_4840_p2     |         +|   0|  0|  25|          18|           6|
    |add_ln717_30_fu_6120_p2    |         +|   0|  0|  15|          15|           5|
    |add_ln717_31_fu_6211_p2    |         +|   0|  0|  15|          15|           5|
    |add_ln717_32_fu_6312_p2    |         +|   0|  0|  15|          15|           5|
    |add_ln717_33_fu_6398_p2    |         +|   0|  0|  15|          15|           5|
    |add_ln717_3_fu_4956_p2     |         +|   0|  0|  25|          18|           6|
    |add_ln717_4_fu_5072_p2     |         +|   0|  0|  25|          18|           6|
    |add_ln717_5_fu_5163_p2     |         +|   0|  0|  25|          18|           6|
    |add_ln717_6_fu_5254_p2     |         +|   0|  0|  25|          18|           6|
    |add_ln717_7_fu_5345_p2     |         +|   0|  0|  25|          18|           6|
    |add_ln717_8_fu_5436_p2     |         +|   0|  0|  25|          18|           6|
    |add_ln717_9_fu_5527_p2     |         +|   0|  0|  25|          18|           6|
    |add_ln717_fu_4021_p2       |         +|   0|  0|  25|          18|          18|
    |sub_ln717_10_fu_4906_p2    |         -|   0|  0|  20|          15|          15|
    |sub_ln717_11_fu_5022_p2    |         -|   0|  0|  15|          15|          15|
    |sub_ln717_12_fu_5113_p2    |         -|   0|  0|  15|          15|          15|
    |sub_ln717_13_fu_5204_p2    |         -|   0|  0|  15|          15|          15|
    |sub_ln717_14_fu_5295_p2    |         -|   0|  0|  15|          15|          15|
    |sub_ln717_15_fu_5386_p2    |         -|   0|  0|  15|          15|          15|
    |sub_ln717_16_fu_5477_p2    |         -|   0|  0|  15|          15|          15|
    |sub_ln717_17_fu_5568_p2    |         -|   0|  0|  15|          15|          15|
    |sub_ln717_18_fu_5659_p2    |         -|   0|  0|  15|          15|          15|
    |sub_ln717_19_fu_5750_p2    |         -|   0|  0|  15|          15|          15|
    |sub_ln717_1_fu_4011_p2     |         -|   0|  0|  12|          12|          12|
    |sub_ln717_20_fu_5841_p2    |         -|   0|  0|  15|          15|          15|
    |sub_ln717_21_fu_5932_p2    |         -|   0|  0|  15|          15|          15|
    |sub_ln717_22_fu_6023_p2    |         -|   0|  0|  15|          15|          15|
    |sub_ln717_23_fu_6114_p2    |         -|   0|  0|  15|          15|          15|
    |sub_ln717_24_fu_6205_p2    |         -|   0|  0|  15|          15|          15|
    |sub_ln717_25_fu_6306_p2    |         -|   0|  0|  15|          15|          15|
    |sub_ln717_26_fu_6392_p2    |         -|   0|  0|  15|          15|          15|
    |sub_ln717_2_fu_3976_p2     |         -|   0|  0|  25|          18|          18|
    |sub_ln717_3_fu_4086_p2     |         -|   0|  0|  20|          15|          15|
    |sub_ln717_4_fu_4199_p2     |         -|   0|  0|  20|          15|          15|
    |sub_ln717_5_fu_4316_p2     |         -|   0|  0|  20|          15|          15|
    |sub_ln717_6_fu_4433_p2     |         -|   0|  0|  20|          15|          15|
    |sub_ln717_7_fu_4550_p2     |         -|   0|  0|  20|          15|          15|
    |sub_ln717_8_fu_4667_p2     |         -|   0|  0|  20|          15|          15|
    |sub_ln717_9_fu_4784_p2     |         -|   0|  0|  20|          15|          15|
    |sub_ln717_fu_3925_p2       |         -|   0|  0|  25|          18|          18|
    |icmp_ln713_fu_3861_p2      |      icmp|   0|  0|  12|          11|          12|
    |icmp_ln715_fu_3876_p2      |      icmp|   0|  0|  10|           5|           6|
    |or_ln717_10_fu_4556_p2     |        or|   0|  0|  15|          15|           3|
    |or_ln717_11_fu_4673_p2     |        or|   0|  0|  15|          15|           3|
    |or_ln717_12_fu_4790_p2     |        or|   0|  0|  15|          15|           3|
    |or_ln717_13_fu_4912_p2     |        or|   0|  0|  15|          15|           3|
    |or_ln717_1_fu_4216_p2      |        or|   0|  0|  18|           4|          18|
    |or_ln717_2_fu_4333_p2      |        or|   0|  0|  18|           4|          18|
    |or_ln717_3_fu_4450_p2      |        or|   0|  0|  18|           5|          18|
    |or_ln717_4_fu_4567_p2      |        or|   0|  0|  18|           5|          18|
    |or_ln717_5_fu_4684_p2      |        or|   0|  0|  18|           5|          18|
    |or_ln717_6_fu_4801_p2      |        or|   0|  0|  18|           5|          18|
    |or_ln717_7_fu_4205_p2      |        or|   0|  0|  15|          15|           1|
    |or_ln717_8_fu_4322_p2      |        or|   0|  0|  15|          15|           2|
    |or_ln717_9_fu_4439_p2      |        or|   0|  0|  15|          15|           2|
    |or_ln717_fu_4097_p2        |        or|   0|  0|  18|           3|          18|
    |tmp_47_fu_4255_p2          |        or|   0|  0|   9|           9|           1|
    |tmp_48_fu_4372_p2          |        or|   0|  0|   9|           9|           2|
    |tmp_49_fu_4489_p2          |        or|   0|  0|   9|           9|           2|
    |tmp_50_fu_4606_p2          |        or|   0|  0|   9|           9|           3|
    |tmp_51_fu_4723_p2          |        or|   0|  0|   9|           9|           3|
    |tmp_52_fu_4845_p2          |        or|   0|  0|   9|           9|           3|
    |tmp_53_fu_4961_p2          |        or|   0|  0|   9|           9|           3|
    |select_ln713_1_fu_3937_p3  |    select|   0|  0|   7|           1|           7|
    |select_ln713_2_fu_3982_p3  |    select|   0|  0|  18|           1|          18|
    |select_ln713_fu_3882_p3    |    select|   0|  0|   5|           1|           1|
    |ap_enable_pp0              |       xor|   0|  0|   2|           1|           2|
    +---------------------------+----------+----+---+----+------------+------------+
    |Total                      |          |   0|  0|1528|        1202|         817|
    +---------------------------+----------+----+---+----+------------+------------+

    * Multiplexer: 
    +--------------------------------------+-----+-----------+-----+-----------+
    |                 Name                 | LUT | Input Size| Bits| Total Bits|
    +--------------------------------------+-----+-----------+-----+-----------+
    |ap_NS_fsm                             |  113|         25|    1|         25|
    |ap_done_int                           |    9|          2|    1|          2|
    |ap_enable_reg_pp0_iter0               |    9|          2|    1|          2|
    |ap_enable_reg_pp0_iter0_reg           |    9|          2|    1|          2|
    |ap_enable_reg_pp0_iter1               |    9|          2|    1|          2|
    |ap_sig_allocacmp_indvar_flatten_load  |    9|          2|   11|         22|
    |ap_sig_allocacmp_j_load               |    9|          2|    5|         10|
    |i_fu_326                              |    9|          2|    7|         14|
    |indvar_flatten_fu_330                 |    9|          2|   11|         22|
    |j_fu_322                              |    9|          2|    5|         10|
    |regions_10_address0                   |   48|          9|    9|         81|
    |regions_10_d0                         |   48|          9|   32|        288|
    |regions_11_address0                   |   48|          9|    9|         81|
    |regions_11_d0                         |   48|          9|   32|        288|
    |regions_12_address0                   |   48|          9|    9|         81|
    |regions_12_d0                         |   48|          9|   32|        288|
    |regions_13_address0                   |   48|          9|    9|         81|
    |regions_13_d0                         |   48|          9|   32|        288|
    |regions_14_address0                   |   48|          9|    9|         81|
    |regions_14_d0                         |   48|          9|   32|        288|
    |regions_15_address0                   |   48|          9|    9|         81|
    |regions_15_d0                         |   48|          9|   32|        288|
    |regions_16_address0                   |   48|          9|    9|         81|
    |regions_16_d0                         |   48|          9|   32|        288|
    |regions_17_address0                   |   48|          9|    9|         81|
    |regions_17_d0                         |   48|          9|   32|        288|
    |regions_18_address0                   |   48|          9|    9|         81|
    |regions_18_d0                         |   48|          9|   32|        288|
    |regions_19_address0                   |   48|          9|    9|         81|
    |regions_19_d0                         |   48|          9|   32|        288|
    |regions_1_address0                    |   48|          9|    9|         81|
    |regions_1_d0                          |   48|          9|   32|        288|
    |regions_20_address0                   |   48|          9|    9|         81|
    |regions_20_d0                         |   48|          9|   32|        288|
    |regions_21_address0                   |   48|          9|    9|         81|
    |regions_21_d0                         |   48|          9|   32|        288|
    |regions_22_address0                   |   48|          9|    9|         81|
    |regions_22_d0                         |   48|          9|   32|        288|
    |regions_23_address0                   |   48|          9|    9|         81|
    |regions_23_d0                         |   48|          9|   32|        288|
    |regions_24_address0                   |   48|          9|    9|         81|
    |regions_24_d0                         |   48|          9|   32|        288|
    |regions_25_address0                   |   48|          9|    9|         81|
    |regions_25_d0                         |   48|          9|   32|        288|
    |regions_26_address0                   |   48|          9|    9|         81|
    |regions_26_d0                         |   48|          9|   32|        288|
    |regions_27_address0                   |   48|          9|    9|         81|
    |regions_27_d0                         |   48|          9|   32|        288|
    |regions_28_address0                   |   48|          9|    9|         81|
    |regions_28_d0                         |   48|          9|   32|        288|
    |regions_29_address0                   |   48|          9|    9|         81|
    |regions_29_d0                         |   48|          9|   32|        288|
    |regions_2_address0                    |   48|          9|    9|         81|
    |regions_2_d0                          |   48|          9|   32|        288|
    |regions_30_address0                   |   48|          9|    9|         81|
    |regions_30_d0                         |   48|          9|   32|        288|
    |regions_31_address0                   |   48|          9|    9|         81|
    |regions_31_d0                         |   48|          9|   32|        288|
    |regions_32_address0                   |   48|          9|    9|         81|
    |regions_32_d0                         |   48|          9|   32|        288|
    |regions_33_address0                   |   48|          9|    9|         81|
    |regions_33_d0                         |   48|          9|   32|        288|
    |regions_34_address0                   |   48|          9|    9|         81|
    |regions_34_d0                         |   48|          9|   32|        288|
    |regions_35_address0                   |   48|          9|    9|         81|
    |regions_35_d0                         |   48|          9|   32|        288|
    |regions_36_address0                   |   48|          9|    9|         81|
    |regions_36_d0                         |   48|          9|   32|        288|
    |regions_37_address0                   |   48|          9|    9|         81|
    |regions_37_d0                         |   48|          9|   32|        288|
    |regions_38_address0                   |   48|          9|    9|         81|
    |regions_38_d0                         |   48|          9|   32|        288|
    |regions_39_address0                   |   48|          9|    9|         81|
    |regions_39_d0                         |   48|          9|   32|        288|
    |regions_3_address0                    |   48|          9|    9|         81|
    |regions_3_d0                          |   48|          9|   32|        288|
    |regions_40_address0                   |   48|          9|    9|         81|
    |regions_40_d0                         |   48|          9|   32|        288|
    |regions_41_address0                   |   48|          9|    9|         81|
    |regions_41_d0                         |   48|          9|   32|        288|
    |regions_42_address0                   |   48|          9|    9|         81|
    |regions_42_d0                         |   48|          9|   32|        288|
    |regions_43_address0                   |   48|          9|    9|         81|
    |regions_43_d0                         |   48|          9|   32|        288|
    |regions_44_address0                   |   48|          9|    9|         81|
    |regions_44_d0                         |   48|          9|   32|        288|
    |regions_45_address0                   |   48|          9|    9|         81|
    |regions_45_d0                         |   48|          9|   32|        288|
    |regions_46_address0                   |   48|          9|    9|         81|
    |regions_46_d0                         |   48|          9|   32|        288|
    |regions_47_address0                   |   48|          9|    9|         81|
    |regions_47_d0                         |   48|          9|   32|        288|
    |regions_4_address0                    |   48|          9|    9|         81|
    |regions_4_d0                          |   48|          9|   32|        288|
    |regions_5_address0                    |   48|          9|    9|         81|
    |regions_5_d0                          |   48|          9|   32|        288|
    |regions_6_address0                    |   48|          9|    9|         81|
    |regions_6_d0                          |   48|          9|   32|        288|
    |regions_7_address0                    |   48|          9|    9|         81|
    |regions_7_d0                          |   48|          9|   32|        288|
    |regions_8_address0                    |   48|          9|    9|         81|
    |regions_8_d0                          |   48|          9|   32|        288|
    |regions_9_address0                    |   48|          9|    9|         81|
    |regions_9_d0                          |   48|          9|   32|        288|
    |regions_address0                      |   48|          9|    9|         81|
    |regions_d0                            |   48|          9|   32|        288|
    |trainedRegions_address0               |  113|         25|   15|        375|
    +--------------------------------------+-----+-----------+-----+-----------+
    |Total                                 | 4915|        932| 2027|      18198|
    +--------------------------------------+-----+-----------+-----+-----------+

    * Register: 
    +---------------------------------+----+----+-----+-----------+
    |               Name              | FF | LUT| Bits| Const Bits|
    +---------------------------------+----+----+-----+-----------+
    |add_ln713_1_reg_6454             |  11|   0|   11|          0|
    |add_ln717_10_reg_7126            |  13|   0|   18|          5|
    |add_ln717_11_reg_7146            |  13|   0|   18|          5|
    |add_ln717_12_reg_7166            |  13|   0|   18|          5|
    |add_ln717_13_reg_7186            |  13|   0|   18|          5|
    |add_ln717_14_reg_7206            |  13|   0|   18|          5|
    |add_ln717_15_reg_7226            |  13|   0|   18|          5|
    |add_ln717_16_reg_7246            |  13|   0|   18|          5|
    |add_ln717_17_reg_7266            |  13|   0|   18|          5|
    |add_ln717_2_reg_6894             |  13|   0|   18|          5|
    |add_ln717_3_reg_6950             |  13|   0|   18|          5|
    |add_ln717_4_reg_7006             |  13|   0|   18|          5|
    |add_ln717_5_reg_7026             |  13|   0|   18|          5|
    |add_ln717_6_reg_7046             |  13|   0|   18|          5|
    |add_ln717_7_reg_7066             |  13|   0|   18|          5|
    |add_ln717_8_reg_7086             |  13|   0|   18|          5|
    |add_ln717_9_reg_7106             |  13|   0|   18|          5|
    |add_ln717_reg_6530               |  13|   0|   18|          5|
    |ap_CS_fsm                        |  24|   0|   24|          0|
    |ap_done_reg                      |   1|   0|    1|          0|
    |ap_enable_reg_pp0_iter0_reg      |   1|   0|    1|          0|
    |ap_enable_reg_pp0_iter1          |   1|   0|    1|          0|
    |empty_47_reg_6470                |   4|   0|    4|          0|
    |empty_47_reg_6470_pp0_iter1_reg  |   4|   0|    4|          0|
    |empty_reg_6524                   |   6|   0|    6|          0|
    |i_fu_326                         |   7|   0|    7|          0|
    |icmp_ln713_reg_6450              |   1|   0|    1|          0|
    |icmp_ln715_reg_6459              |   1|   0|    1|          0|
    |indvar_flatten_fu_330            |  11|   0|   11|          0|
    |j_fu_322                         |   5|   0|    5|          0|
    |select_ln713_reg_6465            |   5|   0|    5|          0|
    |tmp_100_cast_reg_7236            |   6|   0|    6|          0|
    |tmp_101_cast_reg_7241            |   8|   0|    8|          0|
    |tmp_102_cast_reg_7256            |   6|   0|    6|          0|
    |tmp_103_cast_reg_7261            |   8|   0|    8|          0|
    |tmp_104_cast_reg_7276            |   6|   0|    6|          0|
    |tmp_105_cast_reg_7281            |   8|   0|    8|          0|
    |tmp_46_cast_reg_6588             |   6|   0|   64|         58|
    |tmp_47_cast_reg_6639             |   6|   0|   64|         58|
    |tmp_48_cast_reg_6690             |   6|   0|   64|         58|
    |tmp_49_cast_reg_6741             |   6|   0|   64|         58|
    |tmp_50_cast_reg_6792             |   6|   0|   64|         58|
    |tmp_51_cast_reg_6843             |   6|   0|   64|         58|
    |tmp_52_cast_reg_6899             |   6|   0|   64|         58|
    |tmp_53_cast_reg_6955             |   6|   0|   64|         58|
    |tmp_60_cast_reg_6567             |   6|   0|    6|          0|
    |tmp_61_cast_reg_6572             |   8|   0|    8|          0|
    |tmp_62_cast_reg_6629             |   6|   0|    6|          0|
    |tmp_63_cast_reg_6634             |   8|   0|    8|          0|
    |tmp_64_cast_reg_6680             |   6|   0|    6|          0|
    |tmp_65_cast_reg_6685             |   8|   0|    8|          0|
    |tmp_66_cast_reg_6731             |   6|   0|    6|          0|
    |tmp_67_cast_reg_6736             |   8|   0|    8|          0|
    |tmp_68_cast_reg_6782             |   6|   0|    6|          0|
    |tmp_69_cast_reg_6787             |   8|   0|    8|          0|
    |tmp_70_cast_reg_6833             |   6|   0|    6|          0|
    |tmp_71_cast_reg_6838             |   8|   0|    8|          0|
    |tmp_72_cast_reg_6884             |   6|   0|    6|          0|
    |tmp_73_cast_reg_6889             |   8|   0|    8|          0|
    |tmp_74_cast_reg_6940             |   6|   0|    6|          0|
    |tmp_75_cast_reg_6945             |   8|   0|    8|          0|
    |tmp_76_cast_reg_6996             |   6|   0|    6|          0|
    |tmp_77_cast_reg_7001             |   8|   0|    8|          0|
    |tmp_78_cast_reg_7016             |   6|   0|    6|          0|
    |tmp_79_cast_reg_7021             |   8|   0|    8|          0|
    |tmp_80_cast_reg_7036             |   6|   0|    6|          0|
    |tmp_81_cast_reg_7041             |   8|   0|    8|          0|
    |tmp_82_cast_reg_7056             |   6|   0|    6|          0|
    |tmp_83_cast_reg_7061             |   8|   0|    8|          0|
    |tmp_84_cast_reg_7076             |   6|   0|    6|          0|
    |tmp_85_cast_reg_7081             |   8|   0|    8|          0|
    |tmp_86_cast_reg_7096             |   6|   0|    6|          0|
    |tmp_87_cast_reg_7101             |   8|   0|    8|          0|
    |tmp_88_cast_reg_7116             |   6|   0|    6|          0|
    |tmp_89_cast_reg_7121             |   8|   0|    8|          0|
    |tmp_90_cast_reg_7136             |   6|   0|    6|          0|
    |tmp_91_cast_reg_7141             |   8|   0|    8|          0|
    |tmp_92_cast_reg_7156             |   6|   0|    6|          0|
    |tmp_93_cast_reg_7161             |   8|   0|    8|          0|
    |tmp_94_cast_reg_7176             |   6|   0|    6|          0|
    |tmp_95_cast_reg_7181             |   8|   0|    8|          0|
    |tmp_96_cast_reg_7196             |   6|   0|    6|          0|
    |tmp_97_cast_reg_7201             |   8|   0|    8|          0|
    |tmp_98_cast_reg_7216             |   6|   0|    6|          0|
    |tmp_99_cast_reg_7221             |   8|   0|    8|          0|
    |tmp_s_reg_6577                   |   6|   0|    9|          3|
    |trunc_ln_reg_6557                |   6|   0|    6|          0|
    +---------------------------------+----+----+-----+-----------+
    |Total                            | 685|   0| 1237|        552|
    +---------------------------------+----+----+-----+-----------+



================================================================
== Interface
================================================================
* Summary: 
+-------------------------+-----+-----+------------+------------------------------------------------+--------------+
|        RTL Ports        | Dir | Bits|  Protocol  |                  Source Object                 |    C Type    |
+-------------------------+-----+-----+------------+------------------------------------------------+--------------+
|ap_clk                   |   in|    1|  ap_ctrl_hs|  run_Pipeline_VITIS_LOOP_713_1_VITIS_LOOP_715_2|  return value|
|ap_rst                   |   in|    1|  ap_ctrl_hs|  run_Pipeline_VITIS_LOOP_713_1_VITIS_LOOP_715_2|  return value|
|ap_start                 |   in|    1|  ap_ctrl_hs|  run_Pipeline_VITIS_LOOP_713_1_VITIS_LOOP_715_2|  return value|
|ap_done                  |  out|    1|  ap_ctrl_hs|  run_Pipeline_VITIS_LOOP_713_1_VITIS_LOOP_715_2|  return value|
|ap_idle                  |  out|    1|  ap_ctrl_hs|  run_Pipeline_VITIS_LOOP_713_1_VITIS_LOOP_715_2|  return value|
|ap_ready                 |  out|    1|  ap_ctrl_hs|  run_Pipeline_VITIS_LOOP_713_1_VITIS_LOOP_715_2|  return value|
|trainedRegions_address0  |  out|   15|   ap_memory|                                  trainedRegions|         array|
|trainedRegions_ce0       |  out|    1|   ap_memory|                                  trainedRegions|         array|
|trainedRegions_q0        |   in|   32|   ap_memory|                                  trainedRegions|         array|
|regions_address0         |  out|    9|   ap_memory|                                         regions|         array|
|regions_ce0              |  out|    1|   ap_memory|                                         regions|         array|
|regions_we0              |  out|    1|   ap_memory|                                         regions|         array|
|regions_d0               |  out|   32|   ap_memory|                                         regions|         array|
|regions_16_address0      |  out|    9|   ap_memory|                                      regions_16|         array|
|regions_16_ce0           |  out|    1|   ap_memory|                                      regions_16|         array|
|regions_16_we0           |  out|    1|   ap_memory|                                      regions_16|         array|
|regions_16_d0            |  out|   32|   ap_memory|                                      regions_16|         array|
|regions_32_address0      |  out|    9|   ap_memory|                                      regions_32|         array|
|regions_32_ce0           |  out|    1|   ap_memory|                                      regions_32|         array|
|regions_32_we0           |  out|    1|   ap_memory|                                      regions_32|         array|
|regions_32_d0            |  out|   32|   ap_memory|                                      regions_32|         array|
|regions_1_address0       |  out|    9|   ap_memory|                                       regions_1|         array|
|regions_1_ce0            |  out|    1|   ap_memory|                                       regions_1|         array|
|regions_1_we0            |  out|    1|   ap_memory|                                       regions_1|         array|
|regions_1_d0             |  out|   32|   ap_memory|                                       regions_1|         array|
|regions_17_address0      |  out|    9|   ap_memory|                                      regions_17|         array|
|regions_17_ce0           |  out|    1|   ap_memory|                                      regions_17|         array|
|regions_17_we0           |  out|    1|   ap_memory|                                      regions_17|         array|
|regions_17_d0            |  out|   32|   ap_memory|                                      regions_17|         array|
|regions_33_address0      |  out|    9|   ap_memory|                                      regions_33|         array|
|regions_33_ce0           |  out|    1|   ap_memory|                                      regions_33|         array|
|regions_33_we0           |  out|    1|   ap_memory|                                      regions_33|         array|
|regions_33_d0            |  out|   32|   ap_memory|                                      regions_33|         array|
|regions_2_address0       |  out|    9|   ap_memory|                                       regions_2|         array|
|regions_2_ce0            |  out|    1|   ap_memory|                                       regions_2|         array|
|regions_2_we0            |  out|    1|   ap_memory|                                       regions_2|         array|
|regions_2_d0             |  out|   32|   ap_memory|                                       regions_2|         array|
|regions_18_address0      |  out|    9|   ap_memory|                                      regions_18|         array|
|regions_18_ce0           |  out|    1|   ap_memory|                                      regions_18|         array|
|regions_18_we0           |  out|    1|   ap_memory|                                      regions_18|         array|
|regions_18_d0            |  out|   32|   ap_memory|                                      regions_18|         array|
|regions_34_address0      |  out|    9|   ap_memory|                                      regions_34|         array|
|regions_34_ce0           |  out|    1|   ap_memory|                                      regions_34|         array|
|regions_34_we0           |  out|    1|   ap_memory|                                      regions_34|         array|
|regions_34_d0            |  out|   32|   ap_memory|                                      regions_34|         array|
|regions_3_address0       |  out|    9|   ap_memory|                                       regions_3|         array|
|regions_3_ce0            |  out|    1|   ap_memory|                                       regions_3|         array|
|regions_3_we0            |  out|    1|   ap_memory|                                       regions_3|         array|
|regions_3_d0             |  out|   32|   ap_memory|                                       regions_3|         array|
|regions_19_address0      |  out|    9|   ap_memory|                                      regions_19|         array|
|regions_19_ce0           |  out|    1|   ap_memory|                                      regions_19|         array|
|regions_19_we0           |  out|    1|   ap_memory|                                      regions_19|         array|
|regions_19_d0            |  out|   32|   ap_memory|                                      regions_19|         array|
|regions_35_address0      |  out|    9|   ap_memory|                                      regions_35|         array|
|regions_35_ce0           |  out|    1|   ap_memory|                                      regions_35|         array|
|regions_35_we0           |  out|    1|   ap_memory|                                      regions_35|         array|
|regions_35_d0            |  out|   32|   ap_memory|                                      regions_35|         array|
|regions_4_address0       |  out|    9|   ap_memory|                                       regions_4|         array|
|regions_4_ce0            |  out|    1|   ap_memory|                                       regions_4|         array|
|regions_4_we0            |  out|    1|   ap_memory|                                       regions_4|         array|
|regions_4_d0             |  out|   32|   ap_memory|                                       regions_4|         array|
|regions_20_address0      |  out|    9|   ap_memory|                                      regions_20|         array|
|regions_20_ce0           |  out|    1|   ap_memory|                                      regions_20|         array|
|regions_20_we0           |  out|    1|   ap_memory|                                      regions_20|         array|
|regions_20_d0            |  out|   32|   ap_memory|                                      regions_20|         array|
|regions_36_address0      |  out|    9|   ap_memory|                                      regions_36|         array|
|regions_36_ce0           |  out|    1|   ap_memory|                                      regions_36|         array|
|regions_36_we0           |  out|    1|   ap_memory|                                      regions_36|         array|
|regions_36_d0            |  out|   32|   ap_memory|                                      regions_36|         array|
|regions_5_address0       |  out|    9|   ap_memory|                                       regions_5|         array|
|regions_5_ce0            |  out|    1|   ap_memory|                                       regions_5|         array|
|regions_5_we0            |  out|    1|   ap_memory|                                       regions_5|         array|
|regions_5_d0             |  out|   32|   ap_memory|                                       regions_5|         array|
|regions_21_address0      |  out|    9|   ap_memory|                                      regions_21|         array|
|regions_21_ce0           |  out|    1|   ap_memory|                                      regions_21|         array|
|regions_21_we0           |  out|    1|   ap_memory|                                      regions_21|         array|
|regions_21_d0            |  out|   32|   ap_memory|                                      regions_21|         array|
|regions_37_address0      |  out|    9|   ap_memory|                                      regions_37|         array|
|regions_37_ce0           |  out|    1|   ap_memory|                                      regions_37|         array|
|regions_37_we0           |  out|    1|   ap_memory|                                      regions_37|         array|
|regions_37_d0            |  out|   32|   ap_memory|                                      regions_37|         array|
|regions_6_address0       |  out|    9|   ap_memory|                                       regions_6|         array|
|regions_6_ce0            |  out|    1|   ap_memory|                                       regions_6|         array|
|regions_6_we0            |  out|    1|   ap_memory|                                       regions_6|         array|
|regions_6_d0             |  out|   32|   ap_memory|                                       regions_6|         array|
|regions_22_address0      |  out|    9|   ap_memory|                                      regions_22|         array|
|regions_22_ce0           |  out|    1|   ap_memory|                                      regions_22|         array|
|regions_22_we0           |  out|    1|   ap_memory|                                      regions_22|         array|
|regions_22_d0            |  out|   32|   ap_memory|                                      regions_22|         array|
|regions_38_address0      |  out|    9|   ap_memory|                                      regions_38|         array|
|regions_38_ce0           |  out|    1|   ap_memory|                                      regions_38|         array|
|regions_38_we0           |  out|    1|   ap_memory|                                      regions_38|         array|
|regions_38_d0            |  out|   32|   ap_memory|                                      regions_38|         array|
|regions_7_address0       |  out|    9|   ap_memory|                                       regions_7|         array|
|regions_7_ce0            |  out|    1|   ap_memory|                                       regions_7|         array|
|regions_7_we0            |  out|    1|   ap_memory|                                       regions_7|         array|
|regions_7_d0             |  out|   32|   ap_memory|                                       regions_7|         array|
|regions_23_address0      |  out|    9|   ap_memory|                                      regions_23|         array|
|regions_23_ce0           |  out|    1|   ap_memory|                                      regions_23|         array|
|regions_23_we0           |  out|    1|   ap_memory|                                      regions_23|         array|
|regions_23_d0            |  out|   32|   ap_memory|                                      regions_23|         array|
|regions_39_address0      |  out|    9|   ap_memory|                                      regions_39|         array|
|regions_39_ce0           |  out|    1|   ap_memory|                                      regions_39|         array|
|regions_39_we0           |  out|    1|   ap_memory|                                      regions_39|         array|
|regions_39_d0            |  out|   32|   ap_memory|                                      regions_39|         array|
|regions_8_address0       |  out|    9|   ap_memory|                                       regions_8|         array|
|regions_8_ce0            |  out|    1|   ap_memory|                                       regions_8|         array|
|regions_8_we0            |  out|    1|   ap_memory|                                       regions_8|         array|
|regions_8_d0             |  out|   32|   ap_memory|                                       regions_8|         array|
|regions_24_address0      |  out|    9|   ap_memory|                                      regions_24|         array|
|regions_24_ce0           |  out|    1|   ap_memory|                                      regions_24|         array|
|regions_24_we0           |  out|    1|   ap_memory|                                      regions_24|         array|
|regions_24_d0            |  out|   32|   ap_memory|                                      regions_24|         array|
|regions_40_address0      |  out|    9|   ap_memory|                                      regions_40|         array|
|regions_40_ce0           |  out|    1|   ap_memory|                                      regions_40|         array|
|regions_40_we0           |  out|    1|   ap_memory|                                      regions_40|         array|
|regions_40_d0            |  out|   32|   ap_memory|                                      regions_40|         array|
|regions_9_address0       |  out|    9|   ap_memory|                                       regions_9|         array|
|regions_9_ce0            |  out|    1|   ap_memory|                                       regions_9|         array|
|regions_9_we0            |  out|    1|   ap_memory|                                       regions_9|         array|
|regions_9_d0             |  out|   32|   ap_memory|                                       regions_9|         array|
|regions_25_address0      |  out|    9|   ap_memory|                                      regions_25|         array|
|regions_25_ce0           |  out|    1|   ap_memory|                                      regions_25|         array|
|regions_25_we0           |  out|    1|   ap_memory|                                      regions_25|         array|
|regions_25_d0            |  out|   32|   ap_memory|                                      regions_25|         array|
|regions_41_address0      |  out|    9|   ap_memory|                                      regions_41|         array|
|regions_41_ce0           |  out|    1|   ap_memory|                                      regions_41|         array|
|regions_41_we0           |  out|    1|   ap_memory|                                      regions_41|         array|
|regions_41_d0            |  out|   32|   ap_memory|                                      regions_41|         array|
|regions_10_address0      |  out|    9|   ap_memory|                                      regions_10|         array|
|regions_10_ce0           |  out|    1|   ap_memory|                                      regions_10|         array|
|regions_10_we0           |  out|    1|   ap_memory|                                      regions_10|         array|
|regions_10_d0            |  out|   32|   ap_memory|                                      regions_10|         array|
|regions_26_address0      |  out|    9|   ap_memory|                                      regions_26|         array|
|regions_26_ce0           |  out|    1|   ap_memory|                                      regions_26|         array|
|regions_26_we0           |  out|    1|   ap_memory|                                      regions_26|         array|
|regions_26_d0            |  out|   32|   ap_memory|                                      regions_26|         array|
|regions_42_address0      |  out|    9|   ap_memory|                                      regions_42|         array|
|regions_42_ce0           |  out|    1|   ap_memory|                                      regions_42|         array|
|regions_42_we0           |  out|    1|   ap_memory|                                      regions_42|         array|
|regions_42_d0            |  out|   32|   ap_memory|                                      regions_42|         array|
|regions_11_address0      |  out|    9|   ap_memory|                                      regions_11|         array|
|regions_11_ce0           |  out|    1|   ap_memory|                                      regions_11|         array|
|regions_11_we0           |  out|    1|   ap_memory|                                      regions_11|         array|
|regions_11_d0            |  out|   32|   ap_memory|                                      regions_11|         array|
|regions_27_address0      |  out|    9|   ap_memory|                                      regions_27|         array|
|regions_27_ce0           |  out|    1|   ap_memory|                                      regions_27|         array|
|regions_27_we0           |  out|    1|   ap_memory|                                      regions_27|         array|
|regions_27_d0            |  out|   32|   ap_memory|                                      regions_27|         array|
|regions_43_address0      |  out|    9|   ap_memory|                                      regions_43|         array|
|regions_43_ce0           |  out|    1|   ap_memory|                                      regions_43|         array|
|regions_43_we0           |  out|    1|   ap_memory|                                      regions_43|         array|
|regions_43_d0            |  out|   32|   ap_memory|                                      regions_43|         array|
|regions_12_address0      |  out|    9|   ap_memory|                                      regions_12|         array|
|regions_12_ce0           |  out|    1|   ap_memory|                                      regions_12|         array|
|regions_12_we0           |  out|    1|   ap_memory|                                      regions_12|         array|
|regions_12_d0            |  out|   32|   ap_memory|                                      regions_12|         array|
|regions_28_address0      |  out|    9|   ap_memory|                                      regions_28|         array|
|regions_28_ce0           |  out|    1|   ap_memory|                                      regions_28|         array|
|regions_28_we0           |  out|    1|   ap_memory|                                      regions_28|         array|
|regions_28_d0            |  out|   32|   ap_memory|                                      regions_28|         array|
|regions_44_address0      |  out|    9|   ap_memory|                                      regions_44|         array|
|regions_44_ce0           |  out|    1|   ap_memory|                                      regions_44|         array|
|regions_44_we0           |  out|    1|   ap_memory|                                      regions_44|         array|
|regions_44_d0            |  out|   32|   ap_memory|                                      regions_44|         array|
|regions_13_address0      |  out|    9|   ap_memory|                                      regions_13|         array|
|regions_13_ce0           |  out|    1|   ap_memory|                                      regions_13|         array|
|regions_13_we0           |  out|    1|   ap_memory|                                      regions_13|         array|
|regions_13_d0            |  out|   32|   ap_memory|                                      regions_13|         array|
|regions_29_address0      |  out|    9|   ap_memory|                                      regions_29|         array|
|regions_29_ce0           |  out|    1|   ap_memory|                                      regions_29|         array|
|regions_29_we0           |  out|    1|   ap_memory|                                      regions_29|         array|
|regions_29_d0            |  out|   32|   ap_memory|                                      regions_29|         array|
|regions_45_address0      |  out|    9|   ap_memory|                                      regions_45|         array|
|regions_45_ce0           |  out|    1|   ap_memory|                                      regions_45|         array|
|regions_45_we0           |  out|    1|   ap_memory|                                      regions_45|         array|
|regions_45_d0            |  out|   32|   ap_memory|                                      regions_45|         array|
|regions_14_address0      |  out|    9|   ap_memory|                                      regions_14|         array|
|regions_14_ce0           |  out|    1|   ap_memory|                                      regions_14|         array|
|regions_14_we0           |  out|    1|   ap_memory|                                      regions_14|         array|
|regions_14_d0            |  out|   32|   ap_memory|                                      regions_14|         array|
|regions_30_address0      |  out|    9|   ap_memory|                                      regions_30|         array|
|regions_30_ce0           |  out|    1|   ap_memory|                                      regions_30|         array|
|regions_30_we0           |  out|    1|   ap_memory|                                      regions_30|         array|
|regions_30_d0            |  out|   32|   ap_memory|                                      regions_30|         array|
|regions_46_address0      |  out|    9|   ap_memory|                                      regions_46|         array|
|regions_46_ce0           |  out|    1|   ap_memory|                                      regions_46|         array|
|regions_46_we0           |  out|    1|   ap_memory|                                      regions_46|         array|
|regions_46_d0            |  out|   32|   ap_memory|                                      regions_46|         array|
|regions_15_address0      |  out|    9|   ap_memory|                                      regions_15|         array|
|regions_15_ce0           |  out|    1|   ap_memory|                                      regions_15|         array|
|regions_15_we0           |  out|    1|   ap_memory|                                      regions_15|         array|
|regions_15_d0            |  out|   32|   ap_memory|                                      regions_15|         array|
|regions_31_address0      |  out|    9|   ap_memory|                                      regions_31|         array|
|regions_31_ce0           |  out|    1|   ap_memory|                                      regions_31|         array|
|regions_31_we0           |  out|    1|   ap_memory|                                      regions_31|         array|
|regions_31_d0            |  out|   32|   ap_memory|                                      regions_31|         array|
|regions_47_address0      |  out|    9|   ap_memory|                                      regions_47|         array|
|regions_47_ce0           |  out|    1|   ap_memory|                                      regions_47|         array|
|regions_47_we0           |  out|    1|   ap_memory|                                      regions_47|         array|
|regions_47_d0            |  out|   32|   ap_memory|                                      regions_47|         array|
+-------------------------+-----+-----+------------+------------------------------------------------+--------------+

