

================================================================
== Vitis HLS Report for 'runTrain_Block_entry174_proc'
================================================================
* Date:           Mon Oct 17 15:15:02 2022

* Version:        2022.1 (Build 3526262 on Mon Apr 18 15:47:01 MDT 2022)
* Project:        detector_solid
* Solution:       solution2 (Vitis Kernel Flow Target)
* Product family: zynq
* Target device:  xc7z020-clg484-1


================================================================
== Performance Estimates
================================================================
+ Timing: 
    * Summary: 
    +--------+----------+-----------+------------+
    |  Clock |  Target  | Estimated | Uncertainty|
    +--------+----------+-----------+------------+
    |ap_clk  |  18.00 ns|  13.694 ns|     4.86 ns|
    +--------+----------+-----------+------------+

+ Latency: 
    * Summary: 
    +---------+---------+----------+-----------+-----+------+---------+
    |  Latency (cycles) |  Latency (absolute)  |  Interval  | Pipeline|
    |   min   |   max   |    min   |    max    | min |  max |   Type  |
    +---------+---------+----------+-----------+-----+------+---------+
    |        9|     1205|  0.162 us|  21.690 us|    9|  1205|       no|
    +---------+---------+----------+-----------+-----+------+---------+

    + Detail: 
        * Instance: 
        +---------------------------+---------------+---------+---------+----------+-----------+-----+------+---------+
        |                           |               |  Latency (cycles) |  Latency (absolute)  |  Interval  | Pipeline|
        |          Instance         |     Module    |   min   |   max   |    min   |    max    | min |  max |   Type  |
        +---------------------------+---------------+---------+---------+----------+-----------+-----+------+---------+
        |grp_insert_point2_fu_9900  |insert_point2  |        8|     1204|  0.144 us|  21.672 us|    8|  1204|       no|
        +---------------------------+---------------+---------+---------+----------+-----------+-----+------+---------+

        * Loop: 
        N/A



================================================================
== Utilization Estimates
================================================================
* Summary: 
+-----------------+---------+-----+--------+-------+-----+
|       Name      | BRAM_18K| DSP |   FF   |  LUT  | URAM|
+-----------------+---------+-----+--------+-------+-----+
|DSP              |        -|    -|       -|      -|    -|
|Expression       |        -|    -|       0|      4|    -|
|FIFO             |        -|    -|       -|      -|    -|
|Instance         |        -|   22|    8108|  12841|    -|
|Memory           |        -|    -|       -|      -|    -|
|Multiplexer      |        -|    -|       -|   4535|    -|
|Register         |        -|    -|    1028|      -|    -|
+-----------------+---------+-----+--------+-------+-----+
|Total            |        0|   22|    9136|  17380|    0|
+-----------------+---------+-----+--------+-------+-----+
|Available        |      280|  220|  106400|  53200|    0|
+-----------------+---------+-----+--------+-------+-----+
|Utilization (%)  |        0|   10|       8|     32|    0|
+-----------------+---------+-----+--------+-------+-----+

+ Detail: 
    * Instance: 
    +---------------------------+---------------+---------+----+------+-------+-----+
    |          Instance         |     Module    | BRAM_18K| DSP|  FF  |  LUT  | URAM|
    +---------------------------+---------------+---------+----+------+-------+-----+
    |grp_insert_point2_fu_9900  |insert_point2  |        0|  22|  8108|  12841|    0|
    +---------------------------+---------------+---------+----+------+-------+-----+
    |Total                      |               |        0|  22|  8108|  12841|    0|
    +---------------------------+---------------+---------+----+------+-------+-----+

    * DSP: 
    N/A

    * Memory: 
    N/A

    * FIFO: 
    N/A

    * Expression: 
    +---------------------------------+----------+----+---+----+------------+------------+
    |          Variable Name          | Operation| DSP| FF| LUT| Bitwidth P0| Bitwidth P1|
    +---------------------------------+----------+----+---+----+------------+------------+
    |ap_block_state1                  |        or|   0|  0|   2|           1|           1|
    |ap_block_state2_on_subcall_done  |        or|   0|  0|   2|           1|           1|
    +---------------------------------+----------+----+---+----+------------+------------+
    |Total                            |          |   0|  0|   4|           2|           2|
    +---------------------------------+----------+----+---+----+------------+------------+

    * Multiplexer: 
    +------------------------------------------------------+-----+-----------+-----+-----------+
    |                         Name                         | LUT | Input Size| Bits| Total Bits|
    +------------------------------------------------------+-----+-----------+-----+-----------+
    |ap_NS_fsm                                             |   14|          3|    1|          3|
    |ap_done                                               |    9|          2|    1|          2|
    |ap_phi_mux_p_ZL9n_regions_0_copy_0_phi_fu_1327_p128   |   14|          3|    8|         24|
    |ap_phi_mux_p_ZL9n_regions_10_copy_0_phi_fu_1595_p128  |   14|          3|    8|         24|
    |ap_phi_mux_p_ZL9n_regions_11_copy_0_phi_fu_1729_p128  |   14|          3|    8|         24|
    |ap_phi_mux_p_ZL9n_regions_12_copy_0_phi_fu_1863_p128  |   14|          3|    8|         24|
    |ap_phi_mux_p_ZL9n_regions_13_copy_0_phi_fu_1997_p128  |   14|          3|    8|         24|
    |ap_phi_mux_p_ZL9n_regions_14_copy_0_phi_fu_2131_p128  |   14|          3|    8|         24|
    |ap_phi_mux_p_ZL9n_regions_15_copy_0_phi_fu_2265_p128  |   14|          3|    8|         24|
    |ap_phi_mux_p_ZL9n_regions_16_copy_0_phi_fu_2399_p128  |   14|          3|    8|         24|
    |ap_phi_mux_p_ZL9n_regions_17_copy_0_phi_fu_2533_p128  |   14|          3|    8|         24|
    |ap_phi_mux_p_ZL9n_regions_18_copy_0_phi_fu_2667_p128  |   14|          3|    8|         24|
    |ap_phi_mux_p_ZL9n_regions_19_copy_0_phi_fu_2801_p128  |   14|          3|    8|         24|
    |ap_phi_mux_p_ZL9n_regions_1_copy_0_phi_fu_1461_p128   |   14|          3|    8|         24|
    |ap_phi_mux_p_ZL9n_regions_20_copy_0_phi_fu_3069_p128  |   14|          3|    8|         24|
    |ap_phi_mux_p_ZL9n_regions_21_copy_0_phi_fu_3203_p128  |   14|          3|    8|         24|
    |ap_phi_mux_p_ZL9n_regions_22_copy_0_phi_fu_3337_p128  |   14|          3|    8|         24|
    |ap_phi_mux_p_ZL9n_regions_23_copy_0_phi_fu_3471_p128  |   14|          3|    8|         24|
    |ap_phi_mux_p_ZL9n_regions_24_copy_0_phi_fu_3605_p128  |   14|          3|    8|         24|
    |ap_phi_mux_p_ZL9n_regions_25_copy_0_phi_fu_3739_p128  |   14|          3|    8|         24|
    |ap_phi_mux_p_ZL9n_regions_26_copy_0_phi_fu_3873_p128  |   14|          3|    8|         24|
    |ap_phi_mux_p_ZL9n_regions_27_copy_0_phi_fu_4007_p128  |   14|          3|    8|         24|
    |ap_phi_mux_p_ZL9n_regions_28_copy_0_phi_fu_4141_p128  |   14|          3|    8|         24|
    |ap_phi_mux_p_ZL9n_regions_29_copy_0_phi_fu_4275_p128  |   14|          3|    8|         24|
    |ap_phi_mux_p_ZL9n_regions_2_copy_0_phi_fu_2935_p128   |   14|          3|    8|         24|
    |ap_phi_mux_p_ZL9n_regions_30_copy_0_phi_fu_4543_p128  |   14|          3|    8|         24|
    |ap_phi_mux_p_ZL9n_regions_31_copy_0_phi_fu_4677_p128  |   14|          3|    8|         24|
    |ap_phi_mux_p_ZL9n_regions_32_copy_0_phi_fu_4811_p128  |   14|          3|    8|         24|
    |ap_phi_mux_p_ZL9n_regions_33_copy_0_phi_fu_4945_p128  |   14|          3|    8|         24|
    |ap_phi_mux_p_ZL9n_regions_34_copy_0_phi_fu_5079_p128  |   14|          3|    8|         24|
    |ap_phi_mux_p_ZL9n_regions_35_copy_0_phi_fu_5213_p128  |   14|          3|    8|         24|
    |ap_phi_mux_p_ZL9n_regions_36_copy_0_phi_fu_5347_p128  |   14|          3|    8|         24|
    |ap_phi_mux_p_ZL9n_regions_37_copy_0_phi_fu_5481_p128  |   14|          3|    8|         24|
    |ap_phi_mux_p_ZL9n_regions_38_copy_0_phi_fu_5615_p128  |   14|          3|    8|         24|
    |ap_phi_mux_p_ZL9n_regions_39_copy_0_phi_fu_5749_p128  |   14|          3|    8|         24|
    |ap_phi_mux_p_ZL9n_regions_3_copy_0_phi_fu_4409_p128   |   14|          3|    8|         24|
    |ap_phi_mux_p_ZL9n_regions_40_copy_0_phi_fu_6017_p128  |   14|          3|    8|         24|
    |ap_phi_mux_p_ZL9n_regions_41_copy_0_phi_fu_6151_p128  |   14|          3|    8|         24|
    |ap_phi_mux_p_ZL9n_regions_42_copy_0_phi_fu_6285_p128  |   14|          3|    8|         24|
    |ap_phi_mux_p_ZL9n_regions_43_copy_0_phi_fu_6419_p128  |   14|          3|    8|         24|
    |ap_phi_mux_p_ZL9n_regions_44_copy_0_phi_fu_6553_p128  |   14|          3|    8|         24|
    |ap_phi_mux_p_ZL9n_regions_45_copy_0_phi_fu_6687_p128  |   14|          3|    8|         24|
    |ap_phi_mux_p_ZL9n_regions_46_copy_0_phi_fu_6821_p128  |   14|          3|    8|         24|
    |ap_phi_mux_p_ZL9n_regions_47_copy_0_phi_fu_6955_p128  |   14|          3|    8|         24|
    |ap_phi_mux_p_ZL9n_regions_48_copy_0_phi_fu_7089_p128  |   14|          3|    8|         24|
    |ap_phi_mux_p_ZL9n_regions_49_copy_0_phi_fu_7223_p128  |   14|          3|    8|         24|
    |ap_phi_mux_p_ZL9n_regions_4_copy_0_phi_fu_5883_p128   |   14|          3|    8|         24|
    |ap_phi_mux_p_ZL9n_regions_50_copy_0_phi_fu_7491_p128  |   14|          3|    8|         24|
    |ap_phi_mux_p_ZL9n_regions_51_copy_0_phi_fu_7625_p128  |   14|          3|    8|         24|
    |ap_phi_mux_p_ZL9n_regions_52_copy_0_phi_fu_7759_p128  |   14|          3|    8|         24|
    |ap_phi_mux_p_ZL9n_regions_53_copy_0_phi_fu_7893_p128  |   14|          3|    8|         24|
    |ap_phi_mux_p_ZL9n_regions_54_copy_0_phi_fu_8027_p128  |   14|          3|    8|         24|
    |ap_phi_mux_p_ZL9n_regions_55_copy_0_phi_fu_8161_p128  |   14|          3|    8|         24|
    |ap_phi_mux_p_ZL9n_regions_56_copy_0_phi_fu_8295_p128  |   14|          3|    8|         24|
    |ap_phi_mux_p_ZL9n_regions_57_copy_0_phi_fu_8429_p128  |   14|          3|    8|         24|
    |ap_phi_mux_p_ZL9n_regions_58_copy_0_phi_fu_8563_p128  |   14|          3|    8|         24|
    |ap_phi_mux_p_ZL9n_regions_59_copy_0_phi_fu_8697_p128  |   14|          3|    8|         24|
    |ap_phi_mux_p_ZL9n_regions_5_copy_0_phi_fu_7357_p128   |   14|          3|    8|         24|
    |ap_phi_mux_p_ZL9n_regions_60_copy_0_phi_fu_8965_p128  |   14|          3|    8|         24|
    |ap_phi_mux_p_ZL9n_regions_61_copy_0_phi_fu_9099_p128  |   14|          3|    8|         24|
    |ap_phi_mux_p_ZL9n_regions_62_copy_0_phi_fu_9233_p128  |   14|          3|    8|         24|
    |ap_phi_mux_p_ZL9n_regions_63_copy_0_phi_fu_9367_p128  |   14|          3|    8|         24|
    |ap_phi_mux_p_ZL9n_regions_6_copy_0_phi_fu_8831_p128   |   14|          3|    8|         24|
    |ap_phi_mux_p_ZL9n_regions_7_copy_0_phi_fu_9501_p128   |   14|          3|    8|         24|
    |ap_phi_mux_p_ZL9n_regions_8_copy_0_phi_fu_9635_p128   |   14|          3|    8|         24|
    |ap_phi_mux_p_ZL9n_regions_9_copy_0_phi_fu_9769_p128   |   14|          3|    8|         24|
    |grp_insert_point2_fu_9900_n_regions_V_read            |  281|         65|    8|        520|
    |grp_insert_point2_fu_9900_n_regions_V_read_2          |  281|         65|    8|        520|
    |grp_insert_point2_fu_9900_regions_center_0_offset     |  281|         65|    6|        390|
    |grp_insert_point2_fu_9900_regions_center_1_offset     |  281|         65|    6|        390|
    |grp_insert_point2_fu_9900_regions_max_0_offset        |  281|         65|    6|        390|
    |grp_insert_point2_fu_9900_regions_max_1_offset        |  281|         65|    6|        390|
    |grp_insert_point2_fu_9900_regions_min_0_offset        |  281|         65|    6|        390|
    |grp_insert_point2_fu_9900_regions_min_1_offset        |  281|         65|    6|        390|
    |p_ZL9n_regions_0_in_blk_n                             |    9|          2|    1|          2|
    |p_ZL9n_regions_0_out                                  |    9|          2|    8|         16|
    |p_ZL9n_regions_10_in_blk_n                            |    9|          2|    1|          2|
    |p_ZL9n_regions_10_out                                 |    9|          2|    8|         16|
    |p_ZL9n_regions_11_in_blk_n                            |    9|          2|    1|          2|
    |p_ZL9n_regions_11_out                                 |    9|          2|    8|         16|
    |p_ZL9n_regions_12_in_blk_n                            |    9|          2|    1|          2|
    |p_ZL9n_regions_12_out                                 |    9|          2|    8|         16|
    |p_ZL9n_regions_13_in_blk_n                            |    9|          2|    1|          2|
    |p_ZL9n_regions_13_out                                 |    9|          2|    8|         16|
    |p_ZL9n_regions_14_in_blk_n                            |    9|          2|    1|          2|
    |p_ZL9n_regions_14_out                                 |    9|          2|    8|         16|
    |p_ZL9n_regions_15_in_blk_n                            |    9|          2|    1|          2|
    |p_ZL9n_regions_15_out                                 |    9|          2|    8|         16|
    |p_ZL9n_regions_16_in_blk_n                            |    9|          2|    1|          2|
    |p_ZL9n_regions_16_out                                 |    9|          2|    8|         16|
    |p_ZL9n_regions_17_in_blk_n                            |    9|          2|    1|          2|
    |p_ZL9n_regions_17_out                                 |    9|          2|    8|         16|
    |p_ZL9n_regions_18_in_blk_n                            |    9|          2|    1|          2|
    |p_ZL9n_regions_18_out                                 |    9|          2|    8|         16|
    |p_ZL9n_regions_19_in_blk_n                            |    9|          2|    1|          2|
    |p_ZL9n_regions_19_out                                 |    9|          2|    8|         16|
    |p_ZL9n_regions_1_in_blk_n                             |    9|          2|    1|          2|
    |p_ZL9n_regions_1_out                                  |    9|          2|    8|         16|
    |p_ZL9n_regions_20_in_blk_n                            |    9|          2|    1|          2|
    |p_ZL9n_regions_20_out                                 |    9|          2|    8|         16|
    |p_ZL9n_regions_21_in_blk_n                            |    9|          2|    1|          2|
    |p_ZL9n_regions_21_out                                 |    9|          2|    8|         16|
    |p_ZL9n_regions_22_in_blk_n                            |    9|          2|    1|          2|
    |p_ZL9n_regions_22_out                                 |    9|          2|    8|         16|
    |p_ZL9n_regions_23_in_blk_n                            |    9|          2|    1|          2|
    |p_ZL9n_regions_23_out                                 |    9|          2|    8|         16|
    |p_ZL9n_regions_24_in_blk_n                            |    9|          2|    1|          2|
    |p_ZL9n_regions_24_out                                 |    9|          2|    8|         16|
    |p_ZL9n_regions_25_in_blk_n                            |    9|          2|    1|          2|
    |p_ZL9n_regions_25_out                                 |    9|          2|    8|         16|
    |p_ZL9n_regions_26_in_blk_n                            |    9|          2|    1|          2|
    |p_ZL9n_regions_26_out                                 |    9|          2|    8|         16|
    |p_ZL9n_regions_27_in_blk_n                            |    9|          2|    1|          2|
    |p_ZL9n_regions_27_out                                 |    9|          2|    8|         16|
    |p_ZL9n_regions_28_in_blk_n                            |    9|          2|    1|          2|
    |p_ZL9n_regions_28_out                                 |    9|          2|    8|         16|
    |p_ZL9n_regions_29_in_blk_n                            |    9|          2|    1|          2|
    |p_ZL9n_regions_29_out                                 |    9|          2|    8|         16|
    |p_ZL9n_regions_2_in_blk_n                             |    9|          2|    1|          2|
    |p_ZL9n_regions_2_out                                  |    9|          2|    8|         16|
    |p_ZL9n_regions_30_in_blk_n                            |    9|          2|    1|          2|
    |p_ZL9n_regions_30_out                                 |    9|          2|    8|         16|
    |p_ZL9n_regions_31_in_blk_n                            |    9|          2|    1|          2|
    |p_ZL9n_regions_31_out                                 |    9|          2|    8|         16|
    |p_ZL9n_regions_32_in_blk_n                            |    9|          2|    1|          2|
    |p_ZL9n_regions_32_out                                 |    9|          2|    8|         16|
    |p_ZL9n_regions_33_in_blk_n                            |    9|          2|    1|          2|
    |p_ZL9n_regions_33_out                                 |    9|          2|    8|         16|
    |p_ZL9n_regions_34_in_blk_n                            |    9|          2|    1|          2|
    |p_ZL9n_regions_34_out                                 |    9|          2|    8|         16|
    |p_ZL9n_regions_35_in_blk_n                            |    9|          2|    1|          2|
    |p_ZL9n_regions_35_out                                 |    9|          2|    8|         16|
    |p_ZL9n_regions_36_in_blk_n                            |    9|          2|    1|          2|
    |p_ZL9n_regions_36_out                                 |    9|          2|    8|         16|
    |p_ZL9n_regions_37_in_blk_n                            |    9|          2|    1|          2|
    |p_ZL9n_regions_37_out                                 |    9|          2|    8|         16|
    |p_ZL9n_regions_38_in_blk_n                            |    9|          2|    1|          2|
    |p_ZL9n_regions_38_out                                 |    9|          2|    8|         16|
    |p_ZL9n_regions_39_in_blk_n                            |    9|          2|    1|          2|
    |p_ZL9n_regions_39_out                                 |    9|          2|    8|         16|
    |p_ZL9n_regions_3_in_blk_n                             |    9|          2|    1|          2|
    |p_ZL9n_regions_3_out                                  |    9|          2|    8|         16|
    |p_ZL9n_regions_40_in_blk_n                            |    9|          2|    1|          2|
    |p_ZL9n_regions_40_out                                 |    9|          2|    8|         16|
    |p_ZL9n_regions_41_in_blk_n                            |    9|          2|    1|          2|
    |p_ZL9n_regions_41_out                                 |    9|          2|    8|         16|
    |p_ZL9n_regions_42_in_blk_n                            |    9|          2|    1|          2|
    |p_ZL9n_regions_42_out                                 |    9|          2|    8|         16|
    |p_ZL9n_regions_43_in_blk_n                            |    9|          2|    1|          2|
    |p_ZL9n_regions_43_out                                 |    9|          2|    8|         16|
    |p_ZL9n_regions_44_in_blk_n                            |    9|          2|    1|          2|
    |p_ZL9n_regions_44_out                                 |    9|          2|    8|         16|
    |p_ZL9n_regions_45_in_blk_n                            |    9|          2|    1|          2|
    |p_ZL9n_regions_45_out                                 |    9|          2|    8|         16|
    |p_ZL9n_regions_46_in_blk_n                            |    9|          2|    1|          2|
    |p_ZL9n_regions_46_out                                 |    9|          2|    8|         16|
    |p_ZL9n_regions_47_in_blk_n                            |    9|          2|    1|          2|
    |p_ZL9n_regions_47_out                                 |    9|          2|    8|         16|
    |p_ZL9n_regions_48_in_blk_n                            |    9|          2|    1|          2|
    |p_ZL9n_regions_48_out                                 |    9|          2|    8|         16|
    |p_ZL9n_regions_49_in_blk_n                            |    9|          2|    1|          2|
    |p_ZL9n_regions_49_out                                 |    9|          2|    8|         16|
    |p_ZL9n_regions_4_in_blk_n                             |    9|          2|    1|          2|
    |p_ZL9n_regions_4_out                                  |    9|          2|    8|         16|
    |p_ZL9n_regions_50_in_blk_n                            |    9|          2|    1|          2|
    |p_ZL9n_regions_50_out                                 |    9|          2|    8|         16|
    |p_ZL9n_regions_51_in_blk_n                            |    9|          2|    1|          2|
    |p_ZL9n_regions_51_out                                 |    9|          2|    8|         16|
    |p_ZL9n_regions_52_in_blk_n                            |    9|          2|    1|          2|
    |p_ZL9n_regions_52_out                                 |    9|          2|    8|         16|
    |p_ZL9n_regions_53_in_blk_n                            |    9|          2|    1|          2|
    |p_ZL9n_regions_53_out                                 |    9|          2|    8|         16|
    |p_ZL9n_regions_54_in_blk_n                            |    9|          2|    1|          2|
    |p_ZL9n_regions_54_out                                 |    9|          2|    8|         16|
    |p_ZL9n_regions_55_in_blk_n                            |    9|          2|    1|          2|
    |p_ZL9n_regions_55_out                                 |    9|          2|    8|         16|
    |p_ZL9n_regions_56_in_blk_n                            |    9|          2|    1|          2|
    |p_ZL9n_regions_56_out                                 |    9|          2|    8|         16|
    |p_ZL9n_regions_57_in_blk_n                            |    9|          2|    1|          2|
    |p_ZL9n_regions_57_out                                 |    9|          2|    8|         16|
    |p_ZL9n_regions_58_in_blk_n                            |    9|          2|    1|          2|
    |p_ZL9n_regions_58_out                                 |    9|          2|    8|         16|
    |p_ZL9n_regions_59_in_blk_n                            |    9|          2|    1|          2|
    |p_ZL9n_regions_59_out                                 |    9|          2|    8|         16|
    |p_ZL9n_regions_5_in_blk_n                             |    9|          2|    1|          2|
    |p_ZL9n_regions_5_out                                  |    9|          2|    8|         16|
    |p_ZL9n_regions_60_in_blk_n                            |    9|          2|    1|          2|
    |p_ZL9n_regions_60_out                                 |    9|          2|    8|         16|
    |p_ZL9n_regions_61_in_blk_n                            |    9|          2|    1|          2|
    |p_ZL9n_regions_61_out                                 |    9|          2|    8|         16|
    |p_ZL9n_regions_62_in_blk_n                            |    9|          2|    1|          2|
    |p_ZL9n_regions_62_out                                 |    9|          2|    8|         16|
    |p_ZL9n_regions_63_in_blk_n                            |    9|          2|    1|          2|
    |p_ZL9n_regions_63_out                                 |    9|          2|    8|         16|
    |p_ZL9n_regions_6_in_blk_n                             |    9|          2|    1|          2|
    |p_ZL9n_regions_6_out                                  |    9|          2|    8|         16|
    |p_ZL9n_regions_7_in_blk_n                             |    9|          2|    1|          2|
    |p_ZL9n_regions_7_out                                  |    9|          2|    8|         16|
    |p_ZL9n_regions_8_in_blk_n                             |    9|          2|    1|          2|
    |p_ZL9n_regions_8_out                                  |    9|          2|    8|         16|
    |p_ZL9n_regions_9_in_blk_n                             |    9|          2|    1|          2|
    |p_ZL9n_regions_9_out                                  |    9|          2|    8|         16|
    |regions_2_ce0                                         |    9|          2|    1|          2|
    |regions_2_ce1                                         |    9|          2|    1|          2|
    |regions_2_we0                                         |    9|          2|    1|          2|
    |regions_2_we1                                         |    9|          2|    1|          2|
    |regions_3_ce0                                         |    9|          2|    1|          2|
    |regions_3_ce1                                         |    9|          2|    1|          2|
    |regions_3_we0                                         |    9|          2|    1|          2|
    |regions_3_we1                                         |    9|          2|    1|          2|
    |regions_4_ce0                                         |    9|          2|    1|          2|
    |regions_4_ce1                                         |    9|          2|    1|          2|
    |regions_4_we0                                         |    9|          2|    1|          2|
    |regions_4_we1                                         |    9|          2|    1|          2|
    |regions_5_ce0                                         |    9|          2|    1|          2|
    |regions_5_ce1                                         |    9|          2|    1|          2|
    |regions_5_we0                                         |    9|          2|    1|          2|
    |regions_5_we1                                         |    9|          2|    1|          2|
    |regions_6_ce0                                         |    9|          2|    1|          2|
    |regions_6_ce1                                         |    9|          2|    1|          2|
    |regions_6_we0                                         |    9|          2|    1|          2|
    |regions_6_we1                                         |    9|          2|    1|          2|
    |regions_ce0                                           |    9|          2|    1|          2|
    |regions_ce1                                           |    9|          2|    1|          2|
    |regions_we0                                           |    9|          2|    1|          2|
    |regions_we1                                           |    9|          2|    1|          2|
    +------------------------------------------------------+-----+-----------+-----+-----------+
    |Total                                                 | 4535|       1021| 1166|       6121|
    +------------------------------------------------------+-----+-----------+-----+-----------+

    * Register: 
    +----------------------------------------+----+----+-----+-----------+
    |                  Name                  | FF | LUT| Bits| Const Bits|
    +----------------------------------------+----+----+-----+-----------+
    |ap_CS_fsm                               |   2|   0|    2|          0|
    |ap_done_reg                             |   1|   0|    1|          0|
    |grp_insert_point2_fu_9900_ap_start_reg  |   1|   0|    1|          0|
    |p_ZL9n_regions_0_in_read_reg_14913      |   8|   0|    8|          0|
    |p_ZL9n_regions_0_out_preg               |   8|   0|    8|          0|
    |p_ZL9n_regions_10_in_read_reg_14775     |   8|   0|    8|          0|
    |p_ZL9n_regions_10_out_preg              |   8|   0|    8|          0|
    |p_ZL9n_regions_11_in_read_reg_14706     |   8|   0|    8|          0|
    |p_ZL9n_regions_11_out_preg              |   8|   0|    8|          0|
    |p_ZL9n_regions_12_in_read_reg_14637     |   8|   0|    8|          0|
    |p_ZL9n_regions_12_out_preg              |   8|   0|    8|          0|
    |p_ZL9n_regions_13_in_read_reg_14568     |   8|   0|    8|          0|
    |p_ZL9n_regions_13_out_preg              |   8|   0|    8|          0|
    |p_ZL9n_regions_14_in_read_reg_14499     |   8|   0|    8|          0|
    |p_ZL9n_regions_14_out_preg              |   8|   0|    8|          0|
    |p_ZL9n_regions_15_in_read_reg_14430     |   8|   0|    8|          0|
    |p_ZL9n_regions_15_out_preg              |   8|   0|    8|          0|
    |p_ZL9n_regions_16_in_read_reg_14361     |   8|   0|    8|          0|
    |p_ZL9n_regions_16_out_preg              |   8|   0|    8|          0|
    |p_ZL9n_regions_17_in_read_reg_14292     |   8|   0|    8|          0|
    |p_ZL9n_regions_17_out_preg              |   8|   0|    8|          0|
    |p_ZL9n_regions_18_in_read_reg_14223     |   8|   0|    8|          0|
    |p_ZL9n_regions_18_out_preg              |   8|   0|    8|          0|
    |p_ZL9n_regions_19_in_read_reg_14154     |   8|   0|    8|          0|
    |p_ZL9n_regions_19_out_preg              |   8|   0|    8|          0|
    |p_ZL9n_regions_1_in_read_reg_14844      |   8|   0|    8|          0|
    |p_ZL9n_regions_1_out_preg               |   8|   0|    8|          0|
    |p_ZL9n_regions_20_in_read_reg_14016     |   8|   0|    8|          0|
    |p_ZL9n_regions_20_out_preg              |   8|   0|    8|          0|
    |p_ZL9n_regions_21_in_read_reg_13947     |   8|   0|    8|          0|
    |p_ZL9n_regions_21_out_preg              |   8|   0|    8|          0|
    |p_ZL9n_regions_22_in_read_reg_13878     |   8|   0|    8|          0|
    |p_ZL9n_regions_22_out_preg              |   8|   0|    8|          0|
    |p_ZL9n_regions_23_in_read_reg_13809     |   8|   0|    8|          0|
    |p_ZL9n_regions_23_out_preg              |   8|   0|    8|          0|
    |p_ZL9n_regions_24_in_read_reg_13740     |   8|   0|    8|          0|
    |p_ZL9n_regions_24_out_preg              |   8|   0|    8|          0|
    |p_ZL9n_regions_25_in_read_reg_13671     |   8|   0|    8|          0|
    |p_ZL9n_regions_25_out_preg              |   8|   0|    8|          0|
    |p_ZL9n_regions_26_in_read_reg_13602     |   8|   0|    8|          0|
    |p_ZL9n_regions_26_out_preg              |   8|   0|    8|          0|
    |p_ZL9n_regions_27_in_read_reg_13533     |   8|   0|    8|          0|
    |p_ZL9n_regions_27_out_preg              |   8|   0|    8|          0|
    |p_ZL9n_regions_28_in_read_reg_13464     |   8|   0|    8|          0|
    |p_ZL9n_regions_28_out_preg              |   8|   0|    8|          0|
    |p_ZL9n_regions_29_in_read_reg_13395     |   8|   0|    8|          0|
    |p_ZL9n_regions_29_out_preg              |   8|   0|    8|          0|
    |p_ZL9n_regions_2_in_read_reg_14085      |   8|   0|    8|          0|
    |p_ZL9n_regions_2_out_preg               |   8|   0|    8|          0|
    |p_ZL9n_regions_30_in_read_reg_13257     |   8|   0|    8|          0|
    |p_ZL9n_regions_30_out_preg              |   8|   0|    8|          0|
    |p_ZL9n_regions_31_in_read_reg_13188     |   8|   0|    8|          0|
    |p_ZL9n_regions_31_out_preg              |   8|   0|    8|          0|
    |p_ZL9n_regions_32_in_read_reg_13119     |   8|   0|    8|          0|
    |p_ZL9n_regions_32_out_preg              |   8|   0|    8|          0|
    |p_ZL9n_regions_33_in_read_reg_13050     |   8|   0|    8|          0|
    |p_ZL9n_regions_33_out_preg              |   8|   0|    8|          0|
    |p_ZL9n_regions_34_in_read_reg_12981     |   8|   0|    8|          0|
    |p_ZL9n_regions_34_out_preg              |   8|   0|    8|          0|
    |p_ZL9n_regions_35_in_read_reg_12912     |   8|   0|    8|          0|
    |p_ZL9n_regions_35_out_preg              |   8|   0|    8|          0|
    |p_ZL9n_regions_36_in_read_reg_12843     |   8|   0|    8|          0|
    |p_ZL9n_regions_36_out_preg              |   8|   0|    8|          0|
    |p_ZL9n_regions_37_in_read_reg_12774     |   8|   0|    8|          0|
    |p_ZL9n_regions_37_out_preg              |   8|   0|    8|          0|
    |p_ZL9n_regions_38_in_read_reg_12705     |   8|   0|    8|          0|
    |p_ZL9n_regions_38_out_preg              |   8|   0|    8|          0|
    |p_ZL9n_regions_39_in_read_reg_12636     |   8|   0|    8|          0|
    |p_ZL9n_regions_39_out_preg              |   8|   0|    8|          0|
    |p_ZL9n_regions_3_in_read_reg_13326      |   8|   0|    8|          0|
    |p_ZL9n_regions_3_out_preg               |   8|   0|    8|          0|
    |p_ZL9n_regions_40_in_read_reg_12498     |   8|   0|    8|          0|
    |p_ZL9n_regions_40_out_preg              |   8|   0|    8|          0|
    |p_ZL9n_regions_41_in_read_reg_12429     |   8|   0|    8|          0|
    |p_ZL9n_regions_41_out_preg              |   8|   0|    8|          0|
    |p_ZL9n_regions_42_in_read_reg_12360     |   8|   0|    8|          0|
    |p_ZL9n_regions_42_out_preg              |   8|   0|    8|          0|
    |p_ZL9n_regions_43_in_read_reg_12291     |   8|   0|    8|          0|
    |p_ZL9n_regions_43_out_preg              |   8|   0|    8|          0|
    |p_ZL9n_regions_44_in_read_reg_12222     |   8|   0|    8|          0|
    |p_ZL9n_regions_44_out_preg              |   8|   0|    8|          0|
    |p_ZL9n_regions_45_in_read_reg_12153     |   8|   0|    8|          0|
    |p_ZL9n_regions_45_out_preg              |   8|   0|    8|          0|
    |p_ZL9n_regions_46_in_read_reg_12084     |   8|   0|    8|          0|
    |p_ZL9n_regions_46_out_preg              |   8|   0|    8|          0|
    |p_ZL9n_regions_47_in_read_reg_12015     |   8|   0|    8|          0|
    |p_ZL9n_regions_47_out_preg              |   8|   0|    8|          0|
    |p_ZL9n_regions_48_in_read_reg_11946     |   8|   0|    8|          0|
    |p_ZL9n_regions_48_out_preg              |   8|   0|    8|          0|
    |p_ZL9n_regions_49_in_read_reg_11877     |   8|   0|    8|          0|
    |p_ZL9n_regions_49_out_preg              |   8|   0|    8|          0|
    |p_ZL9n_regions_4_in_read_reg_12567      |   8|   0|    8|          0|
    |p_ZL9n_regions_4_out_preg               |   8|   0|    8|          0|
    |p_ZL9n_regions_50_in_read_reg_11739     |   8|   0|    8|          0|
    |p_ZL9n_regions_50_out_preg              |   8|   0|    8|          0|
    |p_ZL9n_regions_51_in_read_reg_11670     |   8|   0|    8|          0|
    |p_ZL9n_regions_51_out_preg              |   8|   0|    8|          0|
    |p_ZL9n_regions_52_in_read_reg_11601     |   8|   0|    8|          0|
    |p_ZL9n_regions_52_out_preg              |   8|   0|    8|          0|
    |p_ZL9n_regions_53_in_read_reg_11532     |   8|   0|    8|          0|
    |p_ZL9n_regions_53_out_preg              |   8|   0|    8|          0|
    |p_ZL9n_regions_54_in_read_reg_11463     |   8|   0|    8|          0|
    |p_ZL9n_regions_54_out_preg              |   8|   0|    8|          0|
    |p_ZL9n_regions_55_in_read_reg_11394     |   8|   0|    8|          0|
    |p_ZL9n_regions_55_out_preg              |   8|   0|    8|          0|
    |p_ZL9n_regions_56_in_read_reg_11325     |   8|   0|    8|          0|
    |p_ZL9n_regions_56_out_preg              |   8|   0|    8|          0|
    |p_ZL9n_regions_57_in_read_reg_11256     |   8|   0|    8|          0|
    |p_ZL9n_regions_57_out_preg              |   8|   0|    8|          0|
    |p_ZL9n_regions_58_in_read_reg_11187     |   8|   0|    8|          0|
    |p_ZL9n_regions_58_out_preg              |   8|   0|    8|          0|
    |p_ZL9n_regions_59_in_read_reg_11118     |   8|   0|    8|          0|
    |p_ZL9n_regions_59_out_preg              |   8|   0|    8|          0|
    |p_ZL9n_regions_5_in_read_reg_11808      |   8|   0|    8|          0|
    |p_ZL9n_regions_5_out_preg               |   8|   0|    8|          0|
    |p_ZL9n_regions_60_in_read_reg_10980     |   8|   0|    8|          0|
    |p_ZL9n_regions_60_out_preg              |   8|   0|    8|          0|
    |p_ZL9n_regions_61_in_read_reg_10911     |   8|   0|    8|          0|
    |p_ZL9n_regions_61_out_preg              |   8|   0|    8|          0|
    |p_ZL9n_regions_62_in_read_reg_10842     |   8|   0|    8|          0|
    |p_ZL9n_regions_62_out_preg              |   8|   0|    8|          0|
    |p_ZL9n_regions_63_in_read_reg_10773     |   8|   0|    8|          0|
    |p_ZL9n_regions_63_out_preg              |   8|   0|    8|          0|
    |p_ZL9n_regions_6_in_read_reg_11049      |   8|   0|    8|          0|
    |p_ZL9n_regions_6_out_preg               |   8|   0|    8|          0|
    |p_ZL9n_regions_7_in_read_reg_10704      |   8|   0|    8|          0|
    |p_ZL9n_regions_7_out_preg               |   8|   0|    8|          0|
    |p_ZL9n_regions_8_in_read_reg_10635      |   8|   0|    8|          0|
    |p_ZL9n_regions_8_out_preg               |   8|   0|    8|          0|
    |p_ZL9n_regions_9_in_read_reg_10566      |   8|   0|    8|          0|
    |p_ZL9n_regions_9_out_preg               |   8|   0|    8|          0|
    +----------------------------------------+----+----+-----+-----------+
    |Total                                   |1028|   0| 1028|          0|
    +----------------------------------------+----+----+-----+-----------+



================================================================
== Interface
================================================================
* Summary: 
+-------------------------------------+-----+-----+------------+------------------------------+--------------+
|              RTL Ports              | Dir | Bits|  Protocol  |         Source Object        |    C Type    |
+-------------------------------------+-----+-----+------------+------------------------------+--------------+
|ap_clk                               |   in|    1|  ap_ctrl_hs|  runTrain_Block_entry174_proc|  return value|
|ap_rst                               |   in|    1|  ap_ctrl_hs|  runTrain_Block_entry174_proc|  return value|
|ap_start                             |   in|    1|  ap_ctrl_hs|  runTrain_Block_entry174_proc|  return value|
|ap_done                              |  out|    1|  ap_ctrl_hs|  runTrain_Block_entry174_proc|  return value|
|ap_continue                          |   in|    1|  ap_ctrl_hs|  runTrain_Block_entry174_proc|  return value|
|ap_idle                              |  out|    1|  ap_ctrl_hs|  runTrain_Block_entry174_proc|  return value|
|ap_ready                             |  out|    1|  ap_ctrl_hs|  runTrain_Block_entry174_proc|  return value|
|p_read                               |   in|    6|     ap_none|                        p_read|        scalar|
|p_read1                              |   in|   32|     ap_none|                       p_read1|        scalar|
|p_read2                              |   in|   32|     ap_none|                       p_read2|        scalar|
|p_read3                              |   in|   32|     ap_none|                       p_read3|        scalar|
|p_read4                              |   in|   32|     ap_none|                       p_read4|        scalar|
|p_read5                              |   in|   32|     ap_none|                       p_read5|        scalar|
|p_read6                              |   in|   32|     ap_none|                       p_read6|        scalar|
|p_read7                              |   in|   32|     ap_none|                       p_read7|        scalar|
|p_read8                              |   in|   32|     ap_none|                       p_read8|        scalar|
|p_ZL9n_regions_0_in_dout             |   in|    8|     ap_fifo|           p_ZL9n_regions_0_in|       pointer|
|p_ZL9n_regions_0_in_num_data_valid   |   in|    3|     ap_fifo|           p_ZL9n_regions_0_in|       pointer|
|p_ZL9n_regions_0_in_fifo_cap         |   in|    3|     ap_fifo|           p_ZL9n_regions_0_in|       pointer|
|p_ZL9n_regions_0_in_empty_n          |   in|    1|     ap_fifo|           p_ZL9n_regions_0_in|       pointer|
|p_ZL9n_regions_0_in_read             |  out|    1|     ap_fifo|           p_ZL9n_regions_0_in|       pointer|
|p_ZL9n_regions_0_out                 |  out|    8|      ap_vld|          p_ZL9n_regions_0_out|       pointer|
|p_ZL9n_regions_0_out_ap_vld          |  out|    1|      ap_vld|          p_ZL9n_regions_0_out|       pointer|
|p_ZL9n_regions_1_in_dout             |   in|    8|     ap_fifo|           p_ZL9n_regions_1_in|       pointer|
|p_ZL9n_regions_1_in_num_data_valid   |   in|    3|     ap_fifo|           p_ZL9n_regions_1_in|       pointer|
|p_ZL9n_regions_1_in_fifo_cap         |   in|    3|     ap_fifo|           p_ZL9n_regions_1_in|       pointer|
|p_ZL9n_regions_1_in_empty_n          |   in|    1|     ap_fifo|           p_ZL9n_regions_1_in|       pointer|
|p_ZL9n_regions_1_in_read             |  out|    1|     ap_fifo|           p_ZL9n_regions_1_in|       pointer|
|p_ZL9n_regions_1_out                 |  out|    8|      ap_vld|          p_ZL9n_regions_1_out|       pointer|
|p_ZL9n_regions_1_out_ap_vld          |  out|    1|      ap_vld|          p_ZL9n_regions_1_out|       pointer|
|p_ZL9n_regions_10_in_dout            |   in|    8|     ap_fifo|          p_ZL9n_regions_10_in|       pointer|
|p_ZL9n_regions_10_in_num_data_valid  |   in|    3|     ap_fifo|          p_ZL9n_regions_10_in|       pointer|
|p_ZL9n_regions_10_in_fifo_cap        |   in|    3|     ap_fifo|          p_ZL9n_regions_10_in|       pointer|
|p_ZL9n_regions_10_in_empty_n         |   in|    1|     ap_fifo|          p_ZL9n_regions_10_in|       pointer|
|p_ZL9n_regions_10_in_read            |  out|    1|     ap_fifo|          p_ZL9n_regions_10_in|       pointer|
|p_ZL9n_regions_10_out                |  out|    8|      ap_vld|         p_ZL9n_regions_10_out|       pointer|
|p_ZL9n_regions_10_out_ap_vld         |  out|    1|      ap_vld|         p_ZL9n_regions_10_out|       pointer|
|p_ZL9n_regions_11_in_dout            |   in|    8|     ap_fifo|          p_ZL9n_regions_11_in|       pointer|
|p_ZL9n_regions_11_in_num_data_valid  |   in|    3|     ap_fifo|          p_ZL9n_regions_11_in|       pointer|
|p_ZL9n_regions_11_in_fifo_cap        |   in|    3|     ap_fifo|          p_ZL9n_regions_11_in|       pointer|
|p_ZL9n_regions_11_in_empty_n         |   in|    1|     ap_fifo|          p_ZL9n_regions_11_in|       pointer|
|p_ZL9n_regions_11_in_read            |  out|    1|     ap_fifo|          p_ZL9n_regions_11_in|       pointer|
|p_ZL9n_regions_11_out                |  out|    8|      ap_vld|         p_ZL9n_regions_11_out|       pointer|
|p_ZL9n_regions_11_out_ap_vld         |  out|    1|      ap_vld|         p_ZL9n_regions_11_out|       pointer|
|p_ZL9n_regions_12_in_dout            |   in|    8|     ap_fifo|          p_ZL9n_regions_12_in|       pointer|
|p_ZL9n_regions_12_in_num_data_valid  |   in|    3|     ap_fifo|          p_ZL9n_regions_12_in|       pointer|
|p_ZL9n_regions_12_in_fifo_cap        |   in|    3|     ap_fifo|          p_ZL9n_regions_12_in|       pointer|
|p_ZL9n_regions_12_in_empty_n         |   in|    1|     ap_fifo|          p_ZL9n_regions_12_in|       pointer|
|p_ZL9n_regions_12_in_read            |  out|    1|     ap_fifo|          p_ZL9n_regions_12_in|       pointer|
|p_ZL9n_regions_12_out                |  out|    8|      ap_vld|         p_ZL9n_regions_12_out|       pointer|
|p_ZL9n_regions_12_out_ap_vld         |  out|    1|      ap_vld|         p_ZL9n_regions_12_out|       pointer|
|p_ZL9n_regions_13_in_dout            |   in|    8|     ap_fifo|          p_ZL9n_regions_13_in|       pointer|
|p_ZL9n_regions_13_in_num_data_valid  |   in|    3|     ap_fifo|          p_ZL9n_regions_13_in|       pointer|
|p_ZL9n_regions_13_in_fifo_cap        |   in|    3|     ap_fifo|          p_ZL9n_regions_13_in|       pointer|
|p_ZL9n_regions_13_in_empty_n         |   in|    1|     ap_fifo|          p_ZL9n_regions_13_in|       pointer|
|p_ZL9n_regions_13_in_read            |  out|    1|     ap_fifo|          p_ZL9n_regions_13_in|       pointer|
|p_ZL9n_regions_13_out                |  out|    8|      ap_vld|         p_ZL9n_regions_13_out|       pointer|
|p_ZL9n_regions_13_out_ap_vld         |  out|    1|      ap_vld|         p_ZL9n_regions_13_out|       pointer|
|p_ZL9n_regions_14_in_dout            |   in|    8|     ap_fifo|          p_ZL9n_regions_14_in|       pointer|
|p_ZL9n_regions_14_in_num_data_valid  |   in|    3|     ap_fifo|          p_ZL9n_regions_14_in|       pointer|
|p_ZL9n_regions_14_in_fifo_cap        |   in|    3|     ap_fifo|          p_ZL9n_regions_14_in|       pointer|
|p_ZL9n_regions_14_in_empty_n         |   in|    1|     ap_fifo|          p_ZL9n_regions_14_in|       pointer|
|p_ZL9n_regions_14_in_read            |  out|    1|     ap_fifo|          p_ZL9n_regions_14_in|       pointer|
|p_ZL9n_regions_14_out                |  out|    8|      ap_vld|         p_ZL9n_regions_14_out|       pointer|
|p_ZL9n_regions_14_out_ap_vld         |  out|    1|      ap_vld|         p_ZL9n_regions_14_out|       pointer|
|p_ZL9n_regions_15_in_dout            |   in|    8|     ap_fifo|          p_ZL9n_regions_15_in|       pointer|
|p_ZL9n_regions_15_in_num_data_valid  |   in|    3|     ap_fifo|          p_ZL9n_regions_15_in|       pointer|
|p_ZL9n_regions_15_in_fifo_cap        |   in|    3|     ap_fifo|          p_ZL9n_regions_15_in|       pointer|
|p_ZL9n_regions_15_in_empty_n         |   in|    1|     ap_fifo|          p_ZL9n_regions_15_in|       pointer|
|p_ZL9n_regions_15_in_read            |  out|    1|     ap_fifo|          p_ZL9n_regions_15_in|       pointer|
|p_ZL9n_regions_15_out                |  out|    8|      ap_vld|         p_ZL9n_regions_15_out|       pointer|
|p_ZL9n_regions_15_out_ap_vld         |  out|    1|      ap_vld|         p_ZL9n_regions_15_out|       pointer|
|p_ZL9n_regions_16_in_dout            |   in|    8|     ap_fifo|          p_ZL9n_regions_16_in|       pointer|
|p_ZL9n_regions_16_in_num_data_valid  |   in|    3|     ap_fifo|          p_ZL9n_regions_16_in|       pointer|
|p_ZL9n_regions_16_in_fifo_cap        |   in|    3|     ap_fifo|          p_ZL9n_regions_16_in|       pointer|
|p_ZL9n_regions_16_in_empty_n         |   in|    1|     ap_fifo|          p_ZL9n_regions_16_in|       pointer|
|p_ZL9n_regions_16_in_read            |  out|    1|     ap_fifo|          p_ZL9n_regions_16_in|       pointer|
|p_ZL9n_regions_16_out                |  out|    8|      ap_vld|         p_ZL9n_regions_16_out|       pointer|
|p_ZL9n_regions_16_out_ap_vld         |  out|    1|      ap_vld|         p_ZL9n_regions_16_out|       pointer|
|p_ZL9n_regions_17_in_dout            |   in|    8|     ap_fifo|          p_ZL9n_regions_17_in|       pointer|
|p_ZL9n_regions_17_in_num_data_valid  |   in|    3|     ap_fifo|          p_ZL9n_regions_17_in|       pointer|
|p_ZL9n_regions_17_in_fifo_cap        |   in|    3|     ap_fifo|          p_ZL9n_regions_17_in|       pointer|
|p_ZL9n_regions_17_in_empty_n         |   in|    1|     ap_fifo|          p_ZL9n_regions_17_in|       pointer|
|p_ZL9n_regions_17_in_read            |  out|    1|     ap_fifo|          p_ZL9n_regions_17_in|       pointer|
|p_ZL9n_regions_17_out                |  out|    8|      ap_vld|         p_ZL9n_regions_17_out|       pointer|
|p_ZL9n_regions_17_out_ap_vld         |  out|    1|      ap_vld|         p_ZL9n_regions_17_out|       pointer|
|p_ZL9n_regions_18_in_dout            |   in|    8|     ap_fifo|          p_ZL9n_regions_18_in|       pointer|
|p_ZL9n_regions_18_in_num_data_valid  |   in|    3|     ap_fifo|          p_ZL9n_regions_18_in|       pointer|
|p_ZL9n_regions_18_in_fifo_cap        |   in|    3|     ap_fifo|          p_ZL9n_regions_18_in|       pointer|
|p_ZL9n_regions_18_in_empty_n         |   in|    1|     ap_fifo|          p_ZL9n_regions_18_in|       pointer|
|p_ZL9n_regions_18_in_read            |  out|    1|     ap_fifo|          p_ZL9n_regions_18_in|       pointer|
|p_ZL9n_regions_18_out                |  out|    8|      ap_vld|         p_ZL9n_regions_18_out|       pointer|
|p_ZL9n_regions_18_out_ap_vld         |  out|    1|      ap_vld|         p_ZL9n_regions_18_out|       pointer|
|p_ZL9n_regions_19_in_dout            |   in|    8|     ap_fifo|          p_ZL9n_regions_19_in|       pointer|
|p_ZL9n_regions_19_in_num_data_valid  |   in|    3|     ap_fifo|          p_ZL9n_regions_19_in|       pointer|
|p_ZL9n_regions_19_in_fifo_cap        |   in|    3|     ap_fifo|          p_ZL9n_regions_19_in|       pointer|
|p_ZL9n_regions_19_in_empty_n         |   in|    1|     ap_fifo|          p_ZL9n_regions_19_in|       pointer|
|p_ZL9n_regions_19_in_read            |  out|    1|     ap_fifo|          p_ZL9n_regions_19_in|       pointer|
|p_ZL9n_regions_19_out                |  out|    8|      ap_vld|         p_ZL9n_regions_19_out|       pointer|
|p_ZL9n_regions_19_out_ap_vld         |  out|    1|      ap_vld|         p_ZL9n_regions_19_out|       pointer|
|p_ZL9n_regions_2_in_dout             |   in|    8|     ap_fifo|           p_ZL9n_regions_2_in|       pointer|
|p_ZL9n_regions_2_in_num_data_valid   |   in|    3|     ap_fifo|           p_ZL9n_regions_2_in|       pointer|
|p_ZL9n_regions_2_in_fifo_cap         |   in|    3|     ap_fifo|           p_ZL9n_regions_2_in|       pointer|
|p_ZL9n_regions_2_in_empty_n          |   in|    1|     ap_fifo|           p_ZL9n_regions_2_in|       pointer|
|p_ZL9n_regions_2_in_read             |  out|    1|     ap_fifo|           p_ZL9n_regions_2_in|       pointer|
|p_ZL9n_regions_2_out                 |  out|    8|      ap_vld|          p_ZL9n_regions_2_out|       pointer|
|p_ZL9n_regions_2_out_ap_vld          |  out|    1|      ap_vld|          p_ZL9n_regions_2_out|       pointer|
|p_ZL9n_regions_20_in_dout            |   in|    8|     ap_fifo|          p_ZL9n_regions_20_in|       pointer|
|p_ZL9n_regions_20_in_num_data_valid  |   in|    3|     ap_fifo|          p_ZL9n_regions_20_in|       pointer|
|p_ZL9n_regions_20_in_fifo_cap        |   in|    3|     ap_fifo|          p_ZL9n_regions_20_in|       pointer|
|p_ZL9n_regions_20_in_empty_n         |   in|    1|     ap_fifo|          p_ZL9n_regions_20_in|       pointer|
|p_ZL9n_regions_20_in_read            |  out|    1|     ap_fifo|          p_ZL9n_regions_20_in|       pointer|
|p_ZL9n_regions_20_out                |  out|    8|      ap_vld|         p_ZL9n_regions_20_out|       pointer|
|p_ZL9n_regions_20_out_ap_vld         |  out|    1|      ap_vld|         p_ZL9n_regions_20_out|       pointer|
|p_ZL9n_regions_21_in_dout            |   in|    8|     ap_fifo|          p_ZL9n_regions_21_in|       pointer|
|p_ZL9n_regions_21_in_num_data_valid  |   in|    3|     ap_fifo|          p_ZL9n_regions_21_in|       pointer|
|p_ZL9n_regions_21_in_fifo_cap        |   in|    3|     ap_fifo|          p_ZL9n_regions_21_in|       pointer|
|p_ZL9n_regions_21_in_empty_n         |   in|    1|     ap_fifo|          p_ZL9n_regions_21_in|       pointer|
|p_ZL9n_regions_21_in_read            |  out|    1|     ap_fifo|          p_ZL9n_regions_21_in|       pointer|
|p_ZL9n_regions_21_out                |  out|    8|      ap_vld|         p_ZL9n_regions_21_out|       pointer|
|p_ZL9n_regions_21_out_ap_vld         |  out|    1|      ap_vld|         p_ZL9n_regions_21_out|       pointer|
|p_ZL9n_regions_22_in_dout            |   in|    8|     ap_fifo|          p_ZL9n_regions_22_in|       pointer|
|p_ZL9n_regions_22_in_num_data_valid  |   in|    3|     ap_fifo|          p_ZL9n_regions_22_in|       pointer|
|p_ZL9n_regions_22_in_fifo_cap        |   in|    3|     ap_fifo|          p_ZL9n_regions_22_in|       pointer|
|p_ZL9n_regions_22_in_empty_n         |   in|    1|     ap_fifo|          p_ZL9n_regions_22_in|       pointer|
|p_ZL9n_regions_22_in_read            |  out|    1|     ap_fifo|          p_ZL9n_regions_22_in|       pointer|
|p_ZL9n_regions_22_out                |  out|    8|      ap_vld|         p_ZL9n_regions_22_out|       pointer|
|p_ZL9n_regions_22_out_ap_vld         |  out|    1|      ap_vld|         p_ZL9n_regions_22_out|       pointer|
|p_ZL9n_regions_23_in_dout            |   in|    8|     ap_fifo|          p_ZL9n_regions_23_in|       pointer|
|p_ZL9n_regions_23_in_num_data_valid  |   in|    3|     ap_fifo|          p_ZL9n_regions_23_in|       pointer|
|p_ZL9n_regions_23_in_fifo_cap        |   in|    3|     ap_fifo|          p_ZL9n_regions_23_in|       pointer|
|p_ZL9n_regions_23_in_empty_n         |   in|    1|     ap_fifo|          p_ZL9n_regions_23_in|       pointer|
|p_ZL9n_regions_23_in_read            |  out|    1|     ap_fifo|          p_ZL9n_regions_23_in|       pointer|
|p_ZL9n_regions_23_out                |  out|    8|      ap_vld|         p_ZL9n_regions_23_out|       pointer|
|p_ZL9n_regions_23_out_ap_vld         |  out|    1|      ap_vld|         p_ZL9n_regions_23_out|       pointer|
|p_ZL9n_regions_24_in_dout            |   in|    8|     ap_fifo|          p_ZL9n_regions_24_in|       pointer|
|p_ZL9n_regions_24_in_num_data_valid  |   in|    3|     ap_fifo|          p_ZL9n_regions_24_in|       pointer|
|p_ZL9n_regions_24_in_fifo_cap        |   in|    3|     ap_fifo|          p_ZL9n_regions_24_in|       pointer|
|p_ZL9n_regions_24_in_empty_n         |   in|    1|     ap_fifo|          p_ZL9n_regions_24_in|       pointer|
|p_ZL9n_regions_24_in_read            |  out|    1|     ap_fifo|          p_ZL9n_regions_24_in|       pointer|
|p_ZL9n_regions_24_out                |  out|    8|      ap_vld|         p_ZL9n_regions_24_out|       pointer|
|p_ZL9n_regions_24_out_ap_vld         |  out|    1|      ap_vld|         p_ZL9n_regions_24_out|       pointer|
|p_ZL9n_regions_25_in_dout            |   in|    8|     ap_fifo|          p_ZL9n_regions_25_in|       pointer|
|p_ZL9n_regions_25_in_num_data_valid  |   in|    3|     ap_fifo|          p_ZL9n_regions_25_in|       pointer|
|p_ZL9n_regions_25_in_fifo_cap        |   in|    3|     ap_fifo|          p_ZL9n_regions_25_in|       pointer|
|p_ZL9n_regions_25_in_empty_n         |   in|    1|     ap_fifo|          p_ZL9n_regions_25_in|       pointer|
|p_ZL9n_regions_25_in_read            |  out|    1|     ap_fifo|          p_ZL9n_regions_25_in|       pointer|
|p_ZL9n_regions_25_out                |  out|    8|      ap_vld|         p_ZL9n_regions_25_out|       pointer|
|p_ZL9n_regions_25_out_ap_vld         |  out|    1|      ap_vld|         p_ZL9n_regions_25_out|       pointer|
|p_ZL9n_regions_26_in_dout            |   in|    8|     ap_fifo|          p_ZL9n_regions_26_in|       pointer|
|p_ZL9n_regions_26_in_num_data_valid  |   in|    3|     ap_fifo|          p_ZL9n_regions_26_in|       pointer|
|p_ZL9n_regions_26_in_fifo_cap        |   in|    3|     ap_fifo|          p_ZL9n_regions_26_in|       pointer|
|p_ZL9n_regions_26_in_empty_n         |   in|    1|     ap_fifo|          p_ZL9n_regions_26_in|       pointer|
|p_ZL9n_regions_26_in_read            |  out|    1|     ap_fifo|          p_ZL9n_regions_26_in|       pointer|
|p_ZL9n_regions_26_out                |  out|    8|      ap_vld|         p_ZL9n_regions_26_out|       pointer|
|p_ZL9n_regions_26_out_ap_vld         |  out|    1|      ap_vld|         p_ZL9n_regions_26_out|       pointer|
|p_ZL9n_regions_27_in_dout            |   in|    8|     ap_fifo|          p_ZL9n_regions_27_in|       pointer|
|p_ZL9n_regions_27_in_num_data_valid  |   in|    3|     ap_fifo|          p_ZL9n_regions_27_in|       pointer|
|p_ZL9n_regions_27_in_fifo_cap        |   in|    3|     ap_fifo|          p_ZL9n_regions_27_in|       pointer|
|p_ZL9n_regions_27_in_empty_n         |   in|    1|     ap_fifo|          p_ZL9n_regions_27_in|       pointer|
|p_ZL9n_regions_27_in_read            |  out|    1|     ap_fifo|          p_ZL9n_regions_27_in|       pointer|
|p_ZL9n_regions_27_out                |  out|    8|      ap_vld|         p_ZL9n_regions_27_out|       pointer|
|p_ZL9n_regions_27_out_ap_vld         |  out|    1|      ap_vld|         p_ZL9n_regions_27_out|       pointer|
|p_ZL9n_regions_28_in_dout            |   in|    8|     ap_fifo|          p_ZL9n_regions_28_in|       pointer|
|p_ZL9n_regions_28_in_num_data_valid  |   in|    3|     ap_fifo|          p_ZL9n_regions_28_in|       pointer|
|p_ZL9n_regions_28_in_fifo_cap        |   in|    3|     ap_fifo|          p_ZL9n_regions_28_in|       pointer|
|p_ZL9n_regions_28_in_empty_n         |   in|    1|     ap_fifo|          p_ZL9n_regions_28_in|       pointer|
|p_ZL9n_regions_28_in_read            |  out|    1|     ap_fifo|          p_ZL9n_regions_28_in|       pointer|
|p_ZL9n_regions_28_out                |  out|    8|      ap_vld|         p_ZL9n_regions_28_out|       pointer|
|p_ZL9n_regions_28_out_ap_vld         |  out|    1|      ap_vld|         p_ZL9n_regions_28_out|       pointer|
|p_ZL9n_regions_29_in_dout            |   in|    8|     ap_fifo|          p_ZL9n_regions_29_in|       pointer|
|p_ZL9n_regions_29_in_num_data_valid  |   in|    3|     ap_fifo|          p_ZL9n_regions_29_in|       pointer|
|p_ZL9n_regions_29_in_fifo_cap        |   in|    3|     ap_fifo|          p_ZL9n_regions_29_in|       pointer|
|p_ZL9n_regions_29_in_empty_n         |   in|    1|     ap_fifo|          p_ZL9n_regions_29_in|       pointer|
|p_ZL9n_regions_29_in_read            |  out|    1|     ap_fifo|          p_ZL9n_regions_29_in|       pointer|
|p_ZL9n_regions_29_out                |  out|    8|      ap_vld|         p_ZL9n_regions_29_out|       pointer|
|p_ZL9n_regions_29_out_ap_vld         |  out|    1|      ap_vld|         p_ZL9n_regions_29_out|       pointer|
|p_ZL9n_regions_3_in_dout             |   in|    8|     ap_fifo|           p_ZL9n_regions_3_in|       pointer|
|p_ZL9n_regions_3_in_num_data_valid   |   in|    3|     ap_fifo|           p_ZL9n_regions_3_in|       pointer|
|p_ZL9n_regions_3_in_fifo_cap         |   in|    3|     ap_fifo|           p_ZL9n_regions_3_in|       pointer|
|p_ZL9n_regions_3_in_empty_n          |   in|    1|     ap_fifo|           p_ZL9n_regions_3_in|       pointer|
|p_ZL9n_regions_3_in_read             |  out|    1|     ap_fifo|           p_ZL9n_regions_3_in|       pointer|
|p_ZL9n_regions_3_out                 |  out|    8|      ap_vld|          p_ZL9n_regions_3_out|       pointer|
|p_ZL9n_regions_3_out_ap_vld          |  out|    1|      ap_vld|          p_ZL9n_regions_3_out|       pointer|
|p_ZL9n_regions_30_in_dout            |   in|    8|     ap_fifo|          p_ZL9n_regions_30_in|       pointer|
|p_ZL9n_regions_30_in_num_data_valid  |   in|    3|     ap_fifo|          p_ZL9n_regions_30_in|       pointer|
|p_ZL9n_regions_30_in_fifo_cap        |   in|    3|     ap_fifo|          p_ZL9n_regions_30_in|       pointer|
|p_ZL9n_regions_30_in_empty_n         |   in|    1|     ap_fifo|          p_ZL9n_regions_30_in|       pointer|
|p_ZL9n_regions_30_in_read            |  out|    1|     ap_fifo|          p_ZL9n_regions_30_in|       pointer|
|p_ZL9n_regions_30_out                |  out|    8|      ap_vld|         p_ZL9n_regions_30_out|       pointer|
|p_ZL9n_regions_30_out_ap_vld         |  out|    1|      ap_vld|         p_ZL9n_regions_30_out|       pointer|
|p_ZL9n_regions_31_in_dout            |   in|    8|     ap_fifo|          p_ZL9n_regions_31_in|       pointer|
|p_ZL9n_regions_31_in_num_data_valid  |   in|    3|     ap_fifo|          p_ZL9n_regions_31_in|       pointer|
|p_ZL9n_regions_31_in_fifo_cap        |   in|    3|     ap_fifo|          p_ZL9n_regions_31_in|       pointer|
|p_ZL9n_regions_31_in_empty_n         |   in|    1|     ap_fifo|          p_ZL9n_regions_31_in|       pointer|
|p_ZL9n_regions_31_in_read            |  out|    1|     ap_fifo|          p_ZL9n_regions_31_in|       pointer|
|p_ZL9n_regions_31_out                |  out|    8|      ap_vld|         p_ZL9n_regions_31_out|       pointer|
|p_ZL9n_regions_31_out_ap_vld         |  out|    1|      ap_vld|         p_ZL9n_regions_31_out|       pointer|
|p_ZL9n_regions_32_in_dout            |   in|    8|     ap_fifo|          p_ZL9n_regions_32_in|       pointer|
|p_ZL9n_regions_32_in_num_data_valid  |   in|    3|     ap_fifo|          p_ZL9n_regions_32_in|       pointer|
|p_ZL9n_regions_32_in_fifo_cap        |   in|    3|     ap_fifo|          p_ZL9n_regions_32_in|       pointer|
|p_ZL9n_regions_32_in_empty_n         |   in|    1|     ap_fifo|          p_ZL9n_regions_32_in|       pointer|
|p_ZL9n_regions_32_in_read            |  out|    1|     ap_fifo|          p_ZL9n_regions_32_in|       pointer|
|p_ZL9n_regions_32_out                |  out|    8|      ap_vld|         p_ZL9n_regions_32_out|       pointer|
|p_ZL9n_regions_32_out_ap_vld         |  out|    1|      ap_vld|         p_ZL9n_regions_32_out|       pointer|
|p_ZL9n_regions_33_in_dout            |   in|    8|     ap_fifo|          p_ZL9n_regions_33_in|       pointer|
|p_ZL9n_regions_33_in_num_data_valid  |   in|    3|     ap_fifo|          p_ZL9n_regions_33_in|       pointer|
|p_ZL9n_regions_33_in_fifo_cap        |   in|    3|     ap_fifo|          p_ZL9n_regions_33_in|       pointer|
|p_ZL9n_regions_33_in_empty_n         |   in|    1|     ap_fifo|          p_ZL9n_regions_33_in|       pointer|
|p_ZL9n_regions_33_in_read            |  out|    1|     ap_fifo|          p_ZL9n_regions_33_in|       pointer|
|p_ZL9n_regions_33_out                |  out|    8|      ap_vld|         p_ZL9n_regions_33_out|       pointer|
|p_ZL9n_regions_33_out_ap_vld         |  out|    1|      ap_vld|         p_ZL9n_regions_33_out|       pointer|
|p_ZL9n_regions_34_in_dout            |   in|    8|     ap_fifo|          p_ZL9n_regions_34_in|       pointer|
|p_ZL9n_regions_34_in_num_data_valid  |   in|    3|     ap_fifo|          p_ZL9n_regions_34_in|       pointer|
|p_ZL9n_regions_34_in_fifo_cap        |   in|    3|     ap_fifo|          p_ZL9n_regions_34_in|       pointer|
|p_ZL9n_regions_34_in_empty_n         |   in|    1|     ap_fifo|          p_ZL9n_regions_34_in|       pointer|
|p_ZL9n_regions_34_in_read            |  out|    1|     ap_fifo|          p_ZL9n_regions_34_in|       pointer|
|p_ZL9n_regions_34_out                |  out|    8|      ap_vld|         p_ZL9n_regions_34_out|       pointer|
|p_ZL9n_regions_34_out_ap_vld         |  out|    1|      ap_vld|         p_ZL9n_regions_34_out|       pointer|
|p_ZL9n_regions_35_in_dout            |   in|    8|     ap_fifo|          p_ZL9n_regions_35_in|       pointer|
|p_ZL9n_regions_35_in_num_data_valid  |   in|    3|     ap_fifo|          p_ZL9n_regions_35_in|       pointer|
|p_ZL9n_regions_35_in_fifo_cap        |   in|    3|     ap_fifo|          p_ZL9n_regions_35_in|       pointer|
|p_ZL9n_regions_35_in_empty_n         |   in|    1|     ap_fifo|          p_ZL9n_regions_35_in|       pointer|
|p_ZL9n_regions_35_in_read            |  out|    1|     ap_fifo|          p_ZL9n_regions_35_in|       pointer|
|p_ZL9n_regions_35_out                |  out|    8|      ap_vld|         p_ZL9n_regions_35_out|       pointer|
|p_ZL9n_regions_35_out_ap_vld         |  out|    1|      ap_vld|         p_ZL9n_regions_35_out|       pointer|
|p_ZL9n_regions_36_in_dout            |   in|    8|     ap_fifo|          p_ZL9n_regions_36_in|       pointer|
|p_ZL9n_regions_36_in_num_data_valid  |   in|    3|     ap_fifo|          p_ZL9n_regions_36_in|       pointer|
|p_ZL9n_regions_36_in_fifo_cap        |   in|    3|     ap_fifo|          p_ZL9n_regions_36_in|       pointer|
|p_ZL9n_regions_36_in_empty_n         |   in|    1|     ap_fifo|          p_ZL9n_regions_36_in|       pointer|
|p_ZL9n_regions_36_in_read            |  out|    1|     ap_fifo|          p_ZL9n_regions_36_in|       pointer|
|p_ZL9n_regions_36_out                |  out|    8|      ap_vld|         p_ZL9n_regions_36_out|       pointer|
|p_ZL9n_regions_36_out_ap_vld         |  out|    1|      ap_vld|         p_ZL9n_regions_36_out|       pointer|
|p_ZL9n_regions_37_in_dout            |   in|    8|     ap_fifo|          p_ZL9n_regions_37_in|       pointer|
|p_ZL9n_regions_37_in_num_data_valid  |   in|    3|     ap_fifo|          p_ZL9n_regions_37_in|       pointer|
|p_ZL9n_regions_37_in_fifo_cap        |   in|    3|     ap_fifo|          p_ZL9n_regions_37_in|       pointer|
|p_ZL9n_regions_37_in_empty_n         |   in|    1|     ap_fifo|          p_ZL9n_regions_37_in|       pointer|
|p_ZL9n_regions_37_in_read            |  out|    1|     ap_fifo|          p_ZL9n_regions_37_in|       pointer|
|p_ZL9n_regions_37_out                |  out|    8|      ap_vld|         p_ZL9n_regions_37_out|       pointer|
|p_ZL9n_regions_37_out_ap_vld         |  out|    1|      ap_vld|         p_ZL9n_regions_37_out|       pointer|
|p_ZL9n_regions_38_in_dout            |   in|    8|     ap_fifo|          p_ZL9n_regions_38_in|       pointer|
|p_ZL9n_regions_38_in_num_data_valid  |   in|    3|     ap_fifo|          p_ZL9n_regions_38_in|       pointer|
|p_ZL9n_regions_38_in_fifo_cap        |   in|    3|     ap_fifo|          p_ZL9n_regions_38_in|       pointer|
|p_ZL9n_regions_38_in_empty_n         |   in|    1|     ap_fifo|          p_ZL9n_regions_38_in|       pointer|
|p_ZL9n_regions_38_in_read            |  out|    1|     ap_fifo|          p_ZL9n_regions_38_in|       pointer|
|p_ZL9n_regions_38_out                |  out|    8|      ap_vld|         p_ZL9n_regions_38_out|       pointer|
|p_ZL9n_regions_38_out_ap_vld         |  out|    1|      ap_vld|         p_ZL9n_regions_38_out|       pointer|
|p_ZL9n_regions_39_in_dout            |   in|    8|     ap_fifo|          p_ZL9n_regions_39_in|       pointer|
|p_ZL9n_regions_39_in_num_data_valid  |   in|    3|     ap_fifo|          p_ZL9n_regions_39_in|       pointer|
|p_ZL9n_regions_39_in_fifo_cap        |   in|    3|     ap_fifo|          p_ZL9n_regions_39_in|       pointer|
|p_ZL9n_regions_39_in_empty_n         |   in|    1|     ap_fifo|          p_ZL9n_regions_39_in|       pointer|
|p_ZL9n_regions_39_in_read            |  out|    1|     ap_fifo|          p_ZL9n_regions_39_in|       pointer|
|p_ZL9n_regions_39_out                |  out|    8|      ap_vld|         p_ZL9n_regions_39_out|       pointer|
|p_ZL9n_regions_39_out_ap_vld         |  out|    1|      ap_vld|         p_ZL9n_regions_39_out|       pointer|
|p_ZL9n_regions_4_in_dout             |   in|    8|     ap_fifo|           p_ZL9n_regions_4_in|       pointer|
|p_ZL9n_regions_4_in_num_data_valid   |   in|    3|     ap_fifo|           p_ZL9n_regions_4_in|       pointer|
|p_ZL9n_regions_4_in_fifo_cap         |   in|    3|     ap_fifo|           p_ZL9n_regions_4_in|       pointer|
|p_ZL9n_regions_4_in_empty_n          |   in|    1|     ap_fifo|           p_ZL9n_regions_4_in|       pointer|
|p_ZL9n_regions_4_in_read             |  out|    1|     ap_fifo|           p_ZL9n_regions_4_in|       pointer|
|p_ZL9n_regions_4_out                 |  out|    8|      ap_vld|          p_ZL9n_regions_4_out|       pointer|
|p_ZL9n_regions_4_out_ap_vld          |  out|    1|      ap_vld|          p_ZL9n_regions_4_out|       pointer|
|p_ZL9n_regions_40_in_dout            |   in|    8|     ap_fifo|          p_ZL9n_regions_40_in|       pointer|
|p_ZL9n_regions_40_in_num_data_valid  |   in|    3|     ap_fifo|          p_ZL9n_regions_40_in|       pointer|
|p_ZL9n_regions_40_in_fifo_cap        |   in|    3|     ap_fifo|          p_ZL9n_regions_40_in|       pointer|
|p_ZL9n_regions_40_in_empty_n         |   in|    1|     ap_fifo|          p_ZL9n_regions_40_in|       pointer|
|p_ZL9n_regions_40_in_read            |  out|    1|     ap_fifo|          p_ZL9n_regions_40_in|       pointer|
|p_ZL9n_regions_40_out                |  out|    8|      ap_vld|         p_ZL9n_regions_40_out|       pointer|
|p_ZL9n_regions_40_out_ap_vld         |  out|    1|      ap_vld|         p_ZL9n_regions_40_out|       pointer|
|p_ZL9n_regions_41_in_dout            |   in|    8|     ap_fifo|          p_ZL9n_regions_41_in|       pointer|
|p_ZL9n_regions_41_in_num_data_valid  |   in|    3|     ap_fifo|          p_ZL9n_regions_41_in|       pointer|
|p_ZL9n_regions_41_in_fifo_cap        |   in|    3|     ap_fifo|          p_ZL9n_regions_41_in|       pointer|
|p_ZL9n_regions_41_in_empty_n         |   in|    1|     ap_fifo|          p_ZL9n_regions_41_in|       pointer|
|p_ZL9n_regions_41_in_read            |  out|    1|     ap_fifo|          p_ZL9n_regions_41_in|       pointer|
|p_ZL9n_regions_41_out                |  out|    8|      ap_vld|         p_ZL9n_regions_41_out|       pointer|
|p_ZL9n_regions_41_out_ap_vld         |  out|    1|      ap_vld|         p_ZL9n_regions_41_out|       pointer|
|p_ZL9n_regions_42_in_dout            |   in|    8|     ap_fifo|          p_ZL9n_regions_42_in|       pointer|
|p_ZL9n_regions_42_in_num_data_valid  |   in|    3|     ap_fifo|          p_ZL9n_regions_42_in|       pointer|
|p_ZL9n_regions_42_in_fifo_cap        |   in|    3|     ap_fifo|          p_ZL9n_regions_42_in|       pointer|
|p_ZL9n_regions_42_in_empty_n         |   in|    1|     ap_fifo|          p_ZL9n_regions_42_in|       pointer|
|p_ZL9n_regions_42_in_read            |  out|    1|     ap_fifo|          p_ZL9n_regions_42_in|       pointer|
|p_ZL9n_regions_42_out                |  out|    8|      ap_vld|         p_ZL9n_regions_42_out|       pointer|
|p_ZL9n_regions_42_out_ap_vld         |  out|    1|      ap_vld|         p_ZL9n_regions_42_out|       pointer|
|p_ZL9n_regions_43_in_dout            |   in|    8|     ap_fifo|          p_ZL9n_regions_43_in|       pointer|
|p_ZL9n_regions_43_in_num_data_valid  |   in|    3|     ap_fifo|          p_ZL9n_regions_43_in|       pointer|
|p_ZL9n_regions_43_in_fifo_cap        |   in|    3|     ap_fifo|          p_ZL9n_regions_43_in|       pointer|
|p_ZL9n_regions_43_in_empty_n         |   in|    1|     ap_fifo|          p_ZL9n_regions_43_in|       pointer|
|p_ZL9n_regions_43_in_read            |  out|    1|     ap_fifo|          p_ZL9n_regions_43_in|       pointer|
|p_ZL9n_regions_43_out                |  out|    8|      ap_vld|         p_ZL9n_regions_43_out|       pointer|
|p_ZL9n_regions_43_out_ap_vld         |  out|    1|      ap_vld|         p_ZL9n_regions_43_out|       pointer|
|p_ZL9n_regions_44_in_dout            |   in|    8|     ap_fifo|          p_ZL9n_regions_44_in|       pointer|
|p_ZL9n_regions_44_in_num_data_valid  |   in|    3|     ap_fifo|          p_ZL9n_regions_44_in|       pointer|
|p_ZL9n_regions_44_in_fifo_cap        |   in|    3|     ap_fifo|          p_ZL9n_regions_44_in|       pointer|
|p_ZL9n_regions_44_in_empty_n         |   in|    1|     ap_fifo|          p_ZL9n_regions_44_in|       pointer|
|p_ZL9n_regions_44_in_read            |  out|    1|     ap_fifo|          p_ZL9n_regions_44_in|       pointer|
|p_ZL9n_regions_44_out                |  out|    8|      ap_vld|         p_ZL9n_regions_44_out|       pointer|
|p_ZL9n_regions_44_out_ap_vld         |  out|    1|      ap_vld|         p_ZL9n_regions_44_out|       pointer|
|p_ZL9n_regions_45_in_dout            |   in|    8|     ap_fifo|          p_ZL9n_regions_45_in|       pointer|
|p_ZL9n_regions_45_in_num_data_valid  |   in|    3|     ap_fifo|          p_ZL9n_regions_45_in|       pointer|
|p_ZL9n_regions_45_in_fifo_cap        |   in|    3|     ap_fifo|          p_ZL9n_regions_45_in|       pointer|
|p_ZL9n_regions_45_in_empty_n         |   in|    1|     ap_fifo|          p_ZL9n_regions_45_in|       pointer|
|p_ZL9n_regions_45_in_read            |  out|    1|     ap_fifo|          p_ZL9n_regions_45_in|       pointer|
|p_ZL9n_regions_45_out                |  out|    8|      ap_vld|         p_ZL9n_regions_45_out|       pointer|
|p_ZL9n_regions_45_out_ap_vld         |  out|    1|      ap_vld|         p_ZL9n_regions_45_out|       pointer|
|p_ZL9n_regions_46_in_dout            |   in|    8|     ap_fifo|          p_ZL9n_regions_46_in|       pointer|
|p_ZL9n_regions_46_in_num_data_valid  |   in|    3|     ap_fifo|          p_ZL9n_regions_46_in|       pointer|
|p_ZL9n_regions_46_in_fifo_cap        |   in|    3|     ap_fifo|          p_ZL9n_regions_46_in|       pointer|
|p_ZL9n_regions_46_in_empty_n         |   in|    1|     ap_fifo|          p_ZL9n_regions_46_in|       pointer|
|p_ZL9n_regions_46_in_read            |  out|    1|     ap_fifo|          p_ZL9n_regions_46_in|       pointer|
|p_ZL9n_regions_46_out                |  out|    8|      ap_vld|         p_ZL9n_regions_46_out|       pointer|
|p_ZL9n_regions_46_out_ap_vld         |  out|    1|      ap_vld|         p_ZL9n_regions_46_out|       pointer|
|p_ZL9n_regions_47_in_dout            |   in|    8|     ap_fifo|          p_ZL9n_regions_47_in|       pointer|
|p_ZL9n_regions_47_in_num_data_valid  |   in|    3|     ap_fifo|          p_ZL9n_regions_47_in|       pointer|
|p_ZL9n_regions_47_in_fifo_cap        |   in|    3|     ap_fifo|          p_ZL9n_regions_47_in|       pointer|
|p_ZL9n_regions_47_in_empty_n         |   in|    1|     ap_fifo|          p_ZL9n_regions_47_in|       pointer|
|p_ZL9n_regions_47_in_read            |  out|    1|     ap_fifo|          p_ZL9n_regions_47_in|       pointer|
|p_ZL9n_regions_47_out                |  out|    8|      ap_vld|         p_ZL9n_regions_47_out|       pointer|
|p_ZL9n_regions_47_out_ap_vld         |  out|    1|      ap_vld|         p_ZL9n_regions_47_out|       pointer|
|p_ZL9n_regions_48_in_dout            |   in|    8|     ap_fifo|          p_ZL9n_regions_48_in|       pointer|
|p_ZL9n_regions_48_in_num_data_valid  |   in|    3|     ap_fifo|          p_ZL9n_regions_48_in|       pointer|
|p_ZL9n_regions_48_in_fifo_cap        |   in|    3|     ap_fifo|          p_ZL9n_regions_48_in|       pointer|
|p_ZL9n_regions_48_in_empty_n         |   in|    1|     ap_fifo|          p_ZL9n_regions_48_in|       pointer|
|p_ZL9n_regions_48_in_read            |  out|    1|     ap_fifo|          p_ZL9n_regions_48_in|       pointer|
|p_ZL9n_regions_48_out                |  out|    8|      ap_vld|         p_ZL9n_regions_48_out|       pointer|
|p_ZL9n_regions_48_out_ap_vld         |  out|    1|      ap_vld|         p_ZL9n_regions_48_out|       pointer|
|p_ZL9n_regions_49_in_dout            |   in|    8|     ap_fifo|          p_ZL9n_regions_49_in|       pointer|
|p_ZL9n_regions_49_in_num_data_valid  |   in|    3|     ap_fifo|          p_ZL9n_regions_49_in|       pointer|
|p_ZL9n_regions_49_in_fifo_cap        |   in|    3|     ap_fifo|          p_ZL9n_regions_49_in|       pointer|
|p_ZL9n_regions_49_in_empty_n         |   in|    1|     ap_fifo|          p_ZL9n_regions_49_in|       pointer|
|p_ZL9n_regions_49_in_read            |  out|    1|     ap_fifo|          p_ZL9n_regions_49_in|       pointer|
|p_ZL9n_regions_49_out                |  out|    8|      ap_vld|         p_ZL9n_regions_49_out|       pointer|
|p_ZL9n_regions_49_out_ap_vld         |  out|    1|      ap_vld|         p_ZL9n_regions_49_out|       pointer|
|p_ZL9n_regions_5_in_dout             |   in|    8|     ap_fifo|           p_ZL9n_regions_5_in|       pointer|
|p_ZL9n_regions_5_in_num_data_valid   |   in|    3|     ap_fifo|           p_ZL9n_regions_5_in|       pointer|
|p_ZL9n_regions_5_in_fifo_cap         |   in|    3|     ap_fifo|           p_ZL9n_regions_5_in|       pointer|
|p_ZL9n_regions_5_in_empty_n          |   in|    1|     ap_fifo|           p_ZL9n_regions_5_in|       pointer|
|p_ZL9n_regions_5_in_read             |  out|    1|     ap_fifo|           p_ZL9n_regions_5_in|       pointer|
|p_ZL9n_regions_5_out                 |  out|    8|      ap_vld|          p_ZL9n_regions_5_out|       pointer|
|p_ZL9n_regions_5_out_ap_vld          |  out|    1|      ap_vld|          p_ZL9n_regions_5_out|       pointer|
|p_ZL9n_regions_50_in_dout            |   in|    8|     ap_fifo|          p_ZL9n_regions_50_in|       pointer|
|p_ZL9n_regions_50_in_num_data_valid  |   in|    3|     ap_fifo|          p_ZL9n_regions_50_in|       pointer|
|p_ZL9n_regions_50_in_fifo_cap        |   in|    3|     ap_fifo|          p_ZL9n_regions_50_in|       pointer|
|p_ZL9n_regions_50_in_empty_n         |   in|    1|     ap_fifo|          p_ZL9n_regions_50_in|       pointer|
|p_ZL9n_regions_50_in_read            |  out|    1|     ap_fifo|          p_ZL9n_regions_50_in|       pointer|
|p_ZL9n_regions_50_out                |  out|    8|      ap_vld|         p_ZL9n_regions_50_out|       pointer|
|p_ZL9n_regions_50_out_ap_vld         |  out|    1|      ap_vld|         p_ZL9n_regions_50_out|       pointer|
|p_ZL9n_regions_51_in_dout            |   in|    8|     ap_fifo|          p_ZL9n_regions_51_in|       pointer|
|p_ZL9n_regions_51_in_num_data_valid  |   in|    3|     ap_fifo|          p_ZL9n_regions_51_in|       pointer|
|p_ZL9n_regions_51_in_fifo_cap        |   in|    3|     ap_fifo|          p_ZL9n_regions_51_in|       pointer|
|p_ZL9n_regions_51_in_empty_n         |   in|    1|     ap_fifo|          p_ZL9n_regions_51_in|       pointer|
|p_ZL9n_regions_51_in_read            |  out|    1|     ap_fifo|          p_ZL9n_regions_51_in|       pointer|
|p_ZL9n_regions_51_out                |  out|    8|      ap_vld|         p_ZL9n_regions_51_out|       pointer|
|p_ZL9n_regions_51_out_ap_vld         |  out|    1|      ap_vld|         p_ZL9n_regions_51_out|       pointer|
|p_ZL9n_regions_52_in_dout            |   in|    8|     ap_fifo|          p_ZL9n_regions_52_in|       pointer|
|p_ZL9n_regions_52_in_num_data_valid  |   in|    3|     ap_fifo|          p_ZL9n_regions_52_in|       pointer|
|p_ZL9n_regions_52_in_fifo_cap        |   in|    3|     ap_fifo|          p_ZL9n_regions_52_in|       pointer|
|p_ZL9n_regions_52_in_empty_n         |   in|    1|     ap_fifo|          p_ZL9n_regions_52_in|       pointer|
|p_ZL9n_regions_52_in_read            |  out|    1|     ap_fifo|          p_ZL9n_regions_52_in|       pointer|
|p_ZL9n_regions_52_out                |  out|    8|      ap_vld|         p_ZL9n_regions_52_out|       pointer|
|p_ZL9n_regions_52_out_ap_vld         |  out|    1|      ap_vld|         p_ZL9n_regions_52_out|       pointer|
|p_ZL9n_regions_53_in_dout            |   in|    8|     ap_fifo|          p_ZL9n_regions_53_in|       pointer|
|p_ZL9n_regions_53_in_num_data_valid  |   in|    3|     ap_fifo|          p_ZL9n_regions_53_in|       pointer|
|p_ZL9n_regions_53_in_fifo_cap        |   in|    3|     ap_fifo|          p_ZL9n_regions_53_in|       pointer|
|p_ZL9n_regions_53_in_empty_n         |   in|    1|     ap_fifo|          p_ZL9n_regions_53_in|       pointer|
|p_ZL9n_regions_53_in_read            |  out|    1|     ap_fifo|          p_ZL9n_regions_53_in|       pointer|
|p_ZL9n_regions_53_out                |  out|    8|      ap_vld|         p_ZL9n_regions_53_out|       pointer|
|p_ZL9n_regions_53_out_ap_vld         |  out|    1|      ap_vld|         p_ZL9n_regions_53_out|       pointer|
|p_ZL9n_regions_54_in_dout            |   in|    8|     ap_fifo|          p_ZL9n_regions_54_in|       pointer|
|p_ZL9n_regions_54_in_num_data_valid  |   in|    3|     ap_fifo|          p_ZL9n_regions_54_in|       pointer|
|p_ZL9n_regions_54_in_fifo_cap        |   in|    3|     ap_fifo|          p_ZL9n_regions_54_in|       pointer|
|p_ZL9n_regions_54_in_empty_n         |   in|    1|     ap_fifo|          p_ZL9n_regions_54_in|       pointer|
|p_ZL9n_regions_54_in_read            |  out|    1|     ap_fifo|          p_ZL9n_regions_54_in|       pointer|
|p_ZL9n_regions_54_out                |  out|    8|      ap_vld|         p_ZL9n_regions_54_out|       pointer|
|p_ZL9n_regions_54_out_ap_vld         |  out|    1|      ap_vld|         p_ZL9n_regions_54_out|       pointer|
|p_ZL9n_regions_55_in_dout            |   in|    8|     ap_fifo|          p_ZL9n_regions_55_in|       pointer|
|p_ZL9n_regions_55_in_num_data_valid  |   in|    3|     ap_fifo|          p_ZL9n_regions_55_in|       pointer|
|p_ZL9n_regions_55_in_fifo_cap        |   in|    3|     ap_fifo|          p_ZL9n_regions_55_in|       pointer|
|p_ZL9n_regions_55_in_empty_n         |   in|    1|     ap_fifo|          p_ZL9n_regions_55_in|       pointer|
|p_ZL9n_regions_55_in_read            |  out|    1|     ap_fifo|          p_ZL9n_regions_55_in|       pointer|
|p_ZL9n_regions_55_out                |  out|    8|      ap_vld|         p_ZL9n_regions_55_out|       pointer|
|p_ZL9n_regions_55_out_ap_vld         |  out|    1|      ap_vld|         p_ZL9n_regions_55_out|       pointer|
|p_ZL9n_regions_56_in_dout            |   in|    8|     ap_fifo|          p_ZL9n_regions_56_in|       pointer|
|p_ZL9n_regions_56_in_num_data_valid  |   in|    3|     ap_fifo|          p_ZL9n_regions_56_in|       pointer|
|p_ZL9n_regions_56_in_fifo_cap        |   in|    3|     ap_fifo|          p_ZL9n_regions_56_in|       pointer|
|p_ZL9n_regions_56_in_empty_n         |   in|    1|     ap_fifo|          p_ZL9n_regions_56_in|       pointer|
|p_ZL9n_regions_56_in_read            |  out|    1|     ap_fifo|          p_ZL9n_regions_56_in|       pointer|
|p_ZL9n_regions_56_out                |  out|    8|      ap_vld|         p_ZL9n_regions_56_out|       pointer|
|p_ZL9n_regions_56_out_ap_vld         |  out|    1|      ap_vld|         p_ZL9n_regions_56_out|       pointer|
|p_ZL9n_regions_57_in_dout            |   in|    8|     ap_fifo|          p_ZL9n_regions_57_in|       pointer|
|p_ZL9n_regions_57_in_num_data_valid  |   in|    3|     ap_fifo|          p_ZL9n_regions_57_in|       pointer|
|p_ZL9n_regions_57_in_fifo_cap        |   in|    3|     ap_fifo|          p_ZL9n_regions_57_in|       pointer|
|p_ZL9n_regions_57_in_empty_n         |   in|    1|     ap_fifo|          p_ZL9n_regions_57_in|       pointer|
|p_ZL9n_regions_57_in_read            |  out|    1|     ap_fifo|          p_ZL9n_regions_57_in|       pointer|
|p_ZL9n_regions_57_out                |  out|    8|      ap_vld|         p_ZL9n_regions_57_out|       pointer|
|p_ZL9n_regions_57_out_ap_vld         |  out|    1|      ap_vld|         p_ZL9n_regions_57_out|       pointer|
|p_ZL9n_regions_58_in_dout            |   in|    8|     ap_fifo|          p_ZL9n_regions_58_in|       pointer|
|p_ZL9n_regions_58_in_num_data_valid  |   in|    3|     ap_fifo|          p_ZL9n_regions_58_in|       pointer|
|p_ZL9n_regions_58_in_fifo_cap        |   in|    3|     ap_fifo|          p_ZL9n_regions_58_in|       pointer|
|p_ZL9n_regions_58_in_empty_n         |   in|    1|     ap_fifo|          p_ZL9n_regions_58_in|       pointer|
|p_ZL9n_regions_58_in_read            |  out|    1|     ap_fifo|          p_ZL9n_regions_58_in|       pointer|
|p_ZL9n_regions_58_out                |  out|    8|      ap_vld|         p_ZL9n_regions_58_out|       pointer|
|p_ZL9n_regions_58_out_ap_vld         |  out|    1|      ap_vld|         p_ZL9n_regions_58_out|       pointer|
|p_ZL9n_regions_59_in_dout            |   in|    8|     ap_fifo|          p_ZL9n_regions_59_in|       pointer|
|p_ZL9n_regions_59_in_num_data_valid  |   in|    3|     ap_fifo|          p_ZL9n_regions_59_in|       pointer|
|p_ZL9n_regions_59_in_fifo_cap        |   in|    3|     ap_fifo|          p_ZL9n_regions_59_in|       pointer|
|p_ZL9n_regions_59_in_empty_n         |   in|    1|     ap_fifo|          p_ZL9n_regions_59_in|       pointer|
|p_ZL9n_regions_59_in_read            |  out|    1|     ap_fifo|          p_ZL9n_regions_59_in|       pointer|
|p_ZL9n_regions_59_out                |  out|    8|      ap_vld|         p_ZL9n_regions_59_out|       pointer|
|p_ZL9n_regions_59_out_ap_vld         |  out|    1|      ap_vld|         p_ZL9n_regions_59_out|       pointer|
|p_ZL9n_regions_6_in_dout             |   in|    8|     ap_fifo|           p_ZL9n_regions_6_in|       pointer|
|p_ZL9n_regions_6_in_num_data_valid   |   in|    3|     ap_fifo|           p_ZL9n_regions_6_in|       pointer|
|p_ZL9n_regions_6_in_fifo_cap         |   in|    3|     ap_fifo|           p_ZL9n_regions_6_in|       pointer|
|p_ZL9n_regions_6_in_empty_n          |   in|    1|     ap_fifo|           p_ZL9n_regions_6_in|       pointer|
|p_ZL9n_regions_6_in_read             |  out|    1|     ap_fifo|           p_ZL9n_regions_6_in|       pointer|
|p_ZL9n_regions_6_out                 |  out|    8|      ap_vld|          p_ZL9n_regions_6_out|       pointer|
|p_ZL9n_regions_6_out_ap_vld          |  out|    1|      ap_vld|          p_ZL9n_regions_6_out|       pointer|
|p_ZL9n_regions_60_in_dout            |   in|    8|     ap_fifo|          p_ZL9n_regions_60_in|       pointer|
|p_ZL9n_regions_60_in_num_data_valid  |   in|    3|     ap_fifo|          p_ZL9n_regions_60_in|       pointer|
|p_ZL9n_regions_60_in_fifo_cap        |   in|    3|     ap_fifo|          p_ZL9n_regions_60_in|       pointer|
|p_ZL9n_regions_60_in_empty_n         |   in|    1|     ap_fifo|          p_ZL9n_regions_60_in|       pointer|
|p_ZL9n_regions_60_in_read            |  out|    1|     ap_fifo|          p_ZL9n_regions_60_in|       pointer|
|p_ZL9n_regions_60_out                |  out|    8|      ap_vld|         p_ZL9n_regions_60_out|       pointer|
|p_ZL9n_regions_60_out_ap_vld         |  out|    1|      ap_vld|         p_ZL9n_regions_60_out|       pointer|
|p_ZL9n_regions_61_in_dout            |   in|    8|     ap_fifo|          p_ZL9n_regions_61_in|       pointer|
|p_ZL9n_regions_61_in_num_data_valid  |   in|    3|     ap_fifo|          p_ZL9n_regions_61_in|       pointer|
|p_ZL9n_regions_61_in_fifo_cap        |   in|    3|     ap_fifo|          p_ZL9n_regions_61_in|       pointer|
|p_ZL9n_regions_61_in_empty_n         |   in|    1|     ap_fifo|          p_ZL9n_regions_61_in|       pointer|
|p_ZL9n_regions_61_in_read            |  out|    1|     ap_fifo|          p_ZL9n_regions_61_in|       pointer|
|p_ZL9n_regions_61_out                |  out|    8|      ap_vld|         p_ZL9n_regions_61_out|       pointer|
|p_ZL9n_regions_61_out_ap_vld         |  out|    1|      ap_vld|         p_ZL9n_regions_61_out|       pointer|
|p_ZL9n_regions_62_in_dout            |   in|    8|     ap_fifo|          p_ZL9n_regions_62_in|       pointer|
|p_ZL9n_regions_62_in_num_data_valid  |   in|    3|     ap_fifo|          p_ZL9n_regions_62_in|       pointer|
|p_ZL9n_regions_62_in_fifo_cap        |   in|    3|     ap_fifo|          p_ZL9n_regions_62_in|       pointer|
|p_ZL9n_regions_62_in_empty_n         |   in|    1|     ap_fifo|          p_ZL9n_regions_62_in|       pointer|
|p_ZL9n_regions_62_in_read            |  out|    1|     ap_fifo|          p_ZL9n_regions_62_in|       pointer|
|p_ZL9n_regions_62_out                |  out|    8|      ap_vld|         p_ZL9n_regions_62_out|       pointer|
|p_ZL9n_regions_62_out_ap_vld         |  out|    1|      ap_vld|         p_ZL9n_regions_62_out|       pointer|
|p_ZL9n_regions_63_in_dout            |   in|    8|     ap_fifo|          p_ZL9n_regions_63_in|       pointer|
|p_ZL9n_regions_63_in_num_data_valid  |   in|    3|     ap_fifo|          p_ZL9n_regions_63_in|       pointer|
|p_ZL9n_regions_63_in_fifo_cap        |   in|    3|     ap_fifo|          p_ZL9n_regions_63_in|       pointer|
|p_ZL9n_regions_63_in_empty_n         |   in|    1|     ap_fifo|          p_ZL9n_regions_63_in|       pointer|
|p_ZL9n_regions_63_in_read            |  out|    1|     ap_fifo|          p_ZL9n_regions_63_in|       pointer|
|p_ZL9n_regions_63_out                |  out|    8|      ap_vld|         p_ZL9n_regions_63_out|       pointer|
|p_ZL9n_regions_63_out_ap_vld         |  out|    1|      ap_vld|         p_ZL9n_regions_63_out|       pointer|
|p_ZL9n_regions_7_in_dout             |   in|    8|     ap_fifo|           p_ZL9n_regions_7_in|       pointer|
|p_ZL9n_regions_7_in_num_data_valid   |   in|    3|     ap_fifo|           p_ZL9n_regions_7_in|       pointer|
|p_ZL9n_regions_7_in_fifo_cap         |   in|    3|     ap_fifo|           p_ZL9n_regions_7_in|       pointer|
|p_ZL9n_regions_7_in_empty_n          |   in|    1|     ap_fifo|           p_ZL9n_regions_7_in|       pointer|
|p_ZL9n_regions_7_in_read             |  out|    1|     ap_fifo|           p_ZL9n_regions_7_in|       pointer|
|p_ZL9n_regions_7_out                 |  out|    8|      ap_vld|          p_ZL9n_regions_7_out|       pointer|
|p_ZL9n_regions_7_out_ap_vld          |  out|    1|      ap_vld|          p_ZL9n_regions_7_out|       pointer|
|p_ZL9n_regions_8_in_dout             |   in|    8|     ap_fifo|           p_ZL9n_regions_8_in|       pointer|
|p_ZL9n_regions_8_in_num_data_valid   |   in|    3|     ap_fifo|           p_ZL9n_regions_8_in|       pointer|
|p_ZL9n_regions_8_in_fifo_cap         |   in|    3|     ap_fifo|           p_ZL9n_regions_8_in|       pointer|
|p_ZL9n_regions_8_in_empty_n          |   in|    1|     ap_fifo|           p_ZL9n_regions_8_in|       pointer|
|p_ZL9n_regions_8_in_read             |  out|    1|     ap_fifo|           p_ZL9n_regions_8_in|       pointer|
|p_ZL9n_regions_8_out                 |  out|    8|      ap_vld|          p_ZL9n_regions_8_out|       pointer|
|p_ZL9n_regions_8_out_ap_vld          |  out|    1|      ap_vld|          p_ZL9n_regions_8_out|       pointer|
|p_ZL9n_regions_9_in_dout             |   in|    8|     ap_fifo|           p_ZL9n_regions_9_in|       pointer|
|p_ZL9n_regions_9_in_num_data_valid   |   in|    3|     ap_fifo|           p_ZL9n_regions_9_in|       pointer|
|p_ZL9n_regions_9_in_fifo_cap         |   in|    3|     ap_fifo|           p_ZL9n_regions_9_in|       pointer|
|p_ZL9n_regions_9_in_empty_n          |   in|    1|     ap_fifo|           p_ZL9n_regions_9_in|       pointer|
|p_ZL9n_regions_9_in_read             |  out|    1|     ap_fifo|           p_ZL9n_regions_9_in|       pointer|
|p_ZL9n_regions_9_out                 |  out|    8|      ap_vld|          p_ZL9n_regions_9_out|       pointer|
|p_ZL9n_regions_9_out_ap_vld          |  out|    1|      ap_vld|          p_ZL9n_regions_9_out|       pointer|
|regions_address0                     |  out|   12|   ap_memory|                       regions|         array|
|regions_ce0                          |  out|    1|   ap_memory|                       regions|         array|
|regions_we0                          |  out|    1|   ap_memory|                       regions|         array|
|regions_d0                           |  out|   32|   ap_memory|                       regions|         array|
|regions_q0                           |   in|   32|   ap_memory|                       regions|         array|
|regions_address1                     |  out|   12|   ap_memory|                       regions|         array|
|regions_ce1                          |  out|    1|   ap_memory|                       regions|         array|
|regions_we1                          |  out|    1|   ap_memory|                       regions|         array|
|regions_d1                           |  out|   32|   ap_memory|                       regions|         array|
|regions_q1                           |   in|   32|   ap_memory|                       regions|         array|
|regions_2_address0                   |  out|   12|   ap_memory|                     regions_2|         array|
|regions_2_ce0                        |  out|    1|   ap_memory|                     regions_2|         array|
|regions_2_we0                        |  out|    1|   ap_memory|                     regions_2|         array|
|regions_2_d0                         |  out|   32|   ap_memory|                     regions_2|         array|
|regions_2_q0                         |   in|   32|   ap_memory|                     regions_2|         array|
|regions_2_address1                   |  out|   12|   ap_memory|                     regions_2|         array|
|regions_2_ce1                        |  out|    1|   ap_memory|                     regions_2|         array|
|regions_2_we1                        |  out|    1|   ap_memory|                     regions_2|         array|
|regions_2_d1                         |  out|   32|   ap_memory|                     regions_2|         array|
|regions_2_q1                         |   in|   32|   ap_memory|                     regions_2|         array|
|regions_3_address0                   |  out|   12|   ap_memory|                     regions_3|         array|
|regions_3_ce0                        |  out|    1|   ap_memory|                     regions_3|         array|
|regions_3_we0                        |  out|    1|   ap_memory|                     regions_3|         array|
|regions_3_d0                         |  out|   32|   ap_memory|                     regions_3|         array|
|regions_3_q0                         |   in|   32|   ap_memory|                     regions_3|         array|
|regions_3_address1                   |  out|   12|   ap_memory|                     regions_3|         array|
|regions_3_ce1                        |  out|    1|   ap_memory|                     regions_3|         array|
|regions_3_we1                        |  out|    1|   ap_memory|                     regions_3|         array|
|regions_3_d1                         |  out|   32|   ap_memory|                     regions_3|         array|
|regions_3_q1                         |   in|   32|   ap_memory|                     regions_3|         array|
|regions_4_address0                   |  out|   12|   ap_memory|                     regions_4|         array|
|regions_4_ce0                        |  out|    1|   ap_memory|                     regions_4|         array|
|regions_4_we0                        |  out|    1|   ap_memory|                     regions_4|         array|
|regions_4_d0                         |  out|   32|   ap_memory|                     regions_4|         array|
|regions_4_q0                         |   in|   32|   ap_memory|                     regions_4|         array|
|regions_4_address1                   |  out|   12|   ap_memory|                     regions_4|         array|
|regions_4_ce1                        |  out|    1|   ap_memory|                     regions_4|         array|
|regions_4_we1                        |  out|    1|   ap_memory|                     regions_4|         array|
|regions_4_d1                         |  out|   32|   ap_memory|                     regions_4|         array|
|regions_4_q1                         |   in|   32|   ap_memory|                     regions_4|         array|
|regions_5_address0                   |  out|   12|   ap_memory|                     regions_5|         array|
|regions_5_ce0                        |  out|    1|   ap_memory|                     regions_5|         array|
|regions_5_we0                        |  out|    1|   ap_memory|                     regions_5|         array|
|regions_5_d0                         |  out|   32|   ap_memory|                     regions_5|         array|
|regions_5_q0                         |   in|   32|   ap_memory|                     regions_5|         array|
|regions_5_address1                   |  out|   12|   ap_memory|                     regions_5|         array|
|regions_5_ce1                        |  out|    1|   ap_memory|                     regions_5|         array|
|regions_5_we1                        |  out|    1|   ap_memory|                     regions_5|         array|
|regions_5_d1                         |  out|   32|   ap_memory|                     regions_5|         array|
|regions_5_q1                         |   in|   32|   ap_memory|                     regions_5|         array|
|regions_6_address0                   |  out|   12|   ap_memory|                     regions_6|         array|
|regions_6_ce0                        |  out|    1|   ap_memory|                     regions_6|         array|
|regions_6_we0                        |  out|    1|   ap_memory|                     regions_6|         array|
|regions_6_d0                         |  out|   32|   ap_memory|                     regions_6|         array|
|regions_6_q0                         |   in|   32|   ap_memory|                     regions_6|         array|
|regions_6_address1                   |  out|   12|   ap_memory|                     regions_6|         array|
|regions_6_ce1                        |  out|    1|   ap_memory|                     regions_6|         array|
|regions_6_we1                        |  out|    1|   ap_memory|                     regions_6|         array|
|regions_6_d1                         |  out|   32|   ap_memory|                     regions_6|         array|
|regions_6_q1                         |   in|   32|   ap_memory|                     regions_6|         array|
+-------------------------------------+-----+-----+------------+------------------------------+--------------+

