

================================================================
== Vitis HLS Report for 'top'
================================================================
* Date:           Thu Oct 20 20:21:16 2022

* Version:        2022.1 (Build 3526262 on Mon Apr 18 15:48:16 MDT 2022)
* Project:        detector_solid
* Solution:       solution2 (Vitis Kernel Flow Target)
* Product family: zynq
* Target device:  xc7z020-clg484-1


================================================================
== Performance Estimates
================================================================
+ Timing: 
    * Summary: 
    +--------+----------+-----------+------------+
    |  Clock |  Target  | Estimated | Uncertainty|
    +--------+----------+-----------+------------+
    |ap_clk  |  18.00 ns|  13.694 ns|     4.86 ns|
    +--------+----------+-----------+------------+

+ Latency: 
    * Summary: 
    +---------+---------+----------+----------+-----+-----+---------+
    |  Latency (cycles) |  Latency (absolute) |  Interval | Pipeline|
    |   min   |   max   |    min   |    max   | min | max |   Type  |
    +---------+---------+----------+----------+-----+-----+---------+
    |        ?|        ?|         ?|         ?|    ?|    ?|       no|
    +---------+---------+----------+----------+-----+-----+---------+

    + Detail: 
        * Instance: 
        +-----------------+-------+---------+---------+----------+----------+-----+-----+----------+
        |                 |       |  Latency (cycles) |  Latency (absolute) |  Interval | Pipeline |
        |     Instance    | Module|   min   |   max   |    min   |    max   | min | max |   Type   |
        +-----------------+-------+---------+---------+----------+----------+-----+-----+----------+
        |grp_run_fu_1380  |run    |        ?|        ?|         ?|         ?|    ?|    ?|  dataflow|
        +-----------------+-------+---------+---------+----------+----------+-----+-----+----------+

        * Loop: 
        N/A



================================================================
== Utilization Estimates
================================================================
* Summary: 
+-----------------+---------+-----+--------+-------+-----+
|       Name      | BRAM_18K| DSP |   FF   |  LUT  | URAM|
+-----------------+---------+-----+--------+-------+-----+
|DSP              |        -|    -|       -|      -|    -|
|Expression       |        -|    -|       0|    202|    -|
|FIFO             |        -|    -|       -|      -|    -|
|Instance         |       16|   22|   15314|  23941|    0|
|Memory           |       48|    -|       0|      0|    0|
|Multiplexer      |        -|    -|       -|   2021|    -|
|Register         |        -|    -|    2089|      -|    -|
+-----------------+---------+-----+--------+-------+-----+
|Total            |       64|   22|   17403|  26164|    0|
+-----------------+---------+-----+--------+-------+-----+
|Available        |      280|  220|  106400|  53200|    0|
+-----------------+---------+-----+--------+-------+-----+
|Utilization (%)  |       22|   10|      16|     49|    0|
+-----------------+---------+-----+--------+-------+-----+

+ Detail: 
    * Instance: 
    +--------------------+---------------+---------+----+-------+-------+-----+
    |      Instance      |     Module    | BRAM_18K| DSP|   FF  |  LUT  | URAM|
    +--------------------+---------------+---------+----+-------+-------+-----+
    |control_s_axi_U     |control_s_axi  |       16|   0|   1934|   3526|    0|
    |gmem_m_axi_U        |gmem_m_axi     |        0|   0|   1621|   2323|    0|
    |mux_21_32_1_1_U252  |mux_21_32_1_1  |        0|   0|      0|      9|    0|
    |mux_21_32_1_1_U253  |mux_21_32_1_1  |        0|   0|      0|      9|    0|
    |mux_21_32_1_1_U254  |mux_21_32_1_1  |        0|   0|      0|      9|    0|
    |mux_21_32_1_1_U255  |mux_21_32_1_1  |        0|   0|      0|      9|    0|
    |mux_21_32_1_1_U256  |mux_21_32_1_1  |        0|   0|      0|      9|    0|
    |mux_21_32_1_1_U257  |mux_21_32_1_1  |        0|   0|      0|      9|    0|
    |mux_648_8_1_1_U258  |mux_648_8_1_1  |        0|   0|      0|    273|    0|
    |grp_run_fu_1380     |run            |        0|  22|  11759|  17765|    0|
    +--------------------+---------------+---------+----+-------+-------+-----+
    |Total               |               |       16|  22|  15314|  23941|    0|
    +--------------------+---------------+---------+----+-------+-------+-----+

    * DSP: 
    N/A

    * Memory: 
    +-------------+-----------------------+---------+---+----+-----+------+-----+------+-------------+
    |    Memory   |         Module        | BRAM_18K| FF| LUT| URAM| Words| Bits| Banks| W*Bits*Banks|
    +-------------+-----------------------+---------+---+----+-----+------+-----+------+-------------+
    |regions_U    |regions_RAM_AUTO_1R1W  |        8|  0|   0|    0|  4096|   32|     1|       131072|
    |regions_2_U  |regions_RAM_AUTO_1R1W  |        8|  0|   0|    0|  4096|   32|     1|       131072|
    |regions_4_U  |regions_RAM_AUTO_1R1W  |        8|  0|   0|    0|  4096|   32|     1|       131072|
    |regions_1_U  |regions_RAM_AUTO_1R1W  |        8|  0|   0|    0|  4096|   32|     1|       131072|
    |regions_3_U  |regions_RAM_AUTO_1R1W  |        8|  0|   0|    0|  4096|   32|     1|       131072|
    |regions_5_U  |regions_RAM_AUTO_1R1W  |        8|  0|   0|    0|  4096|   32|     1|       131072|
    +-------------+-----------------------+---------+---+----+-----+------+-----+------+-------------+
    |Total        |                       |       48|  0|   0|    0| 24576|  192|     6|       786432|
    +-------------+-----------------------+---------+---+----+-----+------+-----+------+-------------+

    * FIFO: 
    N/A

    * Expression: 
    +----------------------------------+----------+----+---+----+------------+------------+
    |           Variable Name          | Operation| DSP| FF| LUT| Bitwidth P0| Bitwidth P1|
    +----------------------------------+----------+----+---+----+------------+------------+
    |add_ln721_fu_2108_p2              |         +|   0|  0|  12|          12|          12|
    |add_ln724_fu_1653_p2              |         +|   0|  0|  12|          12|          12|
    |ap_block_state3_on_subcall_done   |       and|   0|  0|   2|           1|           1|
    |s_axi_control_flush_done          |       and|   0|  0|   2|           1|           0|
    |ap_rst_int                        |        or|   0|  0|   2|           1|           1|
    |ap_sync_grp_run_fu_1380_ap_done   |        or|   0|  0|   2|           1|           1|
    |ap_sync_grp_run_fu_1380_ap_ready  |        or|   0|  0|   2|           1|           1|
    |or_ln721_1_fu_2146_p2             |        or|   0|  0|  12|          12|           2|
    |or_ln721_2_fu_2162_p2             |        or|   0|  0|  12|          12|           2|
    |or_ln721_3_fu_2178_p2             |        or|   0|  0|  12|          12|           3|
    |or_ln721_4_fu_2194_p2             |        or|   0|  0|  12|          12|           3|
    |or_ln721_5_fu_2210_p2             |        or|   0|  0|  12|          12|           3|
    |or_ln721_6_fu_2226_p2             |        or|   0|  0|  12|          12|           3|
    |or_ln721_fu_2130_p2               |        or|   0|  0|  12|          12|           1|
    |or_ln724_1_fu_2574_p2             |        or|   0|  0|  12|          12|           2|
    |or_ln724_2_fu_2589_p2             |        or|   0|  0|  12|          12|           2|
    |or_ln724_3_fu_2604_p2             |        or|   0|  0|  12|          12|           3|
    |or_ln724_4_fu_2619_p2             |        or|   0|  0|  12|          12|           3|
    |or_ln724_5_fu_2634_p2             |        or|   0|  0|  12|          12|           3|
    |or_ln724_6_fu_2649_p2             |        or|   0|  0|  12|          12|           3|
    |or_ln724_fu_1675_p2               |        or|   0|  0|  12|          12|           1|
    +----------------------------------+----------+----+---+----+------------+------------+
    |Total                             |          |   0|  0| 202|         197|          62|
    +----------------------------------+----------+----+---+----+------------+------------+

    * Multiplexer: 
    +--------------------+----+-----------+-----+-----------+
    |        Name        | LUT| Input Size| Bits| Total Bits|
    +--------------------+----+-----------+-----+-----------+
    |ap_NS_fsm           |  65|         13|    1|         13|
    |gmem_ARVALID        |   9|          2|    1|          2|
    |gmem_RREADY         |   9|          2|    1|          2|
    |n_regions_in_o      |   9|          2|    8|         16|
    |p_ZL9n_regions_0    |   9|          2|    8|         16|
    |p_ZL9n_regions_1    |   9|          2|    8|         16|
    |p_ZL9n_regions_10   |   9|          2|    8|         16|
    |p_ZL9n_regions_11   |   9|          2|    8|         16|
    |p_ZL9n_regions_12   |   9|          2|    8|         16|
    |p_ZL9n_regions_13   |   9|          2|    8|         16|
    |p_ZL9n_regions_14   |   9|          2|    8|         16|
    |p_ZL9n_regions_15   |   9|          2|    8|         16|
    |p_ZL9n_regions_16   |   9|          2|    8|         16|
    |p_ZL9n_regions_17   |   9|          2|    8|         16|
    |p_ZL9n_regions_18   |   9|          2|    8|         16|
    |p_ZL9n_regions_19   |   9|          2|    8|         16|
    |p_ZL9n_regions_2    |   9|          2|    8|         16|
    |p_ZL9n_regions_20   |   9|          2|    8|         16|
    |p_ZL9n_regions_21   |   9|          2|    8|         16|
    |p_ZL9n_regions_22   |   9|          2|    8|         16|
    |p_ZL9n_regions_23   |   9|          2|    8|         16|
    |p_ZL9n_regions_24   |   9|          2|    8|         16|
    |p_ZL9n_regions_25   |   9|          2|    8|         16|
    |p_ZL9n_regions_26   |   9|          2|    8|         16|
    |p_ZL9n_regions_27   |   9|          2|    8|         16|
    |p_ZL9n_regions_28   |   9|          2|    8|         16|
    |p_ZL9n_regions_29   |   9|          2|    8|         16|
    |p_ZL9n_regions_3    |   9|          2|    8|         16|
    |p_ZL9n_regions_30   |   9|          2|    8|         16|
    |p_ZL9n_regions_31   |   9|          2|    8|         16|
    |p_ZL9n_regions_32   |   9|          2|    8|         16|
    |p_ZL9n_regions_33   |   9|          2|    8|         16|
    |p_ZL9n_regions_34   |   9|          2|    8|         16|
    |p_ZL9n_regions_35   |   9|          2|    8|         16|
    |p_ZL9n_regions_36   |   9|          2|    8|         16|
    |p_ZL9n_regions_37   |   9|          2|    8|         16|
    |p_ZL9n_regions_38   |   9|          2|    8|         16|
    |p_ZL9n_regions_39   |   9|          2|    8|         16|
    |p_ZL9n_regions_4    |   9|          2|    8|         16|
    |p_ZL9n_regions_40   |   9|          2|    8|         16|
    |p_ZL9n_regions_41   |   9|          2|    8|         16|
    |p_ZL9n_regions_42   |   9|          2|    8|         16|
    |p_ZL9n_regions_43   |   9|          2|    8|         16|
    |p_ZL9n_regions_44   |   9|          2|    8|         16|
    |p_ZL9n_regions_45   |   9|          2|    8|         16|
    |p_ZL9n_regions_46   |   9|          2|    8|         16|
    |p_ZL9n_regions_47   |   9|          2|    8|         16|
    |p_ZL9n_regions_48   |   9|          2|    8|         16|
    |p_ZL9n_regions_49   |   9|          2|    8|         16|
    |p_ZL9n_regions_5    |   9|          2|    8|         16|
    |p_ZL9n_regions_50   |   9|          2|    8|         16|
    |p_ZL9n_regions_51   |   9|          2|    8|         16|
    |p_ZL9n_regions_52   |   9|          2|    8|         16|
    |p_ZL9n_regions_53   |   9|          2|    8|         16|
    |p_ZL9n_regions_54   |   9|          2|    8|         16|
    |p_ZL9n_regions_55   |   9|          2|    8|         16|
    |p_ZL9n_regions_56   |   9|          2|    8|         16|
    |p_ZL9n_regions_57   |   9|          2|    8|         16|
    |p_ZL9n_regions_58   |   9|          2|    8|         16|
    |p_ZL9n_regions_59   |   9|          2|    8|         16|
    |p_ZL9n_regions_6    |   9|          2|    8|         16|
    |p_ZL9n_regions_60   |   9|          2|    8|         16|
    |p_ZL9n_regions_61   |   9|          2|    8|         16|
    |p_ZL9n_regions_62   |   9|          2|    8|         16|
    |p_ZL9n_regions_63   |   9|          2|    8|         16|
    |p_ZL9n_regions_7    |   9|          2|    8|         16|
    |p_ZL9n_regions_8    |   9|          2|    8|         16|
    |p_ZL9n_regions_9    |   9|          2|    8|         16|
    |regions_1_address0  |  53|         10|   12|        120|
    |regions_1_address1  |  53|         10|   12|        120|
    |regions_1_ce0       |  14|          3|    1|          3|
    |regions_1_ce1       |  14|          3|    1|          3|
    |regions_1_d0        |  31|          6|   32|        192|
    |regions_1_d1        |  31|          6|   32|        192|
    |regions_1_we0       |  14|          3|    1|          3|
    |regions_1_we1       |  14|          3|    1|          3|
    |regions_2_address0  |  53|         10|   12|        120|
    |regions_2_address1  |  53|         10|   12|        120|
    |regions_2_ce0       |  14|          3|    1|          3|
    |regions_2_ce1       |  14|          3|    1|          3|
    |regions_2_d0        |  31|          6|   32|        192|
    |regions_2_d1        |  31|          6|   32|        192|
    |regions_2_we0       |  14|          3|    1|          3|
    |regions_2_we1       |  14|          3|    1|          3|
    |regions_3_address0  |  53|         10|   12|        120|
    |regions_3_address1  |  53|         10|   12|        120|
    |regions_3_ce0       |  14|          3|    1|          3|
    |regions_3_ce1       |  14|          3|    1|          3|
    |regions_3_d0        |  31|          6|   32|        192|
    |regions_3_d1        |  31|          6|   32|        192|
    |regions_3_we0       |  14|          3|    1|          3|
    |regions_3_we1       |  14|          3|    1|          3|
    |regions_4_address0  |  53|         10|   12|        120|
    |regions_4_address1  |  53|         10|   12|        120|
    |regions_4_ce0       |  14|          3|    1|          3|
    |regions_4_ce1       |  14|          3|    1|          3|
    |regions_4_d0        |  31|          6|   32|        192|
    |regions_4_d1        |  31|          6|   32|        192|
    |regions_4_we0       |  14|          3|    1|          3|
    |regions_4_we1       |  14|          3|    1|          3|
    |regions_5_address0  |  53|         10|   12|        120|
    |regions_5_address1  |  53|         10|   12|        120|
    |regions_5_ce0       |  14|          3|    1|          3|
    |regions_5_ce1       |  14|          3|    1|          3|
    |regions_5_d0        |  31|          6|   32|        192|
    |regions_5_d1        |  31|          6|   32|        192|
    |regions_5_we0       |  14|          3|    1|          3|
    |regions_5_we1       |  14|          3|    1|          3|
    |regions_address0    |  53|         10|   12|        120|
    |regions_address1    |  53|         10|   12|        120|
    |regions_ce0         |  14|          3|    1|          3|
    |regions_ce1         |  14|          3|    1|          3|
    |regions_d0          |  31|          6|   32|        192|
    |regions_d1          |  31|          6|   32|        192|
    |regions_we0         |  14|          3|    1|          3|
    |regions_we1         |  14|          3|    1|          3|
    |startCopy_ap_ack    |   9|          2|    1|          2|
    +--------------------+----+-----------+-----+-----------+
    |Total               |2021|        413| 1076|       4875|
    +--------------------+----+-----------+-----+-----------+

    * Register: 
    +--------------------------------------+----+----+-----+-----------+
    |                 Name                 | FF | LUT| Bits| Const Bits|
    +--------------------------------------+----+----+-----+-----------+
    |ap_CS_fsm                             |  12|   0|   12|          0|
    |ap_rst_n_inv                          |   1|   0|    1|          0|
    |ap_rst_reg_1                          |   1|   0|    1|          0|
    |ap_rst_reg_2                          |   1|   0|    1|          0|
    |ap_sync_reg_grp_run_fu_1380_ap_done   |   1|   0|    1|          0|
    |ap_sync_reg_grp_run_fu_1380_ap_ready  |   1|   0|    1|          0|
    |bitcast_ln721_10_reg_3492             |  32|   0|   32|          0|
    |bitcast_ln721_11_reg_3498             |  32|   0|   32|          0|
    |bitcast_ln721_12_reg_3504             |  32|   0|   32|          0|
    |bitcast_ln721_13_reg_3510             |  32|   0|   32|          0|
    |bitcast_ln721_14_reg_3516             |  32|   0|   32|          0|
    |bitcast_ln721_15_reg_3522             |  32|   0|   32|          0|
    |bitcast_ln721_18_reg_3528             |  32|   0|   32|          0|
    |bitcast_ln721_19_reg_3534             |  32|   0|   32|          0|
    |bitcast_ln721_20_reg_3540             |  32|   0|   32|          0|
    |bitcast_ln721_21_reg_3546             |  32|   0|   32|          0|
    |bitcast_ln721_22_reg_3552             |  32|   0|   32|          0|
    |bitcast_ln721_23_reg_3558             |  32|   0|   32|          0|
    |bitcast_ln721_2_reg_3456              |  32|   0|   32|          0|
    |bitcast_ln721_3_reg_3462              |  32|   0|   32|          0|
    |bitcast_ln721_4_reg_3468              |  32|   0|   32|          0|
    |bitcast_ln721_5_reg_3474              |  32|   0|   32|          0|
    |bitcast_ln721_6_reg_3480              |  32|   0|   32|          0|
    |bitcast_ln721_7_reg_3486              |  32|   0|   32|          0|
    |grp_run_fu_1380_ap_start_reg          |   1|   0|    1|          0|
    |inputData_read_reg_3187               |  64|   0|   64|          0|
    |n_regions_in_o_preg                   |   8|   0|    8|          0|
    |p_ZL9n_regions_0                      |   8|   0|    8|          0|
    |p_ZL9n_regions_1                      |   8|   0|    8|          0|
    |p_ZL9n_regions_10                     |   8|   0|    8|          0|
    |p_ZL9n_regions_11                     |   8|   0|    8|          0|
    |p_ZL9n_regions_12                     |   8|   0|    8|          0|
    |p_ZL9n_regions_13                     |   8|   0|    8|          0|
    |p_ZL9n_regions_14                     |   8|   0|    8|          0|
    |p_ZL9n_regions_15                     |   8|   0|    8|          0|
    |p_ZL9n_regions_16                     |   8|   0|    8|          0|
    |p_ZL9n_regions_17                     |   8|   0|    8|          0|
    |p_ZL9n_regions_18                     |   8|   0|    8|          0|
    |p_ZL9n_regions_19                     |   8|   0|    8|          0|
    |p_ZL9n_regions_2                      |   8|   0|    8|          0|
    |p_ZL9n_regions_20                     |   8|   0|    8|          0|
    |p_ZL9n_regions_21                     |   8|   0|    8|          0|
    |p_ZL9n_regions_22                     |   8|   0|    8|          0|
    |p_ZL9n_regions_23                     |   8|   0|    8|          0|
    |p_ZL9n_regions_24                     |   8|   0|    8|          0|
    |p_ZL9n_regions_25                     |   8|   0|    8|          0|
    |p_ZL9n_regions_26                     |   8|   0|    8|          0|
    |p_ZL9n_regions_27                     |   8|   0|    8|          0|
    |p_ZL9n_regions_28                     |   8|   0|    8|          0|
    |p_ZL9n_regions_29                     |   8|   0|    8|          0|
    |p_ZL9n_regions_3                      |   8|   0|    8|          0|
    |p_ZL9n_regions_30                     |   8|   0|    8|          0|
    |p_ZL9n_regions_31                     |   8|   0|    8|          0|
    |p_ZL9n_regions_32                     |   8|   0|    8|          0|
    |p_ZL9n_regions_33                     |   8|   0|    8|          0|
    |p_ZL9n_regions_34                     |   8|   0|    8|          0|
    |p_ZL9n_regions_35                     |   8|   0|    8|          0|
    |p_ZL9n_regions_36                     |   8|   0|    8|          0|
    |p_ZL9n_regions_37                     |   8|   0|    8|          0|
    |p_ZL9n_regions_38                     |   8|   0|    8|          0|
    |p_ZL9n_regions_39                     |   8|   0|    8|          0|
    |p_ZL9n_regions_4                      |   8|   0|    8|          0|
    |p_ZL9n_regions_40                     |   8|   0|    8|          0|
    |p_ZL9n_regions_41                     |   8|   0|    8|          0|
    |p_ZL9n_regions_42                     |   8|   0|    8|          0|
    |p_ZL9n_regions_43                     |   8|   0|    8|          0|
    |p_ZL9n_regions_44                     |   8|   0|    8|          0|
    |p_ZL9n_regions_45                     |   8|   0|    8|          0|
    |p_ZL9n_regions_46                     |   8|   0|    8|          0|
    |p_ZL9n_regions_47                     |   8|   0|    8|          0|
    |p_ZL9n_regions_48                     |   8|   0|    8|          0|
    |p_ZL9n_regions_49                     |   8|   0|    8|          0|
    |p_ZL9n_regions_5                      |   8|   0|    8|          0|
    |p_ZL9n_regions_50                     |   8|   0|    8|          0|
    |p_ZL9n_regions_51                     |   8|   0|    8|          0|
    |p_ZL9n_regions_52                     |   8|   0|    8|          0|
    |p_ZL9n_regions_53                     |   8|   0|    8|          0|
    |p_ZL9n_regions_54                     |   8|   0|    8|          0|
    |p_ZL9n_regions_55                     |   8|   0|    8|          0|
    |p_ZL9n_regions_56                     |   8|   0|    8|          0|
    |p_ZL9n_regions_57                     |   8|   0|    8|          0|
    |p_ZL9n_regions_58                     |   8|   0|    8|          0|
    |p_ZL9n_regions_59                     |   8|   0|    8|          0|
    |p_ZL9n_regions_6                      |   8|   0|    8|          0|
    |p_ZL9n_regions_60                     |   8|   0|    8|          0|
    |p_ZL9n_regions_61                     |   8|   0|    8|          0|
    |p_ZL9n_regions_62                     |   8|   0|    8|          0|
    |p_ZL9n_regions_63                     |   8|   0|    8|          0|
    |p_ZL9n_regions_7                      |   8|   0|    8|          0|
    |p_ZL9n_regions_8                      |   8|   0|    8|          0|
    |p_ZL9n_regions_9                      |   8|   0|    8|          0|
    |regions_1_addr_10_reg_3306            |   9|   0|   12|          3|
    |regions_1_addr_11_reg_3311            |   9|   0|   12|          3|
    |regions_1_addr_12_reg_3316            |   9|   0|   12|          3|
    |regions_1_addr_13_reg_3321            |   9|   0|   12|          3|
    |regions_1_addr_14_reg_3326            |   9|   0|   12|          3|
    |regions_1_addr_15_reg_3331            |   9|   0|   12|          3|
    |regions_2_addr_2_reg_3336             |   9|   0|   12|          3|
    |regions_2_addr_3_reg_3341             |   9|   0|   12|          3|
    |regions_2_addr_4_reg_3346             |   9|   0|   12|          3|
    |regions_2_addr_5_reg_3351             |   9|   0|   12|          3|
    |regions_2_addr_6_reg_3356             |   9|   0|   12|          3|
    |regions_2_addr_7_reg_3361             |   9|   0|   12|          3|
    |regions_3_addr_10_reg_3366            |   9|   0|   12|          3|
    |regions_3_addr_11_reg_3371            |   9|   0|   12|          3|
    |regions_3_addr_12_reg_3376            |   9|   0|   12|          3|
    |regions_3_addr_13_reg_3381            |   9|   0|   12|          3|
    |regions_3_addr_14_reg_3386            |   9|   0|   12|          3|
    |regions_3_addr_15_reg_3391            |   9|   0|   12|          3|
    |regions_4_addr_2_reg_3396             |   9|   0|   12|          3|
    |regions_4_addr_3_reg_3401             |   9|   0|   12|          3|
    |regions_4_addr_4_reg_3406             |   9|   0|   12|          3|
    |regions_4_addr_5_reg_3411             |   9|   0|   12|          3|
    |regions_4_addr_6_reg_3416             |   9|   0|   12|          3|
    |regions_4_addr_7_reg_3421             |   9|   0|   12|          3|
    |regions_5_addr_10_reg_3426            |   9|   0|   12|          3|
    |regions_5_addr_11_reg_3431            |   9|   0|   12|          3|
    |regions_5_addr_12_reg_3436            |   9|   0|   12|          3|
    |regions_5_addr_13_reg_3441            |   9|   0|   12|          3|
    |regions_5_addr_14_reg_3446            |   9|   0|   12|          3|
    |regions_5_addr_15_reg_3451            |   9|   0|   12|          3|
    |regions_addr_2_reg_3276               |   9|   0|   12|          3|
    |regions_addr_3_reg_3281               |   9|   0|   12|          3|
    |regions_addr_4_reg_3286               |   9|   0|   12|          3|
    |regions_addr_5_reg_3291               |   9|   0|   12|          3|
    |regions_addr_6_reg_3296               |   9|   0|   12|          3|
    |regions_addr_7_reg_3301               |   9|   0|   12|          3|
    |s_axi_control_flush_done              |   1|   0|    1|          0|
    |shl_ln724_reg_3206                    |   9|   0|   12|          3|
    |tmp_22_reg_3624                       |  32|   0|   32|          0|
    |tmp_23_reg_3629                       |  32|   0|   32|          0|
    |tmp_24_reg_3714                       |  32|   0|   32|          0|
    |tmp_25_reg_3719                       |  32|   0|   32|          0|
    |tmp_26_reg_3804                       |  32|   0|   32|          0|
    |tmp_27_reg_3809                       |  32|   0|   32|          0|
    |tmp_30_reg_3634                       |  32|   0|   32|          0|
    |tmp_31_reg_3639                       |  32|   0|   32|          0|
    |tmp_32_reg_3724                       |  32|   0|   32|          0|
    |tmp_33_reg_3729                       |  32|   0|   32|          0|
    |tmp_34_reg_3814                       |  32|   0|   32|          0|
    |tmp_35_reg_3819                       |  32|   0|   32|          0|
    |tmp_38_reg_3644                       |  32|   0|   32|          0|
    |tmp_39_reg_3649                       |  32|   0|   32|          0|
    |tmp_40_reg_3734                       |  32|   0|   32|          0|
    |tmp_41_reg_3739                       |  32|   0|   32|          0|
    |tmp_42_reg_3824                       |  32|   0|   32|          0|
    |tmp_43_reg_3829                       |  32|   0|   32|          0|
    |trunc_ln682_reg_3196                  |   1|   0|    1|          0|
    +--------------------------------------+----+----+-----+-----------+
    |Total                                 |2089|   0| 2200|        111|
    +--------------------------------------+----+----+-----+-----------+



================================================================
== Interface
================================================================
* Summary: 
+-----------------------+-----+-----+------------+--------------+--------------+
|       RTL Ports       | Dir | Bits|  Protocol  | Source Object|    C Type    |
+-----------------------+-----+-----+------------+--------------+--------------+
|s_axi_control_AWVALID  |   in|    1|       s_axi|       control|         array|
|s_axi_control_AWREADY  |  out|    1|       s_axi|       control|         array|
|s_axi_control_AWADDR   |   in|   11|       s_axi|       control|         array|
|s_axi_control_WVALID   |   in|    1|       s_axi|       control|         array|
|s_axi_control_WREADY   |  out|    1|       s_axi|       control|         array|
|s_axi_control_WDATA    |   in|   32|       s_axi|       control|         array|
|s_axi_control_WSTRB    |   in|    4|       s_axi|       control|         array|
|s_axi_control_ARVALID  |   in|    1|       s_axi|       control|         array|
|s_axi_control_ARREADY  |  out|    1|       s_axi|       control|         array|
|s_axi_control_ARADDR   |   in|   11|       s_axi|       control|         array|
|s_axi_control_RVALID   |  out|    1|       s_axi|       control|         array|
|s_axi_control_RREADY   |   in|    1|       s_axi|       control|         array|
|s_axi_control_RDATA    |  out|   32|       s_axi|       control|         array|
|s_axi_control_RRESP    |  out|    2|       s_axi|       control|         array|
|s_axi_control_BVALID   |  out|    1|       s_axi|       control|         array|
|s_axi_control_BREADY   |   in|    1|       s_axi|       control|         array|
|s_axi_control_BRESP    |  out|    2|       s_axi|       control|         array|
|ap_clk                 |   in|    1|  ap_ctrl_hs|           top|  return value|
|ap_rst_n               |   in|    1|  ap_ctrl_hs|           top|  return value|
|interrupt              |  out|    1|  ap_ctrl_hs|           top|  return value|
|m_axi_gmem_AWVALID     |  out|    1|       m_axi|          gmem|       pointer|
|m_axi_gmem_AWREADY     |   in|    1|       m_axi|          gmem|       pointer|
|m_axi_gmem_AWADDR      |  out|   64|       m_axi|          gmem|       pointer|
|m_axi_gmem_AWID        |  out|    1|       m_axi|          gmem|       pointer|
|m_axi_gmem_AWLEN       |  out|    8|       m_axi|          gmem|       pointer|
|m_axi_gmem_AWSIZE      |  out|    3|       m_axi|          gmem|       pointer|
|m_axi_gmem_AWBURST     |  out|    2|       m_axi|          gmem|       pointer|
|m_axi_gmem_AWLOCK      |  out|    2|       m_axi|          gmem|       pointer|
|m_axi_gmem_AWCACHE     |  out|    4|       m_axi|          gmem|       pointer|
|m_axi_gmem_AWPROT      |  out|    3|       m_axi|          gmem|       pointer|
|m_axi_gmem_AWQOS       |  out|    4|       m_axi|          gmem|       pointer|
|m_axi_gmem_AWREGION    |  out|    4|       m_axi|          gmem|       pointer|
|m_axi_gmem_AWUSER      |  out|    1|       m_axi|          gmem|       pointer|
|m_axi_gmem_WVALID      |  out|    1|       m_axi|          gmem|       pointer|
|m_axi_gmem_WREADY      |   in|    1|       m_axi|          gmem|       pointer|
|m_axi_gmem_WDATA       |  out|  512|       m_axi|          gmem|       pointer|
|m_axi_gmem_WSTRB       |  out|   64|       m_axi|          gmem|       pointer|
|m_axi_gmem_WLAST       |  out|    1|       m_axi|          gmem|       pointer|
|m_axi_gmem_WID         |  out|    1|       m_axi|          gmem|       pointer|
|m_axi_gmem_WUSER       |  out|    1|       m_axi|          gmem|       pointer|
|m_axi_gmem_ARVALID     |  out|    1|       m_axi|          gmem|       pointer|
|m_axi_gmem_ARREADY     |   in|    1|       m_axi|          gmem|       pointer|
|m_axi_gmem_ARADDR      |  out|   64|       m_axi|          gmem|       pointer|
|m_axi_gmem_ARID        |  out|    1|       m_axi|          gmem|       pointer|
|m_axi_gmem_ARLEN       |  out|    8|       m_axi|          gmem|       pointer|
|m_axi_gmem_ARSIZE      |  out|    3|       m_axi|          gmem|       pointer|
|m_axi_gmem_ARBURST     |  out|    2|       m_axi|          gmem|       pointer|
|m_axi_gmem_ARLOCK      |  out|    2|       m_axi|          gmem|       pointer|
|m_axi_gmem_ARCACHE     |  out|    4|       m_axi|          gmem|       pointer|
|m_axi_gmem_ARPROT      |  out|    3|       m_axi|          gmem|       pointer|
|m_axi_gmem_ARQOS       |  out|    4|       m_axi|          gmem|       pointer|
|m_axi_gmem_ARREGION    |  out|    4|       m_axi|          gmem|       pointer|
|m_axi_gmem_ARUSER      |  out|    1|       m_axi|          gmem|       pointer|
|m_axi_gmem_RVALID      |   in|    1|       m_axi|          gmem|       pointer|
|m_axi_gmem_RREADY      |  out|    1|       m_axi|          gmem|       pointer|
|m_axi_gmem_RDATA       |   in|  512|       m_axi|          gmem|       pointer|
|m_axi_gmem_RLAST       |   in|    1|       m_axi|          gmem|       pointer|
|m_axi_gmem_RID         |   in|    1|       m_axi|          gmem|       pointer|
|m_axi_gmem_RUSER       |   in|    1|       m_axi|          gmem|       pointer|
|m_axi_gmem_RRESP       |   in|    2|       m_axi|          gmem|       pointer|
|m_axi_gmem_BVALID      |   in|    1|       m_axi|          gmem|       pointer|
|m_axi_gmem_BREADY      |  out|    1|       m_axi|          gmem|       pointer|
|m_axi_gmem_BRESP       |   in|    2|       m_axi|          gmem|       pointer|
|m_axi_gmem_BID         |   in|    1|       m_axi|          gmem|       pointer|
|m_axi_gmem_BUSER       |   in|    1|       m_axi|          gmem|       pointer|
+-----------------------+-----+-----+------------+--------------+--------------+

