

================================================================
== Vitis HLS Report for 'writeOutcome'
================================================================
* Date:           Thu Oct 20 19:19:28 2022

* Version:        2022.1 (Build 3526262 on Mon Apr 18 15:48:16 MDT 2022)
* Project:        detector_solid
* Solution:       solution2 (Vitis Kernel Flow Target)
* Product family: zynq
* Target device:  xc7z020-clg484-1


================================================================
== Performance Estimates
================================================================
+ Timing: 
    * Summary: 
    +--------+----------+----------+------------+
    |  Clock |  Target  | Estimated| Uncertainty|
    +--------+----------+----------+------------+
    |ap_clk  |  18.00 ns|  6.195 ns|     4.86 ns|
    +--------+----------+----------+------------+

+ Latency: 
    * Summary: 
    +---------+---------+----------+----------+-----+-----+---------+
    |  Latency (cycles) |  Latency (absolute) |  Interval | Pipeline|
    |   min   |   max   |    min   |    max   | min | max |   Type  |
    +---------+---------+----------+----------+-----+-----+---------+
    |        ?|        ?|         ?|         ?|    ?|    ?|       no|
    +---------+---------+----------+----------+-----+-----+---------+

    + Detail: 
        * Instance: 
        N/A

        * Loop: 
        +--------------------+---------+---------+----------+-----------+-----------+------+----------+
        |                    |  Latency (cycles) | Iteration|  Initiation Interval  | Trip |          |
        |      Loop Name     |   min   |   max   |  Latency |  achieved |   target  | Count| Pipelined|
        +--------------------+---------+---------+----------+-----------+-----------+------+----------+
        |- VITIS_LOOP_429_1  |        ?|        ?|         2|          -|          -|   inf|        no|
        +--------------------+---------+---------+----------+-----------+-----------+------+----------+



================================================================
== Utilization Estimates
================================================================
* Summary: 
+-----------------+---------+-----+--------+-------+-----+
|       Name      | BRAM_18K| DSP |   FF   |  LUT  | URAM|
+-----------------+---------+-----+--------+-------+-----+
|DSP              |        -|    -|       -|      -|    -|
|Expression       |        -|    -|       0|     24|    -|
|FIFO             |        -|    -|       -|      -|    -|
|Instance         |        -|    -|       0|     65|    -|
|Memory           |        -|    -|       -|      -|    -|
|Multiplexer      |        -|    -|       -|    187|    -|
|Register         |        -|    -|     449|      -|    -|
+-----------------+---------+-----+--------+-------+-----+
|Total            |        0|    0|     449|    276|    0|
+-----------------+---------+-----+--------+-------+-----+
|Available        |      280|  220|  106400|  53200|    0|
+-----------------+---------+-----+--------+-------+-----+
|Utilization (%)  |        0|    0|      ~0|     ~0|    0|
+-----------------+---------+-----+--------+-------+-----+

+ Detail: 
    * Instance: 
    +--------------------+---------------+---------+----+---+----+-----+
    |      Instance      |     Module    | BRAM_18K| DSP| FF| LUT| URAM|
    +--------------------+---------------+---------+----+---+----+-----+
    |mux_168_8_1_1_U166  |mux_168_8_1_1  |        0|   0|  0|  65|    0|
    +--------------------+---------------+---------+----+---+----+-----+
    |Total               |               |        0|   0|  0|  65|    0|
    +--------------------+---------------+---------+----+---+----+-----+

    * DSP: 
    N/A

    * Memory: 
    N/A

    * FIFO: 
    N/A

    * Expression: 
    +-----------------------+----------+----+---+----+------------+------------+
    |     Variable Name     | Operation| DSP| FF| LUT| Bitwidth P0| Bitwidth P1|
    +-----------------------+----------+----+---+----+------------+------------+
    |icmp_ln1065_fu_541_p2  |      icmp|   0|  0|  11|           8|           8|
    |icmp_ln449_fu_450_p2   |      icmp|   0|  0|  11|           8|           1|
    |ap_block_state1        |        or|   0|  0|   2|           1|           1|
    +-----------------------+----------+----+---+----+------------+------------+
    |Total                  |          |   0|  0|  24|          17|          10|
    +-----------------------+----------+----+---+----+------------+------------+

    * Multiplexer: 
    +---------------------------------+----+-----------+-----+-----------+
    |               Name              | LUT| Input Size| Bits| Total Bits|
    +---------------------------------+----+-----------+-----+-----------+
    |ap_NS_fsm                        |  20|          4|    1|          4|
    |errorInTask_address0             |  14|          3|    4|         12|
    |outcomeStream_blk_n              |   9|          2|    1|          2|
    |outcome_executionId_V_10_fu_166  |   9|          2|    8|         16|
    |outcome_executionId_V_11_fu_170  |   9|          2|    8|         16|
    |outcome_executionId_V_12_fu_174  |   9|          2|    8|         16|
    |outcome_executionId_V_13_fu_178  |   9|          2|    8|         16|
    |outcome_executionId_V_14_fu_182  |   9|          2|    8|         16|
    |outcome_executionId_V_15_fu_186  |   9|          2|    8|         16|
    |outcome_executionId_V_1_fu_130   |   9|          2|    8|         16|
    |outcome_executionId_V_2_fu_134   |   9|          2|    8|         16|
    |outcome_executionId_V_3_fu_138   |   9|          2|    8|         16|
    |outcome_executionId_V_4_fu_142   |   9|          2|    8|         16|
    |outcome_executionId_V_5_fu_146   |   9|          2|    8|         16|
    |outcome_executionId_V_6_fu_150   |   9|          2|    8|         16|
    |outcome_executionId_V_7_fu_154   |   9|          2|    8|         16|
    |outcome_executionId_V_8_fu_158   |   9|          2|    8|         16|
    |outcome_executionId_V_9_fu_162   |   9|          2|    8|         16|
    |outcome_executionId_V_fu_126     |   9|          2|    8|         16|
    +---------------------------------+----+-----------+-----+-----------+
    |Total                            | 187|         41|  134|        274|
    +---------------------------------+----+-----------+-----+-----------+

    * Register: 
    +---------------------------------+-----+----+-----+-----------+
    |               Name              |  FF | LUT| Bits| Const Bits|
    +---------------------------------+-----+----+-----+-----------+
    |ap_CS_fsm                        |    3|   0|    3|          0|
    |ap_done_reg                      |    0|   0|    1|          1|
    |errorInTask_addr_reg_771         |    4|   0|    4|          0|
    |in_fault_reg_766                 |    1|   0|    1|          0|
    |outcomeStream_read_reg_735       |  297|   0|  297|          0|
    |outcome_executionId_V_10_fu_166  |    8|   0|    8|          0|
    |outcome_executionId_V_11_fu_170  |    8|   0|    8|          0|
    |outcome_executionId_V_12_fu_174  |    8|   0|    8|          0|
    |outcome_executionId_V_13_fu_178  |    8|   0|    8|          0|
    |outcome_executionId_V_14_fu_182  |    8|   0|    8|          0|
    |outcome_executionId_V_15_fu_186  |    8|   0|    8|          0|
    |outcome_executionId_V_1_fu_130   |    8|   0|    8|          0|
    |outcome_executionId_V_2_fu_134   |    8|   0|    8|          0|
    |outcome_executionId_V_3_fu_138   |    8|   0|    8|          0|
    |outcome_executionId_V_4_fu_142   |    8|   0|    8|          0|
    |outcome_executionId_V_5_fu_146   |    8|   0|    8|          0|
    |outcome_executionId_V_6_fu_150   |    8|   0|    8|          0|
    |outcome_executionId_V_7_fu_154   |    8|   0|    8|          0|
    |outcome_executionId_V_8_fu_158   |    8|   0|    8|          0|
    |outcome_executionId_V_9_fu_162   |    8|   0|    8|          0|
    |outcome_executionId_V_fu_126     |    8|   0|    8|          0|
    |p_ZL22failedTaskExecutionIds_0   |    0|   0|    1|          1|
    |p_ZL22failedTaskExecutionIds_1   |    0|   0|    1|          1|
    |p_ZL22failedTaskExecutionIds_10  |    0|   0|    1|          1|
    |p_ZL22failedTaskExecutionIds_11  |    0|   0|    1|          1|
    |p_ZL22failedTaskExecutionIds_12  |    0|   0|    1|          1|
    |p_ZL22failedTaskExecutionIds_13  |    0|   0|    1|          1|
    |p_ZL22failedTaskExecutionIds_14  |    0|   0|    1|          1|
    |p_ZL22failedTaskExecutionIds_15  |    0|   0|    1|          1|
    |p_ZL22failedTaskExecutionIds_2   |    0|   0|    1|          1|
    |p_ZL22failedTaskExecutionIds_3   |    0|   0|    1|          1|
    |p_ZL22failedTaskExecutionIds_4   |    0|   0|    1|          1|
    |p_ZL22failedTaskExecutionIds_5   |    0|   0|    1|          1|
    |p_ZL22failedTaskExecutionIds_6   |    0|   0|    1|          1|
    |p_ZL22failedTaskExecutionIds_7   |    0|   0|    1|          1|
    |p_ZL22failedTaskExecutionIds_8   |    0|   0|    1|          1|
    |p_ZL22failedTaskExecutionIds_9   |    0|   0|    1|          1|
    |tmp_executionId_V_reg_740        |    8|   0|    8|          0|
    |tmp_taskId_V_reg_761             |    8|   0|    8|          0|
    +---------------------------------+-----+----+-----+-----------+
    |Total                            |  449|   0|  466|         17|
    +---------------------------------+-----+----+-----+-----------+



================================================================
== Interface
================================================================
* Summary: 
+------------------------------+-----+-----+------------+---------------+--------------+
|           RTL Ports          | Dir | Bits|  Protocol  | Source Object |    C Type    |
+------------------------------+-----+-----+------------+---------------+--------------+
|ap_clk                        |   in|    1|  ap_ctrl_hs|   writeOutcome|  return value|
|ap_rst                        |   in|    1|  ap_ctrl_hs|   writeOutcome|  return value|
|ap_start                      |   in|    1|  ap_ctrl_hs|   writeOutcome|  return value|
|ap_done                       |  out|    1|  ap_ctrl_hs|   writeOutcome|  return value|
|ap_continue                   |   in|    1|  ap_ctrl_hs|   writeOutcome|  return value|
|ap_idle                       |  out|    1|  ap_ctrl_hs|   writeOutcome|  return value|
|ap_ready                      |  out|    1|  ap_ctrl_hs|   writeOutcome|  return value|
|errorInTask_address0          |  out|    4|   ap_stable|    errorInTask|         array|
|errorInTask_ce0               |  out|    1|   ap_stable|    errorInTask|         array|
|errorInTask_we0               |  out|    1|   ap_stable|    errorInTask|         array|
|errorInTask_d0                |  out|    8|   ap_stable|    errorInTask|         array|
|errorInTask_q0                |   in|    8|   ap_stable|    errorInTask|         array|
|outcomeStream_dout            |   in|  297|     ap_fifo|  outcomeStream|       pointer|
|outcomeStream_num_data_valid  |   in|    2|     ap_fifo|  outcomeStream|       pointer|
|outcomeStream_fifo_cap        |   in|    2|     ap_fifo|  outcomeStream|       pointer|
|outcomeStream_empty_n         |   in|    1|     ap_fifo|  outcomeStream|       pointer|
|outcomeStream_read            |  out|    1|     ap_fifo|  outcomeStream|       pointer|
+------------------------------+-----+-----+------------+---------------+--------------+

