INFO-FLOW: Workspace /home/francesco/workspace/detector_solid/solution1 opened at Mon Oct 17 01:45:44 CEST 2022
Execute     ap_set_clock -name default -period 18 -default=false 
INFO: [SYN 201-201] Setting up clock 'default' with a period of 18ns.
Execute     set_part xc7z020-clg484-1 
Execute       create_platform xc7z020-clg484-1 -board  
DBG:HLSDevice: Trying to load device library: /home/francesco/tools/Xilinx/Vitis_HLS/2022.1/lib/lnx64.o/librdi_hlsvwrap.so
DBG:HLSDevice: first parts/arch.xml in RDI_DATADIR: /home/francesco/tools/Xilinx/Vivado/2022.1/data/parts/arch.xml
DBG:HLSDevice: init success
INFO: [HLS 200-1611] Setting target device to 'xc7z020-clg484-1'
Command       create_platform done; 1.42 sec.
Execute       source /home/francesco/tools/Xilinx/Vitis_HLS/2022.1/common/technology/xilinx/common/xilinx.gen 
Execute         source /home/francesco/tools/Xilinx/Vitis_HLS/2022.1/common/technology/xilinx/interface/plb46.gen 
Execute         source /home/francesco/tools/Xilinx/Vitis_HLS/2022.1/common/technology/xilinx/interface/axi4.gen 
Execute         source /home/francesco/tools/Xilinx/Vitis_HLS/2022.1/common/technology/xilinx/interface/nativeAXI4.gen 
Execute           source /home/francesco/tools/Xilinx/Vitis_HLS/2022.1/common/technology/xilinx/interface/saxilite.gen 
Execute         source /home/francesco/tools/Xilinx/Vitis_HLS/2022.1/common/technology/xilinx/scripts/xilinxcoregen.gen 
Execute         source /home/francesco/tools/Xilinx/Vitis_HLS/2022.1/common/technology/xilinx/interface/XilEDKCoreGen.gen 
Execute         source /home/francesco/tools/Xilinx/Vitis_HLS/2022.1/common/technology/xilinx/ip/dds_compiler.gen 
Execute         source /home/francesco/tools/Xilinx/Vitis_HLS/2022.1/common/technology/xilinx/ip/xfir.gen 
Execute         source /home/francesco/tools/Xilinx/Vitis_HLS/2022.1/common/technology/xilinx/ip/xfft.gen 
Execute         source /home/francesco/tools/Xilinx/Vitis_HLS/2022.1/common/technology/xilinx/ip/util.gen 
Execute         source /home/francesco/tools/Xilinx/Vitis_HLS/2022.1/common/technology/xilinx/DSP48/dsp48.gen 
Execute       ap_part_info -name xc7z020-clg484-1 -data info 
Execute       config_compile -quiet -complex-mul-dsp=0 
Command     set_part done; 1.52 sec.
Execute     send_msg_by_id INFO @200-1505@%s%s  vitis 
INFO: [HLS 200-1505] Using flow_target 'vitis'
Execute     get_config_interface -m_axi_latency 
Execute     get_config_interface -m_axi_alignment_byte_size 
Execute     get_config_interface -m_axi_max_widen_bitwidth 
Execute     get_config_interface -default_interface 
Execute     get_config_rtl -register_reset_num 
Execute     send_msg_by_id INFO @200-1464@%s config_export -vivado_clock=20 
INFO: [HLS 200-1464] Running solution command: config_export -vivado_clock=20
Execute     config_export -vivado_clock=20 
Execute     send_msg_by_id INFO @200-1464@%s config_interface -default_interface=kernel 
INFO: [HLS 200-1464] Running solution command: config_interface -default_interface=kernel
Execute     config_interface -default_interface=kernel 
Execute     send_msg_by_id INFO @200-1464@%s config_interface -m_axi_alignment_byte_size=64 
INFO: [HLS 200-1464] Running solution command: config_interface -m_axi_alignment_byte_size=64
Execute     config_interface -m_axi_alignment_byte_size=64 
Execute     send_msg_by_id INFO @200-1464@%s config_interface -m_axi_latency=64 
INFO: [HLS 200-1464] Running solution command: config_interface -m_axi_latency=64
Execute     config_interface -m_axi_latency=64 
Execute     send_msg_by_id INFO @200-1464@%s config_interface -m_axi_max_widen_bitwidth=512 
INFO: [HLS 200-1464] Running solution command: config_interface -m_axi_max_widen_bitwidth=512
Execute     config_interface -m_axi_max_widen_bitwidth=512 
Execute     send_msg_by_id INFO @200-1464@%s config_interface -s_axilite_auto_restart_counter=1 
INFO: [HLS 200-1464] Running solution command: config_interface -s_axilite_auto_restart_counter=1
Execute     config_interface -s_axilite_auto_restart_counter=1 
Execute     send_msg_by_id INFO @200-1464@%s config_interface -s_axilite_sw_reset=1 
INFO: [HLS 200-1464] Running solution command: config_interface -s_axilite_sw_reset=1
Execute     config_interface -s_axilite_sw_reset=1 
Execute     send_msg_by_id INFO @200-1464@%s config_rtl -register_reset_num=3 
INFO: [HLS 200-1464] Running solution command: config_rtl -register_reset_num=3
Execute     config_rtl -register_reset_num=3 
Command   open_solution done; 1.53 sec.
Execute   set_part xc7z020-clg484-1 
INFO: [HLS 200-1510] Running: set_part xc7z020-clg484-1 
Execute     create_platform xc7z020-clg484-1 -board  
Execute     source /home/francesco/tools/Xilinx/Vitis_HLS/2022.1/common/technology/xilinx/common/xilinx.gen 
Execute       source /home/francesco/tools/Xilinx/Vitis_HLS/2022.1/common/technology/xilinx/interface/plb46.gen 
Execute       source /home/francesco/tools/Xilinx/Vitis_HLS/2022.1/common/technology/xilinx/interface/axi4.gen 
Execute       source /home/francesco/tools/Xilinx/Vitis_HLS/2022.1/common/technology/xilinx/interface/nativeAXI4.gen 
Execute         source /home/francesco/tools/Xilinx/Vitis_HLS/2022.1/common/technology/xilinx/interface/saxilite.gen 
Execute       source /home/francesco/tools/Xilinx/Vitis_HLS/2022.1/common/technology/xilinx/scripts/xilinxcoregen.gen 
Execute       source /home/francesco/tools/Xilinx/Vitis_HLS/2022.1/common/technology/xilinx/interface/XilEDKCoreGen.gen 
Execute       source /home/francesco/tools/Xilinx/Vitis_HLS/2022.1/common/technology/xilinx/ip/dds_compiler.gen 
Execute       source /home/francesco/tools/Xilinx/Vitis_HLS/2022.1/common/technology/xilinx/ip/xfir.gen 
Execute       source /home/francesco/tools/Xilinx/Vitis_HLS/2022.1/common/technology/xilinx/ip/xfft.gen 
Execute       source /home/francesco/tools/Xilinx/Vitis_HLS/2022.1/common/technology/xilinx/ip/util.gen 
Execute       source /home/francesco/tools/Xilinx/Vitis_HLS/2022.1/common/technology/xilinx/DSP48/dsp48.gen 
Execute     ap_part_info -name xc7z020-clg484-1 -data info 
Execute     config_compile -quiet -complex-mul-dsp=0 
Command   set_part done; 0.12 sec.
Execute   create_clock -period 18 -name default 
INFO: [HLS 200-1510] Running: create_clock -period 18 -name default 
Execute   config_export -vivado_clock 20 
INFO: [HLS 200-1510] Running: config_export -vivado_clock 20 
Execute   config_interface -m_axi_alignment_byte_size 64 -m_axi_latency 64 -m_axi_max_widen_bitwidth 512 -s_axilite_auto_restart_counter 1 -s_axilite_sw_reset 
INFO: [HLS 200-1510] Running: config_interface -m_axi_alignment_byte_size 64 -m_axi_latency 64 -m_axi_max_widen_bitwidth 512 -s_axilite_auto_restart_counter 1 -s_axilite_sw_reset 
Execute   config_rtl -register_reset_num 3 
INFO: [HLS 200-1510] Running: config_rtl -register_reset_num 3 
Execute   source ./detector_solid/solution1/directives.tcl 
INFO: [HLS 200-1510] Running: source ./detector_solid/solution1/directives.tcl
Execute     set_directive_top -name run run 
INFO: [HLS 200-1510] Running: set_directive_top -name run run 
Execute     set_directive_unroll is_valid/is_valid_label0 
INFO: [HLS 200-1510] Running: set_directive_unroll is_valid/is_valid_label0 
Execute     set_directive_unroll find_region/find_region_label1 
INFO: [HLS 200-1510] Running: set_directive_unroll find_region/find_region_label1 
Execute     set_directive_unroll is_valid/is_valid_label2 
INFO: [HLS 200-1510] Running: set_directive_unroll is_valid/is_valid_label2 
Execute     set_directive_unroll update_train_regions/update_train_regions_label3 
INFO: [HLS 200-1510] Running: set_directive_unroll update_train_regions/update_train_regions_label3 
Execute     set_directive_unroll insert_point/insert_point_label4 
INFO: [HLS 200-1510] Running: set_directive_unroll insert_point/insert_point_label4 
Execute     set_directive_unroll insert_point/insert_point_label5 
INFO: [HLS 200-1510] Running: set_directive_unroll insert_point/insert_point_label5 
Execute     set_directive_unroll insert_point/insert_point_label6 
INFO: [HLS 200-1510] Running: set_directive_unroll insert_point/insert_point_label6 
Execute     set_directive_unroll insert_point/insert_point_label7 
INFO: [HLS 200-1510] Running: set_directive_unroll insert_point/insert_point_label7 
Execute   csynth_design 
INFO: [HLS 200-1510] Running: csynth_design 
Execute     get_config_compile -effort 
Execute     get_config_compile -enable_clang39 
Execute     get_config_compile -g 
Execute     get_config_compile -hw_syn 
Execute     get_config_compile -ng 
Execute     get_config_compile -opt_fp 
Execute     get_config_compile -skip_cdt 
Execute     get_config_compile -skip_syncheck 
Execute     get_config_compile -skip_transform 
Execute     get_config_compile -pre_tcl 
Execute     get_config_compile -keep_printf 
Execute     elaborate -effort=medium -skip_syncheck=0 -keep_printf=0 -skip_cdt=0 -skip_transform=0 -ng=0 -g=0 -opt_fp=0 -from_csynth_design=1 
INFO: [HLS 200-111] Finished File checks and directory preparation: CPU user time: 0 seconds. CPU system time: 0 seconds. Elapsed time: 0 seconds; current allocated memory: 1.456 GB.
INFO: [HLS 200-10] Analyzing design file 'detector_solid/abs_solid_detector.cpp' ... 
INFO-FLOW: Compiling one TU...
Execute       get_config_compile -pragma_strict_mode 
INFO-FLOW: Handling detector_solid/abs_solid_detector.cpp as C++
Execute       ap_part_info -name xc7z020-clg484-1 -data info 
INFO-FLOW: Running: GCC PP 39
INFO-FLOW: Source preprocessing
Execute       ap_eval exec -ignorestderr /home/francesco/tools/Xilinx/Vitis_HLS/2022.1/lnx64/tools/clang-3.9-csynth/bin/clang detector_solid/abs_solid_detector.cpp -foptimization-record-file=/home/francesco/workspace/detector_solid/solution1/.autopilot/db/abs_solid_detector.cpp.clang.diag.yml -mllvm -pass-remarks-missed=reflow|pasta|unroll -mllvm -pass-remarks=reflow|pasta|unroll|inline -fno-limit-debug-info -gcc-toolchain /home/francesco/tools/Xilinx/Vitis_HLS/2022.1/tps/lnx64/gcc-8.3.0 -fhls -fno-exceptions -E -fno-math-errno -c -emit-llvm -mllvm -disable-llvm-optzns -Werror=implicit-function-declaration -Werror=implicit-hls-streams -Werror=return-type -Wpragmas -Wunused-parameter -Wdump-hls-pragmas -fno-threadsafe-statics -fno-use-cxa-atexit -std=gnu++14 -target fpga64-xilinx-linux-gnu -fno-threadsafe-statics -fno-use-cxa-atexit -D__VITIS_HLS__ -DAESL_SYN -D__SYNTHESIS__ -D__HLS_SYN__ -I /home/francesco/tools/Xilinx/Vitis_HLS/2022.1/common/technology/autopilot -I /home/francesco/tools/Xilinx/Vitis_HLS/2022.1/common/technology/autopilot/ap_sysc -include etc/autopilot_ssdm_op.h -D__DSP48E1__ -I /usr/include/x86_64-linux-gnu -o /home/francesco/workspace/detector_solid/solution1/.autopilot/db/abs_solid_detector.pp.0.cpp -hls-platform-db-name=/home/francesco/tools/Xilinx/Vitis_HLS/2022.1/common/technology/xilinx/common/platform.db -hls-platform-name=zynq_slow -device-resource-info=BRAM_280.000000_DSP_220.000000_FF_106400.000000_LUT_53200.000000_SLICE_13300.000000_URAM_0.000000 > /home/francesco/workspace/detector_solid/solution1/.autopilot/db/abs_solid_detector.cpp.clang.out.log 2> /home/francesco/workspace/detector_solid/solution1/.autopilot/db/abs_solid_detector.cpp.clang.err.log 
Command       ap_eval done; 0.12 sec.
INFO-FLOW: Done: GCC PP 39 time: 0.1 seconds per iteration
Execute       set_directive_top run -name=run 
Execute       source /home/francesco/tools/Xilinx/Vitis_HLS/2022.1/tps/tcl/tcllib1.11.1/yaml/huddle.tcl 
Execute       source /home/francesco/tools/Xilinx/Vitis_HLS/2022.1/tps/tcl/tcllib1.11.1/yaml/json2huddle.tcl 
INFO-FLOW: Source syntax check for synthesis
Execute       ap_eval exec -ignorestderr /home/francesco/tools/Xilinx/Vitis_HLS/2022.1/lnx64/tools/clang-3.9-csynth/bin/clang -foptimization-record-file=/home/francesco/workspace/detector_solid/solution1/.autopilot/db/clang.diag.yml -mllvm -pass-remarks-missed=reflow|pasta|unroll -mllvm -pass-remarks=reflow|pasta|unroll|inline -fsyntax-only -fhls -target fpga64-xilinx-linux-gnu /home/francesco/workspace/detector_solid/solution1/.autopilot/db/abs_solid_detector.pp.0.cpp -hls-platform-db-name=/home/francesco/tools/Xilinx/Vitis_HLS/2022.1/common/technology/xilinx/common/platform.db -hls-platform-name=zynq_slow -device-resource-info=BRAM_280.000000_DSP_220.000000_FF_106400.000000_LUT_53200.000000_SLICE_13300.000000_URAM_0.000000 > /home/francesco/workspace/detector_solid/solution1/.autopilot/db/clang.out.log 2> /home/francesco/workspace/detector_solid/solution1/.autopilot/db/clang.err.log 
Command       ap_eval done; 2.4 sec.
Execute       clang_tidy xilinx-systemc-detector -desc systemc-detector /home/francesco/workspace/detector_solid/solution1/.autopilot/db/abs_solid_detector.pp.0.cpp std=gnu++14 -target fpga  -directive=/home/francesco/workspace/detector_solid/solution1/.autopilot/db/.systemc_flag 
INFO-FLOW: exec /home/francesco/tools/Xilinx/Vitis_HLS/2022.1/lnx64/tools/clang-3.9-csynth/bin/clang-tidy -header-filter=.* --checks=-*,xilinx-systemc-detector -import-directive=/home/francesco/workspace/detector_solid/solution1/.autopilot/db/.systemc_flag -fix-errors /home/francesco/workspace/detector_solid/solution1/.autopilot/db/abs_solid_detector.pp.0.cpp -- -std=gnu++14 -target fpga -fhls -ferror-limit=0
Command       clang_tidy done; 2.5 sec.
INFO-FLOW: Running: clang-tidy CDT preprocess 39
Execute       clang_tidy xilinx-directive2pragma -desc directive2pragma /home/francesco/workspace/detector_solid/solution1/.autopilot/db/abs_solid_detector.pp.0.cpp std=gnu++14 -target fpga  -directive=/home/francesco/workspace/detector_solid/solution1/.autopilot/db/all.directive.json 
INFO-FLOW: exec /home/francesco/tools/Xilinx/Vitis_HLS/2022.1/lnx64/tools/clang-3.9-csynth/bin/clang-tidy -header-filter=.* --checks=-*,xilinx-directive2pragma -import-directive=/home/francesco/workspace/detector_solid/solution1/.autopilot/db/all.directive.json -fix-errors /home/francesco/workspace/detector_solid/solution1/.autopilot/db/abs_solid_detector.pp.0.cpp -- -std=gnu++14 -target fpga -fhls -ferror-limit=0
Command       clang_tidy done; 2.84 sec.
Execute       clang_tidy xilinx-remove-assert -desc remove-assert /home/francesco/workspace/detector_solid/solution1/.autopilot/db/abs_solid_detector.pp.0.cpp std=gnu++14 -target fpga  
INFO-FLOW: exec /home/francesco/tools/Xilinx/Vitis_HLS/2022.1/lnx64/tools/clang-3.9-csynth/bin/clang-tidy -header-filter=.* --checks=-*,xilinx-remove-assert -fix-errors /home/francesco/workspace/detector_solid/solution1/.autopilot/db/abs_solid_detector.pp.0.cpp -- -std=gnu++14 -target fpga -fhls -ferror-limit=0
Command       clang_tidy done; 2.41 sec.
INFO-FLOW: Done: clang-tidy CDT preprocess 39 time: 5.3 seconds per iteration
INFO-FLOW: Calling xilinx-label-all-loops ... 
INFO-FLOW: Calling xilinx-aggregate-on-hls-vector ... 
Execute       clang_tidy -errorcheck -desc loop-label xilinx-label-all-loops,xilinx-aggregate-on-hls-vector,,xilinx-warn-mayneed-no-ctor-attribute /home/francesco/workspace/detector_solid/solution1/.autopilot/db/abs_solid_detector.pp.0.cpp std=gnu++14 -target fpga  
Execute         ap_eval exec -ignorestderr /home/francesco/tools/Xilinx/Vitis_HLS/2022.1/lnx64/tools/clang-3.9-csynth/bin/clang-tidy -export-fixes=/home/francesco/workspace/detector_solid/solution1/.autopilot/db/abs_solid_detector.pp.0.cpp.clang-tidy.loop-label.diag.yml -header-filter=.* --checks=-*,xilinx-label-all-loops,xilinx-aggregate-on-hls-vector,,xilinx-warn-mayneed-no-ctor-attribute -fix-errors /home/francesco/workspace/detector_solid/solution1/.autopilot/db/abs_solid_detector.pp.0.cpp -- -std=gnu++14 -target fpga -fhls -ferror-limit=0 > /home/francesco/workspace/detector_solid/solution1/.autopilot/db/abs_solid_detector.pp.0.cpp.clang-tidy.loop-label.out.log 2> /home/francesco/workspace/detector_solid/solution1/.autopilot/db/abs_solid_detector.pp.0.cpp.clang-tidy.loop-label.err.log 
Command         ap_eval done; 4.35 sec.
Execute         source /home/francesco/tools/Xilinx/Vitis_HLS/2022.1/tps/tcl/tcllib1.11.1/yaml/yaml.tcl 
Command       clang_tidy done; 4.7 sec.
Execute       get_config_dataflow -strict_mode 
Execute       ap_eval exec -ignorestderr /home/francesco/tools/Xilinx/Vitis_HLS/2022.1/lnx64/tools/clang-3.9-csynth/bin/xilinx-dataflow-lawyer -export-fixes=/home/francesco/workspace/detector_solid/solution1/.autopilot/db/abs_solid_detector.pp.0.cpp.xilinx-dataflow-lawyer.diag.yml /home/francesco/workspace/detector_solid/solution1/.autopilot/db/abs_solid_detector.pp.0.cpp -- -std=gnu++14 -target fpga -fhls -ferror-limit=0 -fstrict-dataflow > /home/francesco/workspace/detector_solid/solution1/.autopilot/db/abs_solid_detector.pp.0.cpp.xilinx-dataflow-lawyer.out.log 2> /home/francesco/workspace/detector_solid/solution1/.autopilot/db/abs_solid_detector.pp.0.cpp.xilinx-dataflow-lawyer.err.log 
Command       ap_eval done; 2.38 sec.
Execute       ap_part_info -name xc7z020-clg484-1 -data info 
INFO-FLOW: compiling source code to llvm bc
Execute       ap_eval exec -ignorestderr /home/francesco/tools/Xilinx/Vitis_HLS/2022.1/lnx64/tools/clang-3.9-csynth/bin/clang -foptimization-record-file=/home/francesco/workspace/detector_solid/solution1/.autopilot/db/abs_solid_detector.pp.0.cpp.clang.diag.yml -mllvm -pass-remarks-missed=reflow|pasta|unroll -mllvm -pass-remarks=reflow|pasta|unroll|inline -fno-limit-debug-info -fhls -flto -fno-exceptions -Wno-error=c++11-narrowing /home/francesco/workspace/detector_solid/solution1/.autopilot/db/abs_solid_detector.pp.0.cpp -fno-math-errno -c -emit-llvm -mllvm -disable-llvm-optzns -Werror=implicit-function-declaration -Werror=implicit-hls-streams -Werror=return-type -Wpragmas -Wunused-parameter -Wdump-hls-pragmas -fno-threadsafe-statics -fno-use-cxa-atexit -std=gnu++14 -target fpga64-xilinx-linux-gnu -D__VITIS_HLS__ -DAESL_SYN -D__SYNTHESIS__ -D__HLS_SYN__ -I /home/francesco/tools/Xilinx/Vitis_HLS/2022.1/common/technology/autopilot -I /home/francesco/tools/Xilinx/Vitis_HLS/2022.1/common/technology/autopilot/ap_sysc -include etc/autopilot_ssdm_op.h -D__DSP48E1__ -g -o /home/francesco/workspace/detector_solid/solution1/.autopilot/db/abs_solid_detector.bc -hls-platform-db-name=/home/francesco/tools/Xilinx/Vitis_HLS/2022.1/common/technology/xilinx/common/platform.db -hls-platform-name=zynq_slow -device-resource-info=BRAM_280.000000_DSP_220.000000_FF_106400.000000_LUT_53200.000000_SLICE_13300.000000_URAM_0.000000 > /home/francesco/workspace/detector_solid/solution1/.autopilot/db/abs_solid_detector.pp.0.cpp.clang.out.log 2> /home/francesco/workspace/detector_solid/solution1/.autopilot/db/abs_solid_detector.pp.0.cpp.clang.err.log 
Command       ap_eval done; 2.48 sec.
WARNING: [HLS 207-5557] Only for/while loops support the 'Unroll ' (/home/francesco/workspace/detector_solid/solution1/directives.tcl:7:9)
WARNING: [HLS 207-5292] unused parameter 'computeMode' (detector_solid/abs_solid_detector.cpp:655:21)
WARNING: [HLS 207-5292] unused parameter 'outcomeInRam' (detector_solid/abs_solid_detector.cpp:656:16)
WARNING: [HLS 207-5292] unused parameter 'errorInTask' (detector_solid/abs_solid_detector.cpp:656:35)
WARNING: [HLS 207-5292] unused parameter 'failedTaskExecutionIds' (detector_solid/abs_solid_detector.cpp:656:63)
WARNING: [HLS 207-5292] unused parameter 'failedTask' (detector_solid/abs_solid_detector.cpp:656:156)
INFO: [HLS 200-111] Finished Source Code Analysis and Preprocessing: CPU user time: 19.84 seconds. CPU system time: 0.87 seconds. Elapsed time: 20.1 seconds; current allocated memory: 461.145 MB.
INFO-FLOW: Linking Debug ...
INFO-FLOW: Linking dut bc code.
Execute       run_link_or_opt -out /home/francesco/workspace/detector_solid/solution1/.autopilot/db/a.g.ld.0.bc -args  "/home/francesco/workspace/detector_solid/solution1/.autopilot/db/abs_solid_detector.g.bc"  
Execute         ap_eval exec -ignorestderr /home/francesco/tools/Xilinx/Vitis_HLS/2022.1/lnx64/tools/clang-3.9-csynth/bin/llvm-link /home/francesco/workspace/detector_solid/solution1/.autopilot/db/abs_solid_detector.g.bc -o /home/francesco/workspace/detector_solid/solution1/.autopilot/db/a.g.ld.0.bc > /home/francesco/workspace/detector_solid/solution1/.autopilot/db/a.g.ld.0.bc.llvm-link.out.log 2> /home/francesco/workspace/detector_solid/solution1/.autopilot/db/a.g.ld.0.bc.llvm-link.err.log 
INFO-FLOW: 
Execute       run_link_or_opt -opt -out /home/francesco/workspace/detector_solid/solution1/.autopilot/db/a.g.ld.1.lower.bc -args /home/francesco/workspace/detector_solid/solution1/.autopilot/db/a.g.ld.0.bc -reflow-lower-math-intrinsics 
Execute         ap_eval exec -ignorestderr /home/francesco/tools/Xilinx/Vitis_HLS/2022.1/lnx64/tools/clang-3.9-csynth/bin/opt -pass-remarks-missed=reflow|pasta|unroll -pass-remarks=reflow|pasta|unroll|inline -pass-remarks-output=/home/francesco/workspace/detector_solid/solution1/.autopilot/db/a.g.ld.1.lower.bc.opt.diag.yml /home/francesco/workspace/detector_solid/solution1/.autopilot/db/a.g.ld.0.bc -reflow-lower-math-intrinsics -o /home/francesco/workspace/detector_solid/solution1/.autopilot/db/a.g.ld.1.lower.bc > /home/francesco/workspace/detector_solid/solution1/.autopilot/db/a.g.ld.1.lower.bc.opt.out.log 2> /home/francesco/workspace/detector_solid/solution1/.autopilot/db/a.g.ld.1.lower.bc.opt.err.log 
INFO-FLOW: 
INFO-FLOW: Linking math bc lib
Execute       run_link_or_opt -out /home/francesco/workspace/detector_solid/solution1/.autopilot/db/a.g.ld.2.m1.bc -args /home/francesco/workspace/detector_solid/solution1/.autopilot/db/a.g.ld.1.lower.bc -only-needed /home/francesco/tools/Xilinx/Vitis_HLS/2022.1/lnx64/lib/libhlsm_39.bc /home/francesco/tools/Xilinx/Vitis_HLS/2022.1/lnx64/lib/libhlsmc++_39.bc 
Execute         ap_eval exec -ignorestderr /home/francesco/tools/Xilinx/Vitis_HLS/2022.1/lnx64/tools/clang-3.9-csynth/bin/llvm-link /home/francesco/workspace/detector_solid/solution1/.autopilot/db/a.g.ld.1.lower.bc -only-needed /home/francesco/tools/Xilinx/Vitis_HLS/2022.1/lnx64/lib/libhlsm_39.bc /home/francesco/tools/Xilinx/Vitis_HLS/2022.1/lnx64/lib/libhlsmc++_39.bc -o /home/francesco/workspace/detector_solid/solution1/.autopilot/db/a.g.ld.2.m1.bc > /home/francesco/workspace/detector_solid/solution1/.autopilot/db/a.g.ld.2.m1.bc.llvm-link.out.log 2> /home/francesco/workspace/detector_solid/solution1/.autopilot/db/a.g.ld.2.m1.bc.llvm-link.err.log 
Command         ap_eval done; 2.28 sec.
INFO-FLOW: 
Command       run_link_or_opt done; 2.28 sec.
Execute       run_link_or_opt -opt -out /home/francesco/workspace/detector_solid/solution1/.autopilot/db/a.g.ld.3.fpc.bc -args /home/francesco/workspace/detector_solid/solution1/.autopilot/db/a.g.ld.2.m1.bc -reflow-globaldce -hls-top-function-name=run -reflow-float-conversion 
Execute         ap_eval exec -ignorestderr /home/francesco/tools/Xilinx/Vitis_HLS/2022.1/lnx64/tools/clang-3.9-csynth/bin/opt -pass-remarks-missed=reflow|pasta|unroll -pass-remarks=reflow|pasta|unroll|inline -pass-remarks-output=/home/francesco/workspace/detector_solid/solution1/.autopilot/db/a.g.ld.3.fpc.bc.opt.diag.yml /home/francesco/workspace/detector_solid/solution1/.autopilot/db/a.g.ld.2.m1.bc -reflow-globaldce -hls-top-function-name=run -reflow-float-conversion -o /home/francesco/workspace/detector_solid/solution1/.autopilot/db/a.g.ld.3.fpc.bc > /home/francesco/workspace/detector_solid/solution1/.autopilot/db/a.g.ld.3.fpc.bc.opt.out.log 2> /home/francesco/workspace/detector_solid/solution1/.autopilot/db/a.g.ld.3.fpc.bc.opt.err.log 
Command         ap_eval done; 0.75 sec.
INFO-FLOW: 
Command       run_link_or_opt done; 0.75 sec.
Execute       run_link_or_opt -out /home/francesco/workspace/detector_solid/solution1/.autopilot/db/a.g.ld.4.m2.bc -args /home/francesco/workspace/detector_solid/solution1/.autopilot/db/a.g.ld.3.fpc.bc -only-needed /home/francesco/tools/Xilinx/Vitis_HLS/2022.1/lnx64/lib/libfloatconversion_39.bc 
Execute         ap_eval exec -ignorestderr /home/francesco/tools/Xilinx/Vitis_HLS/2022.1/lnx64/tools/clang-3.9-csynth/bin/llvm-link /home/francesco/workspace/detector_solid/solution1/.autopilot/db/a.g.ld.3.fpc.bc -only-needed /home/francesco/tools/Xilinx/Vitis_HLS/2022.1/lnx64/lib/libfloatconversion_39.bc -o /home/francesco/workspace/detector_solid/solution1/.autopilot/db/a.g.ld.4.m2.bc > /home/francesco/workspace/detector_solid/solution1/.autopilot/db/a.g.ld.4.m2.bc.llvm-link.out.log 2> /home/francesco/workspace/detector_solid/solution1/.autopilot/db/a.g.ld.4.m2.bc.llvm-link.err.log 
INFO-FLOW: 
Execute       run_link_or_opt -opt -out /home/francesco/workspace/detector_solid/solution1/.autopilot/db/a.g.ld.5.gdce.bc -args /home/francesco/workspace/detector_solid/solution1/.autopilot/db/a.g.ld.4.m2.bc -reflow-globaldce -hls-top-function-name=run 
Execute         ap_eval exec -ignorestderr /home/francesco/tools/Xilinx/Vitis_HLS/2022.1/lnx64/tools/clang-3.9-csynth/bin/opt -pass-remarks-missed=reflow|pasta|unroll -pass-remarks=reflow|pasta|unroll|inline -pass-remarks-output=/home/francesco/workspace/detector_solid/solution1/.autopilot/db/a.g.ld.5.gdce.bc.opt.diag.yml /home/francesco/workspace/detector_solid/solution1/.autopilot/db/a.g.ld.4.m2.bc -reflow-globaldce -hls-top-function-name=run -o /home/francesco/workspace/detector_solid/solution1/.autopilot/db/a.g.ld.5.gdce.bc > /home/francesco/workspace/detector_solid/solution1/.autopilot/db/a.g.ld.5.gdce.bc.opt.out.log 2> /home/francesco/workspace/detector_solid/solution1/.autopilot/db/a.g.ld.5.gdce.bc.opt.err.log 
INFO-FLOW: 
Execute       get_solution -flow_target 
Execute       get_config_rtl -module_prefix 
Execute       get_config_interface -default_slave_interface 
Execute       get_solution -flow_target 
Execute       get_config_interface -m_axi_offset 
Execute       get_config_interface -m_axi_latency 
Execute       get_config_interface -m_axi_alignment_byte_size 
Execute       get_config_interface -m_axi_min_bitwidth 
Execute       get_config_interface -m_axi_max_bitwidth 
Execute       get_config_interface -m_axi_max_widen_bitwidth 
Execute       get_config_interface -m_axi_num_read_outstanding 
Execute       get_config_interface -m_axi_num_write_outstanding 
Execute       get_config_interface -m_axi_max_read_burst_length 
Execute       get_config_interface -m_axi_max_write_burst_length 
Execute       get_config_interface -m_axi_min_bitwidth 
Execute       get_config_interface -m_axi_max_bitwidth 
Execute       get_config_interface -m_axi_latency 
Execute       get_config_interface -m_axi_min_bitwidth 
Execute       get_config_interface -m_axi_max_bitwidth 
Execute       get_config_interface -m_axi_max_widen_bitwidth 
Execute       get_config_interface -m_axi_auto_max_ports 
Execute       get_config_interface -m_axi_num_read_outstanding 
Execute       get_config_interface -m_axi_num_write_outstanding 
Execute       get_config_interface -m_axi_max_read_burst_length 
Execute       get_config_interface -m_axi_max_write_burst_length 
Execute       get_config_interface -s_axilite_data64 
Execute       get_config_compile -instruction_warning_threshold 
Execute       get_config_compile -pipeline_loops 
Execute       get_config_interface -m_axi_alignment_byte_size 
Execute       get_config_compile -pragma_strict_mode 
Execute       get_config_compile -pipeline_style 
Execute       get_config_dataflow -strict_mode 
Execute       get_config_interface -s_axilite_data64 
Execute       get_config_array_partition -throughput_driven 
Execute       send_msg_by_id INFO @200-777@%s Vitis 
INFO: [HLS 200-777] Using interface defaults for 'Vitis' flow target.
Execute       is_m_axi_addr64 
Execute       get_clock_period -ns -default 
INFO-FLOW: Doing LTO.
Execute       ap_eval exec -ignorestderr /home/francesco/tools/Xilinx/Vitis_HLS/2022.1/lnx64/tools/clang-3.9-csynth/bin/clang -foptimization-record-file=/home/francesco/workspace/detector_solid/solution1/.autopilot/db/a.g.ld.0.bc.clang.diag.yml -mllvm -pass-remarks-missed=reflow|pasta|unroll -mllvm -pass-remarks=reflow|pasta|unroll|inline -fhls -mllvm -hls-top-function-name=run -mllvm -hls-db-dir -mllvm /home/francesco/workspace/detector_solid/solution1/.autopilot/db -emit-llvm -c -target fpga64-xilinx-none -mllvm -xcl-xmlinfo=/home/francesco/workspace/detector_solid/solution1/.autopilot/db/../../../kernel.xml -mllvm -top-io-mapping-info=/home/francesco/workspace/detector_solid/solution1/.autopilot/db/top-io-fe.xml -mllvm -hls-bitcode-version=3.1 -mllvm -reflow-enable-slave-interface-default-setting=true -mllvm -gen-kernel-xml=true -mllvm -default-maxi-offset=slave -mllvm -maxi-latency=64 -mllvm -hls-maxi-data-size-in-bits=8 -mllvm -hls-maxi-max-data-size-in-bits=1024 -mllvm -hls-max-widen-size-in-bits=512 -mllvm -xcl-kernel-max-mem-ports=0 -mllvm -maxi-read-trans=16 -mllvm -maxi-write-trans=16 -mllvm -maxi-read-burst-len=16 -mllvm -maxi-write-burst-len=16 -mllvm -reflow-enable-saxi-64bits=0 -mllvm -reflow-basic-block-instr-threshold=200000 -mllvm -reflow-auto-pipeline-threshold=64 -mllvm -assume-maxi-align=64 -mllvm -no-unaligned-maxi-accesses=false -mllvm -reflow-pipeline-style-llvm-setting=2 -mllvm -reflow-enable-dataflow-strict-mode-checking=1 -mllvm -reflow-axilite-preserved-offset=4 -mllvm -reflow-auto-array-partition-mode=default -mllvm -reflow-enable-auto-array-partition=true -mllvm -reflow-enable-auto-parallel-performance-driven=true -mllvm -reflow-enable-partition-for-automation=true -mllvm -reflow-aggregate-bitwidth-threshold=4096 -mllvm -hls -mllvm -disable-inlined-alloca-merging=true -mllvm -enable-reflow-vitis-flow-setting=true -x ir /home/francesco/workspace/detector_solid/solution1/.autopilot/db/a.g.ld.5.gdce.bc -o /home/francesco/workspace/detector_solid/solution1/.autopilot/db/a.g.lto.bc -hls-platform-db-name=/home/francesco/tools/Xilinx/Vitis_HLS/2022.1/common/technology/xilinx/common/platform.db -hls-platform-name=zynq_slow -device-resource-info=BRAM_280.000000_DSP_220.000000_FF_106400.000000_LUT_53200.000000_SLICE_13300.000000_URAM_0.000000 > /home/francesco/workspace/detector_solid/solution1/.autopilot/db/a.g.ld.0.bc.clang.out.log 2> /home/francesco/workspace/detector_solid/solution1/.autopilot/db/a.g.ld.0.bc.clang.err.log 
Command       ap_eval done; 30.3 sec.
INFO: [HLS 214-291] Loop 'anonymous' is marked as complete unroll implied by the pipeline pragma (detector_solid/abs_solid_detector.cpp:556:3)
INFO: [HLS 214-291] Loop 'anonymous' is marked as complete unroll implied by the pipeline pragma (detector_solid/abs_solid_detector.cpp:552:2)
INFO: [HLS 214-291] Loop 'VITIS_LOOP_79_1' is marked as complete unroll implied by the pipeline pragma (detector_solid/abs_solid_detector.cpp:79:19)
INFO: [HLS 214-291] Loop 'VITIS_LOOP_84_2' is marked as complete unroll implied by the pipeline pragma (detector_solid/abs_solid_detector.cpp:84:19)
INFO: [HLS 214-291] Loop 'is_valid_label2' is marked as complete unroll implied by the pipeline pragma (detector_solid/abs_solid_detector.cpp:96:34)
INFO: [HLS 214-291] Loop 'anonymous' is marked as complete unroll implied by the pipeline pragma (detector_solid/abs_solid_detector.cpp:615:2)
INFO: [HLS 214-291] Loop 'anonymous' is marked as complete unroll implied by the pipeline pragma (detector_solid/abs_solid_detector.cpp:608:2)
INFO: [HLS 214-186] Unrolling loop 'anonymous' (detector_solid/abs_solid_detector.cpp:556:3) in function 'writeOutcome' completely with a factor of 1 (detector_solid/abs_solid_detector.cpp:538:0)
INFO: [HLS 214-186] Unrolling loop 'anonymous' (detector_solid/abs_solid_detector.cpp:552:2) in function 'writeOutcome' completely with a factor of 8 (detector_solid/abs_solid_detector.cpp:538:0)
INFO: [HLS 214-186] Unrolling loop 'VITIS_LOOP_79_1' (detector_solid/abs_solid_detector.cpp:79:19) in function 'hasRegion' completely with a factor of 16 (detector_solid/abs_solid_detector.cpp:78:0)
WARNING: [HLS 214-189] Pipeline directive for loop 'VITIS_LOOP_79_1' (detector_solid/abs_solid_detector.cpp:79:19) in function 'hasRegion' has been removed because the loop is unrolled completely (detector_solid/abs_solid_detector.cpp:78:0)
INFO: [HLS 214-186] Unrolling loop 'VITIS_LOOP_84_2' (detector_solid/abs_solid_detector.cpp:84:19) in function 'hasRegion' completely with a factor of 8 (detector_solid/abs_solid_detector.cpp:78:0)
INFO: [HLS 214-186] Unrolling loop 'is_valid_label2' (detector_solid/abs_solid_detector.cpp:96:34) in function 'is_valid' completely with a factor of 8 (detector_solid/abs_solid_detector.cpp:94:0)
INFO: [HLS 214-186] Unrolling loop 'anonymous' (detector_solid/abs_solid_detector.cpp:615:2) in function 'read_data' completely with a factor of 8 (detector_solid/abs_solid_detector.cpp:604:0)
INFO: [HLS 214-186] Unrolling loop 'anonymous' (detector_solid/abs_solid_detector.cpp:608:2) in function 'read_data' completely with a factor of 1 (detector_solid/abs_solid_detector.cpp:604:0)
INFO: [HLS 214-178] Inlining function 'setProcessingState(char*, bool)' into 'read_data(ap_uint<8>*, ap_uint<8>*, ap_uint<8>*, ap_uint<16>*, float*, controlStr*, char*)' (detector_solid/abs_solid_detector.cpp:604:0)
INFO: [HLS 214-178] Inlining function 'std::isnan(float)' into 'is_valid(float const*)' (detector_solid/abs_solid_detector.cpp:94:0)
INFO: [HLS 214-178] Inlining function 'is_valid(float const*)' into 'run_test(bool*, REGION_T*, ap_uint<8>, float*)' (detector_solid/abs_solid_detector.cpp:579:0)
INFO: [HLS 214-178] Inlining function 'read_data(ap_uint<8>*, ap_uint<8>*, ap_uint<8>*, ap_uint<16>*, float*, controlStr*, char*)' into 'runT(char*, controlStr*, OutcomeStr*, char*, ap_uint<8>*, REGION_T (*) [16], ap_uint<8>*, taskFailure*, char*)' (detector_solid/abs_solid_detector.cpp:620:0)
INFO: [HLS 214-178] Inlining function 'writeOutcome(char*, ap_uint<8>*, ap_uint<8>, ap_uint<8>, ap_uint<8>, ap_uint<16>, bool, OutcomeStr*, float*, taskFailure*)' into 'runT(char*, controlStr*, OutcomeStr*, char*, ap_uint<8>*, REGION_T (*) [16], ap_uint<8>*, taskFailure*, char*)' (detector_solid/abs_solid_detector.cpp:620:0)
INFO: [HLS 214-248] Applying array_partition to '_ZL22failedTaskExecutionIds': Complete partitioning on dimension 1. (detector_solid/abs_solid_detector.cpp:759:0)
INFO: [HLS 214-248] Applying array_partition to '_ZL9n_regions': Complete partitioning on dimension 1. (detector_solid/abs_solid_detector.cpp:758:0)
INFO: [HLS 214-248] Applying array_partition to '_ZL7regions.center': Complete partitioning on dimension 2. (detector_solid/abs_solid_detector.cpp:757:0)
INFO: [HLS 214-248] Applying array_partition to '_ZL7regions.max': Complete partitioning on dimension 2. (detector_solid/abs_solid_detector.cpp:757:0)
INFO: [HLS 214-248] Applying array_partition to '_ZL7regions.min': Complete partitioning on dimension 2. (detector_solid/abs_solid_detector.cpp:757:0)
INFO: [HLS 214-248] Applying array_partition to 'AOV': Complete partitioning on dimension 1. (detector_solid/abs_solid_detector.cpp:632:9)
INFO-FLOW: DBG:PUTS: copy_raw_kernel_xml ap_link_39: copying raw kernel.xml: /home/francesco/workspace/detector_solid/solution1/.autopilot/db/../../../kernel.xml -> /home/francesco/workspace/detector_solid/solution1/.autopilot/db/kernel.internal.xml
INFO: [HLS 200-111] Finished Compiling Optimization and Transform: CPU user time: 33.21 seconds. CPU system time: 0.49 seconds. Elapsed time: 33.72 seconds; current allocated memory: 461.977 MB.
INFO: [HLS 200-111] Finished Checking Pragmas: CPU user time: 0 seconds. CPU system time: 0 seconds. Elapsed time: 0 seconds; current allocated memory: 461.977 MB.
Execute       opt_and_import_c a -opt_level=2 -skip_syncheck=0 -ng=0 -keep_printf=0 
Execute         cleanup_all_models 
INFO: [HLS 200-10] Starting code transformations ...
INFO-FLOW: Running Standard Transforms...
Execute         transform -hls -share-std-xform -demangle-name -inline-byval-memcpy -always-inline -promote-dbg-pointer -interface-preproc -mem2reg -scalarrepl -mem2reg -keep-read-access -instcombine -dce -promote-dbg-pointer -bitop-raise -loop-simplify -indvarspre -indvars -loop-simplify -xunroll -constprop -instcombine -simplifycfg -indvars -simplifycfg -dce -globaldce -basicaa -simplifycfg -mem2reg -globalopt -global-constprop -deadargelim -instcombine -simplifycfg -scalarrepl -instcombine -reassociate -licm -simplifycfg -loop-simplify -indvars -instcombine -simplifycfg -mem2reg -loop-simplify -indvars -instcombine -gvn -gvn -instcombine -adce -break-crit-edges -simplifycfg -loop-delete -global-array-opt -dce -dse -adce -find-syn-modules -top run -deadargelim -mem2reg -instcombine -dce -presyn-prepare -auto-rom-infer -interface-preproc -syn-check -check-rec-only -find-region -simplifycfg -func-extr -function-inline -globaldce -mem2reg -instcombine -dce -gvn -globaldce -adce -adse -constprop -instcombine -bit-constprop -instcombine -dce -simplifycfg -bitop-raise -simplifycfg -dce -loop-delete -reassociate -globalopt -global-privatize -mem2reg -dce -global-constprop -pointer-simplify -constprop -dce -func-inst -deadargelim -auto-shift-reg-idiom -promote-dbg-pointer -norm-name /home/francesco/workspace/detector_solid/solution1/.autopilot/db/a.g.0.bc -o /home/francesco/workspace/detector_solid/solution1/.autopilot/db/a.g.1.bc -f -phase std-opt 
Command         transform done; 0.7 sec.
INFO: [HLS 200-111] Finished Standard Transforms: CPU user time: 0.68 seconds. CPU system time: 0.01 seconds. Elapsed time: 0.7 seconds; current allocated memory: 477.133 MB.
INFO: [HLS 200-10] Checking synthesizability ...
INFO-FLOW: Checking Synthesizability 1/2..
Execute         transform -hls -syn-check -check-rec-only -scalarrepl -norm-name -dce -mem2reg -instcombine -function-uniquify -directive-preproc -mem2reg -dse -dce -auto-rom-infer -dce -pag -array-normalize -instcombine -dce -array-seg-normalize -instcombine -dce -data-pack -instcombine -dce -inst-simplify -array-flatten -instcombine -dce -array-burst -dce -deadargelim -promote-global-argument -simplifycfg -mem2reg -globaldce -dce -deadargelim -dce -instcombine -function-inline -globaldce -dce -doublePtrSimplify -doublePtrElim -dce -doublePtrSimplify -promote-dbg-pointer -dce -scalarrepl -dse -adse -instcombine -ptrLegalization -simplifycfg -dce -instcombine -pointer-simplify -ptrArgReplace -dce -instcombine -resolve-double-ptr -scalarrepl -norm-name -dce -mem2reg -instcombine -ptrLegalization -simplifycfg -deadargelim -instcombine -dce -inst-simplify -function-uniquify -directive-preproc -mem2reg -dse -dce -globaldce /home/francesco/workspace/detector_solid/solution1/.autopilot/db/a.g.1.bc -o /home/francesco/workspace/detector_solid/solution1/.autopilot/db/a.g.2.prechk.bc -f 
Command         transform done; 3.82 sec.
INFO-FLOW: Checking Synthesizability 2/2..
Execute         transform -syn-check /home/francesco/workspace/detector_solid/solution1/.autopilot/db/a.g.2.prechk.bc -o /home/francesco/workspace/detector_solid/solution1/.autopilot/db/a.g.2.bc -f -phase syn-check 
INFO: [HLS 200-111] Finished Checking Synthesizability: CPU user time: 3.86 seconds. CPU system time: 0.01 seconds. Elapsed time: 3.86 seconds; current allocated memory: 494.477 MB.
INFO-FLOW: Compiler optimizing ...
INFO-FLOW: Share syncheck's 1.bc for syn flow: copy /home/francesco/workspace/detector_solid/solution1/.autopilot/db/a.g.1.bc to /home/francesco/workspace/detector_solid/solution1/.autopilot/db/a.o.1.bc
INFO-FLOW: Presyn 1...
Execute         transform -hls -tmp /home/francesco/workspace/detector_solid/solution1/.autopilot/db -interface-port-rename -function-uniquify -directive-preproc -mem2reg -dse -dce -scalarrepl -norm-name -deadargelim -mem2reg -instcombine -dce -simplifycfg -auto-rom-infer -dce -function-uniquify -resource-proc -clib-intrinsic-prepare -dce -func-buffer -dce -pag -array-normalize -func-legal -instcombine -gvn -constprop -dce -simplifycfg -mem2reg -globaldce -resolve-double-ptr -dce -deadargelim -dce -instcombine -ptrArgReplace -mem2reg -dce -array-seg-normalize -deadargelim -instcombine -dce -function-uniquify -directive-preproc -mem2reg -dse -dce -pointer-simplify -dce -port-alignment -dce -interface-preproc -data-pack -instcombine -dce -basicaa -aggr-aa -aggrmodref-aa -aggr-aa -gvn -gvn -basicaa -aggr-aa -aggrmodref-aa -aggr-aa -dse -adse -adce -loop-simplify -indvars -instcombine -gvn -loop-simplify -mem2reg -dce -find-region -instcombine -auto-loop-pipeline -inst-simplify -interface-preproc -cfgopt -instcombine -indvars -auto-loop-unroll -loop-simplify -loop-bound -xunroll -constprop -instcombine -simplifycfg -indvars -simplifycfg -dce -globaldce -clean-region -attach-range -gvn -inst-simplify -constprop -simplifycfg -dce -pointer-simplify -dce -globalopt -constprop -dce -array-promote -scalar-auto-dep-elim -constprop -dce -ptrArgReplace -mem2reg -simplifycfg -dce -instcombine -dce -array-transform-check -array-reshape -instcombine -simplifycfg -dce -ptrArgReplace -deadargelim -mem2reg -instcombine -simplifycfg -dce -indvars -loop-simplify -loop-bound -xunroll -constprop -instcombine -simplifycfg -indvars -simplifycfg -dce -globaldce -basicaa -aggr-aa -aggrmodref-aa -aggr-aa -dse -duplicate-dataflow-processes -globaldce -instcombine -array-partition -prepare-dynamic-array-partition -instcombine -simplifycfg -dce -ptrArgReplace -global-constprop -deadargelim -mem2reg -func-legal -dce -global-constprop -deadargelim -mem2reg -simplifycfg -dce -merge-param -deadargelim -globalopt -constprop -dce -array-promote -scalar-auto-dep-elim -constprop -dce -ptrArgReplace -mem2reg -simplifycfg -dce -mem-intrinsic-preproc -dce -global-internalize -global-privatize -mem2reg -globaldce -promote-global-argument -ptrArgReplace -mem2reg -dce -globalopt -mergereturn -simplify-global-access -mem2reg -dce -pointer-simplify -dce -functionattrs -basicaa -aggr-aa -aggrmodref-aa -aggr-aa -gvn -gvn -basicaa -aggr-aa -aggrmodref-aa -aggr-aa -dse -adse -adce -dce -norm-name -basicaa -aggr-aa -aggrmodref-aa -aggr-aa -accesses-merge -function-inline -complex-op-raise -inst-simplify -globaldce -func-inst -constprop -instcombine -simplifycfg -dce -func-legal -dce -loop-bound -arraycheck -bitwidthmin2 -bitwidthmin2 -on-by-dataflow -loop-delete -instcombine -simplifycfg -globaldce -dce -gvn -deadargelim -dce -loop-simplify -clean-region -simplifycfg -propagate-stable-arguments -loop-stream -instcombine -simplifycfg -dce -globaldce -duplicate-dataflow-processes -stream-intrinsic-preproc -dce -check-ap-stream -loop-simplify -eliminate-keepreads -extract-dataflow-in-loop -loop-simplify -dce -gvn -deadargelim -dse -duplicate-dataflow-processes -check-dataflow-syntax -legalize-stream-variable -legalize-global -extract-subproc -dce -dead-channel-elimination -canonicalize-gep -globaldce -dce -gvn -hls-dead-arg-elim -deadargelim -directive-preproc -annotate-dataflow-channels -canonicalize-dataflow -dce -globaldce -scalar-preprocessing -scalar-propagation2 -deadargelim -globaldce -mem2reg -check-dataflow-channels -function-stream -dce -globaldce -prop-fifo-spec -internal-stream-gen -canonicalize-gep -globaldce -dce -gvn -deadargelim -mergereturn -indvars -loop-simplify -instcombine -array-stream -array-seg-normalize -array-partition -func-legal -instcombine -simplifycfg -dce -bundle-memfifo-ops -deadargelim -function-uniquify -directive-preproc -mem2reg -dse -dce -group-axi-access -licm -simplifycfg -dce -loop-delete -hls-display -norm-name /home/francesco/workspace/detector_solid/solution1/.autopilot/db/a.o.1.bc -o /home/francesco/workspace/detector_solid/solution1/.autopilot/db/a.o.1.tmp.bc -f 
INFO: [XFORM 203-102] Partitioning array 'regions.9' in dimension 2 automatically.
INFO: [XFORM 203-102] Partitioning array 'regions.8' in dimension 2 automatically.
INFO: [XFORM 203-102] Partitioning array 'regions.7' in dimension 2 automatically.
INFO: [XFORM 203-102] Partitioning array 'regions.6' in dimension 2 automatically.
INFO: [XFORM 203-102] Partitioning array 'regions.5' in dimension 2 automatically.
INFO: [XFORM 203-102] Partitioning array 'regions.47' in dimension 2 automatically.
INFO: [XFORM 203-102] Partitioning array 'regions.46' in dimension 2 automatically.
INFO: [XFORM 203-102] Partitioning array 'regions.45' in dimension 2 automatically.
INFO: [XFORM 203-102] Partitioning array 'regions.44' in dimension 2 automatically.
INFO: [XFORM 203-102] Partitioning array 'regions.43' in dimension 2 automatically.
INFO: [XFORM 203-102] Partitioning array 'regions.42' in dimension 2 automatically.
INFO: [XFORM 203-102] Partitioning array 'regions.41' in dimension 2 automatically.
INFO: [XFORM 203-102] Partitioning array 'regions.40' in dimension 2 automatically.
INFO: [XFORM 203-102] Partitioning array 'regions.4' in dimension 2 automatically.
INFO: [XFORM 203-102] Partitioning array 'regions.39' in dimension 2 automatically.
INFO: [XFORM 203-102] Partitioning array 'regions.38' in dimension 2 automatically.
INFO: [XFORM 203-102] Partitioning array 'regions.37' in dimension 2 automatically.
INFO: [XFORM 203-102] Partitioning array 'regions.36' in dimension 2 automatically.
INFO: [XFORM 203-102] Partitioning array 'regions.35' in dimension 2 automatically.
INFO: [XFORM 203-102] Partitioning array 'regions.34' in dimension 2 automatically.
INFO: [XFORM 203-102] Partitioning array 'regions.33' in dimension 2 automatically.
INFO: [XFORM 203-102] Partitioning array 'regions.32' in dimension 2 automatically.
INFO: [XFORM 203-102] Partitioning array 'regions.31' in dimension 2 automatically.
INFO: [XFORM 203-102] Partitioning array 'regions.30' in dimension 2 automatically.
INFO: [XFORM 203-102] Partitioning array 'regions.3' in dimension 2 automatically.
INFO: [XFORM 203-102] Partitioning array 'regions.29' in dimension 2 automatically.
INFO: [XFORM 203-102] Partitioning array 'regions.28' in dimension 2 automatically.
INFO: [XFORM 203-102] Partitioning array 'regions.27' in dimension 2 automatically.
INFO: [XFORM 203-102] Partitioning array 'regions.26' in dimension 2 automatically.
INFO: [XFORM 203-102] Partitioning array 'regions.25' in dimension 2 automatically.
INFO: [XFORM 203-102] Partitioning array 'regions.24' in dimension 2 automatically.
INFO: [XFORM 203-102] Partitioning array 'regions.23' in dimension 2 automatically.
INFO: [XFORM 203-102] Partitioning array 'regions.22' in dimension 2 automatically.
INFO: [XFORM 203-102] Partitioning array 'regions.21' in dimension 2 automatically.
INFO: [XFORM 203-102] Partitioning array 'regions.20' in dimension 2 automatically.
INFO: [XFORM 203-102] Partitioning array 'regions.2' in dimension 2 automatically.
INFO: [XFORM 203-102] Partitioning array 'regions.19' in dimension 2 automatically.
INFO: [XFORM 203-102] Partitioning array 'regions.18' in dimension 2 automatically.
INFO: [XFORM 203-102] Partitioning array 'regions.17' in dimension 2 automatically.
INFO: [XFORM 203-102] Partitioning array 'regions.16' in dimension 2 automatically.
INFO: [XFORM 203-102] Partitioning array 'regions.15' in dimension 2 automatically.
INFO: [XFORM 203-102] Partitioning array 'regions.14' in dimension 2 automatically.
INFO: [XFORM 203-102] Partitioning array 'regions.13' in dimension 2 automatically.
INFO: [XFORM 203-102] Partitioning array 'regions.12' in dimension 2 automatically.
INFO: [XFORM 203-102] Partitioning array 'regions.11' in dimension 2 automatically.
INFO: [XFORM 203-102] Partitioning array 'regions.10' in dimension 2 automatically.
INFO: [XFORM 203-102] Partitioning array 'regions.1' in dimension 2 automatically.
INFO: [XFORM 203-102] Partitioning array 'regions' in dimension 2 automatically.
Command         transform done; 5.48 sec.
INFO-FLOW: Presyn 2...
Execute         transform -hls -keep-callgraph -scalarrepl -mem2reg -port-alignment -attach-range -dce -pipe-mux-gen -indvars -loop-bound -inst-simplify -instcombine -dce -merge-array-access -mem2reg -dce -clean-region -mergereturn -if-conv -instcombine -dce -constprop -basicaa -aggr-aa -aggrmodref-aa -aggr-aa -gvn -gvn -basicaa -aggr-aa -aggrmodref-aa -aggr-aa -dse -adse -adce -scalarrepl -mem2reg -global-constprop -deadargelim -deadargelim -instcombine -dce -simplifycfg -ptrArgReplace -mem2reg -function-inline -globaldce -mem2reg -instcombine -dce -expr-balance -instcombine -dce -bitwidthmin2 -bitwidthmin2 -interface-preproc -directive-preproc -inst-rectify -instcombine -dce -functionattrs -constprop -instcombine -bit-constprop -simplify-global-access -globalopt -globaldce -inst-simplify -instcombine -elimdeaddata -dce -loop-delete -simplifycfg -loop-simplify -auto-burst -barrier -norm-name /home/francesco/workspace/detector_solid/solution1/.autopilot/db/a.o.1.tmp.bc -o /home/francesco/workspace/detector_solid/solution1/.autopilot/db/a.o.2.bc -f -phase presyn 
INFO: [XFORM 203-401] Performing if-conversion on hyperblock to (detector_solid/abs_solid_detector.cpp:92:1) in function 'hasRegion'... converting 275 basic blocks.
INFO: [XFORM 203-11] Balancing expressions in function 'runT' (detector_solid/abs_solid_detector.cpp:555:26)...3 expression(s) balanced.
Command         transform done; 0.67 sec.
INFO: [HLS 200-111] Finished Loop, function and other optimizations: CPU user time: 6.12 seconds. CPU system time: 0.03 seconds. Elapsed time: 6.16 seconds; current allocated memory: 543.879 MB.
Execute         get_config_compile -enable_auto_rewind 
Execute         get_config_compile -enable_loop_extract 
INFO-FLOW: Building ssdm...
Execute         transform -hls -function-uniquify -auto-function-inline -globaldce -ptrArgReplace -mem2reg -dce -reset-lda -loop-simplify -indvars -aggr-aa -licm -loop-dep -loop-bound -licm -loop-simplify -loop-sink-hoist -flattenloopnest -array-flatten -gvn -instcombine -dce -array-map -dce -func-legal -gvn -adce -instcombine -cfgopt -simplifycfg -loop-simplify -array-burst -promote-global-argument -dce -array-seg-normalize -basicaa -aggrmodref-aa -globalsmodref-aa -aggr-aa -gvn -gvn -basicaa -aggrmodref-aa -globalsmodref-aa -aggr-aa -dse -adse -adce -licm -inst-simplify -dce -globaldce -instcombine -array-stream -eliminate-keepreads -instcombine -dce -deadargelim -doublePtrSimplify -doublePtrElim -dce -doublePtrSimplify -promote-dbg-pointer -dce -scalarrepl -mem2reg -norm-name -mem2reg -instcombine -dse -adse -adce -ptrLegalization -dce -auto-rom-infer -array-flatten -dce -instcombine -check-doubleptr -loop-rot -constprop -cfgopt -simplifycfg -loop-simplify -indvars -pointer-simplify -dce -loop-bound -loop-simplify -loop-preproc -constprop -global-constprop -gvn -mem2reg -instcombine -dce -loop-bound -loop-merge -dce -deadargelim -dce -canonicalize-dataflow -dce -deadargelim -globaldce -mem2reg -bram-byte-enable -load-elim -read-loop-dep -loop-simplify -loop-extract-inner -directive-preproc -bitwidthmin2 -bitwidthmin2 -read-loop-dep -interface-preproc -directive-preproc -interface-gen -bram-byte-enable-spec-prop -deadargelim -inst-simplify -dce -gvn -mem2reg -instcombine -dce -adse -loop-bound -instcombine -cfgopt -simplifycfg -loop-simplify -clean-region -io-protocol -find-region -mem2reg -bitop-raise -complex-op-raise -inst-simplify -inst-rectify -instcombine -adce -deadargelim -float-op-raise -loop-simplify -phi-opt -bitop-raise -cfgopt -simplifycfg -strip-dead-prototypes -interface-lower -bitop-lower -intrinsic-lower -auto-function-inline -basicaa -aggrmodref-aa -globalsmodref-aa -aggr-aa -inst-simplify -simplifycfg -loop-simplify -mergereturn -inst-simplify -inst-rectify -dce -load-elim -bitop-lower -float-op-raise -fma-raise -loop-rewind -pointer-simplify -dce -cfgopt -dce -loop-bound -loop-dep -read-loop-dep -dce -dyn-mem-reuse -dce -recurrence-min -dce -share-scalar-alloca -deadargelim -dce -check-stream -norm-name -legalize -validate-dataflow -inst-clarity -bitwidth -dump-loop-dep-to-ir -check-all-ssdm -cdfg-build /home/francesco/workspace/detector_solid/solution1/.autopilot/db/a.o.2.bc -o /home/francesco/workspace/detector_solid/solution1/.autopilot/db/a.o.3.bc -f -phase build-ssdm 
WARNING: [XFORM 203-561] 'VITIS_LOOP_622_1' (detector_solid/abs_solid_detector.cpp:626:7) in function 'runT' is an infinite loop.
INFO: [HLS 200-472] Inferring partial write operation for 'regions.0' (detector_solid/abs_solid_detector.cpp:848:35)
WARNING: [HLS 200-948] Rewinding an infinite loop is not supported 'VITIS_LOOP_622_1' (detector_solid/abs_solid_detector.cpp:626) in function 'runT'.
Command         transform done; 4.7 sec.
INFO: [HLS 200-111] Finished Architecture Synthesis: CPU user time: 4.69 seconds. CPU system time: 0.01 seconds. Elapsed time: 4.7 seconds; current allocated memory: 640.883 MB.
INFO-FLOW: Finish building internal data model.
Command       opt_and_import_c done; 15.43 sec.
Command     elaborate done; 69.25 sec.
Execute     ap_eval exec zip -j /home/francesco/workspace/detector_solid/solution1/.autopilot/db/dut.hcp $dbDir/a.o.3.bc $dbDir/${topname}.rtl_wrap.cfg.tcl $dbDir/apatb_${topname}.cpp $dbDir/apatb_${topname}_util.cpp $dbDir/apatb_${topname}_ir.ll $dbDir/mapper_${topname}.cpp $dbDir/top-io-fe.xml $dbDir/kernel.internal.xml $workdir/../hls.app 
Execute     autosyn -from_csynth_design=1 
INFO: [HLS 200-10] Starting hardware synthesis ...
INFO-FLOW: Synthesizing C/C++ design ...
INFO: [HLS 200-10] Synthesizing 'run' ...
Execute       ap_set_top_model run 
Execute       get_model_list run -filter all-wo-channel -topdown 
Execute       preproc_iomode -model run 
Execute       preproc_iomode -model runT 
Execute       preproc_iomode -model run_test 
Execute       preproc_iomode -model hasRegion 
Execute       get_model_list run -filter all-wo-channel 
INFO-FLOW: Model list for configure: hasRegion run_test runT run
INFO-FLOW: Configuring Module : hasRegion ...
Execute       set_default_model hasRegion 
Execute       apply_spec_resource_limit hasRegion 
INFO-FLOW: Configuring Module : run_test ...
Execute       set_default_model run_test 
Execute       apply_spec_resource_limit run_test 
INFO-FLOW: Configuring Module : runT ...
Execute       set_default_model runT 
Execute       apply_spec_resource_limit runT 
INFO-FLOW: Configuring Module : run ...
Execute       set_default_model run 
Execute       apply_spec_resource_limit run 
INFO-FLOW: Model list for preprocess: hasRegion run_test runT run
INFO-FLOW: Preprocessing Module: hasRegion ...
Execute       set_default_model hasRegion 
Execute       cdfg_preprocess -model hasRegion 
Execute       rtl_gen_preprocess hasRegion 
INFO-FLOW: Preprocessing Module: run_test ...
Execute       set_default_model run_test 
Execute       cdfg_preprocess -model run_test 
Execute       rtl_gen_preprocess run_test 
INFO-FLOW: Preprocessing Module: runT ...
Execute       set_default_model runT 
Execute       cdfg_preprocess -model runT 
Execute       rtl_gen_preprocess runT 
INFO-FLOW: Preprocessing Module: run ...
Execute       set_default_model run 
Execute       cdfg_preprocess -model run 
Execute       rtl_gen_preprocess run 
INFO-FLOW: Model list for synthesis: hasRegion run_test runT run
INFO: [HLS 200-10] ----------------------------------------------------------------
INFO: [HLS 200-42] -- Implementing module 'hasRegion' 
INFO: [HLS 200-10] ----------------------------------------------------------------
Execute       set_default_model hasRegion 
Execute       schedule -model hasRegion 
INFO: [SCHED 204-11] Starting scheduling ...
INFO: [SCHED 204-61] Pipelining function 'hasRegion'.
INFO: [HLS 200-1470] Pipelining result : Target II = 4, Final II = 4, Depth = 514, function 'hasRegion'
INFO: [SCHED 204-11] Finished scheduling.
Command       schedule done; 7.46 sec.
INFO: [HLS 200-111] Finished Scheduling: CPU user time: 7.61 seconds. CPU system time: 0.05 seconds. Elapsed time: 7.66 seconds; current allocated memory: 716.000 MB.
Execute       syn_report -verbosereport -o /home/francesco/workspace/detector_solid/solution1/.autopilot/db/hasRegion.verbose.sched.rpt 
Execute         AP::get_flow_target_display_name
Execute           get_solution -flow_target 
