

================================================================
== Vitis HLS Report for 'run'
================================================================
* Date:           Thu Sep 22 19:07:15 2022

* Version:        2022.1 (Build 3526262 on Mon Apr 18 15:47:01 MDT 2022)
* Project:        detector_solid
* Solution:       solution1 (Vitis Kernel Flow Target)
* Product family: zynq
* Target device:  xc7z020-clg484-1


================================================================
== Performance Estimates
================================================================
+ Timing: 
    * Summary: 
    +--------+----------+-----------+------------+
    |  Clock |  Target  | Estimated | Uncertainty|
    +--------+----------+-----------+------------+
    |ap_clk  |  20.00 ns|  14.600 ns|     5.40 ns|
    +--------+----------+-----------+------------+

+ Latency: 
    * Summary: 
    +---------+---------+----------+----------+-----+-----+---------+
    |  Latency (cycles) |  Latency (absolute) |  Interval | Pipeline|
    |   min   |   max   |    min   |    max   | min | max |   Type  |
    +---------+---------+----------+----------+-----+-----+---------+
    |      130|      148|  2.600 us|  2.960 us|  131|  149|       no|
    +---------+---------+----------+----------+-----+-----+---------+

    + Detail: 
        * Instance: 
        N/A

        * Loop: 
        +--------------------+---------+---------+----------+-----------+-----------+------+----------+
        |                    |  Latency (cycles) | Iteration|  Initiation Interval  | Trip |          |
        |      Loop Name     |   min   |   max   |  Latency |  achieved |   target  | Count| Pipelined|
        +--------------------+---------+---------+----------+-----------+-----------+------+----------+
        |- VITIS_LOOP_417_2  |      128|      128|         2|          -|          -|    64|        no|
        +--------------------+---------+---------+----------+-----------+-----------+------+----------+

============================================================
+ Verbose Summary: Synthesis Manager
============================================================
InlineROM: 1
ExposeGlobal: 0
============================================================
+ Verbose Summary: CDFG Model
============================================================
IsTopModel: 1
ResetActiveHigh: 1
IsCombinational: 0
IsDatapathOnly: 0
HasWiredReturn: 1
HasMFsm: 0
HasVarLatency: 1
IsPipeline: 0
IsRtlPipelined: 0
IsInstanceOverlapped: 0
IsDontTouch: 0
HasImplIP: 0
IsGatedGlobalClock: 0


============================================================
+ Verbose Summary: Schedule
============================================================
* Number of FSM states : 6
* Pipeline : 0
* Dataflow Pipeline: 0

* FSM state transitions: 
1 --> 4 2 
2 --> 3 6 
3 --> 2 
4 --> 5 
5 --> 6 
6 --> 

* FSM state operations: 

State 1 <SV = 0> <Delay = 4.52>
ST_1 : Operation 7 [1/1] (0.00ns)   --->   "%spectopmodule_ln385 = spectopmodule void @_ssdm_op_SpecTopModule, void @empty_15" [detector_solid/abs_solid_detector.cpp:385]   --->   Operation 7 'spectopmodule' 'spectopmodule_ln385' <Predicate = true> <Delay = 0.00>
ST_1 : Operation 8 [1/1] (0.00ns)   --->   "%specinterface_ln385 = specinterface void @_ssdm_op_SpecInterface, i32 0, void @empty_16, i32 0, i32 0, void @empty_2, i32 0, i32 0, void @empty_2, void @empty_2, void @empty_2, i32 0, i32 0, i32 0, i32 0, void @empty_2, void @empty_2, i32 4294967295, i32 0" [detector_solid/abs_solid_detector.cpp:385]   --->   Operation 8 'specinterface' 'specinterface_ln385' <Predicate = true> <Delay = 0.00>
ST_1 : Operation 9 [1/1] (0.00ns)   --->   "%specinterface_ln0 = specinterface void @_ssdm_op_SpecInterface, i256 %gmem, void @empty_13, i32 0, i32 0, void @empty_2, i32 64, i32 0, void @empty_3, void @empty_4, void @empty_2, i32 16, i32 16, i32 16, i32 16, void @empty_2, void @empty_2, i32 4294967295, i32 0"   --->   Operation 9 'specinterface' 'specinterface_ln0' <Predicate = true> <Delay = 0.00>
ST_1 : Operation 10 [1/1] (0.00ns)   --->   "%specbitsmap_ln0 = specbitsmap void @_ssdm_op_SpecBitsMap, i256 %gmem"   --->   Operation 10 'specbitsmap' 'specbitsmap_ln0' <Predicate = true> <Delay = 0.00>
ST_1 : Operation 11 [1/1] (0.00ns)   --->   "%specbitsmap_ln0 = specbitsmap void @_ssdm_op_SpecBitsMap, i48 %contr"   --->   Operation 11 'specbitsmap' 'specbitsmap_ln0' <Predicate = true> <Delay = 0.00>
ST_1 : Operation 12 [1/1] (0.00ns)   --->   "%specinterface_ln0 = specinterface void @_ssdm_op_SpecInterface, i48 %contr, void @empty_5, i32 0, i32 0, void @empty_2, i32 0, i32 0, void @empty_6, void @empty_7, void @empty_2, i32 0, i32 0, i32 0, i32 0, void @empty_2, void @empty_2, i32 4294967295, i32 0"   --->   Operation 12 'specinterface' 'specinterface_ln0' <Predicate = true> <Delay = 0.00>
ST_1 : Operation 13 [1/1] (0.00ns)   --->   "%specinterface_ln0 = specinterface void @_ssdm_op_SpecInterface, i48 %contr, void @empty, i32 0, i32 0, void @empty_2, i32 0, i32 0, void @empty_2, void @empty_2, void @empty_2, i32 0, i32 0, i32 0, i32 0, void @empty_2, void @empty_2, i32 4294967295, i32 0"   --->   Operation 13 'specinterface' 'specinterface_ln0' <Predicate = true> <Delay = 0.00>
ST_1 : Operation 14 [1/1] (0.00ns)   --->   "%specinterface_ln0 = specinterface void @_ssdm_op_SpecInterface, i32 %trainedRegions, void @empty_5, i32 0, i32 0, void @empty_2, i32 0, i32 0, void @empty_6, void @empty_14, void @empty_2, i32 0, i32 0, i32 0, i32 0, void @empty_2, void @empty_2, i32 4294967295, i32 0"   --->   Operation 14 'specinterface' 'specinterface_ln0' <Predicate = true> <Delay = 0.00>
ST_1 : Operation 15 [1/1] (0.00ns)   --->   "%specinterface_ln0 = specinterface void @_ssdm_op_SpecInterface, i32 %trainedRegions, void @empty_0, i32 0, i32 0, void @empty_2, i32 1, i32 0, void @empty_2, void @empty_2, void @empty_2, i32 0, i32 0, i32 0, i32 0, void @empty_2, void @empty_2, i32 4294967295, i32 0"   --->   Operation 15 'specinterface' 'specinterface_ln0' <Predicate = true> <Delay = 0.00>
ST_1 : Operation 16 [1/1] (0.00ns)   --->   "%specmemcore_ln0 = specmemcore void @_ssdm_op_SpecMemCore, i32 %trainedRegions, i64 666, i64 207, i64 1"   --->   Operation 16 'specmemcore' 'specmemcore_ln0' <Predicate = true> <Delay = 0.00>
ST_1 : Operation 17 [1/1] (0.00ns)   --->   "%specbitsmap_ln0 = specbitsmap void @_ssdm_op_SpecBitsMap, i32 %trainedRegions"   --->   Operation 17 'specbitsmap' 'specbitsmap_ln0' <Predicate = true> <Delay = 0.00>
ST_1 : Operation 18 [1/1] (0.00ns)   --->   "%specinterface_ln0 = specinterface void @_ssdm_op_SpecInterface, i8 %realcheckId, void @empty_5, i32 0, i32 0, void @empty_2, i32 0, i32 0, void @empty_6, void @empty_18, void @empty_2, i32 0, i32 0, i32 0, i32 0, void @empty_2, void @empty_2, i32 4294967295, i32 0"   --->   Operation 18 'specinterface' 'specinterface_ln0' <Predicate = true> <Delay = 0.00>
ST_1 : Operation 19 [1/1] (0.00ns)   --->   "%specinterface_ln0 = specinterface void @_ssdm_op_SpecInterface, i8 %realcheckId, void @empty_0, i32 0, i32 0, void @empty_2, i32 1, i32 0, void @empty_2, void @empty_2, void @empty_2, i32 0, i32 0, i32 0, i32 0, void @empty_2, void @empty_2, i32 4294967295, i32 0"   --->   Operation 19 'specinterface' 'specinterface_ln0' <Predicate = true> <Delay = 0.00>
ST_1 : Operation 20 [1/1] (0.00ns)   --->   "%specmemcore_ln0 = specmemcore void @_ssdm_op_SpecMemCore, i8 %realcheckId, i64 666, i64 207, i64 1"   --->   Operation 20 'specmemcore' 'specmemcore_ln0' <Predicate = true> <Delay = 0.00>
ST_1 : Operation 21 [1/1] (0.00ns)   --->   "%specbitsmap_ln0 = specbitsmap void @_ssdm_op_SpecBitsMap, i8 %realcheckId"   --->   Operation 21 'specbitsmap' 'specbitsmap_ln0' <Predicate = true> <Delay = 0.00>
ST_1 : Operation 22 [1/1] (0.00ns)   --->   "%specinterface_ln0 = specinterface void @_ssdm_op_SpecInterface, i8 %n_regions_in, void @empty_5, i32 0, i32 0, void @empty_2, i32 0, i32 0, void @empty_6, void @empty_1, void @empty_2, i32 0, i32 0, i32 0, i32 0, void @empty_2, void @empty_2, i32 4294967295, i32 0"   --->   Operation 22 'specinterface' 'specinterface_ln0' <Predicate = true> <Delay = 0.00>
ST_1 : Operation 23 [1/1] (0.00ns)   --->   "%specinterface_ln0 = specinterface void @_ssdm_op_SpecInterface, i8 %n_regions_in, void @empty_0, i32 0, i32 0, void @empty_2, i32 1, i32 0, void @empty_2, void @empty_2, void @empty_2, i32 0, i32 0, i32 0, i32 0, void @empty_2, void @empty_2, i32 4294967295, i32 0"   --->   Operation 23 'specinterface' 'specinterface_ln0' <Predicate = true> <Delay = 0.00>
ST_1 : Operation 24 [1/1] (0.00ns)   --->   "%specmemcore_ln0 = specmemcore void @_ssdm_op_SpecMemCore, i8 %n_regions_in, i64 666, i64 207, i64 1"   --->   Operation 24 'specmemcore' 'specmemcore_ln0' <Predicate = true> <Delay = 0.00>
ST_1 : Operation 25 [1/1] (0.00ns)   --->   "%specbitsmap_ln0 = specbitsmap void @_ssdm_op_SpecBitsMap, i8 %n_regions_in"   --->   Operation 25 'specbitsmap' 'specbitsmap_ln0' <Predicate = true> <Delay = 0.00>
ST_1 : Operation 26 [1/1] (0.00ns)   --->   "%specinterface_ln0 = specinterface void @_ssdm_op_SpecInterface, i64 %sharedMem, void @empty_5, i32 0, i32 0, void @empty_2, i32 0, i32 0, void @empty_6, void @empty_11, void @empty_2, i32 0, i32 0, i32 0, i32 0, void @empty_2, void @empty_10, i32 4294967295, i32 0"   --->   Operation 26 'specinterface' 'specinterface_ln0' <Predicate = true> <Delay = 0.00>
ST_1 : Operation 27 [1/1] (0.00ns)   --->   "%specinterface_ln0 = specinterface void @_ssdm_op_SpecInterface, i64 %sharedMem, void @empty_9, i32 0, i32 0, void @empty_2, i32 0, i32 0, void @empty_2, void @empty_2, void @empty_2, i32 0, i32 0, i32 0, i32 0, void @empty_2, void @empty_10, i32 4294967295, i32 0"   --->   Operation 27 'specinterface' 'specinterface_ln0' <Predicate = true> <Delay = 0.00>
ST_1 : Operation 28 [1/1] (0.00ns)   --->   "%specinterface_ln0 = specinterface void @_ssdm_op_SpecInterface, i8 %toScheduler, void @empty_17, i32 1, i32 1, void @empty_8, i32 0, i32 0, void @empty_2, void @empty_2, void @empty_2, i32 0, i32 0, i32 0, i32 0, void @empty_2, void @empty_2, i32 4294967295, i32 0"   --->   Operation 28 'specinterface' 'specinterface_ln0' <Predicate = true> <Delay = 0.00>
ST_1 : Operation 29 [1/1] (0.00ns)   --->   "%specbitsmap_ln0 = specbitsmap void @_ssdm_op_SpecBitsMap, i8 %toScheduler"   --->   Operation 29 'specbitsmap' 'specbitsmap_ln0' <Predicate = true> <Delay = 0.00>
ST_1 : Operation 30 [1/1] (0.00ns)   --->   "%specinterface_ln0 = specinterface void @_ssdm_op_SpecInterface, i32 0, void @empty_5, i32 0, i32 0, void @empty_2, i32 0, i32 0, void @empty_6, void @empty_2, void @empty_2, i32 0, i32 0, i32 0, i32 0, void @empty_2, void @empty_2, i32 4294967295, i32 0"   --->   Operation 30 'specinterface' 'specinterface_ln0' <Predicate = true> <Delay = 0.00>
ST_1 : Operation 31 [1/1] (1.00ns)   --->   "%sharedMem_read = read i64 @_ssdm_op_Read.s_axilite.i64, i64 %sharedMem"   --->   Operation 31 'read' 'sharedMem_read' <Predicate = true> <Delay = 1.00> <CoreInst = "s_axilite">   --->   Core 114 's_axilite' <Latency = 0> <II = 1> <Delay = 1.00> <Adapter> <Opcode : 'read' 'write'>
ST_1 : Operation 32 [1/1] (1.00ns)   --->   "%contr_read = read i48 @_ssdm_op_Read.ap_none.i48, i48 %contr"   --->   Operation 32 'read' 'contr_read' <Predicate = true> <Delay = 1.00> <CoreInst = "s_axilite">   --->   Core 114 's_axilite' <Latency = 0> <II = 1> <Delay = 1.00> <Adapter> <Opcode : 'read' 'write'>
ST_1 : Operation 33 [1/1] (0.00ns)   --->   "%contr_checkId_V = partselect i16 @_ssdm_op_PartSelect.i16.i48.i32.i32, i48 %contr_read, i32 16, i32 31"   --->   Operation 33 'partselect' 'contr_checkId_V' <Predicate = true> <Delay = 0.00>
ST_1 : Operation 34 [1/1] (0.00ns)   --->   "%contr_taskId_V = partselect i8 @_ssdm_op_PartSelect.i8.i48.i32.i32, i48 %contr_read, i32 32, i32 39"   --->   Operation 34 'partselect' 'contr_taskId_V' <Predicate = true> <Delay = 0.00>
ST_1 : Operation 35 [1/1] (0.00ns)   --->   "%specreset_ln398 = specreset void @_ssdm_op_SpecReset, i32 %run_controlStr_REGION_T_32_ap_int_ap_int_ap_int_stream_data, i64 1, void @empty_2" [detector_solid/abs_solid_detector.cpp:398]   --->   Operation 35 'specreset' 'specreset_ln398' <Predicate = true> <Delay = 0.00>
ST_1 : Operation 36 [1/1] (0.00ns)   --->   "%specreset_ln398 = specreset void @_ssdm_op_SpecReset, i32 %run_controlStr_REGION_T_32_ap_int_ap_int_ap_int_stream_data_1, i64 1, void @empty_2" [detector_solid/abs_solid_detector.cpp:398]   --->   Operation 36 'specreset' 'specreset_ln398' <Predicate = true> <Delay = 0.00>
ST_1 : Operation 37 [1/1] (0.00ns)   --->   "%specreset_ln398 = specreset void @_ssdm_op_SpecReset, i32 %run_controlStr_REGION_T_32_ap_int_ap_int_ap_int_stream_data_2, i64 1, void @empty_2" [detector_solid/abs_solid_detector.cpp:398]   --->   Operation 37 'specreset' 'specreset_ln398' <Predicate = true> <Delay = 0.00>
ST_1 : Operation 38 [1/1] (0.00ns)   --->   "%specreset_ln398 = specreset void @_ssdm_op_SpecReset, i32 %run_controlStr_REGION_T_32_ap_int_ap_int_ap_int_stream_data_3, i64 1, void @empty_2" [detector_solid/abs_solid_detector.cpp:398]   --->   Operation 38 'specreset' 'specreset_ln398' <Predicate = true> <Delay = 0.00>
ST_1 : Operation 39 [1/1] (0.00ns)   --->   "%specreset_ln398 = specreset void @_ssdm_op_SpecReset, i32 %run_controlStr_REGION_T_32_ap_int_ap_int_ap_int_stream_data_4, i64 1, void @empty_2" [detector_solid/abs_solid_detector.cpp:398]   --->   Operation 39 'specreset' 'specreset_ln398' <Predicate = true> <Delay = 0.00>
ST_1 : Operation 40 [1/1] (0.00ns)   --->   "%specreset_ln398 = specreset void @_ssdm_op_SpecReset, i32 %run_controlStr_REGION_T_32_ap_int_ap_int_ap_int_stream_data_5, i64 1, void @empty_2" [detector_solid/abs_solid_detector.cpp:398]   --->   Operation 40 'specreset' 'specreset_ln398' <Predicate = true> <Delay = 0.00>
ST_1 : Operation 41 [1/1] (0.00ns)   --->   "%specreset_ln398 = specreset void @_ssdm_op_SpecReset, i32 %run_controlStr_REGION_T_32_ap_int_ap_int_ap_int_stream_data_6, i64 1, void @empty_2" [detector_solid/abs_solid_detector.cpp:398]   --->   Operation 41 'specreset' 'specreset_ln398' <Predicate = true> <Delay = 0.00>
ST_1 : Operation 42 [1/1] (0.00ns)   --->   "%specreset_ln398 = specreset void @_ssdm_op_SpecReset, i32 %run_controlStr_REGION_T_32_ap_int_ap_int_ap_int_stream_data_7, i64 1, void @empty_2" [detector_solid/abs_solid_detector.cpp:398]   --->   Operation 42 'specreset' 'specreset_ln398' <Predicate = true> <Delay = 0.00>
ST_1 : Operation 43 [1/1] (0.00ns)   --->   "%specreset_ln399 = specreset void @_ssdm_op_SpecReset, void @p_ZZ3run10controlStrPA32_8REGION_TP6ap_intILi8EES5_PS3_ILi32EERN3hls6streamIS4_Li_2, i64 1, void @empty_2" [detector_solid/abs_solid_detector.cpp:399]   --->   Operation 43 'specreset' 'specreset_ln399' <Predicate = true> <Delay = 0.00>
ST_1 : Operation 44 [1/1] (0.00ns)   --->   "%specreset_ln399 = specreset void @_ssdm_op_SpecReset, void @p_ZZ3run10controlStrPA32_8REGION_TP6ap_intILi8EES5_PS3_ILi32EERN3hls6streamIS4_Li_1, i64 1, void @empty_2" [detector_solid/abs_solid_detector.cpp:399]   --->   Operation 44 'specreset' 'specreset_ln399' <Predicate = true> <Delay = 0.00>
ST_1 : Operation 45 [1/1] (0.00ns)   --->   "%specreset_ln399 = specreset void @_ssdm_op_SpecReset, void @p_ZZ3run10controlStrPA32_8REGION_TP6ap_intILi8EES5_PS3_ILi32EERN3hls6streamIS4_Li, i64 1, void @empty_2" [detector_solid/abs_solid_detector.cpp:399]   --->   Operation 45 'specreset' 'specreset_ln399' <Predicate = true> <Delay = 0.00>
ST_1 : Operation 46 [1/1] (0.00ns)   --->   "%specreset_ln399 = specreset void @_ssdm_op_SpecReset, void @p_ZZ3run10controlStrPA32_8REGION_TP6ap_intILi8EES5_PS3_ILi32EERN3hls6streamIS4_Li_5, i64 1, void @empty_2" [detector_solid/abs_solid_detector.cpp:399]   --->   Operation 46 'specreset' 'specreset_ln399' <Predicate = true> <Delay = 0.00>
ST_1 : Operation 47 [1/1] (0.00ns)   --->   "%specreset_ln399 = specreset void @_ssdm_op_SpecReset, void @p_ZZ3run10controlStrPA32_8REGION_TP6ap_intILi8EES5_PS3_ILi32EERN3hls6streamIS4_Li_4, i64 1, void @empty_2" [detector_solid/abs_solid_detector.cpp:399]   --->   Operation 47 'specreset' 'specreset_ln399' <Predicate = true> <Delay = 0.00>
ST_1 : Operation 48 [1/1] (0.00ns)   --->   "%specreset_ln399 = specreset void @_ssdm_op_SpecReset, void @p_ZZ3run10controlStrPA32_8REGION_TP6ap_intILi8EES5_PS3_ILi32EERN3hls6streamIS4_Li_3, i64 1, void @empty_2" [detector_solid/abs_solid_detector.cpp:399]   --->   Operation 48 'specreset' 'specreset_ln399' <Predicate = true> <Delay = 0.00>
ST_1 : Operation 49 [1/1] (0.00ns)   --->   "%specreset_ln399 = specreset void @_ssdm_op_SpecReset, void @p_ZZ3run10controlStrPA32_8REGION_TP6ap_intILi8EES5_PS3_ILi32EERN3hls6streamIS4_Li_8, i64 1, void @empty_2" [detector_solid/abs_solid_detector.cpp:399]   --->   Operation 49 'specreset' 'specreset_ln399' <Predicate = true> <Delay = 0.00>
ST_1 : Operation 50 [1/1] (0.00ns)   --->   "%specreset_ln399 = specreset void @_ssdm_op_SpecReset, void @p_ZZ3run10controlStrPA32_8REGION_TP6ap_intILi8EES5_PS3_ILi32EERN3hls6streamIS4_Li_7, i64 1, void @empty_2" [detector_solid/abs_solid_detector.cpp:399]   --->   Operation 50 'specreset' 'specreset_ln399' <Predicate = true> <Delay = 0.00>
ST_1 : Operation 51 [1/1] (0.00ns)   --->   "%specreset_ln399 = specreset void @_ssdm_op_SpecReset, void @p_ZZ3run10controlStrPA32_8REGION_TP6ap_intILi8EES5_PS3_ILi32EERN3hls6streamIS4_Li_6, i64 1, void @empty_2" [detector_solid/abs_solid_detector.cpp:399]   --->   Operation 51 'specreset' 'specreset_ln399' <Predicate = true> <Delay = 0.00>
ST_1 : Operation 52 [1/1] (0.00ns)   --->   "%specreset_ln399 = specreset void @_ssdm_op_SpecReset, void @p_ZZ3run10controlStrPA32_8REGION_TP6ap_intILi8EES5_PS3_ILi32EERN3hls6streamIS4_Li_11, i64 1, void @empty_2" [detector_solid/abs_solid_detector.cpp:399]   --->   Operation 52 'specreset' 'specreset_ln399' <Predicate = true> <Delay = 0.00>
ST_1 : Operation 53 [1/1] (0.00ns)   --->   "%specreset_ln399 = specreset void @_ssdm_op_SpecReset, void @p_ZZ3run10controlStrPA32_8REGION_TP6ap_intILi8EES5_PS3_ILi32EERN3hls6streamIS4_Li_10, i64 1, void @empty_2" [detector_solid/abs_solid_detector.cpp:399]   --->   Operation 53 'specreset' 'specreset_ln399' <Predicate = true> <Delay = 0.00>
ST_1 : Operation 54 [1/1] (0.00ns)   --->   "%specreset_ln399 = specreset void @_ssdm_op_SpecReset, void @p_ZZ3run10controlStrPA32_8REGION_TP6ap_intILi8EES5_PS3_ILi32EERN3hls6streamIS4_Li_9, i64 1, void @empty_2" [detector_solid/abs_solid_detector.cpp:399]   --->   Operation 54 'specreset' 'specreset_ln399' <Predicate = true> <Delay = 0.00>
ST_1 : Operation 55 [1/1] (0.00ns)   --->   "%specreset_ln399 = specreset void @_ssdm_op_SpecReset, void @p_ZZ3run10controlStrPA32_8REGION_TP6ap_intILi8EES5_PS3_ILi32EERN3hls6streamIS4_Li_14, i64 1, void @empty_2" [detector_solid/abs_solid_detector.cpp:399]   --->   Operation 55 'specreset' 'specreset_ln399' <Predicate = true> <Delay = 0.00>
ST_1 : Operation 56 [1/1] (0.00ns)   --->   "%specreset_ln399 = specreset void @_ssdm_op_SpecReset, void @p_ZZ3run10controlStrPA32_8REGION_TP6ap_intILi8EES5_PS3_ILi32EERN3hls6streamIS4_Li_13, i64 1, void @empty_2" [detector_solid/abs_solid_detector.cpp:399]   --->   Operation 56 'specreset' 'specreset_ln399' <Predicate = true> <Delay = 0.00>
ST_1 : Operation 57 [1/1] (0.00ns)   --->   "%specreset_ln399 = specreset void @_ssdm_op_SpecReset, void @p_ZZ3run10controlStrPA32_8REGION_TP6ap_intILi8EES5_PS3_ILi32EERN3hls6streamIS4_Li_12, i64 1, void @empty_2" [detector_solid/abs_solid_detector.cpp:399]   --->   Operation 57 'specreset' 'specreset_ln399' <Predicate = true> <Delay = 0.00>
ST_1 : Operation 58 [1/1] (0.00ns)   --->   "%specreset_ln399 = specreset void @_ssdm_op_SpecReset, void @p_ZZ3run10controlStrPA32_8REGION_TP6ap_intILi8EES5_PS3_ILi32EERN3hls6streamIS4_Li_17, i64 1, void @empty_2" [detector_solid/abs_solid_detector.cpp:399]   --->   Operation 58 'specreset' 'specreset_ln399' <Predicate = true> <Delay = 0.00>
ST_1 : Operation 59 [1/1] (0.00ns)   --->   "%specreset_ln399 = specreset void @_ssdm_op_SpecReset, void @p_ZZ3run10controlStrPA32_8REGION_TP6ap_intILi8EES5_PS3_ILi32EERN3hls6streamIS4_Li_16, i64 1, void @empty_2" [detector_solid/abs_solid_detector.cpp:399]   --->   Operation 59 'specreset' 'specreset_ln399' <Predicate = true> <Delay = 0.00>
ST_1 : Operation 60 [1/1] (0.00ns)   --->   "%specreset_ln399 = specreset void @_ssdm_op_SpecReset, void @p_ZZ3run10controlStrPA32_8REGION_TP6ap_intILi8EES5_PS3_ILi32EERN3hls6streamIS4_Li_15, i64 1, void @empty_2" [detector_solid/abs_solid_detector.cpp:399]   --->   Operation 60 'specreset' 'specreset_ln399' <Predicate = true> <Delay = 0.00>
ST_1 : Operation 61 [1/1] (0.00ns)   --->   "%specreset_ln399 = specreset void @_ssdm_op_SpecReset, void @p_ZZ3run10controlStrPA32_8REGION_TP6ap_intILi8EES5_PS3_ILi32EERN3hls6streamIS4_Li_20, i64 1, void @empty_2" [detector_solid/abs_solid_detector.cpp:399]   --->   Operation 61 'specreset' 'specreset_ln399' <Predicate = true> <Delay = 0.00>
ST_1 : Operation 62 [1/1] (0.00ns)   --->   "%specreset_ln399 = specreset void @_ssdm_op_SpecReset, void @p_ZZ3run10controlStrPA32_8REGION_TP6ap_intILi8EES5_PS3_ILi32EERN3hls6streamIS4_Li_19, i64 1, void @empty_2" [detector_solid/abs_solid_detector.cpp:399]   --->   Operation 62 'specreset' 'specreset_ln399' <Predicate = true> <Delay = 0.00>
ST_1 : Operation 63 [1/1] (0.00ns)   --->   "%specreset_ln399 = specreset void @_ssdm_op_SpecReset, void @p_ZZ3run10controlStrPA32_8REGION_TP6ap_intILi8EES5_PS3_ILi32EERN3hls6streamIS4_Li_18, i64 1, void @empty_2" [detector_solid/abs_solid_detector.cpp:399]   --->   Operation 63 'specreset' 'specreset_ln399' <Predicate = true> <Delay = 0.00>
ST_1 : Operation 64 [1/1] (0.00ns)   --->   "%specreset_ln399 = specreset void @_ssdm_op_SpecReset, void @p_ZZ3run10controlStrPA32_8REGION_TP6ap_intILi8EES5_PS3_ILi32EERN3hls6streamIS4_Li_23, i64 1, void @empty_2" [detector_solid/abs_solid_detector.cpp:399]   --->   Operation 64 'specreset' 'specreset_ln399' <Predicate = true> <Delay = 0.00>
ST_1 : Operation 65 [1/1] (0.00ns)   --->   "%specreset_ln399 = specreset void @_ssdm_op_SpecReset, void @p_ZZ3run10controlStrPA32_8REGION_TP6ap_intILi8EES5_PS3_ILi32EERN3hls6streamIS4_Li_22, i64 1, void @empty_2" [detector_solid/abs_solid_detector.cpp:399]   --->   Operation 65 'specreset' 'specreset_ln399' <Predicate = true> <Delay = 0.00>
ST_1 : Operation 66 [1/1] (0.00ns)   --->   "%specreset_ln399 = specreset void @_ssdm_op_SpecReset, void @p_ZZ3run10controlStrPA32_8REGION_TP6ap_intILi8EES5_PS3_ILi32EERN3hls6streamIS4_Li_21, i64 1, void @empty_2" [detector_solid/abs_solid_detector.cpp:399]   --->   Operation 66 'specreset' 'specreset_ln399' <Predicate = true> <Delay = 0.00>
ST_1 : Operation 67 [1/1] (0.00ns)   --->   "%specreset_ln399 = specreset void @_ssdm_op_SpecReset, void @p_ZZ3run10controlStrPA32_8REGION_TP6ap_intILi8EES5_PS3_ILi32EERN3hls6streamIS4_Li_26, i64 1, void @empty_2" [detector_solid/abs_solid_detector.cpp:399]   --->   Operation 67 'specreset' 'specreset_ln399' <Predicate = true> <Delay = 0.00>
ST_1 : Operation 68 [1/1] (0.00ns)   --->   "%specreset_ln399 = specreset void @_ssdm_op_SpecReset, void @p_ZZ3run10controlStrPA32_8REGION_TP6ap_intILi8EES5_PS3_ILi32EERN3hls6streamIS4_Li_25, i64 1, void @empty_2" [detector_solid/abs_solid_detector.cpp:399]   --->   Operation 68 'specreset' 'specreset_ln399' <Predicate = true> <Delay = 0.00>
ST_1 : Operation 69 [1/1] (0.00ns)   --->   "%specreset_ln399 = specreset void @_ssdm_op_SpecReset, void @p_ZZ3run10controlStrPA32_8REGION_TP6ap_intILi8EES5_PS3_ILi32EERN3hls6streamIS4_Li_24, i64 1, void @empty_2" [detector_solid/abs_solid_detector.cpp:399]   --->   Operation 69 'specreset' 'specreset_ln399' <Predicate = true> <Delay = 0.00>
ST_1 : Operation 70 [1/1] (0.00ns)   --->   "%specreset_ln399 = specreset void @_ssdm_op_SpecReset, void @run_controlStr_REGION_T_32_ap_int_ap_int_ap_int_stream_regions_4, i64 1, void @empty_2" [detector_solid/abs_solid_detector.cpp:399]   --->   Operation 70 'specreset' 'specreset_ln399' <Predicate = true> <Delay = 0.00>
ST_1 : Operation 71 [1/1] (0.00ns)   --->   "%specreset_ln399 = specreset void @_ssdm_op_SpecReset, void @run_controlStr_REGION_T_32_ap_int_ap_int_ap_int_stream_regions_3, i64 1, void @empty_2" [detector_solid/abs_solid_detector.cpp:399]   --->   Operation 71 'specreset' 'specreset_ln399' <Predicate = true> <Delay = 0.00>
ST_1 : Operation 72 [1/1] (0.00ns)   --->   "%specreset_ln399 = specreset void @_ssdm_op_SpecReset, void @run_controlStr_REGION_T_32_ap_int_ap_int_ap_int_stream_regions_2, i64 1, void @empty_2" [detector_solid/abs_solid_detector.cpp:399]   --->   Operation 72 'specreset' 'specreset_ln399' <Predicate = true> <Delay = 0.00>
ST_1 : Operation 73 [1/1] (0.00ns)   --->   "%specreset_ln399 = specreset void @_ssdm_op_SpecReset, void @p_ZZ3run10controlStrPA32_8REGION_TP6ap_intILi8EES5_PS3_ILi32EERN3hls6streamIS4_Li_29, i64 1, void @empty_2" [detector_solid/abs_solid_detector.cpp:399]   --->   Operation 73 'specreset' 'specreset_ln399' <Predicate = true> <Delay = 0.00>
ST_1 : Operation 74 [1/1] (0.00ns)   --->   "%specreset_ln399 = specreset void @_ssdm_op_SpecReset, void @p_ZZ3run10controlStrPA32_8REGION_TP6ap_intILi8EES5_PS3_ILi32EERN3hls6streamIS4_Li_28, i64 1, void @empty_2" [detector_solid/abs_solid_detector.cpp:399]   --->   Operation 74 'specreset' 'specreset_ln399' <Predicate = true> <Delay = 0.00>
ST_1 : Operation 75 [1/1] (0.00ns)   --->   "%specreset_ln399 = specreset void @_ssdm_op_SpecReset, void @p_ZZ3run10controlStrPA32_8REGION_TP6ap_intILi8EES5_PS3_ILi32EERN3hls6streamIS4_Li_27, i64 1, void @empty_2" [detector_solid/abs_solid_detector.cpp:399]   --->   Operation 75 'specreset' 'specreset_ln399' <Predicate = true> <Delay = 0.00>
ST_1 : Operation 76 [1/1] (0.00ns)   --->   "%specreset_ln399 = specreset void @_ssdm_op_SpecReset, void @p_ZZ3run10controlStrPA32_8REGION_TP6ap_intILi8EES5_PS3_ILi32EERN3hls6streamIS4_Li_32, i64 1, void @empty_2" [detector_solid/abs_solid_detector.cpp:399]   --->   Operation 76 'specreset' 'specreset_ln399' <Predicate = true> <Delay = 0.00>
ST_1 : Operation 77 [1/1] (0.00ns)   --->   "%specreset_ln399 = specreset void @_ssdm_op_SpecReset, void @p_ZZ3run10controlStrPA32_8REGION_TP6ap_intILi8EES5_PS3_ILi32EERN3hls6streamIS4_Li_31, i64 1, void @empty_2" [detector_solid/abs_solid_detector.cpp:399]   --->   Operation 77 'specreset' 'specreset_ln399' <Predicate = true> <Delay = 0.00>
ST_1 : Operation 78 [1/1] (0.00ns)   --->   "%specreset_ln399 = specreset void @_ssdm_op_SpecReset, void @p_ZZ3run10controlStrPA32_8REGION_TP6ap_intILi8EES5_PS3_ILi32EERN3hls6streamIS4_Li_30, i64 1, void @empty_2" [detector_solid/abs_solid_detector.cpp:399]   --->   Operation 78 'specreset' 'specreset_ln399' <Predicate = true> <Delay = 0.00>
ST_1 : Operation 79 [1/1] (0.00ns)   --->   "%specreset_ln399 = specreset void @_ssdm_op_SpecReset, void @p_ZZ3run10controlStrPA32_8REGION_TP6ap_intILi8EES5_PS3_ILi32EERN3hls6streamIS4_Li_35, i64 1, void @empty_2" [detector_solid/abs_solid_detector.cpp:399]   --->   Operation 79 'specreset' 'specreset_ln399' <Predicate = true> <Delay = 0.00>
ST_1 : Operation 80 [1/1] (0.00ns)   --->   "%specreset_ln399 = specreset void @_ssdm_op_SpecReset, void @p_ZZ3run10controlStrPA32_8REGION_TP6ap_intILi8EES5_PS3_ILi32EERN3hls6streamIS4_Li_34, i64 1, void @empty_2" [detector_solid/abs_solid_detector.cpp:399]   --->   Operation 80 'specreset' 'specreset_ln399' <Predicate = true> <Delay = 0.00>
ST_1 : Operation 81 [1/1] (0.00ns)   --->   "%specreset_ln399 = specreset void @_ssdm_op_SpecReset, void @p_ZZ3run10controlStrPA32_8REGION_TP6ap_intILi8EES5_PS3_ILi32EERN3hls6streamIS4_Li_33, i64 1, void @empty_2" [detector_solid/abs_solid_detector.cpp:399]   --->   Operation 81 'specreset' 'specreset_ln399' <Predicate = true> <Delay = 0.00>
ST_1 : Operation 82 [1/1] (0.00ns)   --->   "%specreset_ln399 = specreset void @_ssdm_op_SpecReset, void @p_ZZ3run10controlStrPA32_8REGION_TP6ap_intILi8EES5_PS3_ILi32EERN3hls6streamIS4_Li_38, i64 1, void @empty_2" [detector_solid/abs_solid_detector.cpp:399]   --->   Operation 82 'specreset' 'specreset_ln399' <Predicate = true> <Delay = 0.00>
ST_1 : Operation 83 [1/1] (0.00ns)   --->   "%specreset_ln399 = specreset void @_ssdm_op_SpecReset, void @p_ZZ3run10controlStrPA32_8REGION_TP6ap_intILi8EES5_PS3_ILi32EERN3hls6streamIS4_Li_37, i64 1, void @empty_2" [detector_solid/abs_solid_detector.cpp:399]   --->   Operation 83 'specreset' 'specreset_ln399' <Predicate = true> <Delay = 0.00>
ST_1 : Operation 84 [1/1] (0.00ns)   --->   "%specreset_ln399 = specreset void @_ssdm_op_SpecReset, void @p_ZZ3run10controlStrPA32_8REGION_TP6ap_intILi8EES5_PS3_ILi32EERN3hls6streamIS4_Li_36, i64 1, void @empty_2" [detector_solid/abs_solid_detector.cpp:399]   --->   Operation 84 'specreset' 'specreset_ln399' <Predicate = true> <Delay = 0.00>
ST_1 : Operation 85 [1/1] (0.00ns)   --->   "%specreset_ln399 = specreset void @_ssdm_op_SpecReset, void @p_ZZ3run10controlStrPA32_8REGION_TP6ap_intILi8EES5_PS3_ILi32EERN3hls6streamIS4_Li_41, i64 1, void @empty_2" [detector_solid/abs_solid_detector.cpp:399]   --->   Operation 85 'specreset' 'specreset_ln399' <Predicate = true> <Delay = 0.00>
ST_1 : Operation 86 [1/1] (0.00ns)   --->   "%specreset_ln399 = specreset void @_ssdm_op_SpecReset, void @p_ZZ3run10controlStrPA32_8REGION_TP6ap_intILi8EES5_PS3_ILi32EERN3hls6streamIS4_Li_40, i64 1, void @empty_2" [detector_solid/abs_solid_detector.cpp:399]   --->   Operation 86 'specreset' 'specreset_ln399' <Predicate = true> <Delay = 0.00>
ST_1 : Operation 87 [1/1] (0.00ns)   --->   "%specreset_ln399 = specreset void @_ssdm_op_SpecReset, void @p_ZZ3run10controlStrPA32_8REGION_TP6ap_intILi8EES5_PS3_ILi32EERN3hls6streamIS4_Li_39, i64 1, void @empty_2" [detector_solid/abs_solid_detector.cpp:399]   --->   Operation 87 'specreset' 'specreset_ln399' <Predicate = true> <Delay = 0.00>
ST_1 : Operation 88 [1/1] (0.00ns)   --->   "%specreset_ln399 = specreset void @_ssdm_op_SpecReset, void @p_ZZ3run10controlStrPA32_8REGION_TP6ap_intILi8EES5_PS3_ILi32EERN3hls6streamIS4_Li_44, i64 1, void @empty_2" [detector_solid/abs_solid_detector.cpp:399]   --->   Operation 88 'specreset' 'specreset_ln399' <Predicate = true> <Delay = 0.00>
ST_1 : Operation 89 [1/1] (0.00ns)   --->   "%specreset_ln399 = specreset void @_ssdm_op_SpecReset, void @p_ZZ3run10controlStrPA32_8REGION_TP6ap_intILi8EES5_PS3_ILi32EERN3hls6streamIS4_Li_43, i64 1, void @empty_2" [detector_solid/abs_solid_detector.cpp:399]   --->   Operation 89 'specreset' 'specreset_ln399' <Predicate = true> <Delay = 0.00>
ST_1 : Operation 90 [1/1] (0.00ns)   --->   "%specreset_ln399 = specreset void @_ssdm_op_SpecReset, void @p_ZZ3run10controlStrPA32_8REGION_TP6ap_intILi8EES5_PS3_ILi32EERN3hls6streamIS4_Li_42, i64 1, void @empty_2" [detector_solid/abs_solid_detector.cpp:399]   --->   Operation 90 'specreset' 'specreset_ln399' <Predicate = true> <Delay = 0.00>
ST_1 : Operation 91 [1/1] (0.00ns)   --->   "%specreset_ln399 = specreset void @_ssdm_op_SpecReset, void @p_ZZ3run10controlStrPA32_8REGION_TP6ap_intILi8EES5_PS3_ILi32EERN3hls6streamIS4_Li_47, i64 1, void @empty_2" [detector_solid/abs_solid_detector.cpp:399]   --->   Operation 91 'specreset' 'specreset_ln399' <Predicate = true> <Delay = 0.00>
ST_1 : Operation 92 [1/1] (0.00ns)   --->   "%specreset_ln399 = specreset void @_ssdm_op_SpecReset, void @p_ZZ3run10controlStrPA32_8REGION_TP6ap_intILi8EES5_PS3_ILi32EERN3hls6streamIS4_Li_46, i64 1, void @empty_2" [detector_solid/abs_solid_detector.cpp:399]   --->   Operation 92 'specreset' 'specreset_ln399' <Predicate = true> <Delay = 0.00>
ST_1 : Operation 93 [1/1] (0.00ns)   --->   "%specreset_ln399 = specreset void @_ssdm_op_SpecReset, void @p_ZZ3run10controlStrPA32_8REGION_TP6ap_intILi8EES5_PS3_ILi32EERN3hls6streamIS4_Li_45, i64 1, void @empty_2" [detector_solid/abs_solid_detector.cpp:399]   --->   Operation 93 'specreset' 'specreset_ln399' <Predicate = true> <Delay = 0.00>
ST_1 : Operation 94 [1/1] (0.00ns)   --->   "%specreset_ln399 = specreset void @_ssdm_op_SpecReset, void @p_ZZ3run10controlStrPA32_8REGION_TP6ap_intILi8EES5_PS3_ILi32EERN3hls6streamIS4_Li_50, i64 1, void @empty_2" [detector_solid/abs_solid_detector.cpp:399]   --->   Operation 94 'specreset' 'specreset_ln399' <Predicate = true> <Delay = 0.00>
ST_1 : Operation 95 [1/1] (0.00ns)   --->   "%specreset_ln399 = specreset void @_ssdm_op_SpecReset, void @p_ZZ3run10controlStrPA32_8REGION_TP6ap_intILi8EES5_PS3_ILi32EERN3hls6streamIS4_Li_49, i64 1, void @empty_2" [detector_solid/abs_solid_detector.cpp:399]   --->   Operation 95 'specreset' 'specreset_ln399' <Predicate = true> <Delay = 0.00>
ST_1 : Operation 96 [1/1] (0.00ns)   --->   "%specreset_ln399 = specreset void @_ssdm_op_SpecReset, void @p_ZZ3run10controlStrPA32_8REGION_TP6ap_intILi8EES5_PS3_ILi32EERN3hls6streamIS4_Li_48, i64 1, void @empty_2" [detector_solid/abs_solid_detector.cpp:399]   --->   Operation 96 'specreset' 'specreset_ln399' <Predicate = true> <Delay = 0.00>
ST_1 : Operation 97 [1/1] (0.00ns)   --->   "%specreset_ln399 = specreset void @_ssdm_op_SpecReset, void @p_ZZ3run10controlStrPA32_8REGION_TP6ap_intILi8EES5_PS3_ILi32EERN3hls6streamIS4_Li_53, i64 1, void @empty_2" [detector_solid/abs_solid_detector.cpp:399]   --->   Operation 97 'specreset' 'specreset_ln399' <Predicate = true> <Delay = 0.00>
ST_1 : Operation 98 [1/1] (0.00ns)   --->   "%specreset_ln399 = specreset void @_ssdm_op_SpecReset, void @p_ZZ3run10controlStrPA32_8REGION_TP6ap_intILi8EES5_PS3_ILi32EERN3hls6streamIS4_Li_52, i64 1, void @empty_2" [detector_solid/abs_solid_detector.cpp:399]   --->   Operation 98 'specreset' 'specreset_ln399' <Predicate = true> <Delay = 0.00>
ST_1 : Operation 99 [1/1] (0.00ns)   --->   "%specreset_ln399 = specreset void @_ssdm_op_SpecReset, void @p_ZZ3run10controlStrPA32_8REGION_TP6ap_intILi8EES5_PS3_ILi32EERN3hls6streamIS4_Li_51, i64 1, void @empty_2" [detector_solid/abs_solid_detector.cpp:399]   --->   Operation 99 'specreset' 'specreset_ln399' <Predicate = true> <Delay = 0.00>
ST_1 : Operation 100 [1/1] (0.00ns)   --->   "%specreset_ln399 = specreset void @_ssdm_op_SpecReset, void @run_controlStr_REGION_T_32_ap_int_ap_int_ap_int_stream_regions_7, i64 1, void @empty_2" [detector_solid/abs_solid_detector.cpp:399]   --->   Operation 100 'specreset' 'specreset_ln399' <Predicate = true> <Delay = 0.00>
ST_1 : Operation 101 [1/1] (0.00ns)   --->   "%specreset_ln399 = specreset void @_ssdm_op_SpecReset, void @run_controlStr_REGION_T_32_ap_int_ap_int_ap_int_stream_regions_6, i64 1, void @empty_2" [detector_solid/abs_solid_detector.cpp:399]   --->   Operation 101 'specreset' 'specreset_ln399' <Predicate = true> <Delay = 0.00>
ST_1 : Operation 102 [1/1] (0.00ns)   --->   "%specreset_ln399 = specreset void @_ssdm_op_SpecReset, void @run_controlStr_REGION_T_32_ap_int_ap_int_ap_int_stream_regions_5, i64 1, void @empty_2" [detector_solid/abs_solid_detector.cpp:399]   --->   Operation 102 'specreset' 'specreset_ln399' <Predicate = true> <Delay = 0.00>
ST_1 : Operation 103 [1/1] (0.00ns)   --->   "%specreset_ln399 = specreset void @_ssdm_op_SpecReset, void @p_ZZ3run10controlStrPA32_8REGION_TP6ap_intILi8EES5_PS3_ILi32EERN3hls6streamIS4_Li_56, i64 1, void @empty_2" [detector_solid/abs_solid_detector.cpp:399]   --->   Operation 103 'specreset' 'specreset_ln399' <Predicate = true> <Delay = 0.00>
ST_1 : Operation 104 [1/1] (0.00ns)   --->   "%specreset_ln399 = specreset void @_ssdm_op_SpecReset, void @p_ZZ3run10controlStrPA32_8REGION_TP6ap_intILi8EES5_PS3_ILi32EERN3hls6streamIS4_Li_55, i64 1, void @empty_2" [detector_solid/abs_solid_detector.cpp:399]   --->   Operation 104 'specreset' 'specreset_ln399' <Predicate = true> <Delay = 0.00>
ST_1 : Operation 105 [1/1] (0.00ns)   --->   "%specreset_ln399 = specreset void @_ssdm_op_SpecReset, void @p_ZZ3run10controlStrPA32_8REGION_TP6ap_intILi8EES5_PS3_ILi32EERN3hls6streamIS4_Li_54, i64 1, void @empty_2" [detector_solid/abs_solid_detector.cpp:399]   --->   Operation 105 'specreset' 'specreset_ln399' <Predicate = true> <Delay = 0.00>
ST_1 : Operation 106 [1/1] (0.00ns)   --->   "%specreset_ln399 = specreset void @_ssdm_op_SpecReset, void @p_ZZ3run10controlStrPA32_8REGION_TP6ap_intILi8EES5_PS3_ILi32EERN3hls6streamIS4_Li_59, i64 1, void @empty_2" [detector_solid/abs_solid_detector.cpp:399]   --->   Operation 106 'specreset' 'specreset_ln399' <Predicate = true> <Delay = 0.00>
ST_1 : Operation 107 [1/1] (0.00ns)   --->   "%specreset_ln399 = specreset void @_ssdm_op_SpecReset, void @p_ZZ3run10controlStrPA32_8REGION_TP6ap_intILi8EES5_PS3_ILi32EERN3hls6streamIS4_Li_58, i64 1, void @empty_2" [detector_solid/abs_solid_detector.cpp:399]   --->   Operation 107 'specreset' 'specreset_ln399' <Predicate = true> <Delay = 0.00>
ST_1 : Operation 108 [1/1] (0.00ns)   --->   "%specreset_ln399 = specreset void @_ssdm_op_SpecReset, void @p_ZZ3run10controlStrPA32_8REGION_TP6ap_intILi8EES5_PS3_ILi32EERN3hls6streamIS4_Li_57, i64 1, void @empty_2" [detector_solid/abs_solid_detector.cpp:399]   --->   Operation 108 'specreset' 'specreset_ln399' <Predicate = true> <Delay = 0.00>
ST_1 : Operation 109 [1/1] (0.00ns)   --->   "%specreset_ln399 = specreset void @_ssdm_op_SpecReset, void @run_controlStr_REGION_T_32_ap_int_ap_int_ap_int_stream_regions_10, i64 1, void @empty_2" [detector_solid/abs_solid_detector.cpp:399]   --->   Operation 109 'specreset' 'specreset_ln399' <Predicate = true> <Delay = 0.00>
ST_1 : Operation 110 [1/1] (0.00ns)   --->   "%specreset_ln399 = specreset void @_ssdm_op_SpecReset, void @run_controlStr_REGION_T_32_ap_int_ap_int_ap_int_stream_regions_9, i64 1, void @empty_2" [detector_solid/abs_solid_detector.cpp:399]   --->   Operation 110 'specreset' 'specreset_ln399' <Predicate = true> <Delay = 0.00>
ST_1 : Operation 111 [1/1] (0.00ns)   --->   "%specreset_ln399 = specreset void @_ssdm_op_SpecReset, void @run_controlStr_REGION_T_32_ap_int_ap_int_ap_int_stream_regions_8, i64 1, void @empty_2" [detector_solid/abs_solid_detector.cpp:399]   --->   Operation 111 'specreset' 'specreset_ln399' <Predicate = true> <Delay = 0.00>
ST_1 : Operation 112 [1/1] (0.00ns)   --->   "%specreset_ln399 = specreset void @_ssdm_op_SpecReset, void @run_controlStr_REGION_T_32_ap_int_ap_int_ap_int_stream_regions_13, i64 1, void @empty_2" [detector_solid/abs_solid_detector.cpp:399]   --->   Operation 112 'specreset' 'specreset_ln399' <Predicate = true> <Delay = 0.00>
ST_1 : Operation 113 [1/1] (0.00ns)   --->   "%specreset_ln399 = specreset void @_ssdm_op_SpecReset, void @run_controlStr_REGION_T_32_ap_int_ap_int_ap_int_stream_regions_12, i64 1, void @empty_2" [detector_solid/abs_solid_detector.cpp:399]   --->   Operation 113 'specreset' 'specreset_ln399' <Predicate = true> <Delay = 0.00>
ST_1 : Operation 114 [1/1] (0.00ns)   --->   "%specreset_ln399 = specreset void @_ssdm_op_SpecReset, void @run_controlStr_REGION_T_32_ap_int_ap_int_ap_int_stream_regions_11, i64 1, void @empty_2" [detector_solid/abs_solid_detector.cpp:399]   --->   Operation 114 'specreset' 'specreset_ln399' <Predicate = true> <Delay = 0.00>
ST_1 : Operation 115 [1/1] (0.00ns)   --->   "%specreset_ln399 = specreset void @_ssdm_op_SpecReset, void @run_controlStr_REGION_T_32_ap_int_ap_int_ap_int_stream_regions_16, i64 1, void @empty_2" [detector_solid/abs_solid_detector.cpp:399]   --->   Operation 115 'specreset' 'specreset_ln399' <Predicate = true> <Delay = 0.00>
ST_1 : Operation 116 [1/1] (0.00ns)   --->   "%specreset_ln399 = specreset void @_ssdm_op_SpecReset, void @run_controlStr_REGION_T_32_ap_int_ap_int_ap_int_stream_regions_15, i64 1, void @empty_2" [detector_solid/abs_solid_detector.cpp:399]   --->   Operation 116 'specreset' 'specreset_ln399' <Predicate = true> <Delay = 0.00>
ST_1 : Operation 117 [1/1] (0.00ns)   --->   "%specreset_ln399 = specreset void @_ssdm_op_SpecReset, void @run_controlStr_REGION_T_32_ap_int_ap_int_ap_int_stream_regions_14, i64 1, void @empty_2" [detector_solid/abs_solid_detector.cpp:399]   --->   Operation 117 'specreset' 'specreset_ln399' <Predicate = true> <Delay = 0.00>
ST_1 : Operation 118 [1/1] (0.00ns)   --->   "%specreset_ln399 = specreset void @_ssdm_op_SpecReset, void @run_controlStr_REGION_T_32_ap_int_ap_int_ap_int_stream_regions_19, i64 1, void @empty_2" [detector_solid/abs_solid_detector.cpp:399]   --->   Operation 118 'specreset' 'specreset_ln399' <Predicate = true> <Delay = 0.00>
ST_1 : Operation 119 [1/1] (0.00ns)   --->   "%specreset_ln399 = specreset void @_ssdm_op_SpecReset, void @run_controlStr_REGION_T_32_ap_int_ap_int_ap_int_stream_regions_18, i64 1, void @empty_2" [detector_solid/abs_solid_detector.cpp:399]   --->   Operation 119 'specreset' 'specreset_ln399' <Predicate = true> <Delay = 0.00>
ST_1 : Operation 120 [1/1] (0.00ns)   --->   "%specreset_ln399 = specreset void @_ssdm_op_SpecReset, void @run_controlStr_REGION_T_32_ap_int_ap_int_ap_int_stream_regions_17, i64 1, void @empty_2" [detector_solid/abs_solid_detector.cpp:399]   --->   Operation 120 'specreset' 'specreset_ln399' <Predicate = true> <Delay = 0.00>
ST_1 : Operation 121 [1/1] (0.00ns)   --->   "%specreset_ln399 = specreset void @_ssdm_op_SpecReset, void @run_controlStr_REGION_T_32_ap_int_ap_int_ap_int_stream_regions_22, i64 1, void @empty_2" [detector_solid/abs_solid_detector.cpp:399]   --->   Operation 121 'specreset' 'specreset_ln399' <Predicate = true> <Delay = 0.00>
ST_1 : Operation 122 [1/1] (0.00ns)   --->   "%specreset_ln399 = specreset void @_ssdm_op_SpecReset, void @run_controlStr_REGION_T_32_ap_int_ap_int_ap_int_stream_regions_21, i64 1, void @empty_2" [detector_solid/abs_solid_detector.cpp:399]   --->   Operation 122 'specreset' 'specreset_ln399' <Predicate = true> <Delay = 0.00>
ST_1 : Operation 123 [1/1] (0.00ns)   --->   "%specreset_ln399 = specreset void @_ssdm_op_SpecReset, void @run_controlStr_REGION_T_32_ap_int_ap_int_ap_int_stream_regions_20, i64 1, void @empty_2" [detector_solid/abs_solid_detector.cpp:399]   --->   Operation 123 'specreset' 'specreset_ln399' <Predicate = true> <Delay = 0.00>
ST_1 : Operation 124 [1/1] (0.00ns)   --->   "%specreset_ln399 = specreset void @_ssdm_op_SpecReset, void @run_controlStr_REGION_T_32_ap_int_ap_int_ap_int_stream_regions_25, i64 1, void @empty_2" [detector_solid/abs_solid_detector.cpp:399]   --->   Operation 124 'specreset' 'specreset_ln399' <Predicate = true> <Delay = 0.00>
ST_1 : Operation 125 [1/1] (0.00ns)   --->   "%specreset_ln399 = specreset void @_ssdm_op_SpecReset, void @run_controlStr_REGION_T_32_ap_int_ap_int_ap_int_stream_regions_24, i64 1, void @empty_2" [detector_solid/abs_solid_detector.cpp:399]   --->   Operation 125 'specreset' 'specreset_ln399' <Predicate = true> <Delay = 0.00>
ST_1 : Operation 126 [1/1] (0.00ns)   --->   "%specreset_ln399 = specreset void @_ssdm_op_SpecReset, void @run_controlStr_REGION_T_32_ap_int_ap_int_ap_int_stream_regions_23, i64 1, void @empty_2" [detector_solid/abs_solid_detector.cpp:399]   --->   Operation 126 'specreset' 'specreset_ln399' <Predicate = true> <Delay = 0.00>
ST_1 : Operation 127 [1/1] (0.00ns)   --->   "%specreset_ln399 = specreset void @_ssdm_op_SpecReset, void @run_controlStr_REGION_T_32_ap_int_ap_int_ap_int_stream_regions_28, i64 1, void @empty_2" [detector_solid/abs_solid_detector.cpp:399]   --->   Operation 127 'specreset' 'specreset_ln399' <Predicate = true> <Delay = 0.00>
ST_1 : Operation 128 [1/1] (0.00ns)   --->   "%specreset_ln399 = specreset void @_ssdm_op_SpecReset, void @run_controlStr_REGION_T_32_ap_int_ap_int_ap_int_stream_regions_27, i64 1, void @empty_2" [detector_solid/abs_solid_detector.cpp:399]   --->   Operation 128 'specreset' 'specreset_ln399' <Predicate = true> <Delay = 0.00>
ST_1 : Operation 129 [1/1] (0.00ns)   --->   "%specreset_ln399 = specreset void @_ssdm_op_SpecReset, void @run_controlStr_REGION_T_32_ap_int_ap_int_ap_int_stream_regions_26, i64 1, void @empty_2" [detector_solid/abs_solid_detector.cpp:399]   --->   Operation 129 'specreset' 'specreset_ln399' <Predicate = true> <Delay = 0.00>
ST_1 : Operation 130 [1/1] (0.00ns)   --->   "%specreset_ln399 = specreset void @_ssdm_op_SpecReset, void @run_controlStr_REGION_T_32_ap_int_ap_int_ap_int_stream_regions_31, i64 1, void @empty_2" [detector_solid/abs_solid_detector.cpp:399]   --->   Operation 130 'specreset' 'specreset_ln399' <Predicate = true> <Delay = 0.00>
ST_1 : Operation 131 [1/1] (0.00ns)   --->   "%specreset_ln399 = specreset void @_ssdm_op_SpecReset, void @run_controlStr_REGION_T_32_ap_int_ap_int_ap_int_stream_regions_30, i64 1, void @empty_2" [detector_solid/abs_solid_detector.cpp:399]   --->   Operation 131 'specreset' 'specreset_ln399' <Predicate = true> <Delay = 0.00>
ST_1 : Operation 132 [1/1] (0.00ns)   --->   "%specreset_ln399 = specreset void @_ssdm_op_SpecReset, void @run_controlStr_REGION_T_32_ap_int_ap_int_ap_int_stream_regions_29, i64 1, void @empty_2" [detector_solid/abs_solid_detector.cpp:399]   --->   Operation 132 'specreset' 'specreset_ln399' <Predicate = true> <Delay = 0.00>
ST_1 : Operation 133 [1/1] (0.00ns)   --->   "%specreset_ln399 = specreset void @_ssdm_op_SpecReset, void @run_controlStr_REGION_T_32_ap_int_ap_int_ap_int_stream_regions_34, i64 1, void @empty_2" [detector_solid/abs_solid_detector.cpp:399]   --->   Operation 133 'specreset' 'specreset_ln399' <Predicate = true> <Delay = 0.00>
ST_1 : Operation 134 [1/1] (0.00ns)   --->   "%specreset_ln399 = specreset void @_ssdm_op_SpecReset, void @run_controlStr_REGION_T_32_ap_int_ap_int_ap_int_stream_regions_33, i64 1, void @empty_2" [detector_solid/abs_solid_detector.cpp:399]   --->   Operation 134 'specreset' 'specreset_ln399' <Predicate = true> <Delay = 0.00>
ST_1 : Operation 135 [1/1] (0.00ns)   --->   "%specreset_ln399 = specreset void @_ssdm_op_SpecReset, void @run_controlStr_REGION_T_32_ap_int_ap_int_ap_int_stream_regions_32, i64 1, void @empty_2" [detector_solid/abs_solid_detector.cpp:399]   --->   Operation 135 'specreset' 'specreset_ln399' <Predicate = true> <Delay = 0.00>
ST_1 : Operation 136 [1/1] (0.00ns)   --->   "%specreset_ln399 = specreset void @_ssdm_op_SpecReset, void @run_controlStr_REGION_T_32_ap_int_ap_int_ap_int_stream_regions_35, i64 1, void @empty_2" [detector_solid/abs_solid_detector.cpp:399]   --->   Operation 136 'specreset' 'specreset_ln399' <Predicate = true> <Delay = 0.00>
ST_1 : Operation 137 [1/1] (0.00ns)   --->   "%specreset_ln399 = specreset void @_ssdm_op_SpecReset, void @run_controlStr_REGION_T_32_ap_int_ap_int_ap_int_stream_regions_1, i64 1, void @empty_2" [detector_solid/abs_solid_detector.cpp:399]   --->   Operation 137 'specreset' 'specreset_ln399' <Predicate = true> <Delay = 0.00>
ST_1 : Operation 138 [1/1] (0.00ns)   --->   "%specreset_ln399 = specreset void @_ssdm_op_SpecReset, void @run_controlStr_REGION_T_32_ap_int_ap_int_ap_int_stream_regions, i64 1, void @empty_2" [detector_solid/abs_solid_detector.cpp:399]   --->   Operation 138 'specreset' 'specreset_ln399' <Predicate = true> <Delay = 0.00>
ST_1 : Operation 139 [1/1] (0.00ns)   --->   "%specreset_ln400 = specreset void @_ssdm_op_SpecReset, i8 %n_regions_V, i64 1, void @empty_2" [detector_solid/abs_solid_detector.cpp:400]   --->   Operation 139 'specreset' 'specreset_ln400' <Predicate = true> <Delay = 0.00>
ST_1 : Operation 140 [1/1] (3.52ns)   --->   "%outcomeInRam = add i64 %sharedMem_read, i64 8192" [detector_solid/abs_solid_detector.cpp:407]   --->   Operation 140 'add' 'outcomeInRam' <Predicate = true> <Delay = 3.52> <CoreInst = "Adder">   --->   Core 1 'Adder' <Latency = 0> <II = 1> <Delay = 3.52> <FuncUnit> <Opcode : 'add' 'sub'> <InPorts = 2> <OutPorts = 1>
ST_1 : Operation 141 [1/1] (0.00ns)   --->   "%fsmstate_load = load i1 %fsmstate" [detector_solid/abs_solid_detector.cpp:410]   --->   Operation 141 'load' 'fsmstate_load' <Predicate = true> <Delay = 0.00>
ST_1 : Operation 142 [1/1] (0.00ns)   --->   "%br_ln410 = br i1 %fsmstate_load, void %for.inc13.preheader, void %if.then17" [detector_solid/abs_solid_detector.cpp:410]   --->   Operation 142 'br' 'br_ln410' <Predicate = true> <Delay = 0.00>
ST_1 : Operation 143 [1/1] (0.00ns)   --->   "%i = alloca i32 1"   --->   Operation 143 'alloca' 'i' <Predicate = (!fsmstate_load)> <Delay = 0.00>
ST_1 : Operation 144 [1/1] (1.58ns)   --->   "%store_ln417 = store i7 0, i7 %i" [detector_solid/abs_solid_detector.cpp:417]   --->   Operation 144 'store' 'store_ln417' <Predicate = (!fsmstate_load)> <Delay = 1.58>
ST_1 : Operation 145 [1/1] (0.00ns)   --->   "%br_ln417 = br void %for.inc13" [detector_solid/abs_solid_detector.cpp:417]   --->   Operation 145 'br' 'br_ln417' <Predicate = (!fsmstate_load)> <Delay = 0.00>

State 2 <SV = 1> <Delay = 3.45>
ST_2 : Operation 146 [1/1] (0.00ns)   --->   "%i_1 = load i7 %i" [detector_solid/abs_solid_detector.cpp:417]   --->   Operation 146 'load' 'i_1' <Predicate = true> <Delay = 0.00>
ST_2 : Operation 147 [1/1] (0.00ns)   --->   "%zext_ln417 = zext i7 %i_1" [detector_solid/abs_solid_detector.cpp:417]   --->   Operation 147 'zext' 'zext_ln417' <Predicate = true> <Delay = 0.00>
ST_2 : Operation 148 [1/1] (1.48ns)   --->   "%icmp_ln417 = icmp_eq  i7 %i_1, i7 64" [detector_solid/abs_solid_detector.cpp:417]   --->   Operation 148 'icmp' 'icmp_ln417' <Predicate = true> <Delay = 1.48> <CoreInst = "Cmp">   --->   Core 9 'Cmp' <Latency = 0> <II = 1> <Delay = 1.48> <FuncUnit> <Opcode : 'icmp'> <InPorts = 2> <OutPorts = 1>
ST_2 : Operation 149 [1/1] (0.00ns)   --->   "%empty = speclooptripcount i32 @_ssdm_op_SpecLoopTripCount, i64 64, i64 64, i64 64"   --->   Operation 149 'speclooptripcount' 'empty' <Predicate = true> <Delay = 0.00>
ST_2 : Operation 150 [1/1] (1.87ns)   --->   "%i_2 = add i7 %i_1, i7 1" [detector_solid/abs_solid_detector.cpp:417]   --->   Operation 150 'add' 'i_2' <Predicate = true> <Delay = 1.87> <CoreInst = "Adder">   --->   Core 1 'Adder' <Latency = 0> <II = 1> <Delay = 1.87> <FuncUnit> <Opcode : 'add' 'sub'> <InPorts = 2> <OutPorts = 1>
ST_2 : Operation 151 [1/1] (0.00ns)   --->   "%br_ln417 = br i1 %icmp_ln417, void %for.inc13.split, void %for.end15" [detector_solid/abs_solid_detector.cpp:417]   --->   Operation 151 'br' 'br_ln417' <Predicate = true> <Delay = 0.00>
ST_2 : Operation 152 [1/1] (0.00ns)   --->   "%n_regions_in_addr = getelementptr i8 %n_regions_in, i64 0, i64 %zext_ln417" [detector_solid/abs_solid_detector.cpp:419]   --->   Operation 152 'getelementptr' 'n_regions_in_addr' <Predicate = (!icmp_ln417)> <Delay = 0.00>
ST_2 : Operation 153 [2/2] (2.32ns)   --->   "%n_regions_in_load = load i6 %n_regions_in_addr" [detector_solid/abs_solid_detector.cpp:419]   --->   Operation 153 'load' 'n_regions_in_load' <Predicate = (!icmp_ln417)> <Delay = 2.32> <CoreInst = "RAM_1P">   --->   Core 86 'RAM_1P' <Latency = 1> <II = 1> <Delay = 2.32> <Storage> <Opcode : 'load' 'store'> <Ports = 1> <Width = 8> <Depth = 64> <RAM>
ST_2 : Operation 154 [1/1] (1.58ns)   --->   "%store_ln417 = store i7 %i_2, i7 %i" [detector_solid/abs_solid_detector.cpp:417]   --->   Operation 154 'store' 'store_ln417' <Predicate = (!icmp_ln417)> <Delay = 1.58>
ST_2 : Operation 155 [1/1] (0.00ns)   --->   "%store_ln423 = store i1 1, i1 %fsmstate" [detector_solid/abs_solid_detector.cpp:423]   --->   Operation 155 'store' 'store_ln423' <Predicate = (icmp_ln417)> <Delay = 0.00>
ST_2 : Operation 156 [1/1] (0.00ns)   --->   "%br_ln425 = br void %if.end19" [detector_solid/abs_solid_detector.cpp:425]   --->   Operation 156 'br' 'br_ln425' <Predicate = (icmp_ln417)> <Delay = 0.00>

State 3 <SV = 2> <Delay = 4.64>
ST_3 : Operation 157 [1/1] (0.00ns)   --->   "%specloopname_ln417 = specloopname void @_ssdm_op_SpecLoopName, void @empty_12" [detector_solid/abs_solid_detector.cpp:417]   --->   Operation 157 'specloopname' 'specloopname_ln417' <Predicate = true> <Delay = 0.00>
ST_3 : Operation 158 [1/2] (2.32ns)   --->   "%n_regions_in_load = load i6 %n_regions_in_addr" [detector_solid/abs_solid_detector.cpp:419]   --->   Operation 158 'load' 'n_regions_in_load' <Predicate = true> <Delay = 2.32> <CoreInst = "RAM_1P">   --->   Core 86 'RAM_1P' <Latency = 1> <II = 1> <Delay = 2.32> <Storage> <Opcode : 'load' 'store'> <Ports = 1> <Width = 8> <Depth = 64> <RAM>
ST_3 : Operation 159 [1/1] (0.00ns)   --->   "%n_regions_V_addr = getelementptr i8 %n_regions_V, i64 0, i64 %zext_ln417" [detector_solid/abs_solid_detector.cpp:419]   --->   Operation 159 'getelementptr' 'n_regions_V_addr' <Predicate = true> <Delay = 0.00>
ST_3 : Operation 160 [1/1] (2.32ns)   --->   "%store_ln419 = store i8 %n_regions_in_load, i6 %n_regions_V_addr" [detector_solid/abs_solid_detector.cpp:419]   --->   Operation 160 'store' 'store_ln419' <Predicate = true> <Delay = 2.32> <CoreInst = "RAM">   --->   Core 82 'RAM' <Latency = 1> <II = 1> <Delay = 2.32> <Storage> <Opcode : 'load' 'store'> <Ports = 2> <Width = 8> <Depth = 64> <RAM>
ST_3 : Operation 161 [1/1] (0.00ns)   --->   "%br_ln417 = br void %for.inc13" [detector_solid/abs_solid_detector.cpp:417]   --->   Operation 161 'br' 'br_ln417' <Predicate = true> <Delay = 0.00>

State 4 <SV = 1> <Delay = 14.6>
ST_4 : Operation 162 [2/2] (14.6ns)   --->   "%call_ln426 = call void @runTestAfterInit, i256 %gmem, i64 %sharedMem_read, i8 %contr_taskId_V, i16 %contr_checkId_V, i64 %outcomeInRam, i8 %toScheduler, i32 %run_controlStr_REGION_T_32_ap_int_ap_int_ap_int_stream_data_7, i32 %run_controlStr_REGION_T_32_ap_int_ap_int_ap_int_stream_data_6, i32 %run_controlStr_REGION_T_32_ap_int_ap_int_ap_int_stream_data_5, i32 %run_controlStr_REGION_T_32_ap_int_ap_int_ap_int_stream_data_4, i32 %run_controlStr_REGION_T_32_ap_int_ap_int_ap_int_stream_data_3, i32 %run_controlStr_REGION_T_32_ap_int_ap_int_ap_int_stream_data_2, i32 %run_controlStr_REGION_T_32_ap_int_ap_int_ap_int_stream_data_1, i32 %run_controlStr_REGION_T_32_ap_int_ap_int_ap_int_stream_data, i8 %n_regions_V" [detector_solid/abs_solid_detector.cpp:426]   --->   Operation 162 'call' 'call_ln426' <Predicate = true> <Delay = 14.6> <CoreType = "Generic">   --->   Core 0 '' <Latency = 0> <II = 1> <Delay = 1.00> <Generic> <Opcode : >

State 5 <SV = 2> <Delay = 0.00>
ST_5 : Operation 163 [1/2] (0.00ns)   --->   "%call_ln426 = call void @runTestAfterInit, i256 %gmem, i64 %sharedMem_read, i8 %contr_taskId_V, i16 %contr_checkId_V, i64 %outcomeInRam, i8 %toScheduler, i32 %run_controlStr_REGION_T_32_ap_int_ap_int_ap_int_stream_data_7, i32 %run_controlStr_REGION_T_32_ap_int_ap_int_ap_int_stream_data_6, i32 %run_controlStr_REGION_T_32_ap_int_ap_int_ap_int_stream_data_5, i32 %run_controlStr_REGION_T_32_ap_int_ap_int_ap_int_stream_data_4, i32 %run_controlStr_REGION_T_32_ap_int_ap_int_ap_int_stream_data_3, i32 %run_controlStr_REGION_T_32_ap_int_ap_int_ap_int_stream_data_2, i32 %run_controlStr_REGION_T_32_ap_int_ap_int_ap_int_stream_data_1, i32 %run_controlStr_REGION_T_32_ap_int_ap_int_ap_int_stream_data, i8 %n_regions_V" [detector_solid/abs_solid_detector.cpp:426]   --->   Operation 163 'call' 'call_ln426' <Predicate = true> <Delay = 0.00> <CoreType = "Generic">   --->   Core 0 '' <Latency = 0> <II = 1> <Delay = 1.00> <Generic> <Opcode : >
ST_5 : Operation 164 [1/1] (0.00ns)   --->   "%br_ln0 = br void %if.end19"   --->   Operation 164 'br' 'br_ln0' <Predicate = true> <Delay = 0.00>

State 6 <SV = 3> <Delay = 0.00>
ST_6 : Operation 165 [1/1] (0.00ns)   --->   "%ret_ln428 = ret" [detector_solid/abs_solid_detector.cpp:428]   --->   Operation 165 'ret' 'ret_ln428' <Predicate = true> <Delay = 0.00>


============================================================
+ Verbose Summary: Timing violations
============================================================
Target clock period: 20ns, clock uncertainty: 5.4ns.

 <State 1>: 4.52ns
The critical path consists of the following:
	s_axi read operation ('sharedMem') on port 'sharedMem' [42]  (1 ns)
	'add' operation ('outcomeInRam', detector_solid/abs_solid_detector.cpp:407) [151]  (3.52 ns)

 <State 2>: 3.46ns
The critical path consists of the following:
	'load' operation ('i', detector_solid/abs_solid_detector.cpp:417) on local variable 'i' [159]  (0 ns)
	'add' operation ('i', detector_solid/abs_solid_detector.cpp:417) [163]  (1.87 ns)
	'store' operation ('store_ln417', detector_solid/abs_solid_detector.cpp:417) of variable 'i', detector_solid/abs_solid_detector.cpp:417 on local variable 'i' [171]  (1.59 ns)

 <State 3>: 4.64ns
The critical path consists of the following:
	'load' operation ('n_regions_in_load', detector_solid/abs_solid_detector.cpp:419) on array 'n_regions_in' [168]  (2.32 ns)
	'store' operation ('store_ln419', detector_solid/abs_solid_detector.cpp:419) of variable 'n_regions_in_load', detector_solid/abs_solid_detector.cpp:419 on array 'n_regions_V' [170]  (2.32 ns)

 <State 4>: 14.6ns
The critical path consists of the following:
	'call' operation ('call_ln426', detector_solid/abs_solid_detector.cpp:426) to 'runTestAfterInit' [177]  (14.6 ns)

 <State 5>: 0ns
The critical path consists of the following:

 <State 6>: 0ns
The critical path consists of the following:


============================================================
+ Verbose Summary: Binding
============================================================
N/A
* FSMD analyzer results:
  - Output states:
 - Input state : 
  - Chain level:
	State 1
	State 2
	State 3
	State 4
	State 5
	State 6


============================================================
+ Verbose Summary: Datapath Resource usage 
============================================================
N/A
