

================================================================
== Vitis HLS Report for 'run_Pipeline_1'
================================================================
* Date:           Mon Sep 19 17:09:31 2022

* Version:        2022.1 (Build 3526262 on Mon Apr 18 15:47:01 MDT 2022)
* Project:        detector_solid
* Solution:       solution1 (Vitis Kernel Flow Target)
* Product family: zynq
* Target device:  xc7z020-clg484-1


================================================================
== Performance Estimates
================================================================
+ Timing: 
    * Summary: 
    +--------+----------+----------+------------+
    |  Clock |  Target  | Estimated| Uncertainty|
    +--------+----------+----------+------------+
    |ap_clk  |  20.00 ns|  6.508 ns|     5.40 ns|
    +--------+----------+----------+------------+

+ Latency: 
    * Summary: 
    +---------+---------+----------+----------+-----+-----+---------+
    |  Latency (cycles) |  Latency (absolute) |  Interval | Pipeline|
    |   min   |   max   |    min   |    max   | min | max |   Type  |
    +---------+---------+----------+----------+-----+-----+---------+
    |      130|      130|  2.600 us|  2.600 us|  130|  130|       no|
    +---------+---------+----------+----------+-----+-----+---------+

    + Detail: 
        * Instance: 
        N/A

        * Loop: 
        +----------+---------+---------+----------+-----------+-----------+------+----------+
        |          |  Latency (cycles) | Iteration|  Initiation Interval  | Trip |          |
        | Loop Name|   min   |   max   |  Latency |  achieved |   target  | Count| Pipelined|
        +----------+---------+---------+----------+-----------+-----------+------+----------+
        |- Loop 1  |      128|      128|         2|          1|          1|   128|       yes|
        +----------+---------+---------+----------+-----------+-----------+------+----------+

============================================================
+ Verbose Summary: Synthesis Manager
============================================================
InlineROM: 1
ExposeGlobal: 0
============================================================
+ Verbose Summary: CDFG Model
============================================================
IsTopModel: 0
ResetActiveHigh: 1
IsCombinational: 0
IsDatapathOnly: 0
HasWiredReturn: 1
HasMFsm: 2
HasVarLatency: 1
IsPipeline: 0
IsRtlPipelined: 0
IsInstanceOverlapped: 0
IsDontTouch: 0
HasImplIP: 0
IsGatedGlobalClock: 0

+ Individual pipeline summary: 
  * Pipeline-0: initiation interval (II) = 1, depth = 2


============================================================
+ Verbose Summary: Schedule
============================================================
* Number of FSM states : 2
* Pipeline : 1
  Pipeline-0 : II = 1, D = 2, States = { 1 2 }
* Dataflow Pipeline: 0

* FSM state transitions: 
1 --> 2 
2 --> 

* FSM state operations: 

State 1 <SV = 0> <Delay = 3.50>
ST_1 : Operation 5 [1/1] (0.00ns)   --->   "%loop_index18 = alloca i32 1"   --->   Operation 5 'alloca' 'loop_index18' <Predicate = true> <Delay = 0.00>
ST_1 : Operation 6 [1/1] (0.00ns)   --->   "%specmemcore_ln0 = specmemcore void @_ssdm_op_SpecMemCore, i16 %n_regions_in, i64 666, i64 207, i64 1"   --->   Operation 6 'specmemcore' 'specmemcore_ln0' <Predicate = true> <Delay = 0.00>
ST_1 : Operation 7 [1/1] (0.00ns)   --->   "%specinterface_ln0 = specinterface void @_ssdm_op_SpecInterface, i16 %n_regions_in, void @empty_0, i32 0, i32 0, void @empty_7, i32 1, i32 0, void @empty_7, void @empty_7, void @empty_7, i32 0, i32 0, i32 0, i32 0, void @empty_7, void @empty_7, i32 4294967295, i32 0"   --->   Operation 7 'specinterface' 'specinterface_ln0' <Predicate = true> <Delay = 0.00>
ST_1 : Operation 8 [1/1] (1.58ns)   --->   "%store_ln0 = store i8 0, i8 %loop_index18"   --->   Operation 8 'store' 'store_ln0' <Predicate = true> <Delay = 1.58>
ST_1 : Operation 9 [1/1] (0.00ns)   --->   "%br_ln0 = br void %load-store-loop17"   --->   Operation 9 'br' 'br_ln0' <Predicate = true> <Delay = 0.00>
ST_1 : Operation 10 [1/1] (0.00ns)   --->   "%loop_index18_load = load i8 %loop_index18"   --->   Operation 10 'load' 'loop_index18_load' <Predicate = true> <Delay = 0.00>
ST_1 : Operation 11 [1/1] (0.00ns)   --->   "%specpipeline_ln0 = specpipeline void @_ssdm_op_SpecPipeline, i32 4294967295, i32 0, i32 1, i32 0, void @p_str"   --->   Operation 11 'specpipeline' 'specpipeline_ln0' <Predicate = true> <Delay = 0.00>
ST_1 : Operation 12 [1/1] (1.55ns)   --->   "%exitcond555 = icmp_eq  i8 %loop_index18_load, i8 128"   --->   Operation 12 'icmp' 'exitcond555' <Predicate = true> <Delay = 1.55> <CoreInst = "Cmp">   --->   Core 9 'Cmp' <Latency = 0> <II = 1> <Delay = 1.55> <FuncUnit> <Opcode : 'icmp'> <InPorts = 2> <OutPorts = 1>
ST_1 : Operation 13 [1/1] (0.00ns)   --->   "%empty = speclooptripcount i32 @_ssdm_op_SpecLoopTripCount, i64 128, i64 128, i64 128"   --->   Operation 13 'speclooptripcount' 'empty' <Predicate = true> <Delay = 0.00>
ST_1 : Operation 14 [1/1] (1.91ns)   --->   "%empty_42 = add i8 %loop_index18_load, i8 1"   --->   Operation 14 'add' 'empty_42' <Predicate = true> <Delay = 1.91> <CoreInst = "Adder">   --->   Core 1 'Adder' <Latency = 0> <II = 1> <Delay = 1.91> <FuncUnit> <Opcode : 'add' 'sub'> <InPorts = 2> <OutPorts = 1>
ST_1 : Operation 15 [1/1] (0.00ns)   --->   "%br_ln0 = br i1 %exitcond555, void %load-store-loop17.split, void %memcpy-split16.exitStub"   --->   Operation 15 'br' 'br_ln0' <Predicate = true> <Delay = 0.00>
ST_1 : Operation 16 [1/1] (0.00ns)   --->   "%loop_index18_cast = zext i8 %loop_index18_load"   --->   Operation 16 'zext' 'loop_index18_cast' <Predicate = (!exitcond555)> <Delay = 0.00>
ST_1 : Operation 17 [1/1] (0.00ns)   --->   "%n_regions_in_addr = getelementptr i16 %n_regions_in, i64 0, i64 %loop_index18_cast"   --->   Operation 17 'getelementptr' 'n_regions_in_addr' <Predicate = (!exitcond555)> <Delay = 0.00>
ST_1 : Operation 18 [2/2] (3.25ns)   --->   "%n_regions_in_load = load i7 %n_regions_in_addr"   --->   Operation 18 'load' 'n_regions_in_load' <Predicate = (!exitcond555)> <Delay = 3.25> <CoreInst = "RAM_1P">   --->   Core 86 'RAM_1P' <Latency = 1> <II = 1> <Delay = 3.25> <Storage> <Opcode : 'load' 'store'> <Ports = 1> <Width = 16> <Depth = 128> <RAM>
ST_1 : Operation 19 [1/1] (1.58ns)   --->   "%store_ln0 = store i8 %empty_42, i8 %loop_index18"   --->   Operation 19 'store' 'store_ln0' <Predicate = (!exitcond555)> <Delay = 1.58>
ST_1 : Operation 24 [1/1] (0.00ns)   --->   "%ret_ln0 = ret"   --->   Operation 24 'ret' 'ret_ln0' <Predicate = (exitcond555)> <Delay = 0.00>

State 2 <SV = 1> <Delay = 6.50>
ST_2 : Operation 20 [1/2] (3.25ns)   --->   "%n_regions_in_load = load i7 %n_regions_in_addr"   --->   Operation 20 'load' 'n_regions_in_load' <Predicate = true> <Delay = 3.25> <CoreInst = "RAM_1P">   --->   Core 86 'RAM_1P' <Latency = 1> <II = 1> <Delay = 3.25> <Storage> <Opcode : 'load' 'store'> <Ports = 1> <Width = 16> <Depth = 128> <RAM>
ST_2 : Operation 21 [1/1] (0.00ns)   --->   "%n_regions_V_addr = getelementptr i16 %n_regions_V, i64 0, i64 %loop_index18_cast"   --->   Operation 21 'getelementptr' 'n_regions_V_addr' <Predicate = true> <Delay = 0.00>
ST_2 : Operation 22 [1/1] (3.25ns)   --->   "%store_ln0 = store i16 %n_regions_in_load, i7 %n_regions_V_addr"   --->   Operation 22 'store' 'store_ln0' <Predicate = true> <Delay = 3.25> <CoreInst = "RAM">   --->   Core 82 'RAM' <Latency = 1> <II = 1> <Delay = 3.25> <Storage> <Opcode : 'load' 'store'> <Ports = 2> <Width = 16> <Depth = 128> <RAM>
ST_2 : Operation 23 [1/1] (0.00ns)   --->   "%br_ln0 = br void %load-store-loop17"   --->   Operation 23 'br' 'br_ln0' <Predicate = true> <Delay = 0.00>


============================================================
+ Verbose Summary: Timing violations
============================================================
Target clock period: 20ns, clock uncertainty: 5.4ns.

 <State 1>: 3.5ns
The critical path consists of the following:
	'alloca' operation ('loop_index18') [3]  (0 ns)
	'load' operation ('loop_index18_load') on local variable 'loop_index18' [9]  (0 ns)
	'add' operation ('empty_42') [13]  (1.92 ns)
	'store' operation ('store_ln0') of variable 'empty_42' on local variable 'loop_index18' [21]  (1.59 ns)

 <State 2>: 6.51ns
The critical path consists of the following:
	'load' operation ('n_regions_in_load') on array 'n_regions_in' [18]  (3.25 ns)
	'store' operation ('store_ln0') of variable 'n_regions_in_load' on array 'n_regions_V' [20]  (3.25 ns)


============================================================
+ Verbose Summary: Binding
============================================================
N/A
* FSMD analyzer results:
  - Output states:
 - Input state : 
  - Chain level:
	State 1
	State 2


============================================================
+ Verbose Summary: Datapath Resource usage 
============================================================
N/A
