

================================================================
== Vitis HLS Report for 'writeOutcomeInRam'
================================================================
* Date:           Mon Sep 19 17:09:31 2022

* Version:        2022.1 (Build 3526262 on Mon Apr 18 15:47:01 MDT 2022)
* Project:        detector_solid
* Solution:       solution1 (Vitis Kernel Flow Target)
* Product family: zynq
* Target device:  xc7z020-clg484-1


================================================================
== Performance Estimates
================================================================
+ Timing: 
    * Summary: 
    +--------+----------+-----------+------------+
    |  Clock |  Target  | Estimated | Uncertainty|
    +--------+----------+-----------+------------+
    |ap_clk  |  20.00 ns|  14.600 ns|     5.40 ns|
    +--------+----------+-----------+------------+

+ Latency: 
    * Summary: 
    +---------+---------+----------+----------+-----+-----+---------+
    |  Latency (cycles) |  Latency (absolute) |  Interval | Pipeline|
    |   min   |   max   |    min   |    max   | min | max |   Type  |
    +---------+---------+----------+----------+-----+-----+---------+
    |       70|       70|  1.400 us|  1.400 us|   70|   70|       no|
    +---------+---------+----------+----------+-----+-----+---------+

    + Detail: 
        * Instance: 
        N/A

        * Loop: 
        N/A

============================================================
+ Verbose Summary: Synthesis Manager
============================================================
InlineROM: 1
ExposeGlobal: 0
============================================================
+ Verbose Summary: CDFG Model
============================================================
IsTopModel: 0
ResetActiveHigh: 1
IsCombinational: 0
IsDatapathOnly: 0
HasWiredReturn: 1
HasMFsm: 0
HasVarLatency: 1
IsPipeline: 0
IsRtlPipelined: 0
IsInstanceOverlapped: 0
IsDontTouch: 0
HasImplIP: 0
IsGatedGlobalClock: 0


============================================================
+ Verbose Summary: Schedule
============================================================
* Number of FSM states : 71
* Pipeline : 0
* Dataflow Pipeline: 0

* FSM state transitions: 
1 --> 2 
2 --> 3 
3 --> 4 
4 --> 5 
5 --> 6 
6 --> 7 
7 --> 8 
8 --> 9 
9 --> 10 
10 --> 11 
11 --> 12 
12 --> 13 
13 --> 14 
14 --> 15 
15 --> 16 
16 --> 17 
17 --> 18 
18 --> 19 
19 --> 20 
20 --> 21 
21 --> 22 
22 --> 23 
23 --> 24 
24 --> 25 
25 --> 26 
26 --> 27 
27 --> 28 
28 --> 29 
29 --> 30 
30 --> 31 
31 --> 32 
32 --> 33 
33 --> 34 
34 --> 35 
35 --> 36 
36 --> 37 
37 --> 38 
38 --> 39 
39 --> 40 
40 --> 41 
41 --> 42 
42 --> 43 
43 --> 44 
44 --> 45 
45 --> 46 
46 --> 47 
47 --> 48 
48 --> 49 
49 --> 50 
50 --> 51 
51 --> 52 
52 --> 53 
53 --> 54 
54 --> 55 
55 --> 56 
56 --> 57 
57 --> 58 
58 --> 59 
59 --> 60 
60 --> 61 
61 --> 62 
62 --> 63 
63 --> 64 
64 --> 65 
65 --> 66 
66 --> 67 
67 --> 68 
68 --> 69 
69 --> 70 
70 --> 71 
71 --> 

* FSM state operations: 

State 1 <SV = 0> <Delay = 14.6>
ST_1 : Operation 72 [1/1] (0.00ns)   --->   "%outcome_read = read i1 @_ssdm_op_Read.ap_auto.i1, i1 %outcome" [detector_solid/abs_solid_detector.cpp:331]   --->   Operation 72 'read' 'outcome_read' <Predicate = true> <Delay = 0.00>
ST_1 : Operation 73 [1/1] (0.00ns)   --->   "%outcomeptr_read = read i64 @_ssdm_op_Read.ap_auto.i64, i64 %outcomeptr" [detector_solid/abs_solid_detector.cpp:331]   --->   Operation 73 'read' 'outcomeptr_read' <Predicate = true> <Delay = 0.00>
ST_1 : Operation 74 [1/1] (3.52ns)   --->   "%empty = add i64 %outcomeptr_read, i64 1" [detector_solid/abs_solid_detector.cpp:331]   --->   Operation 74 'add' 'empty' <Predicate = true> <Delay = 3.52> <CoreInst = "Adder">   --->   Core 1 'Adder' <Latency = 0> <II = 1> <Delay = 3.52> <FuncUnit> <Opcode : 'add' 'sub'> <InPorts = 2> <OutPorts = 1>
ST_1 : Operation 75 [1/1] (0.00ns)   --->   "%outcome_cast = zext i1 %outcome_read" [detector_solid/abs_solid_detector.cpp:331]   --->   Operation 75 'zext' 'outcome_cast' <Predicate = true> <Delay = 0.00>
ST_1 : Operation 76 [1/1] (0.00ns)   --->   "%empty_28 = trunc i64 %outcomeptr_read" [detector_solid/abs_solid_detector.cpp:331]   --->   Operation 76 'trunc' 'empty_28' <Predicate = true> <Delay = 0.00>
ST_1 : Operation 77 [1/1] (0.00ns)   --->   "%outcomeptr_cast_cast5 = zext i5 %empty_28" [detector_solid/abs_solid_detector.cpp:331]   --->   Operation 77 'zext' 'outcomeptr_cast_cast5' <Predicate = true> <Delay = 0.00>
ST_1 : Operation 78 [1/1] (2.66ns)   --->   "%empty_29 = shl i32 1, i32 %outcomeptr_cast_cast5" [detector_solid/abs_solid_detector.cpp:331]   --->   Operation 78 'shl' 'empty_29' <Predicate = true> <Delay = 2.66> <CoreInst = "Shifter">   --->   Core 75 'Shifter' <Latency = 0> <II = 1> <Delay = 2.66> <FuncUnit> <Opcode : 'shl' 'lshr' 'ashr'> <InPorts = 2> <OutPorts = 1>
ST_1 : Operation 79 [1/1] (0.00ns)   --->   "%tmp_1 = bitconcatenate i8 @_ssdm_op_BitConcatenate.i8.i5.i3, i5 %empty_28, i3 0" [detector_solid/abs_solid_detector.cpp:331]   --->   Operation 79 'bitconcatenate' 'tmp_1' <Predicate = true> <Delay = 0.00>
ST_1 : Operation 80 [1/1] (0.00ns)   --->   "%p_cast = zext i8 %tmp_1" [detector_solid/abs_solid_detector.cpp:331]   --->   Operation 80 'zext' 'p_cast' <Predicate = true> <Delay = 0.00>
ST_1 : Operation 81 [1/1] (3.14ns)   --->   "%empty_30 = shl i249 %outcome_cast, i249 %p_cast" [detector_solid/abs_solid_detector.cpp:331]   --->   Operation 81 'shl' 'empty_30' <Predicate = true> <Delay = 3.14> <CoreInst = "Shifter">   --->   Core 75 'Shifter' <Latency = 0> <II = 1> <Delay = 3.14> <FuncUnit> <Opcode : 'shl' 'lshr' 'ashr'> <InPorts = 2> <OutPorts = 1>
ST_1 : Operation 82 [1/1] (0.00ns)   --->   "%p_cast1 = partselect i59 @_ssdm_op_PartSelect.i59.i64.i32.i32, i64 %outcomeptr_read, i32 5, i32 63" [detector_solid/abs_solid_detector.cpp:331]   --->   Operation 82 'partselect' 'p_cast1' <Predicate = true> <Delay = 0.00>
ST_1 : Operation 83 [1/1] (0.00ns)   --->   "%p_cast1_cast = sext i59 %p_cast1" [detector_solid/abs_solid_detector.cpp:331]   --->   Operation 83 'sext' 'p_cast1_cast' <Predicate = true> <Delay = 0.00>
ST_1 : Operation 84 [1/1] (0.00ns)   --->   "%gmem_addr = getelementptr i256 %gmem, i64 %p_cast1_cast" [detector_solid/abs_solid_detector.cpp:331]   --->   Operation 84 'getelementptr' 'gmem_addr' <Predicate = true> <Delay = 0.00>
ST_1 : Operation 85 [1/1] (14.6ns)   --->   "%empty_31 = writereq i1 @_ssdm_op_WriteReq.m_axi.p1i256, i256 %gmem_addr, i32 1" [detector_solid/abs_solid_detector.cpp:331]   --->   Operation 85 'writereq' 'empty_31' <Predicate = true> <Delay = 14.6> <CoreInst = "m_axi">   --->   Core 113 'm_axi' <Latency = 0> <II = 1> <Delay = 1.00> <Adapter> <Opcode : 'read' 'write' 'readreq' 'writereq' 'writeresp'>
ST_1 : Operation 86 [1/1] (0.00ns)   --->   "%p_cast4 = partselect i59 @_ssdm_op_PartSelect.i59.i64.i32.i32, i64 %empty, i32 5, i32 63" [detector_solid/abs_solid_detector.cpp:331]   --->   Operation 86 'partselect' 'p_cast4' <Predicate = true> <Delay = 0.00>

State 2 <SV = 1> <Delay = 14.6>
ST_2 : Operation 87 [1/1] (0.00ns)   --->   "%p_cast6 = zext i249 %empty_30" [detector_solid/abs_solid_detector.cpp:331]   --->   Operation 87 'zext' 'p_cast6' <Predicate = true> <Delay = 0.00>
ST_2 : Operation 88 [1/1] (14.6ns)   --->   "%write_ln331 = write void @_ssdm_op_Write.m_axi.p1i256, i256 %gmem_addr, i256 %p_cast6, i32 %empty_29" [detector_solid/abs_solid_detector.cpp:331]   --->   Operation 88 'write' 'write_ln331' <Predicate = true> <Delay = 14.6> <CoreInst = "m_axi">   --->   Core 113 'm_axi' <Latency = 0> <II = 1> <Delay = 1.00> <Adapter> <Opcode : 'read' 'write' 'readreq' 'writereq' 'writeresp'>
ST_2 : Operation 89 [1/1] (1.78ns)   --->   "%empty_33 = add i5 %empty_28, i5 1" [detector_solid/abs_solid_detector.cpp:331]   --->   Operation 89 'add' 'empty_33' <Predicate = true> <Delay = 1.78> <CoreInst = "Adder">   --->   Core 1 'Adder' <Latency = 0> <II = 1> <Delay = 1.78> <FuncUnit> <Opcode : 'add' 'sub'> <InPorts = 2> <OutPorts = 1>
ST_2 : Operation 90 [1/1] (0.00ns)   --->   "%p_cast7 = zext i5 %empty_33" [detector_solid/abs_solid_detector.cpp:331]   --->   Operation 90 'zext' 'p_cast7' <Predicate = true> <Delay = 0.00>
ST_2 : Operation 91 [1/1] (2.66ns)   --->   "%empty_34 = shl i32 1, i32 %p_cast7" [detector_solid/abs_solid_detector.cpp:331]   --->   Operation 91 'shl' 'empty_34' <Predicate = true> <Delay = 2.66> <CoreInst = "Shifter">   --->   Core 75 'Shifter' <Latency = 0> <II = 1> <Delay = 2.66> <FuncUnit> <Opcode : 'shl' 'lshr' 'ashr'> <InPorts = 2> <OutPorts = 1>
ST_2 : Operation 92 [1/1] (0.00ns)   --->   "%tmp_2 = bitconcatenate i8 @_ssdm_op_BitConcatenate.i8.i5.i3, i5 %empty_33, i3 0" [detector_solid/abs_solid_detector.cpp:331]   --->   Operation 92 'bitconcatenate' 'tmp_2' <Predicate = true> <Delay = 0.00>
ST_2 : Operation 93 [1/1] (0.00ns)   --->   "%p_cast3 = zext i8 %tmp_2" [detector_solid/abs_solid_detector.cpp:331]   --->   Operation 93 'zext' 'p_cast3' <Predicate = true> <Delay = 0.00>
ST_2 : Operation 94 [1/1] (3.14ns)   --->   "%empty_35 = shl i249 1, i249 %p_cast3" [detector_solid/abs_solid_detector.cpp:331]   --->   Operation 94 'shl' 'empty_35' <Predicate = true> <Delay = 3.14> <CoreInst = "Shifter">   --->   Core 75 'Shifter' <Latency = 0> <II = 1> <Delay = 3.14> <FuncUnit> <Opcode : 'shl' 'lshr' 'ashr'> <InPorts = 2> <OutPorts = 1>
ST_2 : Operation 95 [1/1] (0.00ns)   --->   "%p_cast4_cast = sext i59 %p_cast4" [detector_solid/abs_solid_detector.cpp:331]   --->   Operation 95 'sext' 'p_cast4_cast' <Predicate = true> <Delay = 0.00>
ST_2 : Operation 96 [1/1] (0.00ns)   --->   "%gmem_addr_1 = getelementptr i256 %gmem, i64 %p_cast4_cast" [detector_solid/abs_solid_detector.cpp:331]   --->   Operation 96 'getelementptr' 'gmem_addr_1' <Predicate = true> <Delay = 0.00>
ST_2 : Operation 97 [1/1] (14.6ns)   --->   "%empty_36 = writereq i1 @_ssdm_op_WriteReq.m_axi.p1i256, i256 %gmem_addr_1, i32 1" [detector_solid/abs_solid_detector.cpp:331]   --->   Operation 97 'writereq' 'empty_36' <Predicate = true> <Delay = 14.6> <CoreInst = "m_axi">   --->   Core 113 'm_axi' <Latency = 0> <II = 1> <Delay = 1.00> <Adapter> <Opcode : 'read' 'write' 'readreq' 'writereq' 'writeresp'>

State 3 <SV = 2> <Delay = 14.6>
ST_3 : Operation 98 [68/68] (14.6ns)   --->   "%empty_32 = writeresp i1 @_ssdm_op_WriteResp.m_axi.p1i256, i256 %gmem_addr" [detector_solid/abs_solid_detector.cpp:331]   --->   Operation 98 'writeresp' 'empty_32' <Predicate = true> <Delay = 14.6> <CoreInst = "m_axi">   --->   Core 113 'm_axi' <Latency = 0> <II = 1> <Delay = 1.00> <Adapter> <Opcode : 'read' 'write' 'readreq' 'writereq' 'writeresp'>
ST_3 : Operation 99 [1/1] (0.00ns)   --->   "%p_cast8 = zext i249 %empty_35" [detector_solid/abs_solid_detector.cpp:331]   --->   Operation 99 'zext' 'p_cast8' <Predicate = true> <Delay = 0.00>
ST_3 : Operation 100 [1/1] (14.6ns)   --->   "%write_ln331 = write void @_ssdm_op_Write.m_axi.p1i256, i256 %gmem_addr_1, i256 %p_cast8, i32 %empty_34" [detector_solid/abs_solid_detector.cpp:331]   --->   Operation 100 'write' 'write_ln331' <Predicate = true> <Delay = 14.6> <CoreInst = "m_axi">   --->   Core 113 'm_axi' <Latency = 0> <II = 1> <Delay = 1.00> <Adapter> <Opcode : 'read' 'write' 'readreq' 'writereq' 'writeresp'>

State 4 <SV = 3> <Delay = 14.6>
ST_4 : Operation 101 [67/68] (14.6ns)   --->   "%empty_32 = writeresp i1 @_ssdm_op_WriteResp.m_axi.p1i256, i256 %gmem_addr" [detector_solid/abs_solid_detector.cpp:331]   --->   Operation 101 'writeresp' 'empty_32' <Predicate = true> <Delay = 14.6> <CoreInst = "m_axi">   --->   Core 113 'm_axi' <Latency = 0> <II = 1> <Delay = 1.00> <Adapter> <Opcode : 'read' 'write' 'readreq' 'writereq' 'writeresp'>
ST_4 : Operation 102 [68/68] (14.6ns)   --->   "%empty_37 = writeresp i1 @_ssdm_op_WriteResp.m_axi.p1i256, i256 %gmem_addr_1" [detector_solid/abs_solid_detector.cpp:331]   --->   Operation 102 'writeresp' 'empty_37' <Predicate = true> <Delay = 14.6> <CoreInst = "m_axi">   --->   Core 113 'm_axi' <Latency = 0> <II = 1> <Delay = 1.00> <Adapter> <Opcode : 'read' 'write' 'readreq' 'writereq' 'writeresp'>

State 5 <SV = 4> <Delay = 14.6>
ST_5 : Operation 103 [66/68] (14.6ns)   --->   "%empty_32 = writeresp i1 @_ssdm_op_WriteResp.m_axi.p1i256, i256 %gmem_addr" [detector_solid/abs_solid_detector.cpp:331]   --->   Operation 103 'writeresp' 'empty_32' <Predicate = true> <Delay = 14.6> <CoreInst = "m_axi">   --->   Core 113 'm_axi' <Latency = 0> <II = 1> <Delay = 1.00> <Adapter> <Opcode : 'read' 'write' 'readreq' 'writereq' 'writeresp'>
ST_5 : Operation 104 [67/68] (14.6ns)   --->   "%empty_37 = writeresp i1 @_ssdm_op_WriteResp.m_axi.p1i256, i256 %gmem_addr_1" [detector_solid/abs_solid_detector.cpp:331]   --->   Operation 104 'writeresp' 'empty_37' <Predicate = true> <Delay = 14.6> <CoreInst = "m_axi">   --->   Core 113 'm_axi' <Latency = 0> <II = 1> <Delay = 1.00> <Adapter> <Opcode : 'read' 'write' 'readreq' 'writereq' 'writeresp'>

State 6 <SV = 5> <Delay = 14.6>
ST_6 : Operation 105 [65/68] (14.6ns)   --->   "%empty_32 = writeresp i1 @_ssdm_op_WriteResp.m_axi.p1i256, i256 %gmem_addr" [detector_solid/abs_solid_detector.cpp:331]   --->   Operation 105 'writeresp' 'empty_32' <Predicate = true> <Delay = 14.6> <CoreInst = "m_axi">   --->   Core 113 'm_axi' <Latency = 0> <II = 1> <Delay = 1.00> <Adapter> <Opcode : 'read' 'write' 'readreq' 'writereq' 'writeresp'>
ST_6 : Operation 106 [66/68] (14.6ns)   --->   "%empty_37 = writeresp i1 @_ssdm_op_WriteResp.m_axi.p1i256, i256 %gmem_addr_1" [detector_solid/abs_solid_detector.cpp:331]   --->   Operation 106 'writeresp' 'empty_37' <Predicate = true> <Delay = 14.6> <CoreInst = "m_axi">   --->   Core 113 'm_axi' <Latency = 0> <II = 1> <Delay = 1.00> <Adapter> <Opcode : 'read' 'write' 'readreq' 'writereq' 'writeresp'>

State 7 <SV = 6> <Delay = 14.6>
ST_7 : Operation 107 [64/68] (14.6ns)   --->   "%empty_32 = writeresp i1 @_ssdm_op_WriteResp.m_axi.p1i256, i256 %gmem_addr" [detector_solid/abs_solid_detector.cpp:331]   --->   Operation 107 'writeresp' 'empty_32' <Predicate = true> <Delay = 14.6> <CoreInst = "m_axi">   --->   Core 113 'm_axi' <Latency = 0> <II = 1> <Delay = 1.00> <Adapter> <Opcode : 'read' 'write' 'readreq' 'writereq' 'writeresp'>
ST_7 : Operation 108 [65/68] (14.6ns)   --->   "%empty_37 = writeresp i1 @_ssdm_op_WriteResp.m_axi.p1i256, i256 %gmem_addr_1" [detector_solid/abs_solid_detector.cpp:331]   --->   Operation 108 'writeresp' 'empty_37' <Predicate = true> <Delay = 14.6> <CoreInst = "m_axi">   --->   Core 113 'm_axi' <Latency = 0> <II = 1> <Delay = 1.00> <Adapter> <Opcode : 'read' 'write' 'readreq' 'writereq' 'writeresp'>

State 8 <SV = 7> <Delay = 14.6>
ST_8 : Operation 109 [63/68] (14.6ns)   --->   "%empty_32 = writeresp i1 @_ssdm_op_WriteResp.m_axi.p1i256, i256 %gmem_addr" [detector_solid/abs_solid_detector.cpp:331]   --->   Operation 109 'writeresp' 'empty_32' <Predicate = true> <Delay = 14.6> <CoreInst = "m_axi">   --->   Core 113 'm_axi' <Latency = 0> <II = 1> <Delay = 1.00> <Adapter> <Opcode : 'read' 'write' 'readreq' 'writereq' 'writeresp'>
ST_8 : Operation 110 [64/68] (14.6ns)   --->   "%empty_37 = writeresp i1 @_ssdm_op_WriteResp.m_axi.p1i256, i256 %gmem_addr_1" [detector_solid/abs_solid_detector.cpp:331]   --->   Operation 110 'writeresp' 'empty_37' <Predicate = true> <Delay = 14.6> <CoreInst = "m_axi">   --->   Core 113 'm_axi' <Latency = 0> <II = 1> <Delay = 1.00> <Adapter> <Opcode : 'read' 'write' 'readreq' 'writereq' 'writeresp'>

State 9 <SV = 8> <Delay = 14.6>
ST_9 : Operation 111 [62/68] (14.6ns)   --->   "%empty_32 = writeresp i1 @_ssdm_op_WriteResp.m_axi.p1i256, i256 %gmem_addr" [detector_solid/abs_solid_detector.cpp:331]   --->   Operation 111 'writeresp' 'empty_32' <Predicate = true> <Delay = 14.6> <CoreInst = "m_axi">   --->   Core 113 'm_axi' <Latency = 0> <II = 1> <Delay = 1.00> <Adapter> <Opcode : 'read' 'write' 'readreq' 'writereq' 'writeresp'>
ST_9 : Operation 112 [63/68] (14.6ns)   --->   "%empty_37 = writeresp i1 @_ssdm_op_WriteResp.m_axi.p1i256, i256 %gmem_addr_1" [detector_solid/abs_solid_detector.cpp:331]   --->   Operation 112 'writeresp' 'empty_37' <Predicate = true> <Delay = 14.6> <CoreInst = "m_axi">   --->   Core 113 'm_axi' <Latency = 0> <II = 1> <Delay = 1.00> <Adapter> <Opcode : 'read' 'write' 'readreq' 'writereq' 'writeresp'>

State 10 <SV = 9> <Delay = 14.6>
ST_10 : Operation 113 [61/68] (14.6ns)   --->   "%empty_32 = writeresp i1 @_ssdm_op_WriteResp.m_axi.p1i256, i256 %gmem_addr" [detector_solid/abs_solid_detector.cpp:331]   --->   Operation 113 'writeresp' 'empty_32' <Predicate = true> <Delay = 14.6> <CoreInst = "m_axi">   --->   Core 113 'm_axi' <Latency = 0> <II = 1> <Delay = 1.00> <Adapter> <Opcode : 'read' 'write' 'readreq' 'writereq' 'writeresp'>
ST_10 : Operation 114 [62/68] (14.6ns)   --->   "%empty_37 = writeresp i1 @_ssdm_op_WriteResp.m_axi.p1i256, i256 %gmem_addr_1" [detector_solid/abs_solid_detector.cpp:331]   --->   Operation 114 'writeresp' 'empty_37' <Predicate = true> <Delay = 14.6> <CoreInst = "m_axi">   --->   Core 113 'm_axi' <Latency = 0> <II = 1> <Delay = 1.00> <Adapter> <Opcode : 'read' 'write' 'readreq' 'writereq' 'writeresp'>

State 11 <SV = 10> <Delay = 14.6>
ST_11 : Operation 115 [60/68] (14.6ns)   --->   "%empty_32 = writeresp i1 @_ssdm_op_WriteResp.m_axi.p1i256, i256 %gmem_addr" [detector_solid/abs_solid_detector.cpp:331]   --->   Operation 115 'writeresp' 'empty_32' <Predicate = true> <Delay = 14.6> <CoreInst = "m_axi">   --->   Core 113 'm_axi' <Latency = 0> <II = 1> <Delay = 1.00> <Adapter> <Opcode : 'read' 'write' 'readreq' 'writereq' 'writeresp'>
ST_11 : Operation 116 [61/68] (14.6ns)   --->   "%empty_37 = writeresp i1 @_ssdm_op_WriteResp.m_axi.p1i256, i256 %gmem_addr_1" [detector_solid/abs_solid_detector.cpp:331]   --->   Operation 116 'writeresp' 'empty_37' <Predicate = true> <Delay = 14.6> <CoreInst = "m_axi">   --->   Core 113 'm_axi' <Latency = 0> <II = 1> <Delay = 1.00> <Adapter> <Opcode : 'read' 'write' 'readreq' 'writereq' 'writeresp'>

State 12 <SV = 11> <Delay = 14.6>
ST_12 : Operation 117 [59/68] (14.6ns)   --->   "%empty_32 = writeresp i1 @_ssdm_op_WriteResp.m_axi.p1i256, i256 %gmem_addr" [detector_solid/abs_solid_detector.cpp:331]   --->   Operation 117 'writeresp' 'empty_32' <Predicate = true> <Delay = 14.6> <CoreInst = "m_axi">   --->   Core 113 'm_axi' <Latency = 0> <II = 1> <Delay = 1.00> <Adapter> <Opcode : 'read' 'write' 'readreq' 'writereq' 'writeresp'>
ST_12 : Operation 118 [60/68] (14.6ns)   --->   "%empty_37 = writeresp i1 @_ssdm_op_WriteResp.m_axi.p1i256, i256 %gmem_addr_1" [detector_solid/abs_solid_detector.cpp:331]   --->   Operation 118 'writeresp' 'empty_37' <Predicate = true> <Delay = 14.6> <CoreInst = "m_axi">   --->   Core 113 'm_axi' <Latency = 0> <II = 1> <Delay = 1.00> <Adapter> <Opcode : 'read' 'write' 'readreq' 'writereq' 'writeresp'>

State 13 <SV = 12> <Delay = 14.6>
ST_13 : Operation 119 [58/68] (14.6ns)   --->   "%empty_32 = writeresp i1 @_ssdm_op_WriteResp.m_axi.p1i256, i256 %gmem_addr" [detector_solid/abs_solid_detector.cpp:331]   --->   Operation 119 'writeresp' 'empty_32' <Predicate = true> <Delay = 14.6> <CoreInst = "m_axi">   --->   Core 113 'm_axi' <Latency = 0> <II = 1> <Delay = 1.00> <Adapter> <Opcode : 'read' 'write' 'readreq' 'writereq' 'writeresp'>
ST_13 : Operation 120 [59/68] (14.6ns)   --->   "%empty_37 = writeresp i1 @_ssdm_op_WriteResp.m_axi.p1i256, i256 %gmem_addr_1" [detector_solid/abs_solid_detector.cpp:331]   --->   Operation 120 'writeresp' 'empty_37' <Predicate = true> <Delay = 14.6> <CoreInst = "m_axi">   --->   Core 113 'm_axi' <Latency = 0> <II = 1> <Delay = 1.00> <Adapter> <Opcode : 'read' 'write' 'readreq' 'writereq' 'writeresp'>

State 14 <SV = 13> <Delay = 14.6>
ST_14 : Operation 121 [57/68] (14.6ns)   --->   "%empty_32 = writeresp i1 @_ssdm_op_WriteResp.m_axi.p1i256, i256 %gmem_addr" [detector_solid/abs_solid_detector.cpp:331]   --->   Operation 121 'writeresp' 'empty_32' <Predicate = true> <Delay = 14.6> <CoreInst = "m_axi">   --->   Core 113 'm_axi' <Latency = 0> <II = 1> <Delay = 1.00> <Adapter> <Opcode : 'read' 'write' 'readreq' 'writereq' 'writeresp'>
ST_14 : Operation 122 [58/68] (14.6ns)   --->   "%empty_37 = writeresp i1 @_ssdm_op_WriteResp.m_axi.p1i256, i256 %gmem_addr_1" [detector_solid/abs_solid_detector.cpp:331]   --->   Operation 122 'writeresp' 'empty_37' <Predicate = true> <Delay = 14.6> <CoreInst = "m_axi">   --->   Core 113 'm_axi' <Latency = 0> <II = 1> <Delay = 1.00> <Adapter> <Opcode : 'read' 'write' 'readreq' 'writereq' 'writeresp'>

State 15 <SV = 14> <Delay = 14.6>
ST_15 : Operation 123 [56/68] (14.6ns)   --->   "%empty_32 = writeresp i1 @_ssdm_op_WriteResp.m_axi.p1i256, i256 %gmem_addr" [detector_solid/abs_solid_detector.cpp:331]   --->   Operation 123 'writeresp' 'empty_32' <Predicate = true> <Delay = 14.6> <CoreInst = "m_axi">   --->   Core 113 'm_axi' <Latency = 0> <II = 1> <Delay = 1.00> <Adapter> <Opcode : 'read' 'write' 'readreq' 'writereq' 'writeresp'>
ST_15 : Operation 124 [57/68] (14.6ns)   --->   "%empty_37 = writeresp i1 @_ssdm_op_WriteResp.m_axi.p1i256, i256 %gmem_addr_1" [detector_solid/abs_solid_detector.cpp:331]   --->   Operation 124 'writeresp' 'empty_37' <Predicate = true> <Delay = 14.6> <CoreInst = "m_axi">   --->   Core 113 'm_axi' <Latency = 0> <II = 1> <Delay = 1.00> <Adapter> <Opcode : 'read' 'write' 'readreq' 'writereq' 'writeresp'>

State 16 <SV = 15> <Delay = 14.6>
ST_16 : Operation 125 [55/68] (14.6ns)   --->   "%empty_32 = writeresp i1 @_ssdm_op_WriteResp.m_axi.p1i256, i256 %gmem_addr" [detector_solid/abs_solid_detector.cpp:331]   --->   Operation 125 'writeresp' 'empty_32' <Predicate = true> <Delay = 14.6> <CoreInst = "m_axi">   --->   Core 113 'm_axi' <Latency = 0> <II = 1> <Delay = 1.00> <Adapter> <Opcode : 'read' 'write' 'readreq' 'writereq' 'writeresp'>
ST_16 : Operation 126 [56/68] (14.6ns)   --->   "%empty_37 = writeresp i1 @_ssdm_op_WriteResp.m_axi.p1i256, i256 %gmem_addr_1" [detector_solid/abs_solid_detector.cpp:331]   --->   Operation 126 'writeresp' 'empty_37' <Predicate = true> <Delay = 14.6> <CoreInst = "m_axi">   --->   Core 113 'm_axi' <Latency = 0> <II = 1> <Delay = 1.00> <Adapter> <Opcode : 'read' 'write' 'readreq' 'writereq' 'writeresp'>

State 17 <SV = 16> <Delay = 14.6>
ST_17 : Operation 127 [54/68] (14.6ns)   --->   "%empty_32 = writeresp i1 @_ssdm_op_WriteResp.m_axi.p1i256, i256 %gmem_addr" [detector_solid/abs_solid_detector.cpp:331]   --->   Operation 127 'writeresp' 'empty_32' <Predicate = true> <Delay = 14.6> <CoreInst = "m_axi">   --->   Core 113 'm_axi' <Latency = 0> <II = 1> <Delay = 1.00> <Adapter> <Opcode : 'read' 'write' 'readreq' 'writereq' 'writeresp'>
ST_17 : Operation 128 [55/68] (14.6ns)   --->   "%empty_37 = writeresp i1 @_ssdm_op_WriteResp.m_axi.p1i256, i256 %gmem_addr_1" [detector_solid/abs_solid_detector.cpp:331]   --->   Operation 128 'writeresp' 'empty_37' <Predicate = true> <Delay = 14.6> <CoreInst = "m_axi">   --->   Core 113 'm_axi' <Latency = 0> <II = 1> <Delay = 1.00> <Adapter> <Opcode : 'read' 'write' 'readreq' 'writereq' 'writeresp'>

State 18 <SV = 17> <Delay = 14.6>
ST_18 : Operation 129 [53/68] (14.6ns)   --->   "%empty_32 = writeresp i1 @_ssdm_op_WriteResp.m_axi.p1i256, i256 %gmem_addr" [detector_solid/abs_solid_detector.cpp:331]   --->   Operation 129 'writeresp' 'empty_32' <Predicate = true> <Delay = 14.6> <CoreInst = "m_axi">   --->   Core 113 'm_axi' <Latency = 0> <II = 1> <Delay = 1.00> <Adapter> <Opcode : 'read' 'write' 'readreq' 'writereq' 'writeresp'>
ST_18 : Operation 130 [54/68] (14.6ns)   --->   "%empty_37 = writeresp i1 @_ssdm_op_WriteResp.m_axi.p1i256, i256 %gmem_addr_1" [detector_solid/abs_solid_detector.cpp:331]   --->   Operation 130 'writeresp' 'empty_37' <Predicate = true> <Delay = 14.6> <CoreInst = "m_axi">   --->   Core 113 'm_axi' <Latency = 0> <II = 1> <Delay = 1.00> <Adapter> <Opcode : 'read' 'write' 'readreq' 'writereq' 'writeresp'>

State 19 <SV = 18> <Delay = 14.6>
ST_19 : Operation 131 [52/68] (14.6ns)   --->   "%empty_32 = writeresp i1 @_ssdm_op_WriteResp.m_axi.p1i256, i256 %gmem_addr" [detector_solid/abs_solid_detector.cpp:331]   --->   Operation 131 'writeresp' 'empty_32' <Predicate = true> <Delay = 14.6> <CoreInst = "m_axi">   --->   Core 113 'm_axi' <Latency = 0> <II = 1> <Delay = 1.00> <Adapter> <Opcode : 'read' 'write' 'readreq' 'writereq' 'writeresp'>
ST_19 : Operation 132 [53/68] (14.6ns)   --->   "%empty_37 = writeresp i1 @_ssdm_op_WriteResp.m_axi.p1i256, i256 %gmem_addr_1" [detector_solid/abs_solid_detector.cpp:331]   --->   Operation 132 'writeresp' 'empty_37' <Predicate = true> <Delay = 14.6> <CoreInst = "m_axi">   --->   Core 113 'm_axi' <Latency = 0> <II = 1> <Delay = 1.00> <Adapter> <Opcode : 'read' 'write' 'readreq' 'writereq' 'writeresp'>

State 20 <SV = 19> <Delay = 14.6>
ST_20 : Operation 133 [51/68] (14.6ns)   --->   "%empty_32 = writeresp i1 @_ssdm_op_WriteResp.m_axi.p1i256, i256 %gmem_addr" [detector_solid/abs_solid_detector.cpp:331]   --->   Operation 133 'writeresp' 'empty_32' <Predicate = true> <Delay = 14.6> <CoreInst = "m_axi">   --->   Core 113 'm_axi' <Latency = 0> <II = 1> <Delay = 1.00> <Adapter> <Opcode : 'read' 'write' 'readreq' 'writereq' 'writeresp'>
ST_20 : Operation 134 [52/68] (14.6ns)   --->   "%empty_37 = writeresp i1 @_ssdm_op_WriteResp.m_axi.p1i256, i256 %gmem_addr_1" [detector_solid/abs_solid_detector.cpp:331]   --->   Operation 134 'writeresp' 'empty_37' <Predicate = true> <Delay = 14.6> <CoreInst = "m_axi">   --->   Core 113 'm_axi' <Latency = 0> <II = 1> <Delay = 1.00> <Adapter> <Opcode : 'read' 'write' 'readreq' 'writereq' 'writeresp'>

State 21 <SV = 20> <Delay = 14.6>
ST_21 : Operation 135 [50/68] (14.6ns)   --->   "%empty_32 = writeresp i1 @_ssdm_op_WriteResp.m_axi.p1i256, i256 %gmem_addr" [detector_solid/abs_solid_detector.cpp:331]   --->   Operation 135 'writeresp' 'empty_32' <Predicate = true> <Delay = 14.6> <CoreInst = "m_axi">   --->   Core 113 'm_axi' <Latency = 0> <II = 1> <Delay = 1.00> <Adapter> <Opcode : 'read' 'write' 'readreq' 'writereq' 'writeresp'>
ST_21 : Operation 136 [51/68] (14.6ns)   --->   "%empty_37 = writeresp i1 @_ssdm_op_WriteResp.m_axi.p1i256, i256 %gmem_addr_1" [detector_solid/abs_solid_detector.cpp:331]   --->   Operation 136 'writeresp' 'empty_37' <Predicate = true> <Delay = 14.6> <CoreInst = "m_axi">   --->   Core 113 'm_axi' <Latency = 0> <II = 1> <Delay = 1.00> <Adapter> <Opcode : 'read' 'write' 'readreq' 'writereq' 'writeresp'>

State 22 <SV = 21> <Delay = 14.6>
ST_22 : Operation 137 [49/68] (14.6ns)   --->   "%empty_32 = writeresp i1 @_ssdm_op_WriteResp.m_axi.p1i256, i256 %gmem_addr" [detector_solid/abs_solid_detector.cpp:331]   --->   Operation 137 'writeresp' 'empty_32' <Predicate = true> <Delay = 14.6> <CoreInst = "m_axi">   --->   Core 113 'm_axi' <Latency = 0> <II = 1> <Delay = 1.00> <Adapter> <Opcode : 'read' 'write' 'readreq' 'writereq' 'writeresp'>
ST_22 : Operation 138 [50/68] (14.6ns)   --->   "%empty_37 = writeresp i1 @_ssdm_op_WriteResp.m_axi.p1i256, i256 %gmem_addr_1" [detector_solid/abs_solid_detector.cpp:331]   --->   Operation 138 'writeresp' 'empty_37' <Predicate = true> <Delay = 14.6> <CoreInst = "m_axi">   --->   Core 113 'm_axi' <Latency = 0> <II = 1> <Delay = 1.00> <Adapter> <Opcode : 'read' 'write' 'readreq' 'writereq' 'writeresp'>

State 23 <SV = 22> <Delay = 14.6>
ST_23 : Operation 139 [48/68] (14.6ns)   --->   "%empty_32 = writeresp i1 @_ssdm_op_WriteResp.m_axi.p1i256, i256 %gmem_addr" [detector_solid/abs_solid_detector.cpp:331]   --->   Operation 139 'writeresp' 'empty_32' <Predicate = true> <Delay = 14.6> <CoreInst = "m_axi">   --->   Core 113 'm_axi' <Latency = 0> <II = 1> <Delay = 1.00> <Adapter> <Opcode : 'read' 'write' 'readreq' 'writereq' 'writeresp'>
ST_23 : Operation 140 [49/68] (14.6ns)   --->   "%empty_37 = writeresp i1 @_ssdm_op_WriteResp.m_axi.p1i256, i256 %gmem_addr_1" [detector_solid/abs_solid_detector.cpp:331]   --->   Operation 140 'writeresp' 'empty_37' <Predicate = true> <Delay = 14.6> <CoreInst = "m_axi">   --->   Core 113 'm_axi' <Latency = 0> <II = 1> <Delay = 1.00> <Adapter> <Opcode : 'read' 'write' 'readreq' 'writereq' 'writeresp'>

State 24 <SV = 23> <Delay = 14.6>
ST_24 : Operation 141 [47/68] (14.6ns)   --->   "%empty_32 = writeresp i1 @_ssdm_op_WriteResp.m_axi.p1i256, i256 %gmem_addr" [detector_solid/abs_solid_detector.cpp:331]   --->   Operation 141 'writeresp' 'empty_32' <Predicate = true> <Delay = 14.6> <CoreInst = "m_axi">   --->   Core 113 'm_axi' <Latency = 0> <II = 1> <Delay = 1.00> <Adapter> <Opcode : 'read' 'write' 'readreq' 'writereq' 'writeresp'>
ST_24 : Operation 142 [48/68] (14.6ns)   --->   "%empty_37 = writeresp i1 @_ssdm_op_WriteResp.m_axi.p1i256, i256 %gmem_addr_1" [detector_solid/abs_solid_detector.cpp:331]   --->   Operation 142 'writeresp' 'empty_37' <Predicate = true> <Delay = 14.6> <CoreInst = "m_axi">   --->   Core 113 'm_axi' <Latency = 0> <II = 1> <Delay = 1.00> <Adapter> <Opcode : 'read' 'write' 'readreq' 'writereq' 'writeresp'>

State 25 <SV = 24> <Delay = 14.6>
ST_25 : Operation 143 [46/68] (14.6ns)   --->   "%empty_32 = writeresp i1 @_ssdm_op_WriteResp.m_axi.p1i256, i256 %gmem_addr" [detector_solid/abs_solid_detector.cpp:331]   --->   Operation 143 'writeresp' 'empty_32' <Predicate = true> <Delay = 14.6> <CoreInst = "m_axi">   --->   Core 113 'm_axi' <Latency = 0> <II = 1> <Delay = 1.00> <Adapter> <Opcode : 'read' 'write' 'readreq' 'writereq' 'writeresp'>
ST_25 : Operation 144 [47/68] (14.6ns)   --->   "%empty_37 = writeresp i1 @_ssdm_op_WriteResp.m_axi.p1i256, i256 %gmem_addr_1" [detector_solid/abs_solid_detector.cpp:331]   --->   Operation 144 'writeresp' 'empty_37' <Predicate = true> <Delay = 14.6> <CoreInst = "m_axi">   --->   Core 113 'm_axi' <Latency = 0> <II = 1> <Delay = 1.00> <Adapter> <Opcode : 'read' 'write' 'readreq' 'writereq' 'writeresp'>

State 26 <SV = 25> <Delay = 14.6>
ST_26 : Operation 145 [45/68] (14.6ns)   --->   "%empty_32 = writeresp i1 @_ssdm_op_WriteResp.m_axi.p1i256, i256 %gmem_addr" [detector_solid/abs_solid_detector.cpp:331]   --->   Operation 145 'writeresp' 'empty_32' <Predicate = true> <Delay = 14.6> <CoreInst = "m_axi">   --->   Core 113 'm_axi' <Latency = 0> <II = 1> <Delay = 1.00> <Adapter> <Opcode : 'read' 'write' 'readreq' 'writereq' 'writeresp'>
ST_26 : Operation 146 [46/68] (14.6ns)   --->   "%empty_37 = writeresp i1 @_ssdm_op_WriteResp.m_axi.p1i256, i256 %gmem_addr_1" [detector_solid/abs_solid_detector.cpp:331]   --->   Operation 146 'writeresp' 'empty_37' <Predicate = true> <Delay = 14.6> <CoreInst = "m_axi">   --->   Core 113 'm_axi' <Latency = 0> <II = 1> <Delay = 1.00> <Adapter> <Opcode : 'read' 'write' 'readreq' 'writereq' 'writeresp'>

State 27 <SV = 26> <Delay = 14.6>
ST_27 : Operation 147 [44/68] (14.6ns)   --->   "%empty_32 = writeresp i1 @_ssdm_op_WriteResp.m_axi.p1i256, i256 %gmem_addr" [detector_solid/abs_solid_detector.cpp:331]   --->   Operation 147 'writeresp' 'empty_32' <Predicate = true> <Delay = 14.6> <CoreInst = "m_axi">   --->   Core 113 'm_axi' <Latency = 0> <II = 1> <Delay = 1.00> <Adapter> <Opcode : 'read' 'write' 'readreq' 'writereq' 'writeresp'>
ST_27 : Operation 148 [45/68] (14.6ns)   --->   "%empty_37 = writeresp i1 @_ssdm_op_WriteResp.m_axi.p1i256, i256 %gmem_addr_1" [detector_solid/abs_solid_detector.cpp:331]   --->   Operation 148 'writeresp' 'empty_37' <Predicate = true> <Delay = 14.6> <CoreInst = "m_axi">   --->   Core 113 'm_axi' <Latency = 0> <II = 1> <Delay = 1.00> <Adapter> <Opcode : 'read' 'write' 'readreq' 'writereq' 'writeresp'>

State 28 <SV = 27> <Delay = 14.6>
ST_28 : Operation 149 [43/68] (14.6ns)   --->   "%empty_32 = writeresp i1 @_ssdm_op_WriteResp.m_axi.p1i256, i256 %gmem_addr" [detector_solid/abs_solid_detector.cpp:331]   --->   Operation 149 'writeresp' 'empty_32' <Predicate = true> <Delay = 14.6> <CoreInst = "m_axi">   --->   Core 113 'm_axi' <Latency = 0> <II = 1> <Delay = 1.00> <Adapter> <Opcode : 'read' 'write' 'readreq' 'writereq' 'writeresp'>
ST_28 : Operation 150 [44/68] (14.6ns)   --->   "%empty_37 = writeresp i1 @_ssdm_op_WriteResp.m_axi.p1i256, i256 %gmem_addr_1" [detector_solid/abs_solid_detector.cpp:331]   --->   Operation 150 'writeresp' 'empty_37' <Predicate = true> <Delay = 14.6> <CoreInst = "m_axi">   --->   Core 113 'm_axi' <Latency = 0> <II = 1> <Delay = 1.00> <Adapter> <Opcode : 'read' 'write' 'readreq' 'writereq' 'writeresp'>

State 29 <SV = 28> <Delay = 14.6>
ST_29 : Operation 151 [42/68] (14.6ns)   --->   "%empty_32 = writeresp i1 @_ssdm_op_WriteResp.m_axi.p1i256, i256 %gmem_addr" [detector_solid/abs_solid_detector.cpp:331]   --->   Operation 151 'writeresp' 'empty_32' <Predicate = true> <Delay = 14.6> <CoreInst = "m_axi">   --->   Core 113 'm_axi' <Latency = 0> <II = 1> <Delay = 1.00> <Adapter> <Opcode : 'read' 'write' 'readreq' 'writereq' 'writeresp'>
ST_29 : Operation 152 [43/68] (14.6ns)   --->   "%empty_37 = writeresp i1 @_ssdm_op_WriteResp.m_axi.p1i256, i256 %gmem_addr_1" [detector_solid/abs_solid_detector.cpp:331]   --->   Operation 152 'writeresp' 'empty_37' <Predicate = true> <Delay = 14.6> <CoreInst = "m_axi">   --->   Core 113 'm_axi' <Latency = 0> <II = 1> <Delay = 1.00> <Adapter> <Opcode : 'read' 'write' 'readreq' 'writereq' 'writeresp'>

State 30 <SV = 29> <Delay = 14.6>
ST_30 : Operation 153 [41/68] (14.6ns)   --->   "%empty_32 = writeresp i1 @_ssdm_op_WriteResp.m_axi.p1i256, i256 %gmem_addr" [detector_solid/abs_solid_detector.cpp:331]   --->   Operation 153 'writeresp' 'empty_32' <Predicate = true> <Delay = 14.6> <CoreInst = "m_axi">   --->   Core 113 'm_axi' <Latency = 0> <II = 1> <Delay = 1.00> <Adapter> <Opcode : 'read' 'write' 'readreq' 'writereq' 'writeresp'>
ST_30 : Operation 154 [42/68] (14.6ns)   --->   "%empty_37 = writeresp i1 @_ssdm_op_WriteResp.m_axi.p1i256, i256 %gmem_addr_1" [detector_solid/abs_solid_detector.cpp:331]   --->   Operation 154 'writeresp' 'empty_37' <Predicate = true> <Delay = 14.6> <CoreInst = "m_axi">   --->   Core 113 'm_axi' <Latency = 0> <II = 1> <Delay = 1.00> <Adapter> <Opcode : 'read' 'write' 'readreq' 'writereq' 'writeresp'>

State 31 <SV = 30> <Delay = 14.6>
ST_31 : Operation 155 [40/68] (14.6ns)   --->   "%empty_32 = writeresp i1 @_ssdm_op_WriteResp.m_axi.p1i256, i256 %gmem_addr" [detector_solid/abs_solid_detector.cpp:331]   --->   Operation 155 'writeresp' 'empty_32' <Predicate = true> <Delay = 14.6> <CoreInst = "m_axi">   --->   Core 113 'm_axi' <Latency = 0> <II = 1> <Delay = 1.00> <Adapter> <Opcode : 'read' 'write' 'readreq' 'writereq' 'writeresp'>
ST_31 : Operation 156 [41/68] (14.6ns)   --->   "%empty_37 = writeresp i1 @_ssdm_op_WriteResp.m_axi.p1i256, i256 %gmem_addr_1" [detector_solid/abs_solid_detector.cpp:331]   --->   Operation 156 'writeresp' 'empty_37' <Predicate = true> <Delay = 14.6> <CoreInst = "m_axi">   --->   Core 113 'm_axi' <Latency = 0> <II = 1> <Delay = 1.00> <Adapter> <Opcode : 'read' 'write' 'readreq' 'writereq' 'writeresp'>

State 32 <SV = 31> <Delay = 14.6>
ST_32 : Operation 157 [39/68] (14.6ns)   --->   "%empty_32 = writeresp i1 @_ssdm_op_WriteResp.m_axi.p1i256, i256 %gmem_addr" [detector_solid/abs_solid_detector.cpp:331]   --->   Operation 157 'writeresp' 'empty_32' <Predicate = true> <Delay = 14.6> <CoreInst = "m_axi">   --->   Core 113 'm_axi' <Latency = 0> <II = 1> <Delay = 1.00> <Adapter> <Opcode : 'read' 'write' 'readreq' 'writereq' 'writeresp'>
ST_32 : Operation 158 [40/68] (14.6ns)   --->   "%empty_37 = writeresp i1 @_ssdm_op_WriteResp.m_axi.p1i256, i256 %gmem_addr_1" [detector_solid/abs_solid_detector.cpp:331]   --->   Operation 158 'writeresp' 'empty_37' <Predicate = true> <Delay = 14.6> <CoreInst = "m_axi">   --->   Core 113 'm_axi' <Latency = 0> <II = 1> <Delay = 1.00> <Adapter> <Opcode : 'read' 'write' 'readreq' 'writereq' 'writeresp'>

State 33 <SV = 32> <Delay = 14.6>
ST_33 : Operation 159 [38/68] (14.6ns)   --->   "%empty_32 = writeresp i1 @_ssdm_op_WriteResp.m_axi.p1i256, i256 %gmem_addr" [detector_solid/abs_solid_detector.cpp:331]   --->   Operation 159 'writeresp' 'empty_32' <Predicate = true> <Delay = 14.6> <CoreInst = "m_axi">   --->   Core 113 'm_axi' <Latency = 0> <II = 1> <Delay = 1.00> <Adapter> <Opcode : 'read' 'write' 'readreq' 'writereq' 'writeresp'>
ST_33 : Operation 160 [39/68] (14.6ns)   --->   "%empty_37 = writeresp i1 @_ssdm_op_WriteResp.m_axi.p1i256, i256 %gmem_addr_1" [detector_solid/abs_solid_detector.cpp:331]   --->   Operation 160 'writeresp' 'empty_37' <Predicate = true> <Delay = 14.6> <CoreInst = "m_axi">   --->   Core 113 'm_axi' <Latency = 0> <II = 1> <Delay = 1.00> <Adapter> <Opcode : 'read' 'write' 'readreq' 'writereq' 'writeresp'>

State 34 <SV = 33> <Delay = 14.6>
ST_34 : Operation 161 [37/68] (14.6ns)   --->   "%empty_32 = writeresp i1 @_ssdm_op_WriteResp.m_axi.p1i256, i256 %gmem_addr" [detector_solid/abs_solid_detector.cpp:331]   --->   Operation 161 'writeresp' 'empty_32' <Predicate = true> <Delay = 14.6> <CoreInst = "m_axi">   --->   Core 113 'm_axi' <Latency = 0> <II = 1> <Delay = 1.00> <Adapter> <Opcode : 'read' 'write' 'readreq' 'writereq' 'writeresp'>
ST_34 : Operation 162 [38/68] (14.6ns)   --->   "%empty_37 = writeresp i1 @_ssdm_op_WriteResp.m_axi.p1i256, i256 %gmem_addr_1" [detector_solid/abs_solid_detector.cpp:331]   --->   Operation 162 'writeresp' 'empty_37' <Predicate = true> <Delay = 14.6> <CoreInst = "m_axi">   --->   Core 113 'm_axi' <Latency = 0> <II = 1> <Delay = 1.00> <Adapter> <Opcode : 'read' 'write' 'readreq' 'writereq' 'writeresp'>

State 35 <SV = 34> <Delay = 14.6>
ST_35 : Operation 163 [36/68] (14.6ns)   --->   "%empty_32 = writeresp i1 @_ssdm_op_WriteResp.m_axi.p1i256, i256 %gmem_addr" [detector_solid/abs_solid_detector.cpp:331]   --->   Operation 163 'writeresp' 'empty_32' <Predicate = true> <Delay = 14.6> <CoreInst = "m_axi">   --->   Core 113 'm_axi' <Latency = 0> <II = 1> <Delay = 1.00> <Adapter> <Opcode : 'read' 'write' 'readreq' 'writereq' 'writeresp'>
ST_35 : Operation 164 [37/68] (14.6ns)   --->   "%empty_37 = writeresp i1 @_ssdm_op_WriteResp.m_axi.p1i256, i256 %gmem_addr_1" [detector_solid/abs_solid_detector.cpp:331]   --->   Operation 164 'writeresp' 'empty_37' <Predicate = true> <Delay = 14.6> <CoreInst = "m_axi">   --->   Core 113 'm_axi' <Latency = 0> <II = 1> <Delay = 1.00> <Adapter> <Opcode : 'read' 'write' 'readreq' 'writereq' 'writeresp'>

State 36 <SV = 35> <Delay = 14.6>
ST_36 : Operation 165 [35/68] (14.6ns)   --->   "%empty_32 = writeresp i1 @_ssdm_op_WriteResp.m_axi.p1i256, i256 %gmem_addr" [detector_solid/abs_solid_detector.cpp:331]   --->   Operation 165 'writeresp' 'empty_32' <Predicate = true> <Delay = 14.6> <CoreInst = "m_axi">   --->   Core 113 'm_axi' <Latency = 0> <II = 1> <Delay = 1.00> <Adapter> <Opcode : 'read' 'write' 'readreq' 'writereq' 'writeresp'>
ST_36 : Operation 166 [36/68] (14.6ns)   --->   "%empty_37 = writeresp i1 @_ssdm_op_WriteResp.m_axi.p1i256, i256 %gmem_addr_1" [detector_solid/abs_solid_detector.cpp:331]   --->   Operation 166 'writeresp' 'empty_37' <Predicate = true> <Delay = 14.6> <CoreInst = "m_axi">   --->   Core 113 'm_axi' <Latency = 0> <II = 1> <Delay = 1.00> <Adapter> <Opcode : 'read' 'write' 'readreq' 'writereq' 'writeresp'>

State 37 <SV = 36> <Delay = 14.6>
ST_37 : Operation 167 [34/68] (14.6ns)   --->   "%empty_32 = writeresp i1 @_ssdm_op_WriteResp.m_axi.p1i256, i256 %gmem_addr" [detector_solid/abs_solid_detector.cpp:331]   --->   Operation 167 'writeresp' 'empty_32' <Predicate = true> <Delay = 14.6> <CoreInst = "m_axi">   --->   Core 113 'm_axi' <Latency = 0> <II = 1> <Delay = 1.00> <Adapter> <Opcode : 'read' 'write' 'readreq' 'writereq' 'writeresp'>
ST_37 : Operation 168 [35/68] (14.6ns)   --->   "%empty_37 = writeresp i1 @_ssdm_op_WriteResp.m_axi.p1i256, i256 %gmem_addr_1" [detector_solid/abs_solid_detector.cpp:331]   --->   Operation 168 'writeresp' 'empty_37' <Predicate = true> <Delay = 14.6> <CoreInst = "m_axi">   --->   Core 113 'm_axi' <Latency = 0> <II = 1> <Delay = 1.00> <Adapter> <Opcode : 'read' 'write' 'readreq' 'writereq' 'writeresp'>

State 38 <SV = 37> <Delay = 14.6>
ST_38 : Operation 169 [33/68] (14.6ns)   --->   "%empty_32 = writeresp i1 @_ssdm_op_WriteResp.m_axi.p1i256, i256 %gmem_addr" [detector_solid/abs_solid_detector.cpp:331]   --->   Operation 169 'writeresp' 'empty_32' <Predicate = true> <Delay = 14.6> <CoreInst = "m_axi">   --->   Core 113 'm_axi' <Latency = 0> <II = 1> <Delay = 1.00> <Adapter> <Opcode : 'read' 'write' 'readreq' 'writereq' 'writeresp'>
ST_38 : Operation 170 [34/68] (14.6ns)   --->   "%empty_37 = writeresp i1 @_ssdm_op_WriteResp.m_axi.p1i256, i256 %gmem_addr_1" [detector_solid/abs_solid_detector.cpp:331]   --->   Operation 170 'writeresp' 'empty_37' <Predicate = true> <Delay = 14.6> <CoreInst = "m_axi">   --->   Core 113 'm_axi' <Latency = 0> <II = 1> <Delay = 1.00> <Adapter> <Opcode : 'read' 'write' 'readreq' 'writereq' 'writeresp'>

State 39 <SV = 38> <Delay = 14.6>
ST_39 : Operation 171 [32/68] (14.6ns)   --->   "%empty_32 = writeresp i1 @_ssdm_op_WriteResp.m_axi.p1i256, i256 %gmem_addr" [detector_solid/abs_solid_detector.cpp:331]   --->   Operation 171 'writeresp' 'empty_32' <Predicate = true> <Delay = 14.6> <CoreInst = "m_axi">   --->   Core 113 'm_axi' <Latency = 0> <II = 1> <Delay = 1.00> <Adapter> <Opcode : 'read' 'write' 'readreq' 'writereq' 'writeresp'>
ST_39 : Operation 172 [33/68] (14.6ns)   --->   "%empty_37 = writeresp i1 @_ssdm_op_WriteResp.m_axi.p1i256, i256 %gmem_addr_1" [detector_solid/abs_solid_detector.cpp:331]   --->   Operation 172 'writeresp' 'empty_37' <Predicate = true> <Delay = 14.6> <CoreInst = "m_axi">   --->   Core 113 'm_axi' <Latency = 0> <II = 1> <Delay = 1.00> <Adapter> <Opcode : 'read' 'write' 'readreq' 'writereq' 'writeresp'>

State 40 <SV = 39> <Delay = 14.6>
ST_40 : Operation 173 [31/68] (14.6ns)   --->   "%empty_32 = writeresp i1 @_ssdm_op_WriteResp.m_axi.p1i256, i256 %gmem_addr" [detector_solid/abs_solid_detector.cpp:331]   --->   Operation 173 'writeresp' 'empty_32' <Predicate = true> <Delay = 14.6> <CoreInst = "m_axi">   --->   Core 113 'm_axi' <Latency = 0> <II = 1> <Delay = 1.00> <Adapter> <Opcode : 'read' 'write' 'readreq' 'writereq' 'writeresp'>
ST_40 : Operation 174 [32/68] (14.6ns)   --->   "%empty_37 = writeresp i1 @_ssdm_op_WriteResp.m_axi.p1i256, i256 %gmem_addr_1" [detector_solid/abs_solid_detector.cpp:331]   --->   Operation 174 'writeresp' 'empty_37' <Predicate = true> <Delay = 14.6> <CoreInst = "m_axi">   --->   Core 113 'm_axi' <Latency = 0> <II = 1> <Delay = 1.00> <Adapter> <Opcode : 'read' 'write' 'readreq' 'writereq' 'writeresp'>

State 41 <SV = 40> <Delay = 14.6>
ST_41 : Operation 175 [30/68] (14.6ns)   --->   "%empty_32 = writeresp i1 @_ssdm_op_WriteResp.m_axi.p1i256, i256 %gmem_addr" [detector_solid/abs_solid_detector.cpp:331]   --->   Operation 175 'writeresp' 'empty_32' <Predicate = true> <Delay = 14.6> <CoreInst = "m_axi">   --->   Core 113 'm_axi' <Latency = 0> <II = 1> <Delay = 1.00> <Adapter> <Opcode : 'read' 'write' 'readreq' 'writereq' 'writeresp'>
ST_41 : Operation 176 [31/68] (14.6ns)   --->   "%empty_37 = writeresp i1 @_ssdm_op_WriteResp.m_axi.p1i256, i256 %gmem_addr_1" [detector_solid/abs_solid_detector.cpp:331]   --->   Operation 176 'writeresp' 'empty_37' <Predicate = true> <Delay = 14.6> <CoreInst = "m_axi">   --->   Core 113 'm_axi' <Latency = 0> <II = 1> <Delay = 1.00> <Adapter> <Opcode : 'read' 'write' 'readreq' 'writereq' 'writeresp'>

State 42 <SV = 41> <Delay = 14.6>
ST_42 : Operation 177 [29/68] (14.6ns)   --->   "%empty_32 = writeresp i1 @_ssdm_op_WriteResp.m_axi.p1i256, i256 %gmem_addr" [detector_solid/abs_solid_detector.cpp:331]   --->   Operation 177 'writeresp' 'empty_32' <Predicate = true> <Delay = 14.6> <CoreInst = "m_axi">   --->   Core 113 'm_axi' <Latency = 0> <II = 1> <Delay = 1.00> <Adapter> <Opcode : 'read' 'write' 'readreq' 'writereq' 'writeresp'>
ST_42 : Operation 178 [30/68] (14.6ns)   --->   "%empty_37 = writeresp i1 @_ssdm_op_WriteResp.m_axi.p1i256, i256 %gmem_addr_1" [detector_solid/abs_solid_detector.cpp:331]   --->   Operation 178 'writeresp' 'empty_37' <Predicate = true> <Delay = 14.6> <CoreInst = "m_axi">   --->   Core 113 'm_axi' <Latency = 0> <II = 1> <Delay = 1.00> <Adapter> <Opcode : 'read' 'write' 'readreq' 'writereq' 'writeresp'>

State 43 <SV = 42> <Delay = 14.6>
ST_43 : Operation 179 [28/68] (14.6ns)   --->   "%empty_32 = writeresp i1 @_ssdm_op_WriteResp.m_axi.p1i256, i256 %gmem_addr" [detector_solid/abs_solid_detector.cpp:331]   --->   Operation 179 'writeresp' 'empty_32' <Predicate = true> <Delay = 14.6> <CoreInst = "m_axi">   --->   Core 113 'm_axi' <Latency = 0> <II = 1> <Delay = 1.00> <Adapter> <Opcode : 'read' 'write' 'readreq' 'writereq' 'writeresp'>
ST_43 : Operation 180 [29/68] (14.6ns)   --->   "%empty_37 = writeresp i1 @_ssdm_op_WriteResp.m_axi.p1i256, i256 %gmem_addr_1" [detector_solid/abs_solid_detector.cpp:331]   --->   Operation 180 'writeresp' 'empty_37' <Predicate = true> <Delay = 14.6> <CoreInst = "m_axi">   --->   Core 113 'm_axi' <Latency = 0> <II = 1> <Delay = 1.00> <Adapter> <Opcode : 'read' 'write' 'readreq' 'writereq' 'writeresp'>

State 44 <SV = 43> <Delay = 14.6>
ST_44 : Operation 181 [27/68] (14.6ns)   --->   "%empty_32 = writeresp i1 @_ssdm_op_WriteResp.m_axi.p1i256, i256 %gmem_addr" [detector_solid/abs_solid_detector.cpp:331]   --->   Operation 181 'writeresp' 'empty_32' <Predicate = true> <Delay = 14.6> <CoreInst = "m_axi">   --->   Core 113 'm_axi' <Latency = 0> <II = 1> <Delay = 1.00> <Adapter> <Opcode : 'read' 'write' 'readreq' 'writereq' 'writeresp'>
ST_44 : Operation 182 [28/68] (14.6ns)   --->   "%empty_37 = writeresp i1 @_ssdm_op_WriteResp.m_axi.p1i256, i256 %gmem_addr_1" [detector_solid/abs_solid_detector.cpp:331]   --->   Operation 182 'writeresp' 'empty_37' <Predicate = true> <Delay = 14.6> <CoreInst = "m_axi">   --->   Core 113 'm_axi' <Latency = 0> <II = 1> <Delay = 1.00> <Adapter> <Opcode : 'read' 'write' 'readreq' 'writereq' 'writeresp'>

State 45 <SV = 44> <Delay = 14.6>
ST_45 : Operation 183 [26/68] (14.6ns)   --->   "%empty_32 = writeresp i1 @_ssdm_op_WriteResp.m_axi.p1i256, i256 %gmem_addr" [detector_solid/abs_solid_detector.cpp:331]   --->   Operation 183 'writeresp' 'empty_32' <Predicate = true> <Delay = 14.6> <CoreInst = "m_axi">   --->   Core 113 'm_axi' <Latency = 0> <II = 1> <Delay = 1.00> <Adapter> <Opcode : 'read' 'write' 'readreq' 'writereq' 'writeresp'>
ST_45 : Operation 184 [27/68] (14.6ns)   --->   "%empty_37 = writeresp i1 @_ssdm_op_WriteResp.m_axi.p1i256, i256 %gmem_addr_1" [detector_solid/abs_solid_detector.cpp:331]   --->   Operation 184 'writeresp' 'empty_37' <Predicate = true> <Delay = 14.6> <CoreInst = "m_axi">   --->   Core 113 'm_axi' <Latency = 0> <II = 1> <Delay = 1.00> <Adapter> <Opcode : 'read' 'write' 'readreq' 'writereq' 'writeresp'>

State 46 <SV = 45> <Delay = 14.6>
ST_46 : Operation 185 [25/68] (14.6ns)   --->   "%empty_32 = writeresp i1 @_ssdm_op_WriteResp.m_axi.p1i256, i256 %gmem_addr" [detector_solid/abs_solid_detector.cpp:331]   --->   Operation 185 'writeresp' 'empty_32' <Predicate = true> <Delay = 14.6> <CoreInst = "m_axi">   --->   Core 113 'm_axi' <Latency = 0> <II = 1> <Delay = 1.00> <Adapter> <Opcode : 'read' 'write' 'readreq' 'writereq' 'writeresp'>
ST_46 : Operation 186 [26/68] (14.6ns)   --->   "%empty_37 = writeresp i1 @_ssdm_op_WriteResp.m_axi.p1i256, i256 %gmem_addr_1" [detector_solid/abs_solid_detector.cpp:331]   --->   Operation 186 'writeresp' 'empty_37' <Predicate = true> <Delay = 14.6> <CoreInst = "m_axi">   --->   Core 113 'm_axi' <Latency = 0> <II = 1> <Delay = 1.00> <Adapter> <Opcode : 'read' 'write' 'readreq' 'writereq' 'writeresp'>

State 47 <SV = 46> <Delay = 14.6>
ST_47 : Operation 187 [24/68] (14.6ns)   --->   "%empty_32 = writeresp i1 @_ssdm_op_WriteResp.m_axi.p1i256, i256 %gmem_addr" [detector_solid/abs_solid_detector.cpp:331]   --->   Operation 187 'writeresp' 'empty_32' <Predicate = true> <Delay = 14.6> <CoreInst = "m_axi">   --->   Core 113 'm_axi' <Latency = 0> <II = 1> <Delay = 1.00> <Adapter> <Opcode : 'read' 'write' 'readreq' 'writereq' 'writeresp'>
ST_47 : Operation 188 [25/68] (14.6ns)   --->   "%empty_37 = writeresp i1 @_ssdm_op_WriteResp.m_axi.p1i256, i256 %gmem_addr_1" [detector_solid/abs_solid_detector.cpp:331]   --->   Operation 188 'writeresp' 'empty_37' <Predicate = true> <Delay = 14.6> <CoreInst = "m_axi">   --->   Core 113 'm_axi' <Latency = 0> <II = 1> <Delay = 1.00> <Adapter> <Opcode : 'read' 'write' 'readreq' 'writereq' 'writeresp'>

State 48 <SV = 47> <Delay = 14.6>
ST_48 : Operation 189 [23/68] (14.6ns)   --->   "%empty_32 = writeresp i1 @_ssdm_op_WriteResp.m_axi.p1i256, i256 %gmem_addr" [detector_solid/abs_solid_detector.cpp:331]   --->   Operation 189 'writeresp' 'empty_32' <Predicate = true> <Delay = 14.6> <CoreInst = "m_axi">   --->   Core 113 'm_axi' <Latency = 0> <II = 1> <Delay = 1.00> <Adapter> <Opcode : 'read' 'write' 'readreq' 'writereq' 'writeresp'>
ST_48 : Operation 190 [24/68] (14.6ns)   --->   "%empty_37 = writeresp i1 @_ssdm_op_WriteResp.m_axi.p1i256, i256 %gmem_addr_1" [detector_solid/abs_solid_detector.cpp:331]   --->   Operation 190 'writeresp' 'empty_37' <Predicate = true> <Delay = 14.6> <CoreInst = "m_axi">   --->   Core 113 'm_axi' <Latency = 0> <II = 1> <Delay = 1.00> <Adapter> <Opcode : 'read' 'write' 'readreq' 'writereq' 'writeresp'>

State 49 <SV = 48> <Delay = 14.6>
ST_49 : Operation 191 [22/68] (14.6ns)   --->   "%empty_32 = writeresp i1 @_ssdm_op_WriteResp.m_axi.p1i256, i256 %gmem_addr" [detector_solid/abs_solid_detector.cpp:331]   --->   Operation 191 'writeresp' 'empty_32' <Predicate = true> <Delay = 14.6> <CoreInst = "m_axi">   --->   Core 113 'm_axi' <Latency = 0> <II = 1> <Delay = 1.00> <Adapter> <Opcode : 'read' 'write' 'readreq' 'writereq' 'writeresp'>
ST_49 : Operation 192 [23/68] (14.6ns)   --->   "%empty_37 = writeresp i1 @_ssdm_op_WriteResp.m_axi.p1i256, i256 %gmem_addr_1" [detector_solid/abs_solid_detector.cpp:331]   --->   Operation 192 'writeresp' 'empty_37' <Predicate = true> <Delay = 14.6> <CoreInst = "m_axi">   --->   Core 113 'm_axi' <Latency = 0> <II = 1> <Delay = 1.00> <Adapter> <Opcode : 'read' 'write' 'readreq' 'writereq' 'writeresp'>

State 50 <SV = 49> <Delay = 14.6>
ST_50 : Operation 193 [21/68] (14.6ns)   --->   "%empty_32 = writeresp i1 @_ssdm_op_WriteResp.m_axi.p1i256, i256 %gmem_addr" [detector_solid/abs_solid_detector.cpp:331]   --->   Operation 193 'writeresp' 'empty_32' <Predicate = true> <Delay = 14.6> <CoreInst = "m_axi">   --->   Core 113 'm_axi' <Latency = 0> <II = 1> <Delay = 1.00> <Adapter> <Opcode : 'read' 'write' 'readreq' 'writereq' 'writeresp'>
ST_50 : Operation 194 [22/68] (14.6ns)   --->   "%empty_37 = writeresp i1 @_ssdm_op_WriteResp.m_axi.p1i256, i256 %gmem_addr_1" [detector_solid/abs_solid_detector.cpp:331]   --->   Operation 194 'writeresp' 'empty_37' <Predicate = true> <Delay = 14.6> <CoreInst = "m_axi">   --->   Core 113 'm_axi' <Latency = 0> <II = 1> <Delay = 1.00> <Adapter> <Opcode : 'read' 'write' 'readreq' 'writereq' 'writeresp'>

State 51 <SV = 50> <Delay = 14.6>
ST_51 : Operation 195 [20/68] (14.6ns)   --->   "%empty_32 = writeresp i1 @_ssdm_op_WriteResp.m_axi.p1i256, i256 %gmem_addr" [detector_solid/abs_solid_detector.cpp:331]   --->   Operation 195 'writeresp' 'empty_32' <Predicate = true> <Delay = 14.6> <CoreInst = "m_axi">   --->   Core 113 'm_axi' <Latency = 0> <II = 1> <Delay = 1.00> <Adapter> <Opcode : 'read' 'write' 'readreq' 'writereq' 'writeresp'>
ST_51 : Operation 196 [21/68] (14.6ns)   --->   "%empty_37 = writeresp i1 @_ssdm_op_WriteResp.m_axi.p1i256, i256 %gmem_addr_1" [detector_solid/abs_solid_detector.cpp:331]   --->   Operation 196 'writeresp' 'empty_37' <Predicate = true> <Delay = 14.6> <CoreInst = "m_axi">   --->   Core 113 'm_axi' <Latency = 0> <II = 1> <Delay = 1.00> <Adapter> <Opcode : 'read' 'write' 'readreq' 'writereq' 'writeresp'>

State 52 <SV = 51> <Delay = 14.6>
ST_52 : Operation 197 [19/68] (14.6ns)   --->   "%empty_32 = writeresp i1 @_ssdm_op_WriteResp.m_axi.p1i256, i256 %gmem_addr" [detector_solid/abs_solid_detector.cpp:331]   --->   Operation 197 'writeresp' 'empty_32' <Predicate = true> <Delay = 14.6> <CoreInst = "m_axi">   --->   Core 113 'm_axi' <Latency = 0> <II = 1> <Delay = 1.00> <Adapter> <Opcode : 'read' 'write' 'readreq' 'writereq' 'writeresp'>
ST_52 : Operation 198 [20/68] (14.6ns)   --->   "%empty_37 = writeresp i1 @_ssdm_op_WriteResp.m_axi.p1i256, i256 %gmem_addr_1" [detector_solid/abs_solid_detector.cpp:331]   --->   Operation 198 'writeresp' 'empty_37' <Predicate = true> <Delay = 14.6> <CoreInst = "m_axi">   --->   Core 113 'm_axi' <Latency = 0> <II = 1> <Delay = 1.00> <Adapter> <Opcode : 'read' 'write' 'readreq' 'writereq' 'writeresp'>

State 53 <SV = 52> <Delay = 14.6>
ST_53 : Operation 199 [18/68] (14.6ns)   --->   "%empty_32 = writeresp i1 @_ssdm_op_WriteResp.m_axi.p1i256, i256 %gmem_addr" [detector_solid/abs_solid_detector.cpp:331]   --->   Operation 199 'writeresp' 'empty_32' <Predicate = true> <Delay = 14.6> <CoreInst = "m_axi">   --->   Core 113 'm_axi' <Latency = 0> <II = 1> <Delay = 1.00> <Adapter> <Opcode : 'read' 'write' 'readreq' 'writereq' 'writeresp'>
ST_53 : Operation 200 [19/68] (14.6ns)   --->   "%empty_37 = writeresp i1 @_ssdm_op_WriteResp.m_axi.p1i256, i256 %gmem_addr_1" [detector_solid/abs_solid_detector.cpp:331]   --->   Operation 200 'writeresp' 'empty_37' <Predicate = true> <Delay = 14.6> <CoreInst = "m_axi">   --->   Core 113 'm_axi' <Latency = 0> <II = 1> <Delay = 1.00> <Adapter> <Opcode : 'read' 'write' 'readreq' 'writereq' 'writeresp'>

State 54 <SV = 53> <Delay = 14.6>
ST_54 : Operation 201 [17/68] (14.6ns)   --->   "%empty_32 = writeresp i1 @_ssdm_op_WriteResp.m_axi.p1i256, i256 %gmem_addr" [detector_solid/abs_solid_detector.cpp:331]   --->   Operation 201 'writeresp' 'empty_32' <Predicate = true> <Delay = 14.6> <CoreInst = "m_axi">   --->   Core 113 'm_axi' <Latency = 0> <II = 1> <Delay = 1.00> <Adapter> <Opcode : 'read' 'write' 'readreq' 'writereq' 'writeresp'>
ST_54 : Operation 202 [18/68] (14.6ns)   --->   "%empty_37 = writeresp i1 @_ssdm_op_WriteResp.m_axi.p1i256, i256 %gmem_addr_1" [detector_solid/abs_solid_detector.cpp:331]   --->   Operation 202 'writeresp' 'empty_37' <Predicate = true> <Delay = 14.6> <CoreInst = "m_axi">   --->   Core 113 'm_axi' <Latency = 0> <II = 1> <Delay = 1.00> <Adapter> <Opcode : 'read' 'write' 'readreq' 'writereq' 'writeresp'>

State 55 <SV = 54> <Delay = 14.6>
ST_55 : Operation 203 [16/68] (14.6ns)   --->   "%empty_32 = writeresp i1 @_ssdm_op_WriteResp.m_axi.p1i256, i256 %gmem_addr" [detector_solid/abs_solid_detector.cpp:331]   --->   Operation 203 'writeresp' 'empty_32' <Predicate = true> <Delay = 14.6> <CoreInst = "m_axi">   --->   Core 113 'm_axi' <Latency = 0> <II = 1> <Delay = 1.00> <Adapter> <Opcode : 'read' 'write' 'readreq' 'writereq' 'writeresp'>
ST_55 : Operation 204 [17/68] (14.6ns)   --->   "%empty_37 = writeresp i1 @_ssdm_op_WriteResp.m_axi.p1i256, i256 %gmem_addr_1" [detector_solid/abs_solid_detector.cpp:331]   --->   Operation 204 'writeresp' 'empty_37' <Predicate = true> <Delay = 14.6> <CoreInst = "m_axi">   --->   Core 113 'm_axi' <Latency = 0> <II = 1> <Delay = 1.00> <Adapter> <Opcode : 'read' 'write' 'readreq' 'writereq' 'writeresp'>

State 56 <SV = 55> <Delay = 14.6>
ST_56 : Operation 205 [15/68] (14.6ns)   --->   "%empty_32 = writeresp i1 @_ssdm_op_WriteResp.m_axi.p1i256, i256 %gmem_addr" [detector_solid/abs_solid_detector.cpp:331]   --->   Operation 205 'writeresp' 'empty_32' <Predicate = true> <Delay = 14.6> <CoreInst = "m_axi">   --->   Core 113 'm_axi' <Latency = 0> <II = 1> <Delay = 1.00> <Adapter> <Opcode : 'read' 'write' 'readreq' 'writereq' 'writeresp'>
ST_56 : Operation 206 [16/68] (14.6ns)   --->   "%empty_37 = writeresp i1 @_ssdm_op_WriteResp.m_axi.p1i256, i256 %gmem_addr_1" [detector_solid/abs_solid_detector.cpp:331]   --->   Operation 206 'writeresp' 'empty_37' <Predicate = true> <Delay = 14.6> <CoreInst = "m_axi">   --->   Core 113 'm_axi' <Latency = 0> <II = 1> <Delay = 1.00> <Adapter> <Opcode : 'read' 'write' 'readreq' 'writereq' 'writeresp'>

State 57 <SV = 56> <Delay = 14.6>
ST_57 : Operation 207 [14/68] (14.6ns)   --->   "%empty_32 = writeresp i1 @_ssdm_op_WriteResp.m_axi.p1i256, i256 %gmem_addr" [detector_solid/abs_solid_detector.cpp:331]   --->   Operation 207 'writeresp' 'empty_32' <Predicate = true> <Delay = 14.6> <CoreInst = "m_axi">   --->   Core 113 'm_axi' <Latency = 0> <II = 1> <Delay = 1.00> <Adapter> <Opcode : 'read' 'write' 'readreq' 'writereq' 'writeresp'>
ST_57 : Operation 208 [15/68] (14.6ns)   --->   "%empty_37 = writeresp i1 @_ssdm_op_WriteResp.m_axi.p1i256, i256 %gmem_addr_1" [detector_solid/abs_solid_detector.cpp:331]   --->   Operation 208 'writeresp' 'empty_37' <Predicate = true> <Delay = 14.6> <CoreInst = "m_axi">   --->   Core 113 'm_axi' <Latency = 0> <II = 1> <Delay = 1.00> <Adapter> <Opcode : 'read' 'write' 'readreq' 'writereq' 'writeresp'>

State 58 <SV = 57> <Delay = 14.6>
ST_58 : Operation 209 [13/68] (14.6ns)   --->   "%empty_32 = writeresp i1 @_ssdm_op_WriteResp.m_axi.p1i256, i256 %gmem_addr" [detector_solid/abs_solid_detector.cpp:331]   --->   Operation 209 'writeresp' 'empty_32' <Predicate = true> <Delay = 14.6> <CoreInst = "m_axi">   --->   Core 113 'm_axi' <Latency = 0> <II = 1> <Delay = 1.00> <Adapter> <Opcode : 'read' 'write' 'readreq' 'writereq' 'writeresp'>
ST_58 : Operation 210 [14/68] (14.6ns)   --->   "%empty_37 = writeresp i1 @_ssdm_op_WriteResp.m_axi.p1i256, i256 %gmem_addr_1" [detector_solid/abs_solid_detector.cpp:331]   --->   Operation 210 'writeresp' 'empty_37' <Predicate = true> <Delay = 14.6> <CoreInst = "m_axi">   --->   Core 113 'm_axi' <Latency = 0> <II = 1> <Delay = 1.00> <Adapter> <Opcode : 'read' 'write' 'readreq' 'writereq' 'writeresp'>

State 59 <SV = 58> <Delay = 14.6>
ST_59 : Operation 211 [12/68] (14.6ns)   --->   "%empty_32 = writeresp i1 @_ssdm_op_WriteResp.m_axi.p1i256, i256 %gmem_addr" [detector_solid/abs_solid_detector.cpp:331]   --->   Operation 211 'writeresp' 'empty_32' <Predicate = true> <Delay = 14.6> <CoreInst = "m_axi">   --->   Core 113 'm_axi' <Latency = 0> <II = 1> <Delay = 1.00> <Adapter> <Opcode : 'read' 'write' 'readreq' 'writereq' 'writeresp'>
ST_59 : Operation 212 [13/68] (14.6ns)   --->   "%empty_37 = writeresp i1 @_ssdm_op_WriteResp.m_axi.p1i256, i256 %gmem_addr_1" [detector_solid/abs_solid_detector.cpp:331]   --->   Operation 212 'writeresp' 'empty_37' <Predicate = true> <Delay = 14.6> <CoreInst = "m_axi">   --->   Core 113 'm_axi' <Latency = 0> <II = 1> <Delay = 1.00> <Adapter> <Opcode : 'read' 'write' 'readreq' 'writereq' 'writeresp'>

State 60 <SV = 59> <Delay = 14.6>
ST_60 : Operation 213 [11/68] (14.6ns)   --->   "%empty_32 = writeresp i1 @_ssdm_op_WriteResp.m_axi.p1i256, i256 %gmem_addr" [detector_solid/abs_solid_detector.cpp:331]   --->   Operation 213 'writeresp' 'empty_32' <Predicate = true> <Delay = 14.6> <CoreInst = "m_axi">   --->   Core 113 'm_axi' <Latency = 0> <II = 1> <Delay = 1.00> <Adapter> <Opcode : 'read' 'write' 'readreq' 'writereq' 'writeresp'>
ST_60 : Operation 214 [12/68] (14.6ns)   --->   "%empty_37 = writeresp i1 @_ssdm_op_WriteResp.m_axi.p1i256, i256 %gmem_addr_1" [detector_solid/abs_solid_detector.cpp:331]   --->   Operation 214 'writeresp' 'empty_37' <Predicate = true> <Delay = 14.6> <CoreInst = "m_axi">   --->   Core 113 'm_axi' <Latency = 0> <II = 1> <Delay = 1.00> <Adapter> <Opcode : 'read' 'write' 'readreq' 'writereq' 'writeresp'>

State 61 <SV = 60> <Delay = 14.6>
ST_61 : Operation 215 [10/68] (14.6ns)   --->   "%empty_32 = writeresp i1 @_ssdm_op_WriteResp.m_axi.p1i256, i256 %gmem_addr" [detector_solid/abs_solid_detector.cpp:331]   --->   Operation 215 'writeresp' 'empty_32' <Predicate = true> <Delay = 14.6> <CoreInst = "m_axi">   --->   Core 113 'm_axi' <Latency = 0> <II = 1> <Delay = 1.00> <Adapter> <Opcode : 'read' 'write' 'readreq' 'writereq' 'writeresp'>
ST_61 : Operation 216 [11/68] (14.6ns)   --->   "%empty_37 = writeresp i1 @_ssdm_op_WriteResp.m_axi.p1i256, i256 %gmem_addr_1" [detector_solid/abs_solid_detector.cpp:331]   --->   Operation 216 'writeresp' 'empty_37' <Predicate = true> <Delay = 14.6> <CoreInst = "m_axi">   --->   Core 113 'm_axi' <Latency = 0> <II = 1> <Delay = 1.00> <Adapter> <Opcode : 'read' 'write' 'readreq' 'writereq' 'writeresp'>

State 62 <SV = 61> <Delay = 14.6>
ST_62 : Operation 217 [9/68] (14.6ns)   --->   "%empty_32 = writeresp i1 @_ssdm_op_WriteResp.m_axi.p1i256, i256 %gmem_addr" [detector_solid/abs_solid_detector.cpp:331]   --->   Operation 217 'writeresp' 'empty_32' <Predicate = true> <Delay = 14.6> <CoreInst = "m_axi">   --->   Core 113 'm_axi' <Latency = 0> <II = 1> <Delay = 1.00> <Adapter> <Opcode : 'read' 'write' 'readreq' 'writereq' 'writeresp'>
ST_62 : Operation 218 [10/68] (14.6ns)   --->   "%empty_37 = writeresp i1 @_ssdm_op_WriteResp.m_axi.p1i256, i256 %gmem_addr_1" [detector_solid/abs_solid_detector.cpp:331]   --->   Operation 218 'writeresp' 'empty_37' <Predicate = true> <Delay = 14.6> <CoreInst = "m_axi">   --->   Core 113 'm_axi' <Latency = 0> <II = 1> <Delay = 1.00> <Adapter> <Opcode : 'read' 'write' 'readreq' 'writereq' 'writeresp'>

State 63 <SV = 62> <Delay = 14.6>
ST_63 : Operation 219 [8/68] (14.6ns)   --->   "%empty_32 = writeresp i1 @_ssdm_op_WriteResp.m_axi.p1i256, i256 %gmem_addr" [detector_solid/abs_solid_detector.cpp:331]   --->   Operation 219 'writeresp' 'empty_32' <Predicate = true> <Delay = 14.6> <CoreInst = "m_axi">   --->   Core 113 'm_axi' <Latency = 0> <II = 1> <Delay = 1.00> <Adapter> <Opcode : 'read' 'write' 'readreq' 'writereq' 'writeresp'>
ST_63 : Operation 220 [9/68] (14.6ns)   --->   "%empty_37 = writeresp i1 @_ssdm_op_WriteResp.m_axi.p1i256, i256 %gmem_addr_1" [detector_solid/abs_solid_detector.cpp:331]   --->   Operation 220 'writeresp' 'empty_37' <Predicate = true> <Delay = 14.6> <CoreInst = "m_axi">   --->   Core 113 'm_axi' <Latency = 0> <II = 1> <Delay = 1.00> <Adapter> <Opcode : 'read' 'write' 'readreq' 'writereq' 'writeresp'>

State 64 <SV = 63> <Delay = 14.6>
ST_64 : Operation 221 [7/68] (14.6ns)   --->   "%empty_32 = writeresp i1 @_ssdm_op_WriteResp.m_axi.p1i256, i256 %gmem_addr" [detector_solid/abs_solid_detector.cpp:331]   --->   Operation 221 'writeresp' 'empty_32' <Predicate = true> <Delay = 14.6> <CoreInst = "m_axi">   --->   Core 113 'm_axi' <Latency = 0> <II = 1> <Delay = 1.00> <Adapter> <Opcode : 'read' 'write' 'readreq' 'writereq' 'writeresp'>
ST_64 : Operation 222 [8/68] (14.6ns)   --->   "%empty_37 = writeresp i1 @_ssdm_op_WriteResp.m_axi.p1i256, i256 %gmem_addr_1" [detector_solid/abs_solid_detector.cpp:331]   --->   Operation 222 'writeresp' 'empty_37' <Predicate = true> <Delay = 14.6> <CoreInst = "m_axi">   --->   Core 113 'm_axi' <Latency = 0> <II = 1> <Delay = 1.00> <Adapter> <Opcode : 'read' 'write' 'readreq' 'writereq' 'writeresp'>

State 65 <SV = 64> <Delay = 14.6>
ST_65 : Operation 223 [6/68] (14.6ns)   --->   "%empty_32 = writeresp i1 @_ssdm_op_WriteResp.m_axi.p1i256, i256 %gmem_addr" [detector_solid/abs_solid_detector.cpp:331]   --->   Operation 223 'writeresp' 'empty_32' <Predicate = true> <Delay = 14.6> <CoreInst = "m_axi">   --->   Core 113 'm_axi' <Latency = 0> <II = 1> <Delay = 1.00> <Adapter> <Opcode : 'read' 'write' 'readreq' 'writereq' 'writeresp'>
ST_65 : Operation 224 [7/68] (14.6ns)   --->   "%empty_37 = writeresp i1 @_ssdm_op_WriteResp.m_axi.p1i256, i256 %gmem_addr_1" [detector_solid/abs_solid_detector.cpp:331]   --->   Operation 224 'writeresp' 'empty_37' <Predicate = true> <Delay = 14.6> <CoreInst = "m_axi">   --->   Core 113 'm_axi' <Latency = 0> <II = 1> <Delay = 1.00> <Adapter> <Opcode : 'read' 'write' 'readreq' 'writereq' 'writeresp'>

State 66 <SV = 65> <Delay = 14.6>
ST_66 : Operation 225 [5/68] (14.6ns)   --->   "%empty_32 = writeresp i1 @_ssdm_op_WriteResp.m_axi.p1i256, i256 %gmem_addr" [detector_solid/abs_solid_detector.cpp:331]   --->   Operation 225 'writeresp' 'empty_32' <Predicate = true> <Delay = 14.6> <CoreInst = "m_axi">   --->   Core 113 'm_axi' <Latency = 0> <II = 1> <Delay = 1.00> <Adapter> <Opcode : 'read' 'write' 'readreq' 'writereq' 'writeresp'>
ST_66 : Operation 226 [6/68] (14.6ns)   --->   "%empty_37 = writeresp i1 @_ssdm_op_WriteResp.m_axi.p1i256, i256 %gmem_addr_1" [detector_solid/abs_solid_detector.cpp:331]   --->   Operation 226 'writeresp' 'empty_37' <Predicate = true> <Delay = 14.6> <CoreInst = "m_axi">   --->   Core 113 'm_axi' <Latency = 0> <II = 1> <Delay = 1.00> <Adapter> <Opcode : 'read' 'write' 'readreq' 'writereq' 'writeresp'>

State 67 <SV = 66> <Delay = 14.6>
ST_67 : Operation 227 [4/68] (14.6ns)   --->   "%empty_32 = writeresp i1 @_ssdm_op_WriteResp.m_axi.p1i256, i256 %gmem_addr" [detector_solid/abs_solid_detector.cpp:331]   --->   Operation 227 'writeresp' 'empty_32' <Predicate = true> <Delay = 14.6> <CoreInst = "m_axi">   --->   Core 113 'm_axi' <Latency = 0> <II = 1> <Delay = 1.00> <Adapter> <Opcode : 'read' 'write' 'readreq' 'writereq' 'writeresp'>
ST_67 : Operation 228 [5/68] (14.6ns)   --->   "%empty_37 = writeresp i1 @_ssdm_op_WriteResp.m_axi.p1i256, i256 %gmem_addr_1" [detector_solid/abs_solid_detector.cpp:331]   --->   Operation 228 'writeresp' 'empty_37' <Predicate = true> <Delay = 14.6> <CoreInst = "m_axi">   --->   Core 113 'm_axi' <Latency = 0> <II = 1> <Delay = 1.00> <Adapter> <Opcode : 'read' 'write' 'readreq' 'writereq' 'writeresp'>

State 68 <SV = 67> <Delay = 14.6>
ST_68 : Operation 229 [3/68] (14.6ns)   --->   "%empty_32 = writeresp i1 @_ssdm_op_WriteResp.m_axi.p1i256, i256 %gmem_addr" [detector_solid/abs_solid_detector.cpp:331]   --->   Operation 229 'writeresp' 'empty_32' <Predicate = true> <Delay = 14.6> <CoreInst = "m_axi">   --->   Core 113 'm_axi' <Latency = 0> <II = 1> <Delay = 1.00> <Adapter> <Opcode : 'read' 'write' 'readreq' 'writereq' 'writeresp'>
ST_68 : Operation 230 [4/68] (14.6ns)   --->   "%empty_37 = writeresp i1 @_ssdm_op_WriteResp.m_axi.p1i256, i256 %gmem_addr_1" [detector_solid/abs_solid_detector.cpp:331]   --->   Operation 230 'writeresp' 'empty_37' <Predicate = true> <Delay = 14.6> <CoreInst = "m_axi">   --->   Core 113 'm_axi' <Latency = 0> <II = 1> <Delay = 1.00> <Adapter> <Opcode : 'read' 'write' 'readreq' 'writereq' 'writeresp'>

State 69 <SV = 68> <Delay = 14.6>
ST_69 : Operation 231 [2/68] (14.6ns)   --->   "%empty_32 = writeresp i1 @_ssdm_op_WriteResp.m_axi.p1i256, i256 %gmem_addr" [detector_solid/abs_solid_detector.cpp:331]   --->   Operation 231 'writeresp' 'empty_32' <Predicate = true> <Delay = 14.6> <CoreInst = "m_axi">   --->   Core 113 'm_axi' <Latency = 0> <II = 1> <Delay = 1.00> <Adapter> <Opcode : 'read' 'write' 'readreq' 'writereq' 'writeresp'>
ST_69 : Operation 232 [3/68] (14.6ns)   --->   "%empty_37 = writeresp i1 @_ssdm_op_WriteResp.m_axi.p1i256, i256 %gmem_addr_1" [detector_solid/abs_solid_detector.cpp:331]   --->   Operation 232 'writeresp' 'empty_37' <Predicate = true> <Delay = 14.6> <CoreInst = "m_axi">   --->   Core 113 'm_axi' <Latency = 0> <II = 1> <Delay = 1.00> <Adapter> <Opcode : 'read' 'write' 'readreq' 'writereq' 'writeresp'>

State 70 <SV = 69> <Delay = 14.6>
ST_70 : Operation 233 [1/68] (14.6ns)   --->   "%empty_32 = writeresp i1 @_ssdm_op_WriteResp.m_axi.p1i256, i256 %gmem_addr" [detector_solid/abs_solid_detector.cpp:331]   --->   Operation 233 'writeresp' 'empty_32' <Predicate = true> <Delay = 14.6> <CoreInst = "m_axi">   --->   Core 113 'm_axi' <Latency = 0> <II = 1> <Delay = 1.00> <Adapter> <Opcode : 'read' 'write' 'readreq' 'writereq' 'writeresp'>
ST_70 : Operation 234 [2/68] (14.6ns)   --->   "%empty_37 = writeresp i1 @_ssdm_op_WriteResp.m_axi.p1i256, i256 %gmem_addr_1" [detector_solid/abs_solid_detector.cpp:331]   --->   Operation 234 'writeresp' 'empty_37' <Predicate = true> <Delay = 14.6> <CoreInst = "m_axi">   --->   Core 113 'm_axi' <Latency = 0> <II = 1> <Delay = 1.00> <Adapter> <Opcode : 'read' 'write' 'readreq' 'writereq' 'writeresp'>

State 71 <SV = 70> <Delay = 14.6>
ST_71 : Operation 235 [1/1] (0.00ns)   --->   "%specinterface_ln0 = specinterface void @_ssdm_op_SpecInterface, i256 %gmem, void @empty_6, i32 0, i32 0, void @empty_7, i32 64, i32 0, void @empty_8, void @empty_9, void @empty_7, i32 16, i32 16, i32 16, i32 16, void @empty_7, void @empty_7, i32 4294967295, i32 0"   --->   Operation 235 'specinterface' 'specinterface_ln0' <Predicate = true> <Delay = 0.00>
ST_71 : Operation 236 [1/68] (14.6ns)   --->   "%empty_37 = writeresp i1 @_ssdm_op_WriteResp.m_axi.p1i256, i256 %gmem_addr_1" [detector_solid/abs_solid_detector.cpp:331]   --->   Operation 236 'writeresp' 'empty_37' <Predicate = true> <Delay = 14.6> <CoreInst = "m_axi">   --->   Core 113 'm_axi' <Latency = 0> <II = 1> <Delay = 1.00> <Adapter> <Opcode : 'read' 'write' 'readreq' 'writereq' 'writeresp'>
ST_71 : Operation 237 [1/1] (0.00ns)   --->   "%ret_ln339 = ret" [detector_solid/abs_solid_detector.cpp:339]   --->   Operation 237 'ret' 'ret_ln339' <Predicate = true> <Delay = 0.00>


============================================================
+ Verbose Summary: Timing violations
============================================================
Target clock period: 20ns, clock uncertainty: 5.4ns.

 <State 1>: 14.6ns
The critical path consists of the following:
	wire read operation ('outcomeptr', detector_solid/abs_solid_detector.cpp:331) on port 'outcomeptr' (detector_solid/abs_solid_detector.cpp:331) [6]  (0 ns)
	'getelementptr' operation ('gmem_addr', detector_solid/abs_solid_detector.cpp:331) [18]  (0 ns)
	bus request operation ('empty_31', detector_solid/abs_solid_detector.cpp:331) on port 'gmem' (detector_solid/abs_solid_detector.cpp:331) [19]  (14.6 ns)

 <State 2>: 14.6ns
The critical path consists of the following:
	bus write operation ('write_ln331', detector_solid/abs_solid_detector.cpp:331) on port 'gmem' (detector_solid/abs_solid_detector.cpp:331) [20]  (14.6 ns)

 <State 3>: 14.6ns
The critical path consists of the following:
	bus response operation ('empty_32', detector_solid/abs_solid_detector.cpp:331) on port 'gmem' (detector_solid/abs_solid_detector.cpp:331) [21]  (14.6 ns)

 <State 4>: 14.6ns
The critical path consists of the following:
	bus response operation ('empty_32', detector_solid/abs_solid_detector.cpp:331) on port 'gmem' (detector_solid/abs_solid_detector.cpp:331) [21]  (14.6 ns)

 <State 5>: 14.6ns
The critical path consists of the following:
	bus response operation ('empty_32', detector_solid/abs_solid_detector.cpp:331) on port 'gmem' (detector_solid/abs_solid_detector.cpp:331) [21]  (14.6 ns)

 <State 6>: 14.6ns
The critical path consists of the following:
	bus response operation ('empty_32', detector_solid/abs_solid_detector.cpp:331) on port 'gmem' (detector_solid/abs_solid_detector.cpp:331) [21]  (14.6 ns)

 <State 7>: 14.6ns
The critical path consists of the following:
	bus response operation ('empty_32', detector_solid/abs_solid_detector.cpp:331) on port 'gmem' (detector_solid/abs_solid_detector.cpp:331) [21]  (14.6 ns)

 <State 8>: 14.6ns
The critical path consists of the following:
	bus response operation ('empty_32', detector_solid/abs_solid_detector.cpp:331) on port 'gmem' (detector_solid/abs_solid_detector.cpp:331) [21]  (14.6 ns)

 <State 9>: 14.6ns
The critical path consists of the following:
	bus response operation ('empty_32', detector_solid/abs_solid_detector.cpp:331) on port 'gmem' (detector_solid/abs_solid_detector.cpp:331) [21]  (14.6 ns)

 <State 10>: 14.6ns
The critical path consists of the following:
	bus response operation ('empty_32', detector_solid/abs_solid_detector.cpp:331) on port 'gmem' (detector_solid/abs_solid_detector.cpp:331) [21]  (14.6 ns)

 <State 11>: 14.6ns
The critical path consists of the following:
	bus response operation ('empty_32', detector_solid/abs_solid_detector.cpp:331) on port 'gmem' (detector_solid/abs_solid_detector.cpp:331) [21]  (14.6 ns)

 <State 12>: 14.6ns
The critical path consists of the following:
	bus response operation ('empty_32', detector_solid/abs_solid_detector.cpp:331) on port 'gmem' (detector_solid/abs_solid_detector.cpp:331) [21]  (14.6 ns)

 <State 13>: 14.6ns
The critical path consists of the following:
	bus response operation ('empty_32', detector_solid/abs_solid_detector.cpp:331) on port 'gmem' (detector_solid/abs_solid_detector.cpp:331) [21]  (14.6 ns)

 <State 14>: 14.6ns
The critical path consists of the following:
	bus response operation ('empty_32', detector_solid/abs_solid_detector.cpp:331) on port 'gmem' (detector_solid/abs_solid_detector.cpp:331) [21]  (14.6 ns)

 <State 15>: 14.6ns
The critical path consists of the following:
	bus response operation ('empty_32', detector_solid/abs_solid_detector.cpp:331) on port 'gmem' (detector_solid/abs_solid_detector.cpp:331) [21]  (14.6 ns)

 <State 16>: 14.6ns
The critical path consists of the following:
	bus response operation ('empty_32', detector_solid/abs_solid_detector.cpp:331) on port 'gmem' (detector_solid/abs_solid_detector.cpp:331) [21]  (14.6 ns)

 <State 17>: 14.6ns
The critical path consists of the following:
	bus response operation ('empty_32', detector_solid/abs_solid_detector.cpp:331) on port 'gmem' (detector_solid/abs_solid_detector.cpp:331) [21]  (14.6 ns)

 <State 18>: 14.6ns
The critical path consists of the following:
	bus response operation ('empty_32', detector_solid/abs_solid_detector.cpp:331) on port 'gmem' (detector_solid/abs_solid_detector.cpp:331) [21]  (14.6 ns)

 <State 19>: 14.6ns
The critical path consists of the following:
	bus response operation ('empty_32', detector_solid/abs_solid_detector.cpp:331) on port 'gmem' (detector_solid/abs_solid_detector.cpp:331) [21]  (14.6 ns)

 <State 20>: 14.6ns
The critical path consists of the following:
	bus response operation ('empty_32', detector_solid/abs_solid_detector.cpp:331) on port 'gmem' (detector_solid/abs_solid_detector.cpp:331) [21]  (14.6 ns)

 <State 21>: 14.6ns
The critical path consists of the following:
	bus response operation ('empty_32', detector_solid/abs_solid_detector.cpp:331) on port 'gmem' (detector_solid/abs_solid_detector.cpp:331) [21]  (14.6 ns)

 <State 22>: 14.6ns
The critical path consists of the following:
	bus response operation ('empty_32', detector_solid/abs_solid_detector.cpp:331) on port 'gmem' (detector_solid/abs_solid_detector.cpp:331) [21]  (14.6 ns)

 <State 23>: 14.6ns
The critical path consists of the following:
	bus response operation ('empty_32', detector_solid/abs_solid_detector.cpp:331) on port 'gmem' (detector_solid/abs_solid_detector.cpp:331) [21]  (14.6 ns)

 <State 24>: 14.6ns
The critical path consists of the following:
	bus response operation ('empty_32', detector_solid/abs_solid_detector.cpp:331) on port 'gmem' (detector_solid/abs_solid_detector.cpp:331) [21]  (14.6 ns)

 <State 25>: 14.6ns
The critical path consists of the following:
	bus response operation ('empty_32', detector_solid/abs_solid_detector.cpp:331) on port 'gmem' (detector_solid/abs_solid_detector.cpp:331) [21]  (14.6 ns)

 <State 26>: 14.6ns
The critical path consists of the following:
	bus response operation ('empty_32', detector_solid/abs_solid_detector.cpp:331) on port 'gmem' (detector_solid/abs_solid_detector.cpp:331) [21]  (14.6 ns)

 <State 27>: 14.6ns
The critical path consists of the following:
	bus response operation ('empty_32', detector_solid/abs_solid_detector.cpp:331) on port 'gmem' (detector_solid/abs_solid_detector.cpp:331) [21]  (14.6 ns)

 <State 28>: 14.6ns
The critical path consists of the following:
	bus response operation ('empty_32', detector_solid/abs_solid_detector.cpp:331) on port 'gmem' (detector_solid/abs_solid_detector.cpp:331) [21]  (14.6 ns)

 <State 29>: 14.6ns
The critical path consists of the following:
	bus response operation ('empty_32', detector_solid/abs_solid_detector.cpp:331) on port 'gmem' (detector_solid/abs_solid_detector.cpp:331) [21]  (14.6 ns)

 <State 30>: 14.6ns
The critical path consists of the following:
	bus response operation ('empty_32', detector_solid/abs_solid_detector.cpp:331) on port 'gmem' (detector_solid/abs_solid_detector.cpp:331) [21]  (14.6 ns)

 <State 31>: 14.6ns
The critical path consists of the following:
	bus response operation ('empty_32', detector_solid/abs_solid_detector.cpp:331) on port 'gmem' (detector_solid/abs_solid_detector.cpp:331) [21]  (14.6 ns)

 <State 32>: 14.6ns
The critical path consists of the following:
	bus response operation ('empty_32', detector_solid/abs_solid_detector.cpp:331) on port 'gmem' (detector_solid/abs_solid_detector.cpp:331) [21]  (14.6 ns)

 <State 33>: 14.6ns
The critical path consists of the following:
	bus response operation ('empty_32', detector_solid/abs_solid_detector.cpp:331) on port 'gmem' (detector_solid/abs_solid_detector.cpp:331) [21]  (14.6 ns)

 <State 34>: 14.6ns
The critical path consists of the following:
	bus response operation ('empty_32', detector_solid/abs_solid_detector.cpp:331) on port 'gmem' (detector_solid/abs_solid_detector.cpp:331) [21]  (14.6 ns)

 <State 35>: 14.6ns
The critical path consists of the following:
	bus response operation ('empty_32', detector_solid/abs_solid_detector.cpp:331) on port 'gmem' (detector_solid/abs_solid_detector.cpp:331) [21]  (14.6 ns)

 <State 36>: 14.6ns
The critical path consists of the following:
	bus response operation ('empty_32', detector_solid/abs_solid_detector.cpp:331) on port 'gmem' (detector_solid/abs_solid_detector.cpp:331) [21]  (14.6 ns)

 <State 37>: 14.6ns
The critical path consists of the following:
	bus response operation ('empty_32', detector_solid/abs_solid_detector.cpp:331) on port 'gmem' (detector_solid/abs_solid_detector.cpp:331) [21]  (14.6 ns)

 <State 38>: 14.6ns
The critical path consists of the following:
	bus response operation ('empty_32', detector_solid/abs_solid_detector.cpp:331) on port 'gmem' (detector_solid/abs_solid_detector.cpp:331) [21]  (14.6 ns)

 <State 39>: 14.6ns
The critical path consists of the following:
	bus response operation ('empty_32', detector_solid/abs_solid_detector.cpp:331) on port 'gmem' (detector_solid/abs_solid_detector.cpp:331) [21]  (14.6 ns)

 <State 40>: 14.6ns
The critical path consists of the following:
	bus response operation ('empty_32', detector_solid/abs_solid_detector.cpp:331) on port 'gmem' (detector_solid/abs_solid_detector.cpp:331) [21]  (14.6 ns)

 <State 41>: 14.6ns
The critical path consists of the following:
	bus response operation ('empty_32', detector_solid/abs_solid_detector.cpp:331) on port 'gmem' (detector_solid/abs_solid_detector.cpp:331) [21]  (14.6 ns)

 <State 42>: 14.6ns
The critical path consists of the following:
	bus response operation ('empty_32', detector_solid/abs_solid_detector.cpp:331) on port 'gmem' (detector_solid/abs_solid_detector.cpp:331) [21]  (14.6 ns)

 <State 43>: 14.6ns
The critical path consists of the following:
	bus response operation ('empty_32', detector_solid/abs_solid_detector.cpp:331) on port 'gmem' (detector_solid/abs_solid_detector.cpp:331) [21]  (14.6 ns)

 <State 44>: 14.6ns
The critical path consists of the following:
	bus response operation ('empty_32', detector_solid/abs_solid_detector.cpp:331) on port 'gmem' (detector_solid/abs_solid_detector.cpp:331) [21]  (14.6 ns)

 <State 45>: 14.6ns
The critical path consists of the following:
	bus response operation ('empty_32', detector_solid/abs_solid_detector.cpp:331) on port 'gmem' (detector_solid/abs_solid_detector.cpp:331) [21]  (14.6 ns)

 <State 46>: 14.6ns
The critical path consists of the following:
	bus response operation ('empty_32', detector_solid/abs_solid_detector.cpp:331) on port 'gmem' (detector_solid/abs_solid_detector.cpp:331) [21]  (14.6 ns)

 <State 47>: 14.6ns
The critical path consists of the following:
	bus response operation ('empty_32', detector_solid/abs_solid_detector.cpp:331) on port 'gmem' (detector_solid/abs_solid_detector.cpp:331) [21]  (14.6 ns)

 <State 48>: 14.6ns
The critical path consists of the following:
	bus response operation ('empty_32', detector_solid/abs_solid_detector.cpp:331) on port 'gmem' (detector_solid/abs_solid_detector.cpp:331) [21]  (14.6 ns)

 <State 49>: 14.6ns
The critical path consists of the following:
	bus response operation ('empty_32', detector_solid/abs_solid_detector.cpp:331) on port 'gmem' (detector_solid/abs_solid_detector.cpp:331) [21]  (14.6 ns)

 <State 50>: 14.6ns
The critical path consists of the following:
	bus response operation ('empty_32', detector_solid/abs_solid_detector.cpp:331) on port 'gmem' (detector_solid/abs_solid_detector.cpp:331) [21]  (14.6 ns)

 <State 51>: 14.6ns
The critical path consists of the following:
	bus response operation ('empty_32', detector_solid/abs_solid_detector.cpp:331) on port 'gmem' (detector_solid/abs_solid_detector.cpp:331) [21]  (14.6 ns)

 <State 52>: 14.6ns
The critical path consists of the following:
	bus response operation ('empty_32', detector_solid/abs_solid_detector.cpp:331) on port 'gmem' (detector_solid/abs_solid_detector.cpp:331) [21]  (14.6 ns)

 <State 53>: 14.6ns
The critical path consists of the following:
	bus response operation ('empty_32', detector_solid/abs_solid_detector.cpp:331) on port 'gmem' (detector_solid/abs_solid_detector.cpp:331) [21]  (14.6 ns)

 <State 54>: 14.6ns
The critical path consists of the following:
	bus response operation ('empty_32', detector_solid/abs_solid_detector.cpp:331) on port 'gmem' (detector_solid/abs_solid_detector.cpp:331) [21]  (14.6 ns)

 <State 55>: 14.6ns
The critical path consists of the following:
	bus response operation ('empty_32', detector_solid/abs_solid_detector.cpp:331) on port 'gmem' (detector_solid/abs_solid_detector.cpp:331) [21]  (14.6 ns)

 <State 56>: 14.6ns
The critical path consists of the following:
	bus response operation ('empty_32', detector_solid/abs_solid_detector.cpp:331) on port 'gmem' (detector_solid/abs_solid_detector.cpp:331) [21]  (14.6 ns)

 <State 57>: 14.6ns
The critical path consists of the following:
	bus response operation ('empty_32', detector_solid/abs_solid_detector.cpp:331) on port 'gmem' (detector_solid/abs_solid_detector.cpp:331) [21]  (14.6 ns)

 <State 58>: 14.6ns
The critical path consists of the following:
	bus response operation ('empty_32', detector_solid/abs_solid_detector.cpp:331) on port 'gmem' (detector_solid/abs_solid_detector.cpp:331) [21]  (14.6 ns)

 <State 59>: 14.6ns
The critical path consists of the following:
	bus response operation ('empty_32', detector_solid/abs_solid_detector.cpp:331) on port 'gmem' (detector_solid/abs_solid_detector.cpp:331) [21]  (14.6 ns)

 <State 60>: 14.6ns
The critical path consists of the following:
	bus response operation ('empty_32', detector_solid/abs_solid_detector.cpp:331) on port 'gmem' (detector_solid/abs_solid_detector.cpp:331) [21]  (14.6 ns)

 <State 61>: 14.6ns
The critical path consists of the following:
	bus response operation ('empty_32', detector_solid/abs_solid_detector.cpp:331) on port 'gmem' (detector_solid/abs_solid_detector.cpp:331) [21]  (14.6 ns)

 <State 62>: 14.6ns
The critical path consists of the following:
	bus response operation ('empty_32', detector_solid/abs_solid_detector.cpp:331) on port 'gmem' (detector_solid/abs_solid_detector.cpp:331) [21]  (14.6 ns)

 <State 63>: 14.6ns
The critical path consists of the following:
	bus response operation ('empty_32', detector_solid/abs_solid_detector.cpp:331) on port 'gmem' (detector_solid/abs_solid_detector.cpp:331) [21]  (14.6 ns)

 <State 64>: 14.6ns
The critical path consists of the following:
	bus response operation ('empty_32', detector_solid/abs_solid_detector.cpp:331) on port 'gmem' (detector_solid/abs_solid_detector.cpp:331) [21]  (14.6 ns)

 <State 65>: 14.6ns
The critical path consists of the following:
	bus response operation ('empty_32', detector_solid/abs_solid_detector.cpp:331) on port 'gmem' (detector_solid/abs_solid_detector.cpp:331) [21]  (14.6 ns)

 <State 66>: 14.6ns
The critical path consists of the following:
	bus response operation ('empty_32', detector_solid/abs_solid_detector.cpp:331) on port 'gmem' (detector_solid/abs_solid_detector.cpp:331) [21]  (14.6 ns)

 <State 67>: 14.6ns
The critical path consists of the following:
	bus response operation ('empty_32', detector_solid/abs_solid_detector.cpp:331) on port 'gmem' (detector_solid/abs_solid_detector.cpp:331) [21]  (14.6 ns)

 <State 68>: 14.6ns
The critical path consists of the following:
	bus response operation ('empty_32', detector_solid/abs_solid_detector.cpp:331) on port 'gmem' (detector_solid/abs_solid_detector.cpp:331) [21]  (14.6 ns)

 <State 69>: 14.6ns
The critical path consists of the following:
	bus response operation ('empty_32', detector_solid/abs_solid_detector.cpp:331) on port 'gmem' (detector_solid/abs_solid_detector.cpp:331) [21]  (14.6 ns)

 <State 70>: 14.6ns
The critical path consists of the following:
	bus response operation ('empty_32', detector_solid/abs_solid_detector.cpp:331) on port 'gmem' (detector_solid/abs_solid_detector.cpp:331) [21]  (14.6 ns)

 <State 71>: 14.6ns
The critical path consists of the following:
	bus response operation ('empty_37', detector_solid/abs_solid_detector.cpp:331) on port 'gmem' (detector_solid/abs_solid_detector.cpp:331) [34]  (14.6 ns)


============================================================
+ Verbose Summary: Binding
============================================================
N/A
* FSMD analyzer results:
  - Output states:
 - Input state : 
  - Chain level:
	State 1
	State 2
	State 3
	State 4
	State 5
	State 6
	State 7
	State 8
	State 9
	State 10
	State 11
	State 12
	State 13
	State 14
	State 15
	State 16
	State 17
	State 18
	State 19
	State 20
	State 21
	State 22
	State 23
	State 24
	State 25
	State 26
	State 27
	State 28
	State 29
	State 30
	State 31
	State 32
	State 33
	State 34
	State 35
	State 36
	State 37
	State 38
	State 39
	State 40
	State 41
	State 42
	State 43
	State 44
	State 45
	State 46
	State 47
	State 48
	State 49
	State 50
	State 51
	State 52
	State 53
	State 54
	State 55
	State 56
	State 57
	State 58
	State 59
	State 60
	State 61
	State 62
	State 63
	State 64
	State 65
	State 66
	State 67
	State 68
	State 69
	State 70
	State 71


============================================================
+ Verbose Summary: Datapath Resource usage 
============================================================
N/A
