

================================================================
== Vitis HLS Report for 'writeOutcome'
================================================================
* Date:           Mon Sep 19 22:55:13 2022

* Version:        2021.2 (Build 3367213 on Tue Oct 19 02:48:09 MDT 2021)
* Project:        detector_solid
* Solution:       solution1 (Vitis Kernel Flow Target)
* Product family: zynq
* Target device:  xc7z020-clg484-1


================================================================
== Performance Estimates
================================================================
+ Timing: 
    * Summary: 
    +--------+----------+-----------+------------+
    |  Clock |  Target  | Estimated | Uncertainty|
    +--------+----------+-----------+------------+
    |ap_clk  |  20.00 ns|  14.600 ns|     5.40 ns|
    +--------+----------+-----------+------------+

+ Latency: 
    * Summary: 
    +---------+---------+----------+----------+-----+-----+---------+
    |  Latency (cycles) |  Latency (absolute) |  Interval | Pipeline|
    |   min   |   max   |    min   |    max   | min | max |   Type  |
    +---------+---------+----------+----------+-----+-----+---------+
    |       70|       70|  1.400 us|  1.400 us|    8|    8|      yes|
    +---------+---------+----------+----------+-----+-----+---------+

    + Detail: 
        * Instance: 
        N/A

        * Loop: 
        N/A

============================================================
+ Verbose Summary: Synthesis Manager
============================================================
InlineROM: 1
ExposeGlobal: 0
============================================================
+ Verbose Summary: CDFG Model
============================================================
IsTopModel: 0
ResetActiveHigh: 1
IsCombinational: 2
IsDatapathOnly: 0
HasWiredReturn: 1
HasMFsm: 2
HasVarLatency: 0
IsPipeline: 1
IsRtlPipelined: 1
IsInstanceOverlapped: 0
IsDontTouch: 0
HasImplIP: 0
IsGatedGlobalClock: 0

+ Individual pipeline summary: 
  * Pipeline-0: initiation interval (II) = 8, depth = 71


============================================================
+ Verbose Summary: Schedule
============================================================
* Number of FSM states : 71
* Pipeline : 1
  Pipeline-0 : II = 8, D = 71, States = { 1 2 3 4 5 6 7 8 9 10 11 12 13 14 15 16 17 18 19 20 21 22 23 24 25 26 27 28 29 30 31 32 33 34 35 36 37 38 39 40 41 42 43 44 45 46 47 48 49 50 51 52 53 54 55 56 57 58 59 60 61 62 63 64 65 66 67 68 69 70 71 }
* Dataflow Pipeline: 0

* FSM state transitions: 
1 --> 2 
2 --> 3 
3 --> 4 
4 --> 5 
5 --> 6 
6 --> 7 
7 --> 8 
8 --> 9 
9 --> 10 
10 --> 11 
11 --> 12 
12 --> 13 
13 --> 14 
14 --> 15 
15 --> 16 
16 --> 17 
17 --> 18 
18 --> 19 
19 --> 20 
20 --> 21 
21 --> 22 
22 --> 23 
23 --> 24 
24 --> 25 
25 --> 26 
26 --> 27 
27 --> 28 
28 --> 29 
29 --> 30 
30 --> 31 
31 --> 32 
32 --> 33 
33 --> 34 
34 --> 35 
35 --> 36 
36 --> 37 
37 --> 38 
38 --> 39 
39 --> 40 
40 --> 41 
41 --> 42 
42 --> 43 
43 --> 44 
44 --> 45 
45 --> 46 
46 --> 47 
47 --> 48 
48 --> 49 
49 --> 50 
50 --> 51 
51 --> 52 
52 --> 53 
53 --> 54 
54 --> 55 
55 --> 56 
56 --> 57 
57 --> 58 
58 --> 59 
59 --> 60 
60 --> 61 
61 --> 62 
62 --> 63 
63 --> 64 
64 --> 65 
65 --> 66 
66 --> 67 
67 --> 68 
68 --> 69 
69 --> 70 
70 --> 71 
71 --> 

* FSM state operations: 

State 1 <SV = 0> <Delay = 7.32>
ST_1 : Operation 72 [1/1] (0.00ns)   --->   "%specinterface_ln0 = specinterface void @_ssdm_op_SpecInterface, i64 %outcomeInRam, void @ap_fifo_str, i32 0, i32 0, void @p_str, i32 0, i32 0, void @p_str, void @p_str, void @p_str, i32 2, i32 2, i32 16, i32 16, void @p_str, void @ScalarProp_str"   --->   Operation 72 'specinterface' 'specinterface_ln0' <Predicate = true> <Delay = 0.00>
ST_1 : Operation 73 [1/1] (3.63ns)   --->   "%p_read_1 = read i1 @_ssdm_op_Read.ap_auto.i1, i1 %p_read"   --->   Operation 73 'read' 'p_read_1' <Predicate = true> <Delay = 3.63> <CoreInst = "FIFO_SRL">   --->   Core 81 'FIFO_SRL' <Latency = 0> <II = 1> <Delay = 3.63> <Storage> <Opcode : 'read' 'write' 'nbread' 'nbwrite'> <Ports = 0> <Width = 1> <Depth = -1> <FIFO>
ST_1 : Operation 74 [1/1] (3.63ns)   --->   "%outcomeInRam_read = read i64 @_ssdm_op_Read.ap_fifo.i64P0A, i64 %outcomeInRam"   --->   Operation 74 'read' 'outcomeInRam_read' <Predicate = true> <Delay = 3.63> <CoreInst = "FIFO_SRL">   --->   Core 81 'FIFO_SRL' <Latency = 0> <II = 1> <Delay = 3.63> <Storage> <Opcode : 'read' 'write' 'nbread' 'nbwrite'> <Ports = 0> <Width = 64> <Depth = 4> <FIFO>
ST_1 : Operation 75 [1/1] (0.00ns)   --->   "%specinterface_ln0 = specinterface void @_ssdm_op_SpecInterface, i16 %contr_taskId, void @ap_fifo_str, i32 0, i32 0, void @p_str, i32 0, i32 0, void @p_str, void @p_str, void @p_str, i32 2, i32 2, i32 16, i32 16, void @p_str, void @ScalarProp_str"   --->   Operation 75 'specinterface' 'specinterface_ln0' <Predicate = true> <Delay = 0.00>
ST_1 : Operation 76 [1/1] (3.63ns)   --->   "%contr_taskId_read = read i16 @_ssdm_op_Read.ap_fifo.i16P0A, i16 %contr_taskId" [detector_solid/abs_solid_detector.cpp:348->detector_solid/abs_solid_detector.cpp:390]   --->   Operation 76 'read' 'contr_taskId_read' <Predicate = true> <Delay = 3.63> <CoreInst = "FIFO_SRL">   --->   Core 81 'FIFO_SRL' <Latency = 0> <II = 1> <Delay = 3.63> <Storage> <Opcode : 'read' 'write' 'nbread' 'nbwrite'> <Ports = 0> <Width = 16> <Depth = 2> <FIFO>
ST_1 : Operation 77 [1/1] (0.00ns)   --->   "%specinterface_ln0 = specinterface void @_ssdm_op_SpecInterface, i32 %gmem, void @empty_15, i32 0, i32 0, void @empty_8, i32 64, i32 0, void @empty_16, void @empty, void @empty_8, i32 16, i32 16, i32 16, i32 16, void @empty_8, void @empty_8"   --->   Operation 77 'specinterface' 'specinterface_ln0' <Predicate = true> <Delay = 0.00>
ST_1 : Operation 78 [1/1] (0.00ns)   --->   "%specinterface_ln0 = specinterface void @_ssdm_op_SpecInterface, i8 %toScheduler, void @empty_10, i32 0, i32 0, void @empty_12, i32 0, i32 0, void @empty_8, void @empty_8, void @empty_8, i32 0, i32 0, i32 0, i32 0, void @empty_8, void @empty_8"   --->   Operation 78 'specinterface' 'specinterface_ln0' <Predicate = true> <Delay = 0.00>
ST_1 : Operation 79 [1/1] (0.00ns)   --->   "%specpipeline_ln348 = specpipeline void @_ssdm_op_SpecPipeline, i32 8, i32 0, i32 0, i32 0, void @empty_8" [detector_solid/abs_solid_detector.cpp:348->detector_solid/abs_solid_detector.cpp:390]   --->   Operation 79 'specpipeline' 'specpipeline_ln348' <Predicate = true> <Delay = 0.00>
ST_1 : Operation 80 [1/1] (0.00ns)   --->   "%br_ln356 = br i1 %p_read_1, void %writeOutcome.exit, void" [detector_solid/abs_solid_detector.cpp:356->detector_solid/abs_solid_detector.cpp:390]   --->   Operation 80 'br' 'br_ln356' <Predicate = true> <Delay = 0.00>
ST_1 : Operation 81 [1/1] (0.00ns)   --->   "%trunc_ln70 = trunc i16 %contr_taskId_read"   --->   Operation 81 'trunc' 'trunc_ln70' <Predicate = (p_read_1)> <Delay = 0.00>
ST_1 : Operation 82 [1/1] (0.00ns)   --->   "%shl_ln = bitconcatenate i17 @_ssdm_op_BitConcatenate.i17.i16.i1, i16 %contr_taskId_read, i1 0" [detector_solid/abs_solid_detector.cpp:358->detector_solid/abs_solid_detector.cpp:390]   --->   Operation 82 'bitconcatenate' 'shl_ln' <Predicate = true> <Delay = 0.00>
ST_1 : Operation 83 [1/1] (0.00ns)   --->   "%sext_ln358 = sext i17 %shl_ln" [detector_solid/abs_solid_detector.cpp:358->detector_solid/abs_solid_detector.cpp:390]   --->   Operation 83 'sext' 'sext_ln358' <Predicate = true> <Delay = 0.00>
ST_1 : Operation 84 [1/1] (0.00ns)   --->   "%trunc_ln358 = trunc i64 %outcomeInRam_read" [detector_solid/abs_solid_detector.cpp:358->detector_solid/abs_solid_detector.cpp:390]   --->   Operation 84 'trunc' 'trunc_ln358' <Predicate = true> <Delay = 0.00>
ST_1 : Operation 85 [1/1] (0.00ns)   --->   "%trunc_ln358_2 = trunc i16 %contr_taskId_read" [detector_solid/abs_solid_detector.cpp:358->detector_solid/abs_solid_detector.cpp:390]   --->   Operation 85 'trunc' 'trunc_ln358_2' <Predicate = true> <Delay = 0.00>
ST_1 : Operation 86 [1/1] (0.00ns)   --->   "%trunc_ln358_1 = bitconcatenate i2 @_ssdm_op_BitConcatenate.i2.i1.i1, i1 %trunc_ln358_2, i1 0" [detector_solid/abs_solid_detector.cpp:358->detector_solid/abs_solid_detector.cpp:390]   --->   Operation 86 'bitconcatenate' 'trunc_ln358_1' <Predicate = true> <Delay = 0.00>
ST_1 : Operation 87 [1/1] (3.52ns)   --->   "%add_ln358 = add i64 %outcomeInRam_read, i64 %sext_ln358" [detector_solid/abs_solid_detector.cpp:358->detector_solid/abs_solid_detector.cpp:390]   --->   Operation 87 'add' 'add_ln358' <Predicate = true> <Delay = 3.52> <CoreInst = "Adder">   --->   Core 1 'Adder' <Latency = 0> <II = 1> <Delay = 1.56> <FuncUnit> <Opcode : 'add' 'sub'> <InPorts = 2> <OutPorts = 1>
ST_1 : Operation 88 [1/1] (1.56ns)   --->   "%empty = add i2 %trunc_ln358_1, i2 %trunc_ln358" [detector_solid/abs_solid_detector.cpp:358->detector_solid/abs_solid_detector.cpp:390]   --->   Operation 88 'add' 'empty' <Predicate = true> <Delay = 1.56> <CoreInst = "Adder">   --->   Core 1 'Adder' <Latency = 0> <II = 1> <Delay = 1.56> <FuncUnit> <Opcode : 'add' 'sub'> <InPorts = 2> <OutPorts = 1>
ST_1 : Operation 89 [1/1] (0.00ns)   --->   "%p_cast3_i = zext i2 %empty" [detector_solid/abs_solid_detector.cpp:358->detector_solid/abs_solid_detector.cpp:390]   --->   Operation 89 'zext' 'p_cast3_i' <Predicate = true> <Delay = 0.00>
ST_1 : Operation 90 [1/1] (2.12ns)   --->   "%empty_25 = shl i4 3, i4 %p_cast3_i" [detector_solid/abs_solid_detector.cpp:358->detector_solid/abs_solid_detector.cpp:390]   --->   Operation 90 'shl' 'empty_25' <Predicate = true> <Delay = 2.12> <CoreInst = "Shifter">   --->   Core 75 'Shifter' <Latency = 0> <II = 1> <Delay = 3.25> <FuncUnit> <Opcode : 'shl' 'lshr' 'ashr'> <InPorts = 2> <OutPorts = 1>
ST_1 : Operation 91 [1/1] (0.00ns)   --->   "%p_cast1_i = partselect i62 @_ssdm_op_PartSelect.i62.i64.i32.i32, i64 %add_ln358, i32 2, i32 63" [detector_solid/abs_solid_detector.cpp:358->detector_solid/abs_solid_detector.cpp:390]   --->   Operation 91 'partselect' 'p_cast1_i' <Predicate = true> <Delay = 0.00>
ST_1 : Operation 92 [1/1] (0.00ns)   --->   "%p_cast1_cast_i = sext i62 %p_cast1_i" [detector_solid/abs_solid_detector.cpp:358->detector_solid/abs_solid_detector.cpp:390]   --->   Operation 92 'sext' 'p_cast1_cast_i' <Predicate = true> <Delay = 0.00>
ST_1 : Operation 93 [1/1] (0.00ns)   --->   "%gmem_addr = getelementptr i32 %gmem, i64 %p_cast1_cast_i" [detector_solid/abs_solid_detector.cpp:358->detector_solid/abs_solid_detector.cpp:390]   --->   Operation 93 'getelementptr' 'gmem_addr' <Predicate = true> <Delay = 0.00>

State 2 <SV = 1> <Delay = 14.6>
ST_2 : Operation 94 [1/1] (0.00ns)   --->   "%tmp_1 = bitconcatenate i9 @_ssdm_op_BitConcatenate.i9.i8.i1, i8 128, i1 %p_read_1"   --->   Operation 94 'bitconcatenate' 'tmp_1' <Predicate = true> <Delay = 0.00>
ST_2 : Operation 95 [1/1] (0.00ns)   --->   "%p_cast2_i = zext i9 %tmp_1"   --->   Operation 95 'zext' 'p_cast2_i' <Predicate = true> <Delay = 0.00>
ST_2 : Operation 96 [1/1] (0.00ns)   --->   "%tmp_2 = bitconcatenate i5 @_ssdm_op_BitConcatenate.i5.i2.i3, i2 %empty, i3 0" [detector_solid/abs_solid_detector.cpp:358->detector_solid/abs_solid_detector.cpp:390]   --->   Operation 96 'bitconcatenate' 'tmp_2' <Predicate = true> <Delay = 0.00>
ST_2 : Operation 97 [1/1] (0.00ns)   --->   "%p_cast4_i = zext i5 %tmp_2" [detector_solid/abs_solid_detector.cpp:358->detector_solid/abs_solid_detector.cpp:390]   --->   Operation 97 'zext' 'p_cast4_i' <Predicate = true> <Delay = 0.00>
ST_2 : Operation 98 [1/1] (3.25ns)   --->   "%empty_26 = shl i32 %p_cast2_i, i32 %p_cast4_i" [detector_solid/abs_solid_detector.cpp:358->detector_solid/abs_solid_detector.cpp:390]   --->   Operation 98 'shl' 'empty_26' <Predicate = true> <Delay = 3.25> <CoreInst = "Shifter">   --->   Core 75 'Shifter' <Latency = 0> <II = 1> <Delay = 3.25> <FuncUnit> <Opcode : 'shl' 'lshr' 'ashr'> <InPorts = 2> <OutPorts = 1>
ST_2 : Operation 99 [1/1] (14.6ns)   --->   "%empty_27 = writereq i1 @_ssdm_op_WriteReq.m_axi.p1i32, i32 %gmem_addr, i32 1" [detector_solid/abs_solid_detector.cpp:358->detector_solid/abs_solid_detector.cpp:390]   --->   Operation 99 'writereq' 'empty_27' <Predicate = true> <Delay = 14.6> <CoreInst = "m_axi">   --->   Core 113 'm_axi' <Latency = 5> <II = 1> <Delay = 1.00> <Adapter> <Opcode : 'read' 'write' 'readreq' 'writereq' 'writeresp'>

State 3 <SV = 2> <Delay = 14.6>
ST_3 : Operation 100 [1/1] (14.6ns)   --->   "%write_ln358 = write void @_ssdm_op_Write.m_axi.p1i32, i32 %gmem_addr, i32 %empty_26, i4 %empty_25" [detector_solid/abs_solid_detector.cpp:358->detector_solid/abs_solid_detector.cpp:390]   --->   Operation 100 'write' 'write_ln358' <Predicate = true> <Delay = 14.6> <CoreInst = "m_axi">   --->   Core 113 'm_axi' <Latency = 6> <II = 1> <Delay = 1.00> <Adapter> <Opcode : 'read' 'write' 'readreq' 'writereq' 'writeresp'>

State 4 <SV = 3> <Delay = 14.6>
ST_4 : Operation 101 [68/68] (14.6ns)   --->   "%empty_28 = writeresp i1 @_ssdm_op_WriteResp.m_axi.p1i32, i32 %gmem_addr" [detector_solid/abs_solid_detector.cpp:358->detector_solid/abs_solid_detector.cpp:390]   --->   Operation 101 'writeresp' 'empty_28' <Predicate = true> <Delay = 14.6> <CoreInst = "m_axi">   --->   Core 113 'm_axi' <Latency = 3> <II = 1> <Delay = 1.00> <Adapter> <Opcode : 'read' 'write' 'readreq' 'writereq' 'writeresp'>

State 5 <SV = 4> <Delay = 14.6>
ST_5 : Operation 102 [67/68] (14.6ns)   --->   "%empty_28 = writeresp i1 @_ssdm_op_WriteResp.m_axi.p1i32, i32 %gmem_addr" [detector_solid/abs_solid_detector.cpp:358->detector_solid/abs_solid_detector.cpp:390]   --->   Operation 102 'writeresp' 'empty_28' <Predicate = true> <Delay = 14.6> <CoreInst = "m_axi">   --->   Core 113 'm_axi' <Latency = 3> <II = 1> <Delay = 1.00> <Adapter> <Opcode : 'read' 'write' 'readreq' 'writereq' 'writeresp'>

State 6 <SV = 5> <Delay = 14.6>
ST_6 : Operation 103 [66/68] (14.6ns)   --->   "%empty_28 = writeresp i1 @_ssdm_op_WriteResp.m_axi.p1i32, i32 %gmem_addr" [detector_solid/abs_solid_detector.cpp:358->detector_solid/abs_solid_detector.cpp:390]   --->   Operation 103 'writeresp' 'empty_28' <Predicate = true> <Delay = 14.6> <CoreInst = "m_axi">   --->   Core 113 'm_axi' <Latency = 3> <II = 1> <Delay = 1.00> <Adapter> <Opcode : 'read' 'write' 'readreq' 'writereq' 'writeresp'>

State 7 <SV = 6> <Delay = 14.6>
ST_7 : Operation 104 [65/68] (14.6ns)   --->   "%empty_28 = writeresp i1 @_ssdm_op_WriteResp.m_axi.p1i32, i32 %gmem_addr" [detector_solid/abs_solid_detector.cpp:358->detector_solid/abs_solid_detector.cpp:390]   --->   Operation 104 'writeresp' 'empty_28' <Predicate = true> <Delay = 14.6> <CoreInst = "m_axi">   --->   Core 113 'm_axi' <Latency = 3> <II = 1> <Delay = 1.00> <Adapter> <Opcode : 'read' 'write' 'readreq' 'writereq' 'writeresp'>

State 8 <SV = 7> <Delay = 14.6>
ST_8 : Operation 105 [64/68] (14.6ns)   --->   "%empty_28 = writeresp i1 @_ssdm_op_WriteResp.m_axi.p1i32, i32 %gmem_addr" [detector_solid/abs_solid_detector.cpp:358->detector_solid/abs_solid_detector.cpp:390]   --->   Operation 105 'writeresp' 'empty_28' <Predicate = true> <Delay = 14.6> <CoreInst = "m_axi">   --->   Core 113 'm_axi' <Latency = 3> <II = 1> <Delay = 1.00> <Adapter> <Opcode : 'read' 'write' 'readreq' 'writereq' 'writeresp'>

State 9 <SV = 8> <Delay = 14.6>
ST_9 : Operation 106 [63/68] (14.6ns)   --->   "%empty_28 = writeresp i1 @_ssdm_op_WriteResp.m_axi.p1i32, i32 %gmem_addr" [detector_solid/abs_solid_detector.cpp:358->detector_solid/abs_solid_detector.cpp:390]   --->   Operation 106 'writeresp' 'empty_28' <Predicate = true> <Delay = 14.6> <CoreInst = "m_axi">   --->   Core 113 'm_axi' <Latency = 3> <II = 1> <Delay = 1.00> <Adapter> <Opcode : 'read' 'write' 'readreq' 'writereq' 'writeresp'>

State 10 <SV = 9> <Delay = 14.6>
ST_10 : Operation 107 [62/68] (14.6ns)   --->   "%empty_28 = writeresp i1 @_ssdm_op_WriteResp.m_axi.p1i32, i32 %gmem_addr" [detector_solid/abs_solid_detector.cpp:358->detector_solid/abs_solid_detector.cpp:390]   --->   Operation 107 'writeresp' 'empty_28' <Predicate = true> <Delay = 14.6> <CoreInst = "m_axi">   --->   Core 113 'm_axi' <Latency = 3> <II = 1> <Delay = 1.00> <Adapter> <Opcode : 'read' 'write' 'readreq' 'writereq' 'writeresp'>

State 11 <SV = 10> <Delay = 14.6>
ST_11 : Operation 108 [61/68] (14.6ns)   --->   "%empty_28 = writeresp i1 @_ssdm_op_WriteResp.m_axi.p1i32, i32 %gmem_addr" [detector_solid/abs_solid_detector.cpp:358->detector_solid/abs_solid_detector.cpp:390]   --->   Operation 108 'writeresp' 'empty_28' <Predicate = true> <Delay = 14.6> <CoreInst = "m_axi">   --->   Core 113 'm_axi' <Latency = 3> <II = 1> <Delay = 1.00> <Adapter> <Opcode : 'read' 'write' 'readreq' 'writereq' 'writeresp'>

State 12 <SV = 11> <Delay = 14.6>
ST_12 : Operation 109 [60/68] (14.6ns)   --->   "%empty_28 = writeresp i1 @_ssdm_op_WriteResp.m_axi.p1i32, i32 %gmem_addr" [detector_solid/abs_solid_detector.cpp:358->detector_solid/abs_solid_detector.cpp:390]   --->   Operation 109 'writeresp' 'empty_28' <Predicate = true> <Delay = 14.6> <CoreInst = "m_axi">   --->   Core 113 'm_axi' <Latency = 3> <II = 1> <Delay = 1.00> <Adapter> <Opcode : 'read' 'write' 'readreq' 'writereq' 'writeresp'>

State 13 <SV = 12> <Delay = 14.6>
ST_13 : Operation 110 [59/68] (14.6ns)   --->   "%empty_28 = writeresp i1 @_ssdm_op_WriteResp.m_axi.p1i32, i32 %gmem_addr" [detector_solid/abs_solid_detector.cpp:358->detector_solid/abs_solid_detector.cpp:390]   --->   Operation 110 'writeresp' 'empty_28' <Predicate = true> <Delay = 14.6> <CoreInst = "m_axi">   --->   Core 113 'm_axi' <Latency = 3> <II = 1> <Delay = 1.00> <Adapter> <Opcode : 'read' 'write' 'readreq' 'writereq' 'writeresp'>

State 14 <SV = 13> <Delay = 14.6>
ST_14 : Operation 111 [58/68] (14.6ns)   --->   "%empty_28 = writeresp i1 @_ssdm_op_WriteResp.m_axi.p1i32, i32 %gmem_addr" [detector_solid/abs_solid_detector.cpp:358->detector_solid/abs_solid_detector.cpp:390]   --->   Operation 111 'writeresp' 'empty_28' <Predicate = true> <Delay = 14.6> <CoreInst = "m_axi">   --->   Core 113 'm_axi' <Latency = 3> <II = 1> <Delay = 1.00> <Adapter> <Opcode : 'read' 'write' 'readreq' 'writereq' 'writeresp'>

State 15 <SV = 14> <Delay = 14.6>
ST_15 : Operation 112 [57/68] (14.6ns)   --->   "%empty_28 = writeresp i1 @_ssdm_op_WriteResp.m_axi.p1i32, i32 %gmem_addr" [detector_solid/abs_solid_detector.cpp:358->detector_solid/abs_solid_detector.cpp:390]   --->   Operation 112 'writeresp' 'empty_28' <Predicate = true> <Delay = 14.6> <CoreInst = "m_axi">   --->   Core 113 'm_axi' <Latency = 3> <II = 1> <Delay = 1.00> <Adapter> <Opcode : 'read' 'write' 'readreq' 'writereq' 'writeresp'>

State 16 <SV = 15> <Delay = 14.6>
ST_16 : Operation 113 [56/68] (14.6ns)   --->   "%empty_28 = writeresp i1 @_ssdm_op_WriteResp.m_axi.p1i32, i32 %gmem_addr" [detector_solid/abs_solid_detector.cpp:358->detector_solid/abs_solid_detector.cpp:390]   --->   Operation 113 'writeresp' 'empty_28' <Predicate = true> <Delay = 14.6> <CoreInst = "m_axi">   --->   Core 113 'm_axi' <Latency = 3> <II = 1> <Delay = 1.00> <Adapter> <Opcode : 'read' 'write' 'readreq' 'writereq' 'writeresp'>

State 17 <SV = 16> <Delay = 14.6>
ST_17 : Operation 114 [55/68] (14.6ns)   --->   "%empty_28 = writeresp i1 @_ssdm_op_WriteResp.m_axi.p1i32, i32 %gmem_addr" [detector_solid/abs_solid_detector.cpp:358->detector_solid/abs_solid_detector.cpp:390]   --->   Operation 114 'writeresp' 'empty_28' <Predicate = true> <Delay = 14.6> <CoreInst = "m_axi">   --->   Core 113 'm_axi' <Latency = 3> <II = 1> <Delay = 1.00> <Adapter> <Opcode : 'read' 'write' 'readreq' 'writereq' 'writeresp'>

State 18 <SV = 17> <Delay = 14.6>
ST_18 : Operation 115 [54/68] (14.6ns)   --->   "%empty_28 = writeresp i1 @_ssdm_op_WriteResp.m_axi.p1i32, i32 %gmem_addr" [detector_solid/abs_solid_detector.cpp:358->detector_solid/abs_solid_detector.cpp:390]   --->   Operation 115 'writeresp' 'empty_28' <Predicate = true> <Delay = 14.6> <CoreInst = "m_axi">   --->   Core 113 'm_axi' <Latency = 3> <II = 1> <Delay = 1.00> <Adapter> <Opcode : 'read' 'write' 'readreq' 'writereq' 'writeresp'>

State 19 <SV = 18> <Delay = 14.6>
ST_19 : Operation 116 [53/68] (14.6ns)   --->   "%empty_28 = writeresp i1 @_ssdm_op_WriteResp.m_axi.p1i32, i32 %gmem_addr" [detector_solid/abs_solid_detector.cpp:358->detector_solid/abs_solid_detector.cpp:390]   --->   Operation 116 'writeresp' 'empty_28' <Predicate = true> <Delay = 14.6> <CoreInst = "m_axi">   --->   Core 113 'm_axi' <Latency = 3> <II = 1> <Delay = 1.00> <Adapter> <Opcode : 'read' 'write' 'readreq' 'writereq' 'writeresp'>

State 20 <SV = 19> <Delay = 14.6>
ST_20 : Operation 117 [52/68] (14.6ns)   --->   "%empty_28 = writeresp i1 @_ssdm_op_WriteResp.m_axi.p1i32, i32 %gmem_addr" [detector_solid/abs_solid_detector.cpp:358->detector_solid/abs_solid_detector.cpp:390]   --->   Operation 117 'writeresp' 'empty_28' <Predicate = true> <Delay = 14.6> <CoreInst = "m_axi">   --->   Core 113 'm_axi' <Latency = 3> <II = 1> <Delay = 1.00> <Adapter> <Opcode : 'read' 'write' 'readreq' 'writereq' 'writeresp'>

State 21 <SV = 20> <Delay = 14.6>
ST_21 : Operation 118 [51/68] (14.6ns)   --->   "%empty_28 = writeresp i1 @_ssdm_op_WriteResp.m_axi.p1i32, i32 %gmem_addr" [detector_solid/abs_solid_detector.cpp:358->detector_solid/abs_solid_detector.cpp:390]   --->   Operation 118 'writeresp' 'empty_28' <Predicate = true> <Delay = 14.6> <CoreInst = "m_axi">   --->   Core 113 'm_axi' <Latency = 3> <II = 1> <Delay = 1.00> <Adapter> <Opcode : 'read' 'write' 'readreq' 'writereq' 'writeresp'>

State 22 <SV = 21> <Delay = 14.6>
ST_22 : Operation 119 [50/68] (14.6ns)   --->   "%empty_28 = writeresp i1 @_ssdm_op_WriteResp.m_axi.p1i32, i32 %gmem_addr" [detector_solid/abs_solid_detector.cpp:358->detector_solid/abs_solid_detector.cpp:390]   --->   Operation 119 'writeresp' 'empty_28' <Predicate = true> <Delay = 14.6> <CoreInst = "m_axi">   --->   Core 113 'm_axi' <Latency = 3> <II = 1> <Delay = 1.00> <Adapter> <Opcode : 'read' 'write' 'readreq' 'writereq' 'writeresp'>

State 23 <SV = 22> <Delay = 14.6>
ST_23 : Operation 120 [49/68] (14.6ns)   --->   "%empty_28 = writeresp i1 @_ssdm_op_WriteResp.m_axi.p1i32, i32 %gmem_addr" [detector_solid/abs_solid_detector.cpp:358->detector_solid/abs_solid_detector.cpp:390]   --->   Operation 120 'writeresp' 'empty_28' <Predicate = true> <Delay = 14.6> <CoreInst = "m_axi">   --->   Core 113 'm_axi' <Latency = 3> <II = 1> <Delay = 1.00> <Adapter> <Opcode : 'read' 'write' 'readreq' 'writereq' 'writeresp'>

State 24 <SV = 23> <Delay = 14.6>
ST_24 : Operation 121 [48/68] (14.6ns)   --->   "%empty_28 = writeresp i1 @_ssdm_op_WriteResp.m_axi.p1i32, i32 %gmem_addr" [detector_solid/abs_solid_detector.cpp:358->detector_solid/abs_solid_detector.cpp:390]   --->   Operation 121 'writeresp' 'empty_28' <Predicate = true> <Delay = 14.6> <CoreInst = "m_axi">   --->   Core 113 'm_axi' <Latency = 3> <II = 1> <Delay = 1.00> <Adapter> <Opcode : 'read' 'write' 'readreq' 'writereq' 'writeresp'>

State 25 <SV = 24> <Delay = 14.6>
ST_25 : Operation 122 [47/68] (14.6ns)   --->   "%empty_28 = writeresp i1 @_ssdm_op_WriteResp.m_axi.p1i32, i32 %gmem_addr" [detector_solid/abs_solid_detector.cpp:358->detector_solid/abs_solid_detector.cpp:390]   --->   Operation 122 'writeresp' 'empty_28' <Predicate = true> <Delay = 14.6> <CoreInst = "m_axi">   --->   Core 113 'm_axi' <Latency = 3> <II = 1> <Delay = 1.00> <Adapter> <Opcode : 'read' 'write' 'readreq' 'writereq' 'writeresp'>

State 26 <SV = 25> <Delay = 14.6>
ST_26 : Operation 123 [46/68] (14.6ns)   --->   "%empty_28 = writeresp i1 @_ssdm_op_WriteResp.m_axi.p1i32, i32 %gmem_addr" [detector_solid/abs_solid_detector.cpp:358->detector_solid/abs_solid_detector.cpp:390]   --->   Operation 123 'writeresp' 'empty_28' <Predicate = true> <Delay = 14.6> <CoreInst = "m_axi">   --->   Core 113 'm_axi' <Latency = 3> <II = 1> <Delay = 1.00> <Adapter> <Opcode : 'read' 'write' 'readreq' 'writereq' 'writeresp'>

State 27 <SV = 26> <Delay = 14.6>
ST_27 : Operation 124 [45/68] (14.6ns)   --->   "%empty_28 = writeresp i1 @_ssdm_op_WriteResp.m_axi.p1i32, i32 %gmem_addr" [detector_solid/abs_solid_detector.cpp:358->detector_solid/abs_solid_detector.cpp:390]   --->   Operation 124 'writeresp' 'empty_28' <Predicate = true> <Delay = 14.6> <CoreInst = "m_axi">   --->   Core 113 'm_axi' <Latency = 3> <II = 1> <Delay = 1.00> <Adapter> <Opcode : 'read' 'write' 'readreq' 'writereq' 'writeresp'>

State 28 <SV = 27> <Delay = 14.6>
ST_28 : Operation 125 [44/68] (14.6ns)   --->   "%empty_28 = writeresp i1 @_ssdm_op_WriteResp.m_axi.p1i32, i32 %gmem_addr" [detector_solid/abs_solid_detector.cpp:358->detector_solid/abs_solid_detector.cpp:390]   --->   Operation 125 'writeresp' 'empty_28' <Predicate = true> <Delay = 14.6> <CoreInst = "m_axi">   --->   Core 113 'm_axi' <Latency = 3> <II = 1> <Delay = 1.00> <Adapter> <Opcode : 'read' 'write' 'readreq' 'writereq' 'writeresp'>

State 29 <SV = 28> <Delay = 14.6>
ST_29 : Operation 126 [43/68] (14.6ns)   --->   "%empty_28 = writeresp i1 @_ssdm_op_WriteResp.m_axi.p1i32, i32 %gmem_addr" [detector_solid/abs_solid_detector.cpp:358->detector_solid/abs_solid_detector.cpp:390]   --->   Operation 126 'writeresp' 'empty_28' <Predicate = true> <Delay = 14.6> <CoreInst = "m_axi">   --->   Core 113 'm_axi' <Latency = 3> <II = 1> <Delay = 1.00> <Adapter> <Opcode : 'read' 'write' 'readreq' 'writereq' 'writeresp'>

State 30 <SV = 29> <Delay = 14.6>
ST_30 : Operation 127 [42/68] (14.6ns)   --->   "%empty_28 = writeresp i1 @_ssdm_op_WriteResp.m_axi.p1i32, i32 %gmem_addr" [detector_solid/abs_solid_detector.cpp:358->detector_solid/abs_solid_detector.cpp:390]   --->   Operation 127 'writeresp' 'empty_28' <Predicate = true> <Delay = 14.6> <CoreInst = "m_axi">   --->   Core 113 'm_axi' <Latency = 3> <II = 1> <Delay = 1.00> <Adapter> <Opcode : 'read' 'write' 'readreq' 'writereq' 'writeresp'>

State 31 <SV = 30> <Delay = 14.6>
ST_31 : Operation 128 [41/68] (14.6ns)   --->   "%empty_28 = writeresp i1 @_ssdm_op_WriteResp.m_axi.p1i32, i32 %gmem_addr" [detector_solid/abs_solid_detector.cpp:358->detector_solid/abs_solid_detector.cpp:390]   --->   Operation 128 'writeresp' 'empty_28' <Predicate = true> <Delay = 14.6> <CoreInst = "m_axi">   --->   Core 113 'm_axi' <Latency = 3> <II = 1> <Delay = 1.00> <Adapter> <Opcode : 'read' 'write' 'readreq' 'writereq' 'writeresp'>

State 32 <SV = 31> <Delay = 14.6>
ST_32 : Operation 129 [40/68] (14.6ns)   --->   "%empty_28 = writeresp i1 @_ssdm_op_WriteResp.m_axi.p1i32, i32 %gmem_addr" [detector_solid/abs_solid_detector.cpp:358->detector_solid/abs_solid_detector.cpp:390]   --->   Operation 129 'writeresp' 'empty_28' <Predicate = true> <Delay = 14.6> <CoreInst = "m_axi">   --->   Core 113 'm_axi' <Latency = 3> <II = 1> <Delay = 1.00> <Adapter> <Opcode : 'read' 'write' 'readreq' 'writereq' 'writeresp'>

State 33 <SV = 32> <Delay = 14.6>
ST_33 : Operation 130 [39/68] (14.6ns)   --->   "%empty_28 = writeresp i1 @_ssdm_op_WriteResp.m_axi.p1i32, i32 %gmem_addr" [detector_solid/abs_solid_detector.cpp:358->detector_solid/abs_solid_detector.cpp:390]   --->   Operation 130 'writeresp' 'empty_28' <Predicate = true> <Delay = 14.6> <CoreInst = "m_axi">   --->   Core 113 'm_axi' <Latency = 3> <II = 1> <Delay = 1.00> <Adapter> <Opcode : 'read' 'write' 'readreq' 'writereq' 'writeresp'>

State 34 <SV = 33> <Delay = 14.6>
ST_34 : Operation 131 [38/68] (14.6ns)   --->   "%empty_28 = writeresp i1 @_ssdm_op_WriteResp.m_axi.p1i32, i32 %gmem_addr" [detector_solid/abs_solid_detector.cpp:358->detector_solid/abs_solid_detector.cpp:390]   --->   Operation 131 'writeresp' 'empty_28' <Predicate = true> <Delay = 14.6> <CoreInst = "m_axi">   --->   Core 113 'm_axi' <Latency = 3> <II = 1> <Delay = 1.00> <Adapter> <Opcode : 'read' 'write' 'readreq' 'writereq' 'writeresp'>

State 35 <SV = 34> <Delay = 14.6>
ST_35 : Operation 132 [37/68] (14.6ns)   --->   "%empty_28 = writeresp i1 @_ssdm_op_WriteResp.m_axi.p1i32, i32 %gmem_addr" [detector_solid/abs_solid_detector.cpp:358->detector_solid/abs_solid_detector.cpp:390]   --->   Operation 132 'writeresp' 'empty_28' <Predicate = true> <Delay = 14.6> <CoreInst = "m_axi">   --->   Core 113 'm_axi' <Latency = 3> <II = 1> <Delay = 1.00> <Adapter> <Opcode : 'read' 'write' 'readreq' 'writereq' 'writeresp'>

State 36 <SV = 35> <Delay = 14.6>
ST_36 : Operation 133 [36/68] (14.6ns)   --->   "%empty_28 = writeresp i1 @_ssdm_op_WriteResp.m_axi.p1i32, i32 %gmem_addr" [detector_solid/abs_solid_detector.cpp:358->detector_solid/abs_solid_detector.cpp:390]   --->   Operation 133 'writeresp' 'empty_28' <Predicate = true> <Delay = 14.6> <CoreInst = "m_axi">   --->   Core 113 'm_axi' <Latency = 3> <II = 1> <Delay = 1.00> <Adapter> <Opcode : 'read' 'write' 'readreq' 'writereq' 'writeresp'>

State 37 <SV = 36> <Delay = 14.6>
ST_37 : Operation 134 [35/68] (14.6ns)   --->   "%empty_28 = writeresp i1 @_ssdm_op_WriteResp.m_axi.p1i32, i32 %gmem_addr" [detector_solid/abs_solid_detector.cpp:358->detector_solid/abs_solid_detector.cpp:390]   --->   Operation 134 'writeresp' 'empty_28' <Predicate = true> <Delay = 14.6> <CoreInst = "m_axi">   --->   Core 113 'm_axi' <Latency = 3> <II = 1> <Delay = 1.00> <Adapter> <Opcode : 'read' 'write' 'readreq' 'writereq' 'writeresp'>

State 38 <SV = 37> <Delay = 14.6>
ST_38 : Operation 135 [34/68] (14.6ns)   --->   "%empty_28 = writeresp i1 @_ssdm_op_WriteResp.m_axi.p1i32, i32 %gmem_addr" [detector_solid/abs_solid_detector.cpp:358->detector_solid/abs_solid_detector.cpp:390]   --->   Operation 135 'writeresp' 'empty_28' <Predicate = true> <Delay = 14.6> <CoreInst = "m_axi">   --->   Core 113 'm_axi' <Latency = 3> <II = 1> <Delay = 1.00> <Adapter> <Opcode : 'read' 'write' 'readreq' 'writereq' 'writeresp'>

State 39 <SV = 38> <Delay = 14.6>
ST_39 : Operation 136 [33/68] (14.6ns)   --->   "%empty_28 = writeresp i1 @_ssdm_op_WriteResp.m_axi.p1i32, i32 %gmem_addr" [detector_solid/abs_solid_detector.cpp:358->detector_solid/abs_solid_detector.cpp:390]   --->   Operation 136 'writeresp' 'empty_28' <Predicate = true> <Delay = 14.6> <CoreInst = "m_axi">   --->   Core 113 'm_axi' <Latency = 3> <II = 1> <Delay = 1.00> <Adapter> <Opcode : 'read' 'write' 'readreq' 'writereq' 'writeresp'>

State 40 <SV = 39> <Delay = 14.6>
ST_40 : Operation 137 [32/68] (14.6ns)   --->   "%empty_28 = writeresp i1 @_ssdm_op_WriteResp.m_axi.p1i32, i32 %gmem_addr" [detector_solid/abs_solid_detector.cpp:358->detector_solid/abs_solid_detector.cpp:390]   --->   Operation 137 'writeresp' 'empty_28' <Predicate = true> <Delay = 14.6> <CoreInst = "m_axi">   --->   Core 113 'm_axi' <Latency = 3> <II = 1> <Delay = 1.00> <Adapter> <Opcode : 'read' 'write' 'readreq' 'writereq' 'writeresp'>

State 41 <SV = 40> <Delay = 14.6>
ST_41 : Operation 138 [31/68] (14.6ns)   --->   "%empty_28 = writeresp i1 @_ssdm_op_WriteResp.m_axi.p1i32, i32 %gmem_addr" [detector_solid/abs_solid_detector.cpp:358->detector_solid/abs_solid_detector.cpp:390]   --->   Operation 138 'writeresp' 'empty_28' <Predicate = true> <Delay = 14.6> <CoreInst = "m_axi">   --->   Core 113 'm_axi' <Latency = 3> <II = 1> <Delay = 1.00> <Adapter> <Opcode : 'read' 'write' 'readreq' 'writereq' 'writeresp'>

State 42 <SV = 41> <Delay = 14.6>
ST_42 : Operation 139 [30/68] (14.6ns)   --->   "%empty_28 = writeresp i1 @_ssdm_op_WriteResp.m_axi.p1i32, i32 %gmem_addr" [detector_solid/abs_solid_detector.cpp:358->detector_solid/abs_solid_detector.cpp:390]   --->   Operation 139 'writeresp' 'empty_28' <Predicate = true> <Delay = 14.6> <CoreInst = "m_axi">   --->   Core 113 'm_axi' <Latency = 3> <II = 1> <Delay = 1.00> <Adapter> <Opcode : 'read' 'write' 'readreq' 'writereq' 'writeresp'>

State 43 <SV = 42> <Delay = 14.6>
ST_43 : Operation 140 [29/68] (14.6ns)   --->   "%empty_28 = writeresp i1 @_ssdm_op_WriteResp.m_axi.p1i32, i32 %gmem_addr" [detector_solid/abs_solid_detector.cpp:358->detector_solid/abs_solid_detector.cpp:390]   --->   Operation 140 'writeresp' 'empty_28' <Predicate = true> <Delay = 14.6> <CoreInst = "m_axi">   --->   Core 113 'm_axi' <Latency = 3> <II = 1> <Delay = 1.00> <Adapter> <Opcode : 'read' 'write' 'readreq' 'writereq' 'writeresp'>

State 44 <SV = 43> <Delay = 14.6>
ST_44 : Operation 141 [28/68] (14.6ns)   --->   "%empty_28 = writeresp i1 @_ssdm_op_WriteResp.m_axi.p1i32, i32 %gmem_addr" [detector_solid/abs_solid_detector.cpp:358->detector_solid/abs_solid_detector.cpp:390]   --->   Operation 141 'writeresp' 'empty_28' <Predicate = true> <Delay = 14.6> <CoreInst = "m_axi">   --->   Core 113 'm_axi' <Latency = 3> <II = 1> <Delay = 1.00> <Adapter> <Opcode : 'read' 'write' 'readreq' 'writereq' 'writeresp'>

State 45 <SV = 44> <Delay = 14.6>
ST_45 : Operation 142 [27/68] (14.6ns)   --->   "%empty_28 = writeresp i1 @_ssdm_op_WriteResp.m_axi.p1i32, i32 %gmem_addr" [detector_solid/abs_solid_detector.cpp:358->detector_solid/abs_solid_detector.cpp:390]   --->   Operation 142 'writeresp' 'empty_28' <Predicate = true> <Delay = 14.6> <CoreInst = "m_axi">   --->   Core 113 'm_axi' <Latency = 3> <II = 1> <Delay = 1.00> <Adapter> <Opcode : 'read' 'write' 'readreq' 'writereq' 'writeresp'>

State 46 <SV = 45> <Delay = 14.6>
ST_46 : Operation 143 [26/68] (14.6ns)   --->   "%empty_28 = writeresp i1 @_ssdm_op_WriteResp.m_axi.p1i32, i32 %gmem_addr" [detector_solid/abs_solid_detector.cpp:358->detector_solid/abs_solid_detector.cpp:390]   --->   Operation 143 'writeresp' 'empty_28' <Predicate = true> <Delay = 14.6> <CoreInst = "m_axi">   --->   Core 113 'm_axi' <Latency = 3> <II = 1> <Delay = 1.00> <Adapter> <Opcode : 'read' 'write' 'readreq' 'writereq' 'writeresp'>

State 47 <SV = 46> <Delay = 14.6>
ST_47 : Operation 144 [25/68] (14.6ns)   --->   "%empty_28 = writeresp i1 @_ssdm_op_WriteResp.m_axi.p1i32, i32 %gmem_addr" [detector_solid/abs_solid_detector.cpp:358->detector_solid/abs_solid_detector.cpp:390]   --->   Operation 144 'writeresp' 'empty_28' <Predicate = true> <Delay = 14.6> <CoreInst = "m_axi">   --->   Core 113 'm_axi' <Latency = 3> <II = 1> <Delay = 1.00> <Adapter> <Opcode : 'read' 'write' 'readreq' 'writereq' 'writeresp'>

State 48 <SV = 47> <Delay = 14.6>
ST_48 : Operation 145 [24/68] (14.6ns)   --->   "%empty_28 = writeresp i1 @_ssdm_op_WriteResp.m_axi.p1i32, i32 %gmem_addr" [detector_solid/abs_solid_detector.cpp:358->detector_solid/abs_solid_detector.cpp:390]   --->   Operation 145 'writeresp' 'empty_28' <Predicate = true> <Delay = 14.6> <CoreInst = "m_axi">   --->   Core 113 'm_axi' <Latency = 3> <II = 1> <Delay = 1.00> <Adapter> <Opcode : 'read' 'write' 'readreq' 'writereq' 'writeresp'>

State 49 <SV = 48> <Delay = 14.6>
ST_49 : Operation 146 [23/68] (14.6ns)   --->   "%empty_28 = writeresp i1 @_ssdm_op_WriteResp.m_axi.p1i32, i32 %gmem_addr" [detector_solid/abs_solid_detector.cpp:358->detector_solid/abs_solid_detector.cpp:390]   --->   Operation 146 'writeresp' 'empty_28' <Predicate = true> <Delay = 14.6> <CoreInst = "m_axi">   --->   Core 113 'm_axi' <Latency = 3> <II = 1> <Delay = 1.00> <Adapter> <Opcode : 'read' 'write' 'readreq' 'writereq' 'writeresp'>

State 50 <SV = 49> <Delay = 14.6>
ST_50 : Operation 147 [22/68] (14.6ns)   --->   "%empty_28 = writeresp i1 @_ssdm_op_WriteResp.m_axi.p1i32, i32 %gmem_addr" [detector_solid/abs_solid_detector.cpp:358->detector_solid/abs_solid_detector.cpp:390]   --->   Operation 147 'writeresp' 'empty_28' <Predicate = true> <Delay = 14.6> <CoreInst = "m_axi">   --->   Core 113 'm_axi' <Latency = 3> <II = 1> <Delay = 1.00> <Adapter> <Opcode : 'read' 'write' 'readreq' 'writereq' 'writeresp'>

State 51 <SV = 50> <Delay = 14.6>
ST_51 : Operation 148 [21/68] (14.6ns)   --->   "%empty_28 = writeresp i1 @_ssdm_op_WriteResp.m_axi.p1i32, i32 %gmem_addr" [detector_solid/abs_solid_detector.cpp:358->detector_solid/abs_solid_detector.cpp:390]   --->   Operation 148 'writeresp' 'empty_28' <Predicate = true> <Delay = 14.6> <CoreInst = "m_axi">   --->   Core 113 'm_axi' <Latency = 3> <II = 1> <Delay = 1.00> <Adapter> <Opcode : 'read' 'write' 'readreq' 'writereq' 'writeresp'>

State 52 <SV = 51> <Delay = 14.6>
ST_52 : Operation 149 [20/68] (14.6ns)   --->   "%empty_28 = writeresp i1 @_ssdm_op_WriteResp.m_axi.p1i32, i32 %gmem_addr" [detector_solid/abs_solid_detector.cpp:358->detector_solid/abs_solid_detector.cpp:390]   --->   Operation 149 'writeresp' 'empty_28' <Predicate = true> <Delay = 14.6> <CoreInst = "m_axi">   --->   Core 113 'm_axi' <Latency = 3> <II = 1> <Delay = 1.00> <Adapter> <Opcode : 'read' 'write' 'readreq' 'writereq' 'writeresp'>

State 53 <SV = 52> <Delay = 14.6>
ST_53 : Operation 150 [19/68] (14.6ns)   --->   "%empty_28 = writeresp i1 @_ssdm_op_WriteResp.m_axi.p1i32, i32 %gmem_addr" [detector_solid/abs_solid_detector.cpp:358->detector_solid/abs_solid_detector.cpp:390]   --->   Operation 150 'writeresp' 'empty_28' <Predicate = true> <Delay = 14.6> <CoreInst = "m_axi">   --->   Core 113 'm_axi' <Latency = 3> <II = 1> <Delay = 1.00> <Adapter> <Opcode : 'read' 'write' 'readreq' 'writereq' 'writeresp'>

State 54 <SV = 53> <Delay = 14.6>
ST_54 : Operation 151 [18/68] (14.6ns)   --->   "%empty_28 = writeresp i1 @_ssdm_op_WriteResp.m_axi.p1i32, i32 %gmem_addr" [detector_solid/abs_solid_detector.cpp:358->detector_solid/abs_solid_detector.cpp:390]   --->   Operation 151 'writeresp' 'empty_28' <Predicate = true> <Delay = 14.6> <CoreInst = "m_axi">   --->   Core 113 'm_axi' <Latency = 3> <II = 1> <Delay = 1.00> <Adapter> <Opcode : 'read' 'write' 'readreq' 'writereq' 'writeresp'>

State 55 <SV = 54> <Delay = 14.6>
ST_55 : Operation 152 [17/68] (14.6ns)   --->   "%empty_28 = writeresp i1 @_ssdm_op_WriteResp.m_axi.p1i32, i32 %gmem_addr" [detector_solid/abs_solid_detector.cpp:358->detector_solid/abs_solid_detector.cpp:390]   --->   Operation 152 'writeresp' 'empty_28' <Predicate = true> <Delay = 14.6> <CoreInst = "m_axi">   --->   Core 113 'm_axi' <Latency = 3> <II = 1> <Delay = 1.00> <Adapter> <Opcode : 'read' 'write' 'readreq' 'writereq' 'writeresp'>

State 56 <SV = 55> <Delay = 14.6>
ST_56 : Operation 153 [16/68] (14.6ns)   --->   "%empty_28 = writeresp i1 @_ssdm_op_WriteResp.m_axi.p1i32, i32 %gmem_addr" [detector_solid/abs_solid_detector.cpp:358->detector_solid/abs_solid_detector.cpp:390]   --->   Operation 153 'writeresp' 'empty_28' <Predicate = true> <Delay = 14.6> <CoreInst = "m_axi">   --->   Core 113 'm_axi' <Latency = 3> <II = 1> <Delay = 1.00> <Adapter> <Opcode : 'read' 'write' 'readreq' 'writereq' 'writeresp'>

State 57 <SV = 56> <Delay = 14.6>
ST_57 : Operation 154 [15/68] (14.6ns)   --->   "%empty_28 = writeresp i1 @_ssdm_op_WriteResp.m_axi.p1i32, i32 %gmem_addr" [detector_solid/abs_solid_detector.cpp:358->detector_solid/abs_solid_detector.cpp:390]   --->   Operation 154 'writeresp' 'empty_28' <Predicate = true> <Delay = 14.6> <CoreInst = "m_axi">   --->   Core 113 'm_axi' <Latency = 3> <II = 1> <Delay = 1.00> <Adapter> <Opcode : 'read' 'write' 'readreq' 'writereq' 'writeresp'>

State 58 <SV = 57> <Delay = 14.6>
ST_58 : Operation 155 [14/68] (14.6ns)   --->   "%empty_28 = writeresp i1 @_ssdm_op_WriteResp.m_axi.p1i32, i32 %gmem_addr" [detector_solid/abs_solid_detector.cpp:358->detector_solid/abs_solid_detector.cpp:390]   --->   Operation 155 'writeresp' 'empty_28' <Predicate = true> <Delay = 14.6> <CoreInst = "m_axi">   --->   Core 113 'm_axi' <Latency = 3> <II = 1> <Delay = 1.00> <Adapter> <Opcode : 'read' 'write' 'readreq' 'writereq' 'writeresp'>

State 59 <SV = 58> <Delay = 14.6>
ST_59 : Operation 156 [13/68] (14.6ns)   --->   "%empty_28 = writeresp i1 @_ssdm_op_WriteResp.m_axi.p1i32, i32 %gmem_addr" [detector_solid/abs_solid_detector.cpp:358->detector_solid/abs_solid_detector.cpp:390]   --->   Operation 156 'writeresp' 'empty_28' <Predicate = true> <Delay = 14.6> <CoreInst = "m_axi">   --->   Core 113 'm_axi' <Latency = 3> <II = 1> <Delay = 1.00> <Adapter> <Opcode : 'read' 'write' 'readreq' 'writereq' 'writeresp'>

State 60 <SV = 59> <Delay = 14.6>
ST_60 : Operation 157 [12/68] (14.6ns)   --->   "%empty_28 = writeresp i1 @_ssdm_op_WriteResp.m_axi.p1i32, i32 %gmem_addr" [detector_solid/abs_solid_detector.cpp:358->detector_solid/abs_solid_detector.cpp:390]   --->   Operation 157 'writeresp' 'empty_28' <Predicate = true> <Delay = 14.6> <CoreInst = "m_axi">   --->   Core 113 'm_axi' <Latency = 3> <II = 1> <Delay = 1.00> <Adapter> <Opcode : 'read' 'write' 'readreq' 'writereq' 'writeresp'>

State 61 <SV = 60> <Delay = 14.6>
ST_61 : Operation 158 [11/68] (14.6ns)   --->   "%empty_28 = writeresp i1 @_ssdm_op_WriteResp.m_axi.p1i32, i32 %gmem_addr" [detector_solid/abs_solid_detector.cpp:358->detector_solid/abs_solid_detector.cpp:390]   --->   Operation 158 'writeresp' 'empty_28' <Predicate = true> <Delay = 14.6> <CoreInst = "m_axi">   --->   Core 113 'm_axi' <Latency = 3> <II = 1> <Delay = 1.00> <Adapter> <Opcode : 'read' 'write' 'readreq' 'writereq' 'writeresp'>

State 62 <SV = 61> <Delay = 14.6>
ST_62 : Operation 159 [10/68] (14.6ns)   --->   "%empty_28 = writeresp i1 @_ssdm_op_WriteResp.m_axi.p1i32, i32 %gmem_addr" [detector_solid/abs_solid_detector.cpp:358->detector_solid/abs_solid_detector.cpp:390]   --->   Operation 159 'writeresp' 'empty_28' <Predicate = true> <Delay = 14.6> <CoreInst = "m_axi">   --->   Core 113 'm_axi' <Latency = 3> <II = 1> <Delay = 1.00> <Adapter> <Opcode : 'read' 'write' 'readreq' 'writereq' 'writeresp'>

State 63 <SV = 62> <Delay = 14.6>
ST_63 : Operation 160 [9/68] (14.6ns)   --->   "%empty_28 = writeresp i1 @_ssdm_op_WriteResp.m_axi.p1i32, i32 %gmem_addr" [detector_solid/abs_solid_detector.cpp:358->detector_solid/abs_solid_detector.cpp:390]   --->   Operation 160 'writeresp' 'empty_28' <Predicate = true> <Delay = 14.6> <CoreInst = "m_axi">   --->   Core 113 'm_axi' <Latency = 3> <II = 1> <Delay = 1.00> <Adapter> <Opcode : 'read' 'write' 'readreq' 'writereq' 'writeresp'>

State 64 <SV = 63> <Delay = 14.6>
ST_64 : Operation 161 [1/1] (0.00ns)   --->   "%write_ln173 = write void @_ssdm_op_Write.axis.volatile.i8P128A, i8 %toScheduler, i8 %trunc_ln70" [C:/Xilinx/Vitis_HLS/2021.2/common/technology/autopilot/hls_stream_39.h:173]   --->   Operation 161 'write' 'write_ln173' <Predicate = (p_read_1)> <Delay = 0.00> <CoreInst = "axis">   --->   Core 115 'axis' <Latency = 0> <II = 1> <Delay = 1.00> <Adapter> <Opcode : >
ST_64 : Operation 162 [1/1] (0.00ns)   --->   "%br_ln357 = br void %writeOutcome.exit" [detector_solid/abs_solid_detector.cpp:357->detector_solid/abs_solid_detector.cpp:390]   --->   Operation 162 'br' 'br_ln357' <Predicate = (p_read_1)> <Delay = 0.00>
ST_64 : Operation 163 [8/68] (14.6ns)   --->   "%empty_28 = writeresp i1 @_ssdm_op_WriteResp.m_axi.p1i32, i32 %gmem_addr" [detector_solid/abs_solid_detector.cpp:358->detector_solid/abs_solid_detector.cpp:390]   --->   Operation 163 'writeresp' 'empty_28' <Predicate = true> <Delay = 14.6> <CoreInst = "m_axi">   --->   Core 113 'm_axi' <Latency = 3> <II = 1> <Delay = 1.00> <Adapter> <Opcode : 'read' 'write' 'readreq' 'writereq' 'writeresp'>

State 65 <SV = 64> <Delay = 14.6>
ST_65 : Operation 164 [7/68] (14.6ns)   --->   "%empty_28 = writeresp i1 @_ssdm_op_WriteResp.m_axi.p1i32, i32 %gmem_addr" [detector_solid/abs_solid_detector.cpp:358->detector_solid/abs_solid_detector.cpp:390]   --->   Operation 164 'writeresp' 'empty_28' <Predicate = true> <Delay = 14.6> <CoreInst = "m_axi">   --->   Core 113 'm_axi' <Latency = 3> <II = 1> <Delay = 1.00> <Adapter> <Opcode : 'read' 'write' 'readreq' 'writereq' 'writeresp'>

State 66 <SV = 65> <Delay = 14.6>
ST_66 : Operation 165 [6/68] (14.6ns)   --->   "%empty_28 = writeresp i1 @_ssdm_op_WriteResp.m_axi.p1i32, i32 %gmem_addr" [detector_solid/abs_solid_detector.cpp:358->detector_solid/abs_solid_detector.cpp:390]   --->   Operation 165 'writeresp' 'empty_28' <Predicate = true> <Delay = 14.6> <CoreInst = "m_axi">   --->   Core 113 'm_axi' <Latency = 3> <II = 1> <Delay = 1.00> <Adapter> <Opcode : 'read' 'write' 'readreq' 'writereq' 'writeresp'>

State 67 <SV = 66> <Delay = 14.6>
ST_67 : Operation 166 [5/68] (14.6ns)   --->   "%empty_28 = writeresp i1 @_ssdm_op_WriteResp.m_axi.p1i32, i32 %gmem_addr" [detector_solid/abs_solid_detector.cpp:358->detector_solid/abs_solid_detector.cpp:390]   --->   Operation 166 'writeresp' 'empty_28' <Predicate = true> <Delay = 14.6> <CoreInst = "m_axi">   --->   Core 113 'm_axi' <Latency = 3> <II = 1> <Delay = 1.00> <Adapter> <Opcode : 'read' 'write' 'readreq' 'writereq' 'writeresp'>

State 68 <SV = 67> <Delay = 14.6>
ST_68 : Operation 167 [4/68] (14.6ns)   --->   "%empty_28 = writeresp i1 @_ssdm_op_WriteResp.m_axi.p1i32, i32 %gmem_addr" [detector_solid/abs_solid_detector.cpp:358->detector_solid/abs_solid_detector.cpp:390]   --->   Operation 167 'writeresp' 'empty_28' <Predicate = true> <Delay = 14.6> <CoreInst = "m_axi">   --->   Core 113 'm_axi' <Latency = 3> <II = 1> <Delay = 1.00> <Adapter> <Opcode : 'read' 'write' 'readreq' 'writereq' 'writeresp'>

State 69 <SV = 68> <Delay = 14.6>
ST_69 : Operation 168 [3/68] (14.6ns)   --->   "%empty_28 = writeresp i1 @_ssdm_op_WriteResp.m_axi.p1i32, i32 %gmem_addr" [detector_solid/abs_solid_detector.cpp:358->detector_solid/abs_solid_detector.cpp:390]   --->   Operation 168 'writeresp' 'empty_28' <Predicate = true> <Delay = 14.6> <CoreInst = "m_axi">   --->   Core 113 'm_axi' <Latency = 3> <II = 1> <Delay = 1.00> <Adapter> <Opcode : 'read' 'write' 'readreq' 'writereq' 'writeresp'>

State 70 <SV = 69> <Delay = 14.6>
ST_70 : Operation 169 [2/68] (14.6ns)   --->   "%empty_28 = writeresp i1 @_ssdm_op_WriteResp.m_axi.p1i32, i32 %gmem_addr" [detector_solid/abs_solid_detector.cpp:358->detector_solid/abs_solid_detector.cpp:390]   --->   Operation 169 'writeresp' 'empty_28' <Predicate = true> <Delay = 14.6> <CoreInst = "m_axi">   --->   Core 113 'm_axi' <Latency = 3> <II = 1> <Delay = 1.00> <Adapter> <Opcode : 'read' 'write' 'readreq' 'writereq' 'writeresp'>

State 71 <SV = 70> <Delay = 14.6>
ST_71 : Operation 170 [1/68] (14.6ns)   --->   "%empty_28 = writeresp i1 @_ssdm_op_WriteResp.m_axi.p1i32, i32 %gmem_addr" [detector_solid/abs_solid_detector.cpp:358->detector_solid/abs_solid_detector.cpp:390]   --->   Operation 170 'writeresp' 'empty_28' <Predicate = true> <Delay = 14.6> <CoreInst = "m_axi">   --->   Core 113 'm_axi' <Latency = 3> <II = 1> <Delay = 1.00> <Adapter> <Opcode : 'read' 'write' 'readreq' 'writereq' 'writeresp'>
ST_71 : Operation 171 [1/1] (0.00ns)   --->   "%ret_ln390 = ret" [detector_solid/abs_solid_detector.cpp:390]   --->   Operation 171 'ret' 'ret_ln390' <Predicate = true> <Delay = 0.00>


============================================================
+ Verbose Summary: Timing violations
============================================================
Target clock period: 20ns, clock uncertainty: 5.4ns.

 <State 1>: 7.33ns
The critical path consists of the following:
	fifo read operation ('outcomeInRam_read') on port 'outcomeInRam' [8]  (3.63 ns)
	'add' operation ('empty', detector_solid/abs_solid_detector.cpp:358->detector_solid/abs_solid_detector.cpp:390) [28]  (1.56 ns)
	'shl' operation ('empty_25', detector_solid/abs_solid_detector.cpp:358->detector_solid/abs_solid_detector.cpp:390) [30]  (2.13 ns)

 <State 2>: 14.6ns
The critical path consists of the following:
	bus request operation ('empty_27', detector_solid/abs_solid_detector.cpp:358->detector_solid/abs_solid_detector.cpp:390) on port 'gmem' (detector_solid/abs_solid_detector.cpp:358->detector_solid/abs_solid_detector.cpp:390) [37]  (14.6 ns)

 <State 3>: 14.6ns
The critical path consists of the following:
	bus write operation ('write_ln358', detector_solid/abs_solid_detector.cpp:358->detector_solid/abs_solid_detector.cpp:390) on port 'gmem' (detector_solid/abs_solid_detector.cpp:358->detector_solid/abs_solid_detector.cpp:390) [38]  (14.6 ns)

 <State 4>: 14.6ns
The critical path consists of the following:
	bus response operation ('empty_28', detector_solid/abs_solid_detector.cpp:358->detector_solid/abs_solid_detector.cpp:390) on port 'gmem' (detector_solid/abs_solid_detector.cpp:358->detector_solid/abs_solid_detector.cpp:390) [39]  (14.6 ns)

 <State 5>: 14.6ns
The critical path consists of the following:
	bus response operation ('empty_28', detector_solid/abs_solid_detector.cpp:358->detector_solid/abs_solid_detector.cpp:390) on port 'gmem' (detector_solid/abs_solid_detector.cpp:358->detector_solid/abs_solid_detector.cpp:390) [39]  (14.6 ns)

 <State 6>: 14.6ns
The critical path consists of the following:
	bus response operation ('empty_28', detector_solid/abs_solid_detector.cpp:358->detector_solid/abs_solid_detector.cpp:390) on port 'gmem' (detector_solid/abs_solid_detector.cpp:358->detector_solid/abs_solid_detector.cpp:390) [39]  (14.6 ns)

 <State 7>: 14.6ns
The critical path consists of the following:
	bus response operation ('empty_28', detector_solid/abs_solid_detector.cpp:358->detector_solid/abs_solid_detector.cpp:390) on port 'gmem' (detector_solid/abs_solid_detector.cpp:358->detector_solid/abs_solid_detector.cpp:390) [39]  (14.6 ns)

 <State 8>: 14.6ns
The critical path consists of the following:
	bus response operation ('empty_28', detector_solid/abs_solid_detector.cpp:358->detector_solid/abs_solid_detector.cpp:390) on port 'gmem' (detector_solid/abs_solid_detector.cpp:358->detector_solid/abs_solid_detector.cpp:390) [39]  (14.6 ns)

 <State 9>: 14.6ns
The critical path consists of the following:
	bus response operation ('empty_28', detector_solid/abs_solid_detector.cpp:358->detector_solid/abs_solid_detector.cpp:390) on port 'gmem' (detector_solid/abs_solid_detector.cpp:358->detector_solid/abs_solid_detector.cpp:390) [39]  (14.6 ns)

 <State 10>: 14.6ns
The critical path consists of the following:
	bus response operation ('empty_28', detector_solid/abs_solid_detector.cpp:358->detector_solid/abs_solid_detector.cpp:390) on port 'gmem' (detector_solid/abs_solid_detector.cpp:358->detector_solid/abs_solid_detector.cpp:390) [39]  (14.6 ns)

 <State 11>: 14.6ns
The critical path consists of the following:
	bus response operation ('empty_28', detector_solid/abs_solid_detector.cpp:358->detector_solid/abs_solid_detector.cpp:390) on port 'gmem' (detector_solid/abs_solid_detector.cpp:358->detector_solid/abs_solid_detector.cpp:390) [39]  (14.6 ns)

 <State 12>: 14.6ns
The critical path consists of the following:
	bus response operation ('empty_28', detector_solid/abs_solid_detector.cpp:358->detector_solid/abs_solid_detector.cpp:390) on port 'gmem' (detector_solid/abs_solid_detector.cpp:358->detector_solid/abs_solid_detector.cpp:390) [39]  (14.6 ns)

 <State 13>: 14.6ns
The critical path consists of the following:
	bus response operation ('empty_28', detector_solid/abs_solid_detector.cpp:358->detector_solid/abs_solid_detector.cpp:390) on port 'gmem' (detector_solid/abs_solid_detector.cpp:358->detector_solid/abs_solid_detector.cpp:390) [39]  (14.6 ns)

 <State 14>: 14.6ns
The critical path consists of the following:
	bus response operation ('empty_28', detector_solid/abs_solid_detector.cpp:358->detector_solid/abs_solid_detector.cpp:390) on port 'gmem' (detector_solid/abs_solid_detector.cpp:358->detector_solid/abs_solid_detector.cpp:390) [39]  (14.6 ns)

 <State 15>: 14.6ns
The critical path consists of the following:
	bus response operation ('empty_28', detector_solid/abs_solid_detector.cpp:358->detector_solid/abs_solid_detector.cpp:390) on port 'gmem' (detector_solid/abs_solid_detector.cpp:358->detector_solid/abs_solid_detector.cpp:390) [39]  (14.6 ns)

 <State 16>: 14.6ns
The critical path consists of the following:
	bus response operation ('empty_28', detector_solid/abs_solid_detector.cpp:358->detector_solid/abs_solid_detector.cpp:390) on port 'gmem' (detector_solid/abs_solid_detector.cpp:358->detector_solid/abs_solid_detector.cpp:390) [39]  (14.6 ns)

 <State 17>: 14.6ns
The critical path consists of the following:
	bus response operation ('empty_28', detector_solid/abs_solid_detector.cpp:358->detector_solid/abs_solid_detector.cpp:390) on port 'gmem' (detector_solid/abs_solid_detector.cpp:358->detector_solid/abs_solid_detector.cpp:390) [39]  (14.6 ns)

 <State 18>: 14.6ns
The critical path consists of the following:
	bus response operation ('empty_28', detector_solid/abs_solid_detector.cpp:358->detector_solid/abs_solid_detector.cpp:390) on port 'gmem' (detector_solid/abs_solid_detector.cpp:358->detector_solid/abs_solid_detector.cpp:390) [39]  (14.6 ns)

 <State 19>: 14.6ns
The critical path consists of the following:
	bus response operation ('empty_28', detector_solid/abs_solid_detector.cpp:358->detector_solid/abs_solid_detector.cpp:390) on port 'gmem' (detector_solid/abs_solid_detector.cpp:358->detector_solid/abs_solid_detector.cpp:390) [39]  (14.6 ns)

 <State 20>: 14.6ns
The critical path consists of the following:
	bus response operation ('empty_28', detector_solid/abs_solid_detector.cpp:358->detector_solid/abs_solid_detector.cpp:390) on port 'gmem' (detector_solid/abs_solid_detector.cpp:358->detector_solid/abs_solid_detector.cpp:390) [39]  (14.6 ns)

 <State 21>: 14.6ns
The critical path consists of the following:
	bus response operation ('empty_28', detector_solid/abs_solid_detector.cpp:358->detector_solid/abs_solid_detector.cpp:390) on port 'gmem' (detector_solid/abs_solid_detector.cpp:358->detector_solid/abs_solid_detector.cpp:390) [39]  (14.6 ns)

 <State 22>: 14.6ns
The critical path consists of the following:
	bus response operation ('empty_28', detector_solid/abs_solid_detector.cpp:358->detector_solid/abs_solid_detector.cpp:390) on port 'gmem' (detector_solid/abs_solid_detector.cpp:358->detector_solid/abs_solid_detector.cpp:390) [39]  (14.6 ns)

 <State 23>: 14.6ns
The critical path consists of the following:
	bus response operation ('empty_28', detector_solid/abs_solid_detector.cpp:358->detector_solid/abs_solid_detector.cpp:390) on port 'gmem' (detector_solid/abs_solid_detector.cpp:358->detector_solid/abs_solid_detector.cpp:390) [39]  (14.6 ns)

 <State 24>: 14.6ns
The critical path consists of the following:
	bus response operation ('empty_28', detector_solid/abs_solid_detector.cpp:358->detector_solid/abs_solid_detector.cpp:390) on port 'gmem' (detector_solid/abs_solid_detector.cpp:358->detector_solid/abs_solid_detector.cpp:390) [39]  (14.6 ns)

 <State 25>: 14.6ns
The critical path consists of the following:
	bus response operation ('empty_28', detector_solid/abs_solid_detector.cpp:358->detector_solid/abs_solid_detector.cpp:390) on port 'gmem' (detector_solid/abs_solid_detector.cpp:358->detector_solid/abs_solid_detector.cpp:390) [39]  (14.6 ns)

 <State 26>: 14.6ns
The critical path consists of the following:
	bus response operation ('empty_28', detector_solid/abs_solid_detector.cpp:358->detector_solid/abs_solid_detector.cpp:390) on port 'gmem' (detector_solid/abs_solid_detector.cpp:358->detector_solid/abs_solid_detector.cpp:390) [39]  (14.6 ns)

 <State 27>: 14.6ns
The critical path consists of the following:
	bus response operation ('empty_28', detector_solid/abs_solid_detector.cpp:358->detector_solid/abs_solid_detector.cpp:390) on port 'gmem' (detector_solid/abs_solid_detector.cpp:358->detector_solid/abs_solid_detector.cpp:390) [39]  (14.6 ns)

 <State 28>: 14.6ns
The critical path consists of the following:
	bus response operation ('empty_28', detector_solid/abs_solid_detector.cpp:358->detector_solid/abs_solid_detector.cpp:390) on port 'gmem' (detector_solid/abs_solid_detector.cpp:358->detector_solid/abs_solid_detector.cpp:390) [39]  (14.6 ns)

 <State 29>: 14.6ns
The critical path consists of the following:
	bus response operation ('empty_28', detector_solid/abs_solid_detector.cpp:358->detector_solid/abs_solid_detector.cpp:390) on port 'gmem' (detector_solid/abs_solid_detector.cpp:358->detector_solid/abs_solid_detector.cpp:390) [39]  (14.6 ns)

 <State 30>: 14.6ns
The critical path consists of the following:
	bus response operation ('empty_28', detector_solid/abs_solid_detector.cpp:358->detector_solid/abs_solid_detector.cpp:390) on port 'gmem' (detector_solid/abs_solid_detector.cpp:358->detector_solid/abs_solid_detector.cpp:390) [39]  (14.6 ns)

 <State 31>: 14.6ns
The critical path consists of the following:
	bus response operation ('empty_28', detector_solid/abs_solid_detector.cpp:358->detector_solid/abs_solid_detector.cpp:390) on port 'gmem' (detector_solid/abs_solid_detector.cpp:358->detector_solid/abs_solid_detector.cpp:390) [39]  (14.6 ns)

 <State 32>: 14.6ns
The critical path consists of the following:
	bus response operation ('empty_28', detector_solid/abs_solid_detector.cpp:358->detector_solid/abs_solid_detector.cpp:390) on port 'gmem' (detector_solid/abs_solid_detector.cpp:358->detector_solid/abs_solid_detector.cpp:390) [39]  (14.6 ns)

 <State 33>: 14.6ns
The critical path consists of the following:
	bus response operation ('empty_28', detector_solid/abs_solid_detector.cpp:358->detector_solid/abs_solid_detector.cpp:390) on port 'gmem' (detector_solid/abs_solid_detector.cpp:358->detector_solid/abs_solid_detector.cpp:390) [39]  (14.6 ns)

 <State 34>: 14.6ns
The critical path consists of the following:
	bus response operation ('empty_28', detector_solid/abs_solid_detector.cpp:358->detector_solid/abs_solid_detector.cpp:390) on port 'gmem' (detector_solid/abs_solid_detector.cpp:358->detector_solid/abs_solid_detector.cpp:390) [39]  (14.6 ns)

 <State 35>: 14.6ns
The critical path consists of the following:
	bus response operation ('empty_28', detector_solid/abs_solid_detector.cpp:358->detector_solid/abs_solid_detector.cpp:390) on port 'gmem' (detector_solid/abs_solid_detector.cpp:358->detector_solid/abs_solid_detector.cpp:390) [39]  (14.6 ns)

 <State 36>: 14.6ns
The critical path consists of the following:
	bus response operation ('empty_28', detector_solid/abs_solid_detector.cpp:358->detector_solid/abs_solid_detector.cpp:390) on port 'gmem' (detector_solid/abs_solid_detector.cpp:358->detector_solid/abs_solid_detector.cpp:390) [39]  (14.6 ns)

 <State 37>: 14.6ns
The critical path consists of the following:
	bus response operation ('empty_28', detector_solid/abs_solid_detector.cpp:358->detector_solid/abs_solid_detector.cpp:390) on port 'gmem' (detector_solid/abs_solid_detector.cpp:358->detector_solid/abs_solid_detector.cpp:390) [39]  (14.6 ns)

 <State 38>: 14.6ns
The critical path consists of the following:
	bus response operation ('empty_28', detector_solid/abs_solid_detector.cpp:358->detector_solid/abs_solid_detector.cpp:390) on port 'gmem' (detector_solid/abs_solid_detector.cpp:358->detector_solid/abs_solid_detector.cpp:390) [39]  (14.6 ns)

 <State 39>: 14.6ns
The critical path consists of the following:
	bus response operation ('empty_28', detector_solid/abs_solid_detector.cpp:358->detector_solid/abs_solid_detector.cpp:390) on port 'gmem' (detector_solid/abs_solid_detector.cpp:358->detector_solid/abs_solid_detector.cpp:390) [39]  (14.6 ns)

 <State 40>: 14.6ns
The critical path consists of the following:
	bus response operation ('empty_28', detector_solid/abs_solid_detector.cpp:358->detector_solid/abs_solid_detector.cpp:390) on port 'gmem' (detector_solid/abs_solid_detector.cpp:358->detector_solid/abs_solid_detector.cpp:390) [39]  (14.6 ns)

 <State 41>: 14.6ns
The critical path consists of the following:
	bus response operation ('empty_28', detector_solid/abs_solid_detector.cpp:358->detector_solid/abs_solid_detector.cpp:390) on port 'gmem' (detector_solid/abs_solid_detector.cpp:358->detector_solid/abs_solid_detector.cpp:390) [39]  (14.6 ns)

 <State 42>: 14.6ns
The critical path consists of the following:
	bus response operation ('empty_28', detector_solid/abs_solid_detector.cpp:358->detector_solid/abs_solid_detector.cpp:390) on port 'gmem' (detector_solid/abs_solid_detector.cpp:358->detector_solid/abs_solid_detector.cpp:390) [39]  (14.6 ns)

 <State 43>: 14.6ns
The critical path consists of the following:
	bus response operation ('empty_28', detector_solid/abs_solid_detector.cpp:358->detector_solid/abs_solid_detector.cpp:390) on port 'gmem' (detector_solid/abs_solid_detector.cpp:358->detector_solid/abs_solid_detector.cpp:390) [39]  (14.6 ns)

 <State 44>: 14.6ns
The critical path consists of the following:
	bus response operation ('empty_28', detector_solid/abs_solid_detector.cpp:358->detector_solid/abs_solid_detector.cpp:390) on port 'gmem' (detector_solid/abs_solid_detector.cpp:358->detector_solid/abs_solid_detector.cpp:390) [39]  (14.6 ns)

 <State 45>: 14.6ns
The critical path consists of the following:
	bus response operation ('empty_28', detector_solid/abs_solid_detector.cpp:358->detector_solid/abs_solid_detector.cpp:390) on port 'gmem' (detector_solid/abs_solid_detector.cpp:358->detector_solid/abs_solid_detector.cpp:390) [39]  (14.6 ns)

 <State 46>: 14.6ns
The critical path consists of the following:
	bus response operation ('empty_28', detector_solid/abs_solid_detector.cpp:358->detector_solid/abs_solid_detector.cpp:390) on port 'gmem' (detector_solid/abs_solid_detector.cpp:358->detector_solid/abs_solid_detector.cpp:390) [39]  (14.6 ns)

 <State 47>: 14.6ns
The critical path consists of the following:
	bus response operation ('empty_28', detector_solid/abs_solid_detector.cpp:358->detector_solid/abs_solid_detector.cpp:390) on port 'gmem' (detector_solid/abs_solid_detector.cpp:358->detector_solid/abs_solid_detector.cpp:390) [39]  (14.6 ns)

 <State 48>: 14.6ns
The critical path consists of the following:
	bus response operation ('empty_28', detector_solid/abs_solid_detector.cpp:358->detector_solid/abs_solid_detector.cpp:390) on port 'gmem' (detector_solid/abs_solid_detector.cpp:358->detector_solid/abs_solid_detector.cpp:390) [39]  (14.6 ns)

 <State 49>: 14.6ns
The critical path consists of the following:
	bus response operation ('empty_28', detector_solid/abs_solid_detector.cpp:358->detector_solid/abs_solid_detector.cpp:390) on port 'gmem' (detector_solid/abs_solid_detector.cpp:358->detector_solid/abs_solid_detector.cpp:390) [39]  (14.6 ns)

 <State 50>: 14.6ns
The critical path consists of the following:
	bus response operation ('empty_28', detector_solid/abs_solid_detector.cpp:358->detector_solid/abs_solid_detector.cpp:390) on port 'gmem' (detector_solid/abs_solid_detector.cpp:358->detector_solid/abs_solid_detector.cpp:390) [39]  (14.6 ns)

 <State 51>: 14.6ns
The critical path consists of the following:
	bus response operation ('empty_28', detector_solid/abs_solid_detector.cpp:358->detector_solid/abs_solid_detector.cpp:390) on port 'gmem' (detector_solid/abs_solid_detector.cpp:358->detector_solid/abs_solid_detector.cpp:390) [39]  (14.6 ns)

 <State 52>: 14.6ns
The critical path consists of the following:
	bus response operation ('empty_28', detector_solid/abs_solid_detector.cpp:358->detector_solid/abs_solid_detector.cpp:390) on port 'gmem' (detector_solid/abs_solid_detector.cpp:358->detector_solid/abs_solid_detector.cpp:390) [39]  (14.6 ns)

 <State 53>: 14.6ns
The critical path consists of the following:
	bus response operation ('empty_28', detector_solid/abs_solid_detector.cpp:358->detector_solid/abs_solid_detector.cpp:390) on port 'gmem' (detector_solid/abs_solid_detector.cpp:358->detector_solid/abs_solid_detector.cpp:390) [39]  (14.6 ns)

 <State 54>: 14.6ns
The critical path consists of the following:
	bus response operation ('empty_28', detector_solid/abs_solid_detector.cpp:358->detector_solid/abs_solid_detector.cpp:390) on port 'gmem' (detector_solid/abs_solid_detector.cpp:358->detector_solid/abs_solid_detector.cpp:390) [39]  (14.6 ns)

 <State 55>: 14.6ns
The critical path consists of the following:
	bus response operation ('empty_28', detector_solid/abs_solid_detector.cpp:358->detector_solid/abs_solid_detector.cpp:390) on port 'gmem' (detector_solid/abs_solid_detector.cpp:358->detector_solid/abs_solid_detector.cpp:390) [39]  (14.6 ns)

 <State 56>: 14.6ns
The critical path consists of the following:
	bus response operation ('empty_28', detector_solid/abs_solid_detector.cpp:358->detector_solid/abs_solid_detector.cpp:390) on port 'gmem' (detector_solid/abs_solid_detector.cpp:358->detector_solid/abs_solid_detector.cpp:390) [39]  (14.6 ns)

 <State 57>: 14.6ns
The critical path consists of the following:
	bus response operation ('empty_28', detector_solid/abs_solid_detector.cpp:358->detector_solid/abs_solid_detector.cpp:390) on port 'gmem' (detector_solid/abs_solid_detector.cpp:358->detector_solid/abs_solid_detector.cpp:390) [39]  (14.6 ns)

 <State 58>: 14.6ns
The critical path consists of the following:
	bus response operation ('empty_28', detector_solid/abs_solid_detector.cpp:358->detector_solid/abs_solid_detector.cpp:390) on port 'gmem' (detector_solid/abs_solid_detector.cpp:358->detector_solid/abs_solid_detector.cpp:390) [39]  (14.6 ns)

 <State 59>: 14.6ns
The critical path consists of the following:
	bus response operation ('empty_28', detector_solid/abs_solid_detector.cpp:358->detector_solid/abs_solid_detector.cpp:390) on port 'gmem' (detector_solid/abs_solid_detector.cpp:358->detector_solid/abs_solid_detector.cpp:390) [39]  (14.6 ns)

 <State 60>: 14.6ns
The critical path consists of the following:
	bus response operation ('empty_28', detector_solid/abs_solid_detector.cpp:358->detector_solid/abs_solid_detector.cpp:390) on port 'gmem' (detector_solid/abs_solid_detector.cpp:358->detector_solid/abs_solid_detector.cpp:390) [39]  (14.6 ns)

 <State 61>: 14.6ns
The critical path consists of the following:
	bus response operation ('empty_28', detector_solid/abs_solid_detector.cpp:358->detector_solid/abs_solid_detector.cpp:390) on port 'gmem' (detector_solid/abs_solid_detector.cpp:358->detector_solid/abs_solid_detector.cpp:390) [39]  (14.6 ns)

 <State 62>: 14.6ns
The critical path consists of the following:
	bus response operation ('empty_28', detector_solid/abs_solid_detector.cpp:358->detector_solid/abs_solid_detector.cpp:390) on port 'gmem' (detector_solid/abs_solid_detector.cpp:358->detector_solid/abs_solid_detector.cpp:390) [39]  (14.6 ns)

 <State 63>: 14.6ns
The critical path consists of the following:
	bus response operation ('empty_28', detector_solid/abs_solid_detector.cpp:358->detector_solid/abs_solid_detector.cpp:390) on port 'gmem' (detector_solid/abs_solid_detector.cpp:358->detector_solid/abs_solid_detector.cpp:390) [39]  (14.6 ns)

 <State 64>: 14.6ns
The critical path consists of the following:
	bus response operation ('empty_28', detector_solid/abs_solid_detector.cpp:358->detector_solid/abs_solid_detector.cpp:390) on port 'gmem' (detector_solid/abs_solid_detector.cpp:358->detector_solid/abs_solid_detector.cpp:390) [39]  (14.6 ns)

 <State 65>: 14.6ns
The critical path consists of the following:
	bus response operation ('empty_28', detector_solid/abs_solid_detector.cpp:358->detector_solid/abs_solid_detector.cpp:390) on port 'gmem' (detector_solid/abs_solid_detector.cpp:358->detector_solid/abs_solid_detector.cpp:390) [39]  (14.6 ns)

 <State 66>: 14.6ns
The critical path consists of the following:
	bus response operation ('empty_28', detector_solid/abs_solid_detector.cpp:358->detector_solid/abs_solid_detector.cpp:390) on port 'gmem' (detector_solid/abs_solid_detector.cpp:358->detector_solid/abs_solid_detector.cpp:390) [39]  (14.6 ns)

 <State 67>: 14.6ns
The critical path consists of the following:
	bus response operation ('empty_28', detector_solid/abs_solid_detector.cpp:358->detector_solid/abs_solid_detector.cpp:390) on port 'gmem' (detector_solid/abs_solid_detector.cpp:358->detector_solid/abs_solid_detector.cpp:390) [39]  (14.6 ns)

 <State 68>: 14.6ns
The critical path consists of the following:
	bus response operation ('empty_28', detector_solid/abs_solid_detector.cpp:358->detector_solid/abs_solid_detector.cpp:390) on port 'gmem' (detector_solid/abs_solid_detector.cpp:358->detector_solid/abs_solid_detector.cpp:390) [39]  (14.6 ns)

 <State 69>: 14.6ns
The critical path consists of the following:
	bus response operation ('empty_28', detector_solid/abs_solid_detector.cpp:358->detector_solid/abs_solid_detector.cpp:390) on port 'gmem' (detector_solid/abs_solid_detector.cpp:358->detector_solid/abs_solid_detector.cpp:390) [39]  (14.6 ns)

 <State 70>: 14.6ns
The critical path consists of the following:
	bus response operation ('empty_28', detector_solid/abs_solid_detector.cpp:358->detector_solid/abs_solid_detector.cpp:390) on port 'gmem' (detector_solid/abs_solid_detector.cpp:358->detector_solid/abs_solid_detector.cpp:390) [39]  (14.6 ns)

 <State 71>: 14.6ns
The critical path consists of the following:
	bus response operation ('empty_28', detector_solid/abs_solid_detector.cpp:358->detector_solid/abs_solid_detector.cpp:390) on port 'gmem' (detector_solid/abs_solid_detector.cpp:358->detector_solid/abs_solid_detector.cpp:390) [39]  (14.6 ns)


============================================================
+ Verbose Summary: Binding
============================================================
N/A
* FSMD analyzer results:
  - Output states:
 - Input state : 
  - Chain level:
	State 1
	State 2
	State 3
	State 4
	State 5
	State 6
	State 7
	State 8
	State 9
	State 10
	State 11
	State 12
	State 13
	State 14
	State 15
	State 16
	State 17
	State 18
	State 19
	State 20
	State 21
	State 22
	State 23
	State 24
	State 25
	State 26
	State 27
	State 28
	State 29
	State 30
	State 31
	State 32
	State 33
	State 34
	State 35
	State 36
	State 37
	State 38
	State 39
	State 40
	State 41
	State 42
	State 43
	State 44
	State 45
	State 46
	State 47
	State 48
	State 49
	State 50
	State 51
	State 52
	State 53
	State 54
	State 55
	State 56
	State 57
	State 58
	State 59
	State 60
	State 61
	State 62
	State 63
	State 64
	State 65
	State 66
	State 67
	State 68
	State 69
	State 70
	State 71


============================================================
+ Verbose Summary: Datapath Resource usage 
============================================================
N/A
