

================================================================
== Vitis HLS Report for 'writeOutcome'
================================================================
* Date:           Mon Sep 19 22:17:42 2022

* Version:        2021.2 (Build 3367213 on Tue Oct 19 02:48:09 MDT 2021)
* Project:        detector_solid
* Solution:       solution1 (Vitis Kernel Flow Target)
* Product family: zynq
* Target device:  xc7z020-clg484-1


================================================================
== Performance Estimates
================================================================
+ Timing: 
    * Summary: 
    +--------+----------+-----------+------------+
    |  Clock |  Target  | Estimated | Uncertainty|
    +--------+----------+-----------+------------+
    |ap_clk  |  20.00 ns|  14.600 ns|     5.40 ns|
    +--------+----------+-----------+------------+

+ Latency: 
    * Summary: 
    +---------+---------+----------+----------+-----+-----+---------+
    |  Latency (cycles) |  Latency (absolute) |  Interval | Pipeline|
    |   min   |   max   |    min   |    max   | min | max |   Type  |
    +---------+---------+----------+----------+-----+-----+---------+
    |       70|       70|  1.400 us|  1.400 us|    2|    2|      yes|
    +---------+---------+----------+----------+-----+-----+---------+

    + Detail: 
        * Instance: 
        N/A

        * Loop: 
        N/A

============================================================
+ Verbose Summary: Synthesis Manager
============================================================
InlineROM: 1
ExposeGlobal: 0
============================================================
+ Verbose Summary: CDFG Model
============================================================
IsTopModel: 0
ResetActiveHigh: 1
IsCombinational: 2
IsDatapathOnly: 0
HasWiredReturn: 1
HasMFsm: 2
HasVarLatency: 0
IsPipeline: 1
IsRtlPipelined: 1
IsInstanceOverlapped: 0
IsDontTouch: 0
HasImplIP: 0
IsGatedGlobalClock: 0

+ Individual pipeline summary: 
  * Pipeline-0: initiation interval (II) = 2, depth = 71


============================================================
+ Verbose Summary: Schedule
============================================================
* Number of FSM states : 71
* Pipeline : 1
  Pipeline-0 : II = 2, D = 71, States = { 1 2 3 4 5 6 7 8 9 10 11 12 13 14 15 16 17 18 19 20 21 22 23 24 25 26 27 28 29 30 31 32 33 34 35 36 37 38 39 40 41 42 43 44 45 46 47 48 49 50 51 52 53 54 55 56 57 58 59 60 61 62 63 64 65 66 67 68 69 70 71 }
* Dataflow Pipeline: 0

* FSM state transitions: 
1 --> 2 
2 --> 3 
3 --> 4 
4 --> 5 
5 --> 6 
6 --> 7 
7 --> 8 
8 --> 9 
9 --> 10 
10 --> 11 
11 --> 12 
12 --> 13 
13 --> 14 
14 --> 15 
15 --> 16 
16 --> 17 
17 --> 18 
18 --> 19 
19 --> 20 
20 --> 21 
21 --> 22 
22 --> 23 
23 --> 24 
24 --> 25 
25 --> 26 
26 --> 27 
27 --> 28 
28 --> 29 
29 --> 30 
30 --> 31 
31 --> 32 
32 --> 33 
33 --> 34 
34 --> 35 
35 --> 36 
36 --> 37 
37 --> 38 
38 --> 39 
39 --> 40 
40 --> 41 
41 --> 42 
42 --> 43 
43 --> 44 
44 --> 45 
45 --> 46 
46 --> 47 
47 --> 48 
48 --> 49 
49 --> 50 
50 --> 51 
51 --> 52 
52 --> 53 
53 --> 54 
54 --> 55 
55 --> 56 
56 --> 57 
57 --> 58 
58 --> 59 
59 --> 60 
60 --> 61 
61 --> 62 
62 --> 63 
63 --> 64 
64 --> 65 
65 --> 66 
66 --> 67 
67 --> 68 
68 --> 69 
69 --> 70 
70 --> 71 
71 --> 

* FSM state operations: 

State 1 <SV = 0> <Delay = 9.26>
ST_1 : Operation 72 [1/1] (3.63ns)   --->   "%p_read_1 = read i1 @_ssdm_op_Read.ap_auto.i1, i1 %p_read1" [detector_solid/abs_solid_detector.cpp:349->detector_solid/abs_solid_detector.cpp:422]   --->   Operation 72 'read' 'p_read_1' <Predicate = true> <Delay = 3.63> <CoreInst = "FIFO_SRL">   --->   Core 81 'FIFO_SRL' <Latency = 0> <II = 1> <Delay = 3.63> <Storage> <Opcode : 'read' 'write' 'nbread' 'nbwrite'> <Ports = 0> <Width = 1> <Depth = -1> <FIFO>
ST_1 : Operation 73 [1/1] (3.63ns)   --->   "%p_read_2 = read i16 @_ssdm_op_Read.ap_auto.i16, i16 %p_read" [detector_solid/abs_solid_detector.cpp:349->detector_solid/abs_solid_detector.cpp:422]   --->   Operation 73 'read' 'p_read_2' <Predicate = true> <Delay = 3.63> <CoreInst = "FIFO_SRL">   --->   Core 81 'FIFO_SRL' <Latency = 0> <II = 1> <Delay = 3.63> <Storage> <Opcode : 'read' 'write' 'nbread' 'nbwrite'> <Ports = 0> <Width = 16> <Depth = -1> <FIFO>
ST_1 : Operation 74 [1/1] (0.00ns)   --->   "%sharedMem_read = read i64 @_ssdm_op_Read.ap_auto.i64, i64 %sharedMem" [detector_solid/abs_solid_detector.cpp:349->detector_solid/abs_solid_detector.cpp:422]   --->   Operation 74 'read' 'sharedMem_read' <Predicate = true> <Delay = 0.00>
ST_1 : Operation 75 [1/1] (0.00ns)   --->   "%trunc_ln396 = trunc i64 %sharedMem_read" [detector_solid/abs_solid_detector.cpp:396]   --->   Operation 75 'trunc' 'trunc_ln396' <Predicate = true> <Delay = 0.00>
ST_1 : Operation 76 [1/1] (0.00ns)   --->   "%specinterface_ln0 = specinterface void @_ssdm_op_SpecInterface, i8 %toScheduler, void @empty_12, i32 0, i32 0, void @empty_13, i32 0, i32 0, void @empty_9, void @empty_9, void @empty_9, i32 0, i32 0, i32 0, i32 0, void @empty_9, void @empty_9"   --->   Operation 76 'specinterface' 'specinterface_ln0' <Predicate = true> <Delay = 0.00>
ST_1 : Operation 77 [1/1] (0.00ns)   --->   "%specinterface_ln0 = specinterface void @_ssdm_op_SpecInterface, i256 %gmem, void @empty_8, i32 0, i32 0, void @empty_9, i32 64, i32 0, void @empty_10, void @empty_11, void @empty_9, i32 16, i32 16, i32 16, i32 16, void @empty_9, void @empty_9"   --->   Operation 77 'specinterface' 'specinterface_ln0' <Predicate = true> <Delay = 0.00>
ST_1 : Operation 78 [1/1] (0.00ns)   --->   "%specpipeline_ln349 = specpipeline void @_ssdm_op_SpecPipeline, i32 2, i32 0, i32 0, i32 0, void @empty_9" [detector_solid/abs_solid_detector.cpp:349->detector_solid/abs_solid_detector.cpp:422]   --->   Operation 78 'specpipeline' 'specpipeline_ln349' <Predicate = true> <Delay = 0.00>
ST_1 : Operation 79 [1/1] (0.00ns)   --->   "%br_ln357 = br i1 %p_read_1, void %writeOutcome.exit, void" [detector_solid/abs_solid_detector.cpp:357->detector_solid/abs_solid_detector.cpp:422]   --->   Operation 79 'br' 'br_ln357' <Predicate = true> <Delay = 0.00>
ST_1 : Operation 80 [1/1] (0.00ns)   --->   "%trunc_ln70 = trunc i16 %p_read_2"   --->   Operation 80 'trunc' 'trunc_ln70' <Predicate = (p_read_1)> <Delay = 0.00>
ST_1 : Operation 81 [1/1] (0.00ns)   --->   "%shl_ln = bitconcatenate i17 @_ssdm_op_BitConcatenate.i17.i16.i1, i16 %p_read_2, i1 0" [detector_solid/abs_solid_detector.cpp:359->detector_solid/abs_solid_detector.cpp:422]   --->   Operation 81 'bitconcatenate' 'shl_ln' <Predicate = true> <Delay = 0.00>
ST_1 : Operation 82 [1/1] (0.00ns)   --->   "%sext_ln359 = sext i17 %shl_ln" [detector_solid/abs_solid_detector.cpp:359->detector_solid/abs_solid_detector.cpp:422]   --->   Operation 82 'sext' 'sext_ln359' <Predicate = true> <Delay = 0.00>
ST_1 : Operation 83 [1/1] (0.00ns)   --->   "%trunc_ln359 = trunc i16 %p_read_2" [detector_solid/abs_solid_detector.cpp:359->detector_solid/abs_solid_detector.cpp:422]   --->   Operation 83 'trunc' 'trunc_ln359' <Predicate = true> <Delay = 0.00>
ST_1 : Operation 84 [1/1] (0.00ns)   --->   "%trunc_ln2 = bitconcatenate i5 @_ssdm_op_BitConcatenate.i5.i4.i1, i4 %trunc_ln359, i1 0" [detector_solid/abs_solid_detector.cpp:359->detector_solid/abs_solid_detector.cpp:422]   --->   Operation 84 'bitconcatenate' 'trunc_ln2' <Predicate = true> <Delay = 0.00>
ST_1 : Operation 85 [1/1] (2.10ns)   --->   "%add_ln359_1 = add i18 %sext_ln359, i18 16384" [detector_solid/abs_solid_detector.cpp:359->detector_solid/abs_solid_detector.cpp:422]   --->   Operation 85 'add' 'add_ln359_1' <Predicate = true> <Delay = 2.10> <CoreInst = "Adder">   --->   Core 1 'Adder' <Latency = 0> <II = 1> <Delay = 1.78> <FuncUnit> <Opcode : 'add' 'sub'> <InPorts = 2> <OutPorts = 1>
ST_1 : Operation 86 [1/1] (0.00ns)   --->   "%sext_ln359_1 = sext i18 %add_ln359_1" [detector_solid/abs_solid_detector.cpp:359->detector_solid/abs_solid_detector.cpp:422]   --->   Operation 86 'sext' 'sext_ln359_1' <Predicate = true> <Delay = 0.00>
ST_1 : Operation 87 [1/1] (3.52ns)   --->   "%add_ln359 = add i64 %sext_ln359_1, i64 %sharedMem_read" [detector_solid/abs_solid_detector.cpp:359->detector_solid/abs_solid_detector.cpp:422]   --->   Operation 87 'add' 'add_ln359' <Predicate = true> <Delay = 3.52> <CoreInst = "Adder">   --->   Core 1 'Adder' <Latency = 0> <II = 1> <Delay = 1.78> <FuncUnit> <Opcode : 'add' 'sub'> <InPorts = 2> <OutPorts = 1>
ST_1 : Operation 88 [1/1] (1.78ns)   --->   "%empty = add i5 %trunc_ln2, i5 %trunc_ln396" [detector_solid/abs_solid_detector.cpp:359->detector_solid/abs_solid_detector.cpp:422]   --->   Operation 88 'add' 'empty' <Predicate = true> <Delay = 1.78> <CoreInst = "Adder">   --->   Core 1 'Adder' <Latency = 0> <II = 1> <Delay = 1.78> <FuncUnit> <Opcode : 'add' 'sub'> <InPorts = 2> <OutPorts = 1>
ST_1 : Operation 89 [1/1] (0.00ns)   --->   "%p_cast3_i = zext i5 %empty" [detector_solid/abs_solid_detector.cpp:359->detector_solid/abs_solid_detector.cpp:422]   --->   Operation 89 'zext' 'p_cast3_i' <Predicate = true> <Delay = 0.00>
ST_1 : Operation 90 [1/1] (2.66ns)   --->   "%empty_25 = shl i32 3, i32 %p_cast3_i" [detector_solid/abs_solid_detector.cpp:359->detector_solid/abs_solid_detector.cpp:422]   --->   Operation 90 'shl' 'empty_25' <Predicate = true> <Delay = 2.66> <CoreInst = "Shifter">   --->   Core 75 'Shifter' <Latency = 0> <II = 1> <Delay = 3.25> <FuncUnit> <Opcode : 'shl' 'lshr' 'ashr'> <InPorts = 2> <OutPorts = 1>
ST_1 : Operation 91 [1/1] (0.00ns)   --->   "%p_cast1_i = partselect i59 @_ssdm_op_PartSelect.i59.i64.i32.i32, i64 %add_ln359, i32 5, i32 63" [detector_solid/abs_solid_detector.cpp:359->detector_solid/abs_solid_detector.cpp:422]   --->   Operation 91 'partselect' 'p_cast1_i' <Predicate = true> <Delay = 0.00>

State 2 <SV = 1> <Delay = 14.6>
ST_2 : Operation 92 [1/1] (0.00ns)   --->   "%tmp_1 = bitconcatenate i9 @_ssdm_op_BitConcatenate.i9.i8.i1, i8 128, i1 %p_read_1" [detector_solid/abs_solid_detector.cpp:349->detector_solid/abs_solid_detector.cpp:422]   --->   Operation 92 'bitconcatenate' 'tmp_1' <Predicate = true> <Delay = 0.00>
ST_2 : Operation 93 [1/1] (0.00ns)   --->   "%p_cast2_i = zext i9 %tmp_1" [detector_solid/abs_solid_detector.cpp:349->detector_solid/abs_solid_detector.cpp:422]   --->   Operation 93 'zext' 'p_cast2_i' <Predicate = true> <Delay = 0.00>
ST_2 : Operation 94 [1/1] (0.00ns)   --->   "%tmp_2 = bitconcatenate i8 @_ssdm_op_BitConcatenate.i8.i5.i3, i5 %empty, i3 0" [detector_solid/abs_solid_detector.cpp:359->detector_solid/abs_solid_detector.cpp:422]   --->   Operation 94 'bitconcatenate' 'tmp_2' <Predicate = true> <Delay = 0.00>
ST_2 : Operation 95 [1/1] (0.00ns)   --->   "%p_cast4_i = zext i8 %tmp_2" [detector_solid/abs_solid_detector.cpp:359->detector_solid/abs_solid_detector.cpp:422]   --->   Operation 95 'zext' 'p_cast4_i' <Predicate = true> <Delay = 0.00>
ST_2 : Operation 96 [1/1] (3.25ns)   --->   "%empty_26 = shl i256 %p_cast2_i, i256 %p_cast4_i" [detector_solid/abs_solid_detector.cpp:349->detector_solid/abs_solid_detector.cpp:422]   --->   Operation 96 'shl' 'empty_26' <Predicate = true> <Delay = 3.25> <CoreInst = "Shifter">   --->   Core 75 'Shifter' <Latency = 0> <II = 1> <Delay = 3.25> <FuncUnit> <Opcode : 'shl' 'lshr' 'ashr'> <InPorts = 2> <OutPorts = 1>
ST_2 : Operation 97 [1/1] (0.00ns)   --->   "%p_cast1_cast_i = sext i59 %p_cast1_i" [detector_solid/abs_solid_detector.cpp:359->detector_solid/abs_solid_detector.cpp:422]   --->   Operation 97 'sext' 'p_cast1_cast_i' <Predicate = true> <Delay = 0.00>
ST_2 : Operation 98 [1/1] (0.00ns)   --->   "%gmem_addr = getelementptr i256 %gmem, i64 %p_cast1_cast_i" [detector_solid/abs_solid_detector.cpp:359->detector_solid/abs_solid_detector.cpp:422]   --->   Operation 98 'getelementptr' 'gmem_addr' <Predicate = true> <Delay = 0.00>
ST_2 : Operation 99 [1/1] (14.6ns)   --->   "%empty_27 = writereq i1 @_ssdm_op_WriteReq.m_axi.p1i256, i256 %gmem_addr, i32 1" [detector_solid/abs_solid_detector.cpp:359->detector_solid/abs_solid_detector.cpp:422]   --->   Operation 99 'writereq' 'empty_27' <Predicate = true> <Delay = 14.6> <CoreInst = "m_axi">   --->   Core 113 'm_axi' <Latency = 5> <II = 1> <Delay = 1.00> <Adapter> <Opcode : 'read' 'write' 'readreq' 'writereq' 'writeresp'>

State 3 <SV = 2> <Delay = 14.6>
ST_3 : Operation 100 [1/1] (14.6ns)   --->   "%write_ln359 = write void @_ssdm_op_Write.m_axi.p1i256, i256 %gmem_addr, i256 %empty_26, i32 %empty_25" [detector_solid/abs_solid_detector.cpp:359->detector_solid/abs_solid_detector.cpp:422]   --->   Operation 100 'write' 'write_ln359' <Predicate = true> <Delay = 14.6> <CoreInst = "m_axi">   --->   Core 113 'm_axi' <Latency = 5> <II = 1> <Delay = 1.00> <Adapter> <Opcode : 'read' 'write' 'readreq' 'writereq' 'writeresp'>

State 4 <SV = 3> <Delay = 14.6>
ST_4 : Operation 101 [68/68] (14.6ns)   --->   "%empty_28 = writeresp i1 @_ssdm_op_WriteResp.m_axi.p1i256, i256 %gmem_addr" [detector_solid/abs_solid_detector.cpp:359->detector_solid/abs_solid_detector.cpp:422]   --->   Operation 101 'writeresp' 'empty_28' <Predicate = true> <Delay = 14.6> <CoreInst = "m_axi">   --->   Core 113 'm_axi' <Latency = 3> <II = 1> <Delay = 1.00> <Adapter> <Opcode : 'read' 'write' 'readreq' 'writereq' 'writeresp'>

State 5 <SV = 4> <Delay = 14.6>
ST_5 : Operation 102 [67/68] (14.6ns)   --->   "%empty_28 = writeresp i1 @_ssdm_op_WriteResp.m_axi.p1i256, i256 %gmem_addr" [detector_solid/abs_solid_detector.cpp:359->detector_solid/abs_solid_detector.cpp:422]   --->   Operation 102 'writeresp' 'empty_28' <Predicate = true> <Delay = 14.6> <CoreInst = "m_axi">   --->   Core 113 'm_axi' <Latency = 3> <II = 1> <Delay = 1.00> <Adapter> <Opcode : 'read' 'write' 'readreq' 'writereq' 'writeresp'>

State 6 <SV = 5> <Delay = 14.6>
ST_6 : Operation 103 [66/68] (14.6ns)   --->   "%empty_28 = writeresp i1 @_ssdm_op_WriteResp.m_axi.p1i256, i256 %gmem_addr" [detector_solid/abs_solid_detector.cpp:359->detector_solid/abs_solid_detector.cpp:422]   --->   Operation 103 'writeresp' 'empty_28' <Predicate = true> <Delay = 14.6> <CoreInst = "m_axi">   --->   Core 113 'm_axi' <Latency = 3> <II = 1> <Delay = 1.00> <Adapter> <Opcode : 'read' 'write' 'readreq' 'writereq' 'writeresp'>

State 7 <SV = 6> <Delay = 14.6>
ST_7 : Operation 104 [65/68] (14.6ns)   --->   "%empty_28 = writeresp i1 @_ssdm_op_WriteResp.m_axi.p1i256, i256 %gmem_addr" [detector_solid/abs_solid_detector.cpp:359->detector_solid/abs_solid_detector.cpp:422]   --->   Operation 104 'writeresp' 'empty_28' <Predicate = true> <Delay = 14.6> <CoreInst = "m_axi">   --->   Core 113 'm_axi' <Latency = 3> <II = 1> <Delay = 1.00> <Adapter> <Opcode : 'read' 'write' 'readreq' 'writereq' 'writeresp'>

State 8 <SV = 7> <Delay = 14.6>
ST_8 : Operation 105 [64/68] (14.6ns)   --->   "%empty_28 = writeresp i1 @_ssdm_op_WriteResp.m_axi.p1i256, i256 %gmem_addr" [detector_solid/abs_solid_detector.cpp:359->detector_solid/abs_solid_detector.cpp:422]   --->   Operation 105 'writeresp' 'empty_28' <Predicate = true> <Delay = 14.6> <CoreInst = "m_axi">   --->   Core 113 'm_axi' <Latency = 3> <II = 1> <Delay = 1.00> <Adapter> <Opcode : 'read' 'write' 'readreq' 'writereq' 'writeresp'>

State 9 <SV = 8> <Delay = 14.6>
ST_9 : Operation 106 [63/68] (14.6ns)   --->   "%empty_28 = writeresp i1 @_ssdm_op_WriteResp.m_axi.p1i256, i256 %gmem_addr" [detector_solid/abs_solid_detector.cpp:359->detector_solid/abs_solid_detector.cpp:422]   --->   Operation 106 'writeresp' 'empty_28' <Predicate = true> <Delay = 14.6> <CoreInst = "m_axi">   --->   Core 113 'm_axi' <Latency = 3> <II = 1> <Delay = 1.00> <Adapter> <Opcode : 'read' 'write' 'readreq' 'writereq' 'writeresp'>

State 10 <SV = 9> <Delay = 14.6>
ST_10 : Operation 107 [62/68] (14.6ns)   --->   "%empty_28 = writeresp i1 @_ssdm_op_WriteResp.m_axi.p1i256, i256 %gmem_addr" [detector_solid/abs_solid_detector.cpp:359->detector_solid/abs_solid_detector.cpp:422]   --->   Operation 107 'writeresp' 'empty_28' <Predicate = true> <Delay = 14.6> <CoreInst = "m_axi">   --->   Core 113 'm_axi' <Latency = 3> <II = 1> <Delay = 1.00> <Adapter> <Opcode : 'read' 'write' 'readreq' 'writereq' 'writeresp'>

State 11 <SV = 10> <Delay = 14.6>
ST_11 : Operation 108 [61/68] (14.6ns)   --->   "%empty_28 = writeresp i1 @_ssdm_op_WriteResp.m_axi.p1i256, i256 %gmem_addr" [detector_solid/abs_solid_detector.cpp:359->detector_solid/abs_solid_detector.cpp:422]   --->   Operation 108 'writeresp' 'empty_28' <Predicate = true> <Delay = 14.6> <CoreInst = "m_axi">   --->   Core 113 'm_axi' <Latency = 3> <II = 1> <Delay = 1.00> <Adapter> <Opcode : 'read' 'write' 'readreq' 'writereq' 'writeresp'>

State 12 <SV = 11> <Delay = 14.6>
ST_12 : Operation 109 [60/68] (14.6ns)   --->   "%empty_28 = writeresp i1 @_ssdm_op_WriteResp.m_axi.p1i256, i256 %gmem_addr" [detector_solid/abs_solid_detector.cpp:359->detector_solid/abs_solid_detector.cpp:422]   --->   Operation 109 'writeresp' 'empty_28' <Predicate = true> <Delay = 14.6> <CoreInst = "m_axi">   --->   Core 113 'm_axi' <Latency = 3> <II = 1> <Delay = 1.00> <Adapter> <Opcode : 'read' 'write' 'readreq' 'writereq' 'writeresp'>

State 13 <SV = 12> <Delay = 14.6>
ST_13 : Operation 110 [59/68] (14.6ns)   --->   "%empty_28 = writeresp i1 @_ssdm_op_WriteResp.m_axi.p1i256, i256 %gmem_addr" [detector_solid/abs_solid_detector.cpp:359->detector_solid/abs_solid_detector.cpp:422]   --->   Operation 110 'writeresp' 'empty_28' <Predicate = true> <Delay = 14.6> <CoreInst = "m_axi">   --->   Core 113 'm_axi' <Latency = 3> <II = 1> <Delay = 1.00> <Adapter> <Opcode : 'read' 'write' 'readreq' 'writereq' 'writeresp'>

State 14 <SV = 13> <Delay = 14.6>
ST_14 : Operation 111 [58/68] (14.6ns)   --->   "%empty_28 = writeresp i1 @_ssdm_op_WriteResp.m_axi.p1i256, i256 %gmem_addr" [detector_solid/abs_solid_detector.cpp:359->detector_solid/abs_solid_detector.cpp:422]   --->   Operation 111 'writeresp' 'empty_28' <Predicate = true> <Delay = 14.6> <CoreInst = "m_axi">   --->   Core 113 'm_axi' <Latency = 3> <II = 1> <Delay = 1.00> <Adapter> <Opcode : 'read' 'write' 'readreq' 'writereq' 'writeresp'>

State 15 <SV = 14> <Delay = 14.6>
ST_15 : Operation 112 [57/68] (14.6ns)   --->   "%empty_28 = writeresp i1 @_ssdm_op_WriteResp.m_axi.p1i256, i256 %gmem_addr" [detector_solid/abs_solid_detector.cpp:359->detector_solid/abs_solid_detector.cpp:422]   --->   Operation 112 'writeresp' 'empty_28' <Predicate = true> <Delay = 14.6> <CoreInst = "m_axi">   --->   Core 113 'm_axi' <Latency = 3> <II = 1> <Delay = 1.00> <Adapter> <Opcode : 'read' 'write' 'readreq' 'writereq' 'writeresp'>

State 16 <SV = 15> <Delay = 14.6>
ST_16 : Operation 113 [56/68] (14.6ns)   --->   "%empty_28 = writeresp i1 @_ssdm_op_WriteResp.m_axi.p1i256, i256 %gmem_addr" [detector_solid/abs_solid_detector.cpp:359->detector_solid/abs_solid_detector.cpp:422]   --->   Operation 113 'writeresp' 'empty_28' <Predicate = true> <Delay = 14.6> <CoreInst = "m_axi">   --->   Core 113 'm_axi' <Latency = 3> <II = 1> <Delay = 1.00> <Adapter> <Opcode : 'read' 'write' 'readreq' 'writereq' 'writeresp'>

State 17 <SV = 16> <Delay = 14.6>
ST_17 : Operation 114 [55/68] (14.6ns)   --->   "%empty_28 = writeresp i1 @_ssdm_op_WriteResp.m_axi.p1i256, i256 %gmem_addr" [detector_solid/abs_solid_detector.cpp:359->detector_solid/abs_solid_detector.cpp:422]   --->   Operation 114 'writeresp' 'empty_28' <Predicate = true> <Delay = 14.6> <CoreInst = "m_axi">   --->   Core 113 'm_axi' <Latency = 3> <II = 1> <Delay = 1.00> <Adapter> <Opcode : 'read' 'write' 'readreq' 'writereq' 'writeresp'>

State 18 <SV = 17> <Delay = 14.6>
ST_18 : Operation 115 [54/68] (14.6ns)   --->   "%empty_28 = writeresp i1 @_ssdm_op_WriteResp.m_axi.p1i256, i256 %gmem_addr" [detector_solid/abs_solid_detector.cpp:359->detector_solid/abs_solid_detector.cpp:422]   --->   Operation 115 'writeresp' 'empty_28' <Predicate = true> <Delay = 14.6> <CoreInst = "m_axi">   --->   Core 113 'm_axi' <Latency = 3> <II = 1> <Delay = 1.00> <Adapter> <Opcode : 'read' 'write' 'readreq' 'writereq' 'writeresp'>

State 19 <SV = 18> <Delay = 14.6>
ST_19 : Operation 116 [53/68] (14.6ns)   --->   "%empty_28 = writeresp i1 @_ssdm_op_WriteResp.m_axi.p1i256, i256 %gmem_addr" [detector_solid/abs_solid_detector.cpp:359->detector_solid/abs_solid_detector.cpp:422]   --->   Operation 116 'writeresp' 'empty_28' <Predicate = true> <Delay = 14.6> <CoreInst = "m_axi">   --->   Core 113 'm_axi' <Latency = 3> <II = 1> <Delay = 1.00> <Adapter> <Opcode : 'read' 'write' 'readreq' 'writereq' 'writeresp'>

State 20 <SV = 19> <Delay = 14.6>
ST_20 : Operation 117 [52/68] (14.6ns)   --->   "%empty_28 = writeresp i1 @_ssdm_op_WriteResp.m_axi.p1i256, i256 %gmem_addr" [detector_solid/abs_solid_detector.cpp:359->detector_solid/abs_solid_detector.cpp:422]   --->   Operation 117 'writeresp' 'empty_28' <Predicate = true> <Delay = 14.6> <CoreInst = "m_axi">   --->   Core 113 'm_axi' <Latency = 3> <II = 1> <Delay = 1.00> <Adapter> <Opcode : 'read' 'write' 'readreq' 'writereq' 'writeresp'>

State 21 <SV = 20> <Delay = 14.6>
ST_21 : Operation 118 [51/68] (14.6ns)   --->   "%empty_28 = writeresp i1 @_ssdm_op_WriteResp.m_axi.p1i256, i256 %gmem_addr" [detector_solid/abs_solid_detector.cpp:359->detector_solid/abs_solid_detector.cpp:422]   --->   Operation 118 'writeresp' 'empty_28' <Predicate = true> <Delay = 14.6> <CoreInst = "m_axi">   --->   Core 113 'm_axi' <Latency = 3> <II = 1> <Delay = 1.00> <Adapter> <Opcode : 'read' 'write' 'readreq' 'writereq' 'writeresp'>

State 22 <SV = 21> <Delay = 14.6>
ST_22 : Operation 119 [50/68] (14.6ns)   --->   "%empty_28 = writeresp i1 @_ssdm_op_WriteResp.m_axi.p1i256, i256 %gmem_addr" [detector_solid/abs_solid_detector.cpp:359->detector_solid/abs_solid_detector.cpp:422]   --->   Operation 119 'writeresp' 'empty_28' <Predicate = true> <Delay = 14.6> <CoreInst = "m_axi">   --->   Core 113 'm_axi' <Latency = 3> <II = 1> <Delay = 1.00> <Adapter> <Opcode : 'read' 'write' 'readreq' 'writereq' 'writeresp'>

State 23 <SV = 22> <Delay = 14.6>
ST_23 : Operation 120 [49/68] (14.6ns)   --->   "%empty_28 = writeresp i1 @_ssdm_op_WriteResp.m_axi.p1i256, i256 %gmem_addr" [detector_solid/abs_solid_detector.cpp:359->detector_solid/abs_solid_detector.cpp:422]   --->   Operation 120 'writeresp' 'empty_28' <Predicate = true> <Delay = 14.6> <CoreInst = "m_axi">   --->   Core 113 'm_axi' <Latency = 3> <II = 1> <Delay = 1.00> <Adapter> <Opcode : 'read' 'write' 'readreq' 'writereq' 'writeresp'>

State 24 <SV = 23> <Delay = 14.6>
ST_24 : Operation 121 [48/68] (14.6ns)   --->   "%empty_28 = writeresp i1 @_ssdm_op_WriteResp.m_axi.p1i256, i256 %gmem_addr" [detector_solid/abs_solid_detector.cpp:359->detector_solid/abs_solid_detector.cpp:422]   --->   Operation 121 'writeresp' 'empty_28' <Predicate = true> <Delay = 14.6> <CoreInst = "m_axi">   --->   Core 113 'm_axi' <Latency = 3> <II = 1> <Delay = 1.00> <Adapter> <Opcode : 'read' 'write' 'readreq' 'writereq' 'writeresp'>

State 25 <SV = 24> <Delay = 14.6>
ST_25 : Operation 122 [47/68] (14.6ns)   --->   "%empty_28 = writeresp i1 @_ssdm_op_WriteResp.m_axi.p1i256, i256 %gmem_addr" [detector_solid/abs_solid_detector.cpp:359->detector_solid/abs_solid_detector.cpp:422]   --->   Operation 122 'writeresp' 'empty_28' <Predicate = true> <Delay = 14.6> <CoreInst = "m_axi">   --->   Core 113 'm_axi' <Latency = 3> <II = 1> <Delay = 1.00> <Adapter> <Opcode : 'read' 'write' 'readreq' 'writereq' 'writeresp'>

State 26 <SV = 25> <Delay = 14.6>
ST_26 : Operation 123 [46/68] (14.6ns)   --->   "%empty_28 = writeresp i1 @_ssdm_op_WriteResp.m_axi.p1i256, i256 %gmem_addr" [detector_solid/abs_solid_detector.cpp:359->detector_solid/abs_solid_detector.cpp:422]   --->   Operation 123 'writeresp' 'empty_28' <Predicate = true> <Delay = 14.6> <CoreInst = "m_axi">   --->   Core 113 'm_axi' <Latency = 3> <II = 1> <Delay = 1.00> <Adapter> <Opcode : 'read' 'write' 'readreq' 'writereq' 'writeresp'>

State 27 <SV = 26> <Delay = 14.6>
ST_27 : Operation 124 [45/68] (14.6ns)   --->   "%empty_28 = writeresp i1 @_ssdm_op_WriteResp.m_axi.p1i256, i256 %gmem_addr" [detector_solid/abs_solid_detector.cpp:359->detector_solid/abs_solid_detector.cpp:422]   --->   Operation 124 'writeresp' 'empty_28' <Predicate = true> <Delay = 14.6> <CoreInst = "m_axi">   --->   Core 113 'm_axi' <Latency = 3> <II = 1> <Delay = 1.00> <Adapter> <Opcode : 'read' 'write' 'readreq' 'writereq' 'writeresp'>

State 28 <SV = 27> <Delay = 14.6>
ST_28 : Operation 125 [44/68] (14.6ns)   --->   "%empty_28 = writeresp i1 @_ssdm_op_WriteResp.m_axi.p1i256, i256 %gmem_addr" [detector_solid/abs_solid_detector.cpp:359->detector_solid/abs_solid_detector.cpp:422]   --->   Operation 125 'writeresp' 'empty_28' <Predicate = true> <Delay = 14.6> <CoreInst = "m_axi">   --->   Core 113 'm_axi' <Latency = 3> <II = 1> <Delay = 1.00> <Adapter> <Opcode : 'read' 'write' 'readreq' 'writereq' 'writeresp'>

State 29 <SV = 28> <Delay = 14.6>
ST_29 : Operation 126 [43/68] (14.6ns)   --->   "%empty_28 = writeresp i1 @_ssdm_op_WriteResp.m_axi.p1i256, i256 %gmem_addr" [detector_solid/abs_solid_detector.cpp:359->detector_solid/abs_solid_detector.cpp:422]   --->   Operation 126 'writeresp' 'empty_28' <Predicate = true> <Delay = 14.6> <CoreInst = "m_axi">   --->   Core 113 'm_axi' <Latency = 3> <II = 1> <Delay = 1.00> <Adapter> <Opcode : 'read' 'write' 'readreq' 'writereq' 'writeresp'>

State 30 <SV = 29> <Delay = 14.6>
ST_30 : Operation 127 [42/68] (14.6ns)   --->   "%empty_28 = writeresp i1 @_ssdm_op_WriteResp.m_axi.p1i256, i256 %gmem_addr" [detector_solid/abs_solid_detector.cpp:359->detector_solid/abs_solid_detector.cpp:422]   --->   Operation 127 'writeresp' 'empty_28' <Predicate = true> <Delay = 14.6> <CoreInst = "m_axi">   --->   Core 113 'm_axi' <Latency = 3> <II = 1> <Delay = 1.00> <Adapter> <Opcode : 'read' 'write' 'readreq' 'writereq' 'writeresp'>

State 31 <SV = 30> <Delay = 14.6>
ST_31 : Operation 128 [41/68] (14.6ns)   --->   "%empty_28 = writeresp i1 @_ssdm_op_WriteResp.m_axi.p1i256, i256 %gmem_addr" [detector_solid/abs_solid_detector.cpp:359->detector_solid/abs_solid_detector.cpp:422]   --->   Operation 128 'writeresp' 'empty_28' <Predicate = true> <Delay = 14.6> <CoreInst = "m_axi">   --->   Core 113 'm_axi' <Latency = 3> <II = 1> <Delay = 1.00> <Adapter> <Opcode : 'read' 'write' 'readreq' 'writereq' 'writeresp'>

State 32 <SV = 31> <Delay = 14.6>
ST_32 : Operation 129 [40/68] (14.6ns)   --->   "%empty_28 = writeresp i1 @_ssdm_op_WriteResp.m_axi.p1i256, i256 %gmem_addr" [detector_solid/abs_solid_detector.cpp:359->detector_solid/abs_solid_detector.cpp:422]   --->   Operation 129 'writeresp' 'empty_28' <Predicate = true> <Delay = 14.6> <CoreInst = "m_axi">   --->   Core 113 'm_axi' <Latency = 3> <II = 1> <Delay = 1.00> <Adapter> <Opcode : 'read' 'write' 'readreq' 'writereq' 'writeresp'>

State 33 <SV = 32> <Delay = 14.6>
ST_33 : Operation 130 [39/68] (14.6ns)   --->   "%empty_28 = writeresp i1 @_ssdm_op_WriteResp.m_axi.p1i256, i256 %gmem_addr" [detector_solid/abs_solid_detector.cpp:359->detector_solid/abs_solid_detector.cpp:422]   --->   Operation 130 'writeresp' 'empty_28' <Predicate = true> <Delay = 14.6> <CoreInst = "m_axi">   --->   Core 113 'm_axi' <Latency = 3> <II = 1> <Delay = 1.00> <Adapter> <Opcode : 'read' 'write' 'readreq' 'writereq' 'writeresp'>

State 34 <SV = 33> <Delay = 14.6>
ST_34 : Operation 131 [38/68] (14.6ns)   --->   "%empty_28 = writeresp i1 @_ssdm_op_WriteResp.m_axi.p1i256, i256 %gmem_addr" [detector_solid/abs_solid_detector.cpp:359->detector_solid/abs_solid_detector.cpp:422]   --->   Operation 131 'writeresp' 'empty_28' <Predicate = true> <Delay = 14.6> <CoreInst = "m_axi">   --->   Core 113 'm_axi' <Latency = 3> <II = 1> <Delay = 1.00> <Adapter> <Opcode : 'read' 'write' 'readreq' 'writereq' 'writeresp'>

State 35 <SV = 34> <Delay = 14.6>
ST_35 : Operation 132 [37/68] (14.6ns)   --->   "%empty_28 = writeresp i1 @_ssdm_op_WriteResp.m_axi.p1i256, i256 %gmem_addr" [detector_solid/abs_solid_detector.cpp:359->detector_solid/abs_solid_detector.cpp:422]   --->   Operation 132 'writeresp' 'empty_28' <Predicate = true> <Delay = 14.6> <CoreInst = "m_axi">   --->   Core 113 'm_axi' <Latency = 3> <II = 1> <Delay = 1.00> <Adapter> <Opcode : 'read' 'write' 'readreq' 'writereq' 'writeresp'>

State 36 <SV = 35> <Delay = 14.6>
ST_36 : Operation 133 [36/68] (14.6ns)   --->   "%empty_28 = writeresp i1 @_ssdm_op_WriteResp.m_axi.p1i256, i256 %gmem_addr" [detector_solid/abs_solid_detector.cpp:359->detector_solid/abs_solid_detector.cpp:422]   --->   Operation 133 'writeresp' 'empty_28' <Predicate = true> <Delay = 14.6> <CoreInst = "m_axi">   --->   Core 113 'm_axi' <Latency = 3> <II = 1> <Delay = 1.00> <Adapter> <Opcode : 'read' 'write' 'readreq' 'writereq' 'writeresp'>

State 37 <SV = 36> <Delay = 14.6>
ST_37 : Operation 134 [35/68] (14.6ns)   --->   "%empty_28 = writeresp i1 @_ssdm_op_WriteResp.m_axi.p1i256, i256 %gmem_addr" [detector_solid/abs_solid_detector.cpp:359->detector_solid/abs_solid_detector.cpp:422]   --->   Operation 134 'writeresp' 'empty_28' <Predicate = true> <Delay = 14.6> <CoreInst = "m_axi">   --->   Core 113 'm_axi' <Latency = 3> <II = 1> <Delay = 1.00> <Adapter> <Opcode : 'read' 'write' 'readreq' 'writereq' 'writeresp'>

State 38 <SV = 37> <Delay = 14.6>
ST_38 : Operation 135 [34/68] (14.6ns)   --->   "%empty_28 = writeresp i1 @_ssdm_op_WriteResp.m_axi.p1i256, i256 %gmem_addr" [detector_solid/abs_solid_detector.cpp:359->detector_solid/abs_solid_detector.cpp:422]   --->   Operation 135 'writeresp' 'empty_28' <Predicate = true> <Delay = 14.6> <CoreInst = "m_axi">   --->   Core 113 'm_axi' <Latency = 3> <II = 1> <Delay = 1.00> <Adapter> <Opcode : 'read' 'write' 'readreq' 'writereq' 'writeresp'>

State 39 <SV = 38> <Delay = 14.6>
ST_39 : Operation 136 [33/68] (14.6ns)   --->   "%empty_28 = writeresp i1 @_ssdm_op_WriteResp.m_axi.p1i256, i256 %gmem_addr" [detector_solid/abs_solid_detector.cpp:359->detector_solid/abs_solid_detector.cpp:422]   --->   Operation 136 'writeresp' 'empty_28' <Predicate = true> <Delay = 14.6> <CoreInst = "m_axi">   --->   Core 113 'm_axi' <Latency = 3> <II = 1> <Delay = 1.00> <Adapter> <Opcode : 'read' 'write' 'readreq' 'writereq' 'writeresp'>

State 40 <SV = 39> <Delay = 14.6>
ST_40 : Operation 137 [32/68] (14.6ns)   --->   "%empty_28 = writeresp i1 @_ssdm_op_WriteResp.m_axi.p1i256, i256 %gmem_addr" [detector_solid/abs_solid_detector.cpp:359->detector_solid/abs_solid_detector.cpp:422]   --->   Operation 137 'writeresp' 'empty_28' <Predicate = true> <Delay = 14.6> <CoreInst = "m_axi">   --->   Core 113 'm_axi' <Latency = 3> <II = 1> <Delay = 1.00> <Adapter> <Opcode : 'read' 'write' 'readreq' 'writereq' 'writeresp'>

State 41 <SV = 40> <Delay = 14.6>
ST_41 : Operation 138 [31/68] (14.6ns)   --->   "%empty_28 = writeresp i1 @_ssdm_op_WriteResp.m_axi.p1i256, i256 %gmem_addr" [detector_solid/abs_solid_detector.cpp:359->detector_solid/abs_solid_detector.cpp:422]   --->   Operation 138 'writeresp' 'empty_28' <Predicate = true> <Delay = 14.6> <CoreInst = "m_axi">   --->   Core 113 'm_axi' <Latency = 3> <II = 1> <Delay = 1.00> <Adapter> <Opcode : 'read' 'write' 'readreq' 'writereq' 'writeresp'>

State 42 <SV = 41> <Delay = 14.6>
ST_42 : Operation 139 [30/68] (14.6ns)   --->   "%empty_28 = writeresp i1 @_ssdm_op_WriteResp.m_axi.p1i256, i256 %gmem_addr" [detector_solid/abs_solid_detector.cpp:359->detector_solid/abs_solid_detector.cpp:422]   --->   Operation 139 'writeresp' 'empty_28' <Predicate = true> <Delay = 14.6> <CoreInst = "m_axi">   --->   Core 113 'm_axi' <Latency = 3> <II = 1> <Delay = 1.00> <Adapter> <Opcode : 'read' 'write' 'readreq' 'writereq' 'writeresp'>

State 43 <SV = 42> <Delay = 14.6>
ST_43 : Operation 140 [29/68] (14.6ns)   --->   "%empty_28 = writeresp i1 @_ssdm_op_WriteResp.m_axi.p1i256, i256 %gmem_addr" [detector_solid/abs_solid_detector.cpp:359->detector_solid/abs_solid_detector.cpp:422]   --->   Operation 140 'writeresp' 'empty_28' <Predicate = true> <Delay = 14.6> <CoreInst = "m_axi">   --->   Core 113 'm_axi' <Latency = 3> <II = 1> <Delay = 1.00> <Adapter> <Opcode : 'read' 'write' 'readreq' 'writereq' 'writeresp'>

State 44 <SV = 43> <Delay = 14.6>
ST_44 : Operation 141 [28/68] (14.6ns)   --->   "%empty_28 = writeresp i1 @_ssdm_op_WriteResp.m_axi.p1i256, i256 %gmem_addr" [detector_solid/abs_solid_detector.cpp:359->detector_solid/abs_solid_detector.cpp:422]   --->   Operation 141 'writeresp' 'empty_28' <Predicate = true> <Delay = 14.6> <CoreInst = "m_axi">   --->   Core 113 'm_axi' <Latency = 3> <II = 1> <Delay = 1.00> <Adapter> <Opcode : 'read' 'write' 'readreq' 'writereq' 'writeresp'>

State 45 <SV = 44> <Delay = 14.6>
ST_45 : Operation 142 [27/68] (14.6ns)   --->   "%empty_28 = writeresp i1 @_ssdm_op_WriteResp.m_axi.p1i256, i256 %gmem_addr" [detector_solid/abs_solid_detector.cpp:359->detector_solid/abs_solid_detector.cpp:422]   --->   Operation 142 'writeresp' 'empty_28' <Predicate = true> <Delay = 14.6> <CoreInst = "m_axi">   --->   Core 113 'm_axi' <Latency = 3> <II = 1> <Delay = 1.00> <Adapter> <Opcode : 'read' 'write' 'readreq' 'writereq' 'writeresp'>

State 46 <SV = 45> <Delay = 14.6>
ST_46 : Operation 143 [26/68] (14.6ns)   --->   "%empty_28 = writeresp i1 @_ssdm_op_WriteResp.m_axi.p1i256, i256 %gmem_addr" [detector_solid/abs_solid_detector.cpp:359->detector_solid/abs_solid_detector.cpp:422]   --->   Operation 143 'writeresp' 'empty_28' <Predicate = true> <Delay = 14.6> <CoreInst = "m_axi">   --->   Core 113 'm_axi' <Latency = 3> <II = 1> <Delay = 1.00> <Adapter> <Opcode : 'read' 'write' 'readreq' 'writereq' 'writeresp'>

State 47 <SV = 46> <Delay = 14.6>
ST_47 : Operation 144 [25/68] (14.6ns)   --->   "%empty_28 = writeresp i1 @_ssdm_op_WriteResp.m_axi.p1i256, i256 %gmem_addr" [detector_solid/abs_solid_detector.cpp:359->detector_solid/abs_solid_detector.cpp:422]   --->   Operation 144 'writeresp' 'empty_28' <Predicate = true> <Delay = 14.6> <CoreInst = "m_axi">   --->   Core 113 'm_axi' <Latency = 3> <II = 1> <Delay = 1.00> <Adapter> <Opcode : 'read' 'write' 'readreq' 'writereq' 'writeresp'>

State 48 <SV = 47> <Delay = 14.6>
ST_48 : Operation 145 [24/68] (14.6ns)   --->   "%empty_28 = writeresp i1 @_ssdm_op_WriteResp.m_axi.p1i256, i256 %gmem_addr" [detector_solid/abs_solid_detector.cpp:359->detector_solid/abs_solid_detector.cpp:422]   --->   Operation 145 'writeresp' 'empty_28' <Predicate = true> <Delay = 14.6> <CoreInst = "m_axi">   --->   Core 113 'm_axi' <Latency = 3> <II = 1> <Delay = 1.00> <Adapter> <Opcode : 'read' 'write' 'readreq' 'writereq' 'writeresp'>

State 49 <SV = 48> <Delay = 14.6>
ST_49 : Operation 146 [23/68] (14.6ns)   --->   "%empty_28 = writeresp i1 @_ssdm_op_WriteResp.m_axi.p1i256, i256 %gmem_addr" [detector_solid/abs_solid_detector.cpp:359->detector_solid/abs_solid_detector.cpp:422]   --->   Operation 146 'writeresp' 'empty_28' <Predicate = true> <Delay = 14.6> <CoreInst = "m_axi">   --->   Core 113 'm_axi' <Latency = 3> <II = 1> <Delay = 1.00> <Adapter> <Opcode : 'read' 'write' 'readreq' 'writereq' 'writeresp'>

State 50 <SV = 49> <Delay = 14.6>
ST_50 : Operation 147 [22/68] (14.6ns)   --->   "%empty_28 = writeresp i1 @_ssdm_op_WriteResp.m_axi.p1i256, i256 %gmem_addr" [detector_solid/abs_solid_detector.cpp:359->detector_solid/abs_solid_detector.cpp:422]   --->   Operation 147 'writeresp' 'empty_28' <Predicate = true> <Delay = 14.6> <CoreInst = "m_axi">   --->   Core 113 'm_axi' <Latency = 3> <II = 1> <Delay = 1.00> <Adapter> <Opcode : 'read' 'write' 'readreq' 'writereq' 'writeresp'>

State 51 <SV = 50> <Delay = 14.6>
ST_51 : Operation 148 [21/68] (14.6ns)   --->   "%empty_28 = writeresp i1 @_ssdm_op_WriteResp.m_axi.p1i256, i256 %gmem_addr" [detector_solid/abs_solid_detector.cpp:359->detector_solid/abs_solid_detector.cpp:422]   --->   Operation 148 'writeresp' 'empty_28' <Predicate = true> <Delay = 14.6> <CoreInst = "m_axi">   --->   Core 113 'm_axi' <Latency = 3> <II = 1> <Delay = 1.00> <Adapter> <Opcode : 'read' 'write' 'readreq' 'writereq' 'writeresp'>

State 52 <SV = 51> <Delay = 14.6>
ST_52 : Operation 149 [20/68] (14.6ns)   --->   "%empty_28 = writeresp i1 @_ssdm_op_WriteResp.m_axi.p1i256, i256 %gmem_addr" [detector_solid/abs_solid_detector.cpp:359->detector_solid/abs_solid_detector.cpp:422]   --->   Operation 149 'writeresp' 'empty_28' <Predicate = true> <Delay = 14.6> <CoreInst = "m_axi">   --->   Core 113 'm_axi' <Latency = 3> <II = 1> <Delay = 1.00> <Adapter> <Opcode : 'read' 'write' 'readreq' 'writereq' 'writeresp'>

State 53 <SV = 52> <Delay = 14.6>
ST_53 : Operation 150 [19/68] (14.6ns)   --->   "%empty_28 = writeresp i1 @_ssdm_op_WriteResp.m_axi.p1i256, i256 %gmem_addr" [detector_solid/abs_solid_detector.cpp:359->detector_solid/abs_solid_detector.cpp:422]   --->   Operation 150 'writeresp' 'empty_28' <Predicate = true> <Delay = 14.6> <CoreInst = "m_axi">   --->   Core 113 'm_axi' <Latency = 3> <II = 1> <Delay = 1.00> <Adapter> <Opcode : 'read' 'write' 'readreq' 'writereq' 'writeresp'>

State 54 <SV = 53> <Delay = 14.6>
ST_54 : Operation 151 [18/68] (14.6ns)   --->   "%empty_28 = writeresp i1 @_ssdm_op_WriteResp.m_axi.p1i256, i256 %gmem_addr" [detector_solid/abs_solid_detector.cpp:359->detector_solid/abs_solid_detector.cpp:422]   --->   Operation 151 'writeresp' 'empty_28' <Predicate = true> <Delay = 14.6> <CoreInst = "m_axi">   --->   Core 113 'm_axi' <Latency = 3> <II = 1> <Delay = 1.00> <Adapter> <Opcode : 'read' 'write' 'readreq' 'writereq' 'writeresp'>

State 55 <SV = 54> <Delay = 14.6>
ST_55 : Operation 152 [17/68] (14.6ns)   --->   "%empty_28 = writeresp i1 @_ssdm_op_WriteResp.m_axi.p1i256, i256 %gmem_addr" [detector_solid/abs_solid_detector.cpp:359->detector_solid/abs_solid_detector.cpp:422]   --->   Operation 152 'writeresp' 'empty_28' <Predicate = true> <Delay = 14.6> <CoreInst = "m_axi">   --->   Core 113 'm_axi' <Latency = 3> <II = 1> <Delay = 1.00> <Adapter> <Opcode : 'read' 'write' 'readreq' 'writereq' 'writeresp'>

State 56 <SV = 55> <Delay = 14.6>
ST_56 : Operation 153 [16/68] (14.6ns)   --->   "%empty_28 = writeresp i1 @_ssdm_op_WriteResp.m_axi.p1i256, i256 %gmem_addr" [detector_solid/abs_solid_detector.cpp:359->detector_solid/abs_solid_detector.cpp:422]   --->   Operation 153 'writeresp' 'empty_28' <Predicate = true> <Delay = 14.6> <CoreInst = "m_axi">   --->   Core 113 'm_axi' <Latency = 3> <II = 1> <Delay = 1.00> <Adapter> <Opcode : 'read' 'write' 'readreq' 'writereq' 'writeresp'>

State 57 <SV = 56> <Delay = 14.6>
ST_57 : Operation 154 [15/68] (14.6ns)   --->   "%empty_28 = writeresp i1 @_ssdm_op_WriteResp.m_axi.p1i256, i256 %gmem_addr" [detector_solid/abs_solid_detector.cpp:359->detector_solid/abs_solid_detector.cpp:422]   --->   Operation 154 'writeresp' 'empty_28' <Predicate = true> <Delay = 14.6> <CoreInst = "m_axi">   --->   Core 113 'm_axi' <Latency = 3> <II = 1> <Delay = 1.00> <Adapter> <Opcode : 'read' 'write' 'readreq' 'writereq' 'writeresp'>

State 58 <SV = 57> <Delay = 14.6>
ST_58 : Operation 155 [14/68] (14.6ns)   --->   "%empty_28 = writeresp i1 @_ssdm_op_WriteResp.m_axi.p1i256, i256 %gmem_addr" [detector_solid/abs_solid_detector.cpp:359->detector_solid/abs_solid_detector.cpp:422]   --->   Operation 155 'writeresp' 'empty_28' <Predicate = true> <Delay = 14.6> <CoreInst = "m_axi">   --->   Core 113 'm_axi' <Latency = 3> <II = 1> <Delay = 1.00> <Adapter> <Opcode : 'read' 'write' 'readreq' 'writereq' 'writeresp'>

State 59 <SV = 58> <Delay = 14.6>
ST_59 : Operation 156 [13/68] (14.6ns)   --->   "%empty_28 = writeresp i1 @_ssdm_op_WriteResp.m_axi.p1i256, i256 %gmem_addr" [detector_solid/abs_solid_detector.cpp:359->detector_solid/abs_solid_detector.cpp:422]   --->   Operation 156 'writeresp' 'empty_28' <Predicate = true> <Delay = 14.6> <CoreInst = "m_axi">   --->   Core 113 'm_axi' <Latency = 3> <II = 1> <Delay = 1.00> <Adapter> <Opcode : 'read' 'write' 'readreq' 'writereq' 'writeresp'>

State 60 <SV = 59> <Delay = 14.6>
ST_60 : Operation 157 [12/68] (14.6ns)   --->   "%empty_28 = writeresp i1 @_ssdm_op_WriteResp.m_axi.p1i256, i256 %gmem_addr" [detector_solid/abs_solid_detector.cpp:359->detector_solid/abs_solid_detector.cpp:422]   --->   Operation 157 'writeresp' 'empty_28' <Predicate = true> <Delay = 14.6> <CoreInst = "m_axi">   --->   Core 113 'm_axi' <Latency = 3> <II = 1> <Delay = 1.00> <Adapter> <Opcode : 'read' 'write' 'readreq' 'writereq' 'writeresp'>

State 61 <SV = 60> <Delay = 14.6>
ST_61 : Operation 158 [11/68] (14.6ns)   --->   "%empty_28 = writeresp i1 @_ssdm_op_WriteResp.m_axi.p1i256, i256 %gmem_addr" [detector_solid/abs_solid_detector.cpp:359->detector_solid/abs_solid_detector.cpp:422]   --->   Operation 158 'writeresp' 'empty_28' <Predicate = true> <Delay = 14.6> <CoreInst = "m_axi">   --->   Core 113 'm_axi' <Latency = 3> <II = 1> <Delay = 1.00> <Adapter> <Opcode : 'read' 'write' 'readreq' 'writereq' 'writeresp'>

State 62 <SV = 61> <Delay = 14.6>
ST_62 : Operation 159 [10/68] (14.6ns)   --->   "%empty_28 = writeresp i1 @_ssdm_op_WriteResp.m_axi.p1i256, i256 %gmem_addr" [detector_solid/abs_solid_detector.cpp:359->detector_solid/abs_solid_detector.cpp:422]   --->   Operation 159 'writeresp' 'empty_28' <Predicate = true> <Delay = 14.6> <CoreInst = "m_axi">   --->   Core 113 'm_axi' <Latency = 3> <II = 1> <Delay = 1.00> <Adapter> <Opcode : 'read' 'write' 'readreq' 'writereq' 'writeresp'>

State 63 <SV = 62> <Delay = 14.6>
ST_63 : Operation 160 [9/68] (14.6ns)   --->   "%empty_28 = writeresp i1 @_ssdm_op_WriteResp.m_axi.p1i256, i256 %gmem_addr" [detector_solid/abs_solid_detector.cpp:359->detector_solid/abs_solid_detector.cpp:422]   --->   Operation 160 'writeresp' 'empty_28' <Predicate = true> <Delay = 14.6> <CoreInst = "m_axi">   --->   Core 113 'm_axi' <Latency = 3> <II = 1> <Delay = 1.00> <Adapter> <Opcode : 'read' 'write' 'readreq' 'writereq' 'writeresp'>

State 64 <SV = 63> <Delay = 14.6>
ST_64 : Operation 161 [8/68] (14.6ns)   --->   "%empty_28 = writeresp i1 @_ssdm_op_WriteResp.m_axi.p1i256, i256 %gmem_addr" [detector_solid/abs_solid_detector.cpp:359->detector_solid/abs_solid_detector.cpp:422]   --->   Operation 161 'writeresp' 'empty_28' <Predicate = true> <Delay = 14.6> <CoreInst = "m_axi">   --->   Core 113 'm_axi' <Latency = 3> <II = 1> <Delay = 1.00> <Adapter> <Opcode : 'read' 'write' 'readreq' 'writereq' 'writeresp'>

State 65 <SV = 64> <Delay = 14.6>
ST_65 : Operation 162 [7/68] (14.6ns)   --->   "%empty_28 = writeresp i1 @_ssdm_op_WriteResp.m_axi.p1i256, i256 %gmem_addr" [detector_solid/abs_solid_detector.cpp:359->detector_solid/abs_solid_detector.cpp:422]   --->   Operation 162 'writeresp' 'empty_28' <Predicate = true> <Delay = 14.6> <CoreInst = "m_axi">   --->   Core 113 'm_axi' <Latency = 3> <II = 1> <Delay = 1.00> <Adapter> <Opcode : 'read' 'write' 'readreq' 'writereq' 'writeresp'>

State 66 <SV = 65> <Delay = 14.6>
ST_66 : Operation 163 [6/68] (14.6ns)   --->   "%empty_28 = writeresp i1 @_ssdm_op_WriteResp.m_axi.p1i256, i256 %gmem_addr" [detector_solid/abs_solid_detector.cpp:359->detector_solid/abs_solid_detector.cpp:422]   --->   Operation 163 'writeresp' 'empty_28' <Predicate = true> <Delay = 14.6> <CoreInst = "m_axi">   --->   Core 113 'm_axi' <Latency = 3> <II = 1> <Delay = 1.00> <Adapter> <Opcode : 'read' 'write' 'readreq' 'writereq' 'writeresp'>

State 67 <SV = 66> <Delay = 14.6>
ST_67 : Operation 164 [5/68] (14.6ns)   --->   "%empty_28 = writeresp i1 @_ssdm_op_WriteResp.m_axi.p1i256, i256 %gmem_addr" [detector_solid/abs_solid_detector.cpp:359->detector_solid/abs_solid_detector.cpp:422]   --->   Operation 164 'writeresp' 'empty_28' <Predicate = true> <Delay = 14.6> <CoreInst = "m_axi">   --->   Core 113 'm_axi' <Latency = 3> <II = 1> <Delay = 1.00> <Adapter> <Opcode : 'read' 'write' 'readreq' 'writereq' 'writeresp'>

State 68 <SV = 67> <Delay = 14.6>
ST_68 : Operation 165 [4/68] (14.6ns)   --->   "%empty_28 = writeresp i1 @_ssdm_op_WriteResp.m_axi.p1i256, i256 %gmem_addr" [detector_solid/abs_solid_detector.cpp:359->detector_solid/abs_solid_detector.cpp:422]   --->   Operation 165 'writeresp' 'empty_28' <Predicate = true> <Delay = 14.6> <CoreInst = "m_axi">   --->   Core 113 'm_axi' <Latency = 3> <II = 1> <Delay = 1.00> <Adapter> <Opcode : 'read' 'write' 'readreq' 'writereq' 'writeresp'>

State 69 <SV = 68> <Delay = 14.6>
ST_69 : Operation 166 [3/68] (14.6ns)   --->   "%empty_28 = writeresp i1 @_ssdm_op_WriteResp.m_axi.p1i256, i256 %gmem_addr" [detector_solid/abs_solid_detector.cpp:359->detector_solid/abs_solid_detector.cpp:422]   --->   Operation 166 'writeresp' 'empty_28' <Predicate = true> <Delay = 14.6> <CoreInst = "m_axi">   --->   Core 113 'm_axi' <Latency = 3> <II = 1> <Delay = 1.00> <Adapter> <Opcode : 'read' 'write' 'readreq' 'writereq' 'writeresp'>

State 70 <SV = 69> <Delay = 14.6>
ST_70 : Operation 167 [1/1] (0.00ns)   --->   "%write_ln173 = write void @_ssdm_op_Write.axis.volatile.i8P128A, i8 %toScheduler, i8 %trunc_ln70" [C:/Xilinx/Vitis_HLS/2021.2/common/technology/autopilot/hls_stream_39.h:173]   --->   Operation 167 'write' 'write_ln173' <Predicate = (p_read_1)> <Delay = 0.00> <CoreInst = "axis">   --->   Core 115 'axis' <Latency = 0> <II = 1> <Delay = 1.00> <Adapter> <Opcode : >
ST_70 : Operation 168 [1/1] (0.00ns)   --->   "%br_ln358 = br void %writeOutcome.exit" [detector_solid/abs_solid_detector.cpp:358->detector_solid/abs_solid_detector.cpp:422]   --->   Operation 168 'br' 'br_ln358' <Predicate = (p_read_1)> <Delay = 0.00>
ST_70 : Operation 169 [2/68] (14.6ns)   --->   "%empty_28 = writeresp i1 @_ssdm_op_WriteResp.m_axi.p1i256, i256 %gmem_addr" [detector_solid/abs_solid_detector.cpp:359->detector_solid/abs_solid_detector.cpp:422]   --->   Operation 169 'writeresp' 'empty_28' <Predicate = true> <Delay = 14.6> <CoreInst = "m_axi">   --->   Core 113 'm_axi' <Latency = 3> <II = 1> <Delay = 1.00> <Adapter> <Opcode : 'read' 'write' 'readreq' 'writereq' 'writeresp'>

State 71 <SV = 70> <Delay = 14.6>
ST_71 : Operation 170 [1/68] (14.6ns)   --->   "%empty_28 = writeresp i1 @_ssdm_op_WriteResp.m_axi.p1i256, i256 %gmem_addr" [detector_solid/abs_solid_detector.cpp:359->detector_solid/abs_solid_detector.cpp:422]   --->   Operation 170 'writeresp' 'empty_28' <Predicate = true> <Delay = 14.6> <CoreInst = "m_axi">   --->   Core 113 'm_axi' <Latency = 3> <II = 1> <Delay = 1.00> <Adapter> <Opcode : 'read' 'write' 'readreq' 'writereq' 'writeresp'>
ST_71 : Operation 171 [1/1] (0.00ns)   --->   "%ret_ln422 = ret" [detector_solid/abs_solid_detector.cpp:422]   --->   Operation 171 'ret' 'ret_ln422' <Predicate = true> <Delay = 0.00>


============================================================
+ Verbose Summary: Binding
============================================================
STG Binding: 
---------------- STG Properties BEGIN ----------------
- Is combinational: 0
- Is one-state seq: 0
- Is datapath-only: 0
- Is pipelined: 1
- Is top level: 0
Port [ Return ] is wired: 1; IO mode=ap_ctrl_hs:ce=0
Port [ gmem]:  wired=1; compound=1; hidden=0; nouse=0; global=0; static=0; extern=0; dir=1; type=4; pingpong=0; private_global=0; IO mode=m_axi:ce=0
Port [ sharedMem]:  wired=1; compound=0; hidden=0; nouse=0; global=0; static=0; extern=0; dir=0; type=0; pingpong=0; private_global=0; IO mode=ap_none:ce=0
Port [ p_read]:  wired=1; compound=0; hidden=0; nouse=0; global=0; static=0; extern=0; dir=0; type=0; pingpong=0; private_global=0; IO mode=ap_none:ce=0
Port [ p_read1]:  wired=1; compound=0; hidden=0; nouse=0; global=0; static=0; extern=0; dir=0; type=0; pingpong=0; private_global=0; IO mode=ap_none:ce=0
Port [ toScheduler]:  wired=1; compound=1; hidden=0; nouse=0; global=0; static=0; extern=0; dir=1; type=0; pingpong=0; private_global=0; IO mode=axis:ce=0
---------------- STG Properties END ------------------

---------------- Datapath Model BEGIN ----------------

<LifeTime>
<method=bitvector/>
p_read_1           (read          ) [ 011111111111111111111111111111111111111111111111111111111111111111111110]
p_read_2           (read          ) [ 000000000000000000000000000000000000000000000000000000000000000000000000]
sharedMem_read     (read          ) [ 000000000000000000000000000000000000000000000000000000000000000000000000]
trunc_ln396        (trunc         ) [ 000000000000000000000000000000000000000000000000000000000000000000000000]
specinterface_ln0  (specinterface ) [ 000000000000000000000000000000000000000000000000000000000000000000000000]
specinterface_ln0  (specinterface ) [ 000000000000000000000000000000000000000000000000000000000000000000000000]
specpipeline_ln349 (specpipeline  ) [ 000000000000000000000000000000000000000000000000000000000000000000000000]
br_ln357           (br            ) [ 000000000000000000000000000000000000000000000000000000000000000000000000]
trunc_ln70         (trunc         ) [ 011111111111111111111111111111111111111111111111111111111111111111111110]
shl_ln             (bitconcatenate) [ 000000000000000000000000000000000000000000000000000000000000000000000000]
sext_ln359         (sext          ) [ 000000000000000000000000000000000000000000000000000000000000000000000000]
trunc_ln359        (trunc         ) [ 000000000000000000000000000000000000000000000000000000000000000000000000]
trunc_ln2          (bitconcatenate) [ 000000000000000000000000000000000000000000000000000000000000000000000000]
add_ln359_1        (add           ) [ 000000000000000000000000000000000000000000000000000000000000000000000000]
sext_ln359_1       (sext          ) [ 000000000000000000000000000000000000000000000000000000000000000000000000]
add_ln359          (add           ) [ 000000000000000000000000000000000000000000000000000000000000000000000000]
empty              (add           ) [ 001000000000000000000000000000000000000000000000000000000000000000000000]
p_cast3_i          (zext          ) [ 000000000000000000000000000000000000000000000000000000000000000000000000]
empty_25           (shl           ) [ 011100000000000000000000000000000000000000000000000000000000000000000000]
p_cast1_i          (partselect    ) [ 001000000000000000000000000000000000000000000000000000000000000000000000]
tmp_1              (bitconcatenate) [ 000000000000000000000000000000000000000000000000000000000000000000000000]
p_cast2_i          (zext          ) [ 000000000000000000000000000000000000000000000000000000000000000000000000]
tmp_2              (bitconcatenate) [ 000000000000000000000000000000000000000000000000000000000000000000000000]
p_cast4_i          (zext          ) [ 000000000000000000000000000000000000000000000000000000000000000000000000]
empty_26           (shl           ) [ 010100000000000000000000000000000000000000000000000000000000000000000000]
p_cast1_cast_i     (sext          ) [ 000000000000000000000000000000000000000000000000000000000000000000000000]
gmem_addr          (getelementptr ) [ 011111111111111111111111111111111111111111111111111111111111111111111111]
empty_27           (writereq      ) [ 000000000000000000000000000000000000000000000000000000000000000000000000]
write_ln359        (write         ) [ 000000000000000000000000000000000000000000000000000000000000000000000000]
write_ln173        (write         ) [ 000000000000000000000000000000000000000000000000000000000000000000000000]
br_ln358           (br            ) [ 000000000000000000000000000000000000000000000000000000000000000000000000]
empty_28           (writeresp     ) [ 000000000000000000000000000000000000000000000000000000000000000000000000]
ret_ln422          (ret           ) [ 000000000000000000000000000000000000000000000000000000000000000000000000]
</LifeTime>

<model>

<comp_list>
<comp id="0" class="1000" name="gmem">
<pin_list>
<pin id="1" dir="1" index="0" bw="1" slack="0"/>
</pin_list>
<bind>
<StgValue><ssdm name="gmem"/></StgValue>
</bind>
</comp>

<comp id="2" class="1000" name="sharedMem">
<pin_list>
<pin id="3" dir="1" index="0" bw="1" slack="0"/>
</pin_list>
<bind>
<StgValue><ssdm name="sharedMem"/></StgValue>
</bind>
</comp>

<comp id="4" class="1000" name="p_read">
<pin_list>
<pin id="5" dir="1" index="0" bw="1" slack="0"/>
</pin_list>
<bind>
<StgValue><ssdm name="p_read"/></StgValue>
</bind>
</comp>

<comp id="6" class="1000" name="p_read1">
<pin_list>
<pin id="7" dir="1" index="0" bw="1" slack="0"/>
</pin_list>
<bind>
<StgValue><ssdm name="p_read1"/></StgValue>
</bind>
</comp>

<comp id="8" class="1000" name="toScheduler">
<pin_list>
<pin id="9" dir="1" index="0" bw="1" slack="0"/>
</pin_list>
<bind>
<StgValue><ssdm name="toScheduler"/></StgValue>
</bind>
</comp>

<comp id="10" class="1001" name="const_10">
<pin_list>
<pin id="11" dir="1" index="0" bw="1" slack="0"/>
</pin_list>
<bind>
<StgValue><ssdm name="_ssdm_op_Read.ap_auto.i1"/></StgValue>
</bind>
</comp>

<comp id="12" class="1001" name="const_12">
<pin_list>
<pin id="13" dir="1" index="0" bw="1" slack="0"/>
</pin_list>
<bind>
<StgValue><ssdm name="_ssdm_op_Read.ap_auto.i16"/></StgValue>
</bind>
</comp>

<comp id="14" class="1001" name="const_14">
<pin_list>
<pin id="15" dir="1" index="0" bw="1" slack="0"/>
</pin_list>
<bind>
<StgValue><ssdm name="_ssdm_op_Read.ap_auto.i64"/></StgValue>
</bind>
</comp>

<comp id="16" class="1001" name="const_16">
<pin_list>
<pin id="17" dir="1" index="0" bw="1" slack="2147483647"/>
</pin_list>
<bind>
<StgValue><ssdm name="_ssdm_op_SpecInterface"/></StgValue>
</bind>
</comp>

<comp id="18" class="1001" name="const_18">
<pin_list>
<pin id="19" dir="1" index="0" bw="1" slack="2147483647"/>
</pin_list>
<bind>
<StgValue><ssdm name="empty_12"/></StgValue>
</bind>
</comp>

<comp id="20" class="1001" name="const_20">
<pin_list>
<pin id="21" dir="1" index="0" bw="1" slack="2147483647"/>
</pin_list>
<bind>
<StgValue><ssdm name=""/></StgValue>
</bind>
</comp>

<comp id="22" class="1001" name="const_22">
<pin_list>
<pin id="23" dir="1" index="0" bw="1" slack="2147483647"/>
</pin_list>
<bind>
<StgValue><ssdm name="empty_13"/></StgValue>
</bind>
</comp>

<comp id="24" class="1001" name="const_24">
<pin_list>
<pin id="25" dir="1" index="0" bw="1" slack="2147483647"/>
</pin_list>
<bind>
<StgValue><ssdm name="empty_9"/></StgValue>
</bind>
</comp>

<comp id="26" class="1001" name="const_26">
<pin_list>
<pin id="27" dir="1" index="0" bw="1" slack="2147483647"/>
</pin_list>
<bind>
<StgValue><ssdm name="empty_8"/></StgValue>
</bind>
</comp>

<comp id="28" class="1001" name="const_28">
<pin_list>
<pin id="29" dir="1" index="0" bw="1" slack="2147483647"/>
</pin_list>
<bind>
<StgValue><ssdm name=""/></StgValue>
</bind>
</comp>

<comp id="30" class="1001" name="const_30">
<pin_list>
<pin id="31" dir="1" index="0" bw="1" slack="2147483647"/>
</pin_list>
<bind>
<StgValue><ssdm name="empty_10"/></StgValue>
</bind>
</comp>

<comp id="32" class="1001" name="const_32">
<pin_list>
<pin id="33" dir="1" index="0" bw="1" slack="2147483647"/>
</pin_list>
<bind>
<StgValue><ssdm name="empty_11"/></StgValue>
</bind>
</comp>

<comp id="34" class="1001" name="const_34">
<pin_list>
<pin id="35" dir="1" index="0" bw="1" slack="2147483647"/>
</pin_list>
<bind>
<StgValue><ssdm name=""/></StgValue>
</bind>
</comp>

<comp id="36" class="1001" name="const_36">
<pin_list>
<pin id="37" dir="1" index="0" bw="1" slack="2147483647"/>
</pin_list>
<bind>
<StgValue><ssdm name="_ssdm_op_SpecPipeline"/></StgValue>
</bind>
</comp>

<comp id="38" class="1001" name="const_38">
<pin_list>
<pin id="39" dir="1" index="0" bw="1" slack="2147483647"/>
</pin_list>
<bind>
<StgValue><ssdm name=""/></StgValue>
</bind>
</comp>

<comp id="40" class="1001" name="const_40">
<pin_list>
<pin id="41" dir="1" index="0" bw="1" slack="0"/>
</pin_list>
<bind>
<StgValue><ssdm name="_ssdm_op_BitConcatenate.i17.i16.i1"/></StgValue>
</bind>
</comp>

<comp id="42" class="1001" name="const_42">
<pin_list>
<pin id="43" dir="1" index="0" bw="1" slack="0"/>
</pin_list>
<bind>
<StgValue><ssdm name=""/></StgValue>
</bind>
</comp>

<comp id="44" class="1001" name="const_44">
<pin_list>
<pin id="45" dir="1" index="0" bw="1" slack="0"/>
</pin_list>
<bind>
<StgValue><ssdm name="_ssdm_op_BitConcatenate.i5.i4.i1"/></StgValue>
</bind>
</comp>

<comp id="46" class="1001" name="const_46">
<pin_list>
<pin id="47" dir="1" index="0" bw="1" slack="0"/>
</pin_list>
<bind>
<StgValue><ssdm name=""/></StgValue>
</bind>
</comp>

<comp id="48" class="1001" name="const_48">
<pin_list>
<pin id="49" dir="1" index="0" bw="1" slack="0"/>
</pin_list>
<bind>
<StgValue><ssdm name=""/></StgValue>
</bind>
</comp>

<comp id="50" class="1001" name="const_50">
<pin_list>
<pin id="51" dir="1" index="0" bw="1" slack="0"/>
</pin_list>
<bind>
<StgValue><ssdm name="_ssdm_op_PartSelect.i59.i64.i32.i32"/></StgValue>
</bind>
</comp>

<comp id="52" class="1001" name="const_52">
<pin_list>
<pin id="53" dir="1" index="0" bw="1" slack="0"/>
</pin_list>
<bind>
<StgValue><ssdm name=""/></StgValue>
</bind>
</comp>

<comp id="54" class="1001" name="const_54">
<pin_list>
<pin id="55" dir="1" index="0" bw="1" slack="0"/>
</pin_list>
<bind>
<StgValue><ssdm name=""/></StgValue>
</bind>
</comp>

<comp id="56" class="1001" name="const_56">
<pin_list>
<pin id="57" dir="1" index="0" bw="1" slack="0"/>
</pin_list>
<bind>
<StgValue><ssdm name="_ssdm_op_BitConcatenate.i9.i8.i1"/></StgValue>
</bind>
</comp>

<comp id="58" class="1001" name="const_58">
<pin_list>
<pin id="59" dir="1" index="0" bw="1" slack="0"/>
</pin_list>
<bind>
<StgValue><ssdm name=""/></StgValue>
</bind>
</comp>

<comp id="60" class="1001" name="const_60">
<pin_list>
<pin id="61" dir="1" index="0" bw="1" slack="0"/>
</pin_list>
<bind>
<StgValue><ssdm name="_ssdm_op_BitConcatenate.i8.i5.i3"/></StgValue>
</bind>
</comp>

<comp id="62" class="1001" name="const_62">
<pin_list>
<pin id="63" dir="1" index="0" bw="1" slack="0"/>
</pin_list>
<bind>
<StgValue><ssdm name=""/></StgValue>
</bind>
</comp>

<comp id="64" class="1001" name="const_64">
<pin_list>
<pin id="65" dir="1" index="0" bw="1" slack="0"/>
</pin_list>
<bind>
<StgValue><ssdm name="_ssdm_op_WriteReq.m_axi.p1i256"/></StgValue>
</bind>
</comp>

<comp id="66" class="1001" name="const_66">
<pin_list>
<pin id="67" dir="1" index="0" bw="1" slack="0"/>
</pin_list>
<bind>
<StgValue><ssdm name=""/></StgValue>
</bind>
</comp>

<comp id="68" class="1001" name="const_68">
<pin_list>
<pin id="69" dir="1" index="0" bw="1" slack="0"/>
</pin_list>
<bind>
<StgValue><ssdm name="_ssdm_op_Write.m_axi.p1i256"/></StgValue>
</bind>
</comp>

<comp id="70" class="1001" name="const_70">
<pin_list>
<pin id="71" dir="1" index="0" bw="1" slack="0"/>
</pin_list>
<bind>
<StgValue><ssdm name="_ssdm_op_WriteResp.m_axi.p1i256"/></StgValue>
</bind>
</comp>

<comp id="72" class="1001" name="const_72">
<pin_list>
<pin id="73" dir="1" index="0" bw="1" slack="0"/>
</pin_list>
<bind>
<StgValue><ssdm name="_ssdm_op_Write.axis.volatile.i8P128A"/></StgValue>
</bind>
</comp>

<comp id="74" class="1004" name="p_read_1_read_fu_74">
<pin_list>
<pin id="75" dir="0" index="0" bw="1" slack="0"/>
<pin id="76" dir="0" index="1" bw="1" slack="0"/>
<pin id="77" dir="1" index="2" bw="1" slack="1"/>
</pin_list>
<bind>
<opcode="read(1150) " fcode="read"/>
<opset="p_read_1/1 "/>
</bind>
</comp>

<comp id="80" class="1004" name="p_read_2_read_fu_80">
<pin_list>
<pin id="81" dir="0" index="0" bw="16" slack="0"/>
<pin id="82" dir="0" index="1" bw="16" slack="0"/>
<pin id="83" dir="1" index="2" bw="16" slack="0"/>
</pin_list>
<bind>
<opcode="read(1150) " fcode="read"/>
<opset="p_read_2/1 "/>
</bind>
</comp>

<comp id="86" class="1004" name="sharedMem_read_read_fu_86">
<pin_list>
<pin id="87" dir="0" index="0" bw="64" slack="0"/>
<pin id="88" dir="0" index="1" bw="64" slack="0"/>
<pin id="89" dir="1" index="2" bw="64" slack="0"/>
</pin_list>
<bind>
<opcode="read(1150) " fcode="read"/>
<opset="sharedMem_read/1 "/>
</bind>
</comp>

<comp id="92" class="1004" name="grp_writeresp_fu_92">
<pin_list>
<pin id="93" dir="0" index="0" bw="1" slack="0"/>
<pin id="94" dir="0" index="1" bw="256" slack="0"/>
<pin id="95" dir="0" index="2" bw="1" slack="0"/>
<pin id="96" dir="1" index="3" bw="1" slack="2147483647"/>
</pin_list>
<bind>
<opcode="writereq(1155) writeresp(1158) " fcode="writeresp"/>
<opset="empty_27/2 empty_28/4 "/>
</bind>
</comp>

<comp id="99" class="1004" name="write_ln359_write_fu_99">
<pin_list>
<pin id="100" dir="0" index="0" bw="0" slack="0"/>
<pin id="101" dir="0" index="1" bw="256" slack="1"/>
<pin id="102" dir="0" index="2" bw="256" slack="1"/>
<pin id="103" dir="0" index="3" bw="32" slack="2"/>
<pin id="104" dir="1" index="4" bw="0" slack="2147483647"/>
</pin_list>
<bind>
<opcode="write(1151) " fcode="write"/>
<opset="write_ln359/3 "/>
</bind>
</comp>

<comp id="107" class="1004" name="write_ln173_write_fu_107">
<pin_list>
<pin id="108" dir="0" index="0" bw="0" slack="0"/>
<pin id="109" dir="0" index="1" bw="8" slack="0"/>
<pin id="110" dir="0" index="2" bw="8" slack="69"/>
<pin id="111" dir="1" index="3" bw="0" slack="2147483647"/>
</pin_list>
<bind>
<opcode="write(1151) " fcode="write"/>
<opset="write_ln173/70 "/>
</bind>
</comp>

<comp id="114" class="1004" name="trunc_ln396_fu_114">
<pin_list>
<pin id="115" dir="0" index="0" bw="64" slack="0"/>
<pin id="116" dir="1" index="1" bw="5" slack="0"/>
</pin_list>
<bind>
<opcode="trunc(33) " fcode="trunc"/>
<opset="trunc_ln396/1 "/>
</bind>
</comp>

<comp id="118" class="1004" name="trunc_ln70_fu_118">
<pin_list>
<pin id="119" dir="0" index="0" bw="16" slack="0"/>
<pin id="120" dir="1" index="1" bw="8" slack="69"/>
</pin_list>
<bind>
<opcode="trunc(33) " fcode="trunc"/>
<opset="trunc_ln70/1 "/>
</bind>
</comp>

<comp id="122" class="1004" name="shl_ln_fu_122">
<pin_list>
<pin id="123" dir="0" index="0" bw="17" slack="0"/>
<pin id="124" dir="0" index="1" bw="16" slack="0"/>
<pin id="125" dir="0" index="2" bw="1" slack="0"/>
<pin id="126" dir="1" index="3" bw="17" slack="0"/>
</pin_list>
<bind>
<opcode="bitconcatenate(1004) " fcode="bitconcatenate"/>
<opset="shl_ln/1 "/>
</bind>
</comp>

<comp id="130" class="1004" name="sext_ln359_fu_130">
<pin_list>
<pin id="131" dir="0" index="0" bw="17" slack="0"/>
<pin id="132" dir="1" index="1" bw="18" slack="0"/>
</pin_list>
<bind>
<opcode="sext(35) " fcode="sext"/>
<opset="sext_ln359/1 "/>
</bind>
</comp>

<comp id="134" class="1004" name="trunc_ln359_fu_134">
<pin_list>
<pin id="135" dir="0" index="0" bw="16" slack="0"/>
<pin id="136" dir="1" index="1" bw="4" slack="0"/>
</pin_list>
<bind>
<opcode="trunc(33) " fcode="trunc"/>
<opset="trunc_ln359/1 "/>
</bind>
</comp>

<comp id="138" class="1004" name="trunc_ln2_fu_138">
<pin_list>
<pin id="139" dir="0" index="0" bw="5" slack="0"/>
<pin id="140" dir="0" index="1" bw="4" slack="0"/>
<pin id="141" dir="0" index="2" bw="1" slack="0"/>
<pin id="142" dir="1" index="3" bw="5" slack="0"/>
</pin_list>
<bind>
<opcode="bitconcatenate(1004) " fcode="bitconcatenate"/>
<opset="trunc_ln2/1 "/>
</bind>
</comp>

<comp id="146" class="1004" name="add_ln359_1_fu_146">
<pin_list>
<pin id="147" dir="0" index="0" bw="17" slack="0"/>
<pin id="148" dir="0" index="1" bw="16" slack="0"/>
<pin id="149" dir="1" index="2" bw="18" slack="0"/>
</pin_list>
<bind>
<opcode="add(8) " fcode="add"/>
<opset="add_ln359_1/1 "/>
</bind>
</comp>

<comp id="152" class="1004" name="sext_ln359_1_fu_152">
<pin_list>
<pin id="153" dir="0" index="0" bw="18" slack="0"/>
<pin id="154" dir="1" index="1" bw="64" slack="0"/>
</pin_list>
<bind>
<opcode="sext(35) " fcode="sext"/>
<opset="sext_ln359_1/1 "/>
</bind>
</comp>

<comp id="156" class="1004" name="add_ln359_fu_156">
<pin_list>
<pin id="157" dir="0" index="0" bw="18" slack="0"/>
<pin id="158" dir="0" index="1" bw="64" slack="0"/>
<pin id="159" dir="1" index="2" bw="64" slack="0"/>
</pin_list>
<bind>
<opcode="add(8) " fcode="add"/>
<opset="add_ln359/1 "/>
</bind>
</comp>

<comp id="162" class="1004" name="empty_fu_162">
<pin_list>
<pin id="163" dir="0" index="0" bw="5" slack="0"/>
<pin id="164" dir="0" index="1" bw="5" slack="0"/>
<pin id="165" dir="1" index="2" bw="5" slack="0"/>
</pin_list>
<bind>
<opcode="add(8) " fcode="add"/>
<opset="empty/1 "/>
</bind>
</comp>

<comp id="168" class="1004" name="p_cast3_i_fu_168">
<pin_list>
<pin id="169" dir="0" index="0" bw="5" slack="0"/>
<pin id="170" dir="1" index="1" bw="32" slack="0"/>
</pin_list>
<bind>
<opcode="zext(34) " fcode="zext"/>
<opset="p_cast3_i/1 "/>
</bind>
</comp>

<comp id="172" class="1004" name="empty_25_fu_172">
<pin_list>
<pin id="173" dir="0" index="0" bw="3" slack="0"/>
<pin id="174" dir="0" index="1" bw="5" slack="0"/>
<pin id="175" dir="1" index="2" bw="32" slack="2"/>
</pin_list>
<bind>
<opcode="shl(20) " fcode="shl"/>
<opset="empty_25/1 "/>
</bind>
</comp>

<comp id="178" class="1004" name="p_cast1_i_fu_178">
<pin_list>
<pin id="179" dir="0" index="0" bw="59" slack="0"/>
<pin id="180" dir="0" index="1" bw="64" slack="0"/>
<pin id="181" dir="0" index="2" bw="4" slack="0"/>
<pin id="182" dir="0" index="3" bw="7" slack="0"/>
<pin id="183" dir="1" index="4" bw="59" slack="1"/>
</pin_list>
<bind>
<opcode="partselect(1002) " fcode="partselect"/>
<opset="p_cast1_i/1 "/>
</bind>
</comp>

<comp id="188" class="1004" name="tmp_1_fu_188">
<pin_list>
<pin id="189" dir="0" index="0" bw="9" slack="0"/>
<pin id="190" dir="0" index="1" bw="8" slack="0"/>
<pin id="191" dir="0" index="2" bw="1" slack="1"/>
<pin id="192" dir="1" index="3" bw="9" slack="0"/>
</pin_list>
<bind>
<opcode="bitconcatenate(1004) " fcode="bitconcatenate"/>
<opset="tmp_1/2 "/>
</bind>
</comp>

<comp id="195" class="1004" name="p_cast2_i_fu_195">
<pin_list>
<pin id="196" dir="0" index="0" bw="9" slack="0"/>
<pin id="197" dir="1" index="1" bw="256" slack="0"/>
</pin_list>
<bind>
<opcode="zext(34) " fcode="zext"/>
<opset="p_cast2_i/2 "/>
</bind>
</comp>

<comp id="199" class="1004" name="tmp_2_fu_199">
<pin_list>
<pin id="200" dir="0" index="0" bw="8" slack="0"/>
<pin id="201" dir="0" index="1" bw="5" slack="1"/>
<pin id="202" dir="0" index="2" bw="1" slack="0"/>
<pin id="203" dir="1" index="3" bw="8" slack="0"/>
</pin_list>
<bind>
<opcode="bitconcatenate(1004) " fcode="bitconcatenate"/>
<opset="tmp_2/2 "/>
</bind>
</comp>

<comp id="206" class="1004" name="p_cast4_i_fu_206">
<pin_list>
<pin id="207" dir="0" index="0" bw="8" slack="0"/>
<pin id="208" dir="1" index="1" bw="256" slack="0"/>
</pin_list>
<bind>
<opcode="zext(34) " fcode="zext"/>
<opset="p_cast4_i/2 "/>
</bind>
</comp>

<comp id="210" class="1004" name="empty_26_fu_210">
<pin_list>
<pin id="211" dir="0" index="0" bw="9" slack="0"/>
<pin id="212" dir="0" index="1" bw="8" slack="0"/>
<pin id="213" dir="1" index="2" bw="256" slack="1"/>
</pin_list>
<bind>
<opcode="shl(20) " fcode="shl"/>
<opset="empty_26/2 "/>
</bind>
</comp>

<comp id="216" class="1004" name="p_cast1_cast_i_fu_216">
<pin_list>
<pin id="217" dir="0" index="0" bw="59" slack="1"/>
<pin id="218" dir="1" index="1" bw="64" slack="0"/>
</pin_list>
<bind>
<opcode="sext(35) " fcode="sext"/>
<opset="p_cast1_cast_i/2 "/>
</bind>
</comp>

<comp id="219" class="1004" name="gmem_addr_fu_219">
<pin_list>
<pin id="220" dir="0" index="0" bw="256" slack="0"/>
<pin id="221" dir="0" index="1" bw="59" slack="0"/>
<pin id="222" dir="1" index="2" bw="256" slack="0"/>
</pin_list>
<bind>
<opcode="getelementptr(29) " fcode="getelementptr"/>
<opset="gmem_addr/2 "/>
</bind>
</comp>

<comp id="226" class="1005" name="p_read_1_reg_226">
<pin_list>
<pin id="227" dir="0" index="0" bw="1" slack="1"/>
<pin id="228" dir="1" index="1" bw="1" slack="1"/>
</pin_list>
<bind>
<opset="p_read_1 "/>
</bind>
</comp>

<comp id="231" class="1005" name="trunc_ln70_reg_231">
<pin_list>
<pin id="232" dir="0" index="0" bw="8" slack="69"/>
<pin id="233" dir="1" index="1" bw="8" slack="69"/>
</pin_list>
<bind>
<opset="trunc_ln70 "/>
</bind>
</comp>

<comp id="236" class="1005" name="empty_reg_236">
<pin_list>
<pin id="237" dir="0" index="0" bw="5" slack="1"/>
<pin id="238" dir="1" index="1" bw="5" slack="1"/>
</pin_list>
<bind>
<opset="empty "/>
</bind>
</comp>

<comp id="241" class="1005" name="empty_25_reg_241">
<pin_list>
<pin id="242" dir="0" index="0" bw="32" slack="2"/>
<pin id="243" dir="1" index="1" bw="32" slack="2"/>
</pin_list>
<bind>
<opset="empty_25 "/>
</bind>
</comp>

<comp id="246" class="1005" name="p_cast1_i_reg_246">
<pin_list>
<pin id="247" dir="0" index="0" bw="59" slack="1"/>
<pin id="248" dir="1" index="1" bw="59" slack="1"/>
</pin_list>
<bind>
<opset="p_cast1_i "/>
</bind>
</comp>

<comp id="251" class="1005" name="empty_26_reg_251">
<pin_list>
<pin id="252" dir="0" index="0" bw="256" slack="1"/>
<pin id="253" dir="1" index="1" bw="256" slack="1"/>
</pin_list>
<bind>
<opset="empty_26 "/>
</bind>
</comp>

<comp id="256" class="1005" name="gmem_addr_reg_256">
<pin_list>
<pin id="257" dir="0" index="0" bw="256" slack="1"/>
<pin id="258" dir="1" index="1" bw="256" slack="1"/>
</pin_list>
<bind>
<opset="gmem_addr "/>
</bind>
</comp>

</comp_list>

<net_list>
<net id="78"><net_src comp="10" pin="0"/><net_sink comp="74" pin=0"/></net>

<net id="79"><net_src comp="6" pin="0"/><net_sink comp="74" pin=1"/></net>

<net id="84"><net_src comp="12" pin="0"/><net_sink comp="80" pin=0"/></net>

<net id="85"><net_src comp="4" pin="0"/><net_sink comp="80" pin=1"/></net>

<net id="90"><net_src comp="14" pin="0"/><net_sink comp="86" pin=0"/></net>

<net id="91"><net_src comp="2" pin="0"/><net_sink comp="86" pin=1"/></net>

<net id="97"><net_src comp="64" pin="0"/><net_sink comp="92" pin=0"/></net>

<net id="98"><net_src comp="66" pin="0"/><net_sink comp="92" pin=2"/></net>

<net id="105"><net_src comp="68" pin="0"/><net_sink comp="99" pin=0"/></net>

<net id="106"><net_src comp="70" pin="0"/><net_sink comp="92" pin=0"/></net>

<net id="112"><net_src comp="72" pin="0"/><net_sink comp="107" pin=0"/></net>

<net id="113"><net_src comp="8" pin="0"/><net_sink comp="107" pin=1"/></net>

<net id="117"><net_src comp="86" pin="2"/><net_sink comp="114" pin=0"/></net>

<net id="121"><net_src comp="80" pin="2"/><net_sink comp="118" pin=0"/></net>

<net id="127"><net_src comp="40" pin="0"/><net_sink comp="122" pin=0"/></net>

<net id="128"><net_src comp="80" pin="2"/><net_sink comp="122" pin=1"/></net>

<net id="129"><net_src comp="42" pin="0"/><net_sink comp="122" pin=2"/></net>

<net id="133"><net_src comp="122" pin="3"/><net_sink comp="130" pin=0"/></net>

<net id="137"><net_src comp="80" pin="2"/><net_sink comp="134" pin=0"/></net>

<net id="143"><net_src comp="44" pin="0"/><net_sink comp="138" pin=0"/></net>

<net id="144"><net_src comp="134" pin="1"/><net_sink comp="138" pin=1"/></net>

<net id="145"><net_src comp="42" pin="0"/><net_sink comp="138" pin=2"/></net>

<net id="150"><net_src comp="130" pin="1"/><net_sink comp="146" pin=0"/></net>

<net id="151"><net_src comp="46" pin="0"/><net_sink comp="146" pin=1"/></net>

<net id="155"><net_src comp="146" pin="2"/><net_sink comp="152" pin=0"/></net>

<net id="160"><net_src comp="152" pin="1"/><net_sink comp="156" pin=0"/></net>

<net id="161"><net_src comp="86" pin="2"/><net_sink comp="156" pin=1"/></net>

<net id="166"><net_src comp="138" pin="3"/><net_sink comp="162" pin=0"/></net>

<net id="167"><net_src comp="114" pin="1"/><net_sink comp="162" pin=1"/></net>

<net id="171"><net_src comp="162" pin="2"/><net_sink comp="168" pin=0"/></net>

<net id="176"><net_src comp="48" pin="0"/><net_sink comp="172" pin=0"/></net>

<net id="177"><net_src comp="168" pin="1"/><net_sink comp="172" pin=1"/></net>

<net id="184"><net_src comp="50" pin="0"/><net_sink comp="178" pin=0"/></net>

<net id="185"><net_src comp="156" pin="2"/><net_sink comp="178" pin=1"/></net>

<net id="186"><net_src comp="52" pin="0"/><net_sink comp="178" pin=2"/></net>

<net id="187"><net_src comp="54" pin="0"/><net_sink comp="178" pin=3"/></net>

<net id="193"><net_src comp="56" pin="0"/><net_sink comp="188" pin=0"/></net>

<net id="194"><net_src comp="58" pin="0"/><net_sink comp="188" pin=1"/></net>

<net id="198"><net_src comp="188" pin="3"/><net_sink comp="195" pin=0"/></net>

<net id="204"><net_src comp="60" pin="0"/><net_sink comp="199" pin=0"/></net>

<net id="205"><net_src comp="62" pin="0"/><net_sink comp="199" pin=2"/></net>

<net id="209"><net_src comp="199" pin="3"/><net_sink comp="206" pin=0"/></net>

<net id="214"><net_src comp="195" pin="1"/><net_sink comp="210" pin=0"/></net>

<net id="215"><net_src comp="206" pin="1"/><net_sink comp="210" pin=1"/></net>

<net id="223"><net_src comp="0" pin="0"/><net_sink comp="219" pin=0"/></net>

<net id="224"><net_src comp="216" pin="1"/><net_sink comp="219" pin=1"/></net>

<net id="225"><net_src comp="219" pin="2"/><net_sink comp="92" pin=1"/></net>

<net id="229"><net_src comp="74" pin="2"/><net_sink comp="226" pin=0"/></net>

<net id="230"><net_src comp="226" pin="1"/><net_sink comp="188" pin=2"/></net>

<net id="234"><net_src comp="118" pin="1"/><net_sink comp="231" pin=0"/></net>

<net id="235"><net_src comp="231" pin="1"/><net_sink comp="107" pin=2"/></net>

<net id="239"><net_src comp="162" pin="2"/><net_sink comp="236" pin=0"/></net>

<net id="240"><net_src comp="236" pin="1"/><net_sink comp="199" pin=1"/></net>

<net id="244"><net_src comp="172" pin="2"/><net_sink comp="241" pin=0"/></net>

<net id="245"><net_src comp="241" pin="1"/><net_sink comp="99" pin=3"/></net>

<net id="249"><net_src comp="178" pin="4"/><net_sink comp="246" pin=0"/></net>

<net id="250"><net_src comp="246" pin="1"/><net_sink comp="216" pin=0"/></net>

<net id="254"><net_src comp="210" pin="2"/><net_sink comp="251" pin=0"/></net>

<net id="255"><net_src comp="251" pin="1"/><net_sink comp="99" pin=2"/></net>

<net id="259"><net_src comp="219" pin="2"/><net_sink comp="256" pin=0"/></net>

<net id="260"><net_src comp="256" pin="1"/><net_sink comp="99" pin=1"/></net>

<net id="261"><net_src comp="256" pin="1"/><net_sink comp="92" pin=1"/></net>

</net_list>

</model> 
---------------- Datapath Model END ------------------

* FSMD analyzer results:
  - Output states:
	Port: gmem | {2 3 4 5 6 7 8 9 10 11 12 13 14 15 16 17 18 19 20 21 22 23 24 25 26 27 28 29 30 31 32 33 34 35 36 37 38 39 40 41 42 43 44 45 46 47 48 49 50 51 52 53 54 55 56 57 58 59 60 61 62 63 64 65 66 67 68 69 70 71 }
	Port: toScheduler | {70 }
 - Input state : 
	Port: writeOutcome : sharedMem | {1 }
	Port: writeOutcome : p_read | {1 }
	Port: writeOutcome : p_read1 | {1 }
  - Chain level:
	State 1
		sext_ln359 : 1
		trunc_ln2 : 1
		add_ln359_1 : 2
		sext_ln359_1 : 3
		add_ln359 : 4
		empty : 2
		p_cast3_i : 3
		empty_25 : 4
		p_cast1_i : 5
	State 2
		p_cast2_i : 1
		p_cast4_i : 1
		empty_26 : 2
		gmem_addr : 1
		empty_27 : 2
	State 3
	State 4
	State 5
	State 6
	State 7
	State 8
	State 9
	State 10
	State 11
	State 12
	State 13
	State 14
	State 15
	State 16
	State 17
	State 18
	State 19
	State 20
	State 21
	State 22
	State 23
	State 24
	State 25
	State 26
	State 27
	State 28
	State 29
	State 30
	State 31
	State 32
	State 33
	State 34
	State 35
	State 36
	State 37
	State 38
	State 39
	State 40
	State 41
	State 42
	State 43
	State 44
	State 45
	State 46
	State 47
	State 48
	State 49
	State 50
	State 51
	State 52
	State 53
	State 54
	State 55
	State 56
	State 57
	State 58
	State 59
	State 60
	State 61
	State 62
	State 63
	State 64
	State 65
	State 66
	State 67
	State 68
	State 69
	State 70
	State 71


============================================================
+ Verbose Summary: Datapath Resource usage 
============================================================

* Functional unit list:
|----------|---------------------------|---------|---------|
| Operation|      Functional Unit      |    FF   |   LUT   |
|----------|---------------------------|---------|---------|
|          |     add_ln359_1_fu_146    |    0    |    24   |
|    add   |      add_ln359_fu_156     |    0    |    71   |
|          |        empty_fu_162       |    0    |    13   |
|----------|---------------------------|---------|---------|
|    shl   |      empty_25_fu_172      |    0    |    11   |
|          |      empty_26_fu_210      |    0    |    19   |
|----------|---------------------------|---------|---------|
|          |    p_read_1_read_fu_74    |    0    |    0    |
|   read   |    p_read_2_read_fu_80    |    0    |    0    |
|          | sharedMem_read_read_fu_86 |    0    |    0    |
|----------|---------------------------|---------|---------|
| writeresp|    grp_writeresp_fu_92    |    0    |    0    |
|----------|---------------------------|---------|---------|
|   write  |  write_ln359_write_fu_99  |    0    |    0    |
|          |  write_ln173_write_fu_107 |    0    |    0    |
|----------|---------------------------|---------|---------|
|          |     trunc_ln396_fu_114    |    0    |    0    |
|   trunc  |     trunc_ln70_fu_118     |    0    |    0    |
|          |     trunc_ln359_fu_134    |    0    |    0    |
|----------|---------------------------|---------|---------|
|          |       shl_ln_fu_122       |    0    |    0    |
|bitconcatenate|      trunc_ln2_fu_138     |    0    |    0    |
|          |        tmp_1_fu_188       |    0    |    0    |
|          |        tmp_2_fu_199       |    0    |    0    |
|----------|---------------------------|---------|---------|
|          |     sext_ln359_fu_130     |    0    |    0    |
|   sext   |    sext_ln359_1_fu_152    |    0    |    0    |
|          |   p_cast1_cast_i_fu_216   |    0    |    0    |
|----------|---------------------------|---------|---------|
|          |      p_cast3_i_fu_168     |    0    |    0    |
|   zext   |      p_cast2_i_fu_195     |    0    |    0    |
|          |      p_cast4_i_fu_206     |    0    |    0    |
|----------|---------------------------|---------|---------|
|partselect|      p_cast1_i_fu_178     |    0    |    0    |
|----------|---------------------------|---------|---------|
|   Total  |                           |    0    |   138   |
|----------|---------------------------|---------|---------|

Memories:
N/A

* Register list:
+------------------+--------+
|                  |   FF   |
+------------------+--------+
| empty_25_reg_241 |   32   |
| empty_26_reg_251 |   256  |
|   empty_reg_236  |    5   |
| gmem_addr_reg_256|   256  |
| p_cast1_i_reg_246|   59   |
| p_read_1_reg_226 |    1   |
|trunc_ln70_reg_231|    8   |
+------------------+--------+
|       Total      |   617  |
+------------------+--------+

* Multiplexer (MUX) list: 
|---------------------|------|------|------|--------||---------||---------|
|         Comp        |  Pin | Size |  BW  | S x BW ||  Delay  ||   LUT   |
|---------------------|------|------|------|--------||---------||---------|
| grp_writeresp_fu_92 |  p0  |   2  |   1  |    2   |
| grp_writeresp_fu_92 |  p1  |   2  |  256 |   512  ||    9    |
|---------------------|------|------|------|--------||---------||---------|
|        Total        |      |      |      |   514  ||  3.176  ||    9    |
|---------------------|------|------|------|--------||---------||---------|



* Summary:
+-----------+--------+--------+--------+
|           |  Delay |   FF   |   LUT  |
+-----------+--------+--------+--------+
|  Function |    -   |    0   |   138  |
|   Memory  |    -   |    -   |    -   |
|Multiplexer|    3   |    -   |    9   |
|  Register |    -   |   617  |    -   |
+-----------+--------+--------+--------+
|   Total   |    3   |   617  |   147  |
+-----------+--------+--------+--------+
