#-----------------------------------------------------------
# Vivado v2022.1 (64-bit)
# SW Build 3526262 on Mon Apr 18 15:47:01 MDT 2022
# IP Build 3524634 on Mon Apr 18 20:55:01 MDT 2022
# Start of session at: Fri Oct 14 18:02:28 2022
# Process ID: 253060
# Current directory: /home/francesco/workspace/detector_solid/solution2/impl/ip
# Command line: vivado -notrace -mode batch -source run_ippack.tcl
# Log file: /home/francesco/workspace/detector_solid/solution2/impl/ip/vivado.log
# Journal file: /home/francesco/workspace/detector_solid/solution2/impl/ip/vivado.jou
# Running On: francesco-OptiPlex-5090, OS: Linux, CPU Frequency: 3200.000 MHz, CPU Physical cores: 6, Host memory: 16497 MB
#-----------------------------------------------------------
source run_ippack.tcl -notrace
INFO: [IP_Flow 19-234] Refreshing IP repositories
INFO: [IP_Flow 19-1704] No user IP repositories specified
INFO: [IP_Flow 19-2313] Loaded Vivado IP repository '/home/francesco/tools/Xilinx/Vivado/2022.1/data/ip'.
WARNING: [IP_Flow 19-4832] The IP name 'run_fadd_32ns_32ns_32_4_full_dsp_1_ip' you have specified is long. The Windows operating system has path length limitations. It is recommended you use shorter names to reduce the likelihood of issues.
INFO: [IP_Flow 19-1686] Generating 'Synthesis' target for IP 'run_fadd_32ns_32ns_32_4_full_dsp_1_ip'...
INFO: [IP_Flow 19-1686] Generating 'Simulation' target for IP 'run_fadd_32ns_32ns_32_4_full_dsp_1_ip'...
WARNING: [IP_Flow 19-4832] The IP name 'run_faddfsub_32ns_32ns_32_4_full_dsp_1_ip' you have specified is long. The Windows operating system has path length limitations. It is recommended you use shorter names to reduce the likelihood of issues.
INFO: [IP_Flow 19-1686] Generating 'Synthesis' target for IP 'run_faddfsub_32ns_32ns_32_4_full_dsp_1_ip'...
INFO: [IP_Flow 19-1686] Generating 'Simulation' target for IP 'run_faddfsub_32ns_32ns_32_4_full_dsp_1_ip'...
WARNING: [IP_Flow 19-4832] The IP name 'run_fcmp_32ns_32ns_1_2_no_dsp_1_ip' you have specified is long. The Windows operating system has path length limitations. It is recommended you use shorter names to reduce the likelihood of issues.
INFO: [IP_Flow 19-1686] Generating 'Synthesis' target for IP 'run_fcmp_32ns_32ns_1_2_no_dsp_1_ip'...
INFO: [IP_Flow 19-1686] Generating 'Simulation' target for IP 'run_fcmp_32ns_32ns_1_2_no_dsp_1_ip'...
WARNING: [IP_Flow 19-4832] The IP name 'run_fmul_32ns_32ns_32_2_max_dsp_1_ip' you have specified is long. The Windows operating system has path length limitations. It is recommended you use shorter names to reduce the likelihood of issues.
INFO: [IP_Flow 19-1686] Generating 'Synthesis' target for IP 'run_fmul_32ns_32ns_32_2_max_dsp_1_ip'...
INFO: [IP_Flow 19-1686] Generating 'Simulation' target for IP 'run_fmul_32ns_32ns_32_2_max_dsp_1_ip'...
WARNING: [IP_Flow 19-4832] The IP name 'run_fsub_32ns_32ns_32_4_full_dsp_1_ip' you have specified is long. The Windows operating system has path length limitations. It is recommended you use shorter names to reduce the likelihood of issues.
INFO: [IP_Flow 19-1686] Generating 'Synthesis' target for IP 'run_fsub_32ns_32ns_32_4_full_dsp_1_ip'...
INFO: [IP_Flow 19-1686] Generating 'Simulation' target for IP 'run_fsub_32ns_32ns_32_4_full_dsp_1_ip'...
INFO: [IP_Flow 19-234] Refreshing IP repositories
INFO: [IP_Flow 19-1704] No user IP repositories specified
INFO: [IP_Flow 19-2313] Loaded Vivado IP repository '/home/francesco/tools/Xilinx/Vivado/2022.1/data/ip'.
INFO: [Common 17-206] Exiting Vivado at Fri Oct 14 18:02:49 2022...
